1
node23
[MpiManager] Sucessfully initialized, numThreads=1
[Directories] Directory ./100case19_mcHardy/ created.
[Directories] Directory ./100case19_mcHardy/imageData/ created.
[Directories] Directory ./100case19_mcHardy/imageData/data/ created.
[Directories] Directory ./100case19_mcHardy/vtkData/ created.
[Directories] Directory ./100case19_mcHardy/vtkData/data/ created.
[Directories] Directory ./100case19_mcHardy/gnuplotData/ created.
[Directories] Directory ./100case19_mcHardy/gnuplotData/data/ created.
[main] case19
[main] omega = .... 1
[main] omega 1
[main] working with direct discretization
[AnisotropyMatrix] Call AnistorpiyMatrix()
[AnisotropyMatrix] Compute anisotropy matrix ...
[AnisotropyMatrix] Terminate after 0 iterations
[main] 1, 1, 1, 1, 1, 1, 1, 1, 1, 1, 1, 1, 1, 1, 1, 1, 1, 1, 1, 1, 1, 1, 1, 1, 1, 1, 
[main] 1, 1, 1, 1, 1, 1, 1, 1, 1, 1, 1, 1, 1, 1, 1, 1, 1, 1, 1, 1, 1, 1, 1, 1, 1, 1, 
[main] 1, 1, 1, 1, 1, 1, 1, 1, 1, 1, 1, 1, 1, 1, 1, 1, 1, 1, 1, 1, 1, 1, 1, 1, 1, 1, 
[main] 1, 1, 1, 1, 1, 1, 1, 1, 1, 1, 1, 1, 1, 1, 1, 1, 1, 1, 1, 1, 1, 1, 1, 1, 1, 1, 
[main] 1, 1, 1, 1, 1, 1, 1, 1, 1, 1, 1, 1, 1, 1, 1, 1, 1, 1, 1, 1, 1, 1, 1, 1, 1, 1, 
[main] 1, 1, 1, 1, 1, 1, 1, 1, 1, 1, 1, 1, 1, 1, 1, 1, 1, 1, 1, 1, 1, 1, 1, 1, 1, 1, 
[main] 1, 1, 1, 1, 1, 1, 1, 1, 1, 1, 1, 1, 1, 1, 1, 1, 1, 1, 1, 1, 1, 1, 1, 1, 1, 1, 
[main] 1, 1, 1, 1, 1, 1, 1, 1, 1, 1, 1, 1, 1, 1, 1, 1, 1, 1, 1, 1, 1, 1, 1, 1, 1, 1, 
[main] 1, 1, 1, 1, 1, 1, 1, 1, 1, 1, 1, 1, 1, 1, 1, 1, 1, 1, 1, 1, 1, 1, 1, 1, 1, 1, 
[main] 1, 1, 1, 1, 1, 1, 1, 1, 1, 1, 1, 1, 1, 1, 1, 1, 1, 1, 1, 1, 1, 1, 1, 1, 1, 1, 
[main] 1, 1, 1, 1, 1, 1, 1, 1, 1, 1, 1, 1, 1, 1, 1, 1, 1, 1, 1, 1, 1, 1, 1, 1, 1, 1, 
[main] 1, 1, 1, 1, 1, 1, 1, 1, 1, 1, 1, 1, 1, 1, 1, 1, 1, 1, 1, 1, 1, 1, 1, 1, 1, 1, 
[main] 1, 1, 1, 1, 1, 1, 1, 1, 1, 1, 1, 1, 1, 1, 1, 1, 1, 1, 1, 1, 1, 1, 1, 1, 1, 1, 
[main] 1, 1, 1, 1, 1, 1, 1, 1, 1, 1, 1, 1, 1, 1, 1, 1, 1, 1, 1, 1, 1, 1, 1, 1, 1, 1, 
[main] 1, 1, 1, 1, 1, 1, 1, 1, 1, 1, 1, 1, 1, 1, 1, 1, 1, 1, 1, 1, 1, 1, 1, 1, 1, 1, 
[main] 1, 1, 1, 1, 1, 1, 1, 1, 1, 1, 1, 1, 1, 1, 1, 1, 1, 1, 1, 1, 1, 1, 1, 1, 1, 1, 
[main] 1, 1, 1, 1, 1, 1, 1, 1, 1, 1, 1, 1, 1, 1, 1, 1, 1, 1, 1, 1, 1, 1, 1, 1, 1, 1, 
[main] 1, 1, 1, 1, 1, 1, 1, 1, 1, 1, 1, 1, 1, 1, 1, 1, 1, 1, 1, 1, 1, 1, 1, 1, 1, 1, 
[main] 1, 1, 1, 1, 1, 1, 1, 1, 1, 1, 1, 1, 1, 1, 1, 1, 1, 1, 1, 1, 1, 1, 1, 1, 1, 1, 
[main] 1, 1, 1, 1, 1, 1, 1, 1, 1, 1, 1, 1, 1, 1, 1, 1, 1, 1, 1, 1, 1, 1, 1, 1, 1, 1, 
[main] 1, 1, 1, 1, 1, 1, 1, 1, 1, 1, 1, 1, 1, 1, 1, 1, 1, 1, 1, 1, 1, 1, 1, 1, 1, 1, 
[main] 1, 1, 1, 1, 1, 1, 1, 1, 1, 1, 1, 1, 1, 1, 1, 1, 1, 1, 1, 1, 1, 1, 1, 1, 1, 1, 
[main] 1, 1, 1, 1, 1, 1, 1, 1, 1, 1, 1, 1, 1, 1, 1, 1, 1, 1, 1, 1, 1, 1, 1, 1, 1, 1, 
[main] 1, 1, 1, 1, 1, 1, 1, 1, 1, 1, 1, 1, 1, 1, 1, 1, 1, 1, 1, 1, 1, 1, 1, 1, 1, 1, 
[main] 1, 1, 1, 1, 1, 1, 1, 1, 1, 1, 1, 1, 1, 1, 1, 1, 1, 1, 1, 1, 1, 1, 1, 1, 1, 1, 
[main] 1, 1, 1, 1, 1, 1, 1, 1, 1, 1, 1, 1, 1, 1, 1, 1, 1, 1, 1, 1, 1, 1, 1, 1, 1, 1, 
[RadiativeUnitConverter] ----------------- UnitConverter information -----------------
[RadiativeUnitConverter] -- Parameters:
[RadiativeUnitConverter] Resolution:                       N=              100
[RadiativeUnitConverter] Lattice relaxation frequency:     omega=          1
[RadiativeUnitConverter] Lattice relaxation time:          tau=            1
[RadiativeUnitConverter] Characteristical length(m):       charL=          1
[RadiativeUnitConverter] Phys. density(kg/m^d):            charRho=        1
[RadiativeUnitConverter] Phys. absorption(1/m):            mu_a=           0.8
[RadiativeUnitConverter] Phys. scattering(1/m):            mu_s=           7.2
[RadiativeUnitConverter] Extinction(1/m):                  mu_t=           8
[RadiativeUnitConverter] Effective attenuation(1/m):       mu_eff=         4.38178
[RadiativeUnitConverter] Phys. diffusion(m):               D=              0.0416667
[RadiativeUnitConverter] Single scattering albedo:         albedo=         0.9
[RadiativeUnitConverter] Anisotropy factor:                g=              0
[RadiativeUnitConverter] 
[RadiativeUnitConverter] Lattice diffusion:                D^*=            4.16667
[RadiativeUnitConverter] Lattice absorption:               absorption=     0.008
[RadiativeUnitConverter] Lattice scattering:               scattering=     0.072
[RadiativeUnitConverter] Lattice sink:                     sink=           0.00024
[RadiativeUnitConverter] C_R: 1
[RadiativeUnitConverter] r_F: 1.88679
[RadiativeUnitConverter] 
[RadiativeUnitConverter] -- Conversion factors:
[RadiativeUnitConverter] Voxel length(m):                  physDeltaX=     0.01
[RadiativeUnitConverter] Time step(s):                     physDeltaT=     1.66667e-05
[RadiativeUnitConverter] Density factor(kg/m^3):           physDensity=    1
[RadiativeUnitConverter] -------------------------------------------------------------
[prepareGeometryCube] Prepare cubeGeometry ...
[SuperGeometry3D] cleaned 0 outer boundary voxel(s)
[SuperGeometry3D] cleaned 0 inner boundary voxel(s)
[SuperGeometry3D] the model is correct!
[CuboidGeometry3D] ---Cuboid Stucture Statistics---
[CuboidGeometry3D]  Number of Cuboids: 	2
[CuboidGeometry3D]  Delta  (min): 		0.01
[CuboidGeometry3D]         (max): 		0.01
[CuboidGeometry3D]  Ratio  (min): 		0.49505
[CuboidGeometry3D]         (max): 		2.02
[CuboidGeometry3D]  Nodes  (min): 		510050
[CuboidGeometry3D]         (max): 		520251
[CuboidGeometry3D]  Weight (min): 		510050
[CuboidGeometry3D]         (max): 		520251
[CuboidGeometry3D] --------------------------------
[SuperGeometryStatistics3D] materialNumber=1; count=970299; minPhysR=(0.01,-0.49,-0.49); maxPhysR=(0.99,0.49,0.49)
[SuperGeometryStatistics3D] materialNumber=2; count=59561; minPhysR=(0,-0.5,-0.5); maxPhysR=(1,0.5,0.5)
[SuperGeometryStatistics3D] materialNumber=3; count=441; minPhysR=(0,-0.1,-0.1); maxPhysR=(0,0.1,0.1)
[prepareGeometryCube] Prepare cubeGeometry ... OK
[prepareLattice] Prepare Lattice ...
[prepareLattice] Prepare Lattice ... OK
[main] iT convergence criteria: 160
[LatticeStatistics] step=0; t=0; uMax=0; avEnergy=0; avRho=1
[Timer] step=0; percent=0; passedTime=0; remTime=0.001; MLUPs=0
[Timer] step=0; percent=0; passedTime=0; remTime=0.001; MLUPs=0
[LatticeStatistics] step=20; t=0.000333333; uMax=0; avEnergy=0; avRho=0.00816514
[Timer] step=20; percent=0.00277778; passedTime=44.834; remTime=1.61398e+06; MLUPs=0.459607
[Timer] step=20; percent=0.00277778; passedTime=44.834; remTime=1.61398e+06; MLUPs=0.459607
[LatticeStatistics] step=40; t=0.000666667; uMax=0; avEnergy=0; avRho=0.0147699
[Timer] step=40; percent=0.00555556; passedTime=89.063; remTime=1.60304e+06; MLUPs=0.465894
[Timer] step=40; percent=0.00555556; passedTime=89.063; remTime=1.60304e+06; MLUPs=0.465894
[LatticeStatistics] step=60; t=0.001; uMax=0; avEnergy=0; avRho=0.0194921
[Timer] step=60; percent=0.00833333; passedTime=133.196; remTime=1.59822e+06; MLUPs=0.466907
[Timer] step=60; percent=0.00833333; passedTime=133.196; remTime=1.59822e+06; MLUPs=0.466907
[LatticeStatistics] step=80; t=0.00133333; uMax=0; avEnergy=0; avRho=0.0226862
[Timer] step=80; percent=0.0111111; passedTime=177.338; remTime=1.59586e+06; MLUPs=0.466823
[Timer] step=80; percent=0.0111111; passedTime=177.338; remTime=1.59586e+06; MLUPs=0.466823
[LatticeStatistics] step=100; t=0.00166667; uMax=0; avEnergy=0; avRho=0.0247872
[Timer] step=100; percent=0.0138889; passedTime=221.506; remTime=1.59462e+06; MLUPs=0.466548
[Timer] step=100; percent=0.0138889; passedTime=221.506; remTime=1.59462e+06; MLUPs=0.466548
[LatticeStatistics] step=120; t=0.002; uMax=0; avEnergy=0; avRho=0.0261333
[Timer] step=120; percent=0.0166667; passedTime=265.644; remTime=1.5936e+06; MLUPs=0.466854
[Timer] step=120; percent=0.0166667; passedTime=265.644; remTime=1.5936e+06; MLUPs=0.466854
[LatticeStatistics] step=140; t=0.00233333; uMax=0; avEnergy=0; avRho=0.0269873
[Timer] step=140; percent=0.0194444; passedTime=309.825; remTime=1.59308e+06; MLUPs=0.4664
[Timer] step=140; percent=0.0194444; passedTime=309.825; remTime=1.59308e+06; MLUPs=0.4664
[LatticeStatistics] step=160; t=0.00266667; uMax=0; avEnergy=0; avRho=0.0275253
[Timer] step=160; percent=0.0222222; passedTime=353.996; remTime=1.59263e+06; MLUPs=0.466506
[Timer] step=160; percent=0.0222222; passedTime=353.996; remTime=1.59263e+06; MLUPs=0.466506
[ValueTracer] average=0.0197488; stdDev/average=0.393532
[LatticeStatistics] step=180; t=0.003; uMax=0; avEnergy=0; avRho=0.0278632
[Timer] step=180; percent=0.025; passedTime=398.124; remTime=1.5921e+06; MLUPs=0.46696
[Timer] step=180; percent=0.025; passedTime=398.124; remTime=1.5921e+06; MLUPs=0.46696
[LatticeStatistics] step=200; t=0.00333333; uMax=0; avEnergy=0; avRho=0.028075
[Timer] step=200; percent=0.0277778; passedTime=442.356; remTime=1.59204e+06; MLUPs=0.465873
[Timer] step=200; percent=0.0277778; passedTime=442.356; remTime=1.59204e+06; MLUPs=0.465873
[LatticeStatistics] step=220; t=0.00366667; uMax=0; avEnergy=0; avRho=0.0282077
[Timer] step=220; percent=0.0305556; passedTime=486.455; remTime=1.59155e+06; MLUPs=0.467267
[Timer] step=220; percent=0.0305556; passedTime=486.455; remTime=1.59155e+06; MLUPs=0.467267
[LatticeStatistics] step=240; t=0.004; uMax=0; avEnergy=0; avRho=0.0282908
[Timer] step=240; percent=0.0333333; passedTime=530.629; remTime=1.59136e+06; MLUPs=0.466485
[Timer] step=240; percent=0.0333333; passedTime=530.629; remTime=1.59136e+06; MLUPs=0.466485
[LatticeStatistics] step=260; t=0.00433333; uMax=0; avEnergy=0; avRho=0.0283428
[Timer] step=260; percent=0.0361111; passedTime=574.714; remTime=1.59094e+06; MLUPs=0.467416
[Timer] step=260; percent=0.0361111; passedTime=574.714; remTime=1.59094e+06; MLUPs=0.467416
[LatticeStatistics] step=280; t=0.00466667; uMax=0; avEnergy=0; avRho=0.0283754
[Timer] step=280; percent=0.0388889; passedTime=618.87; remTime=1.59076e+06; MLUPs=0.466675
[Timer] step=280; percent=0.0388889; passedTime=618.87; remTime=1.59076e+06; MLUPs=0.466675
[LatticeStatistics] step=300; t=0.005; uMax=0; avEnergy=0; avRho=0.0283957
[Timer] step=300; percent=0.0416667; passedTime=662.976; remTime=1.59048e+06; MLUPs=0.467204
[Timer] step=300; percent=0.0416667; passedTime=662.976; remTime=1.59048e+06; MLUPs=0.467204
[LatticeStatistics] step=320; t=0.00533333; uMax=0; avEnergy=0; avRho=0.0284085
[Timer] step=320; percent=0.0444444; passedTime=707.207; remTime=1.59051e+06; MLUPs=0.465862
[Timer] step=320; percent=0.0444444; passedTime=707.207; remTime=1.59051e+06; MLUPs=0.465862
[ValueTracer] average=0.0281967; stdDev/average=0.008141
[LatticeStatistics] step=340; t=0.00566667; uMax=0; avEnergy=0; avRho=0.0284165
[Timer] step=340; percent=0.0472222; passedTime=751.328; remTime=1.5903e+06; MLUPs=0.467034
[Timer] step=340; percent=0.0472222; passedTime=751.328; remTime=1.5903e+06; MLUPs=0.467034
[LatticeStatistics] step=360; t=0.006; uMax=0; avEnergy=0; avRho=0.0284215
[Timer] step=360; percent=0.05; passedTime=795.494; remTime=1.59019e+06; MLUPs=0.466558
[Timer] step=360; percent=0.05; passedTime=795.494; remTime=1.59019e+06; MLUPs=0.466558
[LatticeStatistics] step=380; t=0.00633333; uMax=0; avEnergy=0; avRho=0.0284246
[Timer] step=380; percent=0.0527778; passedTime=839.537; remTime=1.58986e+06; MLUPs=0.467861
[Timer] step=380; percent=0.0527778; passedTime=839.537; remTime=1.58986e+06; MLUPs=0.467861
[LatticeStatistics] step=400; t=0.00666667; uMax=0; avEnergy=0; avRho=0.0284266
[Timer] step=400; percent=0.0555556; passedTime=883.71; remTime=1.58979e+06; MLUPs=0.466495
[Timer] step=400; percent=0.0555556; passedTime=883.71; remTime=1.58979e+06; MLUPs=0.466495
[LatticeStatistics] step=420; t=0.007; uMax=0; avEnergy=0; avRho=0.0284278
[Timer] step=420; percent=0.0583333; passedTime=927.834; remTime=1.58964e+06; MLUPs=0.467003
[Timer] step=420; percent=0.0583333; passedTime=927.834; remTime=1.58964e+06; MLUPs=0.467003
[LatticeStatistics] step=440; t=0.00733333; uMax=0; avEnergy=0; avRho=0.0284285
[Timer] step=440; percent=0.0611111; passedTime=972.043; remTime=1.58964e+06; MLUPs=0.466094
[Timer] step=440; percent=0.0611111; passedTime=972.043; remTime=1.58964e+06; MLUPs=0.466094
[LatticeStatistics] step=460; t=0.00766667; uMax=0; avEnergy=0; avRho=0.028429
[Timer] step=460; percent=0.0638889; passedTime=1016.15; remTime=1.58949e+06; MLUPs=0.467151
[Timer] step=460; percent=0.0638889; passedTime=1016.15; remTime=1.58949e+06; MLUPs=0.467151
[LatticeStatistics] step=480; t=0.008; uMax=0; avEnergy=0; avRho=0.0284293
[Timer] step=480; percent=0.0666667; passedTime=1060.31; remTime=1.5894e+06; MLUPs=0.466717
[Timer] step=480; percent=0.0666667; passedTime=1060.31; remTime=1.5894e+06; MLUPs=0.466717
[ValueTracer] average=0.0284243; stdDev/average=0.000190275
[LatticeStatistics] step=500; t=0.00833333; uMax=0; avEnergy=0; avRho=0.0284295
[Timer] step=500; percent=0.0694444; passedTime=1104.45; remTime=1.5893e+06; MLUPs=0.466802
[Timer] step=500; percent=0.0694444; passedTime=1104.45; remTime=1.5893e+06; MLUPs=0.466802
[LatticeStatistics] step=520; t=0.00866667; uMax=0; avEnergy=0; avRho=0.0284296
[Timer] step=520; percent=0.0722222; passedTime=1148.55; remTime=1.58914e+06; MLUPs=0.467299
[Timer] step=520; percent=0.0722222; passedTime=1148.55; remTime=1.58914e+06; MLUPs=0.467299
[LatticeStatistics] step=540; t=0.009; uMax=0; avEnergy=0; avRho=0.0284297
[Timer] step=540; percent=0.075; passedTime=1192.68; remTime=1.58904e+06; MLUPs=0.466918
[Timer] step=540; percent=0.075; passedTime=1192.68; remTime=1.58904e+06; MLUPs=0.466918
[LatticeStatistics] step=560; t=0.00933333; uMax=0; avEnergy=0; avRho=0.0284297
[Timer] step=560; percent=0.0777778; passedTime=1236.95; remTime=1.58913e+06; MLUPs=0.465452
[Timer] step=560; percent=0.0777778; passedTime=1236.95; remTime=1.58913e+06; MLUPs=0.465452
[LatticeStatistics] step=580; t=0.00966667; uMax=0; avEnergy=0; avRho=0.0284298
[Timer] step=580; percent=0.0805556; passedTime=1281.08; remTime=1.58902e+06; MLUPs=0.466971
[Timer] step=580; percent=0.0805556; passedTime=1281.08; remTime=1.58902e+06; MLUPs=0.466971
[LatticeStatistics] step=600; t=0.01; uMax=0; avEnergy=0; avRho=0.0284298
[Timer] step=600; percent=0.0833333; passedTime=1325.14; remTime=1.58884e+06; MLUPs=0.467681
[Timer] step=600; percent=0.0833333; passedTime=1325.14; remTime=1.58884e+06; MLUPs=0.467681
[LatticeStatistics] step=620; t=0.0103333; uMax=0; avEnergy=0; avRho=0.0284298
[Timer] step=620; percent=0.0861111; passedTime=1369.29; remTime=1.58878e+06; MLUPs=0.466685
[Timer] step=620; percent=0.0861111; passedTime=1369.29; remTime=1.58878e+06; MLUPs=0.466685
[LatticeStatistics] step=640; t=0.0106667; uMax=0; avEnergy=0; avRho=0.0284298
[Timer] step=640; percent=0.0888889; passedTime=1413.43; remTime=1.58869e+06; MLUPs=0.466865
[Timer] step=640; percent=0.0888889; passedTime=1413.43; remTime=1.58869e+06; MLUPs=0.466865
[ValueTracer] average=0.0284297; stdDev/average=4.47465e-06
[LatticeStatistics] step=660; t=0.011; uMax=0; avEnergy=0; avRho=0.0284298
[Timer] step=660; percent=0.0916667; passedTime=1457.54; remTime=1.58859e+06; MLUPs=0.467119
[Timer] step=660; percent=0.0916667; passedTime=1457.54; remTime=1.58859e+06; MLUPs=0.467119
[LatticeStatistics] step=680; t=0.0113333; uMax=0; avEnergy=0; avRho=0.0284298
[Timer] step=680; percent=0.0944444; passedTime=1501.72; remTime=1.58856e+06; MLUPs=0.466411
[Timer] step=680; percent=0.0944444; passedTime=1501.72; remTime=1.58856e+06; MLUPs=0.466411
[LatticeStatistics] step=700; t=0.0116667; uMax=0; avEnergy=0; avRho=0.0284298
[Timer] step=700; percent=0.0972222; passedTime=1545.92; remTime=1.58855e+06; MLUPs=0.46621
[Timer] step=700; percent=0.0972222; passedTime=1545.92; remTime=1.58855e+06; MLUPs=0.46621
[LatticeStatistics] step=720; t=0.012; uMax=0; avEnergy=0; avRho=0.0284298
[Timer] step=720; percent=0.1; passedTime=1590.04; remTime=1.58845e+06; MLUPs=0.467024
[Timer] step=720; percent=0.1; passedTime=1590.04; remTime=1.58845e+06; MLUPs=0.467024
[LatticeStatistics] step=740; t=0.0123333; uMax=0; avEnergy=0; avRho=0.0284298
[Timer] step=740; percent=0.102778; passedTime=1634.15; remTime=1.58835e+06; MLUPs=0.467172
[Timer] step=740; percent=0.102778; passedTime=1634.15; remTime=1.58835e+06; MLUPs=0.467172
[LatticeStatistics] step=760; t=0.0126667; uMax=0; avEnergy=0; avRho=0.0284298
[Timer] step=760; percent=0.105556; passedTime=1678.19; remTime=1.58818e+06; MLUPs=0.467936
[Timer] step=760; percent=0.105556; passedTime=1678.19; remTime=1.58818e+06; MLUPs=0.467936
[LatticeStatistics] step=780; t=0.013; uMax=0; avEnergy=0; avRho=0.0284298
[Timer] step=780; percent=0.108333; passedTime=1722.33; remTime=1.58812e+06; MLUPs=0.466812
[Timer] step=780; percent=0.108333; passedTime=1722.33; remTime=1.58812e+06; MLUPs=0.466812
[LatticeStatistics] step=800; t=0.0133333; uMax=0; avEnergy=0; avRho=0.0284298
[Timer] step=800; percent=0.111111; passedTime=1766.54; remTime=1.58812e+06; MLUPs=0.466105
[Timer] step=800; percent=0.111111; passedTime=1766.54; remTime=1.58812e+06; MLUPs=0.466105
[ValueTracer] average=0.0284298; stdDev/average=1.05248e-07
[LatticeStatistics] step=820; t=0.0136667; uMax=0; avEnergy=0; avRho=0.0284298
[Timer] step=820; percent=0.113889; passedTime=1810.65; remTime=1.58803e+06; MLUPs=0.46714
[Timer] step=820; percent=0.113889; passedTime=1810.65; remTime=1.58803e+06; MLUPs=0.46714
[LatticeStatistics] step=840; t=0.014; uMax=0; avEnergy=0; avRho=0.0284298
[Timer] step=840; percent=0.116667; passedTime=1854.74; remTime=1.58792e+06; MLUPs=0.467416
[Timer] step=840; percent=0.116667; passedTime=1854.74; remTime=1.58792e+06; MLUPs=0.467416
[LatticeStatistics] step=860; t=0.0143333; uMax=0; avEnergy=0; avRho=0.0284298
[Timer] step=860; percent=0.119444; passedTime=1898.84; remTime=1.58783e+06; MLUPs=0.467204
[Timer] step=860; percent=0.119444; passedTime=1898.84; remTime=1.58783e+06; MLUPs=0.467204
[LatticeStatistics] step=880; t=0.0146667; uMax=0; avEnergy=0; avRho=0.0284298
[Timer] step=880; percent=0.122222; passedTime=1942.97; remTime=1.58776e+06; MLUPs=0.466981
[Timer] step=880; percent=0.122222; passedTime=1942.97; remTime=1.58776e+06; MLUPs=0.466981
[LatticeStatistics] step=900; t=0.015; uMax=0; avEnergy=0; avRho=0.0284298
[Timer] step=900; percent=0.125; passedTime=1987.12; remTime=1.58771e+06; MLUPs=0.466759
[Timer] step=900; percent=0.125; passedTime=1987.12; remTime=1.58771e+06; MLUPs=0.466759
[main] Simulation converged. -- 901
[main] ------901
[main] Simulation converged. -- 901
[main] ./100case19_mcHardy/100case19.csv
0.000, 1.000000e+00, 0.000000e+00, 0.000000e+00, 0.000000e+00, 0.000000e+00, 0.000000e+00
0.010, 1.581877e+00, 5.577259e-02, 2.070862e-02, 7.150786e-01, 0.000000e+00, 0.000000e+00
0.020, 1.537306e+00, 5.736886e-02, 2.142304e-02, 7.018225e-01, -6.938894e-18, -6.938894e-18
0.030, 1.490468e+00, 5.867649e-02, 2.202922e-02, 6.867885e-01, -3.469447e-18, 3.469447e-18
0.040, 1.441589e+00, 5.978688e-02, 2.253537e-02, 6.704459e-01, 0.000000e+00, 6.938894e-18
0.050, 1.391351e+00, 6.068967e-02, 2.295393e-02, 6.528089e-01, 3.469447e-18, 0.000000e+00
0.060, 1.339899e+00, 6.146007e-02, 2.329043e-02, 6.342962e-01, 0.000000e+00, 1.040834e-17
0.070, 1.287851e+00, 6.207555e-02, 2.355527e-02, 6.148920e-01, -3.469447e-18, 6.938894e-18
0.080, 1.235273e+00, 6.257199e-02, 2.375263e-02, 5.949669e-01, -1.040834e-17, 1.734723e-17
0.090, 1.182720e+00, 6.293083e-02, 2.389131e-02, 5.744776e-01, 3.469447e-18, 6.938894e-18
0.100, 1.130189e+00, 6.318122e-02, 2.397825e-02, 5.537546e-01, -2.081668e-17, -1.387779e-17
0.110, 1.078177e+00, 6.330332e-02, 2.402111e-02, 5.327308e-01, -3.469447e-18, 0.000000e+00
0.120, 1.015008e+00, 6.298565e-02, 2.390233e-02, 5.007462e-01, 2.428613e-17, -3.469447e-18
0.130, 9.550217e-01, 6.259657e-02, 2.375274e-02, 4.704646e-01, -3.469447e-18, 3.469447e-18
0.140, 8.979104e-01, 6.213921e-02, 2.357232e-02, 4.416469e-01, 3.469447e-18, 6.938894e-18
0.150, 8.438783e-01, 6.159413e-02, 2.337691e-02, 4.144580e-01, -3.469447e-18, -2.081668e-17
0.160, 7.926232e-01, 6.222554e-02, 2.316354e-02, 3.886772e-01, -1.387779e-17, -3.469447e-18
0.170, 7.442620e-01, 6.256297e-02, 2.293751e-02, 3.644132e-01, 1.387779e-17, -3.469447e-18
0.180, 6.985131e-01, 6.265077e-02, 2.269947e-02, 3.414688e-01, -6.938894e-18, -3.469447e-18
0.190, 6.554347e-01, 6.249336e-02, 2.245625e-02, 3.199139e-01, 0.000000e+00, -3.469447e-18
0.200, 6.147707e-01, 6.213040e-02, 2.220277e-02, 2.995752e-01, -3.469447e-18, 1.040834e-17
0.210, 5.765401e-01, 6.157450e-02, 2.193818e-02, 2.804950e-01, -6.938894e-18, 0.000000e+00
0.220, 5.405137e-01, 6.085359e-02, 2.166133e-02, 2.625225e-01, -1.387779e-17, 0.000000e+00
0.230, 5.067097e-01, 5.997999e-02, 2.137633e-02, 2.457009e-01, -3.469447e-18, 3.469447e-18
0.240, 4.749170e-01, 5.897836e-02, 2.108216e-02, 2.298939e-01, -1.387779e-17, 0.000000e+00
0.250, 4.451058e-01, 5.786180e-02, 2.078235e-02, 2.151073e-01, 1.387779e-17, -6.938894e-18
0.260, 4.170924e-01, 5.664742e-02, 2.047585e-02, 2.012248e-01, -2.775558e-17, -1.387779e-17
0.270, 3.908389e-01, 5.533881e-02, 2.016563e-02, 1.882444e-01, 1.387779e-17, 1.040834e-17
0.280, 3.661856e-01, 5.395646e-02, 2.001125e-02, 1.760663e-01, -1.387779e-17, 0.000000e+00
0.290, 3.430903e-01, 5.251043e-02, 1.996963e-02, 1.646834e-01, -6.938894e-18, 6.938894e-18
0.300, 3.214149e-01, 5.101780e-02, 1.987084e-02, 1.540107e-01, -2.081668e-17, 0.000000e+00
0.310, 3.011157e-01, 4.948642e-02, 1.972246e-02, 1.440375e-01, -3.469447e-18, 1.040834e-17
0.320, 2.820731e-01, 4.793060e-02, 1.952525e-02, 1.346913e-01, 0.000000e+00, -6.938894e-18
0.330, 2.642436e-01, 4.635616e-02, 1.928624e-02, 1.259594e-01, -1.734723e-17, 3.469447e-18
0.340, 2.475299e-01, 4.477503e-02, 1.900678e-02, 1.177859e-01, 3.469447e-17, -6.938894e-18
0.350, 2.318830e-01, 4.319125e-02, 1.869343e-02, 1.101501e-01, 3.469447e-18, -2.081668e-17
0.360, 2.172184e-01, 4.161478e-02, 1.834786e-02, 1.030040e-01, 1.387779e-17, -6.938894e-18
0.370, 2.034907e-01, 3.992807e-02, 1.797597e-02, 9.632827e-02, 0.000000e+00, -6.938894e-18
0.380, 1.906270e-01, 3.828086e-02, 1.757951e-02, 9.008175e-02, -1.387779e-17, 0.000000e+00
0.390, 1.785857e-01, 3.667282e-02, 1.716238e-02, 8.424639e-02, -1.734723e-17, -1.734723e-17
0.400, 1.673034e-01, 3.511002e-02, 1.672547e-02, 7.878691e-02, 0.000000e+00, 6.938894e-18
0.410, 1.567425e-01, 3.359133e-02, 1.627366e-02, 7.368670e-02, 2.775558e-17, -1.925930e-32
0.420, 1.468481e-01, 3.212030e-02, 1.580904e-02, 6.891549e-02, -1.387779e-17, 3.469447e-18
0.430, 1.375861e-01, 3.069612e-02, 1.533590e-02, 6.445812e-02, 0.000000e+00, 0.000000e+00
0.440, 1.289091e-01, 2.932098e-02, 1.485596e-02, 6.028857e-02, 1.387779e-17, 1.387779e-17
0.450, 1.207864e-01, 2.799363e-02, 1.437288e-02, 5.639311e-02, -1.387779e-17, 6.938894e-18
0.460, 1.131769e-01, 2.671526e-02, 1.388786e-02, 5.274939e-02, 1.387779e-17, 6.938894e-18
0.470, 1.060532e-01, 2.548436e-02, 1.340397e-02, 4.934501e-02, 3.469447e-18, -1.040834e-17
0.480, 9.937948e-02, 2.430210e-02, 1.292199e-02, 4.616074e-02, 1.387779e-17, 6.938894e-18
0.490, 9.313136e-02, 2.316657e-02, 1.242819e-02, 4.318543e-02, -2.775558e-17, -6.938894e-18
0.500, 8.727786e-02, 2.207754e-02, 1.192771e-02, 4.040255e-02, 0.000000e+00, 2.775558e-17
0.510, 8.179632e-02, 2.103283e-02, 1.143909e-02, 3.780145e-02, 0.000000e+00, -6.938894e-18
0.520, 7.666085e-02, 2.003216e-02, 1.096278e-02, 3.536865e-02, 1.387779e-17, 2.081668e-17
0.530, 7.185207e-02, 1.907366e-02, 1.049982e-02, 3.309523e-02, 0.000000e+00, 0.000000e+00
0.540, 6.734662e-02, 1.815651e-02, 1.005020e-02, 3.096892e-02, 0.000000e+00, -1.387779e-17
0.550, 6.312730e-02, 1.727892e-02, 9.614667e-03, 2.898177e-02, -1.387779e-17, -2.081668e-17
0.560, 5.917382e-02, 1.643993e-02, 9.192997e-03, 2.712317e-02, 1.387779e-17, 0.000000e+00
0.570, 5.547094e-02, 1.563782e-02, 8.785635e-03, 2.538609e-02, 1.387779e-17, 6.938894e-18
0.580, 5.200104e-02, 1.487158e-02, 8.392243e-03, 2.376137e-02, 1.387779e-17, 6.938894e-18
0.590, 4.875062e-02, 1.413965e-02, 8.013034e-03, 2.224276e-02, -1.232595e-32, -6.162976e-33
0.600, 4.570436e-02, 1.344086e-02, 7.647689e-03, 2.082236e-02, -1.387779e-17, 0.000000e+00
0.610, 4.285034e-02, 1.277376e-02, 7.296310e-03, 1.949464e-02, 0.000000e+00, -6.938894e-18
0.620, 4.017522e-02, 1.213718e-02, 6.958399e-03, 1.825277e-02, 2.775558e-17, 1.387779e-17
0.630, 3.766847e-02, 1.152972e-02, 6.633827e-03, 1.709188e-02, 2.775558e-17, 1.387779e-17
0.640, 3.531848e-02, 1.095029e-02, 6.322064e-03, 1.600605e-02, 0.000000e+00, 6.938894e-18
0.650, 3.311595e-02, 1.039750e-02, 6.022912e-03, 1.499096e-02, 0.000000e+00, -6.938894e-18
0.660, 3.105076e-02, 9.870326e-03, 5.735825e-03, 1.404152e-02, -2.081668e-17, 6.938894e-18
0.670, 2.911472e-02, 9.367599e-03, 5.460575e-03, 1.315392e-02, -1.387779e-17, -6.938894e-18
0.680, 2.729900e-02, 8.888283e-03, 5.196621e-03, 1.232373e-02, 1.387779e-17, -6.938894e-18
0.690, 2.559637e-02, 8.431275e-03, 4.943713e-03, 1.154762e-02, 0.000000e+00, -7.703720e-32
0.700, 2.399912e-02, 7.995602e-03, 4.701336e-03, 1.082175e-02, 0.000000e+00, 6.938894e-18
0.710, 2.250090e-02, 7.580238e-03, 4.469227e-03, 1.014318e-02, 0.000000e+00, -6.938894e-18
0.720, 2.109495e-02, 7.184265e-03, 4.246893e-03, 9.508611e-03, 0.000000e+00, -6.938894e-18
0.730, 1.977569e-02, 6.806733e-03, 4.034134e-03, 8.915435e-03, -1.387779e-17, 0.000000e+00
0.740, 1.853721e-02, 6.446783e-03, 3.830508e-03, 8.360805e-03, 0.000000e+00, 1.387779e-17
0.750, 1.737457e-02, 6.103536e-03, 3.635607e-03, 7.842432e-03, -2.775558e-17, 6.938894e-18
0.760, 1.628261e-02, 5.775954e-03, 3.448993e-03, 7.357858e-03, -1.387779e-17, 6.938894e-18
0.770, 1.525697e-02, 5.463448e-03, 3.270367e-03, 6.905067e-03, -2.775558e-17, -1.387779e-17
0.780, 1.429310e-02, 5.165266e-03, 3.099319e-03, 6.481946e-03, 0.000000e+00, 0.000000e+00
0.790, 1.338719e-02, 4.880656e-03, 2.935554e-03, 6.086719e-03, 0.000000e+00, 6.938894e-18
0.800, 1.253519e-02, 4.608922e-03, 2.778691e-03, 5.717596e-03, 0.000000e+00, 6.938894e-18
0.810, 1.173373e-02, 4.349369e-03, 2.628445e-03, 5.373012e-03, -1.387779e-17, 6.938894e-18
0.820, 1.097924e-02, 4.101349e-03, 2.484467e-03, 5.051429e-03, -3.081488e-31, 6.938894e-18
0.830, 1.026876e-02, 3.864218e-03, 2.346487e-03, 4.751467e-03, 2.775558e-17, 1.387779e-17
0.840, 9.599101e-03, 3.637384e-03, 2.214171e-03, 4.471826e-03, 0.000000e+00, 0.000000e+00
0.850, 8.967655e-03, 3.420245e-03, 2.087254e-03, 4.211289e-03, 1.387779e-17, -6.938894e-18
0.860, 8.371557e-03, 3.213094e-03, 1.965426e-03, 3.968775e-03, -1.387779e-17, 0.000000e+00
0.870, 7.808500e-03, 3.014554e-03, 1.848441e-03, 3.743204e-03, 1.387779e-17, 0.000000e+00
0.880, 7.275882e-03, 2.824115e-03, 1.735506e-03, 3.533698e-03, 0.000000e+00, 0.000000e+00
0.890, 6.771663e-03, 2.641280e-03, 1.626263e-03, 3.339301e-03, 1.387779e-17, 0.000000e+00
0.900, 6.285896e-03, 2.465045e-03, 1.520656e-03, 3.165980e-03, -1.387779e-17, -6.938894e-18
0.910, 5.824063e-03, 2.295453e-03, 1.418728e-03, 3.006274e-03, -1.387779e-17, 0.000000e+00
0.920, 5.384086e-03, 2.132067e-03, 1.320219e-03, 2.859353e-03, 0.000000e+00, 1.387779e-17
0.930, 4.964359e-03, 1.974445e-03, 1.224894e-03, 2.724698e-03, -2.775558e-17, -6.938894e-18
0.940, 4.563017e-03, 1.822180e-03, 1.132505e-03, 2.601573e-03, -1.387779e-17, -1.387779e-17
0.950, 4.178641e-03, 1.674857e-03, 1.042835e-03, 2.489544e-03, 0.000000e+00, 6.938894e-18
0.960, 3.809565e-03, 1.532100e-03, 9.556499e-04, 2.387950e-03, 0.000000e+00, -1.387779e-17
0.970, 3.454552e-03, 1.393477e-03, 8.707405e-04, 2.296425e-03, 2.775558e-17, 1.387779e-17
0.980, 3.112129e-03, 1.258635e-03, 7.878856e-04, 2.214359e-03, -1.387779e-17, -1.387779e-17
0.990, 2.781239e-03, 1.127155e-03, 7.068851e-04, 2.141431e-03, 0.000000e+00, 0.000000e+00
1.000, 0.000000e+00, 0.000000e+00, 0.000000e+00, 0.000000e+00, 0.000000e+00, 0.000000e+00
[Timer] 
[Timer] ----------------Summary:Timer----------------
[Timer] measured time (rt) : 1990.882s
[Timer] measured time (cpu): 1990.000s
[Timer] average MLUPs :       0.466
[Timer] average MLUPps:       0.466
[Timer] ---------------------------------------------
