1
node26
[MpiManager] Sucessfully initialized, numThreads=1
[Directories] Directory ./100case29_mcHardy/ created.
[Directories] Directory ./100case29_mcHardy/imageData/ created.
[Directories] Directory ./100case29_mcHardy/imageData/data/ created.
[Directories] Directory ./100case29_mcHardy/vtkData/ created.
[Directories] Directory ./100case29_mcHardy/vtkData/data/ created.
[Directories] Directory ./100case29_mcHardy/gnuplotData/ created.
[Directories] Directory ./100case29_mcHardy/gnuplotData/data/ created.
[main] case29
[main] omega = .... 1
[main] omega 1
[main] working with direct discretization
[AnisotropyMatrix] Call AnistorpiyMatrix()
[AnisotropyMatrix] Compute anisotropy matrix ...
[AnisotropyMatrix] Terminate after 0 iterations
[main] 1, 1, 1, 1, 1, 1, 1, 1, 1, 1, 1, 1, 1, 1, 1, 1, 1, 1, 1, 1, 1, 1, 1, 1, 1, 1, 
[main] 1, 1, 1, 1, 1, 1, 1, 1, 1, 1, 1, 1, 1, 1, 1, 1, 1, 1, 1, 1, 1, 1, 1, 1, 1, 1, 
[main] 1, 1, 1, 1, 1, 1, 1, 1, 1, 1, 1, 1, 1, 1, 1, 1, 1, 1, 1, 1, 1, 1, 1, 1, 1, 1, 
[main] 1, 1, 1, 1, 1, 1, 1, 1, 1, 1, 1, 1, 1, 1, 1, 1, 1, 1, 1, 1, 1, 1, 1, 1, 1, 1, 
[main] 1, 1, 1, 1, 1, 1, 1, 1, 1, 1, 1, 1, 1, 1, 1, 1, 1, 1, 1, 1, 1, 1, 1, 1, 1, 1, 
[main] 1, 1, 1, 1, 1, 1, 1, 1, 1, 1, 1, 1, 1, 1, 1, 1, 1, 1, 1, 1, 1, 1, 1, 1, 1, 1, 
[main] 1, 1, 1, 1, 1, 1, 1, 1, 1, 1, 1, 1, 1, 1, 1, 1, 1, 1, 1, 1, 1, 1, 1, 1, 1, 1, 
[main] 1, 1, 1, 1, 1, 1, 1, 1, 1, 1, 1, 1, 1, 1, 1, 1, 1, 1, 1, 1, 1, 1, 1, 1, 1, 1, 
[main] 1, 1, 1, 1, 1, 1, 1, 1, 1, 1, 1, 1, 1, 1, 1, 1, 1, 1, 1, 1, 1, 1, 1, 1, 1, 1, 
[main] 1, 1, 1, 1, 1, 1, 1, 1, 1, 1, 1, 1, 1, 1, 1, 1, 1, 1, 1, 1, 1, 1, 1, 1, 1, 1, 
[main] 1, 1, 1, 1, 1, 1, 1, 1, 1, 1, 1, 1, 1, 1, 1, 1, 1, 1, 1, 1, 1, 1, 1, 1, 1, 1, 
[main] 1, 1, 1, 1, 1, 1, 1, 1, 1, 1, 1, 1, 1, 1, 1, 1, 1, 1, 1, 1, 1, 1, 1, 1, 1, 1, 
[main] 1, 1, 1, 1, 1, 1, 1, 1, 1, 1, 1, 1, 1, 1, 1, 1, 1, 1, 1, 1, 1, 1, 1, 1, 1, 1, 
[main] 1, 1, 1, 1, 1, 1, 1, 1, 1, 1, 1, 1, 1, 1, 1, 1, 1, 1, 1, 1, 1, 1, 1, 1, 1, 1, 
[main] 1, 1, 1, 1, 1, 1, 1, 1, 1, 1, 1, 1, 1, 1, 1, 1, 1, 1, 1, 1, 1, 1, 1, 1, 1, 1, 
[main] 1, 1, 1, 1, 1, 1, 1, 1, 1, 1, 1, 1, 1, 1, 1, 1, 1, 1, 1, 1, 1, 1, 1, 1, 1, 1, 
[main] 1, 1, 1, 1, 1, 1, 1, 1, 1, 1, 1, 1, 1, 1, 1, 1, 1, 1, 1, 1, 1, 1, 1, 1, 1, 1, 
[main] 1, 1, 1, 1, 1, 1, 1, 1, 1, 1, 1, 1, 1, 1, 1, 1, 1, 1, 1, 1, 1, 1, 1, 1, 1, 1, 
[main] 1, 1, 1, 1, 1, 1, 1, 1, 1, 1, 1, 1, 1, 1, 1, 1, 1, 1, 1, 1, 1, 1, 1, 1, 1, 1, 
[main] 1, 1, 1, 1, 1, 1, 1, 1, 1, 1, 1, 1, 1, 1, 1, 1, 1, 1, 1, 1, 1, 1, 1, 1, 1, 1, 
[main] 1, 1, 1, 1, 1, 1, 1, 1, 1, 1, 1, 1, 1, 1, 1, 1, 1, 1, 1, 1, 1, 1, 1, 1, 1, 1, 
[main] 1, 1, 1, 1, 1, 1, 1, 1, 1, 1, 1, 1, 1, 1, 1, 1, 1, 1, 1, 1, 1, 1, 1, 1, 1, 1, 
[main] 1, 1, 1, 1, 1, 1, 1, 1, 1, 1, 1, 1, 1, 1, 1, 1, 1, 1, 1, 1, 1, 1, 1, 1, 1, 1, 
[main] 1, 1, 1, 1, 1, 1, 1, 1, 1, 1, 1, 1, 1, 1, 1, 1, 1, 1, 1, 1, 1, 1, 1, 1, 1, 1, 
[main] 1, 1, 1, 1, 1, 1, 1, 1, 1, 1, 1, 1, 1, 1, 1, 1, 1, 1, 1, 1, 1, 1, 1, 1, 1, 1, 
[main] 1, 1, 1, 1, 1, 1, 1, 1, 1, 1, 1, 1, 1, 1, 1, 1, 1, 1, 1, 1, 1, 1, 1, 1, 1, 1, 
[RadiativeUnitConverter] ----------------- UnitConverter information -----------------
[RadiativeUnitConverter] -- Parameters:
[RadiativeUnitConverter] Resolution:                       N=              100
[RadiativeUnitConverter] Lattice relaxation frequency:     omega=          1
[RadiativeUnitConverter] Lattice relaxation time:          tau=            1
[RadiativeUnitConverter] Characteristical length(m):       charL=          1
[RadiativeUnitConverter] Phys. density(kg/m^d):            charRho=        1
[RadiativeUnitConverter] Phys. absorption(1/m):            mu_a=           2
[RadiativeUnitConverter] Phys. scattering(1/m):            mu_s=           18
[RadiativeUnitConverter] Extinction(1/m):                  mu_t=           20
[RadiativeUnitConverter] Effective attenuation(1/m):       mu_eff=         10.9545
[RadiativeUnitConverter] Phys. diffusion(m):               D=              0.0166667
[RadiativeUnitConverter] Single scattering albedo:         albedo=         0.9
[RadiativeUnitConverter] Anisotropy factor:                g=              0
[RadiativeUnitConverter] 
[RadiativeUnitConverter] Lattice diffusion:                D^*=            1.66667
[RadiativeUnitConverter] Lattice absorption:               absorption=     0.02
[RadiativeUnitConverter] Lattice scattering:               scattering=     0.18
[RadiativeUnitConverter] Lattice sink:                     sink=           0.0015
[RadiativeUnitConverter] C_R: 1
[RadiativeUnitConverter] r_F: 1.73913
[RadiativeUnitConverter] 
[RadiativeUnitConverter] -- Conversion factors:
[RadiativeUnitConverter] Voxel length(m):                  physDeltaX=     0.01
[RadiativeUnitConverter] Time step(s):                     physDeltaT=     1.66667e-05
[RadiativeUnitConverter] Density factor(kg/m^3):           physDensity=    1
[RadiativeUnitConverter] -------------------------------------------------------------
[prepareGeometryCube] Prepare cubeGeometry ...
[SuperGeometry3D] cleaned 0 outer boundary voxel(s)
[SuperGeometry3D] cleaned 0 inner boundary voxel(s)
[SuperGeometry3D] the model is correct!
[CuboidGeometry3D] ---Cuboid Stucture Statistics---
[CuboidGeometry3D]  Number of Cuboids: 	2
[CuboidGeometry3D]  Delta  (min): 		0.01
[CuboidGeometry3D]         (max): 		0.01
[CuboidGeometry3D]  Ratio  (min): 		0.49505
[CuboidGeometry3D]         (max): 		2.02
[CuboidGeometry3D]  Nodes  (min): 		510050
[CuboidGeometry3D]         (max): 		520251
[CuboidGeometry3D]  Weight (min): 		510050
[CuboidGeometry3D]         (max): 		520251
[CuboidGeometry3D] --------------------------------
[SuperGeometryStatistics3D] materialNumber=1; count=970299; minPhysR=(0.01,-0.49,-0.49); maxPhysR=(0.99,0.49,0.49)
[SuperGeometryStatistics3D] materialNumber=2; count=59561; minPhysR=(0,-0.5,-0.5); maxPhysR=(1,0.5,0.5)
[SuperGeometryStatistics3D] materialNumber=3; count=441; minPhysR=(0,-0.1,-0.1); maxPhysR=(0,0.1,0.1)
[prepareGeometryCube] Prepare cubeGeometry ... OK
[prepareLattice] Prepare Lattice ...
[prepareLattice] Prepare Lattice ... OK
[main] iT convergence criteria: 160
[LatticeStatistics] step=0; t=0; uMax=0; avEnergy=0; avRho=1
[Timer] step=0; percent=0; passedTime=0; remTime=0.001; MLUPs=0
[Timer] step=0; percent=0; passedTime=0; remTime=0.001; MLUPs=0
[LatticeStatistics] step=20; t=0.000333333; uMax=0; avEnergy=0; avRho=0.00679662
[Timer] step=20; percent=0.00277778; passedTime=45; remTime=1.61996e+06; MLUPs=0.457912
[Timer] step=20; percent=0.00277778; passedTime=45; remTime=1.61996e+06; MLUPs=0.457912
[LatticeStatistics] step=40; t=0.000666667; uMax=0; avEnergy=0; avRho=0.010158
[Timer] step=40; percent=0.00555556; passedTime=89.195; remTime=1.60542e+06; MLUPs=0.466242
[Timer] step=40; percent=0.00555556; passedTime=89.195; remTime=1.60542e+06; MLUPs=0.466242
[LatticeStatistics] step=60; t=0.001; uMax=0; avEnergy=0; avRho=0.0117694
[Timer] step=60; percent=0.00833333; passedTime=133.464; remTime=1.60143e+06; MLUPs=0.465483
[Timer] step=60; percent=0.00833333; passedTime=133.464; remTime=1.60143e+06; MLUPs=0.465483
[LatticeStatistics] step=80; t=0.00133333; uMax=0; avEnergy=0; avRho=0.0125801
[Timer] step=80; percent=0.0111111; passedTime=177.562; remTime=1.59788e+06; MLUPs=0.467278
[Timer] step=80; percent=0.0111111; passedTime=177.562; remTime=1.59788e+06; MLUPs=0.467278
[LatticeStatistics] step=100; t=0.00166667; uMax=0; avEnergy=0; avRho=0.0129958
[Timer] step=100; percent=0.0138889; passedTime=221.762; remTime=1.59646e+06; MLUPs=0.4662
[Timer] step=100; percent=0.0138889; passedTime=221.762; remTime=1.59646e+06; MLUPs=0.4662
[LatticeStatistics] step=120; t=0.002; uMax=0; avEnergy=0; avRho=0.0132105
[Timer] step=120; percent=0.0166667; passedTime=265.856; remTime=1.59487e+06; MLUPs=0.46732
[Timer] step=120; percent=0.0166667; passedTime=265.856; remTime=1.59487e+06; MLUPs=0.46732
[LatticeStatistics] step=140; t=0.00233333; uMax=0; avEnergy=0; avRho=0.0133217
[Timer] step=140; percent=0.0194444; passedTime=309.958; remTime=1.59376e+06; MLUPs=0.467246
[Timer] step=140; percent=0.0194444; passedTime=309.958; remTime=1.59376e+06; MLUPs=0.467246
[LatticeStatistics] step=160; t=0.00266667; uMax=0; avEnergy=0; avRho=0.0133795
[Timer] step=160; percent=0.0222222; passedTime=353.992; remTime=1.59261e+06; MLUPs=0.467957
[Timer] step=160; percent=0.0222222; passedTime=353.992; remTime=1.59261e+06; MLUPs=0.467957
[ValueTracer] average=0.0110557; stdDev/average=0.291985
[LatticeStatistics] step=180; t=0.003; uMax=0; avEnergy=0; avRho=0.0134095
[Timer] step=180; percent=0.025; passedTime=398.244; remTime=1.59258e+06; MLUPs=0.465652
[Timer] step=180; percent=0.025; passedTime=398.244; remTime=1.59258e+06; MLUPs=0.465652
[LatticeStatistics] step=200; t=0.00333333; uMax=0; avEnergy=0; avRho=0.0134251
[Timer] step=200; percent=0.0277778; passedTime=442.408; remTime=1.59223e+06; MLUPs=0.46658
[Timer] step=200; percent=0.0277778; passedTime=442.408; remTime=1.59223e+06; MLUPs=0.46658
[LatticeStatistics] step=220; t=0.00366667; uMax=0; avEnergy=0; avRho=0.0134332
[Timer] step=220; percent=0.0305556; passedTime=486.507; remTime=1.59172e+06; MLUPs=0.467278
[Timer] step=220; percent=0.0305556; passedTime=486.507; remTime=1.59172e+06; MLUPs=0.467278
[LatticeStatistics] step=240; t=0.004; uMax=0; avEnergy=0; avRho=0.0134375
[Timer] step=240; percent=0.0333333; passedTime=530.622; remTime=1.59134e+06; MLUPs=0.467108
[Timer] step=240; percent=0.0333333; passedTime=530.622; remTime=1.59134e+06; MLUPs=0.467108
[LatticeStatistics] step=260; t=0.00433333; uMax=0; avEnergy=0; avRho=0.0134397
[Timer] step=260; percent=0.0361111; passedTime=574.742; remTime=1.59102e+06; MLUPs=0.467055
[Timer] step=260; percent=0.0361111; passedTime=574.742; remTime=1.59102e+06; MLUPs=0.467055
[LatticeStatistics] step=280; t=0.00466667; uMax=0; avEnergy=0; avRho=0.0134408
[Timer] step=280; percent=0.0388889; passedTime=618.983; remTime=1.59105e+06; MLUPs=0.465768
[Timer] step=280; percent=0.0388889; passedTime=618.983; remTime=1.59105e+06; MLUPs=0.465768
[LatticeStatistics] step=300; t=0.005; uMax=0; avEnergy=0; avRho=0.0134414
[Timer] step=300; percent=0.0416667; passedTime=663.28; remTime=1.59121e+06; MLUPs=0.465179
[Timer] step=300; percent=0.0416667; passedTime=663.28; remTime=1.59121e+06; MLUPs=0.465179
[LatticeStatistics] step=320; t=0.00533333; uMax=0; avEnergy=0; avRho=0.0134417
[Timer] step=320; percent=0.0444444; passedTime=707.639; remTime=1.59148e+06; MLUPs=0.464529
[Timer] step=320; percent=0.0444444; passedTime=707.639; remTime=1.59148e+06; MLUPs=0.464529
[ValueTracer] average=0.0134303; stdDev/average=0.00112081
[LatticeStatistics] step=340; t=0.00566667; uMax=0; avEnergy=0; avRho=0.0134419
[Timer] step=340; percent=0.0472222; passedTime=752; remTime=1.59172e+06; MLUPs=0.464518
[Timer] step=340; percent=0.0472222; passedTime=752; remTime=1.59172e+06; MLUPs=0.464518
[LatticeStatistics] step=360; t=0.006; uMax=0; avEnergy=0; avRho=0.013442
[Timer] step=360; percent=0.05; passedTime=796.359; remTime=1.59192e+06; MLUPs=0.464518
[Timer] step=360; percent=0.05; passedTime=796.359; remTime=1.59192e+06; MLUPs=0.464518
[LatticeStatistics] step=380; t=0.00633333; uMax=0; avEnergy=0; avRho=0.013442
[Timer] step=380; percent=0.0527778; passedTime=840.485; remTime=1.59166e+06; MLUPs=0.466992
[Timer] step=380; percent=0.0527778; passedTime=840.485; remTime=1.59166e+06; MLUPs=0.466992
[LatticeStatistics] step=400; t=0.00666667; uMax=0; avEnergy=0; avRho=0.013442
[Timer] step=400; percent=0.0555556; passedTime=884.635; remTime=1.59146e+06; MLUPs=0.466738
[Timer] step=400; percent=0.0555556; passedTime=884.635; remTime=1.59146e+06; MLUPs=0.466738
[LatticeStatistics] step=420; t=0.007; uMax=0; avEnergy=0; avRho=0.0134421
[Timer] step=420; percent=0.0583333; passedTime=928.881; remTime=1.59144e+06; MLUPs=0.465725
[Timer] step=420; percent=0.0583333; passedTime=928.881; remTime=1.59144e+06; MLUPs=0.465725
[LatticeStatistics] step=440; t=0.00733333; uMax=0; avEnergy=0; avRho=0.0134421
[Timer] step=440; percent=0.0611111; passedTime=973.107; remTime=1.59138e+06; MLUPs=0.465925
[Timer] step=440; percent=0.0611111; passedTime=973.107; remTime=1.59138e+06; MLUPs=0.465925
[LatticeStatistics] step=460; t=0.00766667; uMax=0; avEnergy=0; avRho=0.0134421
[Timer] step=460; percent=0.0638889; passedTime=1017.19; remTime=1.5911e+06; MLUPs=0.467469
[Timer] step=460; percent=0.0638889; passedTime=1017.19; remTime=1.5911e+06; MLUPs=0.467469
[LatticeStatistics] step=480; t=0.008; uMax=0; avEnergy=0; avRho=0.0134421
[Timer] step=480; percent=0.0666667; passedTime=1061.38; remTime=1.591e+06; MLUPs=0.466326
[Timer] step=480; percent=0.0666667; passedTime=1061.38; remTime=1.591e+06; MLUPs=0.466326
[ValueTracer] average=0.013442; stdDev/average=6.08039e-06
[LatticeStatistics] step=500; t=0.00833333; uMax=0; avEnergy=0; avRho=0.0134421
[Timer] step=500; percent=0.0694444; passedTime=1105.57; remTime=1.59091e+06; MLUPs=0.466284
[Timer] step=500; percent=0.0694444; passedTime=1105.57; remTime=1.59091e+06; MLUPs=0.466284
[LatticeStatistics] step=520; t=0.00866667; uMax=0; avEnergy=0; avRho=0.0134421
[Timer] step=520; percent=0.0722222; passedTime=1149.71; remTime=1.59076e+06; MLUPs=0.466812
[Timer] step=520; percent=0.0722222; passedTime=1149.71; remTime=1.59076e+06; MLUPs=0.466812
[LatticeStatistics] step=540; t=0.009; uMax=0; avEnergy=0; avRho=0.0134421
[Timer] step=540; percent=0.075; passedTime=1193.91; remTime=1.59068e+06; MLUPs=0.466242
[Timer] step=540; percent=0.075; passedTime=1193.91; remTime=1.59068e+06; MLUPs=0.466242
[LatticeStatistics] step=560; t=0.00933333; uMax=0; avEnergy=0; avRho=0.0134421
[Timer] step=560; percent=0.0777778; passedTime=1238.06; remTime=1.59056e+06; MLUPs=0.466654
[Timer] step=560; percent=0.0777778; passedTime=1238.06; remTime=1.59056e+06; MLUPs=0.466654
[LatticeStatistics] step=580; t=0.00966667; uMax=0; avEnergy=0; avRho=0.0134421
[Timer] step=580; percent=0.0805556; passedTime=1282.28; remTime=1.59052e+06; MLUPs=0.465999
[Timer] step=580; percent=0.0805556; passedTime=1282.28; remTime=1.59052e+06; MLUPs=0.465999
[LatticeStatistics] step=600; t=0.01; uMax=0; avEnergy=0; avRho=0.0134421
[Timer] step=600; percent=0.0833333; passedTime=1326.4; remTime=1.59035e+06; MLUPs=0.467087
[Timer] step=600; percent=0.0833333; passedTime=1326.4; remTime=1.59035e+06; MLUPs=0.467087
[LatticeStatistics] step=620; t=0.0103333; uMax=0; avEnergy=0; avRho=0.0134421
[Timer] step=620; percent=0.0861111; passedTime=1370.64; remTime=1.59034e+06; MLUPs=0.465789
[Timer] step=620; percent=0.0861111; passedTime=1370.64; remTime=1.59034e+06; MLUPs=0.465789
[LatticeStatistics] step=640; t=0.0106667; uMax=0; avEnergy=0; avRho=0.0134421
[Timer] step=640; percent=0.0888889; passedTime=1414.82; remTime=1.59026e+06; MLUPs=0.466389
[Timer] step=640; percent=0.0888889; passedTime=1414.82; remTime=1.59026e+06; MLUPs=0.466389
[ValueTracer] average=0.0134421; stdDev/average=3.31979e-08
[LatticeStatistics] step=660; t=0.011; uMax=0; avEnergy=0; avRho=0.0134421
[Timer] step=660; percent=0.0916667; passedTime=1459.06; remTime=1.59024e+06; MLUPs=0.46581
[Timer] step=660; percent=0.0916667; passedTime=1459.06; remTime=1.59024e+06; MLUPs=0.46581
[main] Simulation converged. -- 677
[main] ------677
[main] Simulation converged. -- 677
[main] ./100case29_mcHardy/100case29.csv
0.000, 1.000000e+00, 0.000000e+00, 0.000000e+00, 0.000000e+00, 0.000000e+00, 0.000000e+00
0.010, 1.963581e+00, 2.604478e-02, 3.501444e-03, 5.700575e-01, 0.000000e+00, 0.000000e+00
0.020, 1.867900e+00, 2.892897e-02, 4.000061e-03, 5.719987e-01, -1.040834e-17, -3.469447e-18
0.030, 1.753644e+00, 3.114783e-02, 4.415680e-03, 5.597302e-01, -6.938894e-18, 0.000000e+00
0.040, 1.628520e+00, 3.285076e-02, 4.759461e-03, 5.377853e-01, -1.387779e-17, -1.387779e-17
0.050, 1.498885e+00, 3.409030e-02, 5.040259e-03, 5.091678e-01, 6.938894e-18, -6.938894e-18
0.060, 1.368821e+00, 3.495921e-02, 5.264334e-03, 4.765989e-01, -1.734723e-17, 3.469447e-18
0.070, 1.241870e+00, 3.547585e-02, 5.437484e-03, 4.417067e-01, 1.387779e-17, -6.938894e-18
0.080, 1.119875e+00, 3.569975e-02, 5.563978e-03, 4.060965e-01, 0.000000e+00, 1.387779e-17
0.090, 1.004682e+00, 3.564254e-02, 5.648359e-03, 3.705694e-01, 0.000000e+00, -6.938894e-18
0.100, 8.968018e-01, 3.535587e-02, 5.694216e-03, 3.360507e-01, 0.000000e+00, 0.000000e+00
0.110, 7.971009e-01, 3.484608e-02, 5.705411e-03, 3.028543e-01, -1.387779e-17, 2.081668e-17
0.120, 7.003855e-01, 3.410202e-02, 5.679243e-03, 2.664003e-01, -3.469447e-18, 3.469447e-18
0.130, 6.143878e-01, 3.321010e-02, 5.626752e-03, 2.338837e-01, 0.000000e+00, -1.040834e-17
0.140, 5.380011e-01, 3.220985e-02, 5.550524e-03, 2.048179e-01, 6.938894e-18, 1.040834e-17
0.150, 4.706692e-01, 3.110247e-02, 5.454103e-03, 1.791687e-01, -3.469447e-18, 1.040834e-17
0.160, 4.113087e-01, 3.025845e-02, 5.339674e-03, 1.564687e-01, 1.387779e-17, 0.000000e+00
0.170, 3.592462e-01, 2.919557e-02, 5.210002e-03, 1.365576e-01, 1.387779e-17, 1.387779e-17
0.180, 3.135591e-01, 2.798015e-02, 5.067293e-03, 1.190458e-01, 0.000000e+00, -6.938894e-18
0.190, 2.736124e-01, 2.663763e-02, 4.913925e-03, 1.037436e-01, -1.387779e-17, -3.469447e-18
0.200, 2.386617e-01, 2.522055e-02, 4.751490e-03, 9.034143e-02, -1.040834e-17, -6.938894e-18
0.210, 2.081617e-01, 2.375397e-02, 4.581735e-03, 7.865942e-02, 0.000000e+00, 6.938894e-18
0.220, 1.815274e-01, 2.227337e-02, 4.406289e-03, 6.845708e-02, 1.387779e-17, 6.938894e-18
0.230, 1.583154e-01, 2.079734e-02, 4.226767e-03, 5.958195e-02, 2.775558e-17, 6.938894e-18
0.240, 1.380710e-01, 1.934892e-02, 4.044585e-03, 5.184751e-02, 1.387779e-17, 6.938894e-18
0.250, 1.204368e-01, 1.794004e-02, 3.861053e-03, 4.512421e-02, 0.000000e+00, -6.938894e-18
0.260, 1.050655e-01, 1.658429e-02, 3.677386e-03, 3.927105e-02, 0.000000e+00, 0.000000e+00
0.270, 9.167810e-02, 1.528752e-02, 3.494630e-03, 3.418487e-02, 0.000000e+00, 1.387779e-17
0.280, 8.001093e-02, 1.405712e-02, 3.320001e-03, 2.975942e-02, 0.000000e+00, 0.000000e+00
0.290, 6.984853e-02, 1.289571e-02, 3.149844e-03, 2.591405e-02, 0.000000e+00, -6.938894e-18
0.300, 6.099137e-02, 1.180593e-02, 2.978382e-03, 2.256899e-02, 2.775558e-17, 1.387779e-17
0.310, 5.327431e-02, 1.078744e-02, 2.807254e-03, 1.966189e-02, 0.000000e+00, -1.387779e-17
0.320, 4.654668e-02, 9.839941e-03, 2.637865e-03, 1.713295e-02, 0.000000e+00, -6.938894e-18
0.330, 4.068251e-02, 8.961242e-03, 2.471619e-03, 1.493438e-02, -1.387779e-17, 0.000000e+00
0.340, 3.556830e-02, 8.149285e-03, 2.309608e-03, 1.302151e-02, 2.775558e-17, 6.938894e-18
0.350, 3.110806e-02, 7.400881e-03, 2.152818e-03, 1.135773e-02, -1.387779e-17, -1.387779e-17
0.360, 2.721620e-02, 6.713064e-03, 2.001957e-03, 9.909554e-03, 0.000000e+00, 0.000000e+00
0.370, 2.381992e-02, 6.081108e-03, 1.857611e-03, 8.649243e-03, -1.387779e-17, 0.000000e+00
0.380, 2.085469e-02, 5.503311e-03, 1.720149e-03, 7.551704e-03, -1.387779e-17, -6.938894e-18
0.390, 1.826534e-02, 4.975897e-03, 1.589824e-03, 6.595942e-03, 1.387779e-17, 0.000000e+00
0.400, 1.600316e-02, 4.495409e-03, 1.466741e-03, 5.763134e-03, 4.163336e-17, 2.081668e-17
0.410, 1.402636e-02, 4.058250e-03, 1.350940e-03, 5.037417e-03, -1.387779e-17, 0.000000e+00
0.420, 1.229815e-02, 3.661121e-03, 1.242348e-03, 4.404658e-03, -1.387779e-17, 0.000000e+00
0.430, 1.078687e-02, 3.300753e-03, 1.140833e-03, 3.852875e-03, -2.775558e-17, -1.387779e-17
0.440, 9.464714e-03, 2.974147e-03, 1.046193e-03, 3.371444e-03, -1.387779e-17, -6.938894e-18
0.450, 8.307665e-03, 2.678411e-03, 9.581928e-04, 2.951314e-03, 1.387779e-17, 0.000000e+00
0.460, 7.294671e-03, 2.410897e-03, 8.765535e-04, 2.584493e-03, 0.000000e+00, 6.938894e-18
0.470, 6.407521e-03, 2.169101e-03, 8.009809e-04, 2.264137e-03, 2.775558e-17, 1.387779e-17
0.480, 5.630253e-03, 1.950732e-03, 7.311601e-04, 1.984225e-03, -1.387779e-17, -2.081668e-17
0.490, 4.949036e-03, 1.753651e-03, 6.667516e-04, 1.739584e-03, 0.000000e+00, 6.938894e-18
0.500, 4.351756e-03, 1.575905e-03, 6.074470e-04, 1.525669e-03, 0.000000e+00, 0.000000e+00
0.510, 3.827895e-03, 1.415688e-03, 5.529506e-04, 1.338564e-03, -1.387779e-17, 0.000000e+00
0.520, 3.368246e-03, 1.271354e-03, 5.029441e-04, 1.174835e-03, -2.775558e-17, -6.938894e-18
0.530, 2.964800e-03, 1.141393e-03, 4.571196e-04, 1.031517e-03, 0.000000e+00, 0.000000e+00
0.540, 2.610549e-03, 1.024431e-03, 4.151786e-04, 9.060101e-04, 0.000000e+00, 0.000000e+00
0.550, 2.299387e-03, 9.192125e-04, 3.768364e-04, 7.960641e-04, 1.387779e-17, 6.938894e-18
0.560, 2.025971e-03, 8.245986e-04, 3.418212e-04, 6.997091e-04, 0.000000e+00, -6.938894e-18
0.570, 1.785640e-03, 7.395517e-04, 3.098764e-04, 6.152366e-04, 1.387779e-17, 6.938894e-18
0.580, 1.574313e-03, 6.631325e-04, 2.807594e-04, 5.411508e-04, 1.417484e-31, 6.938894e-18
0.590, 1.388428e-03, 5.944879e-04, 2.542431e-04, 4.761523e-04, 0.000000e+00, 6.938894e-18
0.600, 1.224863e-03, 5.328466e-04, 2.301147e-04, 4.191039e-04, 0.000000e+00, 0.000000e+00
0.610, 1.080891e-03, 4.775095e-04, 2.081761e-04, 3.690160e-04, 0.000000e+00, 6.938894e-18
0.620, 9.541205e-04, 4.278457e-04, 1.882426e-04, 3.250225e-04, -1.387779e-17, 0.000000e+00
0.630, 8.424607e-04, 3.832845e-04, 1.701433e-04, 2.863687e-04, 0.000000e+00, -6.938894e-18
0.640, 7.440771e-04, 3.433113e-04, 1.537197e-04, 2.523939e-04, -2.775558e-17, -6.938894e-18
0.650, 6.573637e-04, 3.074613e-04, 1.388256e-04, 2.225218e-04, -2.775558e-17, -1.387779e-17
0.660, 5.809112e-04, 2.753160e-04, 1.253263e-04, 1.962475e-04, -1.387779e-17, -1.387779e-17
0.670, 5.134842e-04, 2.464979e-04, 1.130975e-04, 1.731301e-04, 2.775558e-17, 6.938894e-18
0.680, 4.539985e-04, 2.206671e-04, 1.020252e-04, 1.527834e-04, -1.387779e-17, -1.387779e-17
0.690, 4.015025e-04, 1.975178e-04, 9.200485e-05, 1.348696e-04, 1.540744e-31, -1.387779e-17
0.700, 3.551605e-04, 1.767745e-04, 8.294044e-05, 1.190927e-04, -1.387779e-17, 0.000000e+00
0.710, 3.142385e-04, 1.581898e-04, 7.474419e-05, 1.051936e-04, 0.000000e+00, 0.000000e+00
0.720, 2.780915e-04, 1.415408e-04, 6.733583e-05, 9.294501e-05, 0.000000e+00, 6.938894e-18
0.730, 2.461526e-04, 1.266276e-04, 6.064201e-05, 8.214793e-05, 0.000000e+00, 6.938894e-18
0.740, 2.179230e-04, 1.132702e-04, 5.459581e-05, 7.262768e-05, 1.387779e-17, 0.000000e+00
0.750, 1.929642e-04, 1.013071e-04, 4.913620e-05, 6.423110e-05, 1.387779e-17, 6.938894e-18
0.760, 1.708899e-04, 9.059319e-05, 4.420758e-05, 5.682374e-05, -1.387779e-17, -2.081668e-17
0.770, 1.513604e-04, 8.099818e-05, 3.975933e-05, 5.028764e-05, 0.000000e+00, 0.000000e+00
0.780, 1.340763e-04, 7.240510e-05, 3.574538e-05, 4.451917e-05, 1.387779e-17, 6.938894e-18
0.790, 1.187736e-04, 6.470893e-05, 3.212385e-05, 3.942736e-05, 1.387779e-17, 0.000000e+00
0.800, 1.052200e-04, 5.781542e-05, 2.885668e-05, 3.493225e-05, 0.000000e+00, -6.938894e-18
0.810, 9.321029e-05, 5.163995e-05, 2.590927e-05, 3.096363e-05, -1.387779e-17, 0.000000e+00
0.820, 8.256344e-05, 4.610657e-05, 2.325021e-05, 2.745977e-05, -1.387779e-17, 7.703720e-32
0.830, 7.311965e-05, 4.114708e-05, 2.085098e-05, 2.436643e-05, -1.387779e-17, -6.938894e-18
0.840, 6.473773e-05, 3.670023e-05, 1.868566e-05, 2.163595e-05, 0.000000e+00, 0.000000e+00
0.850, 5.729285e-05, 3.271102e-05, 1.673074e-05, 1.922643e-05, 0.000000e+00, 1.387779e-17
0.860, 5.067451e-05, 2.913000e-05, 1.496486e-05, 1.710110e-05, 1.387779e-17, 0.000000e+00
0.870, 4.478483e-05, 2.591267e-05, 1.336860e-05, 1.522765e-05, 0.000000e+00, 1.387779e-17
0.880, 3.953701e-05, 2.301898e-05, 1.192403e-05, 1.357775e-05, 0.000000e+00, 0.000000e+00
0.890, 3.485391e-05, 2.041284e-05, 1.061493e-05, 1.212657e-05, 0.000000e+00, 6.938894e-18
0.900, 3.066683e-05, 1.806162e-05, 9.426884e-06, 1.085245e-05, 0.000000e+00, 6.938894e-18
0.910, 2.691456e-05, 1.593583e-05, 8.346481e-06, 9.736379e-06, 0.000000e+00, 6.938894e-18
0.920, 2.354230e-05, 1.400868e-05, 7.361425e-06, 8.761858e-06, 1.387779e-17, -6.938894e-18
0.930, 2.050084e-05, 1.225577e-05, 6.460400e-06, 7.914600e-06, 1.387779e-17, 6.938894e-18
0.940, 1.774577e-05, 1.065479e-05, 5.632955e-06, 7.182293e-06, 1.417484e-31, -1.387779e-17
0.950, 1.523683e-05, 9.185180e-06, 4.869364e-06, 6.554420e-06, -1.387779e-17, -2.081668e-17
0.960, 1.293724e-05, 7.827912e-06, 4.160523e-06, 6.022090e-06, 1.387779e-17, 2.081668e-17
0.970, 1.081318e-05, 6.565176e-06, 3.497811e-06, 5.577901e-06, 0.000000e+00, 1.387779e-17
0.980, 8.833257e-06, 5.380149e-06, 2.872985e-06, 5.215816e-06, 0.000000e+00, -6.938894e-18
0.990, 6.968042e-06, 4.256731e-06, 2.278038e-06, 4.931052e-06, -1.387779e-17, 0.000000e+00
1.000, 0.000000e+00, 0.000000e+00, 0.000000e+00, 0.000000e+00, 0.000000e+00, 0.000000e+00
[Timer] 
[Timer] ----------------Summary:Timer----------------
[Timer] measured time (rt) : 1498.21s
[Timer] measured time (cpu): 1497.660s
[Timer] average MLUPs :       0.454
[Timer] average MLUPps:       0.454
[Timer] ---------------------------------------------
