1
node25
[MpiManager] Sucessfully initialized, numThreads=1
[Directories] Directory ./100case13_mcHardy/ created.
[Directories] Directory ./100case13_mcHardy/imageData/ created.
[Directories] Directory ./100case13_mcHardy/imageData/data/ created.
[Directories] Directory ./100case13_mcHardy/vtkData/ created.
[Directories] Directory ./100case13_mcHardy/vtkData/data/ created.
[Directories] Directory ./100case13_mcHardy/gnuplotData/ created.
[Directories] Directory ./100case13_mcHardy/gnuplotData/data/ created.
[main] case13
[main] omega = .... 1
[main] omega 1
[main] working with direct discretization
[AnisotropyMatrix] Call AnistorpiyMatrix()
[AnisotropyMatrix] Compute anisotropy matrix ...
[AnisotropyMatrix] Terminate after 0 iterations
[main] 1, 1, 1, 1, 1, 1, 1, 1, 1, 1, 1, 1, 1, 1, 1, 1, 1, 1, 1, 1, 1, 1, 1, 1, 1, 1, 
[main] 1, 1, 1, 1, 1, 1, 1, 1, 1, 1, 1, 1, 1, 1, 1, 1, 1, 1, 1, 1, 1, 1, 1, 1, 1, 1, 
[main] 1, 1, 1, 1, 1, 1, 1, 1, 1, 1, 1, 1, 1, 1, 1, 1, 1, 1, 1, 1, 1, 1, 1, 1, 1, 1, 
[main] 1, 1, 1, 1, 1, 1, 1, 1, 1, 1, 1, 1, 1, 1, 1, 1, 1, 1, 1, 1, 1, 1, 1, 1, 1, 1, 
[main] 1, 1, 1, 1, 1, 1, 1, 1, 1, 1, 1, 1, 1, 1, 1, 1, 1, 1, 1, 1, 1, 1, 1, 1, 1, 1, 
[main] 1, 1, 1, 1, 1, 1, 1, 1, 1, 1, 1, 1, 1, 1, 1, 1, 1, 1, 1, 1, 1, 1, 1, 1, 1, 1, 
[main] 1, 1, 1, 1, 1, 1, 1, 1, 1, 1, 1, 1, 1, 1, 1, 1, 1, 1, 1, 1, 1, 1, 1, 1, 1, 1, 
[main] 1, 1, 1, 1, 1, 1, 1, 1, 1, 1, 1, 1, 1, 1, 1, 1, 1, 1, 1, 1, 1, 1, 1, 1, 1, 1, 
[main] 1, 1, 1, 1, 1, 1, 1, 1, 1, 1, 1, 1, 1, 1, 1, 1, 1, 1, 1, 1, 1, 1, 1, 1, 1, 1, 
[main] 1, 1, 1, 1, 1, 1, 1, 1, 1, 1, 1, 1, 1, 1, 1, 1, 1, 1, 1, 1, 1, 1, 1, 1, 1, 1, 
[main] 1, 1, 1, 1, 1, 1, 1, 1, 1, 1, 1, 1, 1, 1, 1, 1, 1, 1, 1, 1, 1, 1, 1, 1, 1, 1, 
[main] 1, 1, 1, 1, 1, 1, 1, 1, 1, 1, 1, 1, 1, 1, 1, 1, 1, 1, 1, 1, 1, 1, 1, 1, 1, 1, 
[main] 1, 1, 1, 1, 1, 1, 1, 1, 1, 1, 1, 1, 1, 1, 1, 1, 1, 1, 1, 1, 1, 1, 1, 1, 1, 1, 
[main] 1, 1, 1, 1, 1, 1, 1, 1, 1, 1, 1, 1, 1, 1, 1, 1, 1, 1, 1, 1, 1, 1, 1, 1, 1, 1, 
[main] 1, 1, 1, 1, 1, 1, 1, 1, 1, 1, 1, 1, 1, 1, 1, 1, 1, 1, 1, 1, 1, 1, 1, 1, 1, 1, 
[main] 1, 1, 1, 1, 1, 1, 1, 1, 1, 1, 1, 1, 1, 1, 1, 1, 1, 1, 1, 1, 1, 1, 1, 1, 1, 1, 
[main] 1, 1, 1, 1, 1, 1, 1, 1, 1, 1, 1, 1, 1, 1, 1, 1, 1, 1, 1, 1, 1, 1, 1, 1, 1, 1, 
[main] 1, 1, 1, 1, 1, 1, 1, 1, 1, 1, 1, 1, 1, 1, 1, 1, 1, 1, 1, 1, 1, 1, 1, 1, 1, 1, 
[main] 1, 1, 1, 1, 1, 1, 1, 1, 1, 1, 1, 1, 1, 1, 1, 1, 1, 1, 1, 1, 1, 1, 1, 1, 1, 1, 
[main] 1, 1, 1, 1, 1, 1, 1, 1, 1, 1, 1, 1, 1, 1, 1, 1, 1, 1, 1, 1, 1, 1, 1, 1, 1, 1, 
[main] 1, 1, 1, 1, 1, 1, 1, 1, 1, 1, 1, 1, 1, 1, 1, 1, 1, 1, 1, 1, 1, 1, 1, 1, 1, 1, 
[main] 1, 1, 1, 1, 1, 1, 1, 1, 1, 1, 1, 1, 1, 1, 1, 1, 1, 1, 1, 1, 1, 1, 1, 1, 1, 1, 
[main] 1, 1, 1, 1, 1, 1, 1, 1, 1, 1, 1, 1, 1, 1, 1, 1, 1, 1, 1, 1, 1, 1, 1, 1, 1, 1, 
[main] 1, 1, 1, 1, 1, 1, 1, 1, 1, 1, 1, 1, 1, 1, 1, 1, 1, 1, 1, 1, 1, 1, 1, 1, 1, 1, 
[main] 1, 1, 1, 1, 1, 1, 1, 1, 1, 1, 1, 1, 1, 1, 1, 1, 1, 1, 1, 1, 1, 1, 1, 1, 1, 1, 
[main] 1, 1, 1, 1, 1, 1, 1, 1, 1, 1, 1, 1, 1, 1, 1, 1, 1, 1, 1, 1, 1, 1, 1, 1, 1, 1, 
[RadiativeUnitConverter] ----------------- UnitConverter information -----------------
[RadiativeUnitConverter] -- Parameters:
[RadiativeUnitConverter] Resolution:                       N=              100
[RadiativeUnitConverter] Lattice relaxation frequency:     omega=          1
[RadiativeUnitConverter] Lattice relaxation time:          tau=            1
[RadiativeUnitConverter] Characteristical length(m):       charL=          1
[RadiativeUnitConverter] Phys. density(kg/m^d):            charRho=        1
[RadiativeUnitConverter] Phys. absorption(1/m):            mu_a=           1.8
[RadiativeUnitConverter] Phys. scattering(1/m):            mu_s=           4.2
[RadiativeUnitConverter] Extinction(1/m):                  mu_t=           6
[RadiativeUnitConverter] Effective attenuation(1/m):       mu_eff=         5.6921
[RadiativeUnitConverter] Phys. diffusion(m):               D=              0.0555556
[RadiativeUnitConverter] Single scattering albedo:         albedo=         0.7
[RadiativeUnitConverter] Anisotropy factor:                g=              0
[RadiativeUnitConverter] 
[RadiativeUnitConverter] Lattice diffusion:                D^*=            5.55556
[RadiativeUnitConverter] Lattice absorption:               absorption=     0.018
[RadiativeUnitConverter] Lattice scattering:               scattering=     0.042
[RadiativeUnitConverter] Lattice sink:                     sink=           0.000405
[RadiativeUnitConverter] C_R: 1
[RadiativeUnitConverter] r_F: 1.91388
[RadiativeUnitConverter] 
[RadiativeUnitConverter] -- Conversion factors:
[RadiativeUnitConverter] Voxel length(m):                  physDeltaX=     0.01
[RadiativeUnitConverter] Time step(s):                     physDeltaT=     1.66667e-05
[RadiativeUnitConverter] Density factor(kg/m^3):           physDensity=    1
[RadiativeUnitConverter] -------------------------------------------------------------
[prepareGeometryCube] Prepare cubeGeometry ...
[SuperGeometry3D] cleaned 0 outer boundary voxel(s)
[SuperGeometry3D] cleaned 0 inner boundary voxel(s)
[SuperGeometry3D] the model is correct!
[CuboidGeometry3D] ---Cuboid Stucture Statistics---
[CuboidGeometry3D]  Number of Cuboids: 	2
[CuboidGeometry3D]  Delta  (min): 		0.01
[CuboidGeometry3D]         (max): 		0.01
[CuboidGeometry3D]  Ratio  (min): 		0.49505
[CuboidGeometry3D]         (max): 		2.02
[CuboidGeometry3D]  Nodes  (min): 		510050
[CuboidGeometry3D]         (max): 		520251
[CuboidGeometry3D]  Weight (min): 		510050
[CuboidGeometry3D]         (max): 		520251
[CuboidGeometry3D] --------------------------------
[SuperGeometryStatistics3D] materialNumber=1; count=970299; minPhysR=(0.01,-0.49,-0.49); maxPhysR=(0.99,0.49,0.49)
[SuperGeometryStatistics3D] materialNumber=2; count=59561; minPhysR=(0,-0.5,-0.5); maxPhysR=(1,0.5,0.5)
[SuperGeometryStatistics3D] materialNumber=3; count=441; minPhysR=(0,-0.1,-0.1); maxPhysR=(0,0.1,0.1)
[prepareGeometryCube] Prepare cubeGeometry ... OK
[prepareLattice] Prepare Lattice ...
[prepareLattice] Prepare Lattice ... OK
[main] iT convergence criteria: 160
[LatticeStatistics] step=0; t=0; uMax=0; avEnergy=0; avRho=1
[Timer] step=0; percent=0; passedTime=0; remTime=0.001; MLUPs=0
[Timer] step=0; percent=0; passedTime=0; remTime=0.001; MLUPs=0
[LatticeStatistics] step=20; t=0.000333333; uMax=0; avEnergy=0; avRho=0.00738074
[Timer] step=20; percent=0.00277778; passedTime=44.211; remTime=1.59155e+06; MLUPs=0.466084
[Timer] step=20; percent=0.00277778; passedTime=44.211; remTime=1.59155e+06; MLUPs=0.466084
[LatticeStatistics] step=40; t=0.000666667; uMax=0; avEnergy=0; avRho=0.0124895
[Timer] step=40; percent=0.00555556; passedTime=88.149; remTime=1.58659e+06; MLUPs=0.468969
[Timer] step=40; percent=0.00555556; passedTime=88.149; remTime=1.58659e+06; MLUPs=0.468969
[LatticeStatistics] step=60; t=0.001; uMax=0; avEnergy=0; avRho=0.0155401
[Timer] step=60; percent=0.00833333; passedTime=132.164; remTime=1.58584e+06; MLUPs=0.46817
[Timer] step=60; percent=0.00833333; passedTime=132.164; remTime=1.58584e+06; MLUPs=0.46817
[LatticeStatistics] step=80; t=0.00133333; uMax=0; avEnergy=0; avRho=0.0171814
[Timer] step=80; percent=0.0111111; passedTime=176.346; remTime=1.58694e+06; MLUPs=0.466389
[Timer] step=80; percent=0.0111111; passedTime=176.346; remTime=1.58694e+06; MLUPs=0.466389
[LatticeStatistics] step=100; t=0.00166667; uMax=0; avEnergy=0; avRho=0.0180196
[Timer] step=100; percent=0.0138889; passedTime=220.492; remTime=1.58732e+06; MLUPs=0.46678
[Timer] step=100; percent=0.0138889; passedTime=220.492; remTime=1.58732e+06; MLUPs=0.46678
[LatticeStatistics] step=120; t=0.002; uMax=0; avEnergy=0; avRho=0.0183847
[Timer] step=120; percent=0.0166667; passedTime=264.619; remTime=1.58745e+06; MLUPs=0.466971
[Timer] step=120; percent=0.0166667; passedTime=264.619; remTime=1.58745e+06; MLUPs=0.466971
[LatticeStatistics] step=140; t=0.00233333; uMax=0; avEnergy=0; avRho=0.0185473
[Timer] step=140; percent=0.0194444; passedTime=308.773; remTime=1.58767e+06; MLUPs=0.466696
[Timer] step=140; percent=0.0194444; passedTime=308.773; remTime=1.58767e+06; MLUPs=0.466696
[LatticeStatistics] step=160; t=0.00266667; uMax=0; avEnergy=0; avRho=0.0186183
[Timer] step=160; percent=0.0222222; passedTime=352.836; remTime=1.58741e+06; MLUPs=0.467649
[Timer] step=160; percent=0.0222222; passedTime=352.836; remTime=1.58741e+06; MLUPs=0.467649
[ValueTracer] average=0.0147326; stdDev/average=0.339378
[LatticeStatistics] step=180; t=0.003; uMax=0; avEnergy=0; avRho=0.0186493
[Timer] step=180; percent=0.025; passedTime=396.788; remTime=1.58676e+06; MLUPs=0.46883
[Timer] step=180; percent=0.025; passedTime=396.788; remTime=1.58676e+06; MLUPs=0.46883
[LatticeStatistics] step=200; t=0.00333333; uMax=0; avEnergy=0; avRho=0.0186628
[Timer] step=200; percent=0.0277778; passedTime=440.827; remTime=1.58654e+06; MLUPs=0.467904
[Timer] step=200; percent=0.0277778; passedTime=440.827; remTime=1.58654e+06; MLUPs=0.467904
[LatticeStatistics] step=220; t=0.00366667; uMax=0; avEnergy=0; avRho=0.0186687
[Timer] step=220; percent=0.0305556; passedTime=484.78; remTime=1.58607e+06; MLUPs=0.468809
[Timer] step=220; percent=0.0305556; passedTime=484.78; remTime=1.58607e+06; MLUPs=0.468809
[LatticeStatistics] step=240; t=0.004; uMax=0; avEnergy=0; avRho=0.0186713
[Timer] step=240; percent=0.0333333; passedTime=528.725; remTime=1.58565e+06; MLUPs=0.468905
[Timer] step=240; percent=0.0333333; passedTime=528.725; remTime=1.58565e+06; MLUPs=0.468905
[LatticeStatistics] step=260; t=0.00433333; uMax=0; avEnergy=0; avRho=0.0186725
[Timer] step=260; percent=0.0361111; passedTime=572.671; remTime=1.58529e+06; MLUPs=0.468894
[Timer] step=260; percent=0.0361111; passedTime=572.671; remTime=1.58529e+06; MLUPs=0.468894
[LatticeStatistics] step=280; t=0.00466667; uMax=0; avEnergy=0; avRho=0.0186729
[Timer] step=280; percent=0.0388889; passedTime=616.61; remTime=1.58495e+06; MLUPs=0.468958
[Timer] step=280; percent=0.0388889; passedTime=616.61; remTime=1.58495e+06; MLUPs=0.468958
[LatticeStatistics] step=300; t=0.005; uMax=0; avEnergy=0; avRho=0.0186732
[Timer] step=300; percent=0.0416667; passedTime=660.613; remTime=1.58481e+06; MLUPs=0.468297
[Timer] step=300; percent=0.0416667; passedTime=660.613; remTime=1.58481e+06; MLUPs=0.468297
[LatticeStatistics] step=320; t=0.00533333; uMax=0; avEnergy=0; avRho=0.0186733
[Timer] step=320; percent=0.0444444; passedTime=704.625; remTime=1.5847e+06; MLUPs=0.468191
[Timer] step=320; percent=0.0444444; passedTime=704.625; remTime=1.5847e+06; MLUPs=0.468191
[ValueTracer] average=0.0186652; stdDev/average=0.000665718
[LatticeStatistics] step=340; t=0.00566667; uMax=0; avEnergy=0; avRho=0.0186733
[Timer] step=340; percent=0.0472222; passedTime=748.605; remTime=1.58453e+06; MLUPs=0.468521
[Timer] step=340; percent=0.0472222; passedTime=748.605; remTime=1.58453e+06; MLUPs=0.468521
[LatticeStatistics] step=360; t=0.006; uMax=0; avEnergy=0; avRho=0.0186733
[Timer] step=360; percent=0.05; passedTime=792.563; remTime=1.58433e+06; MLUPs=0.468766
[Timer] step=360; percent=0.05; passedTime=792.563; remTime=1.58433e+06; MLUPs=0.468766
[LatticeStatistics] step=380; t=0.00633333; uMax=0; avEnergy=0; avRho=0.0186733
[Timer] step=380; percent=0.0527778; passedTime=836.545; remTime=1.5842e+06; MLUPs=0.4685
[Timer] step=380; percent=0.0527778; passedTime=836.545; remTime=1.5842e+06; MLUPs=0.4685
[LatticeStatistics] step=400; t=0.00666667; uMax=0; avEnergy=0; avRho=0.0186733
[Timer] step=400; percent=0.0555556; passedTime=880.484; remTime=1.58399e+06; MLUPs=0.468969
[Timer] step=400; percent=0.0555556; passedTime=880.484; remTime=1.58399e+06; MLUPs=0.468969
[LatticeStatistics] step=420; t=0.007; uMax=0; avEnergy=0; avRho=0.0186733
[Timer] step=420; percent=0.0583333; passedTime=924.444; remTime=1.58384e+06; MLUPs=0.468734
[Timer] step=420; percent=0.0583333; passedTime=924.444; remTime=1.58384e+06; MLUPs=0.468734
[LatticeStatistics] step=440; t=0.00733333; uMax=0; avEnergy=0; avRho=0.0186733
[Timer] step=440; percent=0.0611111; passedTime=968.438; remTime=1.58375e+06; MLUPs=0.468372
[Timer] step=440; percent=0.0611111; passedTime=968.438; remTime=1.58375e+06; MLUPs=0.468372
[LatticeStatistics] step=460; t=0.00766667; uMax=0; avEnergy=0; avRho=0.0186733
[Timer] step=460; percent=0.0638889; passedTime=1012.4; remTime=1.58362e+06; MLUPs=0.468713
[Timer] step=460; percent=0.0638889; passedTime=1012.4; remTime=1.58362e+06; MLUPs=0.468713
[LatticeStatistics] step=480; t=0.008; uMax=0; avEnergy=0; avRho=0.0186733
[Timer] step=480; percent=0.0666667; passedTime=1056.39; remTime=1.58353e+06; MLUPs=0.468446
[Timer] step=480; percent=0.0666667; passedTime=1056.39; remTime=1.58353e+06; MLUPs=0.468446
[ValueTracer] average=0.0186733; stdDev/average=8.75209e-07
[LatticeStatistics] step=500; t=0.00833333; uMax=0; avEnergy=0; avRho=0.0186733
[Timer] step=500; percent=0.0694444; passedTime=1100.42; remTime=1.58351e+06; MLUPs=0.467936
[Timer] step=500; percent=0.0694444; passedTime=1100.42; remTime=1.58351e+06; MLUPs=0.467936
[LatticeStatistics] step=520; t=0.00866667; uMax=0; avEnergy=0; avRho=0.0186733
[Timer] step=520; percent=0.0722222; passedTime=1144.4; remTime=1.58341e+06; MLUPs=0.468585
[Timer] step=520; percent=0.0722222; passedTime=1144.4; remTime=1.58341e+06; MLUPs=0.468585
[LatticeStatistics] step=540; t=0.009; uMax=0; avEnergy=0; avRho=0.0186733
[Timer] step=540; percent=0.075; passedTime=1188.39; remTime=1.58333e+06; MLUPs=0.468446
[Timer] step=540; percent=0.075; passedTime=1188.39; remTime=1.58333e+06; MLUPs=0.468446
[LatticeStatistics] step=560; t=0.00933333; uMax=0; avEnergy=0; avRho=0.0186733
[Timer] step=560; percent=0.0777778; passedTime=1232.38; remTime=1.58325e+06; MLUPs=0.468404
[Timer] step=560; percent=0.0777778; passedTime=1232.38; remTime=1.58325e+06; MLUPs=0.468404
[LatticeStatistics] step=580; t=0.00966667; uMax=0; avEnergy=0; avRho=0.0186733
[Timer] step=580; percent=0.0805556; passedTime=1276.33; remTime=1.58313e+06; MLUPs=0.468841
[Timer] step=580; percent=0.0805556; passedTime=1276.33; remTime=1.58313e+06; MLUPs=0.468841
[main] Simulation converged. -- 588
[main] ------588
[main] Simulation converged. -- 588
[main] ./100case13_mcHardy/100case13.csv
0.000, 1.000000e+00, 0.000000e+00, 0.000000e+00, 0.000000e+00, 0.000000e+00, 0.000000e+00
0.010, 1.314170e+00, 2.860738e-02, 1.208439e-02, 8.448294e-01, 0.000000e+00, 0.000000e+00
0.020, 1.269735e+00, 2.843530e-02, 1.202366e-02, 8.183191e-01, 6.938894e-18, 6.938894e-18
0.030, 1.225669e+00, 2.820858e-02, 1.193991e-02, 7.918990e-01, 0.000000e+00, -3.469447e-18
0.040, 1.181977e+00, 2.796395e-02, 1.183533e-02, 7.657237e-01, 6.938894e-18, 0.000000e+00
0.050, 1.138843e+00, 2.769146e-02, 1.171392e-02, 7.397669e-01, -6.938894e-18, 1.040834e-17
0.060, 1.096252e+00, 2.742302e-02, 1.157712e-02, 7.141670e-01, -6.938894e-18, -6.938894e-18
0.070, 1.054371e+00, 2.714490e-02, 1.142830e-02, 6.888872e-01, 0.000000e+00, 1.040834e-17
0.080, 1.013167e+00, 2.687024e-02, 1.126880e-02, 6.640512e-01, 0.000000e+00, -3.469447e-18
0.090, 9.727905e-01, 2.658812e-02, 1.110141e-02, 6.396123e-01, 1.040834e-17, 0.000000e+00
0.100, 9.331912e-01, 2.630883e-02, 1.093008e-02, 6.156819e-01, 0.000000e+00, 0.000000e+00
0.110, 8.945078e-01, 2.602131e-02, 1.075748e-02, 5.922053e-01, -6.938894e-18, 0.000000e+00
0.120, 8.483115e-01, 2.552946e-02, 1.049577e-02, 5.613148e-01, 6.938894e-18, 6.938894e-18
0.130, 8.043248e-01, 2.505114e-02, 1.023883e-02, 5.319466e-01, -6.938894e-18, 0.000000e+00
0.140, 7.623764e-01, 2.458242e-02, 9.985649e-03, 5.039626e-01, 1.387779e-17, 0.000000e+00
0.150, 7.224900e-01, 2.411057e-02, 9.742117e-03, 4.773883e-01, 3.816392e-17, 3.469447e-18
0.160, 6.845048e-01, 2.456281e-02, 9.506149e-03, 4.520973e-01, -6.938894e-18, -6.938894e-18
0.170, 6.484260e-01, 2.488971e-02, 9.279004e-03, 4.281016e-01, 3.469447e-18, 3.469447e-18
0.180, 6.141059e-01, 2.510927e-02, 9.061173e-03, 4.052869e-01, -1.387779e-17, -3.469447e-18
0.190, 5.815369e-01, 2.522390e-02, 8.855552e-03, 3.836562e-01, 3.469447e-18, 3.469447e-18
0.200, 5.505842e-01, 2.524958e-02, 8.658504e-03, 3.631068e-01, -6.938894e-18, 6.938894e-18
0.210, 5.212319e-01, 2.519225e-02, 8.467151e-03, 3.436351e-01, -6.938894e-18, -6.938894e-18
0.220, 4.933581e-01, 2.506206e-02, 8.280601e-03, 3.251492e-01, -2.081668e-17, -1.387779e-17
0.230, 4.669572e-01, 2.486430e-02, 8.100229e-03, 3.076538e-01, 0.000000e+00, 6.938894e-18
0.240, 4.419157e-01, 2.460807e-02, 7.925178e-03, 2.910640e-01, 0.000000e+00, -2.081668e-17
0.250, 4.182049e-01, 2.429977e-02, 7.756624e-03, 2.753667e-01, 1.387779e-17, 6.938894e-18
0.260, 3.957239e-01, 2.394465e-02, 7.593666e-03, 2.604872e-01, 0.000000e+00, -1.387779e-17
0.270, 3.744433e-01, 2.354136e-02, 7.437270e-03, 2.464111e-01, 1.387779e-17, 0.000000e+00
0.280, 3.542732e-01, 2.309821e-02, 7.450802e-03, 2.330723e-01, 0.000000e+00, 6.938894e-18
0.290, 3.351842e-01, 2.261930e-02, 7.599683e-03, 2.204559e-01, -1.387779e-17, -6.938894e-18
0.300, 3.170967e-01, 2.211176e-02, 7.712103e-03, 2.085035e-01, 0.000000e+00, -1.387779e-17
0.310, 2.999819e-01, 2.157871e-02, 7.793160e-03, 1.971999e-01, 2.081668e-17, 1.387779e-17
0.320, 2.837692e-01, 2.102633e-02, 7.843218e-03, 1.864938e-01, -2.775558e-17, -6.938894e-18
0.330, 2.684307e-01, 2.045691e-02, 7.866476e-03, 1.763702e-01, -4.163336e-17, -2.081668e-17
0.340, 2.539088e-01, 1.987579e-02, 7.863351e-03, 1.667885e-01, 0.000000e+00, -6.938894e-18
0.350, 2.401714e-01, 1.928452e-02, 7.837667e-03, 1.577287e-01, 1.387779e-17, -7.703720e-32
0.360, 2.271672e-01, 1.868776e-02, 7.789958e-03, 1.491548e-01, 1.387779e-17, 1.387779e-17
0.370, 2.148664e-01, 1.793113e-02, 7.723641e-03, 1.410482e-01, 1.387779e-17, 6.938894e-18
0.380, 2.032237e-01, 1.719476e-02, 7.639282e-03, 1.333773e-01, -4.857226e-17, -6.938894e-18
0.390, 1.922115e-01, 1.647739e-02, 7.538615e-03, 1.261247e-01, -1.387779e-17, -6.938894e-18
0.400, 1.817894e-01, 1.578187e-02, 7.421283e-03, 1.192624e-01, 2.775558e-17, 6.938894e-18
0.410, 1.719322e-01, 1.510670e-02, 7.290212e-03, 1.127746e-01, -3.851860e-32, -6.938894e-18
0.420, 1.626040e-01, 1.445340e-02, 7.146368e-03, 1.066365e-01, 6.938894e-18, 6.938894e-18
0.430, 1.537819e-01, 1.382121e-02, 6.992431e-03, 1.008334e-01, 0.000000e+00, 0.000000e+00
0.440, 1.454339e-01, 1.321114e-02, 6.829199e-03, 9.534339e-02, 1.387779e-17, 0.000000e+00
0.450, 1.375391e-01, 1.262232e-02, 6.659114e-03, 9.015321e-02, 0.000000e+00, -1.387779e-17
0.460, 1.300692e-01, 1.205537e-02, 6.482598e-03, 8.524338e-02, 0.000000e+00, 6.938894e-18
0.470, 1.230050e-01, 1.150935e-02, 6.301852e-03, 8.060176e-02, -1.387779e-17, 3.235562e-32
0.480, 1.163213e-01, 1.098544e-02, 6.117023e-03, 7.621109e-02, 1.387779e-17, -6.938894e-18
0.490, 1.100008e-01, 1.048247e-02, 5.901347e-03, 7.206034e-02, 0.000000e+00, 0.000000e+00
0.500, 1.040212e-01, 1.000038e-02, 5.661042e-03, 6.813421e-02, -1.387779e-17, 6.938894e-18
0.510, 9.836546e-02, 9.537830e-03, 5.426763e-03, 6.442171e-02, -3.469447e-18, 1.734723e-17
0.520, 9.301506e-02, 9.094915e-03, 5.198519e-03, 6.091039e-02, -1.387779e-17, -6.938894e-18
0.530, 8.795571e-02, 8.670587e-03, 4.976952e-03, 5.759111e-02, -1.387779e-17, -6.938894e-18
0.540, 8.316969e-02, 8.264583e-03, 4.761898e-03, 5.445184e-02, 0.000000e+00, -6.938894e-18
0.550, 7.864405e-02, 7.875922e-03, 4.553889e-03, 5.148431e-02, 2.775558e-17, 1.734723e-17
0.560, 7.436304e-02, 7.504286e-03, 4.352604e-03, 4.867782e-02, -1.387779e-17, 0.000000e+00
0.570, 7.031496e-02, 7.148765e-03, 4.158410e-03, 4.602489e-02, -1.417484e-31, -1.387779e-17
0.580, 6.648579e-02, 6.809006e-03, 3.970956e-03, 4.351605e-02, 1.387779e-17, 1.387779e-17
0.590, 6.286497e-02, 6.484327e-03, 3.790485e-03, 4.114452e-02, 1.387779e-17, 2.081668e-17
0.600, 5.944001e-02, 6.174173e-03, 3.616786e-03, 3.890188e-02, -1.387779e-17, 0.000000e+00
0.610, 5.620139e-02, 5.877900e-03, 3.450112e-03, 3.678202e-02, 0.000000e+00, -6.938894e-18
0.620, 5.313800e-02, 5.594997e-03, 3.290060e-03, 3.477747e-02, 1.387779e-17, 0.000000e+00
0.630, 5.024128e-02, 5.324775e-03, 3.136650e-03, 3.288272e-02, -1.387779e-17, -6.938894e-18
0.640, 4.750128e-02, 5.066816e-03, 2.989475e-03, 3.109112e-02, 0.000000e+00, -6.938894e-18
0.650, 4.491030e-02, 4.819916e-03, 2.848513e-03, 2.939769e-02, 0.000000e+00, 1.387779e-17
0.660, 4.245947e-02, 4.584182e-03, 2.713344e-03, 2.779653e-02, 1.387779e-17, 0.000000e+00
0.670, 4.014187e-02, 4.359086e-03, 2.583958e-03, 2.628316e-02, -1.387779e-17, 0.000000e+00
0.680, 3.794959e-02, 4.144201e-03, 2.459940e-03, 2.485235e-02, 0.000000e+00, -6.938894e-18
0.690, 3.587639e-02, 3.939034e-03, 2.341287e-03, 2.350003e-02, 0.000000e+00, 6.938894e-18
0.700, 3.391520e-02, 3.743183e-03, 2.227619e-03, 2.222159e-02, 0.000000e+00, 6.938894e-18
0.710, 3.206043e-02, 3.556191e-03, 2.118940e-03, 2.101335e-02, 0.000000e+00, 6.938894e-18
0.720, 3.030577e-02, 3.377679e-03, 2.014893e-03, 1.987124e-02, -1.387779e-17, -1.387779e-17
0.730, 2.864619e-02, 3.207224e-03, 1.915989e-03, 1.879191e-02, 1.387779e-17, 6.938894e-18
0.740, 2.707605e-02, 3.044472e-03, 1.821981e-03, 1.777177e-02, 0.000000e+00, 0.000000e+00
0.750, 2.559084e-02, 2.889029e-03, 1.732202e-03, 1.680780e-02, 1.387779e-17, 2.081668e-17
0.760, 2.418550e-02, 2.740433e-03, 1.646358e-03, 1.589682e-02, 0.000000e+00, -6.938894e-18
0.770, 2.285600e-02, 2.598494e-03, 1.564376e-03, 1.503612e-02, -2.775558e-17, -6.938894e-18
0.780, 2.159776e-02, 2.462896e-03, 1.485990e-03, 1.422288e-02, -2.775558e-17, -6.938894e-18
0.790, 2.040723e-02, 2.333301e-03, 1.411122e-03, 1.345465e-02, 1.387779e-17, -6.938894e-18
0.800, 1.928016e-02, 2.209429e-03, 1.339531e-03, 1.272904e-02, 0.000000e+00, -1.387779e-17
0.810, 1.821336e-02, 2.090969e-03, 1.271140e-03, 1.204381e-02, 0.000000e+00, -6.938894e-18
0.820, 1.720307e-02, 1.977660e-03, 1.205753e-03, 1.139684e-02, -1.540744e-31, -6.938894e-18
0.830, 1.624645e-02, 1.869201e-03, 1.143307e-03, 1.078610e-02, 1.387779e-17, 1.387779e-17
0.840, 1.534005e-02, 1.765379e-03, 1.083589e-03, 1.020976e-02, 1.387779e-17, 0.000000e+00
0.850, 1.448135e-02, 1.665899e-03, 1.026513e-03, 9.665947e-03, 0.000000e+00, -1.387779e-17
0.860, 1.366718e-02, 1.574035e-03, 9.718973e-04, 9.153125e-03, -1.387779e-17, 0.000000e+00
0.870, 1.289531e-02, 1.486126e-03, 9.196671e-04, 8.669580e-03, 0.000000e+00, 6.938894e-18
0.880, 1.216278e-02, 1.402014e-03, 8.694268e-04, 8.214025e-03, 0.000000e+00, -6.938894e-18
0.890, 1.146763e-02, 1.321517e-03, 8.210610e-04, 7.784885e-03, 0.000000e+00, 0.000000e+00
0.900, 1.077631e-02, 1.242993e-03, 7.737749e-04, 7.409350e-03, 0.000000e+00, 0.000000e+00
0.910, 1.011688e-02, 1.167679e-03, 7.283546e-04, 7.058155e-03, 0.000000e+00, 1.387779e-17
0.920, 9.486862e-03, 1.095436e-03, 6.846652e-04, 6.729912e-03, -1.387779e-17, -6.938894e-18
0.930, 8.884607e-03, 1.026052e-03, 6.425937e-04, 6.423923e-03, 0.000000e+00, 0.000000e+00
0.940, 8.307816e-03, 9.594037e-04, 6.020178e-04, 6.138942e-03, -1.387779e-17, -2.081668e-17
0.950, 7.755017e-03, 8.952845e-04, 5.628536e-04, 5.874397e-03, 1.387779e-17, 6.938894e-18
0.960, 7.224094e-03, 8.335897e-04, 5.249856e-04, 5.629161e-03, -1.387779e-17, 0.000000e+00
0.970, 6.713725e-03, 7.740254e-04, 4.883342e-04, 5.402781e-03, 0.000000e+00, -1.387779e-17
0.980, 6.221967e-03, 7.164872e-04, 4.527898e-04, 5.194231e-03, -1.387779e-17, 0.000000e+00
0.990, 5.747642e-03, 6.606727e-04, 4.182776e-04, 5.003158e-03, 0.000000e+00, 0.000000e+00
1.000, 0.000000e+00, 0.000000e+00, 0.000000e+00, 0.000000e+00, 0.000000e+00, 0.000000e+00
[Timer] 
[Timer] ----------------Summary:Timer----------------
[Timer] measured time (rt) : 1295.339s
[Timer] measured time (cpu): 1294.970s
[Timer] average MLUPs :       0.461
[Timer] average MLUPps:       0.461
[Timer] ---------------------------------------------
