1
node28
[MpiManager] Sucessfully initialized, numThreads=1
[Directories] Directory ./100case24_mcHardy/ created.
[Directories] Directory ./100case24_mcHardy/imageData/ created.
[Directories] Directory ./100case24_mcHardy/imageData/data/ created.
[Directories] Directory ./100case24_mcHardy/vtkData/ created.
[Directories] Directory ./100case24_mcHardy/vtkData/data/ created.
[Directories] Directory ./100case24_mcHardy/gnuplotData/ created.
[Directories] Directory ./100case24_mcHardy/gnuplotData/data/ created.
[main] case24
[main] omega = .... 1
[main] omega 1
[main] working with direct discretization
[AnisotropyMatrix] Call AnistorpiyMatrix()
[AnisotropyMatrix] Compute anisotropy matrix ...
[AnisotropyMatrix] Terminate after 0 iterations
[main] 1, 1, 1, 1, 1, 1, 1, 1, 1, 1, 1, 1, 1, 1, 1, 1, 1, 1, 1, 1, 1, 1, 1, 1, 1, 1, 
[main] 1, 1, 1, 1, 1, 1, 1, 1, 1, 1, 1, 1, 1, 1, 1, 1, 1, 1, 1, 1, 1, 1, 1, 1, 1, 1, 
[main] 1, 1, 1, 1, 1, 1, 1, 1, 1, 1, 1, 1, 1, 1, 1, 1, 1, 1, 1, 1, 1, 1, 1, 1, 1, 1, 
[main] 1, 1, 1, 1, 1, 1, 1, 1, 1, 1, 1, 1, 1, 1, 1, 1, 1, 1, 1, 1, 1, 1, 1, 1, 1, 1, 
[main] 1, 1, 1, 1, 1, 1, 1, 1, 1, 1, 1, 1, 1, 1, 1, 1, 1, 1, 1, 1, 1, 1, 1, 1, 1, 1, 
[main] 1, 1, 1, 1, 1, 1, 1, 1, 1, 1, 1, 1, 1, 1, 1, 1, 1, 1, 1, 1, 1, 1, 1, 1, 1, 1, 
[main] 1, 1, 1, 1, 1, 1, 1, 1, 1, 1, 1, 1, 1, 1, 1, 1, 1, 1, 1, 1, 1, 1, 1, 1, 1, 1, 
[main] 1, 1, 1, 1, 1, 1, 1, 1, 1, 1, 1, 1, 1, 1, 1, 1, 1, 1, 1, 1, 1, 1, 1, 1, 1, 1, 
[main] 1, 1, 1, 1, 1, 1, 1, 1, 1, 1, 1, 1, 1, 1, 1, 1, 1, 1, 1, 1, 1, 1, 1, 1, 1, 1, 
[main] 1, 1, 1, 1, 1, 1, 1, 1, 1, 1, 1, 1, 1, 1, 1, 1, 1, 1, 1, 1, 1, 1, 1, 1, 1, 1, 
[main] 1, 1, 1, 1, 1, 1, 1, 1, 1, 1, 1, 1, 1, 1, 1, 1, 1, 1, 1, 1, 1, 1, 1, 1, 1, 1, 
[main] 1, 1, 1, 1, 1, 1, 1, 1, 1, 1, 1, 1, 1, 1, 1, 1, 1, 1, 1, 1, 1, 1, 1, 1, 1, 1, 
[main] 1, 1, 1, 1, 1, 1, 1, 1, 1, 1, 1, 1, 1, 1, 1, 1, 1, 1, 1, 1, 1, 1, 1, 1, 1, 1, 
[main] 1, 1, 1, 1, 1, 1, 1, 1, 1, 1, 1, 1, 1, 1, 1, 1, 1, 1, 1, 1, 1, 1, 1, 1, 1, 1, 
[main] 1, 1, 1, 1, 1, 1, 1, 1, 1, 1, 1, 1, 1, 1, 1, 1, 1, 1, 1, 1, 1, 1, 1, 1, 1, 1, 
[main] 1, 1, 1, 1, 1, 1, 1, 1, 1, 1, 1, 1, 1, 1, 1, 1, 1, 1, 1, 1, 1, 1, 1, 1, 1, 1, 
[main] 1, 1, 1, 1, 1, 1, 1, 1, 1, 1, 1, 1, 1, 1, 1, 1, 1, 1, 1, 1, 1, 1, 1, 1, 1, 1, 
[main] 1, 1, 1, 1, 1, 1, 1, 1, 1, 1, 1, 1, 1, 1, 1, 1, 1, 1, 1, 1, 1, 1, 1, 1, 1, 1, 
[main] 1, 1, 1, 1, 1, 1, 1, 1, 1, 1, 1, 1, 1, 1, 1, 1, 1, 1, 1, 1, 1, 1, 1, 1, 1, 1, 
[main] 1, 1, 1, 1, 1, 1, 1, 1, 1, 1, 1, 1, 1, 1, 1, 1, 1, 1, 1, 1, 1, 1, 1, 1, 1, 1, 
[main] 1, 1, 1, 1, 1, 1, 1, 1, 1, 1, 1, 1, 1, 1, 1, 1, 1, 1, 1, 1, 1, 1, 1, 1, 1, 1, 
[main] 1, 1, 1, 1, 1, 1, 1, 1, 1, 1, 1, 1, 1, 1, 1, 1, 1, 1, 1, 1, 1, 1, 1, 1, 1, 1, 
[main] 1, 1, 1, 1, 1, 1, 1, 1, 1, 1, 1, 1, 1, 1, 1, 1, 1, 1, 1, 1, 1, 1, 1, 1, 1, 1, 
[main] 1, 1, 1, 1, 1, 1, 1, 1, 1, 1, 1, 1, 1, 1, 1, 1, 1, 1, 1, 1, 1, 1, 1, 1, 1, 1, 
[main] 1, 1, 1, 1, 1, 1, 1, 1, 1, 1, 1, 1, 1, 1, 1, 1, 1, 1, 1, 1, 1, 1, 1, 1, 1, 1, 
[main] 1, 1, 1, 1, 1, 1, 1, 1, 1, 1, 1, 1, 1, 1, 1, 1, 1, 1, 1, 1, 1, 1, 1, 1, 1, 1, 
[RadiativeUnitConverter] ----------------- UnitConverter information -----------------
[RadiativeUnitConverter] -- Parameters:
[RadiativeUnitConverter] Resolution:                       N=              100
[RadiativeUnitConverter] Lattice relaxation frequency:     omega=          1
[RadiativeUnitConverter] Lattice relaxation time:          tau=            1
[RadiativeUnitConverter] Characteristical length(m):       charL=          1
[RadiativeUnitConverter] Phys. density(kg/m^d):            charRho=        1
[RadiativeUnitConverter] Phys. absorption(1/m):            mu_a=           1.2
[RadiativeUnitConverter] Phys. scattering(1/m):            mu_s=           10.8
[RadiativeUnitConverter] Extinction(1/m):                  mu_t=           12
[RadiativeUnitConverter] Effective attenuation(1/m):       mu_eff=         6.57267
[RadiativeUnitConverter] Phys. diffusion(m):               D=              0.0277778
[RadiativeUnitConverter] Single scattering albedo:         albedo=         0.9
[RadiativeUnitConverter] Anisotropy factor:                g=              0
[RadiativeUnitConverter] 
[RadiativeUnitConverter] Lattice diffusion:                D^*=            2.77778
[RadiativeUnitConverter] Lattice absorption:               absorption=     0.012
[RadiativeUnitConverter] Lattice scattering:               scattering=     0.108
[RadiativeUnitConverter] Lattice sink:                     sink=           0.00054
[RadiativeUnitConverter] C_R: 1
[RadiativeUnitConverter] r_F: 1.83486
[RadiativeUnitConverter] 
[RadiativeUnitConverter] -- Conversion factors:
[RadiativeUnitConverter] Voxel length(m):                  physDeltaX=     0.01
[RadiativeUnitConverter] Time step(s):                     physDeltaT=     1.66667e-05
[RadiativeUnitConverter] Density factor(kg/m^3):           physDensity=    1
[RadiativeUnitConverter] -------------------------------------------------------------
[prepareGeometryCube] Prepare cubeGeometry ...
[SuperGeometry3D] cleaned 0 outer boundary voxel(s)
[SuperGeometry3D] cleaned 0 inner boundary voxel(s)
[SuperGeometry3D] the model is correct!
[CuboidGeometry3D] ---Cuboid Stucture Statistics---
[CuboidGeometry3D]  Number of Cuboids: 	2
[CuboidGeometry3D]  Delta  (min): 		0.01
[CuboidGeometry3D]         (max): 		0.01
[CuboidGeometry3D]  Ratio  (min): 		0.49505
[CuboidGeometry3D]         (max): 		2.02
[CuboidGeometry3D]  Nodes  (min): 		510050
[CuboidGeometry3D]         (max): 		520251
[CuboidGeometry3D]  Weight (min): 		510050
[CuboidGeometry3D]         (max): 		520251
[CuboidGeometry3D] --------------------------------
[SuperGeometryStatistics3D] materialNumber=1; count=970299; minPhysR=(0.01,-0.49,-0.49); maxPhysR=(0.99,0.49,0.49)
[SuperGeometryStatistics3D] materialNumber=2; count=59561; minPhysR=(0,-0.5,-0.5); maxPhysR=(1,0.5,0.5)
[SuperGeometryStatistics3D] materialNumber=3; count=441; minPhysR=(0,-0.1,-0.1); maxPhysR=(0,0.1,0.1)
[prepareGeometryCube] Prepare cubeGeometry ... OK
[prepareLattice] Prepare Lattice ...
[prepareLattice] Prepare Lattice ... OK
[main] iT convergence criteria: 160
[LatticeStatistics] step=0; t=0; uMax=0; avEnergy=0; avRho=1
[Timer] step=0; percent=0; passedTime=0; remTime=0.001; MLUPs=0
[Timer] step=0; percent=0; passedTime=0; remTime=0.001; MLUPs=0
[LatticeStatistics] step=20; t=0.000333333; uMax=0; avEnergy=0; avRho=0.0077142
[Timer] step=20; percent=0.00277778; passedTime=46.347; remTime=1.66845e+06; MLUPs=0.444603
[Timer] step=20; percent=0.00277778; passedTime=46.347; remTime=1.66845e+06; MLUPs=0.444603
[LatticeStatistics] step=40; t=0.000666667; uMax=0; avEnergy=0; avRho=0.012965
[Timer] step=40; percent=0.00555556; passedTime=91.309; remTime=1.64347e+06; MLUPs=0.458288
[Timer] step=40; percent=0.00555556; passedTime=91.309; remTime=1.64347e+06; MLUPs=0.458288
[LatticeStatistics] step=60; t=0.001; uMax=0; avEnergy=0; avRho=0.0162093
[Timer] step=60; percent=0.00833333; passedTime=135.97; remTime=1.6315e+06; MLUPs=0.461387
[Timer] step=60; percent=0.00833333; passedTime=135.97; remTime=1.6315e+06; MLUPs=0.461387
[LatticeStatistics] step=80; t=0.00133333; uMax=0; avEnergy=0; avRho=0.018205
[Timer] step=80; percent=0.0111111; passedTime=180.551; remTime=1.62478e+06; MLUPs=0.462215
[Timer] step=80; percent=0.0111111; passedTime=180.551; remTime=1.62478e+06; MLUPs=0.462215
[LatticeStatistics] step=100; t=0.00166667; uMax=0; avEnergy=0; avRho=0.0194253
[Timer] step=100; percent=0.0138889; passedTime=225.053; remTime=1.62016e+06; MLUPs=0.463036
[Timer] step=100; percent=0.0138889; passedTime=225.053; remTime=1.62016e+06; MLUPs=0.463036
[LatticeStatistics] step=120; t=0.002; uMax=0; avEnergy=0; avRho=0.0201682
[Timer] step=120; percent=0.0166667; passedTime=269.552; remTime=1.61704e+06; MLUPs=0.463067
[Timer] step=120; percent=0.0166667; passedTime=269.552; remTime=1.61704e+06; MLUPs=0.463067
[LatticeStatistics] step=140; t=0.00233333; uMax=0; avEnergy=0; avRho=0.020619
[Timer] step=140; percent=0.0194444; passedTime=314.014; remTime=1.61462e+06; MLUPs=0.463442
[Timer] step=140; percent=0.0194444; passedTime=314.014; remTime=1.61462e+06; MLUPs=0.463442
[LatticeStatistics] step=160; t=0.00266667; uMax=0; avEnergy=0; avRho=0.0208919
[Timer] step=160; percent=0.0222222; passedTime=358.558; remTime=1.61315e+06; MLUPs=0.46261
[Timer] step=160; percent=0.0222222; passedTime=358.558; remTime=1.61315e+06; MLUPs=0.46261
[ValueTracer] average=0.0158529; stdDev/average=0.352587
[LatticeStatistics] step=180; t=0.003; uMax=0; avEnergy=0; avRho=0.0210568
[Timer] step=180; percent=0.025; passedTime=402.951; remTime=1.6114e+06; MLUPs=0.464183
[Timer] step=180; percent=0.025; passedTime=402.951; remTime=1.6114e+06; MLUPs=0.464183
[LatticeStatistics] step=200; t=0.00333333; uMax=0; avEnergy=0; avRho=0.0211563
[Timer] step=200; percent=0.0277778; passedTime=447.422; remTime=1.61027e+06; MLUPs=0.463348
[Timer] step=200; percent=0.0277778; passedTime=447.422; remTime=1.61027e+06; MLUPs=0.463348
[LatticeStatistics] step=220; t=0.00366667; uMax=0; avEnergy=0; avRho=0.0212164
[Timer] step=220; percent=0.0305556; passedTime=491.846; remTime=1.60919e+06; MLUPs=0.463849
[Timer] step=220; percent=0.0305556; passedTime=491.846; remTime=1.60919e+06; MLUPs=0.463849
[LatticeStatistics] step=240; t=0.004; uMax=0; avEnergy=0; avRho=0.0212526
[Timer] step=240; percent=0.0333333; passedTime=536.322; remTime=1.60843e+06; MLUPs=0.463307
[Timer] step=240; percent=0.0333333; passedTime=536.322; remTime=1.60843e+06; MLUPs=0.463307
[LatticeStatistics] step=260; t=0.00433333; uMax=0; avEnergy=0; avRho=0.0212745
[Timer] step=260; percent=0.0361111; passedTime=580.656; remTime=1.60739e+06; MLUPs=0.464801
[Timer] step=260; percent=0.0361111; passedTime=580.656; remTime=1.60739e+06; MLUPs=0.464801
[LatticeStatistics] step=280; t=0.00466667; uMax=0; avEnergy=0; avRho=0.0212876
[Timer] step=280; percent=0.0388889; passedTime=625.254; remTime=1.60717e+06; MLUPs=0.462029
[Timer] step=280; percent=0.0388889; passedTime=625.254; remTime=1.60717e+06; MLUPs=0.462029
[LatticeStatistics] step=300; t=0.005; uMax=0; avEnergy=0; avRho=0.0212956
[Timer] step=300; percent=0.0416667; passedTime=669.69; remTime=1.60659e+06; MLUPs=0.463724
[Timer] step=300; percent=0.0416667; passedTime=669.69; remTime=1.60659e+06; MLUPs=0.463724
[LatticeStatistics] step=320; t=0.00533333; uMax=0; avEnergy=0; avRho=0.0213004
[Timer] step=320; percent=0.0444444; passedTime=714.115; remTime=1.60604e+06; MLUPs=0.463838
[Timer] step=320; percent=0.0444444; passedTime=714.115; remTime=1.60604e+06; MLUPs=0.463838
[ValueTracer] average=0.0212079; stdDev/average=0.00493579
[LatticeStatistics] step=340; t=0.00566667; uMax=0; avEnergy=0; avRho=0.0213032
[Timer] step=340; percent=0.0472222; passedTime=758.454; remTime=1.60538e+06; MLUPs=0.464749
[Timer] step=340; percent=0.0472222; passedTime=758.454; remTime=1.60538e+06; MLUPs=0.464749
[LatticeStatistics] step=360; t=0.006; uMax=0; avEnergy=0; avRho=0.021305
[Timer] step=360; percent=0.05; passedTime=802.929; remTime=1.60506e+06; MLUPs=0.463317
[Timer] step=360; percent=0.05; passedTime=802.929; remTime=1.60506e+06; MLUPs=0.463317
[LatticeStatistics] step=380; t=0.00633333; uMax=0; avEnergy=0; avRho=0.021306
[Timer] step=380; percent=0.0527778; passedTime=847.424; remTime=1.6048e+06; MLUPs=0.463109
[Timer] step=380; percent=0.0527778; passedTime=847.424; remTime=1.6048e+06; MLUPs=0.463109
[LatticeStatistics] step=400; t=0.00666667; uMax=0; avEnergy=0; avRho=0.0213067
[Timer] step=400; percent=0.0555556; passedTime=891.87; remTime=1.60447e+06; MLUPs=0.463619
[Timer] step=400; percent=0.0555556; passedTime=891.87; remTime=1.60447e+06; MLUPs=0.463619
[LatticeStatistics] step=420; t=0.007; uMax=0; avEnergy=0; avRho=0.021307
[Timer] step=420; percent=0.0583333; passedTime=936.358; remTime=1.60425e+06; MLUPs=0.463171
[Timer] step=420; percent=0.0583333; passedTime=936.358; remTime=1.60425e+06; MLUPs=0.463171
[LatticeStatistics] step=440; t=0.00733333; uMax=0; avEnergy=0; avRho=0.0213073
[Timer] step=440; percent=0.0611111; passedTime=980.757; remTime=1.60389e+06; MLUPs=0.46411
[Timer] step=440; percent=0.0611111; passedTime=980.757; remTime=1.60389e+06; MLUPs=0.46411
[LatticeStatistics] step=460; t=0.00766667; uMax=0; avEnergy=0; avRho=0.0213074
[Timer] step=460; percent=0.0638889; passedTime=1025.17; remTime=1.6036e+06; MLUPs=0.463911
[Timer] step=460; percent=0.0638889; passedTime=1025.17; remTime=1.6036e+06; MLUPs=0.463911
[LatticeStatistics] step=480; t=0.008; uMax=0; avEnergy=0; avRho=0.0213075
[Timer] step=480; percent=0.0666667; passedTime=1069.49; remTime=1.60317e+06; MLUPs=0.464948
[Timer] step=480; percent=0.0666667; passedTime=1069.49; remTime=1.60317e+06; MLUPs=0.464948
[ValueTracer] average=0.0213059; stdDev/average=8.58151e-05
[LatticeStatistics] step=500; t=0.00833333; uMax=0; avEnergy=0; avRho=0.0213075
[Timer] step=500; percent=0.0694444; passedTime=1113.95; remTime=1.60298e+06; MLUPs=0.463484
[Timer] step=500; percent=0.0694444; passedTime=1113.95; remTime=1.60298e+06; MLUPs=0.463484
[LatticeStatistics] step=520; t=0.00866667; uMax=0; avEnergy=0; avRho=0.0213076
[Timer] step=520; percent=0.0722222; passedTime=1158.51; remTime=1.60294e+06; MLUPs=0.462454
[Timer] step=520; percent=0.0722222; passedTime=1158.51; remTime=1.60294e+06; MLUPs=0.462454
[LatticeStatistics] step=540; t=0.009; uMax=0; avEnergy=0; avRho=0.0213076
[Timer] step=540; percent=0.075; passedTime=1202.99; remTime=1.60278e+06; MLUPs=0.463317
[Timer] step=540; percent=0.075; passedTime=1202.99; remTime=1.60278e+06; MLUPs=0.463317
[LatticeStatistics] step=560; t=0.00933333; uMax=0; avEnergy=0; avRho=0.0213076
[Timer] step=560; percent=0.0777778; passedTime=1247.32; remTime=1.60245e+06; MLUPs=0.464769
[Timer] step=560; percent=0.0777778; passedTime=1247.32; remTime=1.60245e+06; MLUPs=0.464769
[LatticeStatistics] step=580; t=0.00966667; uMax=0; avEnergy=0; avRho=0.0213076
[Timer] step=580; percent=0.0805556; passedTime=1291.77; remTime=1.60229e+06; MLUPs=0.463609
[Timer] step=580; percent=0.0805556; passedTime=1291.77; remTime=1.60229e+06; MLUPs=0.463609
[LatticeStatistics] step=600; t=0.01; uMax=0; avEnergy=0; avRho=0.0213076
[Timer] step=600; percent=0.0833333; passedTime=1336.18; remTime=1.60208e+06; MLUPs=0.464037
[Timer] step=600; percent=0.0833333; passedTime=1336.18; remTime=1.60208e+06; MLUPs=0.464037
[LatticeStatistics] step=620; t=0.0103333; uMax=0; avEnergy=0; avRho=0.0213076
[Timer] step=620; percent=0.0861111; passedTime=1380.7; remTime=1.60201e+06; MLUPs=0.462838
[Timer] step=620; percent=0.0861111; passedTime=1380.7; remTime=1.60201e+06; MLUPs=0.462838
[LatticeStatistics] step=640; t=0.0106667; uMax=0; avEnergy=0; avRho=0.0213076
[Timer] step=640; percent=0.0888889; passedTime=1425.21; remTime=1.60194e+06; MLUPs=0.462932
[Timer] step=640; percent=0.0888889; passedTime=1425.21; remTime=1.60194e+06; MLUPs=0.462932
[ValueTracer] average=0.0213076; stdDev/average=1.49595e-06
[LatticeStatistics] step=660; t=0.011; uMax=0; avEnergy=0; avRho=0.0213076
[Timer] step=660; percent=0.0916667; passedTime=1469.86; remTime=1.60202e+06; MLUPs=0.46148
[Timer] step=660; percent=0.0916667; passedTime=1469.86; remTime=1.60202e+06; MLUPs=0.46148
[LatticeStatistics] step=680; t=0.0113333; uMax=0; avEnergy=0; avRho=0.0213076
[Timer] step=680; percent=0.0944444; passedTime=1514.49; remTime=1.60207e+06; MLUPs=0.461708
[Timer] step=680; percent=0.0944444; passedTime=1514.49; remTime=1.60207e+06; MLUPs=0.461708
[LatticeStatistics] step=700; t=0.0116667; uMax=0; avEnergy=0; avRho=0.0213076
[Timer] step=700; percent=0.0972222; passedTime=1559.17; remTime=1.60215e+06; MLUPs=0.461243
[Timer] step=700; percent=0.0972222; passedTime=1559.17; remTime=1.60215e+06; MLUPs=0.461243
[LatticeStatistics] step=720; t=0.012; uMax=0; avEnergy=0; avRho=0.0213076
[Timer] step=720; percent=0.1; passedTime=1603.56; remTime=1.60195e+06; MLUPs=0.464225
[Timer] step=720; percent=0.1; passedTime=1603.56; remTime=1.60195e+06; MLUPs=0.464225
[LatticeStatistics] step=740; t=0.0123333; uMax=0; avEnergy=0; avRho=0.0213076
[Timer] step=740; percent=0.102778; passedTime=1648.08; remTime=1.60189e+06; MLUPs=0.462765
[Timer] step=740; percent=0.102778; passedTime=1648.08; remTime=1.60189e+06; MLUPs=0.462765
[LatticeStatistics] step=760; t=0.0126667; uMax=0; avEnergy=0; avRho=0.0213076
[Timer] step=760; percent=0.105556; passedTime=1692.59; remTime=1.60182e+06; MLUPs=0.462942
[Timer] step=760; percent=0.105556; passedTime=1692.59; remTime=1.60182e+06; MLUPs=0.462942
[LatticeStatistics] step=780; t=0.013; uMax=0; avEnergy=0; avRho=0.0213076
[Timer] step=780; percent=0.108333; passedTime=1737.1; remTime=1.60174e+06; MLUPs=0.463005
[Timer] step=780; percent=0.108333; passedTime=1737.1; remTime=1.60174e+06; MLUPs=0.463005
[LatticeStatistics] step=800; t=0.0133333; uMax=0; avEnergy=0; avRho=0.0213076
[Timer] step=800; percent=0.111111; passedTime=1781.43; remTime=1.60151e+06; MLUPs=0.464769
[Timer] step=800; percent=0.111111; passedTime=1781.43; remTime=1.60151e+06; MLUPs=0.464769
[ValueTracer] average=0.0213076; stdDev/average=2.60789e-08
[LatticeStatistics] step=820; t=0.0136667; uMax=0; avEnergy=0; avRho=0.0213076
[Timer] step=820; percent=0.113889; passedTime=1825.87; remTime=1.60138e+06; MLUPs=0.463713
[Timer] step=820; percent=0.113889; passedTime=1825.87; remTime=1.60138e+06; MLUPs=0.463713
[main] Simulation converged. -- 838
[main] ------838
[main] Simulation converged. -- 838
[main] ./100case24_mcHardy/100case24.csv
0.000, 1.000000e+00, 0.000000e+00, 0.000000e+00, 0.000000e+00, 0.000000e+00, 0.000000e+00
0.010, 1.754200e+00, 4.688945e-02, 1.229990e-02, 6.468452e-01, -1.387779e-17, -1.387779e-17
0.020, 1.691089e+00, 4.943440e-02, 1.312842e-02, 6.374286e-01, -1.387779e-17, 3.469447e-18
0.030, 1.621868e+00, 5.146985e-02, 1.382414e-02, 6.232819e-01, -1.387779e-17, -3.469447e-17
0.040, 1.547960e+00, 5.312671e-02, 1.440187e-02, 6.056267e-01, 0.000000e+00, 1.040834e-17
0.050, 1.471216e+00, 5.441843e-02, 1.487690e-02, 5.849834e-01, 3.469447e-18, -6.938894e-18
0.060, 1.392571e+00, 5.544109e-02, 1.525870e-02, 5.623096e-01, 6.938894e-18, 3.469447e-18
0.070, 1.313464e+00, 5.618451e-02, 1.555864e-02, 5.379247e-01, 1.387779e-17, -2.428613e-17
0.080, 1.234429e+00, 5.670187e-02, 1.578323e-02, 5.125761e-01, -3.469447e-18, 1.040834e-17
0.090, 1.156575e+00, 5.698285e-02, 1.594142e-02, 4.864303e-01, 1.040834e-17, -1.040834e-17
0.100, 1.080127e+00, 5.707184e-02, 1.603949e-02, 4.600750e-01, 0.000000e+00, 0.000000e+00
0.110, 1.005943e+00, 5.695495e-02, 1.608455e-02, 4.335639e-01, 0.000000e+00, 2.081668e-17
0.120, 9.242759e-01, 5.645931e-02, 1.603094e-02, 3.979481e-01, 0.000000e+00, 6.938894e-18
0.130, 8.484119e-01, 5.583182e-02, 1.593978e-02, 3.649142e-01, 1.040834e-17, -3.469447e-18
0.140, 7.778343e-01, 5.509456e-02, 1.581287e-02, 3.341186e-01, -6.938894e-18, 0.000000e+00
0.150, 7.126701e-01, 5.423381e-02, 1.565925e-02, 3.057380e-01, 1.387779e-17, 0.000000e+00
0.160, 6.523881e-01, 5.418467e-02, 1.547912e-02, 2.794489e-01, 0.000000e+00, 0.000000e+00
0.170, 5.969508e-01, 5.379870e-02, 1.527726e-02, 2.553195e-01, -3.469447e-18, 1.040834e-17
0.180, 5.458676e-01, 5.314187e-02, 1.505546e-02, 2.330674e-01, -6.938894e-18, 3.469447e-18
0.190, 4.990186e-01, 5.222837e-02, 1.481848e-02, 2.127005e-01, 3.469447e-18, 3.469447e-18
0.200, 4.559709e-01, 5.111507e-02, 1.456535e-02, 1.939794e-01, 1.387779e-17, -3.469447e-18
0.210, 4.165688e-01, 4.982341e-02, 1.429749e-02, 1.768787e-01, -1.387779e-17, 0.000000e+00
0.220, 3.804394e-01, 4.839509e-02, 1.401574e-02, 1.611989e-01, 0.000000e+00, 3.469447e-18
0.230, 3.474314e-01, 4.684998e-02, 1.372310e-02, 1.469105e-01, 2.081668e-17, 6.938894e-18
0.240, 3.172218e-01, 4.522161e-02, 1.342034e-02, 1.338432e-01, 6.938894e-18, 0.000000e+00
0.250, 2.896436e-01, 4.352713e-02, 1.310990e-02, 1.219444e-01, 2.428613e-17, 6.938894e-18
0.260, 2.644276e-01, 4.179187e-02, 1.279250e-02, 1.110754e-01, 6.938894e-18, 6.938894e-18
0.270, 2.414206e-01, 4.002536e-02, 1.247015e-02, 1.011838e-01, 1.387779e-17, 1.734723e-17
0.280, 2.203987e-01, 3.824912e-02, 1.220451e-02, 9.215628e-02, 3.122502e-17, 1.040834e-17
0.290, 2.012248e-01, 3.647430e-02, 1.197123e-02, 8.394355e-02, 1.456003e-31, -1.040834e-17
0.300, 1.837141e-01, 3.471666e-02, 1.170593e-02, 7.645340e-02, -1.387779e-17, -6.938894e-18
0.310, 1.677459e-01, 3.298378e-02, 1.141372e-02, 6.964081e-02, 0.000000e+00, 1.387779e-17
0.320, 1.531677e-01, 3.128696e-02, 1.109745e-02, 6.343077e-02, -3.469447e-18, 0.000000e+00
0.330, 1.398748e-01, 2.963086e-02, 1.076215e-02, 5.778312e-02, 0.000000e+00, 0.000000e+00
0.340, 1.277433e-01, 2.802327e-02, 1.041079e-02, 5.263886e-02, 0.000000e+00, -6.938894e-18
0.350, 1.166811e-01, 2.646654e-02, 1.004788e-02, 4.796024e-02, -1.387779e-17, 3.851860e-32
0.360, 1.065858e-01, 2.496583e-02, 9.676114e-03, 4.369911e-02, 0.000000e+00, -6.938894e-18
0.370, 9.737929e-02, 2.349353e-02, 9.299242e-03, 3.982326e-02, -1.387779e-17, 6.938894e-18
0.380, 8.897717e-02, 2.208871e-02, 8.919542e-03, 3.629341e-02, 0.000000e+00, 6.938894e-18
0.390, 8.131351e-02, 2.074994e-02, 8.539701e-03, 3.308222e-02, -1.387779e-17, 0.000000e+00
0.400, 7.431877e-02, 1.947823e-02, 8.161389e-03, 3.015762e-02, 2.775558e-17, -6.938894e-18
0.410, 6.793748e-02, 1.827132e-02, 7.787068e-03, 2.749652e-02, 1.387779e-17, -7.703720e-32
0.420, 6.211232e-02, 1.712870e-02, 7.418255e-03, 2.507274e-02, 0.000000e+00, 1.387779e-17
0.430, 5.679677e-02, 1.604787e-02, 7.056770e-03, 2.286685e-02, 1.387779e-17, 1.387779e-17
0.440, 5.194354e-02, 1.502747e-02, 6.703655e-03, 2.085742e-02, 1.387779e-17, 0.000000e+00
0.450, 4.751371e-02, 1.406480e-02, 6.360180e-03, 1.902819e-02, 0.000000e+00, -6.938894e-18
0.460, 4.346826e-02, 1.315801e-02, 6.026962e-03, 1.736161e-02, 0.000000e+00, 6.938894e-18
0.470, 3.977467e-02, 1.230436e-02, 5.704828e-03, 1.584407e-02, -2.775558e-17, -6.938894e-18
0.480, 3.640071e-02, 1.150188e-02, 5.394074e-03, 1.446120e-02, 1.387779e-17, 2.081668e-17
0.490, 3.331923e-02, 1.074782e-02, 5.093162e-03, 1.320163e-02, 0.000000e+00, -6.938894e-18
0.500, 3.050364e-02, 1.003999e-02, 4.803015e-03, 1.205359e-02, 2.775558e-17, 1.040834e-17
0.510, 2.793124e-02, 9.375789e-03, 4.525932e-03, 1.100757e-02, -1.387779e-17, 0.000000e+00
0.520, 2.558009e-02, 8.753068e-03, 4.261742e-03, 1.005394e-02, 1.387779e-17, 2.081668e-17
0.530, 2.343131e-02, 8.169416e-03, 4.010334e-03, 9.184799e-03, -1.387779e-17, 0.000000e+00
0.540, 2.146671e-02, 7.622777e-03, 3.771386e-03, 8.392213e-03, 1.387779e-17, 0.000000e+00
0.550, 1.967057e-02, 7.110940e-03, 3.544650e-03, 7.669618e-03, -2.775558e-17, 0.000000e+00
0.560, 1.802782e-02, 6.631979e-03, 3.329719e-03, 7.010482e-03, 0.000000e+00, 6.938894e-18
0.570, 1.652537e-02, 6.183888e-03, 3.126252e-03, 6.409349e-03, 1.387779e-17, 7.087422e-32
0.580, 1.515074e-02, 5.764892e-03, 2.933798e-03, 5.860846e-03, 1.387779e-17, 1.387779e-17
0.590, 1.389302e-02, 5.373189e-03, 2.751964e-03, 5.360440e-03, -1.232595e-32, -1.232595e-32
0.600, 1.274187e-02, 5.007150e-03, 2.580292e-03, 4.903705e-03, 1.387779e-17, 0.000000e+00
0.610, 1.168821e-02, 4.665161e-03, 2.418371e-03, 4.486875e-03, 0.000000e+00, 1.387779e-17
0.620, 1.072345e-02, 4.345748e-03, 2.265733e-03, 4.106304e-03, 0.000000e+00, 0.000000e+00
0.630, 9.840022e-03, 4.047471e-03, 2.121954e-03, 3.758864e-03, -1.387779e-17, 6.938894e-18
0.640, 9.030806e-03, 3.769010e-03, 1.986583e-03, 3.441546e-03, 1.387779e-17, 6.938894e-18
0.650, 8.289488e-03, 3.509084e-03, 1.859210e-03, 3.151754e-03, 0.000000e+00, 0.000000e+00
0.660, 7.610153e-03, 3.266512e-03, 1.739407e-03, 2.887004e-03, -1.387779e-17, 0.000000e+00
0.670, 6.987535e-03, 3.040164e-03, 1.626786e-03, 2.645140e-03, 2.775558e-17, -6.938894e-18
0.680, 6.416715e-03, 2.828990e-03, 1.520948e-03, 2.424111e-03, 0.000000e+00, -6.938894e-18
0.690, 5.893301e-03, 2.631988e-03, 1.421531e-03, 2.222125e-03, -1.387779e-17, -1.387779e-17
0.700, 5.413197e-03, 2.448231e-03, 1.328167e-03, 2.037488e-03, 0.000000e+00, 6.938894e-18
0.710, 4.972736e-03, 2.276835e-03, 1.240520e-03, 1.868711e-03, 0.000000e+00, 0.000000e+00
0.720, 4.568507e-03, 2.116978e-03, 1.158254e-03, 1.714393e-03, 2.775558e-17, 1.387779e-17
0.730, 4.197445e-03, 1.967883e-03, 1.081060e-03, 1.573298e-03, -1.387779e-17, 0.000000e+00
0.740, 3.856703e-03, 1.828825e-03, 1.008634e-03, 1.444266e-03, 0.000000e+00, 1.387779e-17
0.750, 3.543719e-03, 1.699120e-03, 9.406922e-04, 1.326270e-03, -1.387779e-17, 0.000000e+00
0.760, 3.256116e-03, 1.578119e-03, 8.769578e-04, 1.218351e-03, 0.000000e+00, 6.938894e-18
0.770, 2.991748e-03, 1.465231e-03, 8.171745e-04, 1.119655e-03, 1.387779e-17, 6.938894e-18
0.780, 2.748625e-03, 1.359893e-03, 7.610933e-04, 1.029388e-03, 0.000000e+00, -6.938894e-18
0.790, 2.524949e-03, 1.261576e-03, 7.084825e-04, 9.468427e-04, 0.000000e+00, 1.387779e-17
0.800, 2.319051e-03, 1.169788e-03, 6.591181e-04, 8.713613e-04, -1.387779e-17, -6.938894e-18
0.810, 2.129420e-03, 1.084062e-03, 6.127911e-04, 8.023561e-04, 0.000000e+00, -6.938894e-18
0.820, 1.954655e-03, 1.003964e-03, 5.693007e-04, 7.392843e-04, 1.387779e-17, 0.000000e+00
0.830, 1.793483e-03, 9.290856e-04, 5.284588e-04, 6.816583e-04, 1.387779e-17, 0.000000e+00
0.840, 1.644721e-03, 8.590427e-04, 4.900851e-04, 6.290308e-04, 1.387779e-17, 0.000000e+00
0.850, 1.507296e-03, 7.934749e-04, 4.540103e-04, 5.809980e-04, 1.387779e-17, -6.938894e-18
0.860, 1.380205e-03, 7.320598e-04, 4.200722e-04, 5.371929e-04, -1.387779e-17, -6.938894e-18
0.870, 1.262537e-03, 6.744628e-04, 3.881188e-04, 4.972819e-04, 1.387779e-17, -6.938894e-18
0.880, 1.153436e-03, 6.203836e-04, 3.579570e-04, 4.609664e-04, 0.000000e+00, -1.387779e-17
0.890, 1.052127e-03, 5.695390e-04, 3.294323e-04, 4.279720e-04, -2.775558e-17, -6.938894e-18
0.900, 9.577059e-04, 5.216496e-04, 3.024532e-04, 3.982044e-04, 0.000000e+00, -1.387779e-17
0.910, 8.696656e-04, 4.764737e-04, 2.768976e-04, 3.712941e-04, -1.387779e-17, -1.387779e-17
0.920, 7.873749e-04, 4.337718e-04, 2.526435e-04, 3.470373e-04, 1.387779e-17, 1.387779e-17
0.930, 7.102585e-04, 3.933159e-04, 2.295740e-04, 3.252586e-04, 1.387779e-17, 1.387779e-17
0.940, 6.377683e-04, 3.548895e-04, 2.075766e-04, 3.057928e-04, -1.387779e-17, 1.417484e-31
0.950, 5.694039e-04, 3.182855e-04, 1.865428e-04, 2.884992e-04, 1.540744e-31, -1.387779e-17
0.960, 5.046863e-04, 2.833059e-04, 1.663677e-04, 2.732442e-04, -1.387779e-17, 6.938894e-18
0.970, 4.431786e-04, 2.497593e-04, 1.469497e-04, 2.599152e-04, -1.387779e-17, 0.000000e+00
0.980, 3.844614e-04, 2.174624e-04, 1.281896e-04, 2.484025e-04, 1.387779e-17, 0.000000e+00
0.990, 3.281543e-04, 1.862364e-04, 1.099903e-04, 2.386145e-04, -1.387779e-17, -6.938894e-18
1.000, 0.000000e+00, 0.000000e+00, 0.000000e+00, 0.000000e+00, 0.000000e+00, 0.000000e+00
[Timer] 
[Timer] ----------------Summary:Timer----------------
[Timer] measured time (rt) : 1867.497s
[Timer] measured time (cpu): 1867.010s
[Timer] average MLUPs :       0.452
[Timer] average MLUPps:       0.452
[Timer] ---------------------------------------------
