1
node23
[MpiManager] Sucessfully initialized, numThreads=1
[Directories] Directory ./100case5_mcHardy/ created.
[Directories] Directory ./100case5_mcHardy/imageData/ created.
[Directories] Directory ./100case5_mcHardy/imageData/data/ created.
[Directories] Directory ./100case5_mcHardy/vtkData/ created.
[Directories] Directory ./100case5_mcHardy/vtkData/data/ created.
[Directories] Directory ./100case5_mcHardy/gnuplotData/ created.
[Directories] Directory ./100case5_mcHardy/gnuplotData/data/ created.
[main] case5
[main] omega = .... 1
[main] omega 1
[main] working with direct discretization
[AnisotropyMatrix] Call AnistorpiyMatrix()
[AnisotropyMatrix] Compute anisotropy matrix ...
[AnisotropyMatrix] Terminate after 0 iterations
[main] 1, 1, 1, 1, 1, 1, 1, 1, 1, 1, 1, 1, 1, 1, 1, 1, 1, 1, 1, 1, 1, 1, 1, 1, 1, 1, 
[main] 1, 1, 1, 1, 1, 1, 1, 1, 1, 1, 1, 1, 1, 1, 1, 1, 1, 1, 1, 1, 1, 1, 1, 1, 1, 1, 
[main] 1, 1, 1, 1, 1, 1, 1, 1, 1, 1, 1, 1, 1, 1, 1, 1, 1, 1, 1, 1, 1, 1, 1, 1, 1, 1, 
[main] 1, 1, 1, 1, 1, 1, 1, 1, 1, 1, 1, 1, 1, 1, 1, 1, 1, 1, 1, 1, 1, 1, 1, 1, 1, 1, 
[main] 1, 1, 1, 1, 1, 1, 1, 1, 1, 1, 1, 1, 1, 1, 1, 1, 1, 1, 1, 1, 1, 1, 1, 1, 1, 1, 
[main] 1, 1, 1, 1, 1, 1, 1, 1, 1, 1, 1, 1, 1, 1, 1, 1, 1, 1, 1, 1, 1, 1, 1, 1, 1, 1, 
[main] 1, 1, 1, 1, 1, 1, 1, 1, 1, 1, 1, 1, 1, 1, 1, 1, 1, 1, 1, 1, 1, 1, 1, 1, 1, 1, 
[main] 1, 1, 1, 1, 1, 1, 1, 1, 1, 1, 1, 1, 1, 1, 1, 1, 1, 1, 1, 1, 1, 1, 1, 1, 1, 1, 
[main] 1, 1, 1, 1, 1, 1, 1, 1, 1, 1, 1, 1, 1, 1, 1, 1, 1, 1, 1, 1, 1, 1, 1, 1, 1, 1, 
[main] 1, 1, 1, 1, 1, 1, 1, 1, 1, 1, 1, 1, 1, 1, 1, 1, 1, 1, 1, 1, 1, 1, 1, 1, 1, 1, 
[main] 1, 1, 1, 1, 1, 1, 1, 1, 1, 1, 1, 1, 1, 1, 1, 1, 1, 1, 1, 1, 1, 1, 1, 1, 1, 1, 
[main] 1, 1, 1, 1, 1, 1, 1, 1, 1, 1, 1, 1, 1, 1, 1, 1, 1, 1, 1, 1, 1, 1, 1, 1, 1, 1, 
[main] 1, 1, 1, 1, 1, 1, 1, 1, 1, 1, 1, 1, 1, 1, 1, 1, 1, 1, 1, 1, 1, 1, 1, 1, 1, 1, 
[main] 1, 1, 1, 1, 1, 1, 1, 1, 1, 1, 1, 1, 1, 1, 1, 1, 1, 1, 1, 1, 1, 1, 1, 1, 1, 1, 
[main] 1, 1, 1, 1, 1, 1, 1, 1, 1, 1, 1, 1, 1, 1, 1, 1, 1, 1, 1, 1, 1, 1, 1, 1, 1, 1, 
[main] 1, 1, 1, 1, 1, 1, 1, 1, 1, 1, 1, 1, 1, 1, 1, 1, 1, 1, 1, 1, 1, 1, 1, 1, 1, 1, 
[main] 1, 1, 1, 1, 1, 1, 1, 1, 1, 1, 1, 1, 1, 1, 1, 1, 1, 1, 1, 1, 1, 1, 1, 1, 1, 1, 
[main] 1, 1, 1, 1, 1, 1, 1, 1, 1, 1, 1, 1, 1, 1, 1, 1, 1, 1, 1, 1, 1, 1, 1, 1, 1, 1, 
[main] 1, 1, 1, 1, 1, 1, 1, 1, 1, 1, 1, 1, 1, 1, 1, 1, 1, 1, 1, 1, 1, 1, 1, 1, 1, 1, 
[main] 1, 1, 1, 1, 1, 1, 1, 1, 1, 1, 1, 1, 1, 1, 1, 1, 1, 1, 1, 1, 1, 1, 1, 1, 1, 1, 
[main] 1, 1, 1, 1, 1, 1, 1, 1, 1, 1, 1, 1, 1, 1, 1, 1, 1, 1, 1, 1, 1, 1, 1, 1, 1, 1, 
[main] 1, 1, 1, 1, 1, 1, 1, 1, 1, 1, 1, 1, 1, 1, 1, 1, 1, 1, 1, 1, 1, 1, 1, 1, 1, 1, 
[main] 1, 1, 1, 1, 1, 1, 1, 1, 1, 1, 1, 1, 1, 1, 1, 1, 1, 1, 1, 1, 1, 1, 1, 1, 1, 1, 
[main] 1, 1, 1, 1, 1, 1, 1, 1, 1, 1, 1, 1, 1, 1, 1, 1, 1, 1, 1, 1, 1, 1, 1, 1, 1, 1, 
[main] 1, 1, 1, 1, 1, 1, 1, 1, 1, 1, 1, 1, 1, 1, 1, 1, 1, 1, 1, 1, 1, 1, 1, 1, 1, 1, 
[main] 1, 1, 1, 1, 1, 1, 1, 1, 1, 1, 1, 1, 1, 1, 1, 1, 1, 1, 1, 1, 1, 1, 1, 1, 1, 1, 
[RadiativeUnitConverter] ----------------- UnitConverter information -----------------
[RadiativeUnitConverter] -- Parameters:
[RadiativeUnitConverter] Resolution:                       N=              100
[RadiativeUnitConverter] Lattice relaxation frequency:     omega=          1
[RadiativeUnitConverter] Lattice relaxation time:          tau=            1
[RadiativeUnitConverter] Characteristical length(m):       charL=          1
[RadiativeUnitConverter] Phys. density(kg/m^d):            charRho=        1
[RadiativeUnitConverter] Phys. absorption(1/m):            mu_a=           0
[RadiativeUnitConverter] Phys. scattering(1/m):            mu_s=           2
[RadiativeUnitConverter] Extinction(1/m):                  mu_t=           2
[RadiativeUnitConverter] Effective attenuation(1/m):       mu_eff=         0
[RadiativeUnitConverter] Phys. diffusion(m):               D=              0.166667
[RadiativeUnitConverter] Single scattering albedo:         albedo=         1
[RadiativeUnitConverter] Anisotropy factor:                g=              0
[RadiativeUnitConverter] 
[RadiativeUnitConverter] Lattice diffusion:                D^*=            16.6667
[RadiativeUnitConverter] Lattice absorption:               absorption=     0
[RadiativeUnitConverter] Lattice scattering:               scattering=     0.02
[RadiativeUnitConverter] Lattice sink:                     sink=           0
[RadiativeUnitConverter] C_R: 1
[RadiativeUnitConverter] r_F: 1.97044
[RadiativeUnitConverter] 
[RadiativeUnitConverter] -- Conversion factors:
[RadiativeUnitConverter] Voxel length(m):                  physDeltaX=     0.01
[RadiativeUnitConverter] Time step(s):                     physDeltaT=     1.66667e-05
[RadiativeUnitConverter] Density factor(kg/m^3):           physDensity=    1
[RadiativeUnitConverter] -------------------------------------------------------------
[prepareGeometryCube] Prepare cubeGeometry ...
[SuperGeometry3D] cleaned 0 outer boundary voxel(s)
[SuperGeometry3D] cleaned 0 inner boundary voxel(s)
[SuperGeometry3D] the model is correct!
[CuboidGeometry3D] ---Cuboid Stucture Statistics---
[CuboidGeometry3D]  Number of Cuboids: 	2
[CuboidGeometry3D]  Delta  (min): 		0.01
[CuboidGeometry3D]         (max): 		0.01
[CuboidGeometry3D]  Ratio  (min): 		0.49505
[CuboidGeometry3D]         (max): 		2.02
[CuboidGeometry3D]  Nodes  (min): 		510050
[CuboidGeometry3D]         (max): 		520251
[CuboidGeometry3D]  Weight (min): 		510050
[CuboidGeometry3D]         (max): 		520251
[CuboidGeometry3D] --------------------------------
[SuperGeometryStatistics3D] materialNumber=1; count=970299; minPhysR=(0.01,-0.49,-0.49); maxPhysR=(0.99,0.49,0.49)
[SuperGeometryStatistics3D] materialNumber=2; count=59561; minPhysR=(0,-0.5,-0.5); maxPhysR=(1,0.5,0.5)
[SuperGeometryStatistics3D] materialNumber=3; count=441; minPhysR=(0,-0.1,-0.1); maxPhysR=(0,0.1,0.1)
[prepareGeometryCube] Prepare cubeGeometry ... OK
[prepareLattice] Prepare Lattice ...
[prepareLattice] Prepare Lattice ... OK
[main] iT convergence criteria: 160
[LatticeStatistics] step=0; t=0; uMax=0; avEnergy=0; avRho=1
[Timer] step=0; percent=0; passedTime=0; remTime=0.001; MLUPs=0
[Timer] step=0; percent=0; passedTime=0; remTime=0.001; MLUPs=0
[LatticeStatistics] step=20; t=0.000333333; uMax=0; avEnergy=0; avRho=0.00882401
[Timer] step=20; percent=0.00277778; passedTime=44.852; remTime=1.61463e+06; MLUPs=0.459423
[Timer] step=20; percent=0.00277778; passedTime=44.852; remTime=1.61463e+06; MLUPs=0.459423
[LatticeStatistics] step=40; t=0.000666667; uMax=0; avEnergy=0; avRho=0.0182431
[Timer] step=40; percent=0.00555556; passedTime=89.014; remTime=1.60216e+06; MLUPs=0.466601
[Timer] step=40; percent=0.00555556; passedTime=89.014; remTime=1.60216e+06; MLUPs=0.466601
[LatticeStatistics] step=60; t=0.001; uMax=0; avEnergy=0; avRho=0.0273366
[Timer] step=60; percent=0.00833333; passedTime=133.215; remTime=1.59845e+06; MLUPs=0.466189
[Timer] step=60; percent=0.00833333; passedTime=133.215; remTime=1.59845e+06; MLUPs=0.466189
[LatticeStatistics] step=80; t=0.00133333; uMax=0; avEnergy=0; avRho=0.035208
[Timer] step=80; percent=0.0111111; passedTime=177.342; remTime=1.5959e+06; MLUPs=0.466971
[Timer] step=80; percent=0.0111111; passedTime=177.342; remTime=1.5959e+06; MLUPs=0.466971
[LatticeStatistics] step=100; t=0.00166667; uMax=0; avEnergy=0; avRho=0.0417123
[Timer] step=100; percent=0.0138889; passedTime=221.444; remTime=1.59418e+06; MLUPs=0.467246
[Timer] step=100; percent=0.0138889; passedTime=221.444; remTime=1.59418e+06; MLUPs=0.467246
[LatticeStatistics] step=120; t=0.002; uMax=0; avEnergy=0; avRho=0.044805
[Timer] step=120; percent=0.0166667; passedTime=265.55; remTime=1.59303e+06; MLUPs=0.467204
[Timer] step=120; percent=0.0166667; passedTime=265.55; remTime=1.59303e+06; MLUPs=0.467204
[LatticeStatistics] step=140; t=0.00233333; uMax=0; avEnergy=0; avRho=0.0466825
[Timer] step=140; percent=0.0194444; passedTime=309.647; remTime=1.59216e+06; MLUPs=0.467288
[Timer] step=140; percent=0.0194444; passedTime=309.647; remTime=1.59216e+06; MLUPs=0.467288
[LatticeStatistics] step=160; t=0.00266667; uMax=0; avEnergy=0; avRho=0.0477219
[Timer] step=160; percent=0.0222222; passedTime=353.76; remTime=1.59157e+06; MLUPs=0.467119
[Timer] step=160; percent=0.0222222; passedTime=353.76; remTime=1.59157e+06; MLUPs=0.467119
[ValueTracer] average=0.0310217; stdDev/average=0.485077
[LatticeStatistics] step=180; t=0.003; uMax=0; avEnergy=0; avRho=0.0483244
[Timer] step=180; percent=0.025; passedTime=397.94; remTime=1.59136e+06; MLUPs=0.466421
[Timer] step=180; percent=0.025; passedTime=397.94; remTime=1.59136e+06; MLUPs=0.466421
[LatticeStatistics] step=200; t=0.00333333; uMax=0; avEnergy=0; avRho=0.0486739
[Timer] step=200; percent=0.0277778; passedTime=442.126; remTime=1.59121e+06; MLUPs=0.466337
[Timer] step=200; percent=0.0277778; passedTime=442.126; remTime=1.59121e+06; MLUPs=0.466337
[LatticeStatistics] step=220; t=0.00366667; uMax=0; avEnergy=0; avRho=0.0488747
[Timer] step=220; percent=0.0305556; passedTime=486.231; remTime=1.59082e+06; MLUPs=0.467204
[Timer] step=220; percent=0.0305556; passedTime=486.231; remTime=1.59082e+06; MLUPs=0.467204
[LatticeStatistics] step=240; t=0.004; uMax=0; avEnergy=0; avRho=0.0489902
[Timer] step=240; percent=0.0333333; passedTime=530.436; remTime=1.59078e+06; MLUPs=0.466147
[Timer] step=240; percent=0.0333333; passedTime=530.436; remTime=1.59078e+06; MLUPs=0.466147
[LatticeStatistics] step=260; t=0.00433333; uMax=0; avEnergy=0; avRho=0.0490567
[Timer] step=260; percent=0.0361111; passedTime=574.597; remTime=1.59062e+06; MLUPs=0.466622
[Timer] step=260; percent=0.0361111; passedTime=574.597; remTime=1.59062e+06; MLUPs=0.466622
[LatticeStatistics] step=280; t=0.00466667; uMax=0; avEnergy=0; avRho=0.049095
[Timer] step=280; percent=0.0388889; passedTime=618.706; remTime=1.59034e+06; MLUPs=0.467161
[Timer] step=280; percent=0.0388889; passedTime=618.706; remTime=1.59034e+06; MLUPs=0.467161
[LatticeStatistics] step=300; t=0.005; uMax=0; avEnergy=0; avRho=0.0491171
[Timer] step=300; percent=0.0416667; passedTime=662.875; remTime=1.59024e+06; MLUPs=0.466537
[Timer] step=300; percent=0.0416667; passedTime=662.875; remTime=1.59024e+06; MLUPs=0.466537
[LatticeStatistics] step=320; t=0.00533333; uMax=0; avEnergy=0; avRho=0.0491298
[Timer] step=320; percent=0.0444444; passedTime=707.072; remTime=1.5902e+06; MLUPs=0.466221
[Timer] step=320; percent=0.0444444; passedTime=707.072; remTime=1.5902e+06; MLUPs=0.466221
[ValueTracer] average=0.0488321; stdDev/average=0.00727022
[LatticeStatistics] step=340; t=0.00566667; uMax=0; avEnergy=0; avRho=0.0491372
[Timer] step=340; percent=0.0472222; passedTime=751.23; remTime=1.59009e+06; MLUPs=0.466643
[Timer] step=340; percent=0.0472222; passedTime=751.23; remTime=1.59009e+06; MLUPs=0.466643
[LatticeStatistics] step=360; t=0.006; uMax=0; avEnergy=0; avRho=0.0491414
[Timer] step=360; percent=0.05; passedTime=795.36; remTime=1.58992e+06; MLUPs=0.46695
[Timer] step=360; percent=0.05; passedTime=795.36; remTime=1.58992e+06; MLUPs=0.46695
[LatticeStatistics] step=380; t=0.00633333; uMax=0; avEnergy=0; avRho=0.0491438
[Timer] step=380; percent=0.0527778; passedTime=839.418; remTime=1.58964e+06; MLUPs=0.467702
[Timer] step=380; percent=0.0527778; passedTime=839.418; remTime=1.58964e+06; MLUPs=0.467702
[LatticeStatistics] step=400; t=0.00666667; uMax=0; avEnergy=0; avRho=0.0491452
[Timer] step=400; percent=0.0555556; passedTime=883.596; remTime=1.58959e+06; MLUPs=0.466442
[Timer] step=400; percent=0.0555556; passedTime=883.596; remTime=1.58959e+06; MLUPs=0.466442
[LatticeStatistics] step=420; t=0.007; uMax=0; avEnergy=0; avRho=0.049146
[Timer] step=420; percent=0.0583333; passedTime=927.811; remTime=1.58961e+06; MLUPs=0.466041
[Timer] step=420; percent=0.0583333; passedTime=927.811; remTime=1.58961e+06; MLUPs=0.466041
[LatticeStatistics] step=440; t=0.00733333; uMax=0; avEnergy=0; avRho=0.0491465
[Timer] step=440; percent=0.0611111; passedTime=972.025; remTime=1.58961e+06; MLUPs=0.466052
[Timer] step=440; percent=0.0611111; passedTime=972.025; remTime=1.58961e+06; MLUPs=0.466052
[LatticeStatistics] step=460; t=0.00766667; uMax=0; avEnergy=0; avRho=0.0491467
[Timer] step=460; percent=0.0638889; passedTime=1016.12; remTime=1.58944e+06; MLUPs=0.467267
[Timer] step=460; percent=0.0638889; passedTime=1016.12; remTime=1.58944e+06; MLUPs=0.467267
[LatticeStatistics] step=480; t=0.008; uMax=0; avEnergy=0; avRho=0.0491469
[Timer] step=480; percent=0.0666667; passedTime=1060.31; remTime=1.5894e+06; MLUPs=0.4664
[Timer] step=480; percent=0.0666667; passedTime=1060.31; remTime=1.5894e+06; MLUPs=0.4664
[ValueTracer] average=0.0491433; stdDev/average=8.7479e-05
[LatticeStatistics] step=500; t=0.00833333; uMax=0; avEnergy=0; avRho=0.049147
[Timer] step=500; percent=0.0694444; passedTime=1104.45; remTime=1.5893e+06; MLUPs=0.466812
[Timer] step=500; percent=0.0694444; passedTime=1104.45; remTime=1.5893e+06; MLUPs=0.466812
[LatticeStatistics] step=520; t=0.00866667; uMax=0; avEnergy=0; avRho=0.049147
[Timer] step=520; percent=0.0722222; passedTime=1148.54; remTime=1.58913e+06; MLUPs=0.467384
[Timer] step=520; percent=0.0722222; passedTime=1148.54; remTime=1.58913e+06; MLUPs=0.467384
[LatticeStatistics] step=540; t=0.009; uMax=0; avEnergy=0; avRho=0.0491471
[Timer] step=540; percent=0.075; passedTime=1192.85; remTime=1.58927e+06; MLUPs=0.465021
[Timer] step=540; percent=0.075; passedTime=1192.85; remTime=1.58927e+06; MLUPs=0.465021
[LatticeStatistics] step=560; t=0.00933333; uMax=0; avEnergy=0; avRho=0.0491471
[Timer] step=560; percent=0.0777778; passedTime=1237.2; remTime=1.58945e+06; MLUPs=0.46457
[Timer] step=560; percent=0.0777778; passedTime=1237.2; remTime=1.58945e+06; MLUPs=0.46457
[LatticeStatistics] step=580; t=0.00966667; uMax=0; avEnergy=0; avRho=0.0491471
[Timer] step=580; percent=0.0805556; passedTime=1281.52; remTime=1.58957e+06; MLUPs=0.464958
[Timer] step=580; percent=0.0805556; passedTime=1281.52; remTime=1.58957e+06; MLUPs=0.464958
[LatticeStatistics] step=600; t=0.01; uMax=0; avEnergy=0; avRho=0.0491471
[Timer] step=600; percent=0.0833333; passedTime=1325.8; remTime=1.58963e+06; MLUPs=0.465389
[Timer] step=600; percent=0.0833333; passedTime=1325.8; remTime=1.58963e+06; MLUPs=0.465389
[LatticeStatistics] step=620; t=0.0103333; uMax=0; avEnergy=0; avRho=0.0491471
[Timer] step=620; percent=0.0861111; passedTime=1370.12; remTime=1.58973e+06; MLUPs=0.464958
[Timer] step=620; percent=0.0861111; passedTime=1370.12; remTime=1.58973e+06; MLUPs=0.464958
[LatticeStatistics] step=640; t=0.0106667; uMax=0; avEnergy=0; avRho=0.0491471
[Timer] step=640; percent=0.0888889; passedTime=1414.26; remTime=1.58963e+06; MLUPs=0.46677
[Timer] step=640; percent=0.0888889; passedTime=1414.26; remTime=1.58963e+06; MLUPs=0.46677
[ValueTracer] average=0.0491471; stdDev/average=1.06262e-06
[LatticeStatistics] step=660; t=0.011; uMax=0; avEnergy=0; avRho=0.0491471
[Timer] step=660; percent=0.0916667; passedTime=1458.5; remTime=1.58963e+06; MLUPs=0.46582
[Timer] step=660; percent=0.0916667; passedTime=1458.5; remTime=1.58963e+06; MLUPs=0.46582
[LatticeStatistics] step=680; t=0.0113333; uMax=0; avEnergy=0; avRho=0.0491471
[Timer] step=680; percent=0.0944444; passedTime=1502.62; remTime=1.5895e+06; MLUPs=0.467098
[Timer] step=680; percent=0.0944444; passedTime=1502.62; remTime=1.5895e+06; MLUPs=0.467098
[LatticeStatistics] step=700; t=0.0116667; uMax=0; avEnergy=0; avRho=0.0491471
[Timer] step=700; percent=0.0972222; passedTime=1546.76; remTime=1.58941e+06; MLUPs=0.466791
[Timer] step=700; percent=0.0972222; passedTime=1546.76; remTime=1.58941e+06; MLUPs=0.466791
[LatticeStatistics] step=720; t=0.012; uMax=0; avEnergy=0; avRho=0.0491471
[Timer] step=720; percent=0.1; passedTime=1590.92; remTime=1.58933e+06; MLUPs=0.466632
[Timer] step=720; percent=0.1; passedTime=1590.92; remTime=1.58933e+06; MLUPs=0.466632
[LatticeStatistics] step=740; t=0.0123333; uMax=0; avEnergy=0; avRho=0.0491471
[Timer] step=740; percent=0.102778; passedTime=1635.07; remTime=1.58925e+06; MLUPs=0.466706
[Timer] step=740; percent=0.102778; passedTime=1635.07; remTime=1.58925e+06; MLUPs=0.466706
[LatticeStatistics] step=760; t=0.0126667; uMax=0; avEnergy=0; avRho=0.0491471
[Timer] step=760; percent=0.105556; passedTime=1679.18; remTime=1.58912e+06; MLUPs=0.467151
[Timer] step=760; percent=0.105556; passedTime=1679.18; remTime=1.58912e+06; MLUPs=0.467151
[LatticeStatistics] step=780; t=0.013; uMax=0; avEnergy=0; avRho=0.0491471
[Timer] step=780; percent=0.108333; passedTime=1723.42; remTime=1.58913e+06; MLUPs=0.465746
[Timer] step=780; percent=0.108333; passedTime=1723.42; remTime=1.58913e+06; MLUPs=0.465746
[LatticeStatistics] step=800; t=0.0133333; uMax=0; avEnergy=0; avRho=0.0491471
[Timer] step=800; percent=0.111111; passedTime=1767.58; remTime=1.58905e+06; MLUPs=0.466696
[Timer] step=800; percent=0.111111; passedTime=1767.58; remTime=1.58905e+06; MLUPs=0.466696
[ValueTracer] average=0.0491471; stdDev/average=1.29098e-08
[main] Simulation converged. -- 810
[main] ------810
[main] Simulation converged. -- 810
[main] ./100case5_mcHardy/100case5.csv
0.000, 1.000000e+00, 0.000000e+00, 0.000000e+00, 0.000000e+00, 0.000000e+00, 0.000000e+00
0.010, 1.216585e+00, 4.058974e-02, 2.798660e-02, 8.761228e-01, -1.387779e-17, -6.938894e-18
0.020, 1.206223e+00, 4.073671e-02, 2.808182e-02, 8.694321e-01, -1.387779e-17, 0.000000e+00
0.030, 1.195727e+00, 4.086598e-02, 2.816701e-02, 8.626691e-01, -2.081668e-17, 3.469447e-18
0.040, 1.185066e+00, 4.099570e-02, 2.824120e-02, 8.558708e-01, -6.938894e-18, 0.000000e+00
0.050, 1.174281e+00, 4.111787e-02, 2.830589e-02, 8.490034e-01, 0.000000e+00, 0.000000e+00
0.060, 1.163340e+00, 4.125088e-02, 2.836026e-02, 8.421037e-01, -1.387779e-17, -6.938894e-18
0.070, 1.152287e+00, 4.138602e-02, 2.840578e-02, 8.351383e-01, 6.938894e-18, 6.938894e-18
0.080, 1.141087e+00, 4.153021e-02, 2.844220e-02, 8.281438e-01, 1.387779e-17, 6.938894e-18
0.090, 1.129785e+00, 4.167629e-02, 2.847096e-02, 8.210872e-01, 0.000000e+00, 0.000000e+00
0.100, 1.118348e+00, 4.182960e-02, 2.849612e-02, 8.140049e-01, 6.938894e-18, 1.387779e-17
0.110, 1.106820e+00, 4.198307e-02, 2.852034e-02, 8.068644e-01, -1.387779e-17, 2.081668e-17
0.120, 1.087777e+00, 4.189539e-02, 2.836925e-02, 7.927682e-01, 1.387779e-17, 6.938894e-18
0.130, 1.069013e+00, 4.181593e-02, 2.820871e-02, 7.788967e-01, 6.938894e-18, -6.938894e-18
0.140, 1.050486e+00, 4.173878e-02, 2.803780e-02, 7.652155e-01, -1.387779e-17, -6.938894e-18
0.150, 1.032236e+00, 4.165374e-02, 2.787315e-02, 7.517559e-01, 2.081668e-17, -1.387779e-17
0.160, 1.014224e+00, 4.249355e-02, 2.771247e-02, 7.384850e-01, 0.000000e+00, 0.000000e+00
0.170, 9.964873e-01, 4.328368e-02, 2.755736e-02, 7.254320e-01, -6.938894e-18, -1.040834e-17
0.180, 9.789876e-01, 4.402875e-02, 2.740907e-02, 7.125657e-01, 1.387779e-17, 1.387779e-17
0.190, 9.617600e-01, 4.472605e-02, 2.727232e-02, 6.999134e-01, 6.938894e-18, 1.387779e-17
0.200, 9.447684e-01, 4.538012e-02, 2.714202e-02, 6.874453e-01, -1.387779e-17, 0.000000e+00
0.210, 9.280454e-01, 4.599116e-02, 2.701218e-02, 6.751871e-01, -1.387779e-17, -6.938894e-18
0.220, 9.115565e-01, 4.656066e-02, 2.688105e-02, 6.631102e-01, -2.081668e-17, 0.000000e+00
0.230, 8.953510e-01, 4.708878e-02, 2.675053e-02, 6.512520e-01, 6.938894e-18, 6.938894e-18
0.240, 8.793944e-01, 4.757710e-02, 2.661905e-02, 6.395844e-01, -2.081668e-17, -2.081668e-17
0.250, 8.637137e-01, 4.803076e-02, 2.648861e-02, 6.281289e-01, 0.000000e+00, -3.469447e-18
0.260, 8.482759e-01, 4.843111e-02, 2.635751e-02, 6.168591e-01, -3.469447e-18, -3.469447e-18
0.270, 8.331065e-01, 4.878560e-02, 2.622759e-02, 6.057950e-01, 2.081668e-17, -6.938894e-18
0.280, 8.181741e-01, 4.909650e-02, 2.642412e-02, 5.949114e-01, 1.387779e-17, 1.387779e-17
0.290, 8.035025e-01, 4.936436e-02, 2.692529e-02, 5.842273e-01, -6.938894e-18, -6.938894e-18
0.300, 7.890618e-01, 4.959139e-02, 2.739666e-02, 5.737188e-01, 1.387779e-17, 0.000000e+00
0.310, 7.748744e-01, 4.977801e-02, 2.784488e-02, 5.634035e-01, 1.387779e-17, 6.938894e-18
0.320, 7.609120e-01, 4.992644e-02, 2.826720e-02, 5.532589e-01, -1.387779e-17, 6.938894e-18
0.330, 7.471954e-01, 5.003696e-02, 2.866747e-02, 5.433017e-01, 0.000000e+00, 0.000000e+00
0.340, 7.337058e-01, 5.011173e-02, 2.904233e-02, 5.335178e-01, -2.775558e-17, -2.081668e-17
0.350, 7.204543e-01, 5.015095e-02, 2.939552e-02, 5.239149e-01, 2.081668e-17, 0.000000e+00
0.360, 7.074227e-01, 5.015682e-02, 2.972392e-02, 5.144799e-01, 0.000000e+00, 0.000000e+00
0.370, 6.946216e-01, 4.961870e-02, 3.003109e-02, 5.052197e-01, 2.081668e-17, 6.938894e-18
0.380, 6.820336e-01, 4.907194e-02, 3.031415e-02, 4.961219e-01, -1.387779e-17, -6.938894e-18
0.390, 6.696686e-01, 4.851478e-02, 3.057204e-02, 4.871930e-01, 0.000000e+00, 0.000000e+00
0.400, 6.575100e-01, 4.795069e-02, 3.079806e-02, 4.784212e-01, 2.775558e-17, 1.387779e-17
0.410, 6.455653e-01, 4.737735e-02, 3.099499e-02, 4.698125e-01, 0.000000e+00, 6.938894e-18
0.420, 6.338190e-01, 4.679636e-02, 3.116071e-02, 4.613557e-01, 0.000000e+00, -6.938894e-18
0.430, 6.222798e-01, 4.620792e-02, 3.129874e-02, 4.530563e-01, -2.775558e-17, -6.938894e-18
0.440, 6.109327e-01, 4.561354e-02, 3.140724e-02, 4.449038e-01, 0.000000e+00, 6.938894e-18
0.450, 5.997858e-01, 4.501324e-02, 3.149046e-02, 4.369031e-01, -2.775558e-17, -1.387779e-17
0.460, 5.888249e-01, 4.440851e-02, 3.154589e-02, 4.290444e-01, 6.938894e-18, -1.387779e-17
0.470, 5.780577e-01, 4.379928e-02, 3.157825e-02, 4.213324e-01, 3.235562e-32, 6.938894e-18
0.480, 5.674703e-01, 4.319093e-02, 3.158447e-02, 4.137575e-01, 0.000000e+00, -6.938894e-18
0.490, 5.570701e-01, 4.258300e-02, 3.138846e-02, 4.063241e-01, 1.387779e-17, 6.938894e-18
0.500, 5.468440e-01, 4.197641e-02, 3.100060e-02, 3.990235e-01, -1.387779e-17, -1.387779e-17
0.510, 5.367442e-01, 4.135861e-02, 3.059200e-02, 3.918402e-01, 0.000000e+00, -6.938894e-18
0.520, 5.268147e-01, 4.074297e-02, 3.014869e-02, 3.847877e-01, 2.775558e-17, 1.387779e-17
0.530, 5.170619e-01, 4.012904e-02, 2.967249e-02, 3.778687e-01, 1.387779e-17, 0.000000e+00
0.540, 5.074736e-01, 3.951757e-02, 2.918974e-02, 3.710759e-01, 2.775558e-17, 0.000000e+00
0.550, 4.980557e-01, 3.890734e-02, 2.870340e-02, 3.644119e-01, 0.000000e+00, 0.000000e+00
0.560, 4.887965e-01, 3.829900e-02, 2.821148e-02, 3.578699e-01, 1.387779e-17, -2.081668e-17
0.570, 4.797018e-01, 3.769207e-02, 2.771671e-02, 3.514520e-01, 1.387779e-17, -2.126227e-31
0.580, 4.707603e-01, 3.708712e-02, 2.721721e-02, 3.451520e-01, 1.417484e-31, -6.938894e-18
0.590, 4.619773e-01, 3.648468e-02, 2.671548e-02, 3.389717e-01, -2.775558e-17, 6.938894e-18
0.600, 4.533420e-01, 3.588423e-02, 2.621103e-02, 3.329052e-01, 0.000000e+00, -1.387779e-17
0.610, 4.448596e-01, 3.528624e-02, 2.570733e-02, 3.269542e-01, 1.040834e-17, 1.040834e-17
0.620, 4.365206e-01, 3.469096e-02, 2.520300e-02, 3.211134e-01, 1.387779e-17, 0.000000e+00
0.630, 4.283301e-01, 3.409770e-02, 2.470098e-02, 3.153841e-01, -2.775558e-17, -1.387779e-17
0.640, 4.202777e-01, 3.350711e-02, 2.420031e-02, 3.097613e-01, 0.000000e+00, 0.000000e+00
0.650, 4.123681e-01, 3.283801e-02, 2.370300e-02, 3.042460e-01, 2.775558e-17, 6.938894e-18
0.660, 4.045915e-01, 3.217069e-02, 2.320689e-02, 2.988337e-01, 1.387779e-17, 2.081668e-17
0.670, 3.969525e-01, 3.150515e-02, 2.271435e-02, 2.935251e-01, 0.000000e+00, 1.387779e-17
0.680, 3.894413e-01, 3.084140e-02, 2.222289e-02, 2.883161e-01, 0.000000e+00, 1.387779e-17
0.690, 3.820625e-01, 3.017944e-02, 2.173519e-02, 2.832071e-01, 2.775558e-17, 7.703720e-32
0.700, 3.748053e-01, 2.951929e-02, 2.124884e-02, 2.781957e-01, -1.540744e-31, -6.938894e-18
0.710, 3.676754e-01, 2.886092e-02, 2.076661e-02, 2.732808e-01, 1.387779e-17, -6.938894e-18
0.720, 3.606622e-01, 2.820433e-02, 2.028563e-02, 2.684604e-01, -3.469447e-17, 6.938894e-18
0.730, 3.537713e-01, 2.754947e-02, 1.985839e-02, 2.637333e-01, -1.387779e-17, 0.000000e+00
0.740, 3.469923e-01, 2.689632e-02, 1.948474e-02, 2.590977e-01, 1.387779e-17, 6.938894e-18
0.750, 3.403310e-01, 2.624483e-02, 1.911519e-02, 2.545521e-01, 0.000000e+00, -6.938894e-18
0.760, 3.337768e-01, 2.558526e-02, 1.874784e-02, 2.500952e-01, 0.000000e+00, 0.000000e+00
0.770, 3.273357e-01, 2.492993e-02, 1.838454e-02, 2.457252e-01, -1.387779e-17, 0.000000e+00
0.780, 3.209972e-01, 2.427788e-02, 1.802338e-02, 2.414412e-01, 0.000000e+00, -6.938894e-18
0.790, 3.147673e-01, 2.362909e-02, 1.766610e-02, 2.372411e-01, 0.000000e+00, -1.387779e-17
0.800, 3.086321e-01, 2.298357e-02, 1.731092e-02, 2.331270e-01, -1.387779e-17, 0.000000e+00
0.810, 3.025974e-01, 2.234131e-02, 1.695955e-02, 2.290965e-01, 2.775558e-17, 6.938894e-18
0.820, 2.966528e-01, 2.170230e-02, 1.661185e-02, 2.251498e-01, 1.540744e-31, -7.703720e-32
0.830, 2.908043e-01, 2.106608e-02, 1.627003e-02, 2.212840e-01, -1.387779e-17, 6.938894e-18
0.840, 2.850413e-01, 2.043351e-02, 1.593188e-02, 2.174998e-01, 1.387779e-17, -6.938894e-18
0.850, 2.793699e-01, 1.980364e-02, 1.559831e-02, 2.137940e-01, 0.000000e+00, 1.387779e-17
0.860, 2.737794e-01, 1.932394e-02, 1.526781e-02, 2.101679e-01, 1.387779e-17, 6.938894e-18
0.870, 2.682761e-01, 1.884805e-02, 1.494172e-02, 2.066178e-01, 0.000000e+00, -6.938894e-18
0.880, 2.628493e-01, 1.837786e-02, 1.461094e-02, 2.031456e-01, 1.387779e-17, 0.000000e+00
0.890, 2.575055e-01, 1.791436e-02, 1.427627e-02, 1.997471e-01, -2.775558e-17, 0.000000e+00
0.900, 2.510836e-01, 1.740740e-02, 1.390427e-02, 1.974832e-01, -1.387779e-17, -6.938894e-18
0.910, 2.447293e-01, 1.690693e-02, 1.353586e-02, 1.952914e-01, 0.000000e+00, 6.938894e-18
0.920, 2.384335e-01, 1.641416e-02, 1.317015e-02, 1.931645e-01, 1.387779e-17, 6.938894e-18
0.930, 2.322018e-01, 1.592802e-02, 1.280668e-02, 1.911078e-01, 0.000000e+00, -6.938894e-18
0.940, 2.260252e-01, 1.544978e-02, 1.244487e-02, 1.891143e-01, -2.775558e-17, -1.387779e-17
0.950, 2.199092e-01, 1.497813e-02, 1.208518e-02, 1.871893e-01, -1.540744e-31, 0.000000e+00
0.960, 2.138454e-01, 1.451452e-02, 1.172706e-02, 1.853256e-01, 1.387779e-17, 0.000000e+00
0.970, 2.078388e-01, 1.405555e-02, 1.137104e-02, 1.835286e-01, 1.387779e-17, 6.938894e-18
0.980, 2.018814e-01, 1.360259e-02, 1.101659e-02, 1.817912e-01, 1.734723e-17, 0.000000e+00
0.990, 1.959784e-01, 1.315232e-02, 1.066435e-02, 1.801187e-01, 0.000000e+00, 1.387779e-17
1.000, 0.000000e+00, 0.000000e+00, 0.000000e+00, 0.000000e+00, 0.000000e+00, 0.000000e+00
[Timer] 
[Timer] ----------------Summary:Timer----------------
[Timer] measured time (rt) : 1791.185s
[Timer] measured time (cpu): 1790.390s
[Timer] average MLUPs :       0.460
[Timer] average MLUPps:       0.460
[Timer] ---------------------------------------------
