1
node18
[MpiManager] Sucessfully initialized, numThreads=1
[Directories] Directory ./100case34_mcHardy/ created.
[Directories] Directory ./100case34_mcHardy/imageData/ created.
[Directories] Directory ./100case34_mcHardy/imageData/data/ created.
[Directories] Directory ./100case34_mcHardy/vtkData/ created.
[Directories] Directory ./100case34_mcHardy/vtkData/data/ created.
[Directories] Directory ./100case34_mcHardy/gnuplotData/ created.
[Directories] Directory ./100case34_mcHardy/gnuplotData/data/ created.
[main] case34
[main] omega = .... 1
[main] omega 1
[main] working with direct discretization
[AnisotropyMatrix] Call AnistorpiyMatrix()
[AnisotropyMatrix] Compute anisotropy matrix ...
[AnisotropyMatrix] Terminate after 0 iterations
[main] 1, 1, 1, 1, 1, 1, 1, 1, 1, 1, 1, 1, 1, 1, 1, 1, 1, 1, 1, 1, 1, 1, 1, 1, 1, 1, 
[main] 1, 1, 1, 1, 1, 1, 1, 1, 1, 1, 1, 1, 1, 1, 1, 1, 1, 1, 1, 1, 1, 1, 1, 1, 1, 1, 
[main] 1, 1, 1, 1, 1, 1, 1, 1, 1, 1, 1, 1, 1, 1, 1, 1, 1, 1, 1, 1, 1, 1, 1, 1, 1, 1, 
[main] 1, 1, 1, 1, 1, 1, 1, 1, 1, 1, 1, 1, 1, 1, 1, 1, 1, 1, 1, 1, 1, 1, 1, 1, 1, 1, 
[main] 1, 1, 1, 1, 1, 1, 1, 1, 1, 1, 1, 1, 1, 1, 1, 1, 1, 1, 1, 1, 1, 1, 1, 1, 1, 1, 
[main] 1, 1, 1, 1, 1, 1, 1, 1, 1, 1, 1, 1, 1, 1, 1, 1, 1, 1, 1, 1, 1, 1, 1, 1, 1, 1, 
[main] 1, 1, 1, 1, 1, 1, 1, 1, 1, 1, 1, 1, 1, 1, 1, 1, 1, 1, 1, 1, 1, 1, 1, 1, 1, 1, 
[main] 1, 1, 1, 1, 1, 1, 1, 1, 1, 1, 1, 1, 1, 1, 1, 1, 1, 1, 1, 1, 1, 1, 1, 1, 1, 1, 
[main] 1, 1, 1, 1, 1, 1, 1, 1, 1, 1, 1, 1, 1, 1, 1, 1, 1, 1, 1, 1, 1, 1, 1, 1, 1, 1, 
[main] 1, 1, 1, 1, 1, 1, 1, 1, 1, 1, 1, 1, 1, 1, 1, 1, 1, 1, 1, 1, 1, 1, 1, 1, 1, 1, 
[main] 1, 1, 1, 1, 1, 1, 1, 1, 1, 1, 1, 1, 1, 1, 1, 1, 1, 1, 1, 1, 1, 1, 1, 1, 1, 1, 
[main] 1, 1, 1, 1, 1, 1, 1, 1, 1, 1, 1, 1, 1, 1, 1, 1, 1, 1, 1, 1, 1, 1, 1, 1, 1, 1, 
[main] 1, 1, 1, 1, 1, 1, 1, 1, 1, 1, 1, 1, 1, 1, 1, 1, 1, 1, 1, 1, 1, 1, 1, 1, 1, 1, 
[main] 1, 1, 1, 1, 1, 1, 1, 1, 1, 1, 1, 1, 1, 1, 1, 1, 1, 1, 1, 1, 1, 1, 1, 1, 1, 1, 
[main] 1, 1, 1, 1, 1, 1, 1, 1, 1, 1, 1, 1, 1, 1, 1, 1, 1, 1, 1, 1, 1, 1, 1, 1, 1, 1, 
[main] 1, 1, 1, 1, 1, 1, 1, 1, 1, 1, 1, 1, 1, 1, 1, 1, 1, 1, 1, 1, 1, 1, 1, 1, 1, 1, 
[main] 1, 1, 1, 1, 1, 1, 1, 1, 1, 1, 1, 1, 1, 1, 1, 1, 1, 1, 1, 1, 1, 1, 1, 1, 1, 1, 
[main] 1, 1, 1, 1, 1, 1, 1, 1, 1, 1, 1, 1, 1, 1, 1, 1, 1, 1, 1, 1, 1, 1, 1, 1, 1, 1, 
[main] 1, 1, 1, 1, 1, 1, 1, 1, 1, 1, 1, 1, 1, 1, 1, 1, 1, 1, 1, 1, 1, 1, 1, 1, 1, 1, 
[main] 1, 1, 1, 1, 1, 1, 1, 1, 1, 1, 1, 1, 1, 1, 1, 1, 1, 1, 1, 1, 1, 1, 1, 1, 1, 1, 
[main] 1, 1, 1, 1, 1, 1, 1, 1, 1, 1, 1, 1, 1, 1, 1, 1, 1, 1, 1, 1, 1, 1, 1, 1, 1, 1, 
[main] 1, 1, 1, 1, 1, 1, 1, 1, 1, 1, 1, 1, 1, 1, 1, 1, 1, 1, 1, 1, 1, 1, 1, 1, 1, 1, 
[main] 1, 1, 1, 1, 1, 1, 1, 1, 1, 1, 1, 1, 1, 1, 1, 1, 1, 1, 1, 1, 1, 1, 1, 1, 1, 1, 
[main] 1, 1, 1, 1, 1, 1, 1, 1, 1, 1, 1, 1, 1, 1, 1, 1, 1, 1, 1, 1, 1, 1, 1, 1, 1, 1, 
[main] 1, 1, 1, 1, 1, 1, 1, 1, 1, 1, 1, 1, 1, 1, 1, 1, 1, 1, 1, 1, 1, 1, 1, 1, 1, 1, 
[main] 1, 1, 1, 1, 1, 1, 1, 1, 1, 1, 1, 1, 1, 1, 1, 1, 1, 1, 1, 1, 1, 1, 1, 1, 1, 1, 
[RadiativeUnitConverter] ----------------- UnitConverter information -----------------
[RadiativeUnitConverter] -- Parameters:
[RadiativeUnitConverter] Resolution:                       N=              100
[RadiativeUnitConverter] Lattice relaxation frequency:     omega=          1
[RadiativeUnitConverter] Lattice relaxation time:          tau=            1
[RadiativeUnitConverter] Characteristical length(m):       charL=          1
[RadiativeUnitConverter] Phys. density(kg/m^d):            charRho=        1
[RadiativeUnitConverter] Phys. absorption(1/m):            mu_a=           3
[RadiativeUnitConverter] Phys. scattering(1/m):            mu_s=           27
[RadiativeUnitConverter] Extinction(1/m):                  mu_t=           30
[RadiativeUnitConverter] Effective attenuation(1/m):       mu_eff=         16.4317
[RadiativeUnitConverter] Phys. diffusion(m):               D=              0.0111111
[RadiativeUnitConverter] Single scattering albedo:         albedo=         0.9
[RadiativeUnitConverter] Anisotropy factor:                g=              0
[RadiativeUnitConverter] 
[RadiativeUnitConverter] Lattice diffusion:                D^*=            1.11111
[RadiativeUnitConverter] Lattice absorption:               absorption=     0.03
[RadiativeUnitConverter] Lattice scattering:               scattering=     0.27
[RadiativeUnitConverter] Lattice sink:                     sink=           0.003375
[RadiativeUnitConverter] C_R: 1
[RadiativeUnitConverter] r_F: 1.63265
[RadiativeUnitConverter] 
[RadiativeUnitConverter] -- Conversion factors:
[RadiativeUnitConverter] Voxel length(m):                  physDeltaX=     0.01
[RadiativeUnitConverter] Time step(s):                     physDeltaT=     1.66667e-05
[RadiativeUnitConverter] Density factor(kg/m^3):           physDensity=    1
[RadiativeUnitConverter] -------------------------------------------------------------
[prepareGeometryCube] Prepare cubeGeometry ...
[SuperGeometry3D] cleaned 0 outer boundary voxel(s)
[SuperGeometry3D] cleaned 0 inner boundary voxel(s)
[SuperGeometry3D] the model is correct!
[CuboidGeometry3D] ---Cuboid Stucture Statistics---
[CuboidGeometry3D]  Number of Cuboids: 	2
[CuboidGeometry3D]  Delta  (min): 		0.01
[CuboidGeometry3D]         (max): 		0.01
[CuboidGeometry3D]  Ratio  (min): 		0.49505
[CuboidGeometry3D]         (max): 		2.02
[CuboidGeometry3D]  Nodes  (min): 		510050
[CuboidGeometry3D]         (max): 		520251
[CuboidGeometry3D]  Weight (min): 		510050
[CuboidGeometry3D]         (max): 		520251
[CuboidGeometry3D] --------------------------------
[SuperGeometryStatistics3D] materialNumber=1; count=970299; minPhysR=(0.01,-0.49,-0.49); maxPhysR=(0.99,0.49,0.49)
[SuperGeometryStatistics3D] materialNumber=2; count=59561; minPhysR=(0,-0.5,-0.5); maxPhysR=(1,0.5,0.5)
[SuperGeometryStatistics3D] materialNumber=3; count=441; minPhysR=(0,-0.1,-0.1); maxPhysR=(0,0.1,0.1)
[prepareGeometryCube] Prepare cubeGeometry ... OK
[prepareLattice] Prepare Lattice ...
[prepareLattice] Prepare Lattice ... OK
[main] iT convergence criteria: 160
[LatticeStatistics] step=0; t=0; uMax=0; avEnergy=0; avRho=1
[Timer] step=0; percent=0; passedTime=0; remTime=0.001; MLUPs=0
[Timer] step=0; percent=0; passedTime=0; remTime=0.001; MLUPs=0
[LatticeStatistics] step=20; t=0.000333333; uMax=0; avEnergy=0; avRho=0.00580444
[Timer] step=20; percent=0.00277778; passedTime=45.017; remTime=1.62057e+06; MLUPs=0.457739
[Timer] step=20; percent=0.00277778; passedTime=45.017; remTime=1.62057e+06; MLUPs=0.457739
[LatticeStatistics] step=40; t=0.000666667; uMax=0; avEnergy=0; avRho=0.00781315
[Timer] step=40; percent=0.00555556; passedTime=89.391; remTime=1.60895e+06; MLUPs=0.464371
[Timer] step=40; percent=0.00555556; passedTime=89.391; remTime=1.60895e+06; MLUPs=0.464371
[LatticeStatistics] step=60; t=0.001; uMax=0; avEnergy=0; avRho=0.00853476
[Timer] step=60; percent=0.00833333; passedTime=133.633; remTime=1.60346e+06; MLUPs=0.465768
[Timer] step=60; percent=0.00833333; passedTime=133.633; remTime=1.60346e+06; MLUPs=0.465768
[LatticeStatistics] step=80; t=0.00133333; uMax=0; avEnergy=0; avRho=0.00881353
[Timer] step=80; percent=0.0111111; passedTime=177.781; remTime=1.59985e+06; MLUPs=0.466759
[Timer] step=80; percent=0.0111111; passedTime=177.781; remTime=1.59985e+06; MLUPs=0.466759
[LatticeStatistics] step=100; t=0.00166667; uMax=0; avEnergy=0; avRho=0.00892488
[Timer] step=100; percent=0.0138889; passedTime=222.033; remTime=1.59842e+06; MLUPs=0.465652
[Timer] step=100; percent=0.0138889; passedTime=222.033; remTime=1.59842e+06; MLUPs=0.465652
[LatticeStatistics] step=120; t=0.002; uMax=0; avEnergy=0; avRho=0.00897008
[Timer] step=120; percent=0.0166667; passedTime=266.26; remTime=1.59729e+06; MLUPs=0.465915
[Timer] step=120; percent=0.0166667; passedTime=266.26; remTime=1.59729e+06; MLUPs=0.465915
[LatticeStatistics] step=140; t=0.00233333; uMax=0; avEnergy=0; avRho=0.00898858
[Timer] step=140; percent=0.0194444; passedTime=310.48; remTime=1.59644e+06; MLUPs=0.465989
[Timer] step=140; percent=0.0194444; passedTime=310.48; remTime=1.59644e+06; MLUPs=0.465989
[LatticeStatistics] step=160; t=0.00266667; uMax=0; avEnergy=0; avRho=0.00899619
[Timer] step=160; percent=0.0222222; passedTime=354.669; remTime=1.59566e+06; MLUPs=0.466326
[Timer] step=160; percent=0.0222222; passedTime=354.669; remTime=1.59566e+06; MLUPs=0.466326
[ValueTracer] average=0.00789855; stdDev/average=0.244686
[LatticeStatistics] step=180; t=0.003; uMax=0; avEnergy=0; avRho=0.00899933
[Timer] step=180; percent=0.025; passedTime=398.862; remTime=1.59505e+06; MLUPs=0.466284
[Timer] step=180; percent=0.025; passedTime=398.862; remTime=1.59505e+06; MLUPs=0.466284
[LatticeStatistics] step=200; t=0.00333333; uMax=0; avEnergy=0; avRho=0.00900063
[Timer] step=200; percent=0.0277778; passedTime=443.064; remTime=1.59459e+06; MLUPs=0.466168
[Timer] step=200; percent=0.0277778; passedTime=443.064; remTime=1.59459e+06; MLUPs=0.466168
[LatticeStatistics] step=220; t=0.00366667; uMax=0; avEnergy=0; avRho=0.00900116
[Timer] step=220; percent=0.0305556; passedTime=487.247; remTime=1.59414e+06; MLUPs=0.466389
[Timer] step=220; percent=0.0305556; passedTime=487.247; remTime=1.59414e+06; MLUPs=0.466389
[LatticeStatistics] step=240; t=0.004; uMax=0; avEnergy=0; avRho=0.00900138
[Timer] step=240; percent=0.0333333; passedTime=531.462; remTime=1.59385e+06; MLUPs=0.466041
[Timer] step=240; percent=0.0333333; passedTime=531.462; remTime=1.59385e+06; MLUPs=0.466041
[LatticeStatistics] step=260; t=0.00433333; uMax=0; avEnergy=0; avRho=0.00900148
[Timer] step=260; percent=0.0361111; passedTime=575.68; remTime=1.59362e+06; MLUPs=0.46602
[Timer] step=260; percent=0.0361111; passedTime=575.68; remTime=1.59362e+06; MLUPs=0.46602
[LatticeStatistics] step=280; t=0.00466667; uMax=0; avEnergy=0; avRho=0.00900152
[Timer] step=280; percent=0.0388889; passedTime=619.945; remTime=1.59352e+06; MLUPs=0.465525
[Timer] step=280; percent=0.0388889; passedTime=619.945; remTime=1.59352e+06; MLUPs=0.465525
[LatticeStatistics] step=300; t=0.005; uMax=0; avEnergy=0; avRho=0.00900153
[Timer] step=300; percent=0.0416667; passedTime=664.07; remTime=1.5931e+06; MLUPs=0.466981
[Timer] step=300; percent=0.0416667; passedTime=664.07; remTime=1.5931e+06; MLUPs=0.466981
[LatticeStatistics] step=320; t=0.00533333; uMax=0; avEnergy=0; avRho=0.00900154
[Timer] step=320; percent=0.0444444; passedTime=708.27; remTime=1.5929e+06; MLUPs=0.4662
[Timer] step=320; percent=0.0444444; passedTime=708.27; remTime=1.5929e+06; MLUPs=0.4662
[ValueTracer] average=0.0090008; stdDev/average=0.000131351
[LatticeStatistics] step=340; t=0.00566667; uMax=0; avEnergy=0; avRho=0.00900154
[Timer] step=340; percent=0.0472222; passedTime=752.459; remTime=1.59269e+06; MLUPs=0.466326
[Timer] step=340; percent=0.0472222; passedTime=752.459; remTime=1.59269e+06; MLUPs=0.466326
[LatticeStatistics] step=360; t=0.006; uMax=0; avEnergy=0; avRho=0.00900154
[Timer] step=360; percent=0.05; passedTime=796.675; remTime=1.59255e+06; MLUPs=0.466041
[Timer] step=360; percent=0.05; passedTime=796.675; remTime=1.59255e+06; MLUPs=0.466041
[LatticeStatistics] step=380; t=0.00633333; uMax=0; avEnergy=0; avRho=0.00900154
[Timer] step=380; percent=0.0527778; passedTime=840.906; remTime=1.59245e+06; MLUPs=0.465873
[Timer] step=380; percent=0.0527778; passedTime=840.906; remTime=1.59245e+06; MLUPs=0.465873
[LatticeStatistics] step=400; t=0.00666667; uMax=0; avEnergy=0; avRho=0.00900154
[Timer] step=400; percent=0.0555556; passedTime=885.14; remTime=1.59237e+06; MLUPs=0.465831
[Timer] step=400; percent=0.0555556; passedTime=885.14; remTime=1.59237e+06; MLUPs=0.465831
[LatticeStatistics] step=420; t=0.007; uMax=0; avEnergy=0; avRho=0.00900154
[Timer] step=420; percent=0.0583333; passedTime=929.315; remTime=1.59218e+06; MLUPs=0.466474
[Timer] step=420; percent=0.0583333; passedTime=929.315; remTime=1.59218e+06; MLUPs=0.466474
[LatticeStatistics] step=440; t=0.00733333; uMax=0; avEnergy=0; avRho=0.00900154
[Timer] step=440; percent=0.0611111; passedTime=973.509; remTime=1.59204e+06; MLUPs=0.466263
[Timer] step=440; percent=0.0611111; passedTime=973.509; remTime=1.59204e+06; MLUPs=0.466263
[LatticeStatistics] step=460; t=0.00766667; uMax=0; avEnergy=0; avRho=0.00900154
[Timer] step=460; percent=0.0638889; passedTime=1017.66; remTime=1.59184e+06; MLUPs=0.466728
[Timer] step=460; percent=0.0638889; passedTime=1017.66; remTime=1.59184e+06; MLUPs=0.466728
[LatticeStatistics] step=480; t=0.008; uMax=0; avEnergy=0; avRho=0.00900154
[Timer] step=480; percent=0.0666667; passedTime=1061.86; remTime=1.59173e+06; MLUPs=0.466168
[Timer] step=480; percent=0.0666667; passedTime=1061.86; remTime=1.59173e+06; MLUPs=0.466168
[ValueTracer] average=0.00900154; stdDev/average=1.15148e-07
[LatticeStatistics] step=500; t=0.00833333; uMax=0; avEnergy=0; avRho=0.00900154
[Timer] step=500; percent=0.0694444; passedTime=1106.13; remTime=1.59172e+06; MLUPs=0.465473
[Timer] step=500; percent=0.0694444; passedTime=1106.13; remTime=1.59172e+06; MLUPs=0.465473
[LatticeStatistics] step=520; t=0.00866667; uMax=0; avEnergy=0; avRho=0.00900154
[Timer] step=520; percent=0.0722222; passedTime=1150.41; remTime=1.59173e+06; MLUPs=0.465336
[Timer] step=520; percent=0.0722222; passedTime=1150.41; remTime=1.59173e+06; MLUPs=0.465336
[main] Simulation converged. -- 536
[main] ------536
[main] Simulation converged. -- 536
[main] ./100case34_mcHardy/100case34.csv
0.000, 1.000000e+00, 0.000000e+00, 0.000000e+00, 0.000000e+00, 0.000000e+00, 0.000000e+00
0.010, 2.083124e+00, 1.099255e-02, 6.810528e-04, 5.302716e-01, 1.387779e-17, 1.387779e-17
0.020, 1.946942e+00, 1.301247e-02, 8.432696e-04, 5.442219e-01, 3.469447e-17, 0.000000e+00
0.030, 1.773092e+00, 1.452310e-02, 9.790882e-04, 5.277862e-01, 0.000000e+00, 2.081668e-17
0.040, 1.584358e+00, 1.562715e-02, 1.091557e-03, 4.938177e-01, 0.000000e+00, 6.938894e-18
0.050, 1.395479e+00, 1.637495e-02, 1.182739e-03, 4.505867e-01, -2.428613e-17, 1.040834e-17
0.060, 1.215041e+00, 1.682479e-02, 1.254179e-03, 4.037147e-01, -3.469447e-18, 0.000000e+00
0.070, 1.048216e+00, 1.700477e-02, 1.307320e-03, 3.565663e-01, 0.000000e+00, 1.734723e-17
0.080, 8.971698e-01, 1.695854e-02, 1.343507e-03, 3.113950e-01, -2.081668e-17, -1.040834e-17
0.090, 7.628924e-01, 1.670976e-02, 1.364180e-03, 2.693208e-01, -2.428613e-17, 1.387779e-17
0.100, 6.448453e-01, 1.629838e-02, 1.370742e-03, 2.310615e-01, 1.040834e-17, 6.938894e-18
0.110, 5.423725e-01, 1.574425e-02, 1.364684e-03, 1.967527e-01, -3.469447e-18, -3.469447e-18
0.120, 4.523110e-01, 1.507459e-02, 1.347128e-03, 1.645839e-01, 0.000000e+00, -3.469447e-18
0.130, 3.764284e-01, 1.432113e-02, 1.320053e-03, 1.372978e-01, 1.387779e-17, -3.469447e-18
0.140, 3.126786e-01, 1.351556e-02, 1.284826e-03, 1.141930e-01, -2.081668e-17, -6.938894e-18
0.150, 2.594538e-01, 1.266863e-02, 1.242832e-03, 9.483799e-02, 6.938894e-18, -3.469447e-18
0.160, 2.150674e-01, 1.187832e-02, 1.195300e-03, 7.862551e-02, -1.387779e-17, -6.938894e-18
0.170, 1.781867e-01, 1.102899e-02, 1.143419e-03, 6.513367e-02, 1.387779e-17, 6.938894e-18
0.180, 1.475567e-01, 1.015716e-02, 1.088272e-03, 5.390300e-02, 2.081668e-17, 0.000000e+00
0.190, 1.221738e-01, 9.281302e-03, 1.030848e-03, 4.459291e-02, 1.387779e-17, -6.938894e-18
0.200, 1.011414e-01, 8.425606e-03, 9.720202e-04, 3.687223e-02, 0.000000e+00, 0.000000e+00
0.210, 8.373634e-02, 7.602430e-03, 9.125700e-04, 3.048619e-02, 3.469447e-18, -1.040834e-17
0.220, 6.933138e-02, 6.824162e-03, 8.532003e-04, 2.520196e-02, 1.387779e-17, 0.000000e+00
0.230, 5.741805e-02, 6.096412e-03, 7.945079e-04, 2.083678e-02, 0.000000e+00, 0.000000e+00
0.240, 4.756256e-02, 5.423788e-03, 7.370203e-04, 1.722896e-02, 0.000000e+00, 1.387779e-17
0.250, 3.941167e-02, 4.807123e-03, 6.811593e-04, 1.424967e-02, -1.387779e-17, -6.938894e-18
0.260, 3.266807e-02, 4.246401e-03, 6.272938e-04, 1.178815e-02, 0.000000e+00, 0.000000e+00
0.270, 2.708882e-02, 3.739624e-03, 5.756926e-04, 9.755255e-03, -2.775558e-17, -2.081668e-17
0.280, 2.247096e-02, 3.284405e-03, 5.268537e-04, 8.075472e-03, 2.775558e-17, -6.938894e-18
0.290, 1.864819e-02, 2.877454e-03, 4.806227e-04, 6.687626e-03, 1.387779e-17, -6.938894e-18
0.300, 1.548217e-02, 2.515336e-03, 4.368451e-04, 5.540380e-03, 0.000000e+00, 6.938894e-18
0.310, 1.285936e-02, 2.194321e-03, 3.956699e-04, 4.591937e-03, 1.387779e-17, 6.938894e-18
0.320, 1.068552e-02, 1.910766e-03, 3.571929e-04, 3.807439e-03, 2.775558e-17, 1.387779e-17
0.330, 8.883166e-03, 1.661048e-03, 3.214585e-04, 3.158398e-03, 1.387779e-17, 0.000000e+00
0.340, 7.388098e-03, 1.441757e-03, 2.884587e-04, 2.621150e-03, 0.000000e+00, -1.387779e-17
0.350, 6.147429e-03, 1.249651e-03, 2.581440e-04, 2.176294e-03, -7.703720e-32, 6.938894e-18
0.360, 5.117376e-03, 1.081749e-03, 2.304285e-04, 1.807753e-03, 1.387779e-17, 0.000000e+00
0.370, 4.261820e-03, 9.352770e-04, 2.052008e-04, 1.502318e-03, 1.387779e-17, 0.000000e+00
0.380, 3.550859e-03, 8.077639e-04, 1.823295e-04, 1.249056e-03, -2.775558e-17, -1.387779e-17
0.390, 2.959798e-03, 6.969379e-04, 1.616709e-04, 1.038967e-03, 0.000000e+00, -6.938894e-18
0.400, 2.468184e-03, 6.007651e-04, 1.430741e-04, 8.646039e-04, 2.775558e-17, 1.387779e-17
0.410, 2.059103e-03, 5.174221e-04, 1.263857e-04, 7.198292e-04, 1.387779e-17, 0.000000e+00
0.420, 1.718544e-03, 4.452903e-04, 1.114530e-04, 5.995627e-04, 0.000000e+00, 0.000000e+00
0.430, 1.434904e-03, 3.829336e-04, 9.812683e-05, 4.996110e-04, -1.387779e-17, 0.000000e+00
0.440, 1.198563e-03, 3.290855e-04, 8.626364e-05, 4.165028e-04, 0.000000e+00, -1.387779e-17
0.450, 1.001549e-03, 2.826304e-04, 7.572693e-05, 3.473689e-04, 0.000000e+00, -6.938894e-18
0.460, 8.372464e-04, 2.425902e-04, 6.638822e-05, 2.898325e-04, -1.387779e-17, -6.938894e-18
0.470, 7.001662e-04, 2.081079e-04, 5.812765e-05, 2.419271e-04, 1.387779e-17, 1.387779e-17
0.480, 5.857497e-04, 1.784353e-04, 5.083419e-05, 2.020223e-04, 0.000000e+00, -6.938894e-18
0.490, 4.902109e-04, 1.529199e-04, 4.440566e-05, 1.687676e-04, 1.387779e-17, 0.000000e+00
0.500, 4.104028e-04, 1.309942e-04, 3.874866e-05, 1.410424e-04, -2.775558e-17, -1.387779e-17
0.510, 3.437089e-04, 1.121648e-04, 3.377817e-05, 1.179176e-04, -1.387779e-17, -6.938894e-18
0.520, 2.879525e-04, 9.600408e-05, 2.941707e-05, 9.862164e-05, -2.775558e-17, 6.938894e-18
0.530, 2.413222e-04, 8.214126e-05, 2.559574e-05, 8.251391e-05, -1.387779e-17, -6.938894e-18
0.540, 2.023097e-04, 7.025569e-05, 2.225158e-05, 6.906213e-05, 1.387779e-17, 6.938894e-18
0.550, 1.696585e-04, 6.007020e-05, 1.932845e-05, 5.782391e-05, 1.387779e-17, 1.387779e-17
0.560, 1.423217e-04, 5.134554e-05, 1.677620e-05, 4.843130e-05, 1.387779e-17, -6.938894e-18
0.570, 1.194262e-04, 4.387530e-05, 1.455011e-05, 4.057819e-05, -1.387779e-17, -7.087422e-32
0.580, 1.002439e-04, 3.748165e-05, 1.261045e-05, 3.400978e-05, 1.387779e-17, 0.000000e+00
0.590, 8.416724e-05, 3.201144e-05, 1.092196e-05, 2.851387e-05, -1.232595e-32, -6.938894e-18
0.600, 7.068903e-05, 2.733292e-05, 9.453428e-06, 2.391368e-05, -1.387779e-17, 0.000000e+00
0.610, 5.938566e-05, 2.333282e-05, 8.177290e-06, 2.006188e-05, -1.387779e-17, -6.938894e-18
0.620, 4.990325e-05, 1.991381e-05, 7.069236e-06, 1.683559e-05, 2.775558e-17, 0.000000e+00
0.630, 4.194603e-05, 1.699231e-05, 6.107869e-06, 1.413232e-05, 0.000000e+00, -1.387779e-17
0.640, 3.526670e-05, 1.449661e-05, 5.274381e-06, 1.186654e-05, 2.775558e-17, 6.938894e-18
0.650, 2.965841e-05, 1.236520e-05, 4.552265e-06, 9.966837e-06, 0.000000e+00, -1.387779e-17
0.660, 2.494808e-05, 1.054534e-05, 3.927058e-06, 8.373558e-06, 1.387779e-17, 6.938894e-18
0.670, 2.099085e-05, 8.991844e-06, 3.386097e-06, 7.036869e-06, 0.000000e+00, -6.938894e-18
0.680, 1.766542e-05, 7.666010e-06, 2.918314e-06, 5.915110e-06, 0.000000e+00, -1.387779e-17
0.690, 1.487017e-05, 6.534704e-06, 2.514044e-06, 4.973448e-06, -2.775558e-17, -1.387779e-17
0.700, 1.251998e-05, 5.569566e-06, 2.164857e-06, 4.182742e-06, 0.000000e+00, -6.938894e-18
0.710, 1.054348e-05, 4.746338e-06, 1.863408e-06, 3.518609e-06, 0.000000e+00, 0.000000e+00
0.720, 8.880853e-06, 4.044271e-06, 1.603300e-06, 2.960638e-06, 0.000000e+00, 0.000000e+00
0.730, 7.481913e-06, 3.445627e-06, 1.378973e-06, 2.491734e-06, -1.387779e-17, -1.387779e-17
0.740, 6.304562e-06, 2.935245e-06, 1.185594e-06, 2.097580e-06, -2.775558e-17, -6.938894e-18
0.750, 5.313469e-06, 2.500171e-06, 1.018965e-06, 1.766179e-06, 1.387779e-17, 6.938894e-18
0.760, 4.478978e-06, 2.129340e-06, 8.754457e-07, 1.487473e-06, -1.387779e-17, -6.938894e-18
0.770, 3.776181e-06, 1.813300e-06, 7.518794e-07, 1.253031e-06, 1.387779e-17, -6.938894e-18
0.780, 3.184161e-06, 1.543982e-06, 6.455310e-07, 1.055780e-06, -2.775558e-17, -1.387779e-17
0.790, 2.685339e-06, 1.314498e-06, 5.540323e-07, 8.897860e-07, -1.387779e-17, -1.387779e-17
0.800, 2.264945e-06, 1.118968e-06, 4.753342e-07, 7.500712e-07, 0.000000e+00, 1.387779e-17
0.810, 1.910559e-06, 9.523737e-07, 4.076644e-07, 6.324556e-07, 1.387779e-17, 0.000000e+00
0.820, 1.611736e-06, 8.104348e-07, 3.494907e-07, 5.334302e-07, -1.387779e-17, 6.938894e-18
0.830, 1.359691e-06, 6.894977e-07, 2.994896e-07, 4.500485e-07, 1.387779e-17, 7.703720e-32
0.840, 1.147031e-06, 5.864455e-07, 2.565175e-07, 3.798355e-07, 0.000000e+00, -6.938894e-18
0.850, 9.675308e-07, 4.986188e-07, 2.195872e-07, 3.207126e-07, 1.387779e-17, 6.938894e-18
0.860, 8.159483e-07, 4.237483e-07, 1.878462e-07, 2.709336e-07, -1.387779e-17, 0.000000e+00
0.870, 6.878659e-07, 3.598970e-07, 1.605589e-07, 2.290319e-07, 0.000000e+00, 1.387779e-17
0.880, 5.795583e-07, 3.054111e-07, 1.370893e-07, 1.937760e-07, 0.000000e+00, -6.938894e-18
0.890, 4.878813e-07, 2.588773e-07, 1.168883e-07, 1.641323e-07, 1.387779e-17, 0.000000e+00
0.900, 4.101785e-07, 2.190873e-07, 9.948181e-08, 1.392339e-07, 0.000000e+00, 0.000000e+00
0.910, 3.442014e-07, 1.850059e-07, 8.445896e-08, 1.183547e-07, 0.000000e+00, 0.000000e+00
0.920, 2.880435e-07, 1.557451e-07, 7.146354e-08, 1.008878e-07, 1.387779e-17, 6.938894e-18
0.930, 2.400826e-07, 1.305403e-07, 6.018564e-08, 8.632759e-08, 0.000000e+00, -6.938894e-18
0.940, 1.989331e-07, 1.087308e-07, 5.035454e-08, 7.425490e-08, 1.387779e-17, -6.938894e-18
0.950, 1.634039e-07, 8.974166e-08, 4.173217e-08, 6.432494e-08, -1.387779e-17, 6.938894e-18
0.960, 1.324625e-07, 7.306849e-08, 3.410725e-08, 5.625767e-08, 2.775558e-17, 1.387779e-17
0.970, 1.052030e-07, 5.826280e-08, 2.728966e-08, 4.983037e-08, 1.387779e-17, -6.938894e-18
0.980, 8.081709e-08, 4.491868e-08, 2.110506e-08, 4.487207e-08, 1.387779e-17, 0.000000e+00
0.990, 5.856788e-08, 3.265959e-08, 1.538911e-08, 4.125995e-08, 0.000000e+00, -6.938894e-18
1.000, 0.000000e+00, 0.000000e+00, 0.000000e+00, 0.000000e+00, 0.000000e+00, 0.000000e+00
[Timer] 
[Timer] ----------------Summary:Timer----------------
[Timer] measured time (rt) : 1187.320s
[Timer] measured time (cpu): 1186.940s
[Timer] average MLUPs :       0.451
[Timer] average MLUPps:       0.451
[Timer] ---------------------------------------------
