1
node26
[MpiManager] Sucessfully initialized, numThreads=1
[Directories] Directory ./100case22_mcHardy/ created.
[Directories] Directory ./100case22_mcHardy/imageData/ created.
[Directories] Directory ./100case22_mcHardy/imageData/data/ created.
[Directories] Directory ./100case22_mcHardy/vtkData/ created.
[Directories] Directory ./100case22_mcHardy/vtkData/data/ created.
[Directories] Directory ./100case22_mcHardy/gnuplotData/ created.
[Directories] Directory ./100case22_mcHardy/gnuplotData/data/ created.
[main] case22
[main] omega = .... 1
[main] omega 1
[main] working with direct discretization
[AnisotropyMatrix] Call AnistorpiyMatrix()
[AnisotropyMatrix] Compute anisotropy matrix ...
[AnisotropyMatrix] Terminate after 0 iterations
[main] 1, 1, 1, 1, 1, 1, 1, 1, 1, 1, 1, 1, 1, 1, 1, 1, 1, 1, 1, 1, 1, 1, 1, 1, 1, 1, 
[main] 1, 1, 1, 1, 1, 1, 1, 1, 1, 1, 1, 1, 1, 1, 1, 1, 1, 1, 1, 1, 1, 1, 1, 1, 1, 1, 
[main] 1, 1, 1, 1, 1, 1, 1, 1, 1, 1, 1, 1, 1, 1, 1, 1, 1, 1, 1, 1, 1, 1, 1, 1, 1, 1, 
[main] 1, 1, 1, 1, 1, 1, 1, 1, 1, 1, 1, 1, 1, 1, 1, 1, 1, 1, 1, 1, 1, 1, 1, 1, 1, 1, 
[main] 1, 1, 1, 1, 1, 1, 1, 1, 1, 1, 1, 1, 1, 1, 1, 1, 1, 1, 1, 1, 1, 1, 1, 1, 1, 1, 
[main] 1, 1, 1, 1, 1, 1, 1, 1, 1, 1, 1, 1, 1, 1, 1, 1, 1, 1, 1, 1, 1, 1, 1, 1, 1, 1, 
[main] 1, 1, 1, 1, 1, 1, 1, 1, 1, 1, 1, 1, 1, 1, 1, 1, 1, 1, 1, 1, 1, 1, 1, 1, 1, 1, 
[main] 1, 1, 1, 1, 1, 1, 1, 1, 1, 1, 1, 1, 1, 1, 1, 1, 1, 1, 1, 1, 1, 1, 1, 1, 1, 1, 
[main] 1, 1, 1, 1, 1, 1, 1, 1, 1, 1, 1, 1, 1, 1, 1, 1, 1, 1, 1, 1, 1, 1, 1, 1, 1, 1, 
[main] 1, 1, 1, 1, 1, 1, 1, 1, 1, 1, 1, 1, 1, 1, 1, 1, 1, 1, 1, 1, 1, 1, 1, 1, 1, 1, 
[main] 1, 1, 1, 1, 1, 1, 1, 1, 1, 1, 1, 1, 1, 1, 1, 1, 1, 1, 1, 1, 1, 1, 1, 1, 1, 1, 
[main] 1, 1, 1, 1, 1, 1, 1, 1, 1, 1, 1, 1, 1, 1, 1, 1, 1, 1, 1, 1, 1, 1, 1, 1, 1, 1, 
[main] 1, 1, 1, 1, 1, 1, 1, 1, 1, 1, 1, 1, 1, 1, 1, 1, 1, 1, 1, 1, 1, 1, 1, 1, 1, 1, 
[main] 1, 1, 1, 1, 1, 1, 1, 1, 1, 1, 1, 1, 1, 1, 1, 1, 1, 1, 1, 1, 1, 1, 1, 1, 1, 1, 
[main] 1, 1, 1, 1, 1, 1, 1, 1, 1, 1, 1, 1, 1, 1, 1, 1, 1, 1, 1, 1, 1, 1, 1, 1, 1, 1, 
[main] 1, 1, 1, 1, 1, 1, 1, 1, 1, 1, 1, 1, 1, 1, 1, 1, 1, 1, 1, 1, 1, 1, 1, 1, 1, 1, 
[main] 1, 1, 1, 1, 1, 1, 1, 1, 1, 1, 1, 1, 1, 1, 1, 1, 1, 1, 1, 1, 1, 1, 1, 1, 1, 1, 
[main] 1, 1, 1, 1, 1, 1, 1, 1, 1, 1, 1, 1, 1, 1, 1, 1, 1, 1, 1, 1, 1, 1, 1, 1, 1, 1, 
[main] 1, 1, 1, 1, 1, 1, 1, 1, 1, 1, 1, 1, 1, 1, 1, 1, 1, 1, 1, 1, 1, 1, 1, 1, 1, 1, 
[main] 1, 1, 1, 1, 1, 1, 1, 1, 1, 1, 1, 1, 1, 1, 1, 1, 1, 1, 1, 1, 1, 1, 1, 1, 1, 1, 
[main] 1, 1, 1, 1, 1, 1, 1, 1, 1, 1, 1, 1, 1, 1, 1, 1, 1, 1, 1, 1, 1, 1, 1, 1, 1, 1, 
[main] 1, 1, 1, 1, 1, 1, 1, 1, 1, 1, 1, 1, 1, 1, 1, 1, 1, 1, 1, 1, 1, 1, 1, 1, 1, 1, 
[main] 1, 1, 1, 1, 1, 1, 1, 1, 1, 1, 1, 1, 1, 1, 1, 1, 1, 1, 1, 1, 1, 1, 1, 1, 1, 1, 
[main] 1, 1, 1, 1, 1, 1, 1, 1, 1, 1, 1, 1, 1, 1, 1, 1, 1, 1, 1, 1, 1, 1, 1, 1, 1, 1, 
[main] 1, 1, 1, 1, 1, 1, 1, 1, 1, 1, 1, 1, 1, 1, 1, 1, 1, 1, 1, 1, 1, 1, 1, 1, 1, 1, 
[main] 1, 1, 1, 1, 1, 1, 1, 1, 1, 1, 1, 1, 1, 1, 1, 1, 1, 1, 1, 1, 1, 1, 1, 1, 1, 1, 
[RadiativeUnitConverter] ----------------- UnitConverter information -----------------
[RadiativeUnitConverter] -- Parameters:
[RadiativeUnitConverter] Resolution:                       N=              100
[RadiativeUnitConverter] Lattice relaxation frequency:     omega=          1
[RadiativeUnitConverter] Lattice relaxation time:          tau=            1
[RadiativeUnitConverter] Characteristical length(m):       charL=          1
[RadiativeUnitConverter] Phys. density(kg/m^d):            charRho=        1
[RadiativeUnitConverter] Phys. absorption(1/m):            mu_a=           7.2
[RadiativeUnitConverter] Phys. scattering(1/m):            mu_s=           4.8
[RadiativeUnitConverter] Extinction(1/m):                  mu_t=           12
[RadiativeUnitConverter] Effective attenuation(1/m):       mu_eff=         16.0997
[RadiativeUnitConverter] Phys. diffusion(m):               D=              0.0277778
[RadiativeUnitConverter] Single scattering albedo:         albedo=         0.4
[RadiativeUnitConverter] Anisotropy factor:                g=              0
[RadiativeUnitConverter] 
[RadiativeUnitConverter] Lattice diffusion:                D^*=            2.77778
[RadiativeUnitConverter] Lattice absorption:               absorption=     0.072
[RadiativeUnitConverter] Lattice scattering:               scattering=     0.048
[RadiativeUnitConverter] Lattice sink:                     sink=           0.00324
[RadiativeUnitConverter] C_R: 1
[RadiativeUnitConverter] r_F: 1.83486
[RadiativeUnitConverter] 
[RadiativeUnitConverter] -- Conversion factors:
[RadiativeUnitConverter] Voxel length(m):                  physDeltaX=     0.01
[RadiativeUnitConverter] Time step(s):                     physDeltaT=     1.66667e-05
[RadiativeUnitConverter] Density factor(kg/m^3):           physDensity=    1
[RadiativeUnitConverter] -------------------------------------------------------------
[prepareGeometryCube] Prepare cubeGeometry ...
[SuperGeometry3D] cleaned 0 outer boundary voxel(s)
[SuperGeometry3D] cleaned 0 inner boundary voxel(s)
[SuperGeometry3D] the model is correct!
[CuboidGeometry3D] ---Cuboid Stucture Statistics---
[CuboidGeometry3D]  Number of Cuboids: 	2
[CuboidGeometry3D]  Delta  (min): 		0.01
[CuboidGeometry3D]         (max): 		0.01
[CuboidGeometry3D]  Ratio  (min): 		0.49505
[CuboidGeometry3D]         (max): 		2.02
[CuboidGeometry3D]  Nodes  (min): 		510050
[CuboidGeometry3D]         (max): 		520251
[CuboidGeometry3D]  Weight (min): 		510050
[CuboidGeometry3D]         (max): 		520251
[CuboidGeometry3D] --------------------------------
[SuperGeometryStatistics3D] materialNumber=1; count=970299; minPhysR=(0.01,-0.49,-0.49); maxPhysR=(0.99,0.49,0.49)
[SuperGeometryStatistics3D] materialNumber=2; count=59561; minPhysR=(0,-0.5,-0.5); maxPhysR=(1,0.5,0.5)
[SuperGeometryStatistics3D] materialNumber=3; count=441; minPhysR=(0,-0.1,-0.1); maxPhysR=(0,0.1,0.1)
[prepareGeometryCube] Prepare cubeGeometry ... OK
[prepareLattice] Prepare Lattice ...
[prepareLattice] Prepare Lattice ... OK
[main] iT convergence criteria: 160
[LatticeStatistics] step=0; t=0; uMax=0; avEnergy=0; avRho=1
[Timer] step=0; percent=0; passedTime=0; remTime=0.001; MLUPs=0
[Timer] step=0; percent=0; passedTime=0; remTime=0.001; MLUPs=0
[LatticeStatistics] step=20; t=0.000333333; uMax=0; avEnergy=0; avRho=0.00449503
[Timer] step=20; percent=0.00277778; passedTime=44.939; remTime=1.61776e+06; MLUPs=0.458533
[Timer] step=20; percent=0.00277778; passedTime=44.939; remTime=1.61776e+06; MLUPs=0.458533
[LatticeStatistics] step=40; t=0.000666667; uMax=0; avEnergy=0; avRho=0.00544523
[Timer] step=40; percent=0.00555556; passedTime=89.173; remTime=1.60502e+06; MLUPs=0.465841
[Timer] step=40; percent=0.00555556; passedTime=89.173; remTime=1.60502e+06; MLUPs=0.465841
[LatticeStatistics] step=60; t=0.001; uMax=0; avEnergy=0; avRho=0.00560483
[Timer] step=60; percent=0.00833333; passedTime=133.333; remTime=1.59986e+06; MLUPs=0.466632
[Timer] step=60; percent=0.00833333; passedTime=133.333; remTime=1.59986e+06; MLUPs=0.466632
[LatticeStatistics] step=80; t=0.00133333; uMax=0; avEnergy=0; avRho=0.00562911
[Timer] step=80; percent=0.0111111; passedTime=177.458; remTime=1.59694e+06; MLUPs=0.466992
[Timer] step=80; percent=0.0111111; passedTime=177.458; remTime=1.59694e+06; MLUPs=0.466992
[LatticeStatistics] step=100; t=0.00166667; uMax=0; avEnergy=0; avRho=0.0056326
[Timer] step=100; percent=0.0138889; passedTime=221.698; remTime=1.596e+06; MLUPs=0.465778
[Timer] step=100; percent=0.0138889; passedTime=221.698; remTime=1.596e+06; MLUPs=0.465778
[LatticeStatistics] step=120; t=0.002; uMax=0; avEnergy=0; avRho=0.00563302
[Timer] step=120; percent=0.0166667; passedTime=265.837; remTime=1.59476e+06; MLUPs=0.466854
[Timer] step=120; percent=0.0166667; passedTime=265.837; remTime=1.59476e+06; MLUPs=0.466854
[LatticeStatistics] step=140; t=0.00233333; uMax=0; avEnergy=0; avRho=0.00563308
[Timer] step=140; percent=0.0194444; passedTime=310.004; remTime=1.594e+06; MLUPs=0.466537
[Timer] step=140; percent=0.0194444; passedTime=310.004; remTime=1.594e+06; MLUPs=0.466537
[LatticeStatistics] step=160; t=0.00266667; uMax=0; avEnergy=0; avRho=0.00563308
[Timer] step=160; percent=0.0222222; passedTime=354.134; remTime=1.59325e+06; MLUPs=0.46695
[Timer] step=160; percent=0.0222222; passedTime=354.134; remTime=1.59325e+06; MLUPs=0.46695
[ValueTracer] average=0.00519799; stdDev/average=0.20401
[LatticeStatistics] step=180; t=0.003; uMax=0; avEnergy=0; avRho=0.00563308
[Timer] step=180; percent=0.025; passedTime=398.295; remTime=1.59278e+06; MLUPs=0.466622
[Timer] step=180; percent=0.025; passedTime=398.295; remTime=1.59278e+06; MLUPs=0.466622
[LatticeStatistics] step=200; t=0.00333333; uMax=0; avEnergy=0; avRho=0.00563308
[Timer] step=200; percent=0.0277778; passedTime=442.428; remTime=1.5923e+06; MLUPs=0.466907
[Timer] step=200; percent=0.0277778; passedTime=442.428; remTime=1.5923e+06; MLUPs=0.466907
[LatticeStatistics] step=220; t=0.00366667; uMax=0; avEnergy=0; avRho=0.00563308
[Timer] step=220; percent=0.0305556; passedTime=486.581; remTime=1.59196e+06; MLUPs=0.466706
[Timer] step=220; percent=0.0305556; passedTime=486.581; remTime=1.59196e+06; MLUPs=0.466706
[LatticeStatistics] step=240; t=0.004; uMax=0; avEnergy=0; avRho=0.00563308
[Timer] step=240; percent=0.0333333; passedTime=530.768; remTime=1.59177e+06; MLUPs=0.466337
[Timer] step=240; percent=0.0333333; passedTime=530.768; remTime=1.59177e+06; MLUPs=0.466337
[LatticeStatistics] step=260; t=0.00433333; uMax=0; avEnergy=0; avRho=0.00563308
[Timer] step=260; percent=0.0361111; passedTime=574.918; remTime=1.59151e+06; MLUPs=0.466738
[Timer] step=260; percent=0.0361111; passedTime=574.918; remTime=1.59151e+06; MLUPs=0.466738
[LatticeStatistics] step=280; t=0.00466667; uMax=0; avEnergy=0; avRho=0.00563308
[Timer] step=280; percent=0.0388889; passedTime=619.079; remTime=1.5913e+06; MLUPs=0.466601
[Timer] step=280; percent=0.0388889; passedTime=619.079; remTime=1.5913e+06; MLUPs=0.466601
[LatticeStatistics] step=300; t=0.005; uMax=0; avEnergy=0; avRho=0.00563308
[Timer] step=300; percent=0.0416667; passedTime=663.18; remTime=1.59097e+06; MLUPs=0.467257
[Timer] step=300; percent=0.0416667; passedTime=663.18; remTime=1.59097e+06; MLUPs=0.467257
[LatticeStatistics] step=320; t=0.00533333; uMax=0; avEnergy=0; avRho=0.00563308
[Timer] step=320; percent=0.0444444; passedTime=707.353; remTime=1.59084e+06; MLUPs=0.466495
[Timer] step=320; percent=0.0444444; passedTime=707.353; remTime=1.59084e+06; MLUPs=0.466495
[ValueTracer] average=0.00563308; stdDev/average=2.40362e-08
[LatticeStatistics] step=340; t=0.00566667; uMax=0; avEnergy=0; avRho=0.00563308
[Timer] step=340; percent=0.0472222; passedTime=751.64; remTime=1.59096e+06; MLUPs=0.465294
[Timer] step=340; percent=0.0472222; passedTime=751.64; remTime=1.59096e+06; MLUPs=0.465294
[LatticeStatistics] step=360; t=0.006; uMax=0; avEnergy=0; avRho=0.00563308
[Timer] step=360; percent=0.05; passedTime=795.791; remTime=1.59079e+06; MLUPs=0.466728
[Timer] step=360; percent=0.05; passedTime=795.791; remTime=1.59079e+06; MLUPs=0.466728
[LatticeStatistics] step=380; t=0.00633333; uMax=0; avEnergy=0; avRho=0.00563308
[Timer] step=380; percent=0.0527778; passedTime=839.866; remTime=1.59049e+06; MLUPs=0.467532
[Timer] step=380; percent=0.0527778; passedTime=839.866; remTime=1.59049e+06; MLUPs=0.467532
[LatticeStatistics] step=400; t=0.00666667; uMax=0; avEnergy=0; avRho=0.00563308
[Timer] step=400; percent=0.0555556; passedTime=884.023; remTime=1.59036e+06; MLUPs=0.466643
[Timer] step=400; percent=0.0555556; passedTime=884.023; remTime=1.59036e+06; MLUPs=0.466643
[main] Simulation converged. -- 401
[main] ------401
[main] Simulation converged. -- 401
[main] ./100case22_mcHardy/100case22.csv
0.000, 1.000000e+00, 0.000000e+00, 0.000000e+00, 0.000000e+00, 0.000000e+00, 0.000000e+00
0.010, 1.207120e+00, 5.626559e-03, 1.198524e-03, 9.121735e-01, 0.000000e+00, 6.938894e-18
0.020, 1.099872e+00, 5.282999e-03, 1.124755e-03, 8.323645e-01, 1.387779e-17, -1.387779e-17
0.030, 1.000494e+00, 4.945613e-03, 1.052375e-03, 7.582289e-01, -6.938894e-18, 6.938894e-18
0.040, 9.086664e-01, 4.627786e-03, 9.823193e-04, 6.896422e-01, 0.000000e+00, 0.000000e+00
0.050, 8.240972e-01, 4.325895e-03, 9.152852e-04, 6.263485e-01, 1.387779e-17, 0.000000e+00
0.060, 7.463719e-01, 4.048687e-03, 8.515946e-04, 5.681361e-01, 1.387779e-17, 0.000000e+00
0.070, 6.751416e-01, 3.790137e-03, 7.915067e-04, 5.146922e-01, 1.387779e-17, 0.000000e+00
0.080, 6.099571e-01, 3.553195e-03, 7.350798e-04, 4.657691e-01, -2.081668e-17, -6.938894e-18
0.090, 5.504572e-01, 3.332893e-03, 6.823309e-04, 4.210376e-01, 1.387779e-17, 0.000000e+00
0.100, 4.961958e-01, 3.131461e-03, 6.334458e-04, 3.802459e-01, -1.387779e-17, -6.938894e-18
0.110, 4.468279e-01, 2.944025e-03, 5.882720e-04, 3.430722e-01, 1.387779e-17, 0.000000e+00
0.120, 3.985881e-01, 2.742909e-03, 5.404460e-04, 3.059730e-01, -1.387779e-17, -1.387779e-17
0.130, 3.554693e-01, 2.559801e-03, 4.969876e-04, 2.728326e-01, 1.387779e-17, 2.081668e-17
0.140, 3.169161e-01, 2.393558e-03, 4.574230e-04, 2.432112e-01, 1.387779e-17, 1.387779e-17
0.150, 2.824969e-01, 2.239281e-03, 4.215655e-04, 2.167771e-01, 0.000000e+00, 0.000000e+00
0.160, 2.517558e-01, 2.373666e-03, 3.889913e-04, 1.931723e-01, 0.000000e+00, 0.000000e+00
0.170, 2.243332e-01, 2.445016e-03, 3.594640e-04, 1.721215e-01, -2.775558e-17, 6.938894e-18
0.180, 1.998603e-01, 2.468135e-03, 3.328659e-04, 1.533367e-01, 2.775558e-17, 6.938894e-18
0.190, 1.780418e-01, 2.450679e-03, 3.091208e-04, 1.365926e-01, -2.775558e-17, -1.387779e-17
0.200, 1.585814e-01, 2.403445e-03, 2.877667e-04, 1.216586e-01, 0.000000e+00, 0.000000e+00
0.210, 1.412391e-01, 2.332561e-03, 2.683671e-04, 1.083517e-01, 1.387779e-17, -6.938894e-18
0.220, 1.257781e-01, 2.244853e-03, 2.507844e-04, 9.648834e-02, 1.387779e-17, 0.000000e+00
0.230, 1.120064e-01, 2.144537e-03, 2.349162e-04, 8.592233e-02, 1.387779e-17, 6.938894e-18
0.240, 9.973447e-02, 2.036312e-03, 2.206275e-04, 7.650690e-02, 0.000000e+00, -6.938894e-18
0.250, 8.880530e-02, 1.922999e-03, 2.078089e-04, 6.812236e-02, 6.938894e-18, -3.469447e-18
0.260, 7.906838e-02, 1.807684e-03, 1.963437e-04, 6.065236e-02, 0.000000e+00, -1.387779e-17
0.270, 7.039803e-02, 1.691449e-03, 1.861315e-04, 5.400104e-02, 0.000000e+00, 1.387779e-17
0.280, 6.267484e-02, 1.576547e-03, 1.950660e-04, 4.807619e-02, -1.387779e-17, 0.000000e+00
0.290, 5.579836e-02, 1.464104e-03, 2.154235e-04, 4.280118e-02, 1.387779e-17, 6.938894e-18
0.300, 4.967395e-02, 1.355474e-03, 2.285330e-04, 3.810297e-02, 2.775558e-17, 1.387779e-17
0.310, 4.422144e-02, 1.251178e-03, 2.357905e-04, 3.392037e-02, 0.000000e+00, -6.938894e-18
0.320, 3.936582e-02, 1.151972e-03, 2.382122e-04, 3.019557e-02, 0.000000e+00, 1.387779e-17
0.330, 3.504320e-02, 1.057982e-03, 2.368489e-04, 2.687975e-02, 0.000000e+00, 0.000000e+00
0.340, 3.119449e-02, 9.695693e-04, 2.324547e-04, 2.392747e-02, 2.775558e-17, -6.938894e-18
0.350, 2.776837e-02, 8.866114e-04, 2.257894e-04, 2.129944e-02, -1.387779e-17, 7.703720e-32
0.360, 2.471804e-02, 8.092259e-04, 2.173881e-04, 1.895965e-02, 0.000000e+00, -1.387779e-17
0.370, 2.200274e-02, 7.291691e-04, 2.077801e-04, 1.687689e-02, -1.387779e-17, -6.938894e-18
0.380, 1.958536e-02, 6.565229e-04, 1.973295e-04, 1.502265e-02, 0.000000e+00, -6.938894e-18
0.390, 1.743355e-02, 5.905927e-04, 1.863522e-04, 1.337213e-02, -1.387779e-17, 0.000000e+00
0.400, 1.551791e-02, 5.309691e-04, 1.750678e-04, 1.190277e-02, 0.000000e+00, -6.938894e-18
0.410, 1.381275e-02, 4.770281e-04, 1.637295e-04, 1.059486e-02, -2.775558e-17, -1.387779e-17
0.420, 1.229479e-02, 4.283488e-04, 1.525032e-04, 9.430537e-03, 0.000000e+00, 6.938894e-18
0.430, 1.094364e-02, 3.844175e-04, 1.415437e-04, 8.394171e-03, 0.000000e+00, -6.938894e-18
0.440, 9.740858e-03, 3.448517e-04, 1.309426e-04, 7.471602e-03, -2.775558e-17, -1.387779e-17
0.450, 8.670266e-03, 3.092135e-04, 1.207884e-04, 6.650432e-03, 0.000000e+00, 0.000000e+00
0.460, 7.717258e-03, 2.771676e-04, 1.111185e-04, 5.919447e-03, 1.387779e-17, 6.938894e-18
0.470, 6.868999e-03, 2.483471e-04, 1.019766e-04, 5.268812e-03, -1.387779e-17, 3.235562e-32
0.480, 6.113921e-03, 2.224798e-04, 9.336684e-05, 4.689645e-03, -1.387779e-17, 0.000000e+00
0.490, 5.441844e-03, 1.992550e-04, 8.476657e-05, 4.174144e-03, 1.387779e-17, 0.000000e+00
0.500, 4.843606e-03, 1.784255e-04, 7.638894e-05, 3.715276e-03, 0.000000e+00, 1.387779e-17
0.510, 4.311131e-03, 1.597380e-04, 6.877849e-05, 3.306853e-03, 2.775558e-17, 1.387779e-17
0.520, 3.837166e-03, 1.429882e-04, 6.187446e-05, 2.943305e-03, 1.387779e-17, 1.387779e-17
0.530, 3.415308e-03, 1.279705e-04, 5.562449e-05, 2.619726e-03, -2.775558e-17, -6.938894e-18
0.540, 3.039809e-03, 1.145168e-04, 4.997199e-05, 2.331704e-03, -1.387779e-17, 0.000000e+00
0.550, 2.705594e-03, 1.024607e-04, 4.486902e-05, 2.075350e-03, -1.387779e-17, -1.387779e-17
0.560, 2.408111e-03, 9.166485e-05, 4.026520e-05, 1.847168e-03, 0.000000e+00, 0.000000e+00
0.570, 2.143336e-03, 8.199488e-05, 3.611769e-05, 1.644075e-03, 1.387779e-17, 2.081668e-17
0.580, 1.907664e-03, 7.333878e-05, 3.238302e-05, 1.463304e-03, -1.387779e-17, 2.126227e-31
0.590, 1.697905e-03, 6.558970e-05, 2.902407e-05, 1.302410e-03, 1.232595e-32, 0.000000e+00
0.600, 1.511203e-03, 5.865500e-05, 2.600512e-05, 1.159201e-03, -2.775558e-17, -1.387779e-17
0.610, 1.345031e-03, 5.244867e-05, 2.329505e-05, 1.031739e-03, -1.387779e-17, -6.938894e-18
0.620, 1.197126e-03, 4.689592e-05, 2.086257e-05, 9.182885e-04, 0.000000e+00, 6.938894e-18
0.630, 1.065485e-03, 4.192733e-05, 1.868068e-05, 8.173135e-04, 0.000000e+00, -6.938894e-18
0.640, 9.483164e-04, 3.748292e-05, 1.672366e-05, 7.274389e-04, -1.387779e-17, -6.938894e-18
0.650, 8.440321e-04, 3.350687e-05, 1.496934e-05, 6.474476e-04, 2.775558e-17, 6.938894e-18
0.660, 7.512130e-04, 2.995073e-05, 1.339663e-05, 5.762505e-04, -2.775558e-17, -6.938894e-18
0.670, 6.686011e-04, 2.677004e-05, 1.198755e-05, 5.128830e-04, 0.000000e+00, 6.938894e-18
0.680, 5.950721e-04, 2.392577e-05, 1.072493e-05, 4.564825e-04, 0.000000e+00, 6.938894e-18
0.690, 5.296290e-04, 2.138223e-05, 9.594165e-06, 4.062846e-04, -1.387779e-17, 0.000000e+00
0.700, 4.713813e-04, 1.910805e-05, 8.581383e-06, 3.616060e-04, -1.387779e-17, 7.703720e-32
0.710, 4.195392e-04, 1.707462e-05, 7.674794e-06, 3.218412e-04, -1.387779e-17, -6.938894e-18
0.720, 3.733972e-04, 1.525675e-05, 6.863151e-06, 2.864488e-04, -1.387779e-17, 0.000000e+00
0.730, 3.323295e-04, 1.363151e-05, 6.136956e-06, 2.549489e-04, -1.387779e-17, 6.938894e-18
0.740, 2.957772e-04, 1.217867e-05, 5.487226e-06, 2.269131e-04, 0.000000e+00, -6.938894e-18
0.750, 2.632445e-04, 1.087988e-05, 4.905955e-06, 2.019608e-04, -1.387779e-17, 0.000000e+00
0.760, 2.342887e-04, 9.718926e-06, 4.385865e-06, 1.797527e-04, 1.387779e-17, 6.938894e-18
0.770, 2.085169e-04, 8.681104e-06, 3.920648e-06, 1.599875e-04, 2.775558e-17, 1.387779e-17
0.780, 1.855785e-04, 7.753419e-06, 3.504466e-06, 1.423963e-04, -2.775558e-17, -1.387779e-17
0.790, 1.651621e-04, 6.924098e-06, 3.132240e-06, 1.267403e-04, 1.387779e-17, 6.938894e-18
0.800, 1.469900e-04, 6.182725e-06, 2.799287e-06, 1.128067e-04, -1.387779e-17, 0.000000e+00
0.810, 1.308155e-04, 5.519871e-06, 2.501521e-06, 1.004063e-04, 1.387779e-17, 6.938894e-18
0.820, 1.164183e-04, 4.927194e-06, 2.235195e-06, 8.937066e-05, -1.540744e-31, -6.938894e-18
0.830, 1.036032e-04, 4.397131e-06, 1.997029e-06, 7.954983e-05, 1.387779e-17, 1.387779e-17
0.840, 9.219552e-05, 3.923015e-06, 1.784013e-06, 7.081047e-05, -1.387779e-17, -6.938894e-18
0.850, 8.204046e-05, 3.498768e-06, 1.593504e-06, 6.303383e-05, 0.000000e+00, 0.000000e+00
0.860, 7.299952e-05, 3.122080e-06, 1.423092e-06, 5.611447e-05, 0.000000e+00, 0.000000e+00
0.870, 6.494999e-05, 2.785216e-06, 1.270660e-06, 4.995832e-05, 0.000000e+00, -6.938894e-18
0.880, 5.778181e-05, 2.483938e-06, 1.134236e-06, 4.448216e-05, 0.000000e+00, -1.387779e-17
0.890, 5.139767e-05, 2.214407e-06, 1.012106e-06, 3.961148e-05, 1.387779e-17, 0.000000e+00
0.900, 4.567316e-05, 1.972336e-06, 9.023785e-07, 3.531562e-05, -1.387779e-17, 0.000000e+00
0.910, 4.056491e-05, 1.755462e-06, 8.040393e-07, 3.150291e-05, 2.775558e-17, -6.938894e-18
0.920, 3.600243e-05, 1.561053e-06, 7.158320e-07, 2.812168e-05, 0.000000e+00, 0.000000e+00
0.930, 3.192341e-05, 1.386587e-06, 6.366251e-07, 2.512693e-05, -1.387779e-17, -6.938894e-18
0.940, 2.827113e-05, 1.229865e-06, 5.653978e-07, 2.247826e-05, 1.387779e-17, 1.387779e-17
0.950, 2.499539e-05, 1.088831e-06, 5.012360e-07, 2.014084e-05, 2.775558e-17, 1.387779e-17
0.960, 2.205010e-05, 9.617085e-07, 4.432999e-07, 1.808343e-05, 1.387779e-17, 6.938894e-18
0.970, 1.939435e-05, 8.466902e-07, 3.908316e-07, 1.627948e-05, -1.387779e-17, 0.000000e+00
0.980, 1.699013e-05, 7.422909e-07, 3.431261e-07, 1.470529e-05, 0.000000e+00, 6.938894e-18
0.990, 1.480347e-05, 6.469062e-07, 2.995385e-07, 1.334119e-05, -1.387779e-17, 0.000000e+00
1.000, 0.000000e+00, 0.000000e+00, 0.000000e+00, 0.000000e+00, 0.000000e+00, 0.000000e+00
[Timer] 
[Timer] ----------------Summary:Timer----------------
[Timer] measured time (rt) : 887.716s
[Timer] measured time (cpu): 887.410s
[Timer] average MLUPs :       0.464
[Timer] average MLUPps:       0.464
[Timer] ---------------------------------------------
