1
node22
[MpiManager] Sucessfully initialized, numThreads=1
[Directories] Directory ./100case25_mcHardy/ created.
[Directories] Directory ./100case25_mcHardy/imageData/ created.
[Directories] Directory ./100case25_mcHardy/imageData/data/ created.
[Directories] Directory ./100case25_mcHardy/vtkData/ created.
[Directories] Directory ./100case25_mcHardy/vtkData/data/ created.
[Directories] Directory ./100case25_mcHardy/gnuplotData/ created.
[Directories] Directory ./100case25_mcHardy/gnuplotData/data/ created.
[main] case25
[main] omega = .... 1
[main] omega 1
[main] working with direct discretization
[AnisotropyMatrix] Call AnistorpiyMatrix()
[AnisotropyMatrix] Compute anisotropy matrix ...
[AnisotropyMatrix] Terminate after 0 iterations
[main] 1, 1, 1, 1, 1, 1, 1, 1, 1, 1, 1, 1, 1, 1, 1, 1, 1, 1, 1, 1, 1, 1, 1, 1, 1, 1, 
[main] 1, 1, 1, 1, 1, 1, 1, 1, 1, 1, 1, 1, 1, 1, 1, 1, 1, 1, 1, 1, 1, 1, 1, 1, 1, 1, 
[main] 1, 1, 1, 1, 1, 1, 1, 1, 1, 1, 1, 1, 1, 1, 1, 1, 1, 1, 1, 1, 1, 1, 1, 1, 1, 1, 
[main] 1, 1, 1, 1, 1, 1, 1, 1, 1, 1, 1, 1, 1, 1, 1, 1, 1, 1, 1, 1, 1, 1, 1, 1, 1, 1, 
[main] 1, 1, 1, 1, 1, 1, 1, 1, 1, 1, 1, 1, 1, 1, 1, 1, 1, 1, 1, 1, 1, 1, 1, 1, 1, 1, 
[main] 1, 1, 1, 1, 1, 1, 1, 1, 1, 1, 1, 1, 1, 1, 1, 1, 1, 1, 1, 1, 1, 1, 1, 1, 1, 1, 
[main] 1, 1, 1, 1, 1, 1, 1, 1, 1, 1, 1, 1, 1, 1, 1, 1, 1, 1, 1, 1, 1, 1, 1, 1, 1, 1, 
[main] 1, 1, 1, 1, 1, 1, 1, 1, 1, 1, 1, 1, 1, 1, 1, 1, 1, 1, 1, 1, 1, 1, 1, 1, 1, 1, 
[main] 1, 1, 1, 1, 1, 1, 1, 1, 1, 1, 1, 1, 1, 1, 1, 1, 1, 1, 1, 1, 1, 1, 1, 1, 1, 1, 
[main] 1, 1, 1, 1, 1, 1, 1, 1, 1, 1, 1, 1, 1, 1, 1, 1, 1, 1, 1, 1, 1, 1, 1, 1, 1, 1, 
[main] 1, 1, 1, 1, 1, 1, 1, 1, 1, 1, 1, 1, 1, 1, 1, 1, 1, 1, 1, 1, 1, 1, 1, 1, 1, 1, 
[main] 1, 1, 1, 1, 1, 1, 1, 1, 1, 1, 1, 1, 1, 1, 1, 1, 1, 1, 1, 1, 1, 1, 1, 1, 1, 1, 
[main] 1, 1, 1, 1, 1, 1, 1, 1, 1, 1, 1, 1, 1, 1, 1, 1, 1, 1, 1, 1, 1, 1, 1, 1, 1, 1, 
[main] 1, 1, 1, 1, 1, 1, 1, 1, 1, 1, 1, 1, 1, 1, 1, 1, 1, 1, 1, 1, 1, 1, 1, 1, 1, 1, 
[main] 1, 1, 1, 1, 1, 1, 1, 1, 1, 1, 1, 1, 1, 1, 1, 1, 1, 1, 1, 1, 1, 1, 1, 1, 1, 1, 
[main] 1, 1, 1, 1, 1, 1, 1, 1, 1, 1, 1, 1, 1, 1, 1, 1, 1, 1, 1, 1, 1, 1, 1, 1, 1, 1, 
[main] 1, 1, 1, 1, 1, 1, 1, 1, 1, 1, 1, 1, 1, 1, 1, 1, 1, 1, 1, 1, 1, 1, 1, 1, 1, 1, 
[main] 1, 1, 1, 1, 1, 1, 1, 1, 1, 1, 1, 1, 1, 1, 1, 1, 1, 1, 1, 1, 1, 1, 1, 1, 1, 1, 
[main] 1, 1, 1, 1, 1, 1, 1, 1, 1, 1, 1, 1, 1, 1, 1, 1, 1, 1, 1, 1, 1, 1, 1, 1, 1, 1, 
[main] 1, 1, 1, 1, 1, 1, 1, 1, 1, 1, 1, 1, 1, 1, 1, 1, 1, 1, 1, 1, 1, 1, 1, 1, 1, 1, 
[main] 1, 1, 1, 1, 1, 1, 1, 1, 1, 1, 1, 1, 1, 1, 1, 1, 1, 1, 1, 1, 1, 1, 1, 1, 1, 1, 
[main] 1, 1, 1, 1, 1, 1, 1, 1, 1, 1, 1, 1, 1, 1, 1, 1, 1, 1, 1, 1, 1, 1, 1, 1, 1, 1, 
[main] 1, 1, 1, 1, 1, 1, 1, 1, 1, 1, 1, 1, 1, 1, 1, 1, 1, 1, 1, 1, 1, 1, 1, 1, 1, 1, 
[main] 1, 1, 1, 1, 1, 1, 1, 1, 1, 1, 1, 1, 1, 1, 1, 1, 1, 1, 1, 1, 1, 1, 1, 1, 1, 1, 
[main] 1, 1, 1, 1, 1, 1, 1, 1, 1, 1, 1, 1, 1, 1, 1, 1, 1, 1, 1, 1, 1, 1, 1, 1, 1, 1, 
[main] 1, 1, 1, 1, 1, 1, 1, 1, 1, 1, 1, 1, 1, 1, 1, 1, 1, 1, 1, 1, 1, 1, 1, 1, 1, 1, 
[RadiativeUnitConverter] ----------------- UnitConverter information -----------------
[RadiativeUnitConverter] -- Parameters:
[RadiativeUnitConverter] Resolution:                       N=              100
[RadiativeUnitConverter] Lattice relaxation frequency:     omega=          1
[RadiativeUnitConverter] Lattice relaxation time:          tau=            1
[RadiativeUnitConverter] Characteristical length(m):       charL=          1
[RadiativeUnitConverter] Phys. density(kg/m^d):            charRho=        1
[RadiativeUnitConverter] Phys. absorption(1/m):            mu_a=           0
[RadiativeUnitConverter] Phys. scattering(1/m):            mu_s=           12
[RadiativeUnitConverter] Extinction(1/m):                  mu_t=           12
[RadiativeUnitConverter] Effective attenuation(1/m):       mu_eff=         0
[RadiativeUnitConverter] Phys. diffusion(m):               D=              0.0277778
[RadiativeUnitConverter] Single scattering albedo:         albedo=         1
[RadiativeUnitConverter] Anisotropy factor:                g=              0
[RadiativeUnitConverter] 
[RadiativeUnitConverter] Lattice diffusion:                D^*=            2.77778
[RadiativeUnitConverter] Lattice absorption:               absorption=     0
[RadiativeUnitConverter] Lattice scattering:               scattering=     0.12
[RadiativeUnitConverter] Lattice sink:                     sink=           0
[RadiativeUnitConverter] C_R: 1
[RadiativeUnitConverter] r_F: 1.83486
[RadiativeUnitConverter] 
[RadiativeUnitConverter] -- Conversion factors:
[RadiativeUnitConverter] Voxel length(m):                  physDeltaX=     0.01
[RadiativeUnitConverter] Time step(s):                     physDeltaT=     1.66667e-05
[RadiativeUnitConverter] Density factor(kg/m^3):           physDensity=    1
[RadiativeUnitConverter] -------------------------------------------------------------
[prepareGeometryCube] Prepare cubeGeometry ...
[SuperGeometry3D] cleaned 0 outer boundary voxel(s)
[SuperGeometry3D] cleaned 0 inner boundary voxel(s)
[SuperGeometry3D] the model is correct!
[CuboidGeometry3D] ---Cuboid Stucture Statistics---
[CuboidGeometry3D]  Number of Cuboids: 	2
[CuboidGeometry3D]  Delta  (min): 		0.01
[CuboidGeometry3D]         (max): 		0.01
[CuboidGeometry3D]  Ratio  (min): 		0.49505
[CuboidGeometry3D]         (max): 		2.02
[CuboidGeometry3D]  Nodes  (min): 		510050
[CuboidGeometry3D]         (max): 		520251
[CuboidGeometry3D]  Weight (min): 		510050
[CuboidGeometry3D]         (max): 		520251
[CuboidGeometry3D] --------------------------------
[SuperGeometryStatistics3D] materialNumber=1; count=970299; minPhysR=(0.01,-0.49,-0.49); maxPhysR=(0.99,0.49,0.49)
[SuperGeometryStatistics3D] materialNumber=2; count=59561; minPhysR=(0,-0.5,-0.5); maxPhysR=(1,0.5,0.5)
[SuperGeometryStatistics3D] materialNumber=3; count=441; minPhysR=(0,-0.1,-0.1); maxPhysR=(0,0.1,0.1)
[prepareGeometryCube] Prepare cubeGeometry ... OK
[prepareLattice] Prepare Lattice ...
[prepareLattice] Prepare Lattice ... OK
[main] iT convergence criteria: 160
[LatticeStatistics] step=0; t=0; uMax=0; avEnergy=0; avRho=1
[Timer] step=0; percent=0; passedTime=0; remTime=0.001; MLUPs=0
[Timer] step=0; percent=0; passedTime=0; remTime=0.001; MLUPs=0
[LatticeStatistics] step=20; t=0.000333333; uMax=0; avEnergy=0; avRho=0.00875419
[Timer] step=20; percent=0.00277778; passedTime=44.431; remTime=1.59947e+06; MLUPs=0.463776
[Timer] step=20; percent=0.00277778; passedTime=44.431; remTime=1.59947e+06; MLUPs=0.463776
[LatticeStatistics] step=40; t=0.000666667; uMax=0; avEnergy=0; avRho=0.0165206
[Timer] step=40; percent=0.00555556; passedTime=88.489; remTime=1.59271e+06; MLUPs=0.467713
[Timer] step=40; percent=0.00555556; passedTime=88.489; remTime=1.59271e+06; MLUPs=0.467713
[LatticeStatistics] step=60; t=0.001; uMax=0; avEnergy=0; avRho=0.022996
[Timer] step=60; percent=0.00833333; passedTime=132.495; remTime=1.58981e+06; MLUPs=0.468255
[Timer] step=60; percent=0.00833333; passedTime=132.495; remTime=1.58981e+06; MLUPs=0.468255
[LatticeStatistics] step=80; t=0.00133333; uMax=0; avEnergy=0; avRho=0.0284512
[Timer] step=80; percent=0.0111111; passedTime=176.505; remTime=1.58837e+06; MLUPs=0.468223
[Timer] step=80; percent=0.0111111; passedTime=176.505; remTime=1.58837e+06; MLUPs=0.468223
[LatticeStatistics] step=100; t=0.00166667; uMax=0; avEnergy=0; avRho=0.0330466
[Timer] step=100; percent=0.0138889; passedTime=220.517; remTime=1.5875e+06; MLUPs=0.468191
[Timer] step=100; percent=0.0138889; passedTime=220.517; remTime=1.5875e+06; MLUPs=0.468191
[LatticeStatistics] step=120; t=0.002; uMax=0; avEnergy=0; avRho=0.0369126
[Timer] step=120; percent=0.0166667; passedTime=264.577; remTime=1.5872e+06; MLUPs=0.467692
[Timer] step=120; percent=0.0166667; passedTime=264.577; remTime=1.5872e+06; MLUPs=0.467692
[LatticeStatistics] step=140; t=0.00233333; uMax=0; avEnergy=0; avRho=0.0401599
[Timer] step=140; percent=0.0194444; passedTime=308.58; remTime=1.58667e+06; MLUPs=0.468287
[Timer] step=140; percent=0.0194444; passedTime=308.58; remTime=1.58667e+06; MLUPs=0.468287
[LatticeStatistics] step=160; t=0.00266667; uMax=0; avEnergy=0; avRho=0.0428846
[Timer] step=160; percent=0.0222222; passedTime=352.543; remTime=1.58609e+06; MLUPs=0.468713
[Timer] step=160; percent=0.0222222; passedTime=352.543; remTime=1.58609e+06; MLUPs=0.468713
[ValueTracer] average=0.026214; stdDev/average=0.469636
[LatticeStatistics] step=180; t=0.003; uMax=0; avEnergy=0; avRho=0.0451691
[Timer] step=180; percent=0.025; passedTime=396.567; remTime=1.58587e+06; MLUPs=0.468063
[Timer] step=180; percent=0.025; passedTime=396.567; remTime=1.58587e+06; MLUPs=0.468063
[LatticeStatistics] step=200; t=0.00333333; uMax=0; avEnergy=0; avRho=0.0470836
[Timer] step=200; percent=0.0277778; passedTime=440.601; remTime=1.58572e+06; MLUPs=0.467957
[Timer] step=200; percent=0.0277778; passedTime=440.601; remTime=1.58572e+06; MLUPs=0.467957
[LatticeStatistics] step=220; t=0.00366667; uMax=0; avEnergy=0; avRho=0.0486876
[Timer] step=220; percent=0.0305556; passedTime=484.564; remTime=1.58536e+06; MLUPs=0.468702
[Timer] step=220; percent=0.0305556; passedTime=484.564; remTime=1.58536e+06; MLUPs=0.468702
[LatticeStatistics] step=240; t=0.004; uMax=0; avEnergy=0; avRho=0.0500312
[Timer] step=240; percent=0.0333333; passedTime=528.741; remTime=1.58569e+06; MLUPs=0.466453
[Timer] step=240; percent=0.0333333; passedTime=528.741; remTime=1.58569e+06; MLUPs=0.466453
[LatticeStatistics] step=260; t=0.00433333; uMax=0; avEnergy=0; avRho=0.0511566
[Timer] step=260; percent=0.0361111; passedTime=572.743; remTime=1.58548e+06; MLUPs=0.468308
[Timer] step=260; percent=0.0361111; passedTime=572.743; remTime=1.58548e+06; MLUPs=0.468308
[LatticeStatistics] step=280; t=0.00466667; uMax=0; avEnergy=0; avRho=0.0520991
[Timer] step=280; percent=0.0388889; passedTime=616.735; remTime=1.58527e+06; MLUPs=0.468393
[Timer] step=280; percent=0.0388889; passedTime=616.735; remTime=1.58527e+06; MLUPs=0.468393
[LatticeStatistics] step=300; t=0.005; uMax=0; avEnergy=0; avRho=0.0528885
[Timer] step=300; percent=0.0416667; passedTime=660.741; remTime=1.58512e+06; MLUPs=0.468255
[Timer] step=300; percent=0.0416667; passedTime=660.741; remTime=1.58512e+06; MLUPs=0.468255
[LatticeStatistics] step=320; t=0.00533333; uMax=0; avEnergy=0; avRho=0.0535495
[Timer] step=320; percent=0.0444444; passedTime=704.755; remTime=1.58499e+06; MLUPs=0.46818
[Timer] step=320; percent=0.0444444; passedTime=704.755; remTime=1.58499e+06; MLUPs=0.46818
[ValueTracer] average=0.0494695; stdDev/average=0.0611591
[LatticeStatistics] step=340; t=0.00566667; uMax=0; avEnergy=0; avRho=0.0541031
[Timer] step=340; percent=0.0472222; passedTime=748.817; remTime=1.58498e+06; MLUPs=0.46767
[Timer] step=340; percent=0.0472222; passedTime=748.817; remTime=1.58498e+06; MLUPs=0.46767
[LatticeStatistics] step=360; t=0.006; uMax=0; avEnergy=0; avRho=0.0545667
[Timer] step=360; percent=0.05; passedTime=792.94; remTime=1.58509e+06; MLUPs=0.467013
[Timer] step=360; percent=0.05; passedTime=792.94; remTime=1.58509e+06; MLUPs=0.467013
[LatticeStatistics] step=380; t=0.00633333; uMax=0; avEnergy=0; avRho=0.0549549
[Timer] step=380; percent=0.0527778; passedTime=836.919; remTime=1.5849e+06; MLUPs=0.468532
[Timer] step=380; percent=0.0527778; passedTime=836.919; remTime=1.5849e+06; MLUPs=0.468532
[LatticeStatistics] step=400; t=0.00666667; uMax=0; avEnergy=0; avRho=0.05528
[Timer] step=400; percent=0.0555556; passedTime=880.955; remTime=1.58484e+06; MLUPs=0.467946
[Timer] step=400; percent=0.0555556; passedTime=880.955; remTime=1.58484e+06; MLUPs=0.467946
[LatticeStatistics] step=420; t=0.007; uMax=0; avEnergy=0; avRho=0.0555523
[Timer] step=420; percent=0.0583333; passedTime=924.971; remTime=1.58474e+06; MLUPs=0.468159
[Timer] step=420; percent=0.0583333; passedTime=924.971; remTime=1.58474e+06; MLUPs=0.468159
[LatticeStatistics] step=440; t=0.00733333; uMax=0; avEnergy=0; avRho=0.0557803
[Timer] step=440; percent=0.0611111; passedTime=968.938; remTime=1.58457e+06; MLUPs=0.468659
[Timer] step=440; percent=0.0611111; passedTime=968.938; remTime=1.58457e+06; MLUPs=0.468659
[LatticeStatistics] step=460; t=0.00766667; uMax=0; avEnergy=0; avRho=0.0559712
[Timer] step=460; percent=0.0638889; passedTime=1012.88; remTime=1.58436e+06; MLUPs=0.46899
[Timer] step=460; percent=0.0638889; passedTime=1012.88; remTime=1.58436e+06; MLUPs=0.46899
[LatticeStatistics] step=480; t=0.008; uMax=0; avEnergy=0; avRho=0.0561311
[Timer] step=480; percent=0.0666667; passedTime=1056.96; remTime=1.58439e+06; MLUPs=0.467405
[Timer] step=480; percent=0.0666667; passedTime=1056.96; remTime=1.58439e+06; MLUPs=0.467405
[ValueTracer] average=0.0551439; stdDev/average=0.0132784
[LatticeStatistics] step=500; t=0.00833333; uMax=0; avEnergy=0; avRho=0.056265
[Timer] step=500; percent=0.0694444; passedTime=1100.96; remTime=1.58428e+06; MLUPs=0.468329
[Timer] step=500; percent=0.0694444; passedTime=1100.96; remTime=1.58428e+06; MLUPs=0.468329
[LatticeStatistics] step=520; t=0.00866667; uMax=0; avEnergy=0; avRho=0.0563771
[Timer] step=520; percent=0.0722222; passedTime=1144.91; remTime=1.58412e+06; MLUPs=0.468841
[Timer] step=520; percent=0.0722222; passedTime=1144.91; remTime=1.58412e+06; MLUPs=0.468841
[LatticeStatistics] step=540; t=0.009; uMax=0; avEnergy=0; avRho=0.056471
[Timer] step=540; percent=0.075; passedTime=1188.94; remTime=1.58407e+06; MLUPs=0.46801
[Timer] step=540; percent=0.075; passedTime=1188.94; remTime=1.58407e+06; MLUPs=0.46801
[LatticeStatistics] step=560; t=0.00933333; uMax=0; avEnergy=0; avRho=0.0565496
[Timer] step=560; percent=0.0777778; passedTime=1232.96; remTime=1.584e+06; MLUPs=0.468116
[Timer] step=560; percent=0.0777778; passedTime=1232.96; remTime=1.584e+06; MLUPs=0.468116
[LatticeStatistics] step=580; t=0.00966667; uMax=0; avEnergy=0; avRho=0.0566154
[Timer] step=580; percent=0.0805556; passedTime=1277.06; remTime=1.58404e+06; MLUPs=0.467214
[Timer] step=580; percent=0.0805556; passedTime=1277.06; remTime=1.58404e+06; MLUPs=0.467214
[LatticeStatistics] step=600; t=0.01; uMax=0; avEnergy=0; avRho=0.0566706
[Timer] step=600; percent=0.0833333; passedTime=1321.26; remTime=1.5842e+06; MLUPs=0.46621
[Timer] step=600; percent=0.0833333; passedTime=1321.26; remTime=1.5842e+06; MLUPs=0.46621
[LatticeStatistics] step=620; t=0.0103333; uMax=0; avEnergy=0; avRho=0.0567168
[Timer] step=620; percent=0.0861111; passedTime=1365.47; remTime=1.58434e+06; MLUPs=0.466126
[Timer] step=620; percent=0.0861111; passedTime=1365.47; remTime=1.58434e+06; MLUPs=0.466126
[LatticeStatistics] step=640; t=0.0106667; uMax=0; avEnergy=0; avRho=0.0567554
[Timer] step=640; percent=0.0888889; passedTime=1409.68; remTime=1.58449e+06; MLUPs=0.466052
[Timer] step=640; percent=0.0888889; passedTime=1409.68; remTime=1.58449e+06; MLUPs=0.466052
[ValueTracer] average=0.0565167; stdDev/average=0.00313344
[LatticeStatistics] step=660; t=0.011; uMax=0; avEnergy=0; avRho=0.0567878
[Timer] step=660; percent=0.0916667; passedTime=1453.9; remTime=1.58462e+06; MLUPs=0.466041
[Timer] step=660; percent=0.0916667; passedTime=1453.9; remTime=1.58462e+06; MLUPs=0.466041
[LatticeStatistics] step=680; t=0.0113333; uMax=0; avEnergy=0; avRho=0.0568149
[Timer] step=680; percent=0.0944444; passedTime=1497.94; remTime=1.58455e+06; MLUPs=0.467946
[Timer] step=680; percent=0.0944444; passedTime=1497.94; remTime=1.58455e+06; MLUPs=0.467946
[LatticeStatistics] step=700; t=0.0116667; uMax=0; avEnergy=0; avRho=0.0568376
[Timer] step=700; percent=0.0972222; passedTime=1541.98; remTime=1.5845e+06; MLUPs=0.467819
[Timer] step=700; percent=0.0972222; passedTime=1541.98; remTime=1.5845e+06; MLUPs=0.467819
[LatticeStatistics] step=720; t=0.012; uMax=0; avEnergy=0; avRho=0.0568567
[Timer] step=720; percent=0.1; passedTime=1586.11; remTime=1.58453e+06; MLUPs=0.466928
[Timer] step=720; percent=0.1; passedTime=1586.11; remTime=1.58453e+06; MLUPs=0.466928
[LatticeStatistics] step=740; t=0.0123333; uMax=0; avEnergy=0; avRho=0.0568726
[Timer] step=740; percent=0.102778; passedTime=1630.12; remTime=1.58443e+06; MLUPs=0.468276
[Timer] step=740; percent=0.102778; passedTime=1630.12; remTime=1.58443e+06; MLUPs=0.468276
[LatticeStatistics] step=760; t=0.0126667; uMax=0; avEnergy=0; avRho=0.0568859
[Timer] step=760; percent=0.105556; passedTime=1674.15; remTime=1.58436e+06; MLUPs=0.467989
[Timer] step=760; percent=0.105556; passedTime=1674.15; remTime=1.58436e+06; MLUPs=0.467989
[LatticeStatistics] step=780; t=0.013; uMax=0; avEnergy=0; avRho=0.0568971
[Timer] step=780; percent=0.108333; passedTime=1718.19; remTime=1.58431e+06; MLUPs=0.467883
[Timer] step=780; percent=0.108333; passedTime=1718.19; remTime=1.58431e+06; MLUPs=0.467883
[LatticeStatistics] step=800; t=0.0133333; uMax=0; avEnergy=0; avRho=0.0569064
[Timer] step=800; percent=0.111111; passedTime=1762.24; remTime=1.58426e+06; MLUPs=0.467755
[Timer] step=800; percent=0.111111; passedTime=1762.24; remTime=1.58426e+06; MLUPs=0.467755
[ValueTracer] average=0.0568487; stdDev/average=0.000753402
[LatticeStatistics] step=820; t=0.0136667; uMax=0; avEnergy=0; avRho=0.0569143
[Timer] step=820; percent=0.113889; passedTime=1806.22; remTime=1.58415e+06; MLUPs=0.468532
[Timer] step=820; percent=0.113889; passedTime=1806.22; remTime=1.58415e+06; MLUPs=0.468532
[LatticeStatistics] step=840; t=0.014; uMax=0; avEnergy=0; avRho=0.0569208
[Timer] step=840; percent=0.116667; passedTime=1850.29; remTime=1.58411e+06; MLUPs=0.467628
[Timer] step=840; percent=0.116667; passedTime=1850.29; remTime=1.58411e+06; MLUPs=0.467628
[LatticeStatistics] step=860; t=0.0143333; uMax=0; avEnergy=0; avRho=0.0569263
[Timer] step=860; percent=0.119444; passedTime=1894.26; remTime=1.58399e+06; MLUPs=0.468681
[Timer] step=860; percent=0.119444; passedTime=1894.26; remTime=1.58399e+06; MLUPs=0.468681
[LatticeStatistics] step=880; t=0.0146667; uMax=0; avEnergy=0; avRho=0.0569309
[Timer] step=880; percent=0.122222; passedTime=1938.29; remTime=1.58393e+06; MLUPs=0.467957
[Timer] step=880; percent=0.122222; passedTime=1938.29; remTime=1.58393e+06; MLUPs=0.467957
[LatticeStatistics] step=900; t=0.015; uMax=0; avEnergy=0; avRho=0.0569348
[Timer] step=900; percent=0.125; passedTime=1982.25; remTime=1.58382e+06; MLUPs=0.468755
[Timer] step=900; percent=0.125; passedTime=1982.25; remTime=1.58382e+06; MLUPs=0.468755
[LatticeStatistics] step=920; t=0.0153333; uMax=0; avEnergy=0; avRho=0.056938
[Timer] step=920; percent=0.127778; passedTime=2026.29; remTime=1.58377e+06; MLUPs=0.467872
[Timer] step=920; percent=0.127778; passedTime=2026.29; remTime=1.58377e+06; MLUPs=0.467872
[LatticeStatistics] step=940; t=0.0156667; uMax=0; avEnergy=0; avRho=0.0569407
[Timer] step=940; percent=0.130556; passedTime=2070.33; remTime=1.58372e+06; MLUPs=0.467861
[Timer] step=940; percent=0.130556; passedTime=2070.33; remTime=1.58372e+06; MLUPs=0.467861
[LatticeStatistics] step=960; t=0.016; uMax=0; avEnergy=0; avRho=0.056943
[Timer] step=960; percent=0.133333; passedTime=2114.43; remTime=1.58371e+06; MLUPs=0.46732
[Timer] step=960; percent=0.133333; passedTime=2114.43; remTime=1.58371e+06; MLUPs=0.46732
[ValueTracer] average=0.056929; stdDev/average=0.000181954
[LatticeStatistics] step=980; t=0.0163333; uMax=0; avEnergy=0; avRho=0.0569449
[Timer] step=980; percent=0.136111; passedTime=2158.41; remTime=1.58361e+06; MLUPs=0.468532
[Timer] step=980; percent=0.136111; passedTime=2158.41; remTime=1.58361e+06; MLUPs=0.468532
[LatticeStatistics] step=1000; t=0.0166667; uMax=0; avEnergy=0; avRho=0.0569464
[Timer] step=1000; percent=0.138889; passedTime=2202.4; remTime=1.58352e+06; MLUPs=0.468436
[Timer] step=1000; percent=0.138889; passedTime=2202.4; remTime=1.58352e+06; MLUPs=0.468436
[LatticeStatistics] step=1020; t=0.017; uMax=0; avEnergy=0; avRho=0.0569478
[Timer] step=1020; percent=0.141667; passedTime=2246.43; remTime=1.58347e+06; MLUPs=0.467989
[Timer] step=1020; percent=0.141667; passedTime=2246.43; remTime=1.58347e+06; MLUPs=0.467989
[LatticeStatistics] step=1040; t=0.0173333; uMax=0; avEnergy=0; avRho=0.0569489
[Timer] step=1040; percent=0.144444; passedTime=2290.44; remTime=1.5834e+06; MLUPs=0.468212
[Timer] step=1040; percent=0.144444; passedTime=2290.44; remTime=1.5834e+06; MLUPs=0.468212
[LatticeStatistics] step=1060; t=0.0176667; uMax=0; avEnergy=0; avRho=0.0569498
[Timer] step=1060; percent=0.147222; passedTime=2334.49; remTime=1.58336e+06; MLUPs=0.467766
[Timer] step=1060; percent=0.147222; passedTime=2334.49; remTime=1.58336e+06; MLUPs=0.467766
[LatticeStatistics] step=1080; t=0.018; uMax=0; avEnergy=0; avRho=0.0569506
[Timer] step=1080; percent=0.15; passedTime=2378.58; remTime=1.58334e+06; MLUPs=0.467352
[Timer] step=1080; percent=0.15; passedTime=2378.58; remTime=1.58334e+06; MLUPs=0.467352
[LatticeStatistics] step=1100; t=0.0183333; uMax=0; avEnergy=0; avRho=0.0569512
[Timer] step=1100; percent=0.152778; passedTime=2422.56; remTime=1.58325e+06; MLUPs=0.468585
[Timer] step=1100; percent=0.152778; passedTime=2422.56; remTime=1.58325e+06; MLUPs=0.468585
[LatticeStatistics] step=1120; t=0.0186667; uMax=0; avEnergy=0; avRho=0.0569518
[Timer] step=1120; percent=0.155556; passedTime=2466.53; remTime=1.58316e+06; MLUPs=0.468617
[Timer] step=1120; percent=0.155556; passedTime=2466.53; remTime=1.58316e+06; MLUPs=0.468617
[ValueTracer] average=0.0569484; stdDev/average=4.3991e-05
[LatticeStatistics] step=1140; t=0.019; uMax=0; avEnergy=0; avRho=0.0569522
[Timer] step=1140; percent=0.158333; passedTime=2510.55; remTime=1.5831e+06; MLUPs=0.468138
[Timer] step=1140; percent=0.158333; passedTime=2510.55; remTime=1.5831e+06; MLUPs=0.468138
[LatticeStatistics] step=1160; t=0.0193333; uMax=0; avEnergy=0; avRho=0.0569526
[Timer] step=1160; percent=0.161111; passedTime=2554.55; remTime=1.58303e+06; MLUPs=0.468234
[Timer] step=1160; percent=0.161111; passedTime=2554.55; remTime=1.58303e+06; MLUPs=0.468234
[LatticeStatistics] step=1180; t=0.0196667; uMax=0; avEnergy=0; avRho=0.056953
[Timer] step=1180; percent=0.163889; passedTime=2598.6; remTime=1.58299e+06; MLUPs=0.467861
[Timer] step=1180; percent=0.163889; passedTime=2598.6; remTime=1.58299e+06; MLUPs=0.467861
[LatticeStatistics] step=1200; t=0.02; uMax=0; avEnergy=0; avRho=0.0569532
[Timer] step=1200; percent=0.166667; passedTime=2642.68; remTime=1.58296e+06; MLUPs=0.46749
[Timer] step=1200; percent=0.166667; passedTime=2642.68; remTime=1.58296e+06; MLUPs=0.46749
[LatticeStatistics] step=1220; t=0.0203333; uMax=0; avEnergy=0; avRho=0.0569534
[Timer] step=1220; percent=0.169444; passedTime=2686.89; remTime=1.58302e+06; MLUPs=0.466126
[Timer] step=1220; percent=0.169444; passedTime=2686.89; remTime=1.58302e+06; MLUPs=0.466126
[LatticeStatistics] step=1240; t=0.0206667; uMax=0; avEnergy=0; avRho=0.0569536
[Timer] step=1240; percent=0.172222; passedTime=2731.07; remTime=1.58305e+06; MLUPs=0.466347
[Timer] step=1240; percent=0.172222; passedTime=2731.07; remTime=1.58305e+06; MLUPs=0.466347
[LatticeStatistics] step=1260; t=0.021; uMax=0; avEnergy=0; avRho=0.0569538
[Timer] step=1260; percent=0.175; passedTime=2775.24; remTime=1.58307e+06; MLUPs=0.46658
[Timer] step=1260; percent=0.175; passedTime=2775.24; remTime=1.58307e+06; MLUPs=0.46658
[LatticeStatistics] step=1280; t=0.0213333; uMax=0; avEnergy=0; avRho=0.0569539
[Timer] step=1280; percent=0.177778; passedTime=2819.39; remTime=1.58309e+06; MLUPs=0.466728
[Timer] step=1280; percent=0.177778; passedTime=2819.39; remTime=1.58309e+06; MLUPs=0.466728
[ValueTracer] average=0.0569531; stdDev/average=1.06384e-05
[LatticeStatistics] step=1300; t=0.0216667; uMax=0; avEnergy=0; avRho=0.056954
[Timer] step=1300; percent=0.180556; passedTime=2863.54; remTime=1.5831e+06; MLUPs=0.466675
[Timer] step=1300; percent=0.180556; passedTime=2863.54; remTime=1.5831e+06; MLUPs=0.466675
[LatticeStatistics] step=1320; t=0.022; uMax=0; avEnergy=0; avRho=0.0569541
[Timer] step=1320; percent=0.183333; passedTime=2907.62; remTime=1.58307e+06; MLUPs=0.467447
[Timer] step=1320; percent=0.183333; passedTime=2907.62; remTime=1.58307e+06; MLUPs=0.467447
[LatticeStatistics] step=1340; t=0.0223333; uMax=0; avEnergy=0; avRho=0.0569542
[Timer] step=1340; percent=0.186111; passedTime=2951.65; remTime=1.58301e+06; MLUPs=0.46801
[Timer] step=1340; percent=0.186111; passedTime=2951.65; remTime=1.58301e+06; MLUPs=0.46801
[LatticeStatistics] step=1360; t=0.0226667; uMax=0; avEnergy=0; avRho=0.0569543
[Timer] step=1360; percent=0.188889; passedTime=2995.62; remTime=1.58292e+06; MLUPs=0.468681
[Timer] step=1360; percent=0.188889; passedTime=2995.62; remTime=1.58292e+06; MLUPs=0.468681
[LatticeStatistics] step=1380; t=0.023; uMax=0; avEnergy=0; avRho=0.0569543
[Timer] step=1380; percent=0.191667; passedTime=3039.63; remTime=1.58286e+06; MLUPs=0.46818
[Timer] step=1380; percent=0.191667; passedTime=3039.63; remTime=1.58286e+06; MLUPs=0.46818
[LatticeStatistics] step=1400; t=0.0233333; uMax=0; avEnergy=0; avRho=0.0569544
[Timer] step=1400; percent=0.194444; passedTime=3083.66; remTime=1.5828e+06; MLUPs=0.468042
[Timer] step=1400; percent=0.194444; passedTime=3083.66; remTime=1.5828e+06; MLUPs=0.468042
[LatticeStatistics] step=1420; t=0.0236667; uMax=0; avEnergy=0; avRho=0.0569544
[Timer] step=1420; percent=0.197222; passedTime=3127.7; remTime=1.58275e+06; MLUPs=0.467936
[Timer] step=1420; percent=0.197222; passedTime=3127.7; remTime=1.58275e+06; MLUPs=0.467936
[LatticeStatistics] step=1440; t=0.024; uMax=0; avEnergy=0; avRho=0.0569544
[Timer] step=1440; percent=0.2; passedTime=3171.75; remTime=1.5827e+06; MLUPs=0.467734
[Timer] step=1440; percent=0.2; passedTime=3171.75; remTime=1.5827e+06; MLUPs=0.467734
[ValueTracer] average=0.0569542; stdDev/average=2.57287e-06
[LatticeStatistics] step=1460; t=0.0243333; uMax=0; avEnergy=0; avRho=0.0569545
[Timer] step=1460; percent=0.202778; passedTime=3215.84; remTime=1.58268e+06; MLUPs=0.467352
[Timer] step=1460; percent=0.202778; passedTime=3215.84; remTime=1.58268e+06; MLUPs=0.467352
[LatticeStatistics] step=1480; t=0.0246667; uMax=0; avEnergy=0; avRho=0.0569545
[Timer] step=1480; percent=0.205556; passedTime=3259.91; remTime=1.58264e+06; MLUPs=0.467564
[Timer] step=1480; percent=0.205556; passedTime=3259.91; remTime=1.58264e+06; MLUPs=0.467564
[LatticeStatistics] step=1500; t=0.025; uMax=0; avEnergy=0; avRho=0.0569545
[Timer] step=1500; percent=0.208333; passedTime=3303.93; remTime=1.58258e+06; MLUPs=0.46818
[Timer] step=1500; percent=0.208333; passedTime=3303.93; remTime=1.58258e+06; MLUPs=0.46818
[LatticeStatistics] step=1520; t=0.0253333; uMax=0; avEnergy=0; avRho=0.0569545
[Timer] step=1520; percent=0.211111; passedTime=3347.95; remTime=1.58252e+06; MLUPs=0.468116
[Timer] step=1520; percent=0.211111; passedTime=3347.95; remTime=1.58252e+06; MLUPs=0.468116
[LatticeStatistics] step=1540; t=0.0256667; uMax=0; avEnergy=0; avRho=0.0569545
[Timer] step=1540; percent=0.213889; passedTime=3392.02; remTime=1.58249e+06; MLUPs=0.46749
[Timer] step=1540; percent=0.213889; passedTime=3392.02; remTime=1.58249e+06; MLUPs=0.46749
[LatticeStatistics] step=1560; t=0.026; uMax=0; avEnergy=0; avRho=0.0569545
[Timer] step=1560; percent=0.216667; passedTime=3436.11; remTime=1.58246e+06; MLUPs=0.467416
[Timer] step=1560; percent=0.216667; passedTime=3436.11; remTime=1.58246e+06; MLUPs=0.467416
[LatticeStatistics] step=1580; t=0.0263333; uMax=0; avEnergy=0; avRho=0.0569546
[Timer] step=1580; percent=0.219444; passedTime=3480.09; remTime=1.58238e+06; MLUPs=0.468564
[Timer] step=1580; percent=0.219444; passedTime=3480.09; remTime=1.58238e+06; MLUPs=0.468564
[LatticeStatistics] step=1600; t=0.0266667; uMax=0; avEnergy=0; avRho=0.0569546
[Timer] step=1600; percent=0.222222; passedTime=3524.12; remTime=1.58233e+06; MLUPs=0.467968
[Timer] step=1600; percent=0.222222; passedTime=3524.12; remTime=1.58233e+06; MLUPs=0.467968
[ValueTracer] average=0.0569545; stdDev/average=6.22249e-07
[LatticeStatistics] step=1620; t=0.027; uMax=0; avEnergy=0; avRho=0.0569546
[Timer] step=1620; percent=0.225; passedTime=3568.12; remTime=1.58226e+06; MLUPs=0.468276
[Timer] step=1620; percent=0.225; passedTime=3568.12; remTime=1.58226e+06; MLUPs=0.468276
[LatticeStatistics] step=1640; t=0.0273333; uMax=0; avEnergy=0; avRho=0.0569546
[Timer] step=1640; percent=0.227778; passedTime=3612.15; remTime=1.58221e+06; MLUPs=0.468042
[Timer] step=1640; percent=0.227778; passedTime=3612.15; remTime=1.58221e+06; MLUPs=0.468042
[LatticeStatistics] step=1660; t=0.0276667; uMax=0; avEnergy=0; avRho=0.0569546
[Timer] step=1660; percent=0.230556; passedTime=3656.18; remTime=1.58216e+06; MLUPs=0.467957
[Timer] step=1660; percent=0.230556; passedTime=3656.18; remTime=1.58216e+06; MLUPs=0.467957
[LatticeStatistics] step=1680; t=0.028; uMax=0; avEnergy=0; avRho=0.0569546
[Timer] step=1680; percent=0.233333; passedTime=3700.21; remTime=1.5821e+06; MLUPs=0.468063
[Timer] step=1680; percent=0.233333; passedTime=3700.21; remTime=1.5821e+06; MLUPs=0.468063
[LatticeStatistics] step=1700; t=0.0283333; uMax=0; avEnergy=0; avRho=0.0569546
[Timer] step=1700; percent=0.236111; passedTime=3744.2; remTime=1.58204e+06; MLUPs=0.468372
[Timer] step=1700; percent=0.236111; passedTime=3744.2; remTime=1.58204e+06; MLUPs=0.468372
[LatticeStatistics] step=1720; t=0.0286667; uMax=0; avEnergy=0; avRho=0.0569546
[Timer] step=1720; percent=0.238889; passedTime=3788.19; remTime=1.58197e+06; MLUPs=0.468468
[Timer] step=1720; percent=0.238889; passedTime=3788.19; remTime=1.58197e+06; MLUPs=0.468468
[LatticeStatistics] step=1740; t=0.029; uMax=0; avEnergy=0; avRho=0.0569546
[Timer] step=1740; percent=0.241667; passedTime=3832.19; remTime=1.5819e+06; MLUPs=0.468265
[Timer] step=1740; percent=0.241667; passedTime=3832.19; remTime=1.5819e+06; MLUPs=0.468265
[LatticeStatistics] step=1760; t=0.0293333; uMax=0; avEnergy=0; avRho=0.0569546
[Timer] step=1760; percent=0.244444; passedTime=3876.22; remTime=1.58185e+06; MLUPs=0.468053
[Timer] step=1760; percent=0.244444; passedTime=3876.22; remTime=1.58185e+06; MLUPs=0.468053
[ValueTracer] average=0.0569546; stdDev/average=1.50492e-07
[LatticeStatistics] step=1780; t=0.0296667; uMax=0; avEnergy=0; avRho=0.0569546
[Timer] step=1780; percent=0.247222; passedTime=3920.3; remTime=1.58182e+06; MLUPs=0.467522
[Timer] step=1780; percent=0.247222; passedTime=3920.3; remTime=1.58182e+06; MLUPs=0.467522
[LatticeStatistics] step=1800; t=0.03; uMax=0; avEnergy=0; avRho=0.0569546
[Timer] step=1800; percent=0.25; passedTime=3964.31; remTime=1.58176e+06; MLUPs=0.468159
[Timer] step=1800; percent=0.25; passedTime=3964.31; remTime=1.58176e+06; MLUPs=0.468159
[LatticeStatistics] step=1820; t=0.0303333; uMax=0; avEnergy=0; avRho=0.0569546
[Timer] step=1820; percent=0.252778; passedTime=4008.33; remTime=1.58171e+06; MLUPs=0.468085
[Timer] step=1820; percent=0.252778; passedTime=4008.33; remTime=1.58171e+06; MLUPs=0.468085
[LatticeStatistics] step=1840; t=0.0306667; uMax=0; avEnergy=0; avRho=0.0569546
[Timer] step=1840; percent=0.255556; passedTime=4052.36; remTime=1.58165e+06; MLUPs=0.468021
[Timer] step=1840; percent=0.255556; passedTime=4052.36; remTime=1.58165e+06; MLUPs=0.468021
[LatticeStatistics] step=1860; t=0.031; uMax=0; avEnergy=0; avRho=0.0569546
[Timer] step=1860; percent=0.258333; passedTime=4096.39; remTime=1.5816e+06; MLUPs=0.46801
[Timer] step=1860; percent=0.258333; passedTime=4096.39; remTime=1.5816e+06; MLUPs=0.46801
[LatticeStatistics] step=1880; t=0.0313333; uMax=0; avEnergy=0; avRho=0.0569546
[Timer] step=1880; percent=0.261111; passedTime=4140.45; remTime=1.58156e+06; MLUPs=0.467723
[Timer] step=1880; percent=0.261111; passedTime=4140.45; remTime=1.58156e+06; MLUPs=0.467723
[LatticeStatistics] step=1900; t=0.0316667; uMax=0; avEnergy=0; avRho=0.0569546
[Timer] step=1900; percent=0.263889; passedTime=4184.57; remTime=1.58155e+06; MLUPs=0.467066
[Timer] step=1900; percent=0.263889; passedTime=4184.57; remTime=1.58155e+06; MLUPs=0.467066
[LatticeStatistics] step=1920; t=0.032; uMax=0; avEnergy=0; avRho=0.0569546
[Timer] step=1920; percent=0.266667; passedTime=4228.57; remTime=1.58148e+06; MLUPs=0.468319
[Timer] step=1920; percent=0.266667; passedTime=4228.57; remTime=1.58148e+06; MLUPs=0.468319
[ValueTracer] average=0.0569546; stdDev/average=3.63966e-08
[LatticeStatistics] step=1940; t=0.0323333; uMax=0; avEnergy=0; avRho=0.0569546
[Timer] step=1940; percent=0.269444; passedTime=4272.56; remTime=1.58142e+06; MLUPs=0.468404
[Timer] step=1940; percent=0.269444; passedTime=4272.56; remTime=1.58142e+06; MLUPs=0.468404
[LatticeStatistics] step=1960; t=0.0326667; uMax=0; avEnergy=0; avRho=0.0569546
[Timer] step=1960; percent=0.272222; passedTime=4316.55; remTime=1.58135e+06; MLUPs=0.468446
[Timer] step=1960; percent=0.272222; passedTime=4316.55; remTime=1.58135e+06; MLUPs=0.468446
[LatticeStatistics] step=1980; t=0.033; uMax=0; avEnergy=0; avRho=0.0569546
[Timer] step=1980; percent=0.275; passedTime=4360.61; remTime=1.58132e+06; MLUPs=0.467649
[Timer] step=1980; percent=0.275; passedTime=4360.61; remTime=1.58132e+06; MLUPs=0.467649
[LatticeStatistics] step=2000; t=0.0333333; uMax=0; avEnergy=0; avRho=0.0569546
[Timer] step=2000; percent=0.277778; passedTime=4404.63; remTime=1.58126e+06; MLUPs=0.468148
[Timer] step=2000; percent=0.277778; passedTime=4404.63; remTime=1.58126e+06; MLUPs=0.468148
[LatticeStatistics] step=2020; t=0.0336667; uMax=0; avEnergy=0; avRho=0.0569546
[Timer] step=2020; percent=0.280556; passedTime=4448.7; remTime=1.58123e+06; MLUPs=0.467585
[Timer] step=2020; percent=0.280556; passedTime=4448.7; remTime=1.58123e+06; MLUPs=0.467585
[LatticeStatistics] step=2040; t=0.034; uMax=0; avEnergy=0; avRho=0.0569546
[Timer] step=2040; percent=0.283333; passedTime=4492.77; remTime=1.58119e+06; MLUPs=0.46749
[Timer] step=2040; percent=0.283333; passedTime=4492.77; remTime=1.58119e+06; MLUPs=0.46749
[LatticeStatistics] step=2060; t=0.0343333; uMax=0; avEnergy=0; avRho=0.0569546
[Timer] step=2060; percent=0.286111; passedTime=4536.76; remTime=1.58113e+06; MLUPs=0.468446
[Timer] step=2060; percent=0.286111; passedTime=4536.76; remTime=1.58113e+06; MLUPs=0.468446
[main] Simulation converged. -- 2066
[main] ------2066
[main] Simulation converged. -- 2066
[main] ./100case25_mcHardy/100case25.csv
0.000, 1.000000e+00, 0.000000e+00, 0.000000e+00, 0.000000e+00, 0.000000e+00, 0.000000e+00
0.010, 2.007486e+00, 9.763462e-02, 3.290671e-02, 5.086834e-01, 1.387779e-17, 0.000000e+00
0.020, 1.975484e+00, 1.069336e-01, 3.663112e-02, 5.219276e-01, -1.040834e-17, -1.040834e-17
0.030, 1.932059e+00, 1.152354e-01, 4.006072e-02, 5.285847e-01, -2.775558e-17, 1.387779e-17
0.040, 1.878890e+00, 1.227045e-01, 4.321149e-02, 5.299524e-01, -2.775558e-17, 3.469447e-18
0.050, 1.818359e+00, 1.293532e-01, 4.610168e-02, 5.264713e-01, -6.938894e-18, 1.387779e-17
0.060, 1.751684e+00, 1.353051e-01, 4.874128e-02, 5.192278e-01, -6.938894e-18, 2.081668e-17
0.070, 1.680850e+00, 1.405449e-01, 5.114459e-02, 5.085174e-01, 6.938894e-18, 0.000000e+00
0.080, 1.606659e+00, 1.451438e-01, 5.331867e-02, 4.952435e-01, 1.387779e-17, 6.938894e-18
0.090, 1.530749e+00, 1.490887e-01, 5.527575e-02, 4.795840e-01, 0.000000e+00, 0.000000e+00
0.100, 1.453575e+00, 1.524426e-01, 5.702355e-02, 4.622944e-01, 1.734723e-17, -3.469447e-18
0.110, 1.376491e+00, 1.551907e-01, 5.857295e-02, 4.434601e-01, -6.938894e-18, 6.938894e-18
0.120, 1.288229e+00, 1.571095e-01, 5.986216e-02, 4.127209e-01, -6.938894e-18, 1.040834e-17
0.130, 1.204751e+00, 1.585351e-01, 6.096951e-02, 3.837224e-01, -6.938894e-18, 6.938894e-18
0.140, 1.125654e+00, 1.595083e-01, 6.190143e-02, 3.561491e-01, -6.938894e-18, -6.938894e-18
0.150, 1.051418e+00, 1.600212e-01, 6.268072e-02, 3.303805e-01, 1.040834e-17, 6.938894e-18
0.160, 9.815738e-01, 1.612151e-01, 6.330950e-02, 3.061104e-01, 0.000000e+00, 0.000000e+00
0.170, 9.163302e-01, 1.617181e-01, 6.379786e-02, 2.835571e-01, 3.469447e-18, -3.469447e-18
0.180, 8.552307e-01, 1.616241e-01, 6.415061e-02, 2.624503e-01, 6.938894e-18, 1.387779e-17
0.190, 7.983263e-01, 1.609569e-01, 6.437811e-02, 2.429094e-01, 1.040834e-17, 0.000000e+00
0.200, 7.452004e-01, 1.598020e-01, 6.448202e-02, 2.247038e-01, 0.000000e+00, 0.000000e+00
0.210, 6.958154e-01, 1.581961e-01, 6.446851e-02, 2.078913e-01, -3.469447e-18, 0.000000e+00
0.220, 6.498033e-01, 1.562072e-01, 6.434199e-02, 1.922790e-01, 0.000000e+00, 6.938894e-18
0.230, 6.070982e-01, 1.538721e-01, 6.411083e-02, 1.779030e-01, 3.469447e-18, 3.469447e-18
0.240, 5.673724e-01, 1.512487e-01, 6.377968e-02, 1.645965e-01, 2.775558e-17, 0.000000e+00
0.250, 5.305121e-01, 1.483717e-01, 6.335631e-02, 1.523519e-01, 6.938894e-18, 3.469447e-18
0.260, 4.962397e-01, 1.452865e-01, 6.284544e-02, 1.410330e-01, 0.000000e+00, 1.734723e-17
0.270, 4.644363e-01, 1.420199e-01, 6.225425e-02, 1.306208e-01, -6.938894e-18, 6.938894e-18
0.280, 4.348679e-01, 1.386134e-01, 6.166177e-02, 1.210040e-01, -6.938894e-18, -3.469447e-18
0.290, 4.074189e-01, 1.350935e-01, 6.104290e-02, 1.121577e-01, 1.387779e-17, -1.617781e-32
0.300, 3.818930e-01, 1.314936e-01, 6.032262e-02, 1.039913e-01, 0.000000e+00, -6.938894e-18
0.310, 3.581821e-01, 1.278347e-01, 5.951122e-02, 9.647775e-02, -3.469447e-18, -1.387779e-17
0.320, 3.361218e-01, 1.241431e-01, 5.861566e-02, 8.954300e-02, 1.387779e-17, 0.000000e+00
0.330, 3.156136e-01, 1.204352e-01, 5.764639e-02, 8.316017e-02, 0.000000e+00, 0.000000e+00
0.340, 2.965226e-01, 1.167314e-01, 5.661081e-02, 7.727134e-02, 2.775558e-17, 6.938894e-18
0.350, 2.787574e-01, 1.130437e-01, 5.551872e-02, 7.184773e-02, -1.387779e-17, -6.938894e-18
0.360, 2.622048e-01, 1.093881e-01, 5.437724e-02, 6.684182e-02, -1.040834e-17, 0.000000e+00
0.370, 2.467848e-01, 1.057384e-01, 5.319515e-02, 6.222788e-02, 1.040834e-17, 0.000000e+00
0.380, 2.324027e-01, 1.021508e-01, 5.197888e-02, 5.796693e-02, 0.000000e+00, -1.040834e-17
0.390, 2.189888e-01, 9.863026e-02, 5.073565e-02, 5.403627e-02, 6.938894e-18, 6.938894e-18
0.400, 2.064637e-01, 9.518500e-02, 4.947090e-02, 5.040386e-02, -3.469447e-18, 3.469447e-18
0.410, 1.947671e-01, 9.181770e-02, 4.819129e-02, 4.704988e-02, 0.000000e+00, -3.851860e-32
0.420, 1.838324e-01, 8.853325e-02, 4.690184e-02, 4.394795e-02, 0.000000e+00, 6.938894e-18
0.430, 1.736076e-01, 8.533301e-02, 4.560803e-02, 4.108091e-02, 6.938894e-18, 3.469447e-18
0.440, 1.640367e-01, 8.221969e-02, 4.431397e-02, 3.842700e-02, 0.000000e+00, 6.938894e-18
0.450, 1.550752e-01, 7.919342e-02, 4.302407e-02, 3.597143e-02, 2.775558e-17, 3.469447e-18
0.460, 1.466757e-01, 7.625535e-02, 4.174156e-02, 3.369623e-02, 1.387779e-17, -3.469447e-18
0.470, 1.388001e-01, 7.340477e-02, 4.046989e-02, 3.158873e-02, 1.387779e-17, -1.617781e-32
0.480, 1.314086e-01, 7.064184e-02, 3.921157e-02, 2.963403e-02, -3.469447e-18, -6.938894e-18
0.490, 1.244682e-01, 6.796519e-02, 3.796672e-02, 2.782131e-02, 2.775558e-17, 6.938894e-18
0.500, 1.179454e-01, 6.537399e-02, 3.673827e-02, 2.613823e-02, -1.387779e-17, -1.387779e-17
0.510, 1.118120e-01, 6.286641e-02, 3.553081e-02, 2.457544e-02, -1.387779e-17, 6.938894e-18
0.520, 1.060395e-01, 6.044119e-02, 3.434563e-02, 2.312281e-02, 1.387779e-17, 0.000000e+00
0.530, 1.006040e-01, 5.809630e-02, 3.318400e-02, 2.177248e-02, -1.387779e-17, -6.938894e-18
0.540, 9.548115e-02, 5.583007e-02, 3.204669e-02, 2.051592e-02, 0.000000e+00, 0.000000e+00
0.550, 9.065035e-02, 5.364033e-02, 3.093449e-02, 1.934644e-02, 0.000000e+00, 1.387779e-17
0.560, 8.609105e-02, 5.152518e-02, 2.984780e-02, 1.825694e-02, 6.938894e-18, -6.938894e-18
0.570, 8.178544e-02, 4.948240e-02, 2.878703e-02, 1.724172e-02, 7.087422e-32, 6.938894e-18
0.580, 7.771603e-02, 4.750996e-02, 2.775228e-02, 1.629486e-02, 0.000000e+00, -6.938894e-18
0.590, 7.386749e-02, 4.560563e-02, 2.674369e-02, 1.541151e-02, 1.040834e-17, 1.734723e-17
0.600, 7.022489e-02, 4.376731e-02, 2.576113e-02, 1.458673e-02, -1.387779e-17, -6.938894e-18
0.610, 6.677499e-02, 4.199280e-02, 2.480452e-02, 1.381641e-02, 0.000000e+00, -6.938894e-18
0.620, 6.350501e-02, 4.027998e-02, 2.387357e-02, 1.309639e-02, 1.387779e-17, 0.000000e+00
0.630, 6.040351e-02, 3.862671e-02, 2.296798e-02, 1.242319e-02, -2.775558e-17, 0.000000e+00
0.640, 5.745951e-02, 3.703090e-02, 2.208737e-02, 1.179332e-02, 2.775558e-17, 1.387779e-17
0.650, 5.466311e-02, 3.549046e-02, 2.123131e-02, 1.120381e-02, 1.387779e-17, 1.387779e-17
0.660, 5.200482e-02, 3.400337e-02, 2.039930e-02, 1.065174e-02, -1.387779e-17, -1.387779e-17
0.670, 4.947605e-02, 3.256762e-02, 1.959087e-02, 1.013459e-02, 0.000000e+00, 1.387779e-17
0.680, 4.706861e-02, 3.118125e-02, 1.880543e-02, 9.649882e-03, 0.000000e+00, 0.000000e+00
0.690, 4.477500e-02, 2.984233e-02, 1.804244e-02, 9.195487e-03, 7.703720e-32, -6.938894e-18
0.700, 4.258810e-02, 2.854898e-02, 1.730128e-02, 8.769318e-03, -6.938894e-18, -3.469447e-18
0.710, 4.050139e-02, 2.729937e-02, 1.658135e-02, 8.369556e-03, -2.775558e-17, -1.387779e-17
0.720, 3.850863e-02, 2.609169e-02, 1.588203e-02, 7.994443e-03, -2.775558e-17, 6.938894e-18
0.730, 3.660411e-02, 2.492419e-02, 1.520267e-02, 7.642429e-03, 2.775558e-17, 1.387779e-17
0.740, 3.478238e-02, 2.379515e-02, 1.454263e-02, 7.312029e-03, 0.000000e+00, 1.387779e-17
0.750, 3.303840e-02, 2.270290e-02, 1.390126e-02, 7.001925e-03, 0.000000e+00, 6.938894e-18
0.760, 3.136736e-02, 2.164551e-02, 1.327790e-02, 6.710860e-03, 0.000000e+00, 0.000000e+00
0.770, 2.976482e-02, 2.062165e-02, 1.267190e-02, 6.437715e-03, 0.000000e+00, 6.938894e-18
0.780, 2.822654e-02, 1.962975e-02, 1.208259e-02, 6.181426e-03, 2.775558e-17, 6.938894e-18
0.790, 2.674855e-02, 1.866830e-02, 1.150932e-02, 5.941041e-03, -1.387779e-17, 6.938894e-18
0.800, 2.532706e-02, 1.773581e-02, 1.095144e-02, 5.715664e-03, 1.387779e-17, 0.000000e+00
0.810, 2.395856e-02, 1.683084e-02, 1.040829e-02, 5.504487e-03, 1.387779e-17, 0.000000e+00
0.820, 2.263964e-02, 1.595196e-02, 9.879235e-03, 5.306755e-03, -1.540744e-31, 1.387779e-17
0.830, 2.136712e-02, 1.509782e-02, 9.363628e-03, 5.121784e-03, 1.387779e-17, 6.938894e-18
0.840, 2.013795e-02, 1.426703e-02, 8.860831e-03, 4.948942e-03, 0.000000e+00, 6.938894e-18
0.850, 1.894924e-02, 1.345829e-02, 8.370215e-03, 4.787654e-03, -1.387779e-17, 0.000000e+00
0.860, 1.779822e-02, 1.267032e-02, 7.891152e-03, 4.637392e-03, 0.000000e+00, -6.938894e-18
0.870, 1.668224e-02, 1.190182e-02, 7.423023e-03, 4.497675e-03, 0.000000e+00, -6.938894e-18
0.880, 1.559876e-02, 1.115153e-02, 6.964031e-03, 4.368070e-03, 1.387779e-17, 0.000000e+00
0.890, 1.454535e-02, 1.041825e-02, 6.513141e-03, 4.248177e-03, 1.387779e-17, 0.000000e+00
0.900, 1.351942e-02, 9.700731e-03, 6.070891e-03, 4.137831e-03, 0.000000e+00, -6.938894e-18
0.910, 1.251895e-02, 8.997811e-03, 5.636642e-03, 4.036513e-03, 1.387779e-17, 6.938894e-18
0.920, 1.154173e-02, 8.308312e-03, 5.209759e-03, 3.943920e-03, 2.775558e-17, 2.081668e-17
0.930, 1.058567e-02, 7.631089e-03, 4.789598e-03, 3.859788e-03, 0.000000e+00, -1.387779e-17
0.940, 9.648741e-03, 6.964997e-03, 4.375527e-03, 3.783865e-03, -1.387779e-17, -1.417484e-31
0.950, 8.728972e-03, 6.308925e-03, 3.966907e-03, 3.715927e-03, 0.000000e+00, 0.000000e+00
0.960, 7.824465e-03, 5.661766e-03, 3.563111e-03, 3.655756e-03, 0.000000e+00, 0.000000e+00
0.970, 6.933407e-03, 5.022448e-03, 3.163509e-03, 3.603152e-03, 1.387779e-17, 6.938894e-18
0.980, 6.054050e-03, 4.389910e-03, 2.767482e-03, 3.557907e-03, -1.387779e-17, -6.938894e-18
0.990, 5.184749e-03, 3.763132e-03, 2.374416e-03, 3.519816e-03, -1.387779e-17, 0.000000e+00
1.000, 0.000000e+00, 0.000000e+00, 0.000000e+00, 0.000000e+00, 0.000000e+00, 0.000000e+00
[Timer] 
[Timer] ----------------Summary:Timer----------------
[Timer] measured time (rt) : 4551.461s
[Timer] measured time (cpu): 4550.560s
[Timer] average MLUPs :       0.466
[Timer] average MLUPps:       0.466
[Timer] ---------------------------------------------
