1
node25
[MpiManager] Sucessfully initialized, numThreads=1
[Directories] Directory ./100case23_mcHardy/ created.
[Directories] Directory ./100case23_mcHardy/imageData/ created.
[Directories] Directory ./100case23_mcHardy/imageData/data/ created.
[Directories] Directory ./100case23_mcHardy/vtkData/ created.
[Directories] Directory ./100case23_mcHardy/vtkData/data/ created.
[Directories] Directory ./100case23_mcHardy/gnuplotData/ created.
[Directories] Directory ./100case23_mcHardy/gnuplotData/data/ created.
[main] case23
[main] omega = .... 1
[main] omega 1
[main] working with direct discretization
[AnisotropyMatrix] Call AnistorpiyMatrix()
[AnisotropyMatrix] Compute anisotropy matrix ...
[AnisotropyMatrix] Terminate after 0 iterations
[main] 1, 1, 1, 1, 1, 1, 1, 1, 1, 1, 1, 1, 1, 1, 1, 1, 1, 1, 1, 1, 1, 1, 1, 1, 1, 1, 
[main] 1, 1, 1, 1, 1, 1, 1, 1, 1, 1, 1, 1, 1, 1, 1, 1, 1, 1, 1, 1, 1, 1, 1, 1, 1, 1, 
[main] 1, 1, 1, 1, 1, 1, 1, 1, 1, 1, 1, 1, 1, 1, 1, 1, 1, 1, 1, 1, 1, 1, 1, 1, 1, 1, 
[main] 1, 1, 1, 1, 1, 1, 1, 1, 1, 1, 1, 1, 1, 1, 1, 1, 1, 1, 1, 1, 1, 1, 1, 1, 1, 1, 
[main] 1, 1, 1, 1, 1, 1, 1, 1, 1, 1, 1, 1, 1, 1, 1, 1, 1, 1, 1, 1, 1, 1, 1, 1, 1, 1, 
[main] 1, 1, 1, 1, 1, 1, 1, 1, 1, 1, 1, 1, 1, 1, 1, 1, 1, 1, 1, 1, 1, 1, 1, 1, 1, 1, 
[main] 1, 1, 1, 1, 1, 1, 1, 1, 1, 1, 1, 1, 1, 1, 1, 1, 1, 1, 1, 1, 1, 1, 1, 1, 1, 1, 
[main] 1, 1, 1, 1, 1, 1, 1, 1, 1, 1, 1, 1, 1, 1, 1, 1, 1, 1, 1, 1, 1, 1, 1, 1, 1, 1, 
[main] 1, 1, 1, 1, 1, 1, 1, 1, 1, 1, 1, 1, 1, 1, 1, 1, 1, 1, 1, 1, 1, 1, 1, 1, 1, 1, 
[main] 1, 1, 1, 1, 1, 1, 1, 1, 1, 1, 1, 1, 1, 1, 1, 1, 1, 1, 1, 1, 1, 1, 1, 1, 1, 1, 
[main] 1, 1, 1, 1, 1, 1, 1, 1, 1, 1, 1, 1, 1, 1, 1, 1, 1, 1, 1, 1, 1, 1, 1, 1, 1, 1, 
[main] 1, 1, 1, 1, 1, 1, 1, 1, 1, 1, 1, 1, 1, 1, 1, 1, 1, 1, 1, 1, 1, 1, 1, 1, 1, 1, 
[main] 1, 1, 1, 1, 1, 1, 1, 1, 1, 1, 1, 1, 1, 1, 1, 1, 1, 1, 1, 1, 1, 1, 1, 1, 1, 1, 
[main] 1, 1, 1, 1, 1, 1, 1, 1, 1, 1, 1, 1, 1, 1, 1, 1, 1, 1, 1, 1, 1, 1, 1, 1, 1, 1, 
[main] 1, 1, 1, 1, 1, 1, 1, 1, 1, 1, 1, 1, 1, 1, 1, 1, 1, 1, 1, 1, 1, 1, 1, 1, 1, 1, 
[main] 1, 1, 1, 1, 1, 1, 1, 1, 1, 1, 1, 1, 1, 1, 1, 1, 1, 1, 1, 1, 1, 1, 1, 1, 1, 1, 
[main] 1, 1, 1, 1, 1, 1, 1, 1, 1, 1, 1, 1, 1, 1, 1, 1, 1, 1, 1, 1, 1, 1, 1, 1, 1, 1, 
[main] 1, 1, 1, 1, 1, 1, 1, 1, 1, 1, 1, 1, 1, 1, 1, 1, 1, 1, 1, 1, 1, 1, 1, 1, 1, 1, 
[main] 1, 1, 1, 1, 1, 1, 1, 1, 1, 1, 1, 1, 1, 1, 1, 1, 1, 1, 1, 1, 1, 1, 1, 1, 1, 1, 
[main] 1, 1, 1, 1, 1, 1, 1, 1, 1, 1, 1, 1, 1, 1, 1, 1, 1, 1, 1, 1, 1, 1, 1, 1, 1, 1, 
[main] 1, 1, 1, 1, 1, 1, 1, 1, 1, 1, 1, 1, 1, 1, 1, 1, 1, 1, 1, 1, 1, 1, 1, 1, 1, 1, 
[main] 1, 1, 1, 1, 1, 1, 1, 1, 1, 1, 1, 1, 1, 1, 1, 1, 1, 1, 1, 1, 1, 1, 1, 1, 1, 1, 
[main] 1, 1, 1, 1, 1, 1, 1, 1, 1, 1, 1, 1, 1, 1, 1, 1, 1, 1, 1, 1, 1, 1, 1, 1, 1, 1, 
[main] 1, 1, 1, 1, 1, 1, 1, 1, 1, 1, 1, 1, 1, 1, 1, 1, 1, 1, 1, 1, 1, 1, 1, 1, 1, 1, 
[main] 1, 1, 1, 1, 1, 1, 1, 1, 1, 1, 1, 1, 1, 1, 1, 1, 1, 1, 1, 1, 1, 1, 1, 1, 1, 1, 
[main] 1, 1, 1, 1, 1, 1, 1, 1, 1, 1, 1, 1, 1, 1, 1, 1, 1, 1, 1, 1, 1, 1, 1, 1, 1, 1, 
[RadiativeUnitConverter] ----------------- UnitConverter information -----------------
[RadiativeUnitConverter] -- Parameters:
[RadiativeUnitConverter] Resolution:                       N=              100
[RadiativeUnitConverter] Lattice relaxation frequency:     omega=          1
[RadiativeUnitConverter] Lattice relaxation time:          tau=            1
[RadiativeUnitConverter] Characteristical length(m):       charL=          1
[RadiativeUnitConverter] Phys. density(kg/m^d):            charRho=        1
[RadiativeUnitConverter] Phys. absorption(1/m):            mu_a=           3.6
[RadiativeUnitConverter] Phys. scattering(1/m):            mu_s=           8.4
[RadiativeUnitConverter] Extinction(1/m):                  mu_t=           12
[RadiativeUnitConverter] Effective attenuation(1/m):       mu_eff=         11.3842
[RadiativeUnitConverter] Phys. diffusion(m):               D=              0.0277778
[RadiativeUnitConverter] Single scattering albedo:         albedo=         0.7
[RadiativeUnitConverter] Anisotropy factor:                g=              0
[RadiativeUnitConverter] 
[RadiativeUnitConverter] Lattice diffusion:                D^*=            2.77778
[RadiativeUnitConverter] Lattice absorption:               absorption=     0.036
[RadiativeUnitConverter] Lattice scattering:               scattering=     0.084
[RadiativeUnitConverter] Lattice sink:                     sink=           0.00162
[RadiativeUnitConverter] C_R: 1
[RadiativeUnitConverter] r_F: 1.83486
[RadiativeUnitConverter] 
[RadiativeUnitConverter] -- Conversion factors:
[RadiativeUnitConverter] Voxel length(m):                  physDeltaX=     0.01
[RadiativeUnitConverter] Time step(s):                     physDeltaT=     1.66667e-05
[RadiativeUnitConverter] Density factor(kg/m^3):           physDensity=    1
[RadiativeUnitConverter] -------------------------------------------------------------
[prepareGeometryCube] Prepare cubeGeometry ...
[SuperGeometry3D] cleaned 0 outer boundary voxel(s)
[SuperGeometry3D] cleaned 0 inner boundary voxel(s)
[SuperGeometry3D] the model is correct!
[CuboidGeometry3D] ---Cuboid Stucture Statistics---
[CuboidGeometry3D]  Number of Cuboids: 	2
[CuboidGeometry3D]  Delta  (min): 		0.01
[CuboidGeometry3D]         (max): 		0.01
[CuboidGeometry3D]  Ratio  (min): 		0.49505
[CuboidGeometry3D]         (max): 		2.02
[CuboidGeometry3D]  Nodes  (min): 		510050
[CuboidGeometry3D]         (max): 		520251
[CuboidGeometry3D]  Weight (min): 		510050
[CuboidGeometry3D]         (max): 		520251
[CuboidGeometry3D] --------------------------------
[SuperGeometryStatistics3D] materialNumber=1; count=970299; minPhysR=(0.01,-0.49,-0.49); maxPhysR=(0.99,0.49,0.49)
[SuperGeometryStatistics3D] materialNumber=2; count=59561; minPhysR=(0,-0.5,-0.5); maxPhysR=(1,0.5,0.5)
[SuperGeometryStatistics3D] materialNumber=3; count=441; minPhysR=(0,-0.1,-0.1); maxPhysR=(0,0.1,0.1)
[prepareGeometryCube] Prepare cubeGeometry ... OK
[prepareLattice] Prepare Lattice ...
[prepareLattice] Prepare Lattice ... OK
[main] iT convergence criteria: 160
[LatticeStatistics] step=0; t=0; uMax=0; avEnergy=0; avRho=1
[Timer] step=0; percent=0; passedTime=0; remTime=0.001; MLUPs=0
[Timer] step=0; percent=0; passedTime=0; remTime=0.001; MLUPs=0
[LatticeStatistics] step=20; t=0.000333333; uMax=0; avEnergy=0; avRho=0.00610698
[Timer] step=20; percent=0.00277778; passedTime=44.237; remTime=1.59249e+06; MLUPs=0.46581
[Timer] step=20; percent=0.00277778; passedTime=44.237; remTime=1.59249e+06; MLUPs=0.46581
[LatticeStatistics] step=40; t=0.000666667; uMax=0; avEnergy=0; avRho=0.00862575
[Timer] step=40; percent=0.00555556; passedTime=88.224; remTime=1.58794e+06; MLUPs=0.468457
[Timer] step=40; percent=0.00555556; passedTime=88.224; remTime=1.58794e+06; MLUPs=0.468457
[LatticeStatistics] step=60; t=0.001; uMax=0; avEnergy=0; avRho=0.00950623
[Timer] step=60; percent=0.00833333; passedTime=132.2; remTime=1.58627e+06; MLUPs=0.468574
[Timer] step=60; percent=0.00833333; passedTime=132.2; remTime=1.58627e+06; MLUPs=0.468574
[LatticeStatistics] step=80; t=0.00133333; uMax=0; avEnergy=0; avRho=0.00980113
[Timer] step=80; percent=0.0111111; passedTime=176.252; remTime=1.58609e+06; MLUPs=0.467766
[Timer] step=80; percent=0.0111111; passedTime=176.252; remTime=1.58609e+06; MLUPs=0.467766
[LatticeStatistics] step=100; t=0.00166667; uMax=0; avEnergy=0; avRho=0.00989765
[Timer] step=100; percent=0.0138889; passedTime=220.215; remTime=1.58533e+06; MLUPs=0.468702
[Timer] step=100; percent=0.0138889; passedTime=220.215; remTime=1.58533e+06; MLUPs=0.468702
[LatticeStatistics] step=120; t=0.002; uMax=0; avEnergy=0; avRho=0.00992869
[Timer] step=120; percent=0.0166667; passedTime=264.185; remTime=1.58485e+06; MLUPs=0.468638
[Timer] step=120; percent=0.0166667; passedTime=264.185; remTime=1.58485e+06; MLUPs=0.468638
[LatticeStatistics] step=140; t=0.00233333; uMax=0; avEnergy=0; avRho=0.00993858
[Timer] step=140; percent=0.0194444; passedTime=308.165; remTime=1.58454e+06; MLUPs=0.468532
[Timer] step=140; percent=0.0194444; passedTime=308.165; remTime=1.58454e+06; MLUPs=0.468532
[LatticeStatistics] step=160; t=0.00266667; uMax=0; avEnergy=0; avRho=0.00994171
[Timer] step=160; percent=0.0222222; passedTime=352.15; remTime=1.58432e+06; MLUPs=0.468478
[Timer] step=160; percent=0.0222222; passedTime=352.15; remTime=1.58432e+06; MLUPs=0.468478
[ValueTracer] average=0.00869888; stdDev/average=0.257359
[LatticeStatistics] step=180; t=0.003; uMax=0; avEnergy=0; avRho=0.0099427
[Timer] step=180; percent=0.025; passedTime=396.122; remTime=1.58409e+06; MLUPs=0.468606
[Timer] step=180; percent=0.025; passedTime=396.122; remTime=1.58409e+06; MLUPs=0.468606
[LatticeStatistics] step=200; t=0.00333333; uMax=0; avEnergy=0; avRho=0.00994301
[Timer] step=200; percent=0.0277778; passedTime=440.181; remTime=1.58421e+06; MLUPs=0.467702
[Timer] step=200; percent=0.0277778; passedTime=440.181; remTime=1.58421e+06; MLUPs=0.467702
[LatticeStatistics] step=220; t=0.00366667; uMax=0; avEnergy=0; avRho=0.00994311
[Timer] step=220; percent=0.0305556; passedTime=484.129; remTime=1.58394e+06; MLUPs=0.468873
[Timer] step=220; percent=0.0305556; passedTime=484.129; remTime=1.58394e+06; MLUPs=0.468873
[LatticeStatistics] step=240; t=0.004; uMax=0; avEnergy=0; avRho=0.00994314
[Timer] step=240; percent=0.0333333; passedTime=528.068; remTime=1.58368e+06; MLUPs=0.468969
[Timer] step=240; percent=0.0333333; passedTime=528.068; remTime=1.58368e+06; MLUPs=0.468969
[LatticeStatistics] step=260; t=0.00433333; uMax=0; avEnergy=0; avRho=0.00994315
[Timer] step=260; percent=0.0361111; passedTime=572.031; remTime=1.58351e+06; MLUPs=0.468702
[Timer] step=260; percent=0.0361111; passedTime=572.031; remTime=1.58351e+06; MLUPs=0.468702
[LatticeStatistics] step=280; t=0.00466667; uMax=0; avEnergy=0; avRho=0.00994315
[Timer] step=280; percent=0.0388889; passedTime=615.966; remTime=1.5833e+06; MLUPs=0.469011
[Timer] step=280; percent=0.0388889; passedTime=615.966; remTime=1.5833e+06; MLUPs=0.469011
[LatticeStatistics] step=300; t=0.005; uMax=0; avEnergy=0; avRho=0.00994315
[Timer] step=300; percent=0.0416667; passedTime=659.897; remTime=1.58309e+06; MLUPs=0.469054
[Timer] step=300; percent=0.0416667; passedTime=659.897; remTime=1.58309e+06; MLUPs=0.469054
[LatticeStatistics] step=320; t=0.00533333; uMax=0; avEnergy=0; avRho=0.00994315
[Timer] step=320; percent=0.0444444; passedTime=704.01; remTime=1.58332e+06; MLUPs=0.467108
[Timer] step=320; percent=0.0444444; passedTime=704.01; remTime=1.58332e+06; MLUPs=0.467108
[ValueTracer] average=0.009943; stdDev/average=2.9069e-05
[LatticeStatistics] step=340; t=0.00566667; uMax=0; avEnergy=0; avRho=0.00994315
[Timer] step=340; percent=0.0472222; passedTime=747.945; remTime=1.58314e+06; MLUPs=0.469022
[Timer] step=340; percent=0.0472222; passedTime=747.945; remTime=1.58314e+06; MLUPs=0.469022
[LatticeStatistics] step=360; t=0.006; uMax=0; avEnergy=0; avRho=0.00994315
[Timer] step=360; percent=0.05; passedTime=791.871; remTime=1.58295e+06; MLUPs=0.469108
[Timer] step=360; percent=0.05; passedTime=791.871; remTime=1.58295e+06; MLUPs=0.469108
[LatticeStatistics] step=380; t=0.00633333; uMax=0; avEnergy=0; avRho=0.00994315
[Timer] step=380; percent=0.0527778; passedTime=835.828; remTime=1.58284e+06; MLUPs=0.468777
[Timer] step=380; percent=0.0527778; passedTime=835.828; remTime=1.58284e+06; MLUPs=0.468777
[LatticeStatistics] step=400; t=0.00666667; uMax=0; avEnergy=0; avRho=0.00994315
[Timer] step=400; percent=0.0555556; passedTime=879.822; remTime=1.5828e+06; MLUPs=0.468372
[Timer] step=400; percent=0.0555556; passedTime=879.822; remTime=1.5828e+06; MLUPs=0.468372
[LatticeStatistics] step=420; t=0.007; uMax=0; avEnergy=0; avRho=0.00994315
[Timer] step=420; percent=0.0583333; passedTime=923.786; remTime=1.58271e+06; MLUPs=0.468702
[Timer] step=420; percent=0.0583333; passedTime=923.786; remTime=1.58271e+06; MLUPs=0.468702
[LatticeStatistics] step=440; t=0.00733333; uMax=0; avEnergy=0; avRho=0.00994315
[Timer] step=440; percent=0.0611111; passedTime=967.884; remTime=1.58284e+06; MLUPs=0.467288
[Timer] step=440; percent=0.0611111; passedTime=967.884; remTime=1.58284e+06; MLUPs=0.467288
[main] Simulation converged. -- 458
[main] ------458
[main] Simulation converged. -- 458
[main] ./100case23_mcHardy/100case23.csv
0.000, 1.000000e+00, 0.000000e+00, 0.000000e+00, 0.000000e+00, 0.000000e+00, 0.000000e+00
0.010, 1.463400e+00, 1.843697e-02, 4.115966e-03, 7.934893e-01, 0.000000e+00, 0.000000e+00
0.020, 1.372347e+00, 1.839619e-02, 4.123725e-03, 7.499263e-01, -2.081668e-17, 3.469447e-18
0.030, 1.282495e+00, 1.822020e-02, 4.099689e-03, 7.058634e-01, 6.938894e-18, 3.469447e-18
0.040, 1.194565e+00, 1.797365e-02, 4.050636e-03, 6.620964e-01, 6.938894e-18, 1.040834e-17
0.050, 1.109414e+00, 1.765806e-02, 3.982861e-03, 6.189830e-01, 0.000000e+00, 1.040834e-17
0.060, 1.027382e+00, 1.731882e-02, 3.900276e-03, 5.770564e-01, 3.122502e-17, -6.938894e-18
0.070, 9.490104e-01, 1.694527e-02, 3.807028e-03, 5.364666e-01, 2.775558e-17, 6.938894e-18
0.080, 8.743650e-01, 1.655958e-02, 3.705477e-03, 4.975620e-01, -1.387779e-17, -3.469447e-18
0.090, 8.037724e-01, 1.615171e-02, 3.598426e-03, 4.603519e-01, -1.387779e-17, -3.469447e-18
0.100, 7.371118e-01, 1.573921e-02, 3.488181e-03, 4.250597e-01, -3.469447e-18, 6.938894e-18
0.110, 6.745680e-01, 1.531036e-02, 3.376535e-03, 3.916027e-01, 1.387779e-17, 6.938894e-18
0.120, 6.090954e-01, 1.476898e-02, 3.239589e-03, 3.534742e-01, 6.938894e-18, 3.469447e-18
0.130, 5.495848e-01, 1.423946e-02, 3.107052e-03, 3.188640e-01, 0.000000e+00, 0.000000e+00
0.140, 4.954416e-01, 1.372606e-02, 2.978382e-03, 2.873723e-01, -3.122502e-17, -1.387779e-17
0.150, 4.464094e-01, 1.321604e-02, 2.855226e-03, 2.588829e-01, 0.000000e+00, 0.000000e+00
0.160, 4.019511e-01, 1.332188e-02, 2.736740e-03, 2.330458e-01, 0.000000e+00, 3.469447e-18
0.170, 3.617895e-01, 1.327465e-02, 2.623571e-03, 2.097243e-01, 2.775558e-17, -6.938894e-18
0.180, 3.254628e-01, 1.311066e-02, 2.515789e-03, 1.886241e-01, 0.000000e+00, 0.000000e+00
0.190, 2.927053e-01, 1.284031e-02, 2.414270e-03, 1.696090e-01, 0.000000e+00, -6.938894e-18
0.200, 2.631296e-01, 1.249263e-02, 2.317676e-03, 1.524359e-01, -2.775558e-17, 0.000000e+00
0.210, 2.364952e-01, 1.207933e-02, 2.225292e-03, 1.369786e-01, 0.000000e+00, 0.000000e+00
0.220, 2.124815e-01, 1.161985e-02, 2.136827e-03, 1.230385e-01, 1.387779e-17, 1.387779e-17
0.230, 1.908859e-01, 1.112346e-02, 2.052583e-03, 1.105098e-01, -1.387779e-17, -6.938894e-18
0.240, 1.714420e-01, 1.060465e-02, 1.972251e-03, 9.922845e-02, -1.387779e-17, -6.938894e-18
0.250, 1.539666e-01, 1.007044e-02, 1.895973e-03, 8.909477e-02, -6.938894e-18, -6.938894e-18
0.260, 1.382438e-01, 9.531038e-03, 1.823454e-03, 7.997671e-02, 1.387779e-17, -3.469447e-18
0.270, 1.241195e-01, 8.988853e-03, 1.754744e-03, 7.178978e-02, 0.000000e+00, -6.938894e-18
0.280, 1.114191e-01, 8.452043e-03, 1.729506e-03, 6.442779e-02, -2.775558e-17, -1.387779e-17
0.290, 1.000141e-01, 7.924139e-03, 1.730757e-03, 5.781982e-02, -1.294225e-31, 1.387779e-17
0.300, 8.976370e-02, 7.410525e-03, 1.716312e-03, 5.188067e-02, 0.000000e+00, 6.938894e-18
0.310, 8.056157e-02, 6.913049e-03, 1.688960e-03, 4.655125e-02, -4.163336e-17, -1.387779e-17
0.320, 7.229422e-02, 6.435121e-03, 1.650381e-03, 4.176325e-02, -1.387779e-17, 0.000000e+00
0.330, 6.487408e-02, 5.977362e-03, 1.603026e-03, 3.746771e-02, 2.775558e-17, -6.938894e-18
0.340, 5.821093e-02, 5.541769e-03, 1.548387e-03, 3.361101e-02, 0.000000e+00, -6.938894e-18
0.350, 5.223152e-02, 5.128101e-03, 1.488454e-03, 3.015141e-02, -1.387779e-17, -6.938894e-18
0.360, 4.686322e-02, 4.737395e-03, 1.424428e-03, 2.704587e-02, 0.000000e+00, -1.387779e-17
0.370, 4.204636e-02, 4.350743e-03, 1.357830e-03, 2.426034e-02, 0.000000e+00, -6.938894e-18
0.380, 3.772254e-02, 3.991523e-03, 1.289561e-03, 2.176030e-02, -2.775558e-17, -6.938894e-18
0.390, 3.384323e-02, 3.657968e-03, 1.220579e-03, 1.951805e-02, 1.387779e-17, 1.387779e-17
0.400, 3.036147e-02, 3.349500e-03, 1.151452e-03, 1.750589e-02, 0.000000e+00, 0.000000e+00
0.410, 2.723789e-02, 3.064299e-03, 1.083047e-03, 1.570131e-02, -1.387779e-17, -6.938894e-18
0.420, 2.443472e-02, 2.801399e-03, 1.015864e-03, 1.408209e-02, 0.000000e+00, 0.000000e+00
0.430, 2.192007e-02, 2.559152e-03, 9.504848e-04, 1.262999e-02, 0.000000e+00, -1.387779e-17
0.440, 1.966358e-02, 2.336480e-03, 8.871992e-04, 1.132717e-02, 0.000000e+00, 6.938894e-18
0.450, 1.763944e-02, 2.131857e-03, 8.263692e-04, 1.015885e-02, -1.387779e-17, -2.081668e-17
0.460, 1.582324e-02, 1.944198e-03, 7.681167e-04, 9.110727e-03, 0.000000e+00, 0.000000e+00
0.470, 1.419412e-02, 1.772128e-03, 7.126424e-04, 8.170835e-03, 0.000000e+00, 6.938894e-18
0.480, 1.273244e-02, 1.614678e-03, 6.599564e-04, 7.327697e-03, 0.000000e+00, 0.000000e+00
0.490, 1.142136e-02, 1.470610e-03, 6.088856e-04, 6.571638e-03, 6.938894e-18, -6.938894e-18
0.500, 1.024510e-02, 1.338958e-03, 5.599063e-04, 5.893447e-03, -4.163336e-17, -2.081668e-17
0.510, 9.190037e-03, 1.218654e-03, 5.143227e-04, 5.285303e-03, 0.000000e+00, -6.938894e-18
0.520, 8.243512e-03, 1.108842e-03, 4.719749e-04, 4.739821e-03, 0.000000e+00, 6.938894e-18
0.530, 7.394536e-03, 1.008609e-03, 4.327363e-04, 4.250688e-03, 1.387779e-17, 0.000000e+00
0.540, 6.632920e-03, 9.172060e-04, 3.964265e-04, 3.811972e-03, 0.000000e+00, -6.938894e-18
0.550, 5.949802e-03, 8.338551e-04, 3.629013e-04, 3.418579e-03, 1.387779e-17, 1.387779e-17
0.560, 5.336992e-03, 7.579093e-04, 3.319782e-04, 3.065745e-03, -1.387779e-17, -6.938894e-18
0.570, 4.787346e-03, 6.887111e-04, 3.035066e-04, 2.749362e-03, 1.387779e-17, -6.938894e-18
0.580, 4.294280e-03, 6.257055e-04, 2.773125e-04, 2.465607e-03, 1.387779e-17, -7.087422e-32
0.590, 3.852036e-03, 5.683436e-04, 2.532500e-04, 2.211166e-03, -1.387779e-17, -6.938894e-18
0.600, 3.455321e-03, 5.161465e-04, 2.311634e-04, 1.982969e-03, 0.000000e+00, 1.387779e-17
0.610, 3.099495e-03, 4.686532e-04, 2.109184e-04, 1.778346e-03, -1.387779e-17, -6.938894e-18
0.620, 2.780305e-03, 4.254592e-04, 1.923692e-04, 1.594832e-03, 0.000000e+00, 1.387779e-17
0.630, 2.494011e-03, 3.861773e-04, 1.753901e-04, 1.430276e-03, 0.000000e+00, -6.938894e-18
0.640, 2.237194e-03, 3.504682e-04, 1.598532e-04, 1.282696e-03, 0.000000e+00, 0.000000e+00
0.650, 2.006842e-03, 3.180083e-04, 1.456476e-04, 1.150362e-03, 2.775558e-17, 6.938894e-18
0.660, 1.800207e-03, 2.885120e-04, 1.326622e-04, 1.031681e-03, -1.387779e-17, 0.000000e+00
0.670, 1.614863e-03, 2.617111e-04, 1.208010e-04, 9.252598e-04, 1.387779e-17, 0.000000e+00
0.680, 1.448601e-03, 2.373664e-04, 1.099685e-04, 8.298193e-04, 1.387779e-17, 0.000000e+00
0.690, 1.299466e-03, 2.152545e-04, 1.000822e-04, 7.442370e-04, 1.387779e-17, -6.938894e-18
0.700, 1.165683e-03, 1.951757e-04, 9.106051e-05, 6.674862e-04, -1.387779e-17, -2.081668e-17
0.710, 1.045678e-03, 1.769443e-04, 8.283300e-05, 5.986631e-04, 2.775558e-17, 2.081668e-17
0.720, 9.380241e-04, 1.603939e-04, 7.533043e-05, 5.369427e-04, 0.000000e+00, -6.938894e-18
0.730, 8.414538e-04, 1.453701e-04, 6.849269e-05, 4.815979e-04, 1.387779e-17, 6.938894e-18
0.740, 7.548186e-04, 1.317346e-04, 6.226163e-05, 4.319658e-04, 1.387779e-17, 0.000000e+00
0.750, 6.770994e-04, 1.193594e-04, 5.658522e-05, 3.874613e-04, 1.387779e-17, 6.938894e-18
0.760, 6.073719e-04, 1.081291e-04, 5.141427e-05, 3.475520e-04, 0.000000e+00, 6.938894e-18
0.770, 5.448157e-04, 9.793816e-05, 4.670529e-05, 3.117670e-04, 0.000000e+00, -1.387779e-17
0.780, 4.886872e-04, 8.869097e-05, 4.241700e-05, 2.796790e-04, -2.775558e-17, -1.387779e-17
0.790, 4.383258e-04, 8.029971e-05, 3.851276e-05, 2.509090e-04, -1.387779e-17, -1.387779e-17
0.800, 3.931328e-04, 7.268525e-05, 3.495801e-05, 2.251140e-04, -1.387779e-17, 0.000000e+00
0.810, 3.525763e-04, 6.577485e-05, 3.172195e-05, 2.019894e-04, 0.000000e+00, -6.938894e-18
0.820, 3.161740e-04, 5.950292e-05, 2.877570e-05, 1.812600e-04, 0.000000e+00, -7.703720e-32
0.830, 2.834974e-04, 5.380920e-05, 2.609345e-05, 1.626807e-04, 0.000000e+00, 6.938894e-18
0.840, 2.541575e-04, 4.863943e-05, 2.365100e-05, 1.460314e-04, 0.000000e+00, 6.938894e-18
0.850, 2.278088e-04, 4.394362e-05, 2.142669e-05, 1.311149e-04, -1.387779e-17, 6.938894e-18
0.860, 2.041367e-04, 3.968549e-05, 1.940028e-05, 1.177556e-04, -1.387779e-17, 0.000000e+00
0.870, 1.828625e-04, 3.581525e-05, 1.755363e-05, 1.057950e-04, -1.387779e-17, 6.938894e-18
0.880, 1.637303e-04, 3.229556e-05, 1.586854e-05, 9.509375e-05, -2.775558e-17, -6.938894e-18
0.890, 1.465147e-04, 2.909213e-05, 1.432931e-05, 8.552495e-05, 1.387779e-17, 6.938894e-18
0.900, 1.309104e-04, 2.616909e-05, 1.292084e-05, 7.706584e-05, 0.000000e+00, -6.938894e-18
0.910, 1.168244e-04, 2.350228e-05, 1.163221e-05, 6.953086e-05, -1.387779e-17, 0.000000e+00
0.920, 1.040857e-04, 2.106571e-05, 1.045134e-05, 6.283021e-05, 0.000000e+00, 0.000000e+00
0.930, 9.254426e-05, 1.883522e-05, 9.367158e-06, 5.688751e-05, 2.775558e-17, 6.938894e-18
0.940, 8.205899e-05, 1.678889e-05, 8.369332e-06, 5.163196e-05, 2.775558e-17, 6.938894e-18
0.950, 7.250606e-05, 1.490615e-05, 7.448385e-06, 4.700431e-05, -1.387779e-17, -2.081668e-17
0.960, 6.376812e-05, 1.316832e-05, 6.595352e-06, 4.294931e-05, 1.387779e-17, 0.000000e+00
0.970, 5.574208e-05, 1.155703e-05, 5.801923e-06, 3.942177e-05, 0.000000e+00, 1.387779e-17
0.980, 4.832928e-05, 1.005587e-05, 5.060143e-06, 3.637902e-05, 0.000000e+00, -6.938894e-18
0.990, 4.144324e-05, 8.648192e-06, 4.362528e-06, 3.378726e-05, 1.387779e-17, 0.000000e+00
1.000, 0.000000e+00, 0.000000e+00, 0.000000e+00, 0.000000e+00, 0.000000e+00, 0.000000e+00
[Timer] 
[Timer] ----------------Summary:Timer----------------
[Timer] measured time (rt) : 1008.840s
[Timer] measured time (cpu): 1008.520s
[Timer] average MLUPs :       0.449
[Timer] average MLUPps:       0.449
[Timer] ---------------------------------------------
