1
node25
[MpiManager] Sucessfully initialized, numThreads=1
[Directories] Directory ./100case30_mcHardy/ created.
[Directories] Directory ./100case30_mcHardy/imageData/ created.
[Directories] Directory ./100case30_mcHardy/imageData/data/ created.
[Directories] Directory ./100case30_mcHardy/vtkData/ created.
[Directories] Directory ./100case30_mcHardy/vtkData/data/ created.
[Directories] Directory ./100case30_mcHardy/gnuplotData/ created.
[Directories] Directory ./100case30_mcHardy/gnuplotData/data/ created.
[main] case30
[main] omega = .... 1
[main] omega 1
[main] working with direct discretization
[AnisotropyMatrix] Call AnistorpiyMatrix()
[AnisotropyMatrix] Compute anisotropy matrix ...
[AnisotropyMatrix] Terminate after 0 iterations
[main] 1, 1, 1, 1, 1, 1, 1, 1, 1, 1, 1, 1, 1, 1, 1, 1, 1, 1, 1, 1, 1, 1, 1, 1, 1, 1, 
[main] 1, 1, 1, 1, 1, 1, 1, 1, 1, 1, 1, 1, 1, 1, 1, 1, 1, 1, 1, 1, 1, 1, 1, 1, 1, 1, 
[main] 1, 1, 1, 1, 1, 1, 1, 1, 1, 1, 1, 1, 1, 1, 1, 1, 1, 1, 1, 1, 1, 1, 1, 1, 1, 1, 
[main] 1, 1, 1, 1, 1, 1, 1, 1, 1, 1, 1, 1, 1, 1, 1, 1, 1, 1, 1, 1, 1, 1, 1, 1, 1, 1, 
[main] 1, 1, 1, 1, 1, 1, 1, 1, 1, 1, 1, 1, 1, 1, 1, 1, 1, 1, 1, 1, 1, 1, 1, 1, 1, 1, 
[main] 1, 1, 1, 1, 1, 1, 1, 1, 1, 1, 1, 1, 1, 1, 1, 1, 1, 1, 1, 1, 1, 1, 1, 1, 1, 1, 
[main] 1, 1, 1, 1, 1, 1, 1, 1, 1, 1, 1, 1, 1, 1, 1, 1, 1, 1, 1, 1, 1, 1, 1, 1, 1, 1, 
[main] 1, 1, 1, 1, 1, 1, 1, 1, 1, 1, 1, 1, 1, 1, 1, 1, 1, 1, 1, 1, 1, 1, 1, 1, 1, 1, 
[main] 1, 1, 1, 1, 1, 1, 1, 1, 1, 1, 1, 1, 1, 1, 1, 1, 1, 1, 1, 1, 1, 1, 1, 1, 1, 1, 
[main] 1, 1, 1, 1, 1, 1, 1, 1, 1, 1, 1, 1, 1, 1, 1, 1, 1, 1, 1, 1, 1, 1, 1, 1, 1, 1, 
[main] 1, 1, 1, 1, 1, 1, 1, 1, 1, 1, 1, 1, 1, 1, 1, 1, 1, 1, 1, 1, 1, 1, 1, 1, 1, 1, 
[main] 1, 1, 1, 1, 1, 1, 1, 1, 1, 1, 1, 1, 1, 1, 1, 1, 1, 1, 1, 1, 1, 1, 1, 1, 1, 1, 
[main] 1, 1, 1, 1, 1, 1, 1, 1, 1, 1, 1, 1, 1, 1, 1, 1, 1, 1, 1, 1, 1, 1, 1, 1, 1, 1, 
[main] 1, 1, 1, 1, 1, 1, 1, 1, 1, 1, 1, 1, 1, 1, 1, 1, 1, 1, 1, 1, 1, 1, 1, 1, 1, 1, 
[main] 1, 1, 1, 1, 1, 1, 1, 1, 1, 1, 1, 1, 1, 1, 1, 1, 1, 1, 1, 1, 1, 1, 1, 1, 1, 1, 
[main] 1, 1, 1, 1, 1, 1, 1, 1, 1, 1, 1, 1, 1, 1, 1, 1, 1, 1, 1, 1, 1, 1, 1, 1, 1, 1, 
[main] 1, 1, 1, 1, 1, 1, 1, 1, 1, 1, 1, 1, 1, 1, 1, 1, 1, 1, 1, 1, 1, 1, 1, 1, 1, 1, 
[main] 1, 1, 1, 1, 1, 1, 1, 1, 1, 1, 1, 1, 1, 1, 1, 1, 1, 1, 1, 1, 1, 1, 1, 1, 1, 1, 
[main] 1, 1, 1, 1, 1, 1, 1, 1, 1, 1, 1, 1, 1, 1, 1, 1, 1, 1, 1, 1, 1, 1, 1, 1, 1, 1, 
[main] 1, 1, 1, 1, 1, 1, 1, 1, 1, 1, 1, 1, 1, 1, 1, 1, 1, 1, 1, 1, 1, 1, 1, 1, 1, 1, 
[main] 1, 1, 1, 1, 1, 1, 1, 1, 1, 1, 1, 1, 1, 1, 1, 1, 1, 1, 1, 1, 1, 1, 1, 1, 1, 1, 
[main] 1, 1, 1, 1, 1, 1, 1, 1, 1, 1, 1, 1, 1, 1, 1, 1, 1, 1, 1, 1, 1, 1, 1, 1, 1, 1, 
[main] 1, 1, 1, 1, 1, 1, 1, 1, 1, 1, 1, 1, 1, 1, 1, 1, 1, 1, 1, 1, 1, 1, 1, 1, 1, 1, 
[main] 1, 1, 1, 1, 1, 1, 1, 1, 1, 1, 1, 1, 1, 1, 1, 1, 1, 1, 1, 1, 1, 1, 1, 1, 1, 1, 
[main] 1, 1, 1, 1, 1, 1, 1, 1, 1, 1, 1, 1, 1, 1, 1, 1, 1, 1, 1, 1, 1, 1, 1, 1, 1, 1, 
[main] 1, 1, 1, 1, 1, 1, 1, 1, 1, 1, 1, 1, 1, 1, 1, 1, 1, 1, 1, 1, 1, 1, 1, 1, 1, 1, 
[RadiativeUnitConverter] ----------------- UnitConverter information -----------------
[RadiativeUnitConverter] -- Parameters:
[RadiativeUnitConverter] Resolution:                       N=              100
[RadiativeUnitConverter] Lattice relaxation frequency:     omega=          1
[RadiativeUnitConverter] Lattice relaxation time:          tau=            1
[RadiativeUnitConverter] Characteristical length(m):       charL=          1
[RadiativeUnitConverter] Phys. density(kg/m^d):            charRho=        1
[RadiativeUnitConverter] Phys. absorption(1/m):            mu_a=           0
[RadiativeUnitConverter] Phys. scattering(1/m):            mu_s=           20
[RadiativeUnitConverter] Extinction(1/m):                  mu_t=           20
[RadiativeUnitConverter] Effective attenuation(1/m):       mu_eff=         0
[RadiativeUnitConverter] Phys. diffusion(m):               D=              0.0166667
[RadiativeUnitConverter] Single scattering albedo:         albedo=         1
[RadiativeUnitConverter] Anisotropy factor:                g=              0
[RadiativeUnitConverter] 
[RadiativeUnitConverter] Lattice diffusion:                D^*=            1.66667
[RadiativeUnitConverter] Lattice absorption:               absorption=     0
[RadiativeUnitConverter] Lattice scattering:               scattering=     0.2
[RadiativeUnitConverter] Lattice sink:                     sink=           0
[RadiativeUnitConverter] C_R: 1
[RadiativeUnitConverter] r_F: 1.73913
[RadiativeUnitConverter] 
[RadiativeUnitConverter] -- Conversion factors:
[RadiativeUnitConverter] Voxel length(m):                  physDeltaX=     0.01
[RadiativeUnitConverter] Time step(s):                     physDeltaT=     1.66667e-05
[RadiativeUnitConverter] Density factor(kg/m^3):           physDensity=    1
[RadiativeUnitConverter] -------------------------------------------------------------
[prepareGeometryCube] Prepare cubeGeometry ...
[SuperGeometry3D] cleaned 0 outer boundary voxel(s)
[SuperGeometry3D] cleaned 0 inner boundary voxel(s)
[SuperGeometry3D] the model is correct!
[CuboidGeometry3D] ---Cuboid Stucture Statistics---
[CuboidGeometry3D]  Number of Cuboids: 	2
[CuboidGeometry3D]  Delta  (min): 		0.01
[CuboidGeometry3D]         (max): 		0.01
[CuboidGeometry3D]  Ratio  (min): 		0.49505
[CuboidGeometry3D]         (max): 		2.02
[CuboidGeometry3D]  Nodes  (min): 		510050
[CuboidGeometry3D]         (max): 		520251
[CuboidGeometry3D]  Weight (min): 		510050
[CuboidGeometry3D]         (max): 		520251
[CuboidGeometry3D] --------------------------------
[SuperGeometryStatistics3D] materialNumber=1; count=970299; minPhysR=(0.01,-0.49,-0.49); maxPhysR=(0.99,0.49,0.49)
[SuperGeometryStatistics3D] materialNumber=2; count=59561; minPhysR=(0,-0.5,-0.5); maxPhysR=(1,0.5,0.5)
[SuperGeometryStatistics3D] materialNumber=3; count=441; minPhysR=(0,-0.1,-0.1); maxPhysR=(0,0.1,0.1)
[prepareGeometryCube] Prepare cubeGeometry ... OK
[prepareLattice] Prepare Lattice ...
[prepareLattice] Prepare Lattice ... OK
[main] iT convergence criteria: 160
[LatticeStatistics] step=0; t=0; uMax=0; avEnergy=0; avRho=1
[Timer] step=0; percent=0; passedTime=0; remTime=0.001; MLUPs=0
[Timer] step=0; percent=0; passedTime=0; remTime=0.001; MLUPs=0
[LatticeStatistics] step=20; t=0.000333333; uMax=0; avEnergy=0; avRho=0.00834744
[Timer] step=20; percent=0.00277778; passedTime=44.284; remTime=1.59418e+06; MLUPs=0.465315
[Timer] step=20; percent=0.00277778; passedTime=44.284; remTime=1.59418e+06; MLUPs=0.465315
[LatticeStatistics] step=40; t=0.000666667; uMax=0; avEnergy=0; avRho=0.0149314
[Timer] step=40; percent=0.00555556; passedTime=88.207; remTime=1.58764e+06; MLUPs=0.469129
[Timer] step=40; percent=0.00555556; passedTime=88.207; remTime=1.58764e+06; MLUPs=0.469129
[LatticeStatistics] step=60; t=0.001; uMax=0; avEnergy=0; avRho=0.0202264
[Timer] step=60; percent=0.00833333; passedTime=132.119; remTime=1.5853e+06; MLUPs=0.469257
[Timer] step=60; percent=0.00833333; passedTime=132.119; remTime=1.5853e+06; MLUPs=0.469257
[LatticeStatistics] step=80; t=0.00133333; uMax=0; avEnergy=0; avRho=0.0247309
[Timer] step=80; percent=0.0111111; passedTime=176.046; remTime=1.58424e+06; MLUPs=0.469097
[Timer] step=80; percent=0.0111111; passedTime=176.046; remTime=1.58424e+06; MLUPs=0.469097
[LatticeStatistics] step=100; t=0.00166667; uMax=0; avEnergy=0; avRho=0.0286515
[Timer] step=100; percent=0.0138889; passedTime=220.115; remTime=1.58461e+06; MLUPs=0.467585
[Timer] step=100; percent=0.0138889; passedTime=220.115; remTime=1.58461e+06; MLUPs=0.467585
[LatticeStatistics] step=120; t=0.002; uMax=0; avEnergy=0; avRho=0.032096
[Timer] step=120; percent=0.0166667; passedTime=264.074; remTime=1.58418e+06; MLUPs=0.468755
[Timer] step=120; percent=0.0166667; passedTime=264.074; remTime=1.58418e+06; MLUPs=0.468755
[LatticeStatistics] step=140; t=0.00233333; uMax=0; avEnergy=0; avRho=0.0351353
[Timer] step=140; percent=0.0194444; passedTime=308.04; remTime=1.5839e+06; MLUPs=0.468681
[Timer] step=140; percent=0.0194444; passedTime=308.04; remTime=1.5839e+06; MLUPs=0.468681
[LatticeStatistics] step=160; t=0.00266667; uMax=0; avEnergy=0; avRho=0.0378235
[Timer] step=160; percent=0.0222222; passedTime=351.998; remTime=1.58364e+06; MLUPs=0.468766
[Timer] step=160; percent=0.0222222; passedTime=351.998; remTime=1.58364e+06; MLUPs=0.468766
[ValueTracer] average=0.0230445; stdDev/average=0.45786
[LatticeStatistics] step=180; t=0.003; uMax=0; avEnergy=0; avRho=0.0402047
[Timer] step=180; percent=0.025; passedTime=395.982; remTime=1.58353e+06; MLUPs=0.468489
[Timer] step=180; percent=0.025; passedTime=395.982; remTime=1.58353e+06; MLUPs=0.468489
[LatticeStatistics] step=200; t=0.00333333; uMax=0; avEnergy=0; avRho=0.0423165
[Timer] step=200; percent=0.0277778; passedTime=440.005; remTime=1.58358e+06; MLUPs=0.468074
[Timer] step=200; percent=0.0277778; passedTime=440.005; remTime=1.58358e+06; MLUPs=0.468074
[LatticeStatistics] step=220; t=0.00366667; uMax=0; avEnergy=0; avRho=0.0441911
[Timer] step=220; percent=0.0305556; passedTime=484.188; remTime=1.58413e+06; MLUPs=0.466389
[Timer] step=220; percent=0.0305556; passedTime=484.188; remTime=1.58413e+06; MLUPs=0.466389
[LatticeStatistics] step=240; t=0.004; uMax=0; avEnergy=0; avRho=0.0458562
[Timer] step=240; percent=0.0333333; passedTime=528.352; remTime=1.58453e+06; MLUPs=0.46659
[Timer] step=240; percent=0.0333333; passedTime=528.352; remTime=1.58453e+06; MLUPs=0.46659
[LatticeStatistics] step=260; t=0.00433333; uMax=0; avEnergy=0; avRho=0.0473362
[Timer] step=260; percent=0.0361111; passedTime=572.511; remTime=1.58484e+06; MLUPs=0.466643
[Timer] step=260; percent=0.0361111; passedTime=572.511; remTime=1.58484e+06; MLUPs=0.466643
[LatticeStatistics] step=280; t=0.00466667; uMax=0; avEnergy=0; avRho=0.0486522
[Timer] step=280; percent=0.0388889; passedTime=616.7; remTime=1.58518e+06; MLUPs=0.466316
[Timer] step=280; percent=0.0388889; passedTime=616.7; remTime=1.58518e+06; MLUPs=0.466316
[LatticeStatistics] step=300; t=0.005; uMax=0; avEnergy=0; avRho=0.0498227
[Timer] step=300; percent=0.0416667; passedTime=660.738; remTime=1.58511e+06; MLUPs=0.467925
[Timer] step=300; percent=0.0416667; passedTime=660.738; remTime=1.58511e+06; MLUPs=0.467925
[LatticeStatistics] step=320; t=0.00533333; uMax=0; avEnergy=0; avRho=0.0508641
[Timer] step=320; percent=0.0444444; passedTime=704.757; remTime=1.585e+06; MLUPs=0.468116
[Timer] step=320; percent=0.0444444; passedTime=704.757; remTime=1.585e+06; MLUPs=0.468116
[ValueTracer] average=0.0453972; stdDev/average=0.0822825
[LatticeStatistics] step=340; t=0.00566667; uMax=0; avEnergy=0; avRho=0.0517908
[Timer] step=340; percent=0.0472222; passedTime=748.825; remTime=1.585e+06; MLUPs=0.467607
[Timer] step=340; percent=0.0472222; passedTime=748.825; remTime=1.585e+06; MLUPs=0.467607
[LatticeStatistics] step=360; t=0.006; uMax=0; avEnergy=0; avRho=0.0526154
[Timer] step=360; percent=0.05; passedTime=792.792; remTime=1.58479e+06; MLUPs=0.468659
[Timer] step=360; percent=0.05; passedTime=792.792; remTime=1.58479e+06; MLUPs=0.468659
[LatticeStatistics] step=380; t=0.00633333; uMax=0; avEnergy=0; avRho=0.0533495
[Timer] step=380; percent=0.0527778; passedTime=836.804; remTime=1.58469e+06; MLUPs=0.468202
[Timer] step=380; percent=0.0527778; passedTime=836.804; remTime=1.58469e+06; MLUPs=0.468202
[LatticeStatistics] step=400; t=0.00666667; uMax=0; avEnergy=0; avRho=0.0540028
[Timer] step=400; percent=0.0555556; passedTime=880.79; remTime=1.58454e+06; MLUPs=0.468457
[Timer] step=400; percent=0.0555556; passedTime=880.79; remTime=1.58454e+06; MLUPs=0.468457
[LatticeStatistics] step=420; t=0.007; uMax=0; avEnergy=0; avRho=0.0545844
[Timer] step=420; percent=0.0583333; passedTime=924.812; remTime=1.58447e+06; MLUPs=0.468085
[Timer] step=420; percent=0.0583333; passedTime=924.812; remTime=1.58447e+06; MLUPs=0.468085
[LatticeStatistics] step=440; t=0.00733333; uMax=0; avEnergy=0; avRho=0.0551021
[Timer] step=440; percent=0.0611111; passedTime=968.825; remTime=1.58438e+06; MLUPs=0.468191
[Timer] step=440; percent=0.0611111; passedTime=968.825; remTime=1.58438e+06; MLUPs=0.468191
[LatticeStatistics] step=460; t=0.00766667; uMax=0; avEnergy=0; avRho=0.055563
[Timer] step=460; percent=0.0638889; passedTime=1012.88; remTime=1.58436e+06; MLUPs=0.467798
[Timer] step=460; percent=0.0638889; passedTime=1012.88; remTime=1.58436e+06; MLUPs=0.467798
[LatticeStatistics] step=480; t=0.008; uMax=0; avEnergy=0; avRho=0.0559733
[Timer] step=480; percent=0.0666667; passedTime=1056.82; remTime=1.58417e+06; MLUPs=0.468937
[Timer] step=480; percent=0.0666667; passedTime=1056.82; remTime=1.58417e+06; MLUPs=0.468937
[ValueTracer] average=0.0538255; stdDev/average=0.0272109
[LatticeStatistics] step=500; t=0.00833333; uMax=0; avEnergy=0; avRho=0.0563386
[Timer] step=500; percent=0.0694444; passedTime=1100.83; remTime=1.58409e+06; MLUPs=0.468212
[Timer] step=500; percent=0.0694444; passedTime=1100.83; remTime=1.58409e+06; MLUPs=0.468212
[LatticeStatistics] step=520; t=0.00866667; uMax=0; avEnergy=0; avRho=0.0566638
[Timer] step=520; percent=0.0722222; passedTime=1144.79; remTime=1.58395e+06; MLUPs=0.468681
[Timer] step=520; percent=0.0722222; passedTime=1144.79; remTime=1.58395e+06; MLUPs=0.468681
[LatticeStatistics] step=540; t=0.009; uMax=0; avEnergy=0; avRho=0.0569533
[Timer] step=540; percent=0.075; passedTime=1188.85; remTime=1.58395e+06; MLUPs=0.467702
[Timer] step=540; percent=0.075; passedTime=1188.85; remTime=1.58395e+06; MLUPs=0.467702
[LatticeStatistics] step=560; t=0.00933333; uMax=0; avEnergy=0; avRho=0.0572111
[Timer] step=560; percent=0.0777778; passedTime=1232.83; remTime=1.58384e+06; MLUPs=0.46851
[Timer] step=560; percent=0.0777778; passedTime=1232.83; remTime=1.58384e+06; MLUPs=0.46851
[LatticeStatistics] step=580; t=0.00966667; uMax=0; avEnergy=0; avRho=0.0574405
[Timer] step=580; percent=0.0805556; passedTime=1276.9; remTime=1.58384e+06; MLUPs=0.467585
[Timer] step=580; percent=0.0805556; passedTime=1276.9; remTime=1.58384e+06; MLUPs=0.467585
[LatticeStatistics] step=600; t=0.01; uMax=0; avEnergy=0; avRho=0.0576448
[Timer] step=600; percent=0.0833333; passedTime=1320.92; remTime=1.58379e+06; MLUPs=0.468106
[Timer] step=600; percent=0.0833333; passedTime=1320.92; remTime=1.58379e+06; MLUPs=0.468106
[LatticeStatistics] step=620; t=0.0103333; uMax=0; avEnergy=0; avRho=0.0578267
[Timer] step=620; percent=0.0861111; passedTime=1364.9; remTime=1.58368e+06; MLUPs=0.468532
[Timer] step=620; percent=0.0861111; passedTime=1364.9; remTime=1.58368e+06; MLUPs=0.468532
[LatticeStatistics] step=640; t=0.0106667; uMax=0; avEnergy=0; avRho=0.0579886
[Timer] step=640; percent=0.0888889; passedTime=1408.88; remTime=1.58358e+06; MLUPs=0.468521
[Timer] step=640; percent=0.0888889; passedTime=1408.88; remTime=1.58358e+06; MLUPs=0.468521
[ValueTracer] average=0.0571412; stdDev/average=0.0101112
[LatticeStatistics] step=660; t=0.011; uMax=0; avEnergy=0; avRho=0.0581328
[Timer] step=660; percent=0.0916667; passedTime=1452.85; remTime=1.58348e+06; MLUPs=0.468638
[Timer] step=660; percent=0.0916667; passedTime=1452.85; remTime=1.58348e+06; MLUPs=0.468638
[LatticeStatistics] step=680; t=0.0113333; uMax=0; avEnergy=0; avRho=0.0582611
[Timer] step=680; percent=0.0944444; passedTime=1496.92; remTime=1.58347e+06; MLUPs=0.467638
[Timer] step=680; percent=0.0944444; passedTime=1496.92; remTime=1.58347e+06; MLUPs=0.467638
[LatticeStatistics] step=700; t=0.0116667; uMax=0; avEnergy=0; avRho=0.0583754
[Timer] step=700; percent=0.0972222; passedTime=1540.98; remTime=1.58347e+06; MLUPs=0.467607
[Timer] step=700; percent=0.0972222; passedTime=1540.98; remTime=1.58347e+06; MLUPs=0.467607
[LatticeStatistics] step=720; t=0.012; uMax=0; avEnergy=0; avRho=0.0584771
[Timer] step=720; percent=0.1; passedTime=1584.98; remTime=1.5834e+06; MLUPs=0.468319
[Timer] step=720; percent=0.1; passedTime=1584.98; remTime=1.5834e+06; MLUPs=0.468319
[LatticeStatistics] step=740; t=0.0123333; uMax=0; avEnergy=0; avRho=0.0585677
[Timer] step=740; percent=0.102778; passedTime=1628.96; remTime=1.5833e+06; MLUPs=0.468574
[Timer] step=740; percent=0.102778; passedTime=1628.96; remTime=1.5833e+06; MLUPs=0.468574
[LatticeStatistics] step=760; t=0.0126667; uMax=0; avEnergy=0; avRho=0.0586483
[Timer] step=760; percent=0.105556; passedTime=1672.94; remTime=1.58321e+06; MLUPs=0.468564
[Timer] step=760; percent=0.105556; passedTime=1672.94; remTime=1.58321e+06; MLUPs=0.468564
[LatticeStatistics] step=780; t=0.013; uMax=0; avEnergy=0; avRho=0.0587201
[Timer] step=780; percent=0.108333; passedTime=1716.93; remTime=1.58314e+06; MLUPs=0.468393
[Timer] step=780; percent=0.108333; passedTime=1716.93; remTime=1.58314e+06; MLUPs=0.468393
[LatticeStatistics] step=800; t=0.0133333; uMax=0; avEnergy=0; avRho=0.0587841
[Timer] step=800; percent=0.111111; passedTime=1760.95; remTime=1.58309e+06; MLUPs=0.468138
[Timer] step=800; percent=0.111111; passedTime=1760.95; remTime=1.58309e+06; MLUPs=0.468138
[ValueTracer] average=0.0584496; stdDev/average=0.00390142
[LatticeStatistics] step=820; t=0.0136667; uMax=0; avEnergy=0; avRho=0.058841
[Timer] step=820; percent=0.113889; passedTime=1805.01; remTime=1.58309e+06; MLUPs=0.467596
[Timer] step=820; percent=0.113889; passedTime=1805.01; remTime=1.58309e+06; MLUPs=0.467596
[LatticeStatistics] step=840; t=0.014; uMax=0; avEnergy=0; avRho=0.0588916
[Timer] step=840; percent=0.116667; passedTime=1849.15; remTime=1.58314e+06; MLUPs=0.466833
[Timer] step=840; percent=0.116667; passedTime=1849.15; remTime=1.58314e+06; MLUPs=0.466833
[LatticeStatistics] step=860; t=0.0143333; uMax=0; avEnergy=0; avRho=0.0589367
[Timer] step=860; percent=0.119444; passedTime=1893.27; remTime=1.58317e+06; MLUPs=0.467119
[Timer] step=860; percent=0.119444; passedTime=1893.27; remTime=1.58317e+06; MLUPs=0.467119
[LatticeStatistics] step=880; t=0.0146667; uMax=0; avEnergy=0; avRho=0.0589769
[Timer] step=880; percent=0.122222; passedTime=1937.41; remTime=1.58321e+06; MLUPs=0.466854
[Timer] step=880; percent=0.122222; passedTime=1937.41; remTime=1.58321e+06; MLUPs=0.466854
[LatticeStatistics] step=900; t=0.015; uMax=0; avEnergy=0; avRho=0.0590126
[Timer] step=900; percent=0.125; passedTime=1981.51; remTime=1.58322e+06; MLUPs=0.467288
[Timer] step=900; percent=0.125; passedTime=1981.51; remTime=1.58322e+06; MLUPs=0.467288
[LatticeStatistics] step=920; t=0.0153333; uMax=0; avEnergy=0; avRho=0.0590444
[Timer] step=920; percent=0.127778; passedTime=2025.64; remTime=1.58326e+06; MLUPs=0.466865
[Timer] step=920; percent=0.127778; passedTime=2025.64; remTime=1.58326e+06; MLUPs=0.466865
[LatticeStatistics] step=940; t=0.0156667; uMax=0; avEnergy=0; avRho=0.0590728
[Timer] step=940; percent=0.130556; passedTime=2069.69; remTime=1.58322e+06; MLUPs=0.46784
[Timer] step=940; percent=0.130556; passedTime=2069.69; remTime=1.58322e+06; MLUPs=0.46784
[LatticeStatistics] step=960; t=0.016; uMax=0; avEnergy=0; avRho=0.059098
[Timer] step=960; percent=0.133333; passedTime=2113.69; remTime=1.58315e+06; MLUPs=0.468319
[Timer] step=960; percent=0.133333; passedTime=2113.69; remTime=1.58315e+06; MLUPs=0.468319
[ValueTracer] average=0.058966; stdDev/average=0.00152642
[LatticeStatistics] step=980; t=0.0163333; uMax=0; avEnergy=0; avRho=0.0591205
[Timer] step=980; percent=0.136111; passedTime=2157.67; remTime=1.58307e+06; MLUPs=0.468542
[Timer] step=980; percent=0.136111; passedTime=2157.67; remTime=1.58307e+06; MLUPs=0.468542
[LatticeStatistics] step=1000; t=0.0166667; uMax=0; avEnergy=0; avRho=0.0591405
[Timer] step=1000; percent=0.138889; passedTime=2201.69; remTime=1.58301e+06; MLUPs=0.468127
[Timer] step=1000; percent=0.138889; passedTime=2201.69; remTime=1.58301e+06; MLUPs=0.468127
[LatticeStatistics] step=1020; t=0.017; uMax=0; avEnergy=0; avRho=0.0591583
[Timer] step=1020; percent=0.141667; passedTime=2245.61; remTime=1.58289e+06; MLUPs=0.469086
[Timer] step=1020; percent=0.141667; passedTime=2245.61; remTime=1.58289e+06; MLUPs=0.469086
[LatticeStatistics] step=1040; t=0.0173333; uMax=0; avEnergy=0; avRho=0.0591741
[Timer] step=1040; percent=0.144444; passedTime=2289.6; remTime=1.58282e+06; MLUPs=0.468489
[Timer] step=1040; percent=0.144444; passedTime=2289.6; remTime=1.58282e+06; MLUPs=0.468489
[LatticeStatistics] step=1060; t=0.0176667; uMax=0; avEnergy=0; avRho=0.0591882
[Timer] step=1060; percent=0.147222; passedTime=2333.61; remTime=1.58276e+06; MLUPs=0.468202
[Timer] step=1060; percent=0.147222; passedTime=2333.61; remTime=1.58276e+06; MLUPs=0.468202
[LatticeStatistics] step=1080; t=0.018; uMax=0; avEnergy=0; avRho=0.0592008
[Timer] step=1080; percent=0.15; passedTime=2377.62; remTime=1.5827e+06; MLUPs=0.468202
[Timer] step=1080; percent=0.15; passedTime=2377.62; remTime=1.5827e+06; MLUPs=0.468202
[LatticeStatistics] step=1100; t=0.0183333; uMax=0; avEnergy=0; avRho=0.059212
[Timer] step=1100; percent=0.152778; passedTime=2421.67; remTime=1.58267e+06; MLUPs=0.467776
[Timer] step=1100; percent=0.152778; passedTime=2421.67; remTime=1.58267e+06; MLUPs=0.467776
[LatticeStatistics] step=1120; t=0.0186667; uMax=0; avEnergy=0; avRho=0.0592219
[Timer] step=1120; percent=0.155556; passedTime=2465.66; remTime=1.5826e+06; MLUPs=0.468404
[Timer] step=1120; percent=0.155556; passedTime=2465.66; remTime=1.5826e+06; MLUPs=0.468404
[ValueTracer] average=0.0591698; stdDev/average=0.000600408
[LatticeStatistics] step=1140; t=0.019; uMax=0; avEnergy=0; avRho=0.0592308
[Timer] step=1140; percent=0.158333; passedTime=2509.6; remTime=1.5825e+06; MLUPs=0.469022
[Timer] step=1140; percent=0.158333; passedTime=2509.6; remTime=1.5825e+06; MLUPs=0.469022
[LatticeStatistics] step=1160; t=0.0193333; uMax=0; avEnergy=0; avRho=0.0592387
[Timer] step=1160; percent=0.161111; passedTime=2553.63; remTime=1.58246e+06; MLUPs=0.467957
[Timer] step=1160; percent=0.161111; passedTime=2553.63; remTime=1.58246e+06; MLUPs=0.467957
[LatticeStatistics] step=1180; t=0.0196667; uMax=0; avEnergy=0; avRho=0.0592457
[Timer] step=1180; percent=0.163889; passedTime=2597.65; remTime=1.58241e+06; MLUPs=0.46817
[Timer] step=1180; percent=0.163889; passedTime=2597.65; remTime=1.58241e+06; MLUPs=0.46817
[LatticeStatistics] step=1200; t=0.02; uMax=0; avEnergy=0; avRho=0.059252
[Timer] step=1200; percent=0.166667; passedTime=2641.63; remTime=1.58234e+06; MLUPs=0.468489
[Timer] step=1200; percent=0.166667; passedTime=2641.63; remTime=1.58234e+06; MLUPs=0.468489
[LatticeStatistics] step=1220; t=0.0203333; uMax=0; avEnergy=0; avRho=0.0592575
[Timer] step=1220; percent=0.169444; passedTime=2685.6; remTime=1.58226e+06; MLUPs=0.468617
[Timer] step=1220; percent=0.169444; passedTime=2685.6; remTime=1.58226e+06; MLUPs=0.468617
[LatticeStatistics] step=1240; t=0.0206667; uMax=0; avEnergy=0; avRho=0.0592625
[Timer] step=1240; percent=0.172222; passedTime=2729.59; remTime=1.58219e+06; MLUPs=0.468478
[Timer] step=1240; percent=0.172222; passedTime=2729.59; remTime=1.58219e+06; MLUPs=0.468478
[LatticeStatistics] step=1260; t=0.021; uMax=0; avEnergy=0; avRho=0.0592669
[Timer] step=1260; percent=0.175; passedTime=2773.6; remTime=1.58214e+06; MLUPs=0.468202
[Timer] step=1260; percent=0.175; passedTime=2773.6; remTime=1.58214e+06; MLUPs=0.468202
[LatticeStatistics] step=1280; t=0.0213333; uMax=0; avEnergy=0; avRho=0.0592708
[Timer] step=1280; percent=0.177778; passedTime=2817.64; remTime=1.5821e+06; MLUPs=0.467925
[Timer] step=1280; percent=0.177778; passedTime=2817.64; remTime=1.5821e+06; MLUPs=0.467925
[ValueTracer] average=0.0592503; stdDev/average=0.000236662
[LatticeStatistics] step=1300; t=0.0216667; uMax=0; avEnergy=0; avRho=0.0592743
[Timer] step=1300; percent=0.180556; passedTime=2861.63; remTime=1.58204e+06; MLUPs=0.468329
[Timer] step=1300; percent=0.180556; passedTime=2861.63; remTime=1.58204e+06; MLUPs=0.468329
[LatticeStatistics] step=1320; t=0.022; uMax=0; avEnergy=0; avRho=0.0592774
[Timer] step=1320; percent=0.183333; passedTime=2905.62; remTime=1.58198e+06; MLUPs=0.468446
[Timer] step=1320; percent=0.183333; passedTime=2905.62; remTime=1.58198e+06; MLUPs=0.468446
[LatticeStatistics] step=1340; t=0.0223333; uMax=0; avEnergy=0; avRho=0.0592802
[Timer] step=1340; percent=0.186111; passedTime=2949.61; remTime=1.58192e+06; MLUPs=0.468372
[Timer] step=1340; percent=0.186111; passedTime=2949.61; remTime=1.58192e+06; MLUPs=0.468372
[LatticeStatistics] step=1360; t=0.0226667; uMax=0; avEnergy=0; avRho=0.0592827
[Timer] step=1360; percent=0.188889; passedTime=2993.59; remTime=1.58185e+06; MLUPs=0.468553
[Timer] step=1360; percent=0.188889; passedTime=2993.59; remTime=1.58185e+06; MLUPs=0.468553
[LatticeStatistics] step=1380; t=0.023; uMax=0; avEnergy=0; avRho=0.0592849
[Timer] step=1380; percent=0.191667; passedTime=3037.57; remTime=1.58178e+06; MLUPs=0.468606
[Timer] step=1380; percent=0.191667; passedTime=3037.57; remTime=1.58178e+06; MLUPs=0.468606
[LatticeStatistics] step=1400; t=0.0233333; uMax=0; avEnergy=0; avRho=0.0592868
[Timer] step=1400; percent=0.194444; passedTime=3081.57; remTime=1.58173e+06; MLUPs=0.468265
[Timer] step=1400; percent=0.194444; passedTime=3081.57; remTime=1.58173e+06; MLUPs=0.468265
[LatticeStatistics] step=1420; t=0.0236667; uMax=0; avEnergy=0; avRho=0.0592886
[Timer] step=1420; percent=0.197222; passedTime=3125.55; remTime=1.58166e+06; MLUPs=0.4685
[Timer] step=1420; percent=0.197222; passedTime=3125.55; remTime=1.58166e+06; MLUPs=0.4685
[LatticeStatistics] step=1440; t=0.024; uMax=0; avEnergy=0; avRho=0.0592901
[Timer] step=1440; percent=0.2; passedTime=3169.52; remTime=1.58159e+06; MLUPs=0.468649
[Timer] step=1440; percent=0.2; passedTime=3169.52; remTime=1.58159e+06; MLUPs=0.468649
[ValueTracer] average=0.059282; stdDev/average=9.33616e-05
[LatticeStatistics] step=1460; t=0.0243333; uMax=0; avEnergy=0; avRho=0.0592915
[Timer] step=1460; percent=0.202778; passedTime=3213.52; remTime=1.58153e+06; MLUPs=0.468372
[Timer] step=1460; percent=0.202778; passedTime=3213.52; remTime=1.58153e+06; MLUPs=0.468372
[LatticeStatistics] step=1480; t=0.0246667; uMax=0; avEnergy=0; avRho=0.0592927
[Timer] step=1480; percent=0.205556; passedTime=3257.48; remTime=1.58146e+06; MLUPs=0.468702
[Timer] step=1480; percent=0.205556; passedTime=3257.48; remTime=1.58146e+06; MLUPs=0.468702
[LatticeStatistics] step=1500; t=0.025; uMax=0; avEnergy=0; avRho=0.0592938
[Timer] step=1500; percent=0.208333; passedTime=3301.52; remTime=1.58143e+06; MLUPs=0.467904
[Timer] step=1500; percent=0.208333; passedTime=3301.52; remTime=1.58143e+06; MLUPs=0.467904
[LatticeStatistics] step=1520; t=0.0253333; uMax=0; avEnergy=0; avRho=0.0592948
[Timer] step=1520; percent=0.211111; passedTime=3345.59; remTime=1.58141e+06; MLUPs=0.467596
[Timer] step=1520; percent=0.211111; passedTime=3345.59; remTime=1.58141e+06; MLUPs=0.467596
[LatticeStatistics] step=1540; t=0.0256667; uMax=0; avEnergy=0; avRho=0.0592957
[Timer] step=1540; percent=0.213889; passedTime=3389.61; remTime=1.58136e+06; MLUPs=0.468106
[Timer] step=1540; percent=0.213889; passedTime=3389.61; remTime=1.58136e+06; MLUPs=0.468106
[LatticeStatistics] step=1560; t=0.026; uMax=0; avEnergy=0; avRho=0.0592965
[Timer] step=1560; percent=0.216667; passedTime=3433.59; remTime=1.5813e+06; MLUPs=0.468532
[Timer] step=1560; percent=0.216667; passedTime=3433.59; remTime=1.5813e+06; MLUPs=0.468532
[LatticeStatistics] step=1580; t=0.0263333; uMax=0; avEnergy=0; avRho=0.0592971
[Timer] step=1580; percent=0.219444; passedTime=3477.57; remTime=1.58124e+06; MLUPs=0.468542
[Timer] step=1580; percent=0.219444; passedTime=3477.57; remTime=1.58124e+06; MLUPs=0.468542
[LatticeStatistics] step=1600; t=0.0266667; uMax=0; avEnergy=0; avRho=0.0592978
[Timer] step=1600; percent=0.222222; passedTime=3521.58; remTime=1.58119e+06; MLUPs=0.468159
[Timer] step=1600; percent=0.222222; passedTime=3521.58; remTime=1.58119e+06; MLUPs=0.468159
[ValueTracer] average=0.0592946; stdDev/average=3.68425e-05
[LatticeStatistics] step=1620; t=0.027; uMax=0; avEnergy=0; avRho=0.0592983
[Timer] step=1620; percent=0.225; passedTime=3565.57; remTime=1.58113e+06; MLUPs=0.468489
[Timer] step=1620; percent=0.225; passedTime=3565.57; remTime=1.58113e+06; MLUPs=0.468489
[LatticeStatistics] step=1640; t=0.0273333; uMax=0; avEnergy=0; avRho=0.0592988
[Timer] step=1640; percent=0.227778; passedTime=3609.64; remTime=1.58111e+06; MLUPs=0.467575
[Timer] step=1640; percent=0.227778; passedTime=3609.64; remTime=1.58111e+06; MLUPs=0.467575
[LatticeStatistics] step=1660; t=0.0276667; uMax=0; avEnergy=0; avRho=0.0592992
[Timer] step=1660; percent=0.230556; passedTime=3653.67; remTime=1.58107e+06; MLUPs=0.467957
[Timer] step=1660; percent=0.230556; passedTime=3653.67; remTime=1.58107e+06; MLUPs=0.467957
[LatticeStatistics] step=1680; t=0.028; uMax=0; avEnergy=0; avRho=0.0592996
[Timer] step=1680; percent=0.233333; passedTime=3697.61; remTime=1.58099e+06; MLUPs=0.46899
[Timer] step=1680; percent=0.233333; passedTime=3697.61; remTime=1.58099e+06; MLUPs=0.46899
[LatticeStatistics] step=1700; t=0.0283333; uMax=0; avEnergy=0; avRho=0.0592999
[Timer] step=1700; percent=0.236111; passedTime=3741.57; remTime=1.58092e+06; MLUPs=0.468691
[Timer] step=1700; percent=0.236111; passedTime=3741.57; remTime=1.58092e+06; MLUPs=0.468691
[LatticeStatistics] step=1720; t=0.0286667; uMax=0; avEnergy=0; avRho=0.0593002
[Timer] step=1720; percent=0.238889; passedTime=3785.51; remTime=1.58085e+06; MLUPs=0.468979
[Timer] step=1720; percent=0.238889; passedTime=3785.51; remTime=1.58085e+06; MLUPs=0.468979
[LatticeStatistics] step=1740; t=0.029; uMax=0; avEnergy=0; avRho=0.0593005
[Timer] step=1740; percent=0.241667; passedTime=3829.46; remTime=1.58078e+06; MLUPs=0.468787
[Timer] step=1740; percent=0.241667; passedTime=3829.46; remTime=1.58078e+06; MLUPs=0.468787
[LatticeStatistics] step=1760; t=0.0293333; uMax=0; avEnergy=0; avRho=0.0593008
[Timer] step=1760; percent=0.244444; passedTime=3873.51; remTime=1.58075e+06; MLUPs=0.467787
[Timer] step=1760; percent=0.244444; passedTime=3873.51; remTime=1.58075e+06; MLUPs=0.467787
[ValueTracer] average=0.0592995; stdDev/average=1.45407e-05
[LatticeStatistics] step=1780; t=0.0296667; uMax=0; avEnergy=0; avRho=0.059301
[Timer] step=1780; percent=0.247222; passedTime=3917.52; remTime=1.5807e+06; MLUPs=0.468244
[Timer] step=1780; percent=0.247222; passedTime=3917.52; remTime=1.5807e+06; MLUPs=0.468244
[LatticeStatistics] step=1800; t=0.03; uMax=0; avEnergy=0; avRho=0.0593012
[Timer] step=1800; percent=0.25; passedTime=3961.54; remTime=1.58065e+06; MLUPs=0.468148
[Timer] step=1800; percent=0.25; passedTime=3961.54; remTime=1.58065e+06; MLUPs=0.468148
[LatticeStatistics] step=1820; t=0.0303333; uMax=0; avEnergy=0; avRho=0.0593013
[Timer] step=1820; percent=0.252778; passedTime=4005.51; remTime=1.58059e+06; MLUPs=0.468574
[Timer] step=1820; percent=0.252778; passedTime=4005.51; remTime=1.58059e+06; MLUPs=0.468574
[LatticeStatistics] step=1840; t=0.0306667; uMax=0; avEnergy=0; avRho=0.0593015
[Timer] step=1840; percent=0.255556; passedTime=4049.5; remTime=1.58054e+06; MLUPs=0.468436
[Timer] step=1840; percent=0.255556; passedTime=4049.5; remTime=1.58054e+06; MLUPs=0.468436
[LatticeStatistics] step=1860; t=0.031; uMax=0; avEnergy=0; avRho=0.0593016
[Timer] step=1860; percent=0.258333; passedTime=4093.49; remTime=1.58048e+06; MLUPs=0.468468
[Timer] step=1860; percent=0.258333; passedTime=4093.49; remTime=1.58048e+06; MLUPs=0.468468
[LatticeStatistics] step=1880; t=0.0313333; uMax=0; avEnergy=0; avRho=0.0593017
[Timer] step=1880; percent=0.261111; passedTime=4137.53; remTime=1.58045e+06; MLUPs=0.467819
[Timer] step=1880; percent=0.261111; passedTime=4137.53; remTime=1.58045e+06; MLUPs=0.467819
[LatticeStatistics] step=1900; t=0.0316667; uMax=0; avEnergy=0; avRho=0.0593019
[Timer] step=1900; percent=0.263889; passedTime=4181.55; remTime=1.58041e+06; MLUPs=0.468148
[Timer] step=1900; percent=0.263889; passedTime=4181.55; remTime=1.58041e+06; MLUPs=0.468148
[LatticeStatistics] step=1920; t=0.032; uMax=0; avEnergy=0; avRho=0.0593019
[Timer] step=1920; percent=0.266667; passedTime=4225.59; remTime=1.58037e+06; MLUPs=0.467872
[Timer] step=1920; percent=0.266667; passedTime=4225.59; remTime=1.58037e+06; MLUPs=0.467872
[ValueTracer] average=0.0593015; stdDev/average=5.73908e-06
[LatticeStatistics] step=1940; t=0.0323333; uMax=0; avEnergy=0; avRho=0.059302
[Timer] step=1940; percent=0.269444; passedTime=4269.63; remTime=1.58034e+06; MLUPs=0.467904
[Timer] step=1940; percent=0.269444; passedTime=4269.63; remTime=1.58034e+06; MLUPs=0.467904
[LatticeStatistics] step=1960; t=0.0326667; uMax=0; avEnergy=0; avRho=0.0593021
[Timer] step=1960; percent=0.272222; passedTime=4313.63; remTime=1.58029e+06; MLUPs=0.468329
[Timer] step=1960; percent=0.272222; passedTime=4313.63; remTime=1.58029e+06; MLUPs=0.468329
[LatticeStatistics] step=1980; t=0.033; uMax=0; avEnergy=0; avRho=0.0593022
[Timer] step=1980; percent=0.275; passedTime=4357.62; remTime=1.58023e+06; MLUPs=0.468383
[Timer] step=1980; percent=0.275; passedTime=4357.62; remTime=1.58023e+06; MLUPs=0.468383
[LatticeStatistics] step=2000; t=0.0333333; uMax=0; avEnergy=0; avRho=0.0593022
[Timer] step=2000; percent=0.277778; passedTime=4401.75; remTime=1.58023e+06; MLUPs=0.466992
[Timer] step=2000; percent=0.277778; passedTime=4401.75; remTime=1.58023e+06; MLUPs=0.466992
[LatticeStatistics] step=2020; t=0.0336667; uMax=0; avEnergy=0; avRho=0.0593023
[Timer] step=2020; percent=0.280556; passedTime=4445.93; remTime=1.58024e+06; MLUPs=0.466432
[Timer] step=2020; percent=0.280556; passedTime=4445.93; remTime=1.58024e+06; MLUPs=0.466432
[LatticeStatistics] step=2040; t=0.034; uMax=0; avEnergy=0; avRho=0.0593023
[Timer] step=2040; percent=0.283333; passedTime=4490.1; remTime=1.58025e+06; MLUPs=0.466537
[Timer] step=2040; percent=0.283333; passedTime=4490.1; remTime=1.58025e+06; MLUPs=0.466537
[LatticeStatistics] step=2060; t=0.0343333; uMax=0; avEnergy=0; avRho=0.0593024
[Timer] step=2060; percent=0.286111; passedTime=4534.25; remTime=1.58025e+06; MLUPs=0.466654
[Timer] step=2060; percent=0.286111; passedTime=4534.25; remTime=1.58025e+06; MLUPs=0.466654
[LatticeStatistics] step=2080; t=0.0346667; uMax=0; avEnergy=0; avRho=0.0593024
[Timer] step=2080; percent=0.288889; passedTime=4578.42; remTime=1.58026e+06; MLUPs=0.466558
[Timer] step=2080; percent=0.288889; passedTime=4578.42; remTime=1.58026e+06; MLUPs=0.466558
[ValueTracer] average=0.0593022; stdDev/average=2.26521e-06
[LatticeStatistics] step=2100; t=0.035; uMax=0; avEnergy=0; avRho=0.0593025
[Timer] step=2100; percent=0.291667; passedTime=4622.49; remTime=1.58023e+06; MLUPs=0.467564
[Timer] step=2100; percent=0.291667; passedTime=4622.49; remTime=1.58023e+06; MLUPs=0.467564
[LatticeStatistics] step=2120; t=0.0353333; uMax=0; avEnergy=0; avRho=0.0593025
[Timer] step=2120; percent=0.294444; passedTime=4666.53; remTime=1.58019e+06; MLUPs=0.467861
[Timer] step=2120; percent=0.294444; passedTime=4666.53; remTime=1.58019e+06; MLUPs=0.467861
[LatticeStatistics] step=2140; t=0.0356667; uMax=0; avEnergy=0; avRho=0.0593025
[Timer] step=2140; percent=0.297222; passedTime=4710.54; remTime=1.58014e+06; MLUPs=0.468255
[Timer] step=2140; percent=0.297222; passedTime=4710.54; remTime=1.58014e+06; MLUPs=0.468255
[LatticeStatistics] step=2160; t=0.036; uMax=0; avEnergy=0; avRho=0.0593025
[Timer] step=2160; percent=0.3; passedTime=4754.52; remTime=1.58009e+06; MLUPs=0.468553
[Timer] step=2160; percent=0.3; passedTime=4754.52; remTime=1.58009e+06; MLUPs=0.468553
[LatticeStatistics] step=2180; t=0.0363333; uMax=0; avEnergy=0; avRho=0.0593026
[Timer] step=2180; percent=0.302778; passedTime=4798.51; remTime=1.58003e+06; MLUPs=0.468404
[Timer] step=2180; percent=0.302778; passedTime=4798.51; remTime=1.58003e+06; MLUPs=0.468404
[LatticeStatistics] step=2200; t=0.0366667; uMax=0; avEnergy=0; avRho=0.0593026
[Timer] step=2200; percent=0.305556; passedTime=4842.51; remTime=1.57998e+06; MLUPs=0.468383
[Timer] step=2200; percent=0.305556; passedTime=4842.51; remTime=1.57998e+06; MLUPs=0.468383
[LatticeStatistics] step=2220; t=0.037; uMax=0; avEnergy=0; avRho=0.0593026
[Timer] step=2220; percent=0.308333; passedTime=4886.5; remTime=1.57993e+06; MLUPs=0.468319
[Timer] step=2220; percent=0.308333; passedTime=4886.5; remTime=1.57993e+06; MLUPs=0.468319
[LatticeStatistics] step=2240; t=0.0373333; uMax=0; avEnergy=0; avRho=0.0593026
[Timer] step=2240; percent=0.311111; passedTime=4930.57; remTime=1.5799e+06; MLUPs=0.467628
[Timer] step=2240; percent=0.311111; passedTime=4930.57; remTime=1.5799e+06; MLUPs=0.467628
[ValueTracer] average=0.0593025; stdDev/average=8.94086e-07
[LatticeStatistics] step=2260; t=0.0376667; uMax=0; avEnergy=0; avRho=0.0593026
[Timer] step=2260; percent=0.313889; passedTime=4974.56; remTime=1.57984e+06; MLUPs=0.468425
[Timer] step=2260; percent=0.313889; passedTime=4974.56; remTime=1.57984e+06; MLUPs=0.468425
[LatticeStatistics] step=2280; t=0.038; uMax=0; avEnergy=0; avRho=0.0593026
[Timer] step=2280; percent=0.316667; passedTime=5018.54; remTime=1.57978e+06; MLUPs=0.4685
[Timer] step=2280; percent=0.316667; passedTime=5018.54; remTime=1.57978e+06; MLUPs=0.4685
[LatticeStatistics] step=2300; t=0.0383333; uMax=0; avEnergy=0; avRho=0.0593026
[Timer] step=2300; percent=0.319444; passedTime=5062.5; remTime=1.57972e+06; MLUPs=0.468787
[Timer] step=2300; percent=0.319444; passedTime=5062.5; remTime=1.57972e+06; MLUPs=0.468787
[LatticeStatistics] step=2320; t=0.0386667; uMax=0; avEnergy=0; avRho=0.0593026
[Timer] step=2320; percent=0.322222; passedTime=5106.52; remTime=1.57968e+06; MLUPs=0.468031
[Timer] step=2320; percent=0.322222; passedTime=5106.52; remTime=1.57968e+06; MLUPs=0.468031
[LatticeStatistics] step=2340; t=0.039; uMax=0; avEnergy=0; avRho=0.0593027
[Timer] step=2340; percent=0.325; passedTime=5150.52; remTime=1.57963e+06; MLUPs=0.468319
[Timer] step=2340; percent=0.325; passedTime=5150.52; remTime=1.57963e+06; MLUPs=0.468319
[LatticeStatistics] step=2360; t=0.0393333; uMax=0; avEnergy=0; avRho=0.0593027
[Timer] step=2360; percent=0.327778; passedTime=5194.57; remTime=1.57959e+06; MLUPs=0.467798
[Timer] step=2360; percent=0.327778; passedTime=5194.57; remTime=1.57959e+06; MLUPs=0.467798
[LatticeStatistics] step=2380; t=0.0396667; uMax=0; avEnergy=0; avRho=0.0593027
[Timer] step=2380; percent=0.330556; passedTime=5238.52; remTime=1.57952e+06; MLUPs=0.468883
[Timer] step=2380; percent=0.330556; passedTime=5238.52; remTime=1.57952e+06; MLUPs=0.468883
[LatticeStatistics] step=2400; t=0.04; uMax=0; avEnergy=0; avRho=0.0593027
[Timer] step=2400; percent=0.333333; passedTime=5282.45; remTime=1.57945e+06; MLUPs=0.469054
[Timer] step=2400; percent=0.333333; passedTime=5282.45; remTime=1.57945e+06; MLUPs=0.469054
[ValueTracer] average=0.0593026; stdDev/average=3.52899e-07
[LatticeStatistics] step=2420; t=0.0403333; uMax=0; avEnergy=0; avRho=0.0593027
[Timer] step=2420; percent=0.336111; passedTime=5326.44; remTime=1.5794e+06; MLUPs=0.468436
[Timer] step=2420; percent=0.336111; passedTime=5326.44; remTime=1.5794e+06; MLUPs=0.468436
[LatticeStatistics] step=2440; t=0.0406667; uMax=0; avEnergy=0; avRho=0.0593027
[Timer] step=2440; percent=0.338889; passedTime=5370.44; remTime=1.57935e+06; MLUPs=0.468329
[Timer] step=2440; percent=0.338889; passedTime=5370.44; remTime=1.57935e+06; MLUPs=0.468329
[LatticeStatistics] step=2460; t=0.041; uMax=0; avEnergy=0; avRho=0.0593027
[Timer] step=2460; percent=0.341667; passedTime=5414.47; remTime=1.57931e+06; MLUPs=0.467968
[Timer] step=2460; percent=0.341667; passedTime=5414.47; remTime=1.57931e+06; MLUPs=0.467968
[LatticeStatistics] step=2480; t=0.0413333; uMax=0; avEnergy=0; avRho=0.0593027
[Timer] step=2480; percent=0.344444; passedTime=5458.5; remTime=1.57927e+06; MLUPs=0.467968
[Timer] step=2480; percent=0.344444; passedTime=5458.5; remTime=1.57927e+06; MLUPs=0.467968
[LatticeStatistics] step=2500; t=0.0416667; uMax=0; avEnergy=0; avRho=0.0593027
[Timer] step=2500; percent=0.347222; passedTime=5502.42; remTime=1.57919e+06; MLUPs=0.469225
[Timer] step=2500; percent=0.347222; passedTime=5502.42; remTime=1.57919e+06; MLUPs=0.469225
[LatticeStatistics] step=2520; t=0.042; uMax=0; avEnergy=0; avRho=0.0593027
[Timer] step=2520; percent=0.35; passedTime=5546.4; remTime=1.57914e+06; MLUPs=0.468574
[Timer] step=2520; percent=0.35; passedTime=5546.4; remTime=1.57914e+06; MLUPs=0.468574
[LatticeStatistics] step=2540; t=0.0423333; uMax=0; avEnergy=0; avRho=0.0593027
[Timer] step=2540; percent=0.352778; passedTime=5590.38; remTime=1.57909e+06; MLUPs=0.468436
[Timer] step=2540; percent=0.352778; passedTime=5590.38; remTime=1.57909e+06; MLUPs=0.468436
[LatticeStatistics] step=2560; t=0.0426667; uMax=0; avEnergy=0; avRho=0.0593027
[Timer] step=2560; percent=0.355556; passedTime=5634.33; remTime=1.57902e+06; MLUPs=0.468862
[Timer] step=2560; percent=0.355556; passedTime=5634.33; remTime=1.57902e+06; MLUPs=0.468862
[ValueTracer] average=0.0593027; stdDev/average=1.39291e-07
[LatticeStatistics] step=2580; t=0.043; uMax=0; avEnergy=0; avRho=0.0593027
[Timer] step=2580; percent=0.358333; passedTime=5678.26; remTime=1.57895e+06; MLUPs=0.469065
[Timer] step=2580; percent=0.358333; passedTime=5678.26; remTime=1.57895e+06; MLUPs=0.469065
[LatticeStatistics] step=2600; t=0.0433333; uMax=0; avEnergy=0; avRho=0.0593027
[Timer] step=2600; percent=0.361111; passedTime=5722.29; remTime=1.57891e+06; MLUPs=0.468021
[Timer] step=2600; percent=0.361111; passedTime=5722.29; remTime=1.57891e+06; MLUPs=0.468021
[LatticeStatistics] step=2620; t=0.0436667; uMax=0; avEnergy=0; avRho=0.0593027
[Timer] step=2620; percent=0.363889; passedTime=5766.24; remTime=1.57885e+06; MLUPs=0.468873
[Timer] step=2620; percent=0.363889; passedTime=5766.24; remTime=1.57885e+06; MLUPs=0.468873
[LatticeStatistics] step=2640; t=0.044; uMax=0; avEnergy=0; avRho=0.0593027
[Timer] step=2640; percent=0.366667; passedTime=5810.25; remTime=1.5788e+06; MLUPs=0.468223
[Timer] step=2640; percent=0.366667; passedTime=5810.25; remTime=1.5788e+06; MLUPs=0.468223
[LatticeStatistics] step=2660; t=0.0443333; uMax=0; avEnergy=0; avRho=0.0593027
[Timer] step=2660; percent=0.369444; passedTime=5854.37; remTime=1.57879e+06; MLUPs=0.467013
[Timer] step=2660; percent=0.369444; passedTime=5854.37; remTime=1.57879e+06; MLUPs=0.467013
[LatticeStatistics] step=2680; t=0.0446667; uMax=0; avEnergy=0; avRho=0.0593027
[Timer] step=2680; percent=0.372222; passedTime=5898.53; remTime=1.57878e+06; MLUPs=0.466632
[Timer] step=2680; percent=0.372222; passedTime=5898.53; remTime=1.57878e+06; MLUPs=0.466632
[LatticeStatistics] step=2700; t=0.045; uMax=0; avEnergy=0; avRho=0.0593027
[Timer] step=2700; percent=0.375; passedTime=5942.72; remTime=1.57878e+06; MLUPs=0.466305
[Timer] step=2700; percent=0.375; passedTime=5942.72; remTime=1.57878e+06; MLUPs=0.466305
[LatticeStatistics] step=2720; t=0.0453333; uMax=0; avEnergy=0; avRho=0.0593027
[Timer] step=2720; percent=0.377778; passedTime=5986.95; remTime=1.57879e+06; MLUPs=0.465883
[Timer] step=2720; percent=0.377778; passedTime=5986.95; remTime=1.57879e+06; MLUPs=0.465883
[ValueTracer] average=0.0593027; stdDev/average=5.49787e-08
[LatticeStatistics] step=2740; t=0.0456667; uMax=0; avEnergy=0; avRho=0.0593027
[Timer] step=2740; percent=0.380556; passedTime=6030.99; remTime=1.57875e+06; MLUPs=0.467925
[Timer] step=2740; percent=0.380556; passedTime=6030.99; remTime=1.57875e+06; MLUPs=0.467925
[LatticeStatistics] step=2760; t=0.046; uMax=0; avEnergy=0; avRho=0.0593027
[Timer] step=2760; percent=0.383333; passedTime=6075.01; remTime=1.57871e+06; MLUPs=0.468053
[Timer] step=2760; percent=0.383333; passedTime=6075.01; remTime=1.57871e+06; MLUPs=0.468053
[LatticeStatistics] step=2780; t=0.0463333; uMax=0; avEnergy=0; avRho=0.0593027
[Timer] step=2780; percent=0.386111; passedTime=6118.97; remTime=1.57865e+06; MLUPs=0.468723
[Timer] step=2780; percent=0.386111; passedTime=6118.97; remTime=1.57865e+06; MLUPs=0.468723
[LatticeStatistics] step=2800; t=0.0466667; uMax=0; avEnergy=0; avRho=0.0593027
[Timer] step=2800; percent=0.388889; passedTime=6162.98; remTime=1.5786e+06; MLUPs=0.468212
[Timer] step=2800; percent=0.388889; passedTime=6162.98; remTime=1.5786e+06; MLUPs=0.468212
[LatticeStatistics] step=2820; t=0.047; uMax=0; avEnergy=0; avRho=0.0593027
[Timer] step=2820; percent=0.391667; passedTime=6206.97; remTime=1.57855e+06; MLUPs=0.468521
[Timer] step=2820; percent=0.391667; passedTime=6206.97; remTime=1.57855e+06; MLUPs=0.468521
[LatticeStatistics] step=2840; t=0.0473333; uMax=0; avEnergy=0; avRho=0.0593027
[Timer] step=2840; percent=0.394444; passedTime=6251.03; remTime=1.57852e+06; MLUPs=0.467628
[Timer] step=2840; percent=0.394444; passedTime=6251.03; remTime=1.57852e+06; MLUPs=0.467628
[LatticeStatistics] step=2860; t=0.0476667; uMax=0; avEnergy=0; avRho=0.0593027
[Timer] step=2860; percent=0.397222; passedTime=6295; remTime=1.57846e+06; MLUPs=0.468606
[Timer] step=2860; percent=0.397222; passedTime=6295; remTime=1.57846e+06; MLUPs=0.468606
[LatticeStatistics] step=2880; t=0.048; uMax=0; avEnergy=0; avRho=0.0593027
[Timer] step=2880; percent=0.4; passedTime=6338.98; remTime=1.57841e+06; MLUPs=0.46851
[Timer] step=2880; percent=0.4; passedTime=6338.98; remTime=1.57841e+06; MLUPs=0.46851
[ValueTracer] average=0.0593027; stdDev/average=2.17003e-08
[LatticeStatistics] step=2900; t=0.0483333; uMax=0; avEnergy=0; avRho=0.0593027
[Timer] step=2900; percent=0.402778; passedTime=6382.97; remTime=1.57835e+06; MLUPs=0.468521
[Timer] step=2900; percent=0.402778; passedTime=6382.97; remTime=1.57835e+06; MLUPs=0.468521
[LatticeStatistics] step=2920; t=0.0486667; uMax=0; avEnergy=0; avRho=0.0593027
[Timer] step=2920; percent=0.405556; passedTime=6426.9; remTime=1.57829e+06; MLUPs=0.46899
[Timer] step=2920; percent=0.405556; passedTime=6426.9; remTime=1.57829e+06; MLUPs=0.46899
[LatticeStatistics] step=2940; t=0.049; uMax=0; avEnergy=0; avRho=0.0593027
[Timer] step=2940; percent=0.408333; passedTime=6470.9; remTime=1.57824e+06; MLUPs=0.468351
[Timer] step=2940; percent=0.408333; passedTime=6470.9; remTime=1.57824e+06; MLUPs=0.468351
[LatticeStatistics] step=2960; t=0.0493333; uMax=0; avEnergy=0; avRho=0.0593027
[Timer] step=2960; percent=0.411111; passedTime=6514.93; remTime=1.5782e+06; MLUPs=0.468
[Timer] step=2960; percent=0.411111; passedTime=6514.93; remTime=1.5782e+06; MLUPs=0.468
[LatticeStatistics] step=2980; t=0.0496667; uMax=0; avEnergy=0; avRho=0.0593027
[Timer] step=2980; percent=0.413889; passedTime=6558.9; remTime=1.57814e+06; MLUPs=0.468628
[Timer] step=2980; percent=0.413889; passedTime=6558.9; remTime=1.57814e+06; MLUPs=0.468628
[LatticeStatistics] step=3000; t=0.05; uMax=0; avEnergy=0; avRho=0.0593027
[Timer] step=3000; percent=0.416667; passedTime=6602.92; remTime=1.5781e+06; MLUPs=0.468063
[Timer] step=3000; percent=0.416667; passedTime=6602.92; remTime=1.5781e+06; MLUPs=0.468063
[main] Simulation converged. -- 3014
[main] ------3014
[main] Simulation converged. -- 3014
[main] ./100case30_mcHardy/100case30.csv
0.000, 1.000000e+00, 0.000000e+00, 0.000000e+00, 0.000000e+00, 0.000000e+00, 0.000000e+00
0.010, 2.404417e+00, 8.717587e-02, 2.317369e-02, 3.284975e-01, 2.775558e-17, -2.775558e-17
0.020, 2.391189e+00, 1.036284e-01, 2.826165e-02, 3.807112e-01, 3.469447e-18, -3.816392e-17
0.030, 2.340652e+00, 1.183800e-01, 3.303726e-02, 4.132826e-01, -1.387779e-17, -1.387779e-17
0.040, 2.262515e+00, 1.316024e-01, 3.750725e-02, 4.307724e-01, -6.938894e-18, -1.387779e-17
0.050, 2.165415e+00, 1.433418e-01, 4.167521e-02, 4.362209e-01, 2.081668e-17, -1.387779e-17
0.060, 2.055351e+00, 1.537086e-01, 4.554149e-02, 4.327068e-01, 1.387779e-17, -2.081668e-17
0.070, 1.937955e+00, 1.627180e-01, 4.910716e-02, 4.221368e-01, 2.081668e-17, -4.163336e-17
0.080, 1.816687e+00, 1.704521e-01, 5.237230e-02, 4.066014e-01, 1.387779e-17, 2.081668e-17
0.090, 1.695166e+00, 1.769324e-01, 5.533929e-02, 3.872702e-01, 0.000000e+00, 6.938894e-18
0.100, 1.575162e+00, 1.822461e-01, 5.801053e-02, 3.655704e-01, 2.775558e-17, -2.775558e-17
0.110, 1.458969e+00, 1.864215e-01, 6.039085e-02, 3.421915e-01, 1.387779e-17, -2.775558e-17
0.120, 1.341341e+00, 1.894734e-01, 6.247718e-02, 3.120062e-01, 0.000000e+00, 1.387779e-17
0.130, 1.232617e+00, 1.915512e-01, 6.428572e-02, 2.839486e-01, 1.040834e-17, 1.040834e-17
0.140, 1.132268e+00, 1.927495e-01, 6.582506e-02, 2.577914e-01, -6.938894e-18, 3.469447e-18
0.150, 1.040433e+00, 1.931091e-01, 6.710759e-02, 2.338999e-01, -1.040834e-17, 6.938894e-18
0.160, 9.563570e-01, 1.931362e-01, 6.814245e-02, 2.119815e-01, 6.938894e-18, -6.938894e-18
0.170, 8.797723e-01, 1.922775e-01, 6.894095e-02, 1.921371e-01, 3.469447e-18, 3.469447e-18
0.180, 8.099362e-01, 1.906643e-01, 6.951419e-02, 1.740970e-01, 3.469447e-18, 3.469447e-18
0.190, 7.464427e-01, 1.883707e-01, 6.987446e-02, 1.578424e-01, -3.469447e-18, -1.734723e-17
0.200, 6.886361e-01, 1.855136e-01, 7.003341e-02, 1.431445e-01, 1.387779e-17, -3.469447e-18
0.210, 6.360905e-01, 1.821700e-01, 7.000351e-02, 1.299345e-01, 6.938894e-18, -6.938894e-18
0.220, 5.882537e-01, 1.784336e-01, 6.979729e-02, 1.180255e-01, 1.040834e-17, 6.938894e-18
0.230, 5.447357e-01, 1.743720e-01, 6.942764e-02, 1.073370e-01, 1.040834e-17, 1.040834e-17
0.240, 5.050798e-01, 1.700588e-01, 6.890721e-02, 9.771631e-02, 6.938894e-18, 6.938894e-18
0.250, 4.689399e-01, 1.655493e-01, 6.824862e-02, 8.907801e-02, 1.040834e-17, -1.040834e-17
0.260, 4.359481e-01, 1.608993e-01, 6.746426e-02, 8.130209e-02, 6.938894e-18, -1.040834e-17
0.270, 4.058134e-01, 1.561513e-01, 6.656622e-02, 7.431229e-02, 6.938894e-18, 0.000000e+00
0.280, 3.782413e-01, 1.513476e-01, 6.557410e-02, 6.801464e-02, 6.938894e-18, -6.938894e-18
0.290, 3.529918e-01, 1.465208e-01, 6.449352e-02, 6.234421e-02, 1.387779e-17, 3.469447e-18
0.300, 3.298301e-01, 1.417014e-01, 6.332694e-02, 5.722768e-02, 0.000000e+00, 0.000000e+00
0.310, 3.085605e-01, 1.369128e-01, 6.208599e-02, 5.261119e-02, 6.938894e-18, 0.000000e+00
0.320, 2.889960e-01, 1.321763e-01, 6.078162e-02, 4.843759e-02, 6.938894e-18, 3.469447e-18
0.330, 2.709779e-01, 1.275082e-01, 5.942448e-02, 4.466293e-02, -6.938894e-18, -3.469447e-18
0.340, 2.543572e-01, 1.229228e-01, 5.802433e-02, 4.124284e-02, 0.000000e+00, -6.938894e-18
0.350, 2.390055e-01, 1.184307e-01, 5.659040e-02, 3.814159e-02, -2.775558e-17, -6.938894e-18
0.360, 2.248039e-01, 1.140410e-01, 5.513101e-02, 3.532451e-02, 0.000000e+00, 0.000000e+00
0.370, 2.116485e-01, 1.097588e-01, 5.365386e-02, 3.276303e-02, -1.387779e-17, -3.469447e-18
0.380, 1.994442e-01, 1.055914e-01, 5.216583e-02, 3.042999e-02, -6.938894e-18, 6.938894e-18
0.390, 1.881071e-01, 1.015420e-01, 5.067316e-02, 2.830261e-02, -6.938894e-18, -6.938894e-18
0.400, 1.775605e-01, 9.761298e-02, 4.918138e-02, 2.635956e-02, 1.387779e-17, 6.938894e-18
0.410, 1.677366e-01, 9.380524e-02, 4.769547e-02, 2.458269e-02, 1.387779e-17, -6.938894e-18
0.420, 1.585735e-01, 9.011910e-02, 4.621980e-02, 2.295518e-02, 0.000000e+00, -6.938894e-18
0.430, 1.500159e-01, 8.655392e-02, 4.475819e-02, 2.146256e-02, 1.734723e-17, -1.387779e-17
0.440, 1.420138e-01, 8.310863e-02, 4.331396e-02, 2.009155e-02, 2.775558e-17, 6.938894e-18
0.450, 1.345220e-01, 7.978152e-02, 4.188998e-02, 1.883057e-02, 0.000000e+00, -6.938894e-18
0.460, 1.274995e-01, 7.657062e-02, 4.048870e-02, 1.766909e-02, 1.387779e-17, 0.000000e+00
0.470, 1.209096e-01, 7.347352e-02, 3.911219e-02, 1.659786e-02, 1.387779e-17, -6.938894e-18
0.480, 1.147185e-01, 7.048765e-02, 3.776215e-02, 1.560846e-02, 1.387779e-17, 0.000000e+00
0.490, 1.088959e-01, 6.761019e-02, 3.643997e-02, 1.469348e-02, 0.000000e+00, 3.469447e-18
0.500, 1.034141e-01, 6.483820e-02, 3.514680e-02, 1.384617e-02, 3.469447e-18, 1.040834e-17
0.510, 9.824800e-02, 6.216863e-02, 3.388354e-02, 1.306058e-02, -1.040834e-17, 1.734723e-17
0.520, 9.337452e-02, 5.959836e-02, 3.265084e-02, 1.233127e-02, 1.387779e-17, 0.000000e+00
0.530, 8.877276e-02, 5.712423e-02, 3.144913e-02, 1.165344e-02, 1.387779e-17, 1.387779e-17
0.540, 8.442356e-02, 5.474306e-02, 3.027869e-02, 1.102269e-02, -1.387779e-17, -6.938894e-18
0.550, 8.030939e-02, 5.245168e-02, 2.913961e-02, 1.043512e-02, 1.387779e-17, 0.000000e+00
0.560, 7.641416e-02, 5.024693e-02, 2.803187e-02, 9.887172e-03, 0.000000e+00, 0.000000e+00
0.570, 7.272313e-02, 4.812569e-02, 2.695531e-02, 9.375656e-03, 1.040834e-17, 1.040834e-17
0.580, 6.922272e-02, 4.608488e-02, 2.590967e-02, 8.897677e-03, 1.387779e-17, 1.063113e-31
0.590, 6.590043e-02, 4.412148e-02, 2.489459e-02, 8.450622e-03, -1.387779e-17, -6.938894e-18
0.600, 6.274473e-02, 4.223251e-02, 2.390965e-02, 8.032119e-03, 0.000000e+00, 2.081668e-17
0.610, 5.974500e-02, 4.041508e-02, 2.295433e-02, 7.640022e-03, 0.000000e+00, 1.387779e-17
0.620, 5.689137e-02, 3.866633e-02, 2.202808e-02, 7.272375e-03, 1.387779e-17, 0.000000e+00
0.630, 5.417475e-02, 3.698352e-02, 2.113028e-02, 6.927406e-03, 0.000000e+00, 0.000000e+00
0.640, 5.158666e-02, 3.536395e-02, 2.026028e-02, 6.603499e-03, -1.387779e-17, -6.938894e-18
0.650, 4.911925e-02, 3.380500e-02, 1.941739e-02, 6.299184e-03, 0.000000e+00, -6.938894e-18
0.660, 4.676522e-02, 3.230413e-02, 1.860090e-02, 6.013116e-03, 0.000000e+00, -1.387779e-17
0.670, 4.451775e-02, 3.085887e-02, 1.781006e-02, 5.744072e-03, 0.000000e+00, 0.000000e+00
0.680, 4.237049e-02, 2.946682e-02, 1.704412e-02, 5.490929e-03, -1.387779e-17, -6.938894e-18
0.690, 4.031751e-02, 2.812567e-02, 1.630231e-02, 5.252663e-03, 1.387779e-17, 6.938894e-18
0.700, 3.835325e-02, 2.683317e-02, 1.558384e-02, 5.028335e-03, 1.540744e-31, 7.703720e-32
0.710, 3.647250e-02, 2.558713e-02, 1.488793e-02, 4.817083e-03, -1.387779e-17, -6.938894e-18
0.720, 3.467039e-02, 2.438546e-02, 1.421379e-02, 4.618118e-03, 0.000000e+00, 0.000000e+00
0.730, 3.294231e-02, 2.322609e-02, 1.356063e-02, 4.430715e-03, -2.775558e-17, -1.387779e-17
0.740, 3.128394e-02, 2.210706e-02, 1.292766e-02, 4.254207e-03, 1.387779e-17, 0.000000e+00
0.750, 2.969122e-02, 2.102644e-02, 1.231408e-02, 4.087981e-03, 6.938894e-18, 0.000000e+00
0.760, 2.816029e-02, 1.998236e-02, 1.171913e-02, 3.931474e-03, 0.000000e+00, 1.387779e-17
0.770, 2.668752e-02, 1.897304e-02, 1.114202e-02, 3.784168e-03, 1.387779e-17, 2.081668e-17
0.780, 2.526946e-02, 1.799672e-02, 1.058199e-02, 3.645586e-03, -1.387779e-17, 0.000000e+00
0.790, 2.390283e-02, 1.705172e-02, 1.003827e-02, 3.515289e-03, 0.000000e+00, 6.938894e-18
0.800, 2.258454e-02, 1.613639e-02, 9.510104e-03, 3.392874e-03, 0.000000e+00, -6.938894e-18
0.810, 2.131162e-02, 1.524912e-02, 8.996758e-03, 3.277971e-03, -1.387779e-17, -6.938894e-18
0.820, 2.008125e-02, 1.438837e-02, 8.497491e-03, 3.170241e-03, 1.540744e-31, -6.938894e-18
0.830, 1.889073e-02, 1.355263e-02, 8.011577e-03, 3.069372e-03, -1.387779e-17, 0.000000e+00
0.840, 1.773746e-02, 1.274041e-02, 7.538297e-03, 2.975082e-03, 1.387779e-17, 0.000000e+00
0.850, 1.661897e-02, 1.195027e-02, 7.076938e-03, 2.887115e-03, 1.387779e-17, 6.938894e-18
0.860, 1.553285e-02, 1.118081e-02, 6.626798e-03, 2.805238e-03, 1.387779e-17, 0.000000e+00
0.870, 1.447679e-02, 1.043064e-02, 6.187176e-03, 2.729245e-03, 1.387779e-17, 6.938894e-18
0.880, 1.344854e-02, 9.698397e-03, 5.757165e-03, 2.658954e-03, 0.000000e+00, 0.000000e+00
0.890, 1.244591e-02, 8.982734e-03, 5.335945e-03, 2.594207e-03, 0.000000e+00, -6.938894e-18
0.900, 1.146676e-02, 8.282318e-03, 4.923021e-03, 2.534873e-03, 1.387779e-17, 6.938894e-18
0.910, 1.050898e-02, 7.595820e-03, 4.517674e-03, 2.480847e-03, -2.775558e-17, -6.938894e-18
0.920, 9.570490e-03, 6.921910e-03, 4.119185e-03, 2.432052e-03, 1.387779e-17, 0.000000e+00
0.930, 8.649205e-03, 6.259245e-03, 3.726815e-03, 2.388443e-03, 2.775558e-17, -6.938894e-18
0.940, 7.743041e-03, 5.606462e-03, 3.339813e-03, 2.350007e-03, 2.775558e-17, 6.938894e-18
0.950, 6.849886e-03, 4.962169e-03, 2.957395e-03, 2.316771e-03, 1.387779e-17, 0.000000e+00
0.960, 5.967582e-03, 4.324922e-03, 2.578752e-03, 2.288803e-03, 1.387779e-17, 0.000000e+00
0.970, 5.093905e-03, 3.693222e-03, 2.203027e-03, 2.266219e-03, -1.387779e-17, 0.000000e+00
0.980, 4.226540e-03, 3.065486e-03, 1.829315e-03, 2.249190e-03, 0.000000e+00, 0.000000e+00
0.990, 3.363057e-03, 2.440037e-03, 1.456637e-03, 2.237946e-03, 0.000000e+00, -1.387779e-17
1.000, 0.000000e+00, 0.000000e+00, 0.000000e+00, 0.000000e+00, 0.000000e+00, 0.000000e+00
[Timer] 
[Timer] ----------------Summary:Timer----------------
[Timer] measured time (rt) : 6635.162s
[Timer] measured time (cpu): 6633.960s
[Timer] average MLUPs :       0.466
[Timer] average MLUPps:       0.466
[Timer] ---------------------------------------------
