1
node18
[MpiManager] Sucessfully initialized, numThreads=1
[Directories] Directory ./100case23_mink/ created.
[Directories] Directory ./100case23_mink/imageData/ created.
[Directories] Directory ./100case23_mink/imageData/data/ created.
[Directories] Directory ./100case23_mink/vtkData/ created.
[Directories] Directory ./100case23_mink/vtkData/data/ created.
[Directories] Directory ./100case23_mink/gnuplotData/ created.
[Directories] Directory ./100case23_mink/gnuplotData/data/ created.
[main] case23
[main] omega = .... 1
[main] omega 1
[main] working with diffuse approximation
[main] omega=1
[main] latticeSink=0.00162
[RadiativeUnitConverter] ----------------- UnitConverter information -----------------
[RadiativeUnitConverter] -- Parameters:
[RadiativeUnitConverter] Resolution:                       N=              100
[RadiativeUnitConverter] Lattice relaxation frequency:     omega=          1
[RadiativeUnitConverter] Lattice relaxation time:          tau=            1
[RadiativeUnitConverter] Characteristical length(m):       charL=          1
[RadiativeUnitConverter] Phys. density(kg/m^d):            charRho=        1
[RadiativeUnitConverter] Phys. absorption(1/m):            mu_a=           3.6
[RadiativeUnitConverter] Phys. scattering(1/m):            mu_s=           8.4
[RadiativeUnitConverter] Extinction(1/m):                  mu_t=           12
[RadiativeUnitConverter] Effective attenuation(1/m):       mu_eff=         11.3842
[RadiativeUnitConverter] Phys. diffusion(m):               D=              0.0277778
[RadiativeUnitConverter] Single scattering albedo:         albedo=         0.7
[RadiativeUnitConverter] Anisotropy factor:                g=              0
[RadiativeUnitConverter] 
[RadiativeUnitConverter] Lattice diffusion:                D^*=            2.77778
[RadiativeUnitConverter] Lattice absorption:               absorption=     0.036
[RadiativeUnitConverter] Lattice scattering:               scattering=     0.084
[RadiativeUnitConverter] Lattice sink:                     sink=           0.00162
[RadiativeUnitConverter] C_R: 1
[RadiativeUnitConverter] r_F: 1.83486
[RadiativeUnitConverter] 
[RadiativeUnitConverter] -- Conversion factors:
[RadiativeUnitConverter] Voxel length(m):                  physDeltaX=     0.01
[RadiativeUnitConverter] Time step(s):                     physDeltaT=     1.25e-05
[RadiativeUnitConverter] Density factor(kg/m^3):           physDensity=    1
[RadiativeUnitConverter] -------------------------------------------------------------
[prepareGeometryCube] Prepare cubeGeometry ...
[SuperGeometry3D] cleaned 0 outer boundary voxel(s)
[SuperGeometry3D] cleaned 0 inner boundary voxel(s)
[SuperGeometry3D] the model is correct!
[CuboidGeometry3D] ---Cuboid Stucture Statistics---
[CuboidGeometry3D]  Number of Cuboids: 	2
[CuboidGeometry3D]  Delta  (min): 		0.01
[CuboidGeometry3D]         (max): 		0.01
[CuboidGeometry3D]  Ratio  (min): 		0.49505
[CuboidGeometry3D]         (max): 		2.02
[CuboidGeometry3D]  Nodes  (min): 		510050
[CuboidGeometry3D]         (max): 		520251
[CuboidGeometry3D]  Weight (min): 		510050
[CuboidGeometry3D]         (max): 		520251
[CuboidGeometry3D] --------------------------------
[SuperGeometryStatistics3D] materialNumber=1; count=970299; minPhysR=(0.01,-0.49,-0.49); maxPhysR=(0.99,0.49,0.49)
[SuperGeometryStatistics3D] materialNumber=2; count=59561; minPhysR=(0,-0.5,-0.5); maxPhysR=(1,0.5,0.5)
[SuperGeometryStatistics3D] materialNumber=3; count=441; minPhysR=(0,-0.1,-0.1); maxPhysR=(0,0.1,0.1)
[prepareGeometryCube] Prepare cubeGeometry ... OK
[prepareLattice] Prepare Lattice ...
[prepareLattice] Prepare Lattice ... OK
[main] iT convergence criteria: 160
[LatticeStatistics] step=0; t=0; uMax=0; avEnergy=0; avRho=1
[Timer] step=0; percent=0; passedTime=6.94019e-313; remTime=0.001; MLUPs=0
[Timer] step=0; percent=0; passedTime=6.94019e-313; remTime=0.001; MLUPs=0
[ValueTracer] average=0.0015945; stdDev/average=0.285175
[LatticeStatistics] step=200; t=0.0025; uMax=0; avEnergy=0; avRho=0.00239551
[Timer] step=200; percent=0.0208333; passedTime=9.998; remTime=47980.4; MLUPs=20.6101
[Timer] step=200; percent=0.0208333; passedTime=9.998; remTime=47980.4; MLUPs=20.6101
[ValueTracer] average=0.00254387; stdDev/average=0.0691241
[LatticeStatistics] step=400; t=0.005; uMax=0; avEnergy=0; avRho=0.00301919
[Timer] step=400; percent=0.0416667; passedTime=19.797; remTime=47493; MLUPs=21.0266
[Timer] step=400; percent=0.0416667; passedTime=19.797; remTime=47493; MLUPs=21.0266
[ValueTracer] average=0.00301343; stdDev/average=0.0345951
[LatticeStatistics] step=600; t=0.0075; uMax=0; avEnergy=0; avRho=0.00336389
[Timer] step=600; percent=0.0625; passedTime=29.545; remTime=47242.5; MLUPs=21.1387
[Timer] step=600; percent=0.0625; passedTime=29.545; remTime=47242.5; MLUPs=21.1387
[ValueTracer] average=0.0033053; stdDev/average=0.0205071
[LatticeStatistics] step=800; t=0.01; uMax=0; avEnergy=0; avRho=0.00357333
[Timer] step=800; percent=0.0833333; passedTime=39.333; remTime=47160.3; MLUPs=21.0502
[Timer] step=800; percent=0.0833333; passedTime=39.333; remTime=47160.3; MLUPs=21.0502
[ValueTracer] average=0.00349916; stdDev/average=0.0131418
[ValueTracer] average=0.00363222; stdDev/average=0.00879223
[LatticeStatistics] step=1000; t=0.0125; uMax=0; avEnergy=0; avRho=0.00370593
[Timer] step=1000; percent=0.104167; passedTime=49.081; remTime=47068.7; MLUPs=21.1365
[Timer] step=1000; percent=0.104167; passedTime=49.081; remTime=47068.7; MLUPs=21.1365
[ValueTracer] average=0.00372527; stdDev/average=0.0060367
[LatticeStatistics] step=1200; t=0.015; uMax=0; avEnergy=0; avRho=0.00379168
[Timer] step=1200; percent=0.125; passedTime=58.865; remTime=47033.1; MLUPs=21.0609
[Timer] step=1200; percent=0.125; passedTime=58.865; remTime=47033.1; MLUPs=21.0609
[ValueTracer] average=0.00379108; stdDev/average=0.00421343
[LatticeStatistics] step=1400; t=0.0175; uMax=0; avEnergy=0; avRho=0.0038478
[Timer] step=1400; percent=0.145833; passedTime=68.614; remTime=46981; MLUPs=21.1365
[Timer] step=1400; percent=0.145833; passedTime=68.614; remTime=46981; MLUPs=21.1365
[ValueTracer] average=0.00383795; stdDev/average=0.00297283
[LatticeStatistics] step=1600; t=0.02; uMax=0; avEnergy=0; avRho=0.00388477
[Timer] step=1600; percent=0.166667; passedTime=78.358; remTime=46936.4; MLUPs=21.1474
[Timer] step=1600; percent=0.166667; passedTime=78.358; remTime=46936.4; MLUPs=21.1474
[ValueTracer] average=0.00387149; stdDev/average=0.00211299
[ValueTracer] average=0.00389557; stdDev/average=0.00150958
[LatticeStatistics] step=1800; t=0.0225; uMax=0; avEnergy=0; avRho=0.00390924
[Timer] step=1800; percent=0.1875; passedTime=88.108; remTime=46902.8; MLUPs=21.1322
[Timer] step=1800; percent=0.1875; passedTime=88.108; remTime=46902.8; MLUPs=21.1322
[ValueTracer] average=0.00391289; stdDev/average=0.00108247
[LatticeStatistics] step=2000; t=0.025; uMax=0; avEnergy=0; avRho=0.00392549
[Timer] step=2000; percent=0.208333; passedTime=97.901; remTime=46894.6; MLUPs=21.0437
[Timer] step=2000; percent=0.208333; passedTime=97.901; remTime=46894.6; MLUPs=21.0437
[ValueTracer] average=0.00392538; stdDev/average=0.00077833
[LatticeStatistics] step=2200; t=0.0275; uMax=0; avEnergy=0; avRho=0.0039363
[Timer] step=2200; percent=0.229167; passedTime=107.646; remTime=46865.2; MLUPs=21.1452
[Timer] step=2200; percent=0.229167; passedTime=107.646; remTime=46865.2; MLUPs=21.1452
[ValueTracer] average=0.00393439; stdDev/average=0.000560798
[LatticeStatistics] step=2400; t=0.03; uMax=0; avEnergy=0; avRho=0.0039435
[Timer] step=2400; percent=0.25; passedTime=117.383; remTime=46835.8; MLUPs=21.1604
[Timer] step=2400; percent=0.25; passedTime=117.383; remTime=46835.8; MLUPs=21.1604
[ValueTracer] average=0.00394091; stdDev/average=0.000404712
[ValueTracer] average=0.00394561; stdDev/average=0.000292439
[LatticeStatistics] step=2600; t=0.0325; uMax=0; avEnergy=0; avRho=0.0039483
[Timer] step=2600; percent=0.270833; passedTime=127.12; remTime=46809.5; MLUPs=21.1604
[Timer] step=2600; percent=0.270833; passedTime=127.12; remTime=46809.5; MLUPs=21.1604
[ValueTracer] average=0.00394902; stdDev/average=0.000211529
[LatticeStatistics] step=2800; t=0.035; uMax=0; avEnergy=0; avRho=0.00395151
[Timer] step=2800; percent=0.291667; passedTime=136.86; remTime=46786.6; MLUPs=21.1561
[Timer] step=2800; percent=0.291667; passedTime=136.86; remTime=46786.6; MLUPs=21.1561
[ValueTracer] average=0.00395149; stdDev/average=0.000153133
[LatticeStatistics] step=3000; t=0.0375; uMax=0; avEnergy=0; avRho=0.00395366
[Timer] step=3000; percent=0.3125; passedTime=146.606; remTime=46767.3; MLUPs=21.1431
[Timer] step=3000; percent=0.3125; passedTime=146.606; remTime=46767.3; MLUPs=21.1431
[ValueTracer] average=0.00395328; stdDev/average=0.000110935
[LatticeStatistics] step=3200; t=0.04; uMax=0; avEnergy=0; avRho=0.00395509
[Timer] step=3200; percent=0.333333; passedTime=156.394; remTime=46761.8; MLUPs=21.0502
[Timer] step=3200; percent=0.333333; passedTime=156.394; remTime=46761.8; MLUPs=21.0502
[ValueTracer] average=0.00395457; stdDev/average=8.04125e-05
[ValueTracer] average=0.00395551; stdDev/average=5.83163e-05
[LatticeStatistics] step=3400; t=0.0425; uMax=0; avEnergy=0; avRho=0.00395605
[Timer] step=3400; percent=0.354167; passedTime=166.136; remTime=46742.9; MLUPs=21.1496
[Timer] step=3400; percent=0.354167; passedTime=166.136; remTime=46742.9; MLUPs=21.1496
[ValueTracer] average=0.0039562; stdDev/average=4.23094e-05
[LatticeStatistics] step=3600; t=0.045; uMax=0; avEnergy=0; avRho=0.0039567
[Timer] step=3600; percent=0.375; passedTime=175.881; remTime=46725.7; MLUPs=21.1452
[Timer] step=3600; percent=0.375; passedTime=175.881; remTime=46725.7; MLUPs=21.1452
[ValueTracer] average=0.00395669; stdDev/average=3.0707e-05
[LatticeStatistics] step=3800; t=0.0475; uMax=0; avEnergy=0; avRho=0.00395713
[Timer] step=3800; percent=0.395833; passedTime=185.626; remTime=46709.4; MLUPs=21.1452
[Timer] step=3800; percent=0.395833; passedTime=185.626; remTime=46709.4; MLUPs=21.1452
[ValueTracer] average=0.00395705; stdDev/average=2.2293e-05
[LatticeStatistics] step=4000; t=0.05; uMax=0; avEnergy=0; avRho=0.00395742
[Timer] step=4000; percent=0.416667; passedTime=195.378; remTime=46695.3; MLUPs=21.1279
[Timer] step=4000; percent=0.416667; passedTime=195.378; remTime=46695.3; MLUPs=21.1279
[ValueTracer] average=0.00395731; stdDev/average=1.61886e-05
[ValueTracer] average=0.0039575; stdDev/average=1.17584e-05
[LatticeStatistics] step=4200; t=0.0525; uMax=0; avEnergy=0; avRho=0.00395761
[Timer] step=4200; percent=0.4375; passedTime=205.142; remTime=46684.5; MLUPs=21.1019
[Timer] step=4200; percent=0.4375; passedTime=205.142; remTime=46684.5; MLUPs=21.1019
[ValueTracer] average=0.00395764; stdDev/average=8.54213e-06
[LatticeStatistics] step=4400; t=0.055; uMax=0; avEnergy=0; avRho=0.00395774
[Timer] step=4400; percent=0.458333; passedTime=214.887; remTime=46669.5; MLUPs=21.1474
[Timer] step=4400; percent=0.458333; passedTime=214.887; remTime=46669.5; MLUPs=21.1474
[ValueTracer] average=0.00395774; stdDev/average=6.20662e-06
[LatticeStatistics] step=4600; t=0.0575; uMax=0; avEnergy=0; avRho=0.00395783
[Timer] step=4600; percent=0.479167; passedTime=224.673; remTime=46663.6; MLUPs=21.0566
[Timer] step=4600; percent=0.479167; passedTime=224.673; remTime=46663.6; MLUPs=21.0566
[ValueTracer] average=0.00395781; stdDev/average=4.51027e-06
[LatticeStatistics] step=4800; t=0.06; uMax=0; avEnergy=0; avRho=0.00395789
[Timer] step=4800; percent=0.5; passedTime=234.434; remTime=46652.4; MLUPs=21.1084
[Timer] step=4800; percent=0.5; passedTime=234.434; remTime=46652.4; MLUPs=21.1084
[ValueTracer] average=0.00395786; stdDev/average=3.27795e-06
[ValueTracer] average=0.0039579; stdDev/average=2.38257e-06
[LatticeStatistics] step=5000; t=0.0625; uMax=0; avEnergy=0; avRho=0.00395793
[Timer] step=5000; percent=0.520833; passedTime=244.204; remTime=46643; MLUPs=21.089
[Timer] step=5000; percent=0.520833; passedTime=244.204; remTime=46643; MLUPs=21.089
[ValueTracer] average=0.00395793; stdDev/average=1.73191e-06
[LatticeStatistics] step=5200; t=0.065; uMax=0; avEnergy=0; avRho=0.00395795
[Timer] step=5200; percent=0.541667; passedTime=253.952; remTime=46629.5; MLUPs=21.1409
[Timer] step=5200; percent=0.541667; passedTime=253.952; remTime=46629.5; MLUPs=21.1409
[ValueTracer] average=0.00395795; stdDev/average=1.25903e-06
[LatticeStatistics] step=5400; t=0.0675; uMax=0; avEnergy=0; avRho=0.00395797
[Timer] step=5400; percent=0.5625; passedTime=263.704; remTime=46617; MLUPs=21.1279
[Timer] step=5400; percent=0.5625; passedTime=263.704; remTime=46617; MLUPs=21.1279
[ValueTracer] average=0.00395797; stdDev/average=9.15328e-07
[LatticeStatistics] step=5600; t=0.07; uMax=0; avEnergy=0; avRho=0.00395798
[Timer] step=5600; percent=0.583333; passedTime=273.452; remTime=46604; MLUPs=21.1365
[Timer] step=5600; percent=0.583333; passedTime=273.452; remTime=46604; MLUPs=21.1365
[ValueTracer] average=0.00395798; stdDev/average=6.65487e-07
[ValueTracer] average=0.00395798; stdDev/average=4.83863e-07
[LatticeStatistics] step=5800; t=0.0725; uMax=0; avEnergy=0; avRho=0.00395799
[Timer] step=5800; percent=0.604167; passedTime=283.235; remTime=46597; MLUPs=21.0631
[Timer] step=5800; percent=0.604167; passedTime=283.235; remTime=46597; MLUPs=21.0631
[ValueTracer] average=0.00395799; stdDev/average=3.51822e-07
[LatticeStatistics] step=6000; t=0.075; uMax=0; avEnergy=0; avRho=0.00395799
[Timer] step=6000; percent=0.625; passedTime=292.98; remTime=46583.8; MLUPs=21.1452
[Timer] step=6000; percent=0.625; passedTime=292.98; remTime=46583.8; MLUPs=21.1452
[ValueTracer] average=0.00395799; stdDev/average=2.55822e-07
[LatticeStatistics] step=6200; t=0.0775; uMax=0; avEnergy=0; avRho=0.003958
[Timer] step=6200; percent=0.645833; passedTime=302.718; remTime=46569.7; MLUPs=21.1604
[Timer] step=6200; percent=0.645833; passedTime=302.718; remTime=46569.7; MLUPs=21.1604
[ValueTracer] average=0.003958; stdDev/average=1.86022e-07
[LatticeStatistics] step=6400; t=0.08; uMax=0; avEnergy=0; avRho=0.003958
[Timer] step=6400; percent=0.666667; passedTime=312.457; remTime=46556.1; MLUPs=21.1561
[Timer] step=6400; percent=0.666667; passedTime=312.457; remTime=46556.1; MLUPs=21.1561
[ValueTracer] average=0.003958; stdDev/average=1.3527e-07
[ValueTracer] average=0.003958; stdDev/average=9.8367e-08
[LatticeStatistics] step=6600; t=0.0825; uMax=0; avEnergy=0; avRho=0.003958
[Timer] step=6600; percent=0.6875; passedTime=322.21; remTime=46544.7; MLUPs=21.1257
[Timer] step=6600; percent=0.6875; passedTime=322.21; remTime=46544.7; MLUPs=21.1257
[ValueTracer] average=0.003958; stdDev/average=7.15327e-08
[LatticeStatistics] step=6800; t=0.085; uMax=0; avEnergy=0; avRho=0.003958
[Timer] step=6800; percent=0.708333; passedTime=331.965; remTime=46533.7; MLUPs=21.1257
[Timer] step=6800; percent=0.708333; passedTime=331.965; remTime=46533.7; MLUPs=21.1257
[ValueTracer] average=0.003958; stdDev/average=5.20195e-08
[LatticeStatistics] step=7000; t=0.0875; uMax=0; avEnergy=0; avRho=0.003958
[Timer] step=7000; percent=0.729167; passedTime=341.759; remTime=46528; MLUPs=21.0394
[Timer] step=7000; percent=0.729167; passedTime=341.759; remTime=46528; MLUPs=21.0394
[ValueTracer] average=0.003958; stdDev/average=3.78297e-08
[LatticeStatistics] step=7200; t=0.09; uMax=0; avEnergy=0; avRho=0.003958
[Timer] step=7200; percent=0.75; passedTime=351.508; remTime=46516.2; MLUPs=21.1344
[Timer] step=7200; percent=0.75; passedTime=351.508; remTime=46516.2; MLUPs=21.1344
[ValueTracer] average=0.003958; stdDev/average=2.75109e-08
[ValueTracer] average=0.003958; stdDev/average=2.0007e-08
[LatticeStatistics] step=7400; t=0.0925; uMax=0; avEnergy=0; avRho=0.003958
[Timer] step=7400; percent=0.770833; passedTime=361.253; remTime=46504; MLUPs=21.1431
[Timer] step=7400; percent=0.770833; passedTime=361.253; remTime=46504; MLUPs=21.1431
[ValueTracer] average=0.003958; stdDev/average=1.45499e-08
[LatticeStatistics] step=7600; t=0.095; uMax=0; avEnergy=0; avRho=0.003958
[Timer] step=7600; percent=0.791667; passedTime=371.002; remTime=46492.4; MLUPs=21.1344
[Timer] step=7600; percent=0.791667; passedTime=371.002; remTime=46492.4; MLUPs=21.1344
[ValueTracer] average=0.003958; stdDev/average=1.05814e-08
[main] Simulation converged. -- 7709
[main] ------7709
[main] Simulation converged. -- 7709
[main] ./100case23_mink/100case23.csv
0.000, 1.000000e+00, 0.000000e+00, 0.000000e+00, 0.000000e+00, 0.000000e+00, 0.000000e+00
0.010, 8.710845e-01, 1.826392e-03, 1.500961e-04, 3.098510e-02, 0.000000e+00, 0.000000e+00
0.020, 7.531673e-01, 3.586347e-03, 2.978134e-04, 2.781047e-02, 0.000000e+00, 1.387779e-17
0.030, 6.478783e-01, 5.213884e-03, 4.403806e-04, 2.471221e-02, 0.000000e+00, 1.387779e-17
0.040, 5.548269e-01, 6.657771e-03, 5.754586e-04, 2.173918e-02, 0.000000e+00, 0.000000e+00
0.050, 4.733986e-01, 7.881862e-03, 7.009772e-04, 1.894515e-02, 0.000000e+00, 0.000000e+00
0.060, 4.027713e-01, 8.866136e-03, 8.151973e-04, 1.637452e-02, 0.000000e+00, 2.775558e-17
0.070, 3.419744e-01, 9.605742e-03, 9.167538e-04, 1.405527e-02, 0.000000e+00, 0.000000e+00
0.080, 2.899612e-01, 1.010865e-02, 1.004678e-03, 1.199797e-02, -1.387779e-17, -1.387779e-17
0.090, 2.456761e-01, 1.039256e-02, 1.078399e-03, 1.019854e-02, 0.000000e+00, 0.000000e+00
0.100, 2.081052e-01, 1.048168e-02, 1.137728e-03, 8.642324e-03, -1.387779e-17, 0.000000e+00
0.110, 1.763104e-01, 1.040378e-02, 1.182826e-03, 7.308268e-03, 0.000000e+00, 1.387779e-17
0.120, 1.494469e-01, 1.018775e-02, 1.214163e-03, 6.172277e-03, 0.000000e+00, 1.387779e-17
0.130, 1.267698e-01, 9.861750e-03, 1.232468e-03, 5.209685e-03, -2.775558e-17, 0.000000e+00
0.140, 1.076323e-01, 9.451970e-03, 1.238673e-03, 4.396843e-03, 0.000000e+00, -1.387779e-17
0.150, 9.147936e-02, 8.981850e-03, 1.233861e-03, 3.712027e-03, -1.387779e-17, -1.387779e-17
0.160, 7.783843e-02, 8.471718e-03, 1.219216e-03, 3.135862e-03, -1.387779e-17, -1.387779e-17
0.170, 6.630993e-02, 7.938714e-03, 1.195974e-03, 2.651422e-03, 0.000000e+00, 0.000000e+00
0.180, 5.655727e-02, 7.396911e-03, 1.165381e-03, 2.244137e-03, 0.000000e+00, 0.000000e+00
0.190, 4.829778e-02, 6.857564e-03, 1.128662e-03, 1.901599e-03, 0.000000e+00, 0.000000e+00
0.200, 4.129445e-02, 6.329419e-03, 1.086991e-03, 1.613321e-03, -1.387779e-17, -1.387779e-17
0.210, 3.534877e-02, 5.819054e-03, 1.041468e-03, 1.370486e-03, 1.387779e-17, 0.000000e+00
0.220, 3.029452e-02, 5.331209e-03, 9.931084e-04, 1.165707e-03, 2.775558e-17, 0.000000e+00
0.230, 2.599246e-02, 4.869105e-03, 9.428302e-04, 9.928125e-04, 0.000000e+00, 0.000000e+00
0.240, 2.232591e-02, 4.434723e-03, 8.914498e-04, 8.466485e-04, 1.387779e-17, 0.000000e+00
0.250, 1.919702e-02, 4.029060e-03, 8.396812e-04, 7.229169e-04, 0.000000e+00, 0.000000e+00
0.260, 1.652358e-02, 3.652339e-03, 7.881380e-04, 6.180320e-04, 1.387779e-17, 1.387779e-17
0.270, 1.423652e-02, 3.304194e-03, 7.373377e-04, 5.290013e-04, 1.387779e-17, 0.000000e+00
0.280, 1.227768e-02, 2.983822e-03, 6.877080e-04, 4.533251e-04, -1.387779e-17, 0.000000e+00
0.290, 1.059801e-02, 2.690100e-03, 6.395936e-04, 3.889141e-04, -6.471125e-32, 0.000000e+00
0.300, 9.156151e-03, 2.421696e-03, 5.932645e-04, 3.340189e-04, 0.000000e+00, 1.387779e-17
0.310, 7.917094e-03, 2.177138e-03, 5.489238e-04, 2.871738e-04, 0.000000e+00, 0.000000e+00
0.320, 6.851223e-03, 1.954882e-03, 5.067158e-04, 2.471481e-04, 0.000000e+00, 0.000000e+00
0.330, 5.933423e-03, 1.753360e-03, 4.667342e-04, 2.129080e-04, 0.000000e+00, 0.000000e+00
0.340, 5.142373e-03, 1.571014e-03, 4.290289e-04, 1.835827e-04, 0.000000e+00, 0.000000e+00
0.350, 4.459945e-03, 1.406324e-03, 3.936135e-04, 1.584384e-04, -1.387779e-17, 0.000000e+00
0.360, 3.870709e-03, 1.257829e-03, 3.604712e-04, 1.368556e-04, 0.000000e+00, 0.000000e+00
0.370, 3.361510e-03, 1.124138e-03, 3.295606e-04, 1.183105e-04, 0.000000e+00, -2.775558e-17
0.380, 2.921123e-03, 1.003939e-03, 3.008206e-04, 1.023593e-04, 0.000000e+00, -2.775558e-17
0.390, 2.539952e-03, 8.960039e-04, 2.741751e-04, 8.862604e-05, -2.775558e-17, -2.775558e-17
0.400, 2.209791e-03, 7.991905e-04, 2.495366e-04, 7.679127e-05, 0.000000e+00, 0.000000e+00
0.410, 1.923609e-03, 7.124415e-04, 2.268096e-04, 6.658341e-05, 0.000000e+00, -1.387779e-17
0.420, 1.675378e-03, 6.347833e-04, 2.058932e-04, 5.777126e-05, 0.000000e+00, 0.000000e+00
0.430, 1.459924e-03, 5.653227e-04, 1.866837e-04, 5.015770e-05, 0.000000e+00, 0.000000e+00
0.440, 1.272802e-03, 5.032427e-04, 1.690765e-04, 4.357449e-05, 0.000000e+00, 0.000000e+00
0.450, 1.110187e-03, 4.477990e-04, 1.529674e-04, 3.787786e-05, 0.000000e+00, 0.000000e+00
0.460, 9.687865e-04, 3.983147e-04, 1.382542e-04, 3.294479e-05, -1.387779e-17, 1.387779e-17
0.470, 8.457651e-04, 3.541759e-04, 1.248374e-04, 2.866995e-05, -6.471125e-32, 6.471125e-32
0.480, 7.386758e-04, 3.148272e-04, 1.126212e-04, 2.496300e-05, 0.000000e+00, 0.000000e+00
0.490, 6.454072e-04, 2.797666e-04, 1.015136e-04, 2.174641e-05, 0.000000e+00, 0.000000e+00
0.500, 5.641349e-04, 2.485417e-04, 9.142748e-05, 1.895357e-05, 0.000000e+00, -1.387779e-17
0.510, 4.932822e-04, 2.207450e-04, 8.228021e-05, 1.652720e-05, 1.387779e-17, 1.387779e-17
0.520, 4.314845e-04, 1.960101e-04, 7.399409e-05, 1.441800e-05, -1.387779e-17, 1.387779e-17
0.530, 3.775606e-04, 1.740080e-04, 6.649630e-05, 1.258348e-05, 0.000000e+00, -1.387779e-17
0.540, 3.304871e-04, 1.544435e-04, 5.971887e-05, 1.098702e-05, -1.387779e-17, -1.387779e-17
0.550, 2.893767e-04, 1.370522e-04, 5.359859e-05, 9.597013e-06, 0.000000e+00, 0.000000e+00
0.560, 2.534597e-04, 1.215972e-04, 4.807684e-05, 8.386154e-06, -2.775558e-17, -1.387779e-17
0.570, 2.220679e-04, 1.078668e-04, 4.309943e-05, 7.330852e-06, -2.834969e-31, -1.417484e-31
0.580, 1.946210e-04, 9.567158e-05, 3.861641e-05, 6.410697e-06, 0.000000e+00, 0.000000e+00
0.590, 1.706145e-04, 8.484254e-05, 3.458183e-05, 5.608025e-06, -4.163336e-17, -1.387779e-17
0.600, 1.496100e-04, 7.522874e-05, 3.095350e-05, 4.907537e-06, -1.387779e-17, -1.387779e-17
0.610, 1.312258e-04, 6.669554e-05, 2.769281e-05, 4.295971e-06, -1.387779e-17, 0.000000e+00
0.620, 1.151298e-04, 5.912293e-05, 2.476444e-05, 3.761827e-06, 1.387779e-17, 0.000000e+00
0.630, 1.010327e-04, 5.240394e-05, 2.213617e-05, 3.295124e-06, 1.387779e-17, 1.387779e-17
0.640, 8.868252e-05, 4.644332e-05, 1.977866e-05, 2.887197e-06, -1.387779e-17, 1.387779e-17
0.650, 7.785955e-05, 4.115626e-05, 1.766519e-05, 2.530517e-06, 0.000000e+00, 0.000000e+00
0.660, 6.837217e-05, 3.646729e-05, 1.577151e-05, 2.218539e-06, 1.387779e-17, 0.000000e+00
0.670, 6.005319e-05, 3.230926e-05, 1.407561e-05, 1.945571e-06, 0.000000e+00, 0.000000e+00
0.680, 5.275669e-05, 2.862248e-05, 1.255756e-05, 1.706661e-06, -2.775558e-17, 0.000000e+00
0.690, 4.635524e-05, 2.535384e-05, 1.119931e-05, 1.497497e-06, 3.081488e-31, -1.387779e-17
0.700, 4.073753e-05, 2.245618e-05, 9.984537e-06, 1.314322e-06, -2.775558e-17, -1.540744e-31
0.710, 3.580627e-05, 1.988757e-05, 8.898507e-06, 1.153866e-06, -2.775558e-17, 1.387779e-17
0.720, 3.147642e-05, 1.761077e-05, 7.927920e-06, 1.013274e-06, -1.387779e-17, -1.387779e-17
0.730, 2.767357e-05, 1.559270e-05, 7.060784e-06, 8.900596e-07, 0.000000e+00, -1.387779e-17
0.740, 2.433265e-05, 1.380398e-05, 6.286298e-06, 7.820521e-07, 0.000000e+00, 1.387779e-17
0.750, 2.139669e-05, 1.221853e-05, 5.594733e-06, 6.873575e-07, 0.000000e+00, 0.000000e+00
0.760, 1.881581e-05, 1.081319e-05, 4.977340e-06, 6.043223e-07, 1.387779e-17, 0.000000e+00
0.770, 1.654631e-05, 9.567403e-06, 4.426250e-06, 5.315025e-07, 0.000000e+00, 0.000000e+00
0.780, 1.454989e-05, 8.462919e-06, 3.934390e-06, 4.676371e-07, 0.000000e+00, 0.000000e+00
0.790, 1.279298e-05, 7.483533e-06, 3.495407e-06, 4.116242e-07, 1.387779e-17, 0.000000e+00
0.800, 1.124613e-05, 6.614855e-06, 3.103595e-06, 3.625013e-07, 0.000000e+00, 0.000000e+00
0.810, 9.883484e-06, 5.844111e-06, 2.753832e-06, 3.194270e-07, 0.000000e+00, -1.387779e-17
0.820, 8.682354e-06, 5.159951e-06, 2.441517e-06, 2.816664e-07, -1.540744e-31, 1.387779e-17
0.830, 7.622786e-06, 4.552290e-06, 2.162521e-06, 2.485774e-07, 1.387779e-17, 1.387779e-17
0.840, 6.687233e-06, 4.012160e-06, 1.913136e-06, 2.195991e-07, -1.387779e-17, 0.000000e+00
0.850, 5.860249e-06, 3.531585e-06, 1.690029e-06, 1.942419e-07, 0.000000e+00, 1.387779e-17
0.860, 5.128217e-06, 3.103458e-06, 1.490205e-06, 1.720785e-07, -2.775558e-17, -1.387779e-17
0.870, 4.479120e-06, 2.721446e-06, 1.310970e-06, 1.527368e-07, 0.000000e+00, 0.000000e+00
0.880, 3.902329e-06, 2.379890e-06, 1.149895e-06, 1.358926e-07, -1.387779e-17, 1.387779e-17
0.890, 3.388425e-06, 2.073729e-06, 1.004786e-06, 1.212645e-07, 0.000000e+00, 0.000000e+00
0.900, 2.929041e-06, 1.798421e-06, 8.736624e-07, 1.086088e-07, 1.387779e-17, 1.387779e-17
0.910, 2.516714e-06, 1.549880e-06, 7.547231e-07, 9.771496e-08, 0.000000e+00, 0.000000e+00
0.920, 2.144766e-06, 1.324414e-06, 6.463298e-07, 8.840220e-08, 1.387779e-17, 0.000000e+00
0.930, 1.807185e-06, 1.118672e-06, 5.469834e-07, 8.051629e-08, 2.775558e-17, 1.387779e-17
0.940, 1.498530e-06, 9.295945e-07, 4.553051e-07, 7.392685e-08, 2.834969e-31, 1.387779e-17
0.950, 1.213837e-06, 7.543682e-07, 3.700182e-07, 6.852511e-08, 0.000000e+00, 1.387779e-17
0.960, 9.485371e-07, 5.903841e-07, 2.899314e-07, 6.422202e-08, 0.000000e+00, 1.387779e-17
0.970, 6.983813e-07, 4.351997e-07, 2.139229e-07, 6.094673e-08, 0.000000e+00, 2.775558e-17
0.980, 4.593695e-07, 2.865028e-07, 1.409260e-07, 5.864535e-08, 0.000000e+00, -1.387779e-17
0.990, 2.276849e-07, 1.420772e-07, 6.991384e-08, 5.728006e-08, 0.000000e+00, 0.000000e+00
1.000, 0.000000e+00, 0.000000e+00, 0.000000e+00, 0.000000e+00, 0.000000e+00, 0.000000e+00
[Timer] 
[Timer] ----------------Summary:Timer----------------
[Timer] measured time (rt) : 377.653s
[Timer] measured time (cpu): 377.360s
[Timer] average MLUPs :       20.734
[Timer] average MLUPps:       20.734
[Timer] ---------------------------------------------
