1
node25
[MpiManager] Sucessfully initialized, numThreads=1
[Directories] Directory ./100case27_mink/ created.
[Directories] Directory ./100case27_mink/imageData/ created.
[Directories] Directory ./100case27_mink/imageData/data/ created.
[Directories] Directory ./100case27_mink/vtkData/ created.
[Directories] Directory ./100case27_mink/vtkData/data/ created.
[Directories] Directory ./100case27_mink/gnuplotData/ created.
[Directories] Directory ./100case27_mink/gnuplotData/data/ created.
[main] case27
[main] omega = .... 1
[main] omega 1
[main] working with diffuse approximation
[main] omega=1
[main] latticeSink=0.009
[RadiativeUnitConverter] ----------------- UnitConverter information -----------------
[RadiativeUnitConverter] -- Parameters:
[RadiativeUnitConverter] Resolution:                       N=              100
[RadiativeUnitConverter] Lattice relaxation frequency:     omega=          1
[RadiativeUnitConverter] Lattice relaxation time:          tau=            1
[RadiativeUnitConverter] Characteristical length(m):       charL=          1
[RadiativeUnitConverter] Phys. density(kg/m^d):            charRho=        1
[RadiativeUnitConverter] Phys. absorption(1/m):            mu_a=           12
[RadiativeUnitConverter] Phys. scattering(1/m):            mu_s=           8
[RadiativeUnitConverter] Extinction(1/m):                  mu_t=           20
[RadiativeUnitConverter] Effective attenuation(1/m):       mu_eff=         26.8328
[RadiativeUnitConverter] Phys. diffusion(m):               D=              0.0166667
[RadiativeUnitConverter] Single scattering albedo:         albedo=         0.4
[RadiativeUnitConverter] Anisotropy factor:                g=              0
[RadiativeUnitConverter] 
[RadiativeUnitConverter] Lattice diffusion:                D^*=            1.66667
[RadiativeUnitConverter] Lattice absorption:               absorption=     0.12
[RadiativeUnitConverter] Lattice scattering:               scattering=     0.08
[RadiativeUnitConverter] Lattice sink:                     sink=           0.009
[RadiativeUnitConverter] C_R: 1
[RadiativeUnitConverter] r_F: 1.73913
[RadiativeUnitConverter] 
[RadiativeUnitConverter] -- Conversion factors:
[RadiativeUnitConverter] Voxel length(m):                  physDeltaX=     0.01
[RadiativeUnitConverter] Time step(s):                     physDeltaT=     1.25e-05
[RadiativeUnitConverter] Density factor(kg/m^3):           physDensity=    1
[RadiativeUnitConverter] -------------------------------------------------------------
[prepareGeometryCube] Prepare cubeGeometry ...
[SuperGeometry3D] cleaned 0 outer boundary voxel(s)
[SuperGeometry3D] cleaned 0 inner boundary voxel(s)
[SuperGeometry3D] the model is correct!
[CuboidGeometry3D] ---Cuboid Stucture Statistics---
[CuboidGeometry3D]  Number of Cuboids: 	2
[CuboidGeometry3D]  Delta  (min): 		0.01
[CuboidGeometry3D]         (max): 		0.01
[CuboidGeometry3D]  Ratio  (min): 		0.49505
[CuboidGeometry3D]         (max): 		2.02
[CuboidGeometry3D]  Nodes  (min): 		510050
[CuboidGeometry3D]         (max): 		520251
[CuboidGeometry3D]  Weight (min): 		510050
[CuboidGeometry3D]         (max): 		520251
[CuboidGeometry3D] --------------------------------
[SuperGeometryStatistics3D] materialNumber=1; count=970299; minPhysR=(0.01,-0.49,-0.49); maxPhysR=(0.99,0.49,0.49)
[SuperGeometryStatistics3D] materialNumber=2; count=59561; minPhysR=(0,-0.5,-0.5); maxPhysR=(1,0.5,0.5)
[SuperGeometryStatistics3D] materialNumber=3; count=441; minPhysR=(0,-0.1,-0.1); maxPhysR=(0,0.1,0.1)
[prepareGeometryCube] Prepare cubeGeometry ... OK
[prepareLattice] Prepare Lattice ...
[prepareLattice] Prepare Lattice ... OK
[main] iT convergence criteria: 160
[LatticeStatistics] step=0; t=0; uMax=0; avEnergy=0; avRho=1
[Timer] step=0; percent=0; passedTime=6.92136e-313; remTime=0.001; MLUPs=0
[Timer] step=0; percent=0; passedTime=6.92136e-313; remTime=0.001; MLUPs=0
[ValueTracer] average=0.00135452; stdDev/average=0.222737
[LatticeStatistics] step=200; t=0.0025; uMax=0; avEnergy=0; avRho=0.00172659
[Timer] step=200; percent=0.0208333; passedTime=9.247; remTime=44376.4; MLUPs=22.284
[Timer] step=200; percent=0.0208333; passedTime=9.247; remTime=44376.4; MLUPs=22.284
[ValueTracer] average=0.00175099; stdDev/average=0.0185724
[LatticeStatistics] step=400; t=0.005; uMax=0; avEnergy=0; avRho=0.00180658
[Timer] step=400; percent=0.0416667; passedTime=18.286; remTime=43868.1; MLUPs=22.7968
[Timer] step=400; percent=0.0416667; passedTime=18.286; remTime=43868.1; MLUPs=22.7968
[ValueTracer] average=0.00180533; stdDev/average=0.00322315
[LatticeStatistics] step=600; t=0.0075; uMax=0; avEnergy=0; avRho=0.00181644
[Timer] step=600; percent=0.0625; passedTime=27.352; remTime=43735.8; MLUPs=22.7314
[Timer] step=600; percent=0.0625; passedTime=27.352; remTime=43735.8; MLUPs=22.7314
[ValueTracer] average=0.00181544; stdDev/average=0.000633032
[LatticeStatistics] step=800; t=0.01; uMax=0; avEnergy=0; avRho=0.00181779
[Timer] step=800; percent=0.0833333; passedTime=36.405; remTime=43649.6; MLUPs=22.7641
[Timer] step=800; percent=0.0833333; passedTime=36.405; remTime=43649.6; MLUPs=22.7641
[ValueTracer] average=0.00181748; stdDev/average=0.000130596
[ValueTracer] average=0.0018179; stdDev/average=2.76347e-05
[LatticeStatistics] step=1000; t=0.0125; uMax=0; avEnergy=0; avRho=0.00181798
[Timer] step=1000; percent=0.104167; passedTime=45.454; remTime=43590.4; MLUPs=22.7716
[Timer] step=1000; percent=0.104167; passedTime=45.454; remTime=43590.4; MLUPs=22.7716
[ValueTracer] average=0.00181799; stdDev/average=5.93434e-06
[LatticeStatistics] step=1200; t=0.015; uMax=0; avEnergy=0; avRho=0.00181801
[Timer] step=1200; percent=0.125; passedTime=54.514; remTime=43556.7; MLUPs=22.7465
[Timer] step=1200; percent=0.125; passedTime=54.514; remTime=43556.7; MLUPs=22.7465
[ValueTracer] average=0.00181801; stdDev/average=1.286e-06
[LatticeStatistics] step=1400; t=0.0175; uMax=0; avEnergy=0; avRho=0.00181802
[Timer] step=1400; percent=0.145833; passedTime=63.562; remTime=43521.8; MLUPs=22.7741
[Timer] step=1400; percent=0.145833; passedTime=63.562; remTime=43521.8; MLUPs=22.7741
[ValueTracer] average=0.00181802; stdDev/average=2.80325e-07
[LatticeStatistics] step=1600; t=0.02; uMax=0; avEnergy=0; avRho=0.00181802
[Timer] step=1600; percent=0.166667; passedTime=72.613; remTime=43495.2; MLUPs=22.7666
[Timer] step=1600; percent=0.166667; passedTime=72.613; remTime=43495.2; MLUPs=22.7666
[ValueTracer] average=0.00181802; stdDev/average=6.13468e-08
[ValueTracer] average=0.00181802; stdDev/average=1.34622e-08
[main] Simulation converged. -- 1792
[main] ------1792
[main] Simulation converged. -- 1792
[main] ./100case27_mink/100case27.csv
0.000, 1.000000e+00, 0.000000e+00, 0.000000e+00, 0.000000e+00, 0.000000e+00, 0.000000e+00
0.010, 7.676837e-01, 1.852488e-04, 2.287293e-06, 5.286596e-02, 0.000000e+00, 0.000000e+00
0.020, 5.809921e-01, 3.594989e-04, 4.516523e-06, 4.039325e-02, 1.387779e-17, 2.775558e-17
0.030, 4.384877e-01, 5.100974e-04, 6.592872e-06, 3.079842e-02, 0.000000e+00, 1.387779e-17
0.040, 3.299905e-01, 6.292242e-04, 8.451866e-06, 2.341651e-02, 0.000000e+00, 2.775558e-17
0.050, 2.476453e-01, 7.128817e-04, 1.004244e-05, 1.774546e-02, 0.000000e+00, -2.775558e-17
0.060, 1.853645e-01, 7.608094e-04, 1.132932e-05, 1.340113e-02, 0.000000e+00, 0.000000e+00
0.070, 1.384238e-01, 7.758234e-04, 1.229389e-05, 1.008572e-02, 1.387779e-17, 0.000000e+00
0.080, 1.031626e-01, 7.628509e-04, 1.293383e-05, 7.566280e-03, 0.000000e+00, 2.775558e-17
0.090, 7.675492e-02, 7.279165e-04, 1.326141e-05, 5.659989e-03, 0.000000e+00, 0.000000e+00
0.100, 5.703011e-02, 6.772646e-04, 1.330104e-05, 4.223547e-03, -1.387779e-17, 0.000000e+00
0.110, 4.232984e-02, 6.167123e-04, 1.308621e-05, 3.145169e-03, -2.775558e-17, 2.775558e-17
0.120, 3.139427e-02, 5.512515e-04, 1.265635e-05, 2.338219e-03, 0.000000e+00, 0.000000e+00
0.130, 2.327112e-02, 4.848683e-04, 1.205372e-05, 1.736028e-03, 0.000000e+00, 1.387779e-17
0.140, 1.724386e-02, 4.205250e-04, 1.132076e-05, 1.287647e-03, 1.387779e-17, 0.000000e+00
0.150, 1.277540e-02, 3.602486e-04, 1.049785e-05, 9.543880e-04, 1.387779e-17, 0.000000e+00
0.160, 9.464517e-03, 3.052756e-04, 9.621713e-06, 7.070392e-04, 1.387779e-17, 0.000000e+00
0.170, 7.012214e-03, 2.562165e-04, 8.724329e-06, 5.236457e-04, 1.387779e-17, 1.387779e-17
0.180, 5.196186e-03, 2.132146e-04, 7.832395e-06, 3.877731e-04, 1.387779e-17, 1.387779e-17
0.190, 3.851400e-03, 1.760876e-04, 6.967196e-06, 2.871584e-04, 0.000000e+00, 1.387779e-17
0.200, 2.855500e-03, 1.444427e-04, 6.144819e-06, 2.126747e-04, 0.000000e+00, 0.000000e+00
0.210, 2.117847e-03, 1.177676e-04, 5.376603e-06, 1.575425e-04, 0.000000e+00, -1.387779e-17
0.220, 1.571341e-03, 9.549666e-05, 4.669730e-06, 1.167339e-04, 0.000000e+00, 0.000000e+00
0.230, 1.166327e-03, 7.705831e-05, 4.027887e-06, 8.652395e-05, 1.387779e-17, -1.387779e-17
0.240, 8.660690e-04, 6.190524e-05, 3.451942e-06, 6.415546e-05, 0.000000e+00, 0.000000e+00
0.250, 6.433860e-04, 4.953307e-05, 2.940581e-06, 4.758850e-05, 1.387779e-17, -1.387779e-17
0.260, 4.781684e-04, 3.948983e-05, 2.490893e-06, 3.531434e-05, 1.387779e-17, 0.000000e+00
0.270, 3.555344e-04, 3.137915e-05, 2.098865e-06, 2.621729e-05, 1.387779e-17, -1.387779e-17
0.280, 2.644685e-04, 2.485939e-05, 1.759808e-06, 1.947225e-05, 1.387779e-17, 0.000000e+00
0.290, 1.968144e-04, 1.964026e-05, 1.468691e-06, 1.446901e-05, 2.775558e-17, 0.000000e+00
0.300, 1.465306e-04, 1.547794e-05, 1.220403e-06, 1.075614e-05, 1.387779e-17, 0.000000e+00
0.310, 1.091406e-04, 1.216967e-05, 1.009945e-06, 7.999605e-06, 0.000000e+00, 0.000000e+00
0.320, 8.132559e-05, 9.548298e-06, 8.325679e-07, 5.952153e-06, 0.000000e+00, 1.387779e-17
0.330, 6.062449e-05, 7.477011e-06, 6.838610e-07, 4.430684e-06, -1.387779e-17, -1.387779e-17
0.340, 4.521112e-05, 5.844548e-06, 5.598008e-07, 3.299560e-06, -1.387779e-17, 0.000000e+00
0.350, 3.372987e-05, 4.560941e-06, 4.567744e-07, 2.458252e-06, 1.387779e-17, 7.703720e-32
0.360, 2.517402e-05, 3.553795e-06, 3.715795e-07, 1.832224e-06, -1.387779e-17, -1.387779e-17
0.370, 1.879553e-05, 2.765118e-06, 3.014096e-07, 1.366183e-06, 1.387779e-17, 0.000000e+00
0.380, 1.403838e-05, 2.148636e-06, 2.438296e-07, 1.019091e-06, -1.387779e-17, -1.387779e-17
0.390, 1.048903e-05, 1.667554e-06, 1.967451e-07, 7.604785e-07, 0.000000e+00, 1.387779e-17
0.400, 7.839805e-06, 1.292713e-06, 1.583686e-07, 5.677103e-07, 1.387779e-17, 2.775558e-17
0.410, 5.861695e-06, 1.001066e-06, 1.271856e-07, 4.239632e-07, 1.387779e-17, 1.387779e-17
0.420, 4.384145e-06, 7.744481e-07, 1.019207e-07, 3.167283e-07, -1.387779e-17, -1.387779e-17
0.430, 3.280095e-06, 5.985760e-07, 8.150628e-08, 2.367004e-07, 0.000000e+00, 0.000000e+00
0.440, 2.454844e-06, 4.622419e-07, 6.505332e-08, 1.769539e-07, 0.000000e+00, 0.000000e+00
0.450, 1.837779e-06, 3.566696e-07, 5.182509e-08, 1.323324e-07, -2.775558e-17, 1.387779e-17
0.460, 1.376230e-06, 2.749990e-07, 4.121382e-08, 9.899507e-08, 0.000000e+00, 0.000000e+00
0.470, 1.030893e-06, 2.118774e-07, 3.272012e-08, 7.407950e-08, 0.000000e+00, -1.387779e-17
0.480, 7.724261e-07, 1.631342e-07, 2.593529e-08, 5.545183e-08, 0.000000e+00, -1.387779e-17
0.490, 5.789191e-07, 1.255246e-07, 2.052599e-08, 4.152057e-08, 2.775558e-17, 0.000000e+00
0.500, 4.340030e-07, 9.652779e-08, 1.622126e-08, 3.109830e-08, 1.387779e-17, 0.000000e+00
0.510, 3.254455e-07, 7.418729e-08, 1.280150e-08, 2.329873e-08, 0.000000e+00, 1.387779e-17
0.520, 2.441018e-07, 5.698671e-08, 1.008928e-08, 1.746010e-08, 0.000000e+00, 0.000000e+00
0.530, 1.831334e-07, 4.375190e-08, 7.941589e-09, 1.308811e-08, 1.387779e-17, 0.000000e+00
0.540, 1.374247e-07, 3.357459e-08, 6.243470e-09, 9.813383e-09, 0.000000e+00, 0.000000e+00
0.550, 1.031477e-07, 2.575286e-08, 4.902731e-09, 7.359858e-09, 0.000000e+00, 0.000000e+00
0.560, 7.743692e-08, 1.974469e-08, 3.845599e-09, 5.521100e-09, -1.387779e-17, 1.387779e-17
0.570, 5.814704e-08, 1.513193e-08, 3.013165e-09, 4.142705e-09, -1.417484e-31, 1.387779e-17
0.580, 4.367117e-08, 1.159218e-08, 2.358484e-09, 3.109149e-09, 1.387779e-17, 1.417484e-31
0.590, 3.280547e-08, 8.877078e-09, 1.844210e-09, 2.333969e-09, -1.232595e-32, 0.000000e+00
0.600, 2.464783e-08, 6.795409e-09, 1.440691e-09, 1.752432e-09, 1.387779e-17, 1.387779e-17
0.610, 1.852204e-08, 5.200051e-09, 1.124420e-09, 1.316065e-09, -1.387779e-17, -1.387779e-17
0.620, 1.392108e-08, 3.977877e-09, 8.767932e-10, 9.885523e-10, 0.000000e+00, 0.000000e+00
0.630, 1.046472e-08, 3.041945e-09, 6.831066e-10, 7.426863e-10, 0.000000e+00, 0.000000e+00
0.640, 7.867730e-09, 2.325474e-09, 5.317575e-10, 5.580733e-10, 1.387779e-17, 0.000000e+00
0.650, 5.916082e-09, 1.777195e-09, 4.136024e-10, 4.194246e-10, 1.387779e-17, 1.387779e-17
0.660, 4.449160e-09, 1.357767e-09, 3.214445e-10, 3.152753e-10, 0.000000e+00, 0.000000e+00
0.670, 3.346392e-09, 1.037012e-09, 2.496266e-10, 2.370261e-10, 0.000000e+00, 0.000000e+00
0.680, 2.517250e-09, 7.917952e-10, 1.937068e-10, 1.782249e-10, 0.000000e+00, 0.000000e+00
0.690, 1.893747e-09, 6.043839e-10, 1.502016e-10, 1.340304e-10, 0.000000e+00, 1.540744e-31
0.700, 1.424817e-09, 4.611951e-10, 1.163822e-10, 1.008085e-10, 1.540744e-31, -1.387779e-17
0.710, 1.072093e-09, 3.518261e-10, 9.011247e-11, 7.583077e-11, -1.387779e-17, 0.000000e+00
0.720, 8.067460e-10, 2.683136e-10, 6.972267e-11, 5.704850e-11, -1.387779e-17, 0.000000e+00
0.730, 6.071090e-10, 2.045628e-10, 5.390843e-11, 4.292292e-11, 0.000000e+00, 0.000000e+00
0.740, 4.568946e-10, 1.559116e-10, 4.165202e-11, 3.229794e-11, 1.387779e-17, 1.387779e-17
0.750, 3.438575e-10, 1.187943e-10, 3.215983e-11, 2.430506e-11, 0.000000e+00, -1.387779e-17
0.760, 2.587902e-10, 9.048495e-11, 2.481354e-11, 1.829152e-11, 0.000000e+00, -2.775558e-17
0.770, 1.947678e-10, 6.889911e-11, 1.913225e-11, 1.376664e-11, 1.387779e-17, 0.000000e+00
0.780, 1.465809e-10, 5.244538e-11, 1.474143e-11, 1.036157e-11, 1.387779e-17, 0.000000e+00
0.790, 1.103121e-10, 3.990719e-11, 1.135037e-11, 7.798928e-12, 0.000000e+00, 0.000000e+00
0.800, 8.301271e-11, 3.035561e-11, 8.733347e-12, 5.870179e-12, 1.387779e-17, 1.387779e-17
0.810, 6.246426e-11, 2.308154e-11, 6.714906e-12, 4.418452e-12, 0.000000e+00, 0.000000e+00
0.820, 4.699763e-11, 1.754386e-11, 5.159206e-12, 3.325729e-12, -1.387779e-17, -1.387779e-17
0.830, 3.535616e-11, 1.332912e-11, 3.961054e-12, 2.503164e-12, 0.000000e+00, 0.000000e+00
0.840, 2.659428e-11, 1.012246e-11, 3.038736e-12, 1.883924e-12, 0.000000e+00, 0.000000e+00
0.850, 1.999978e-11, 7.683632e-12, 2.329525e-12, 1.417838e-12, 1.387779e-17, 0.000000e+00
0.860, 1.503686e-11, 5.829448e-12, 1.784239e-12, 1.067035e-12, 0.000000e+00, -2.775558e-17
0.870, 1.130163e-11, 4.420020e-12, 1.365463e-12, 8.030104e-13, 1.387779e-17, 0.000000e+00
0.880, 8.490986e-12, 3.349210e-12, 1.043721e-12, 6.043360e-13, 1.387779e-17, 0.000000e+00
0.890, 6.375456e-12, 2.535416e-12, 7.969181e-13, 4.548723e-13, 0.000000e+00, 0.000000e+00
0.900, 4.782841e-12, 1.917133e-12, 6.075696e-13, 3.425038e-13, 0.000000e+00, 0.000000e+00
0.910, 3.583134e-12, 1.447065e-12, 4.621303e-13, 2.581269e-13, -1.387779e-17, -1.387779e-17
0.920, 2.678524e-12, 1.089684e-12, 3.503864e-13, 1.948719e-13, -1.387779e-17, 0.000000e+00
0.930, 1.994738e-12, 8.169021e-13, 2.644551e-13, 1.475764e-13, 0.000000e+00, 1.387779e-17
0.940, 1.475486e-12, 6.080692e-13, 1.979528e-13, 1.123546e-13, 0.000000e+00, -1.387779e-17
0.950, 1.078915e-12, 4.470868e-13, 1.462719e-13, 8.634760e-14, 0.000000e+00, -1.387779e-17
0.960, 7.712719e-13, 3.211875e-13, 1.053047e-13, 6.751544e-14, 0.000000e+00, 0.000000e+00
0.970, 5.282441e-13, 2.207123e-13, 7.238654e-14, 5.424827e-14, 0.000000e+00, 0.000000e+00
0.980, 3.292921e-13, 1.376677e-13, 4.518608e-14, 4.550527e-14, 0.000000e+00, 0.000000e+00
0.990, 1.572076e-13, 6.583623e-14, 2.137179e-14, 4.055090e-14, 1.387779e-17, 0.000000e+00
1.000, 0.000000e+00, 0.000000e+00, 0.000000e+00, 0.000000e+00, 0.000000e+00, 0.000000e+00
[Timer] 
[Timer] ----------------Summary:Timer----------------
[Timer] measured time (rt) : 82.797s
[Timer] measured time (cpu): 82.610s
[Timer] average MLUPs :       19.910
[Timer] average MLUPps:       19.910
[Timer] ---------------------------------------------
