1
node18
[MpiManager] Sucessfully initialized, numThreads=1
[Directories] Directory ./100case28_mink/ created.
[Directories] Directory ./100case28_mink/imageData/ created.
[Directories] Directory ./100case28_mink/imageData/data/ created.
[Directories] Directory ./100case28_mink/vtkData/ created.
[Directories] Directory ./100case28_mink/vtkData/data/ created.
[Directories] Directory ./100case28_mink/gnuplotData/ created.
[Directories] Directory ./100case28_mink/gnuplotData/data/ created.
[main] case28
[main] omega = .... 1
[main] omega 1
[main] working with diffuse approximation
[main] omega=1
[main] latticeSink=0.0045
[RadiativeUnitConverter] ----------------- UnitConverter information -----------------
[RadiativeUnitConverter] -- Parameters:
[RadiativeUnitConverter] Resolution:                       N=              100
[RadiativeUnitConverter] Lattice relaxation frequency:     omega=          1
[RadiativeUnitConverter] Lattice relaxation time:          tau=            1
[RadiativeUnitConverter] Characteristical length(m):       charL=          1
[RadiativeUnitConverter] Phys. density(kg/m^d):            charRho=        1
[RadiativeUnitConverter] Phys. absorption(1/m):            mu_a=           6
[RadiativeUnitConverter] Phys. scattering(1/m):            mu_s=           14
[RadiativeUnitConverter] Extinction(1/m):                  mu_t=           20
[RadiativeUnitConverter] Effective attenuation(1/m):       mu_eff=         18.9737
[RadiativeUnitConverter] Phys. diffusion(m):               D=              0.0166667
[RadiativeUnitConverter] Single scattering albedo:         albedo=         0.7
[RadiativeUnitConverter] Anisotropy factor:                g=              0
[RadiativeUnitConverter] 
[RadiativeUnitConverter] Lattice diffusion:                D^*=            1.66667
[RadiativeUnitConverter] Lattice absorption:               absorption=     0.06
[RadiativeUnitConverter] Lattice scattering:               scattering=     0.14
[RadiativeUnitConverter] Lattice sink:                     sink=           0.0045
[RadiativeUnitConverter] C_R: 1
[RadiativeUnitConverter] r_F: 1.73913
[RadiativeUnitConverter] 
[RadiativeUnitConverter] -- Conversion factors:
[RadiativeUnitConverter] Voxel length(m):                  physDeltaX=     0.01
[RadiativeUnitConverter] Time step(s):                     physDeltaT=     1.25e-05
[RadiativeUnitConverter] Density factor(kg/m^3):           physDensity=    1
[RadiativeUnitConverter] -------------------------------------------------------------
[prepareGeometryCube] Prepare cubeGeometry ...
[SuperGeometry3D] cleaned 0 outer boundary voxel(s)
[SuperGeometry3D] cleaned 0 inner boundary voxel(s)
[SuperGeometry3D] the model is correct!
[CuboidGeometry3D] ---Cuboid Stucture Statistics---
[CuboidGeometry3D]  Number of Cuboids: 	2
[CuboidGeometry3D]  Delta  (min): 		0.01
[CuboidGeometry3D]         (max): 		0.01
[CuboidGeometry3D]  Ratio  (min): 		0.49505
[CuboidGeometry3D]         (max): 		2.02
[CuboidGeometry3D]  Nodes  (min): 		510050
[CuboidGeometry3D]         (max): 		520251
[CuboidGeometry3D]  Weight (min): 		510050
[CuboidGeometry3D]         (max): 		520251
[CuboidGeometry3D] --------------------------------
[SuperGeometryStatistics3D] materialNumber=1; count=970299; minPhysR=(0.01,-0.49,-0.49); maxPhysR=(0.99,0.49,0.49)
[SuperGeometryStatistics3D] materialNumber=2; count=59561; minPhysR=(0,-0.5,-0.5); maxPhysR=(1,0.5,0.5)
[SuperGeometryStatistics3D] materialNumber=3; count=441; minPhysR=(0,-0.1,-0.1); maxPhysR=(0,0.1,0.1)
[prepareGeometryCube] Prepare cubeGeometry ... OK
[prepareLattice] Prepare Lattice ...
[prepareLattice] Prepare Lattice ... OK
[main] iT convergence criteria: 160
[LatticeStatistics] step=0; t=0; uMax=0; avEnergy=0; avRho=1
[Timer] step=0; percent=0; passedTime=0; remTime=0.001; MLUPs=0
[Timer] step=0; percent=0; passedTime=0; remTime=0.001; MLUPs=0
[ValueTracer] average=0.00148765; stdDev/average=0.257689
[LatticeStatistics] step=200; t=0.0025; uMax=0; avEnergy=0; avRho=0.00207127
[Timer] step=200; percent=0.0208333; passedTime=10.012; remTime=48047.6; MLUPs=20.5813
[Timer] step=200; percent=0.0208333; passedTime=10.012; remTime=48047.6; MLUPs=20.5813
[ValueTracer] average=0.00214459; stdDev/average=0.0420486
[LatticeStatistics] step=400; t=0.005; uMax=0; avEnergy=0; avRho=0.00234605
[Timer] step=400; percent=0.0416667; passedTime=19.827; remTime=47565; MLUPs=20.9966
[Timer] step=400; percent=0.0416667; passedTime=19.827; remTime=47565; MLUPs=20.9966
[ValueTracer] average=0.00234202; stdDev/average=0.0143172
[LatticeStatistics] step=600; t=0.0075; uMax=0; avEnergy=0; avRho=0.0024307
[Timer] step=600; percent=0.0625; passedTime=29.59; remTime=47314.4; MLUPs=21.1062
[Timer] step=600; percent=0.0625; passedTime=29.59; remTime=47314.4; MLUPs=21.1062
[ValueTracer] average=0.00241876; stdDev/average=0.00566762
[LatticeStatistics] step=800; t=0.01; uMax=0; avEnergy=0; avRho=0.00245949
[Timer] step=800; percent=0.0833333; passedTime=39.384; remTime=47221.4; MLUPs=21.0373
[Timer] step=800; percent=0.0833333; passedTime=39.384; remTime=47221.4; MLUPs=21.0373
[ValueTracer] average=0.00245076; stdDev/average=0.00238825
[ValueTracer] average=0.00246458; stdDev/average=0.00103841
[LatticeStatistics] step=1000; t=0.0125; uMax=0; avEnergy=0; avRho=0.00246971
[Timer] step=1000; percent=0.104167; passedTime=49.15; remTime=47134.8; MLUPs=21.0998
[Timer] step=1000; percent=0.104167; passedTime=49.15; remTime=47134.8; MLUPs=21.0998
[ValueTracer] average=0.00247065; stdDev/average=0.00045938
[LatticeStatistics] step=1200; t=0.015; uMax=0; avEnergy=0; avRho=0.00247341
[Timer] step=1200; percent=0.125; passedTime=58.944; remTime=47096.3; MLUPs=21.0416
[Timer] step=1200; percent=0.125; passedTime=58.944; remTime=47096.3; MLUPs=21.0416
[ValueTracer] average=0.00247336; stdDev/average=0.000205303
[LatticeStatistics] step=1400; t=0.0175; uMax=0; avEnergy=0; avRho=0.00247477
[Timer] step=1400; percent=0.145833; passedTime=68.707; remTime=47044.7; MLUPs=21.1062
[Timer] step=1400; percent=0.145833; passedTime=68.707; remTime=47044.7; MLUPs=21.1062
[ValueTracer] average=0.00247457; stdDev/average=9.2333e-05
[LatticeStatistics] step=1600; t=0.02; uMax=0; avEnergy=0; avRho=0.00247527
[Timer] step=1600; percent=0.166667; passedTime=78.476; remTime=47007.1; MLUPs=21.0911
[Timer] step=1600; percent=0.166667; passedTime=78.476; remTime=47007.1; MLUPs=21.0911
[ValueTracer] average=0.00247512; stdDev/average=4.16965e-05
[ValueTracer] average=0.00247537; stdDev/average=1.88825e-05
[LatticeStatistics] step=1800; t=0.0225; uMax=0; avEnergy=0; avRho=0.00247546
[Timer] step=1800; percent=0.1875; passedTime=88.25; remTime=46978.4; MLUPs=21.0825
[Timer] step=1800; percent=0.1875; passedTime=88.25; remTime=46978.4; MLUPs=21.0825
[ValueTracer] average=0.00247548; stdDev/average=8.56827e-06
[LatticeStatistics] step=2000; t=0.025; uMax=0; avEnergy=0; avRho=0.00247553
[Timer] step=2000; percent=0.208333; passedTime=98.05; remTime=46965.9; MLUPs=21.0244
[Timer] step=2000; percent=0.208333; passedTime=98.05; remTime=46965.9; MLUPs=21.0244
[ValueTracer] average=0.00247553; stdDev/average=3.89392e-06
[LatticeStatistics] step=2200; t=0.0275; uMax=0; avEnergy=0; avRho=0.00247556
[Timer] step=2200; percent=0.229167; passedTime=107.814; remTime=46938.3; MLUPs=21.1062
[Timer] step=2200; percent=0.229167; passedTime=107.814; remTime=46938.3; MLUPs=21.1062
[ValueTracer] average=0.00247555; stdDev/average=1.77174e-06
[LatticeStatistics] step=2400; t=0.03; uMax=0; avEnergy=0; avRho=0.00247557
[Timer] step=2400; percent=0.25; passedTime=117.576; remTime=46912.8; MLUPs=21.1062
[Timer] step=2400; percent=0.25; passedTime=117.576; remTime=46912.8; MLUPs=21.1062
[ValueTracer] average=0.00247556; stdDev/average=8.06929e-07
[ValueTracer] average=0.00247557; stdDev/average=3.67812e-07
[LatticeStatistics] step=2600; t=0.0325; uMax=0; avEnergy=0; avRho=0.00247557
[Timer] step=2600; percent=0.270833; passedTime=127.367; remTime=46900.4; MLUPs=21.0459
[Timer] step=2600; percent=0.270833; passedTime=127.367; remTime=46900.4; MLUPs=21.0459
[ValueTracer] average=0.00247557; stdDev/average=1.67773e-07
[LatticeStatistics] step=2800; t=0.035; uMax=0; avEnergy=0; avRho=0.00247557
[Timer] step=2800; percent=0.291667; passedTime=137.14; remTime=46882.3; MLUPs=21.0825
[Timer] step=2800; percent=0.291667; passedTime=137.14; remTime=46882.3; MLUPs=21.0825
[ValueTracer] average=0.00247557; stdDev/average=7.65734e-08
[LatticeStatistics] step=3000; t=0.0375; uMax=0; avEnergy=0; avRho=0.00247557
[Timer] step=3000; percent=0.3125; passedTime=146.893; remTime=46858.9; MLUPs=21.1279
[Timer] step=3000; percent=0.3125; passedTime=146.893; remTime=46858.9; MLUPs=21.1279
[ValueTracer] average=0.00247557; stdDev/average=3.49674e-08
[LatticeStatistics] step=3200; t=0.04; uMax=0; avEnergy=0; avRho=0.00247557
[Timer] step=3200; percent=0.333333; passedTime=156.688; remTime=46849.7; MLUPs=21.0351
[Timer] step=3200; percent=0.333333; passedTime=156.688; remTime=46849.7; MLUPs=21.0351
[ValueTracer] average=0.00247557; stdDev/average=1.59753e-08
[main] Simulation converged. -- 3296
[main] ------3296
[main] Simulation converged. -- 3296
[main] ./100case28_mink/100case28.csv
0.000, 1.000000e+00, 0.000000e+00, 0.000000e+00, 0.000000e+00, 0.000000e+00, 0.000000e+00
0.010, 8.214221e-01, 6.102545e-04, 2.007941e-05, 4.175643e-02, 0.000000e+00, 0.000000e+00
0.020, 6.683773e-01, 1.191255e-03, 3.973715e-05, 3.465230e-02, 0.000000e+00, 0.000000e+00
0.030, 5.416645e-01, 1.711820e-03, 5.839437e-05, 2.862218e-02, -1.387779e-17, -1.387779e-17
0.040, 4.373013e-01, 2.150169e-03, 7.561218e-05, 2.351328e-02, 0.000000e+00, 0.000000e+00
0.050, 3.518326e-01, 2.492815e-03, 9.102102e-05, 1.920733e-02, 0.000000e+00, 0.000000e+00
0.060, 2.822313e-01, 2.734791e-03, 1.043350e-04, 1.560460e-02, 0.000000e+00, 0.000000e+00
0.070, 2.258476e-01, 2.878700e-03, 1.153599e-04, 1.261500e-02, 0.000000e+00, -1.387779e-17
0.080, 1.803819e-01, 2.933015e-03, 1.239951e-04, 1.015451e-02, -2.775558e-17, -2.775558e-17
0.090, 1.438625e-01, 2.910094e-03, 1.302295e-04, 8.144828e-03, -1.387779e-17, -1.387779e-17
0.100, 1.146218e-01, 2.824279e-03, 1.341325e-04, 6.514269e-03, 1.387779e-17, -1.387779e-17
0.110, 9.126694e-02, 2.690310e-03, 1.358421e-04, 5.198718e-03, 0.000000e+00, 0.000000e+00
0.120, 7.264763e-02, 2.522147e-03, 1.355498e-04, 4.142156e-03, 2.775558e-17, -2.775558e-17
0.130, 5.782319e-02, 2.332224e-03, 1.334859e-04, 3.296651e-03, -2.775558e-17, -2.775558e-17
0.140, 4.603038e-02, 2.131048e-03, 1.299041e-04, 2.621905e-03, 1.387779e-17, -1.387779e-17
0.150, 3.665381e-02, 1.927085e-03, 1.250682e-04, 2.084523e-03, 1.387779e-17, 0.000000e+00
0.160, 2.919981e-02, 1.726841e-03, 1.192398e-04, 1.657150e-03, 0.000000e+00, 0.000000e+00
0.170, 2.327386e-02, 1.535052e-03, 1.126691e-04, 1.317581e-03, 0.000000e+00, 0.000000e+00
0.180, 1.856157e-02, 1.354940e-03, 1.055875e-04, 1.047918e-03, 0.000000e+00, 0.000000e+00
0.190, 1.481290e-02, 1.188483e-03, 9.820286e-05, 8.338136e-04, 1.387779e-17, 1.387779e-17
0.200, 1.182930e-02, 1.036679e-03, 9.069612e-05, 6.638115e-04, 0.000000e+00, 1.387779e-17
0.210, 9.453242e-03, 8.997793e-04, 8.322065e-05, 5.287940e-04, -1.387779e-17, 0.000000e+00
0.220, 7.559790e-03, 7.774934e-04, 7.590222e-05, 4.215184e-04, 0.000000e+00, 0.000000e+00
0.230, 6.049885e-03, 6.691531e-04, 6.884039e-05, 3.362406e-04, 2.775558e-17, 0.000000e+00
0.240, 4.844974e-03, 5.738482e-04, 6.211065e-05, 2.684087e-04, 0.000000e+00, 0.000000e+00
0.250, 3.882748e-03, 4.905289e-04, 5.576692e-05, 2.144178e-04, 2.775558e-17, -1.387779e-17
0.260, 3.113763e-03, 4.180839e-04, 4.984436e-05, 1.714133e-04, 0.000000e+00, -2.775558e-17
0.270, 2.498758e-03, 3.553962e-04, 4.436227e-05, 1.371343e-04, 0.000000e+00, 1.387779e-17
0.280, 2.006543e-03, 3.013829e-04, 3.932686e-05, 1.097898e-04, 0.000000e+00, 0.000000e+00
0.290, 1.612319e-03, 2.550203e-04, 3.473381e-05, 8.796043e-05, -1.387779e-17, 1.387779e-17
0.300, 1.296354e-03, 2.153600e-04, 3.057065e-05, 7.052062e-05, 1.387779e-17, 2.775558e-17
0.310, 1.042939e-03, 1.815365e-04, 2.681882e-05, 5.657719e-05, 1.387779e-17, 0.000000e+00
0.320, 8.395537e-04, 1.527701e-04, 2.345548e-05, 4.542086e-05, -1.387779e-17, 0.000000e+00
0.330, 6.762144e-04, 1.283655e-04, 2.045496e-05, 3.648802e-05, 0.000000e+00, 0.000000e+00
0.340, 5.449526e-04, 1.077080e-04, 1.779006e-05, 2.933040e-05, 0.000000e+00, 0.000000e+00
0.350, 4.394036e-04, 9.025792e-05, 1.543297e-05, 2.359120e-05, 1.387779e-17, 1.387779e-17
0.360, 3.544797e-04, 7.554481e-05, 1.335608e-05, 1.898622e-05, 0.000000e+00, 0.000000e+00
0.370, 2.861111e-04, 6.316050e-05, 1.153257e-05, 1.528885e-05, 0.000000e+00, 0.000000e+00
0.380, 2.310395e-04, 5.275262e-05, 9.936772e-06, 1.231831e-05, 2.775558e-17, 0.000000e+00
0.390, 1.866547e-04, 4.401824e-05, 8.544546e-06, 9.930236e-06, 1.387779e-17, 0.000000e+00
0.400, 1.508642e-04, 3.669792e-05, 7.333396e-06, 8.009259e-06, 2.775558e-17, -1.387779e-17
0.410, 1.219892e-04, 3.057012e-05, 6.282587e-06, 6.463116e-06, 1.387779e-17, 7.703720e-32
0.420, 9.868205e-05, 2.544632e-05, 5.373177e-06, 5.217964e-06, 2.775558e-17, -1.387779e-17
0.430, 7.986023e-05, 2.116641e-05, 4.587986e-06, 4.214663e-06, 1.387779e-17, 1.387779e-17
0.440, 6.465361e-05, 1.759482e-05, 3.911542e-06, 3.405810e-06, 0.000000e+00, 0.000000e+00
0.450, 5.236235e-05, 1.461695e-05, 3.329990e-06, 2.753387e-06, 0.000000e+00, 0.000000e+00
0.460, 4.242329e-05, 1.213615e-05, 2.830996e-06, 2.226881e-06, -1.387779e-17, -1.387779e-17
0.470, 3.438295e-05, 1.007101e-05, 2.403625e-06, 1.801788e-06, 1.387779e-17, -6.471125e-32
0.480, 2.787602e-05, 8.353106e-06, 2.038232e-06, 1.458416e-06, -1.387779e-17, 0.000000e+00
0.490, 2.260801e-05, 6.924999e-06, 1.726340e-06, 1.180932e-06, 0.000000e+00, 0.000000e+00
0.500, 1.834144e-05, 5.738531e-06, 1.460527e-06, 9.565954e-07, 0.000000e+00, 1.387779e-17
0.510, 1.488467e-05, 4.753383e-06, 1.234318e-06, 7.751517e-07, 0.000000e+00, 0.000000e+00
0.520, 1.208304e-05, 3.935835e-06, 1.042078e-06, 6.283407e-07, 1.387779e-17, -1.387779e-17
0.530, 9.811598e-06, 3.257713e-06, 8.789212e-07, 5.095057e-07, 0.000000e+00, -1.387779e-17
0.540, 7.969412e-06, 2.695506e-06, 7.406203e-07, 4.132792e-07, 1.387779e-17, 2.775558e-17
0.550, 6.474883e-06, 2.229603e-06, 6.235275e-07, 3.353316e-07, -1.387779e-17, 1.387779e-17
0.560, 5.262029e-06, 1.843669e-06, 5.245019e-07, 2.721683e-07, 0.000000e+00, 1.387779e-17
0.570, 4.277466e-06, 1.524102e-06, 4.408454e-07, 2.209676e-07, 0.000000e+00, 1.417484e-31
0.580, 3.477994e-06, 1.259585e-06, 3.702445e-07, 1.794502e-07, 0.000000e+00, 0.000000e+00
0.590, 2.828633e-06, 1.040711e-06, 3.107196e-07, 1.457740e-07, 0.000000e+00, 0.000000e+00
0.600, 2.301054e-06, 8.596618e-07, 2.605794e-07, 1.184494e-07, 0.000000e+00, 0.000000e+00
0.610, 1.872305e-06, 7.099470e-07, 2.183815e-07, 9.627179e-08, -1.387779e-17, 2.775558e-17
0.620, 1.523782e-06, 5.861788e-07, 1.828976e-07, 7.826643e-08, 1.387779e-17, 1.387779e-17
0.630, 1.240404e-06, 4.838884e-07, 1.530835e-07, 6.364421e-08, 0.000000e+00, 1.387779e-17
0.640, 1.009937e-06, 3.993701e-07, 1.280524e-07, 5.176619e-08, 0.000000e+00, 0.000000e+00
0.650, 8.224583e-07, 3.295532e-07, 1.070524e-07, 4.211476e-08, 1.387779e-17, 1.387779e-17
0.660, 6.699145e-07, 2.718937e-07, 8.944672e-08, 3.427051e-08, 1.387779e-17, 2.775558e-17
0.670, 5.457683e-07, 2.242848e-07, 7.469658e-08, 2.789344e-08, 0.000000e+00, 0.000000e+00
0.680, 4.447112e-07, 1.849827e-07, 6.234680e-08, 2.270786e-08, -1.387779e-17, -1.387779e-17
0.690, 3.624318e-07, 1.525443e-07, 5.201313e-08, 1.849015e-08, 0.000000e+00, 1.387779e-17
0.700, 2.954274e-07, 1.257759e-07, 4.337154e-08, 1.505887e-08, 0.000000e+00, 1.387779e-17
0.710, 2.408512e-07, 1.036902e-07, 3.614906e-08, 1.226675e-08, 0.000000e+00, 0.000000e+00
0.720, 1.963894e-07, 8.547113e-08, 3.011592e-08, 9.994239e-09, 1.387779e-17, 0.000000e+00
0.730, 1.601608e-07, 7.044407e-08, 2.507890e-08, 8.144250e-09, 1.387779e-17, 0.000000e+00
0.740, 1.306353e-07, 5.805160e-08, 2.087564e-08, 6.637915e-09, 0.000000e+00, 0.000000e+00
0.750, 1.065684e-07, 4.783325e-08, 1.736980e-08, 5.411156e-09, -1.387779e-17, 1.387779e-17
0.760, 8.694734e-08, 3.940870e-08, 1.444700e-08, 4.411892e-09, 0.000000e+00, 1.387779e-17
0.770, 7.094814e-08, 3.246390e-08, 1.201134e-08, 3.597787e-09, 0.000000e+00, 4.163336e-17
0.780, 5.789995e-08, 2.673956e-08, 9.982484e-09, 2.934419e-09, 0.000000e+00, 1.387779e-17
0.790, 4.725658e-08, 2.202168e-08, 8.293134e-09, 2.393789e-09, 0.000000e+00, 1.387779e-17
0.800, 3.857326e-08, 1.813361e-08, 6.886992e-09, 1.953125e-09, 0.000000e+00, -1.387779e-17
0.810, 3.148768e-08, 1.492960e-08, 5.716966e-09, 1.593894e-09, -1.387779e-17, -1.387779e-17
0.820, 2.570466e-08, 1.228939e-08, 4.743690e-09, 1.301020e-09, 0.000000e+00, -1.387779e-17
0.830, 2.098366e-08, 1.011375e-08, 3.934271e-09, 1.062228e-09, 0.000000e+00, 0.000000e+00
0.840, 1.712858e-08, 8.320834e-09, 3.261234e-09, 8.675285e-10, 0.000000e+00, 0.000000e+00
0.850, 1.397951e-08, 6.843094e-09, 2.701638e-09, 7.087902e-10, 0.000000e+00, 1.387779e-17
0.860, 1.140603e-08, 5.624809e-09, 2.236330e-09, 5.793931e-10, -1.387779e-17, 0.000000e+00
0.870, 9.301671e-09, 4.619988e-09, 1.849323e-09, 4.739490e-10, -1.387779e-17, -1.387779e-17
0.880, 7.579509e-09, 3.790659e-09, 1.527266e-09, 3.880737e-10, 0.000000e+00, 0.000000e+00
0.890, 6.168482e-09, 3.105448e-09, 1.259009e-09, 3.182018e-10, 0.000000e+00, 0.000000e+00
0.900, 5.010443e-09, 2.538405e-09, 1.035228e-09, 2.614361e-10, 0.000000e+00, 0.000000e+00
0.910, 4.057723e-09, 2.068035e-09, 8.481175e-10, 2.154260e-10, 0.000000e+00, -1.387779e-17
0.920, 3.271154e-09, 1.676486e-09, 6.911260e-10, 1.782685e-10, 0.000000e+00, 0.000000e+00
0.930, 2.618433e-09, 1.348885e-09, 5.587375e-10, 1.484286e-10, 0.000000e+00, 0.000000e+00
0.940, 2.072781e-09, 1.072771e-09, 4.462829e-10, 1.246748e-10, -2.775558e-17, 0.000000e+00
0.950, 1.611840e-09, 8.376316e-10, 3.497817e-10, 1.060279e-10, -1.540744e-31, 1.540744e-31
0.960, 1.216737e-09, 6.345042e-10, 2.658063e-10, 9.171978e-11, 1.387779e-17, -1.387779e-17
0.970, 8.713148e-10, 4.556382e-10, 1.913636e-10, 8.116147e-11, 1.387779e-17, 1.387779e-17
0.980, 5.614570e-10, 2.942010e-10, 1.237919e-10, 7.391866e-11, -1.387779e-17, 2.775558e-17
0.990, 2.745106e-10, 1.440206e-10, 6.066875e-11, 6.969358e-11, 1.387779e-17, 1.387779e-17
1.000, 0.000000e+00, 0.000000e+00, 0.000000e+00, 0.000000e+00, 0.000000e+00, 0.000000e+00
[Timer] 
[Timer] ----------------Summary:Timer----------------
[Timer] measured time (rt) : 162.729s
[Timer] measured time (cpu): 162.520s
[Timer] average MLUPs :       20.260
[Timer] average MLUPps:       20.260
[Timer] ---------------------------------------------
