1
node23
[MpiManager] Sucessfully initialized, numThreads=1
[Directories] Directory ./100case26_mink/ created.
[Directories] Directory ./100case26_mink/imageData/ created.
[Directories] Directory ./100case26_mink/imageData/data/ created.
[Directories] Directory ./100case26_mink/vtkData/ created.
[Directories] Directory ./100case26_mink/vtkData/data/ created.
[Directories] Directory ./100case26_mink/gnuplotData/ created.
[Directories] Directory ./100case26_mink/gnuplotData/data/ created.
[main] case26
[main] omega = .... 1
[main] omega 1
[main] working with diffuse approximation
[main] omega=1
[main] latticeSink=0.0135
[RadiativeUnitConverter] ----------------- UnitConverter information -----------------
[RadiativeUnitConverter] -- Parameters:
[RadiativeUnitConverter] Resolution:                       N=              100
[RadiativeUnitConverter] Lattice relaxation frequency:     omega=          1
[RadiativeUnitConverter] Lattice relaxation time:          tau=            1
[RadiativeUnitConverter] Characteristical length(m):       charL=          1
[RadiativeUnitConverter] Phys. density(kg/m^d):            charRho=        1
[RadiativeUnitConverter] Phys. absorption(1/m):            mu_a=           18
[RadiativeUnitConverter] Phys. scattering(1/m):            mu_s=           2
[RadiativeUnitConverter] Extinction(1/m):                  mu_t=           20
[RadiativeUnitConverter] Effective attenuation(1/m):       mu_eff=         32.8634
[RadiativeUnitConverter] Phys. diffusion(m):               D=              0.0166667
[RadiativeUnitConverter] Single scattering albedo:         albedo=         0.1
[RadiativeUnitConverter] Anisotropy factor:                g=              0
[RadiativeUnitConverter] 
[RadiativeUnitConverter] Lattice diffusion:                D^*=            1.66667
[RadiativeUnitConverter] Lattice absorption:               absorption=     0.18
[RadiativeUnitConverter] Lattice scattering:               scattering=     0.02
[RadiativeUnitConverter] Lattice sink:                     sink=           0.0135
[RadiativeUnitConverter] C_R: 1
[RadiativeUnitConverter] r_F: 1.73913
[RadiativeUnitConverter] 
[RadiativeUnitConverter] -- Conversion factors:
[RadiativeUnitConverter] Voxel length(m):                  physDeltaX=     0.01
[RadiativeUnitConverter] Time step(s):                     physDeltaT=     1.25e-05
[RadiativeUnitConverter] Density factor(kg/m^3):           physDensity=    1
[RadiativeUnitConverter] -------------------------------------------------------------
[prepareGeometryCube] Prepare cubeGeometry ...
[SuperGeometry3D] cleaned 0 outer boundary voxel(s)
[SuperGeometry3D] cleaned 0 inner boundary voxel(s)
[SuperGeometry3D] the model is correct!
[CuboidGeometry3D] ---Cuboid Stucture Statistics---
[CuboidGeometry3D]  Number of Cuboids: 	2
[CuboidGeometry3D]  Delta  (min): 		0.01
[CuboidGeometry3D]         (max): 		0.01
[CuboidGeometry3D]  Ratio  (min): 		0.49505
[CuboidGeometry3D]         (max): 		2.02
[CuboidGeometry3D]  Nodes  (min): 		510050
[CuboidGeometry3D]         (max): 		520251
[CuboidGeometry3D]  Weight (min): 		510050
[CuboidGeometry3D]         (max): 		520251
[CuboidGeometry3D] --------------------------------
[SuperGeometryStatistics3D] materialNumber=1; count=970299; minPhysR=(0.01,-0.49,-0.49); maxPhysR=(0.99,0.49,0.49)
[SuperGeometryStatistics3D] materialNumber=2; count=59561; minPhysR=(0,-0.5,-0.5); maxPhysR=(1,0.5,0.5)
[SuperGeometryStatistics3D] materialNumber=3; count=441; minPhysR=(0,-0.1,-0.1); maxPhysR=(0,0.1,0.1)
[prepareGeometryCube] Prepare cubeGeometry ... OK
[prepareLattice] Prepare Lattice ...
[prepareLattice] Prepare Lattice ... OK
[main] iT convergence criteria: 160
[LatticeStatistics] step=0; t=0; uMax=0; avEnergy=0; avRho=1
[Timer] step=0; percent=0; passedTime=6.95322e-313; remTime=0.001; MLUPs=0
[Timer] step=0; percent=0; passedTime=6.95322e-313; remTime=0.001; MLUPs=0
[ValueTracer] average=0.00125155; stdDev/average=0.195432
[LatticeStatistics] step=200; t=0.0025; uMax=0; avEnergy=0; avRho=0.0015019
[Timer] step=200; percent=0.0208333; passedTime=9.768; remTime=46876.6; MLUPs=21.0954
[Timer] step=200; percent=0.0208333; passedTime=9.768; remTime=46876.6; MLUPs=21.0954
[ValueTracer] average=0.00151001; stdDev/average=0.00797754
[LatticeStatistics] step=400; t=0.005; uMax=0; avEnergy=0; avRho=0.00152638
[Timer] step=400; percent=0.0416667; passedTime=19.322; remTime=46353.5; MLUPs=21.568
[Timer] step=400; percent=0.0416667; passedTime=19.322; remTime=46353.5; MLUPs=21.568
[ValueTracer] average=0.00152607; stdDev/average=0.000677658
[LatticeStatistics] step=600; t=0.0075; uMax=0; avEnergy=0; avRho=0.00152758
[Timer] step=600; percent=0.0625; passedTime=28.897; remTime=46206.3; MLUPs=21.5229
[Timer] step=600; percent=0.0625; passedTime=28.897; remTime=46206.3; MLUPs=21.5229
[ValueTracer] average=0.0015275; stdDev/average=6.43926e-05
[LatticeStatistics] step=800; t=0.01; uMax=0; avEnergy=0; avRho=0.00152765
[Timer] step=800; percent=0.0833333; passedTime=38.484; remTime=46142.3; MLUPs=21.4915
[Timer] step=800; percent=0.0833333; passedTime=38.484; remTime=46142.3; MLUPs=21.4915
[ValueTracer] average=0.00152764; stdDev/average=6.41201e-06
[ValueTracer] average=0.00152765; stdDev/average=6.54777e-07
[LatticeStatistics] step=1000; t=0.0125; uMax=0; avEnergy=0; avRho=0.00152765
[Timer] step=1000; percent=0.104167; passedTime=48.04; remTime=46070.4; MLUPs=21.5612
[Timer] step=1000; percent=0.104167; passedTime=48.04; remTime=46070.4; MLUPs=21.5612
[ValueTracer] average=0.00152765; stdDev/average=6.78696e-08
[LatticeStatistics] step=1200; t=0.015; uMax=0; avEnergy=0; avRho=0.00152765
[Timer] step=1200; percent=0.125; passedTime=57.597; remTime=46020; MLUPs=21.5634
[Timer] step=1200; percent=0.125; passedTime=57.597; remTime=46020; MLUPs=21.5634
[main] Simulation converged. -- 1256
[main] ------1256
[main] Simulation converged. -- 1256
[main] ./100case26_mink/100case26.csv
0.000, 1.000000e+00, 0.000000e+00, 0.000000e+00, 0.000000e+00, 0.000000e+00, 0.000000e+00
0.010, 7.276857e-01, 7.232214e-05, 4.149257e-07, 6.075929e-02, 0.000000e+00, 0.000000e+00
0.020, 5.188631e-01, 1.397563e-04, 8.182441e-07, 4.355615e-02, 0.000000e+00, 0.000000e+00
0.030, 3.692426e-01, 1.963348e-04, 1.188236e-06, 3.118829e-02, 1.387779e-17, 1.387779e-17
0.040, 2.621995e-01, 2.387246e-04, 1.511289e-06, 2.229414e-02, 0.000000e+00, 1.387779e-17
0.050, 1.857713e-01, 2.655429e-04, 1.777188e-06, 1.590194e-02, 0.000000e+00, 0.000000e+00
0.060, 1.313311e-01, 2.772331e-04, 1.979628e-06, 1.131478e-02, 1.387779e-17, 2.775558e-17
0.070, 9.265188e-02, 2.756423e-04, 2.116325e-06, 8.030288e-03, -2.775558e-17, 2.775558e-17
0.080, 6.524111e-02, 2.634665e-04, 2.188755e-06, 5.684900e-03, -1.387779e-17, 0.000000e+00
0.090, 4.586349e-02, 2.437129e-04, 2.201589e-06, 4.015020e-03, -2.775558e-17, 0.000000e+00
0.100, 3.219554e-02, 2.192732e-04, 2.161943e-06, 2.829588e-03, -1.387779e-17, 0.000000e+00
0.110, 2.257408e-02, 1.926464e-04, 2.078534e-06, 1.990416e-03, 0.000000e+00, 1.387779e-17
0.120, 1.581274e-02, 1.658031e-04, 1.960851e-06, 1.397876e-03, 1.387779e-17, 1.387779e-17
0.130, 1.106818e-02, 1.401615e-04, 1.818426e-06, 9.804242e-04, 0.000000e+00, 0.000000e+00
0.140, 7.742767e-03, 1.166358e-04, 1.660233e-06, 6.868931e-04, 0.000000e+00, 1.387779e-17
0.150, 5.414221e-03, 9.572358e-05, 1.494270e-06, 4.808310e-04, -1.387779e-17, 1.387779e-17
0.160, 3.784906e-03, 7.760469e-05, 1.327293e-06, 3.363654e-04, -2.775558e-17, 0.000000e+00
0.170, 2.645477e-03, 6.223573e-05, 1.164705e-06, 2.351913e-04, 1.387779e-17, -1.387779e-17
0.180, 1.848950e-03, 4.943035e-05, 1.010564e-06, 1.643946e-04, 2.775558e-17, 1.387779e-17
0.190, 1.292273e-03, 3.892249e-05, 8.676790e-07, 1.148854e-04, 0.000000e+00, 1.387779e-17
0.200, 9.032748e-04, 3.041263e-05, 7.377648e-07, 8.027860e-05, 0.000000e+00, 0.000000e+00
0.210, 6.314608e-04, 2.359920e-05, 6.216252e-07, 5.609583e-05, -2.775558e-17, -1.387779e-17
0.220, 4.415227e-04, 1.819836e-05, 5.193438e-07, 3.920026e-05, 0.000000e+00, 1.387779e-17
0.230, 3.087843e-04, 1.395482e-05, 4.304662e-07, 2.739687e-05, 0.000000e+00, 1.387779e-17
0.240, 2.160058e-04, 1.064650e-05, 3.541636e-07, 1.915083e-05, 0.000000e+00, 1.387779e-17
0.250, 1.511448e-04, 8.085135e-06, 2.893710e-07, 1.338955e-05, -1.387779e-17, -1.387779e-17
0.260, 1.057903e-04, 6.114327e-06, 2.348997e-07, 9.363745e-06, -1.387779e-17, 0.000000e+00
0.270, 7.406770e-05, 4.606318e-06, 1.895231e-07, 6.550114e-06, 0.000000e+00, 0.000000e+00
0.280, 5.187357e-05, 3.458184e-06, 1.520395e-07, 4.583234e-06, 1.387779e-17, 1.387779e-17
0.290, 3.634128e-05, 2.587979e-06, 1.213157e-07, 3.207932e-06, -2.775558e-17, 1.387779e-17
0.300, 2.546787e-05, 1.931112e-06, 9.631260e-08, 2.246016e-06, 2.775558e-17, 0.000000e+00
0.310, 1.785353e-05, 1.437118e-06, 7.610013e-08, 1.573033e-06, 1.387779e-17, 0.000000e+00
0.320, 1.251972e-05, 1.066863e-06, 5.986109e-08, 1.102053e-06, 1.387779e-17, -1.387779e-17
0.330, 8.782201e-06, 7.902055e-07, 4.688924e-08, 7.723382e-07, 0.000000e+00, -1.387779e-17
0.340, 6.162392e-06, 5.840666e-07, 3.658269e-08, 5.414433e-07, 0.000000e+00, -1.387779e-17
0.350, 4.325445e-06, 4.308678e-07, 2.843475e-08, 3.796983e-07, -1.540744e-31, -1.540744e-31
0.360, 3.037009e-06, 3.172830e-07, 2.202344e-08, 2.663566e-07, 2.775558e-17, 2.775558e-17
0.370, 2.133011e-06, 2.332528e-07, 1.700071e-08, 1.869072e-07, 0.000000e+00, 0.000000e+00
0.380, 1.498543e-06, 1.712123e-07, 1.308200e-08, 1.311972e-07, -1.387779e-17, 0.000000e+00
0.390, 1.053107e-06, 1.254925e-07, 1.003644e-08, 9.212065e-08, 0.000000e+00, 1.387779e-17
0.400, 7.402864e-07, 9.185803e-08, 7.678065e-09, 6.470254e-08, -1.387779e-17, -1.387779e-17
0.410, 5.205335e-07, 6.715395e-08, 5.858069e-09, 4.545849e-08, 0.000000e+00, 0.000000e+00
0.420, 3.661139e-07, 4.903613e-08, 4.458073e-09, 3.194740e-08, 0.000000e+00, 0.000000e+00
0.430, 2.575726e-07, 3.576703e-08, 3.384427e-09, 2.245847e-08, -1.387779e-17, -1.387779e-17
0.440, 1.812574e-07, 2.606159e-08, 2.563422e-09, 1.579234e-08, 0.000000e+00, -2.775558e-17
0.450, 1.275856e-07, 1.897130e-08, 1.937315e-09, 1.110788e-08, 0.000000e+00, 0.000000e+00
0.460, 8.982854e-08, 1.379734e-08, 1.461067e-09, 7.815050e-09, 1.387779e-17, -1.387779e-17
0.470, 6.326016e-08, 1.002579e-08, 1.099693e-09, 5.499777e-09, 4.163336e-17, -6.471125e-32
0.480, 4.456012e-08, 7.279248e-09, 8.261198e-10, 3.871402e-09, -1.387779e-17, 0.000000e+00
0.490, 3.139489e-08, 5.281018e-09, 6.194704e-10, 2.725826e-09, 0.000000e+00, 1.387779e-17
0.500, 2.212405e-08, 3.828501e-09, 4.637005e-10, 1.919693e-09, -1.387779e-17, 0.000000e+00
0.510, 1.559408e-08, 2.773542e-09, 3.465169e-10, 1.352277e-09, -1.387779e-17, 0.000000e+00
0.520, 1.099361e-08, 2.007933e-09, 2.585293e-10, 9.527884e-10, 1.387779e-17, -2.775558e-17
0.530, 7.751795e-09, 1.452727e-09, 1.925835e-10, 6.714613e-10, 0.000000e+00, -1.387779e-17
0.540, 5.466901e-09, 1.050389e-09, 1.432439e-10, 4.732989e-10, 0.000000e+00, -1.387779e-17
0.550, 3.856137e-09, 7.590254e-10, 1.063908e-10, 3.336847e-10, -1.387779e-17, -2.775558e-17
0.560, 2.720390e-09, 5.481644e-10, 7.890799e-11, 2.352986e-10, 0.000000e+00, 0.000000e+00
0.570, 1.919429e-09, 3.956583e-10, 5.844475e-11, 1.659512e-10, -1.387779e-17, -1.387779e-17
0.580, 1.354470e-09, 2.854236e-10, 4.323053e-11, 1.170618e-10, 1.387779e-17, -2.775558e-17
0.590, 9.559099e-10, 2.057898e-10, 3.193545e-11, 8.258837e-11, -1.387779e-17, 2.465190e-32
0.600, 6.746962e-10, 1.482944e-10, 2.356160e-11, 5.827554e-11, -2.775558e-17, 0.000000e+00
0.610, 4.762511e-10, 1.068058e-10, 1.736167e-11, 4.112555e-11, 1.387779e-17, 0.000000e+00
0.620, 3.361960e-10, 7.688372e-11, 1.277756e-11, 2.902614e-11, 4.163336e-17, 0.000000e+00
0.630, 2.373393e-10, 5.531486e-11, 9.392542e-12, 2.048862e-11, 1.387779e-17, 0.000000e+00
0.640, 1.675552e-10, 3.977552e-11, 6.895817e-12, 1.446353e-11, -1.387779e-17, 0.000000e+00
0.650, 1.182898e-10, 2.858591e-11, 5.056844e-12, 1.021098e-11, 1.387779e-17, 0.000000e+00
0.660, 8.350798e-11, 2.053269e-11, 3.703815e-12, 7.209178e-12, 1.387779e-17, 0.000000e+00
0.670, 5.895062e-11, 1.473988e-11, 2.709555e-12, 5.089956e-12, 0.000000e+00, 1.387779e-17
0.680, 4.161171e-11, 1.057532e-11, 1.979916e-12, 3.593723e-12, 0.000000e+00, -1.387779e-17
0.690, 2.936962e-11, 7.582712e-12, 1.444844e-12, 2.537290e-12, 0.000000e+00, 0.000000e+00
0.700, 2.072642e-11, 5.433431e-12, 1.053213e-12, 1.791345e-12, 0.000000e+00, 1.540744e-31
0.710, 1.462419e-11, 3.890999e-12, 7.668310e-13, 1.264641e-12, 0.000000e+00, -1.387779e-17
0.720, 1.031641e-11, 2.784328e-12, 5.575540e-13, 8.926887e-13, 0.000000e+00, -1.387779e-17
0.730, 7.275958e-12, 1.991296e-12, 4.047873e-13, 6.300793e-13, 1.387779e-17, 0.000000e+00
0.740, 5.129897e-12, 1.422973e-12, 2.935985e-13, 4.446582e-13, 1.387779e-17, 0.000000e+00
0.750, 3.615774e-12, 1.016076e-12, 2.124967e-13, 3.136519e-13, 0.000000e+00, 0.000000e+00
0.760, 2.547629e-12, 7.247536e-13, 1.534328e-13, 2.212397e-13, 1.387779e-17, 0.000000e+00
0.770, 1.794342e-12, 5.168088e-13, 1.106337e-13, 1.560696e-13, 0.000000e+00, -1.387779e-17
0.780, 1.262990e-12, 3.679279e-13, 7.926992e-14, 1.100092e-13, -1.387779e-17, -1.387779e-17
0.790, 8.885115e-13, 2.615685e-13, 5.645484e-14, 7.749357e-14, 0.000000e+00, -1.387779e-17
0.800, 6.246115e-13, 1.857403e-13, 4.002354e-14, 5.459522e-14, 0.000000e+00, 1.387779e-17
0.810, 4.387601e-13, 1.315614e-13, 2.758904e-14, 3.846923e-14, 0.000000e+00, 0.000000e+00
0.820, 3.079759e-13, 9.281464e-14, 1.859624e-14, 2.707556e-14, -1.387779e-17, 0.000000e+00
0.830, 2.157163e-13, 6.528111e-14, 1.199041e-14, 1.909584e-14, -1.540744e-31, 3.081488e-31
0.840, 1.507683e-13, 4.529710e-14, 7.438494e-15, 1.348921e-14, 1.387779e-17, -2.775558e-17
0.850, 1.046940e-13, 3.097522e-14, 4.163336e-15, 9.520162e-15, 2.775558e-17, 0.000000e+00
0.860, 7.227552e-14, 2.098322e-14, 1.998401e-15, 6.758483e-15, 0.000000e+00, 0.000000e+00
0.870, 4.907186e-14, 1.365574e-14, 8.326673e-16, 4.829470e-15, 0.000000e+00, 0.000000e+00
0.880, 3.264056e-14, 8.437695e-15, 1.110223e-16, 3.386180e-15, 0.000000e+00, 0.000000e+00
0.890, 2.131628e-14, 4.884981e-15, 0.000000e+00, 2.400857e-15, 1.387779e-17, -1.387779e-17
0.900, 1.287859e-14, 2.553513e-15, 0.000000e+00, 1.665335e-15, 0.000000e+00, 0.000000e+00
0.910, 7.438494e-15, 1.110223e-15, 0.000000e+00, 1.068590e-15, 0.000000e+00, 0.000000e+00
0.920, 3.996803e-15, 1.110223e-16, 0.000000e+00, 6.800116e-16, 0.000000e+00, 0.000000e+00
0.930, 1.776357e-15, 0.000000e+00, 0.000000e+00, 4.302114e-16, 0.000000e+00, 0.000000e+00
0.940, 4.440892e-16, 0.000000e+00, 0.000000e+00, 2.220446e-16, 0.000000e+00, 0.000000e+00
0.950, 0.000000e+00, 0.000000e+00, 0.000000e+00, 5.551115e-17, 0.000000e+00, 0.000000e+00
0.960, 0.000000e+00, 0.000000e+00, 0.000000e+00, 0.000000e+00, 0.000000e+00, 0.000000e+00
0.970, 0.000000e+00, 0.000000e+00, 0.000000e+00, 0.000000e+00, 0.000000e+00, 0.000000e+00
0.980, 0.000000e+00, 0.000000e+00, 0.000000e+00, 0.000000e+00, 0.000000e+00, 0.000000e+00
0.990, 0.000000e+00, 0.000000e+00, 0.000000e+00, 0.000000e+00, 0.000000e+00, 0.000000e+00
1.000, 0.000000e+00, 0.000000e+00, 0.000000e+00, 0.000000e+00, 0.000000e+00, 0.000000e+00
[Timer] 
[Timer] ----------------Summary:Timer----------------
[Timer] measured time (rt) : 61.708s
[Timer] measured time (cpu): 61.540s
[Timer] average MLUPs :       20.036
[Timer] average MLUPps:       20.036
[Timer] ---------------------------------------------
