1
node22
[MpiManager] Sucessfully initialized, numThreads=1
[Directories] Directory ./100case6_mink/ created.
[Directories] Directory ./100case6_mink/imageData/ created.
[Directories] Directory ./100case6_mink/imageData/data/ created.
[Directories] Directory ./100case6_mink/vtkData/ created.
[Directories] Directory ./100case6_mink/vtkData/data/ created.
[Directories] Directory ./100case6_mink/gnuplotData/ created.
[Directories] Directory ./100case6_mink/gnuplotData/data/ created.
[main] case6
[main] omega = .... 1
[main] omega 1
[main] working with diffuse approximation
[main] omega=1
[main] latticeSink=0.00054
[RadiativeUnitConverter] ----------------- UnitConverter information -----------------
[RadiativeUnitConverter] -- Parameters:
[RadiativeUnitConverter] Resolution:                       N=              100
[RadiativeUnitConverter] Lattice relaxation frequency:     omega=          1
[RadiativeUnitConverter] Lattice relaxation time:          tau=            1
[RadiativeUnitConverter] Characteristical length(m):       charL=          1
[RadiativeUnitConverter] Phys. density(kg/m^d):            charRho=        1
[RadiativeUnitConverter] Phys. absorption(1/m):            mu_a=           3.6
[RadiativeUnitConverter] Phys. scattering(1/m):            mu_s=           0.4
[RadiativeUnitConverter] Extinction(1/m):                  mu_t=           4
[RadiativeUnitConverter] Effective attenuation(1/m):       mu_eff=         6.57267
[RadiativeUnitConverter] Phys. diffusion(m):               D=              0.0833333
[RadiativeUnitConverter] Single scattering albedo:         albedo=         0.1
[RadiativeUnitConverter] Anisotropy factor:                g=              0
[RadiativeUnitConverter] 
[RadiativeUnitConverter] Lattice diffusion:                D^*=            8.33333
[RadiativeUnitConverter] Lattice absorption:               absorption=     0.036
[RadiativeUnitConverter] Lattice scattering:               scattering=     0.004
[RadiativeUnitConverter] Lattice sink:                     sink=           0.00054
[RadiativeUnitConverter] C_R: 1
[RadiativeUnitConverter] r_F: 1.94175
[RadiativeUnitConverter] 
[RadiativeUnitConverter] -- Conversion factors:
[RadiativeUnitConverter] Voxel length(m):                  physDeltaX=     0.01
[RadiativeUnitConverter] Time step(s):                     physDeltaT=     1.25e-05
[RadiativeUnitConverter] Density factor(kg/m^3):           physDensity=    1
[RadiativeUnitConverter] -------------------------------------------------------------
[prepareGeometryCube] Prepare cubeGeometry ...
[SuperGeometry3D] cleaned 0 outer boundary voxel(s)
[SuperGeometry3D] cleaned 0 inner boundary voxel(s)
[SuperGeometry3D] the model is correct!
[CuboidGeometry3D] ---Cuboid Stucture Statistics---
[CuboidGeometry3D]  Number of Cuboids: 	2
[CuboidGeometry3D]  Delta  (min): 		0.01
[CuboidGeometry3D]         (max): 		0.01
[CuboidGeometry3D]  Ratio  (min): 		0.49505
[CuboidGeometry3D]         (max): 		2.02
[CuboidGeometry3D]  Nodes  (min): 		510050
[CuboidGeometry3D]         (max): 		520251
[CuboidGeometry3D]  Weight (min): 		510050
[CuboidGeometry3D]         (max): 		520251
[CuboidGeometry3D] --------------------------------
[SuperGeometryStatistics3D] materialNumber=1; count=970299; minPhysR=(0.01,-0.49,-0.49); maxPhysR=(0.99,0.49,0.49)
[SuperGeometryStatistics3D] materialNumber=2; count=59561; minPhysR=(0,-0.5,-0.5); maxPhysR=(1,0.5,0.5)
[SuperGeometryStatistics3D] materialNumber=3; count=441; minPhysR=(0,-0.1,-0.1); maxPhysR=(0,0.1,0.1)
[prepareGeometryCube] Prepare cubeGeometry ... OK
[prepareLattice] Prepare Lattice ...
[prepareLattice] Prepare Lattice ... OK
[main] iT convergence criteria: 160
[LatticeStatistics] step=0; t=0; uMax=0; avEnergy=0; avRho=1
[Timer] step=0; percent=0; passedTime=6.94362e-313; remTime=0.001; MLUPs=0
[Timer] step=0; percent=0; passedTime=6.94362e-313; remTime=0.001; MLUPs=0
[ValueTracer] average=0.00164005; stdDev/average=0.29669
[LatticeStatistics] step=200; t=0.0025; uMax=0; avEnergy=0; avRho=0.00254712
[Timer] step=200; percent=0.0208333; passedTime=9.268; remTime=44477.1; MLUPs=22.2335
[Timer] step=200; percent=0.0208333; passedTime=9.268; remTime=44477.1; MLUPs=22.2335
[ValueTracer] average=0.00274042; stdDev/average=0.0826849
[LatticeStatistics] step=400; t=0.005; uMax=0; avEnergy=0; avRho=0.00340066
[Timer] step=400; percent=0.0416667; passedTime=18.353; remTime=44028.8; MLUPs=22.6839
[Timer] step=400; percent=0.0416667; passedTime=18.353; remTime=44028.8; MLUPs=22.6839
[ValueTracer] average=0.00339577; stdDev/average=0.0471065
[LatticeStatistics] step=600; t=0.0075; uMax=0; avEnergy=0; avRho=0.00398775
[Timer] step=600; percent=0.0625; passedTime=27.46; remTime=43908.5; MLUPs=22.6266
[Timer] step=600; percent=0.0625; passedTime=27.46; remTime=43908.5; MLUPs=22.6266
[ValueTracer] average=0.00388135; stdDev/average=0.0318777
[LatticeStatistics] step=800; t=0.01; uMax=0; avEnergy=0; avRho=0.00443099
[Timer] step=800; percent=0.0833333; passedTime=36.571; remTime=43848.6; MLUPs=22.6191
[Timer] step=800; percent=0.0833333; passedTime=36.571; remTime=43848.6; MLUPs=22.6191
[ValueTracer] average=0.00426525; stdDev/average=0.0234043
[ValueTracer] average=0.00457872; stdDev/average=0.0180031
[LatticeStatistics] step=1000; t=0.0125; uMax=0; avEnergy=0; avRho=0.00477953
[Timer] step=1000; percent=0.104167; passedTime=45.678; remTime=43805.2; MLUPs=22.6291
[Timer] step=1000; percent=0.104167; passedTime=45.678; remTime=43805.2; MLUPs=22.6291
[ValueTracer] average=0.00483941; stdDev/average=0.0142607
[LatticeStatistics] step=1200; t=0.015; uMax=0; avEnergy=0; avRho=0.00505939
[Timer] step=1200; percent=0.125; passedTime=54.801; remTime=43786; MLUPs=22.5869
[Timer] step=1200; percent=0.125; passedTime=54.801; remTime=43786; MLUPs=22.5869
[ValueTracer] average=0.00505863; stdDev/average=0.0115204
[LatticeStatistics] step=1400; t=0.0175; uMax=0; avEnergy=0; avRho=0.00528675
[Timer] step=1400; percent=0.145833; passedTime=63.906; remTime=43757.4; MLUPs=22.634
[Timer] step=1400; percent=0.145833; passedTime=63.906; remTime=43757.4; MLUPs=22.634
[ValueTracer] average=0.00524428; stdDev/average=0.00943626
[LatticeStatistics] step=1600; t=0.02; uMax=0; avEnergy=0; avRho=0.00547272
[Timer] step=1600; percent=0.166667; passedTime=72.991; remTime=43721.6; MLUPs=22.6814
[Timer] step=1600; percent=0.166667; passedTime=72.991; remTime=43721.6; MLUPs=22.6814
[ValueTracer] average=0.00540222; stdDev/average=0.00780764
[ValueTracer] average=0.00553701; stdDev/average=0.0065097
[LatticeStatistics] step=1800; t=0.0225; uMax=0; avEnergy=0; avRho=0.00562551
[Timer] step=1800; percent=0.1875; passedTime=82.075; remTime=43691.3; MLUPs=22.6814
[Timer] step=1800; percent=0.1875; passedTime=82.075; remTime=43691.3; MLUPs=22.6814
[ValueTracer] average=0.00565231; stdDev/average=0.00545995
[LatticeStatistics] step=2000; t=0.025; uMax=0; avEnergy=0; avRho=0.00575141
[Timer] step=2000; percent=0.208333; passedTime=91.161; remTime=43666.1; MLUPs=22.6814
[Timer] step=2000; percent=0.208333; passedTime=91.161; remTime=43666.1; MLUPs=22.6814
[ValueTracer] average=0.00575111; stdDev/average=0.00460129
[LatticeStatistics] step=2200; t=0.0275; uMax=0; avEnergy=0; avRho=0.00585536
[Timer] step=2200; percent=0.229167; passedTime=100.254; remTime=43646.9; MLUPs=22.6614
[Timer] step=2200; percent=0.229167; passedTime=100.254; remTime=43646.9; MLUPs=22.6614
[ValueTracer] average=0.00583587; stdDev/average=0.00389268
[LatticeStatistics] step=2400; t=0.03; uMax=0; avEnergy=0; avRho=0.00594134
[Timer] step=2400; percent=0.25; passedTime=109.35; remTime=43630.7; MLUPs=22.6564
[Timer] step=2400; percent=0.25; passedTime=109.35; remTime=43630.7; MLUPs=22.6564
[ValueTracer] average=0.00590867; stdDev/average=0.00330373
[ValueTracer] average=0.00597126; stdDev/average=0.00281138
[LatticeStatistics] step=2600; t=0.0325; uMax=0; avEnergy=0; avRho=0.00601254
[Timer] step=2600; percent=0.270833; passedTime=118.437; remTime=43612.1; MLUPs=22.6764
[Timer] step=2600; percent=0.270833; passedTime=118.437; remTime=43612.1; MLUPs=22.6764
[ValueTracer] average=0.00602509; stdDev/average=0.00239779
[LatticeStatistics] step=2800; t=0.035; uMax=0; avEnergy=0; avRho=0.00607157
[Timer] step=2800; percent=0.291667; passedTime=127.525; remTime=43595.3; MLUPs=22.6764
[Timer] step=2800; percent=0.291667; passedTime=127.525; remTime=43595.3; MLUPs=22.6764
[ValueTracer] average=0.00607144; stdDev/average=0.00204897
[LatticeStatistics] step=3000; t=0.0375; uMax=0; avEnergy=0; avRho=0.00612055
[Timer] step=3000; percent=0.3125; passedTime=136.599; remTime=43575.1; MLUPs=22.7114
[Timer] step=3000; percent=0.3125; passedTime=136.599; remTime=43575.1; MLUPs=22.7114
[ValueTracer] average=0.00611136; stdDev/average=0.00175375
[LatticeStatistics] step=3200; t=0.04; uMax=0; avEnergy=0; avRho=0.00616122
[Timer] step=3200; percent=0.333333; passedTime=145.675; remTime=43556.8; MLUPs=22.7064
[Timer] step=3200; percent=0.333333; passedTime=145.675; remTime=43556.8; MLUPs=22.7064
[ValueTracer] average=0.00614576; stdDev/average=0.00150316
[ValueTracer] average=0.00617541; stdDev/average=0.00128992
[LatticeStatistics] step=3400; t=0.0425; uMax=0; avEnergy=0; avRho=0.00619502
[Timer] step=3400; percent=0.354167; passedTime=154.747; remTime=43538.5; MLUPs=22.7139
[Timer] step=3400; percent=0.354167; passedTime=154.747; remTime=43538.5; MLUPs=22.7139
[ValueTracer] average=0.00620099; stdDev/average=0.00110807
[LatticeStatistics] step=3600; t=0.045; uMax=0; avEnergy=0; avRho=0.00622311
[Timer] step=3600; percent=0.375; passedTime=163.816; remTime=43520.5; MLUPs=22.7239
[Timer] step=3600; percent=0.375; passedTime=163.816; remTime=43520.5; MLUPs=22.7239
[ValueTracer] average=0.00622305; stdDev/average=0.000952705
[LatticeStatistics] step=3800; t=0.0475; uMax=0; avEnergy=0; avRho=0.00624648
[Timer] step=3800; percent=0.395833; passedTime=172.889; remTime=43504.3; MLUPs=22.7114
[Timer] step=3800; percent=0.395833; passedTime=172.889; remTime=43504.3; MLUPs=22.7114
[ValueTracer] average=0.00624209; stdDev/average=0.000819746
[LatticeStatistics] step=4000; t=0.05; uMax=0; avEnergy=0; avRho=0.00626593
[Timer] step=4000; percent=0.416667; passedTime=181.957; remTime=43487.7; MLUPs=22.7239
[Timer] step=4000; percent=0.416667; passedTime=181.957; remTime=43487.7; MLUPs=22.7239
[ValueTracer] average=0.00625853; stdDev/average=0.000705806
[ValueTracer] average=0.00627272; stdDev/average=0.000608047
[LatticeStatistics] step=4200; t=0.0525; uMax=0; avEnergy=0; avRho=0.00628211
[Timer] step=4200; percent=0.4375; passedTime=191.043; remTime=43475.9; MLUPs=22.6764
[Timer] step=4200; percent=0.4375; passedTime=191.043; remTime=43475.9; MLUPs=22.6764
[ValueTracer] average=0.00628497; stdDev/average=0.000524083
[LatticeStatistics] step=4400; t=0.055; uMax=0; avEnergy=0; avRho=0.00629558
[Timer] step=4400; percent=0.458333; passedTime=200.122; remTime=43462.9; MLUPs=22.6989
[Timer] step=4400; percent=0.458333; passedTime=200.122; remTime=43462.9; MLUPs=22.6989
[ValueTracer] average=0.00629556; stdDev/average=0.000451903
[LatticeStatistics] step=4600; t=0.0575; uMax=0; avEnergy=0; avRho=0.0063068
[Timer] step=4600; percent=0.479167; passedTime=209.206; remTime=43451.2; MLUPs=22.6864
[Timer] step=4600; percent=0.479167; passedTime=209.206; remTime=43451.2; MLUPs=22.6864
[ValueTracer] average=0.0063047; stdDev/average=0.000389804
[LatticeStatistics] step=4800; t=0.06; uMax=0; avEnergy=0; avRho=0.00631615
[Timer] step=4800; percent=0.5; passedTime=218.272; remTime=43436.1; MLUPs=22.7289
[Timer] step=4800; percent=0.5; passedTime=218.272; remTime=43436.1; MLUPs=22.7289
[ValueTracer] average=0.00631259; stdDev/average=0.000336344
[ValueTracer] average=0.00631942; stdDev/average=0.000290293
[LatticeStatistics] step=5000; t=0.0625; uMax=0; avEnergy=0; avRho=0.00632393
[Timer] step=5000; percent=0.520833; passedTime=227.34; remTime=43421.9; MLUPs=22.7264
[Timer] step=5000; percent=0.520833; passedTime=227.34; remTime=43421.9; MLUPs=22.7264
[ValueTracer] average=0.00632531; stdDev/average=0.000250605
[LatticeStatistics] step=5200; t=0.065; uMax=0; avEnergy=0; avRho=0.00633042
[Timer] step=5200; percent=0.541667; passedTime=236.412; remTime=43408.9; MLUPs=22.7139
[Timer] step=5200; percent=0.541667; passedTime=236.412; remTime=43408.9; MLUPs=22.7139
[ValueTracer] average=0.0063304; stdDev/average=0.000216386
[LatticeStatistics] step=5400; t=0.0675; uMax=0; avEnergy=0; avRho=0.00633582
[Timer] step=5400; percent=0.5625; passedTime=245.49; remTime=43397.2; MLUPs=22.6989
[Timer] step=5400; percent=0.5625; passedTime=245.49; remTime=43397.2; MLUPs=22.6989
[ValueTracer] average=0.00633481; stdDev/average=0.000186871
[LatticeStatistics] step=5600; t=0.07; uMax=0; avEnergy=0; avRho=0.00634032
[Timer] step=5600; percent=0.583333; passedTime=254.579; remTime=43387.5; MLUPs=22.6714
[Timer] step=5600; percent=0.583333; passedTime=254.579; remTime=43387.5; MLUPs=22.6714
[ValueTracer] average=0.00633861; stdDev/average=0.000161406
[ValueTracer] average=0.0063419; stdDev/average=0.000139429
[LatticeStatistics] step=5800; t=0.0725; uMax=0; avEnergy=0; avRho=0.00634408
[Timer] step=5800; percent=0.604167; passedTime=263.664; remTime=43377.3; MLUPs=22.6839
[Timer] step=5800; percent=0.604167; passedTime=263.664; remTime=43377.3; MLUPs=22.6839
[ValueTracer] average=0.00634474; stdDev/average=0.000120457
[LatticeStatistics] step=6000; t=0.075; uMax=0; avEnergy=0; avRho=0.0063472
[Timer] step=6000; percent=0.625; passedTime=272.74; remTime=43365.7; MLUPs=22.7064
[Timer] step=6000; percent=0.625; passedTime=272.74; remTime=43365.7; MLUPs=22.7064
[ValueTracer] average=0.0063472; stdDev/average=0.000104077
[LatticeStatistics] step=6200; t=0.0775; uMax=0; avEnergy=0; avRho=0.00634981
[Timer] step=6200; percent=0.645833; passedTime=281.809; remTime=43353.1; MLUPs=22.7214
[Timer] step=6200; percent=0.645833; passedTime=281.809; remTime=43353.1; MLUPs=22.7214
[ValueTracer] average=0.00634932; stdDev/average=8.99311e-05
[LatticeStatistics] step=6400; t=0.08; uMax=0; avEnergy=0; avRho=0.00635198
[Timer] step=6400; percent=0.666667; passedTime=290.916; remTime=43346.5; MLUPs=22.6291
[Timer] step=6400; percent=0.666667; passedTime=290.916; remTime=43346.5; MLUPs=22.6291
[ValueTracer] average=0.00635116; stdDev/average=7.77134e-05
[ValueTracer] average=0.00635274; stdDev/average=6.71596e-05
[LatticeStatistics] step=6600; t=0.0825; uMax=0; avEnergy=0; avRho=0.00635379
[Timer] step=6600; percent=0.6875; passedTime=300.022; remTime=43339.5; MLUPs=22.6266
[Timer] step=6600; percent=0.6875; passedTime=300.022; remTime=43339.5; MLUPs=22.6266
[ValueTracer] average=0.00635411; stdDev/average=5.8042e-05
[LatticeStatistics] step=6800; t=0.085; uMax=0; avEnergy=0; avRho=0.0063553
[Timer] step=6800; percent=0.708333; passedTime=309.115; remTime=43330.6; MLUPs=22.6639
[Timer] step=6800; percent=0.708333; passedTime=309.115; remTime=43330.6; MLUPs=22.6639
[ValueTracer] average=0.0063553; stdDev/average=5.01645e-05
[LatticeStatistics] step=7000; t=0.0875; uMax=0; avEnergy=0; avRho=0.00635656
[Timer] step=7000; percent=0.729167; passedTime=318.209; remTime=43321.9; MLUPs=22.6589
[Timer] step=7000; percent=0.729167; passedTime=318.209; remTime=43321.9; MLUPs=22.6589
[ValueTracer] average=0.00635632; stdDev/average=4.33578e-05
[LatticeStatistics] step=7200; t=0.09; uMax=0; avEnergy=0; avRho=0.00635761
[Timer] step=7200; percent=0.75; passedTime=327.311; remTime=43314.2; MLUPs=22.6415
[Timer] step=7200; percent=0.75; passedTime=327.311; remTime=43314.2; MLUPs=22.6415
[ValueTracer] average=0.00635721; stdDev/average=3.74759e-05
[ValueTracer] average=0.00635798; stdDev/average=3.23928e-05
[LatticeStatistics] step=7400; t=0.0925; uMax=0; avEnergy=0; avRho=0.00635848
[Timer] step=7400; percent=0.770833; passedTime=336.383; remTime=43302.5; MLUPs=22.7164
[Timer] step=7400; percent=0.770833; passedTime=336.383; remTime=43302.5; MLUPs=22.7164
[ValueTracer] average=0.00635864; stdDev/average=2.79999e-05
[LatticeStatistics] step=7600; t=0.095; uMax=0; avEnergy=0; avRho=0.00635921
[Timer] step=7600; percent=0.791667; passedTime=345.464; remTime=43292.1; MLUPs=22.6914
[Timer] step=7600; percent=0.791667; passedTime=345.464; remTime=43292.1; MLUPs=22.6914
[ValueTracer] average=0.00635921; stdDev/average=2.42032e-05
[LatticeStatistics] step=7800; t=0.0975; uMax=0; avEnergy=0; avRho=0.00635982
[Timer] step=7800; percent=0.8125; passedTime=354.572; remTime=43285.1; MLUPs=22.6241
[Timer] step=7800; percent=0.8125; passedTime=354.572; remTime=43285.1; MLUPs=22.6241
[ValueTracer] average=0.0063597; stdDev/average=2.09218e-05
[LatticeStatistics] step=8000; t=0.1; uMax=0; avEnergy=0; avRho=0.00636032
[Timer] step=8000; percent=0.833333; passedTime=363.661; remTime=43275.7; MLUPs=22.6714
[Timer] step=8000; percent=0.833333; passedTime=363.661; remTime=43275.7; MLUPs=22.6714
[ValueTracer] average=0.00636013; stdDev/average=1.80855e-05
[ValueTracer] average=0.0063605; stdDev/average=1.56339e-05
[LatticeStatistics] step=8200; t=0.1025; uMax=0; avEnergy=0; avRho=0.00636075
[Timer] step=8200; percent=0.854167; passedTime=372.767; remTime=43268.2; MLUPs=22.6291
[Timer] step=8200; percent=0.854167; passedTime=372.767; remTime=43268.2; MLUPs=22.6291
[ValueTracer] average=0.00636082; stdDev/average=1.35148e-05
[LatticeStatistics] step=8400; t=0.105; uMax=0; avEnergy=0; avRho=0.0063611
[Timer] step=8400; percent=0.875; passedTime=381.855; remTime=43258.7; MLUPs=22.6764
[Timer] step=8400; percent=0.875; passedTime=381.855; remTime=43258.7; MLUPs=22.6764
[ValueTracer] average=0.0063611; stdDev/average=1.1683e-05
[LatticeStatistics] step=8600; t=0.1075; uMax=0; avEnergy=0; avRho=0.00636139
[Timer] step=8600; percent=0.895833; passedTime=390.939; remTime=43248.8; MLUPs=22.6864
[Timer] step=8600; percent=0.895833; passedTime=390.939; remTime=43248.8; MLUPs=22.6864
[ValueTracer] average=0.00636134; stdDev/average=1.00997e-05
[LatticeStatistics] step=8800; t=0.11; uMax=0; avEnergy=0; avRho=0.00636164
[Timer] step=8800; percent=0.916667; passedTime=400.004; remTime=43236.8; MLUPs=22.7314
[Timer] step=8800; percent=0.916667; passedTime=400.004; remTime=43236.8; MLUPs=22.7314
[ValueTracer] average=0.00636154; stdDev/average=8.73092e-06
[ValueTracer] average=0.00636172; stdDev/average=7.54773e-06
[LatticeStatistics] step=9000; t=0.1125; uMax=0; avEnergy=0; avRho=0.00636184
[Timer] step=9000; percent=0.9375; passedTime=409.077; remTime=43225.8; MLUPs=22.7114
[Timer] step=9000; percent=0.9375; passedTime=409.077; remTime=43225.8; MLUPs=22.7114
[ValueTracer] average=0.00636188; stdDev/average=6.52492e-06
[LatticeStatistics] step=9200; t=0.115; uMax=0; avEnergy=0; avRho=0.00636201
[Timer] step=9200; percent=0.958333; passedTime=418.166; remTime=43216.5; MLUPs=22.6739
[Timer] step=9200; percent=0.958333; passedTime=418.166; remTime=43216.5; MLUPs=22.6739
[ValueTracer] average=0.00636201; stdDev/average=5.64074e-06
[LatticeStatistics] step=9400; t=0.1175; uMax=0; avEnergy=0; avRho=0.00636215
[Timer] step=9400; percent=0.979167; passedTime=427.255; remTime=43207.3; MLUPs=22.6739
[Timer] step=9400; percent=0.979167; passedTime=427.255; remTime=43207.3; MLUPs=22.6739
[ValueTracer] average=0.00636212; stdDev/average=4.87639e-06
[LatticeStatistics] step=9600; t=0.12; uMax=0; avEnergy=0; avRho=0.00636227
[Timer] step=9600; percent=1; passedTime=436.333; remTime=43197; MLUPs=22.6989
[Timer] step=9600; percent=1; passedTime=436.333; remTime=43197; MLUPs=22.6989
[ValueTracer] average=0.00636222; stdDev/average=4.21563e-06
[ValueTracer] average=0.00636231; stdDev/average=3.64442e-06
[LatticeStatistics] step=9800; t=0.1225; uMax=0; avEnergy=0; avRho=0.00636237
[Timer] step=9800; percent=1.02083; passedTime=445.398; remTime=43185.4; MLUPs=22.7339
[Timer] step=9800; percent=1.02083; passedTime=445.398; remTime=43185.4; MLUPs=22.7339
[ValueTracer] average=0.00636239; stdDev/average=3.15061e-06
[LatticeStatistics] step=10000; t=0.125; uMax=0; avEnergy=0; avRho=0.00636245
[Timer] step=10000; percent=1.04167; passedTime=454.493; remTime=43176.8; MLUPs=22.6564
[Timer] step=10000; percent=1.04167; passedTime=454.493; remTime=43176.8; MLUPs=22.6564
[ValueTracer] average=0.00636245; stdDev/average=2.72372e-06
[LatticeStatistics] step=10200; t=0.1275; uMax=0; avEnergy=0; avRho=0.00636252
[Timer] step=10200; percent=1.0625; passedTime=463.583; remTime=43167.8; MLUPs=22.6714
[Timer] step=10200; percent=1.0625; passedTime=463.583; remTime=43167.8; MLUPs=22.6714
[ValueTracer] average=0.00636251; stdDev/average=2.35467e-06
[LatticeStatistics] step=10400; t=0.13; uMax=0; avEnergy=0; avRho=0.00636258
[Timer] step=10400; percent=1.08333; passedTime=472.675; remTime=43158.9; MLUPs=22.6639
[Timer] step=10400; percent=1.08333; passedTime=472.675; remTime=43158.9; MLUPs=22.6639
[ValueTracer] average=0.00636255; stdDev/average=2.03563e-06
[ValueTracer] average=0.00636259; stdDev/average=1.75982e-06
[LatticeStatistics] step=10600; t=0.1325; uMax=0; avEnergy=0; avRho=0.00636262
[Timer] step=10600; percent=1.10417; passedTime=481.765; remTime=43149.8; MLUPs=22.6714
[Timer] step=10600; percent=1.10417; passedTime=481.765; remTime=43149.8; MLUPs=22.6714
[ValueTracer] average=0.00636263; stdDev/average=1.52138e-06
[LatticeStatistics] step=10800; t=0.135; uMax=0; avEnergy=0; avRho=0.00636266
[Timer] step=10800; percent=1.125; passedTime=490.85; remTime=43140.3; MLUPs=22.6814
[Timer] step=10800; percent=1.125; passedTime=490.85; remTime=43140.3; MLUPs=22.6814
[ValueTracer] average=0.00636266; stdDev/average=1.31525e-06
[LatticeStatistics] step=11000; t=0.1375; uMax=0; avEnergy=0; avRho=0.0063627
[Timer] step=11000; percent=1.14583; passedTime=499.915; remTime=43129; MLUPs=22.7314
[Timer] step=11000; percent=1.14583; passedTime=499.915; remTime=43129; MLUPs=22.7314
[ValueTracer] average=0.00636269; stdDev/average=1.13705e-06
[LatticeStatistics] step=11200; t=0.14; uMax=0; avEnergy=0; avRho=0.00636272
[Timer] step=11200; percent=1.16667; passedTime=508.983; remTime=43118.1; MLUPs=22.7264
[Timer] step=11200; percent=1.16667; passedTime=508.983; remTime=43118.1; MLUPs=22.7264
[ValueTracer] average=0.00636271; stdDev/average=9.82997e-07
[ValueTracer] average=0.00636273; stdDev/average=8.49814e-07
[LatticeStatistics] step=11400; t=0.1425; uMax=0; avEnergy=0; avRho=0.00636275
[Timer] step=11400; percent=1.1875; passedTime=518.048; remTime=43107; MLUPs=22.7289
[Timer] step=11400; percent=1.1875; passedTime=518.048; remTime=43107; MLUPs=22.7289
[ValueTracer] average=0.00636275; stdDev/average=7.34676e-07
[LatticeStatistics] step=11600; t=0.145; uMax=0; avEnergy=0; avRho=0.00636276
[Timer] step=11600; percent=1.20833; passedTime=527.118; remTime=43096.4; MLUPs=22.7214
[Timer] step=11600; percent=1.20833; passedTime=527.118; remTime=43096.4; MLUPs=22.7214
[ValueTracer] average=0.00636276; stdDev/average=6.35138e-07
[LatticeStatistics] step=11800; t=0.1475; uMax=0; avEnergy=0; avRho=0.00636278
[Timer] step=11800; percent=1.22917; passedTime=536.19; remTime=43086; MLUPs=22.7164
[Timer] step=11800; percent=1.22917; passedTime=536.19; remTime=43086; MLUPs=22.7164
[ValueTracer] average=0.00636278; stdDev/average=5.49086e-07
[LatticeStatistics] step=12000; t=0.15; uMax=0; avEnergy=0; avRho=0.00636279
[Timer] step=12000; percent=1.25; passedTime=545.268; remTime=43076.2; MLUPs=22.6989
[Timer] step=12000; percent=1.25; passedTime=545.268; remTime=43076.2; MLUPs=22.6989
[ValueTracer] average=0.00636279; stdDev/average=4.74693e-07
[ValueTracer] average=0.0063628; stdDev/average=4.10379e-07
[LatticeStatistics] step=12200; t=0.1525; uMax=0; avEnergy=0; avRho=0.00636281
[Timer] step=12200; percent=1.27083; passedTime=554.398; remTime=43070.4; MLUPs=22.5696
[Timer] step=12200; percent=1.27083; passedTime=554.398; remTime=43070.4; MLUPs=22.5696
[ValueTracer] average=0.00636281; stdDev/average=3.54779e-07
[LatticeStatistics] step=12400; t=0.155; uMax=0; avEnergy=0; avRho=0.00636281
[Timer] step=12400; percent=1.29167; passedTime=563.51; remTime=43063.1; MLUPs=22.6166
[Timer] step=12400; percent=1.29167; passedTime=563.51; remTime=43063.1; MLUPs=22.6166
[ValueTracer] average=0.00636281; stdDev/average=3.06712e-07
[LatticeStatistics] step=12600; t=0.1575; uMax=0; avEnergy=0; avRho=0.00636282
[Timer] step=12600; percent=1.3125; passedTime=572.598; remTime=43053.9; MLUPs=22.6764
[Timer] step=12600; percent=1.3125; passedTime=572.598; remTime=43053.9; MLUPs=22.6764
[ValueTracer] average=0.00636282; stdDev/average=2.65158e-07
[LatticeStatistics] step=12800; t=0.16; uMax=0; avEnergy=0; avRho=0.00636283
[Timer] step=12800; percent=1.33333; passedTime=581.695; remTime=43045.4; MLUPs=22.6514
[Timer] step=12800; percent=1.33333; passedTime=581.695; remTime=43045.4; MLUPs=22.6514
[ValueTracer] average=0.00636283; stdDev/average=2.29233e-07
[ValueTracer] average=0.00636283; stdDev/average=1.98176e-07
[LatticeStatistics] step=13000; t=0.1625; uMax=0; avEnergy=0; avRho=0.00636283
[Timer] step=13000; percent=1.35417; passedTime=590.814; remTime=43038.5; MLUPs=22.5993
[Timer] step=13000; percent=1.35417; passedTime=590.814; remTime=43038.5; MLUPs=22.5993
[ValueTracer] average=0.00636283; stdDev/average=1.71326e-07
[LatticeStatistics] step=13200; t=0.165; uMax=0; avEnergy=0; avRho=0.00636284
[Timer] step=13200; percent=1.375; passedTime=599.933; remTime=43031.6; MLUPs=22.5993
[Timer] step=13200; percent=1.375; passedTime=599.933; remTime=43031.6; MLUPs=22.5993
[ValueTracer] average=0.00636284; stdDev/average=1.48114e-07
[LatticeStatistics] step=13400; t=0.1675; uMax=0; avEnergy=0; avRho=0.00636284
[Timer] step=13400; percent=1.39583; passedTime=609.051; remTime=43024.5; MLUPs=22.5968
[Timer] step=13400; percent=1.39583; passedTime=609.051; remTime=43024.5; MLUPs=22.5968
[ValueTracer] average=0.00636284; stdDev/average=1.28047e-07
[LatticeStatistics] step=13600; t=0.17; uMax=0; avEnergy=0; avRho=0.00636285
[Timer] step=13600; percent=1.41667; passedTime=618.147; remTime=43015.8; MLUPs=22.6564
[Timer] step=13600; percent=1.41667; passedTime=618.147; remTime=43015.8; MLUPs=22.6564
[ValueTracer] average=0.00636284; stdDev/average=1.10699e-07
[ValueTracer] average=0.00636285; stdDev/average=9.5701e-08
[LatticeStatistics] step=13800; t=0.1725; uMax=0; avEnergy=0; avRho=0.00636285
[Timer] step=13800; percent=1.4375; passedTime=627.266; remTime=43008.6; MLUPs=22.5968
[Timer] step=13800; percent=1.4375; passedTime=627.266; remTime=43008.6; MLUPs=22.5968
[ValueTracer] average=0.00636285; stdDev/average=8.27351e-08
[LatticeStatistics] step=14000; t=0.175; uMax=0; avEnergy=0; avRho=0.00636285
[Timer] step=14000; percent=1.45833; passedTime=636.358; remTime=42999.6; MLUPs=22.6664
[Timer] step=14000; percent=1.45833; passedTime=636.358; remTime=42999.6; MLUPs=22.6664
[ValueTracer] average=0.00636285; stdDev/average=7.15259e-08
[LatticeStatistics] step=14200; t=0.1775; uMax=0; avEnergy=0; avRho=0.00636285
[Timer] step=14200; percent=1.47917; passedTime=645.437; remTime=42989.7; MLUPs=22.6964
[Timer] step=14200; percent=1.47917; passedTime=645.437; remTime=42989.7; MLUPs=22.6964
[ValueTracer] average=0.00636285; stdDev/average=6.18353e-08
[LatticeStatistics] step=14400; t=0.18; uMax=0; avEnergy=0; avRho=0.00636285
[Timer] step=14400; percent=1.5; passedTime=654.539; remTime=42981.4; MLUPs=22.6415
[Timer] step=14400; percent=1.5; passedTime=654.539; remTime=42981.4; MLUPs=22.6415
[ValueTracer] average=0.00636285; stdDev/average=5.34576e-08
[ValueTracer] average=0.00636285; stdDev/average=4.6215e-08
[LatticeStatistics] step=14600; t=0.1825; uMax=0; avEnergy=0; avRho=0.00636285
[Timer] step=14600; percent=1.52083; passedTime=663.649; remTime=42973.5; MLUPs=22.6216
[Timer] step=14600; percent=1.52083; passedTime=663.649; remTime=42973.5; MLUPs=22.6216
[ValueTracer] average=0.00636285; stdDev/average=3.99537e-08
[LatticeStatistics] step=14800; t=0.185; uMax=0; avEnergy=0; avRho=0.00636286
[Timer] step=14800; percent=1.54167; passedTime=672.764; remTime=42966; MLUPs=22.6092
[Timer] step=14800; percent=1.54167; passedTime=672.764; remTime=42966; MLUPs=22.6092
[ValueTracer] average=0.00636286; stdDev/average=3.45406e-08
[LatticeStatistics] step=15000; t=0.1875; uMax=0; avEnergy=0; avRho=0.00636286
[Timer] step=15000; percent=1.5625; passedTime=681.876; remTime=42958.2; MLUPs=22.6142
[Timer] step=15000; percent=1.5625; passedTime=681.876; remTime=42958.2; MLUPs=22.6142
[ValueTracer] average=0.00636286; stdDev/average=2.98609e-08
[LatticeStatistics] step=15200; t=0.19; uMax=0; avEnergy=0; avRho=0.00636286
[Timer] step=15200; percent=1.58333; passedTime=690.992; remTime=42950.6; MLUPs=22.6042
[Timer] step=15200; percent=1.58333; passedTime=690.992; remTime=42950.6; MLUPs=22.6042
[ValueTracer] average=0.00636286; stdDev/average=2.58153e-08
[ValueTracer] average=0.00636286; stdDev/average=2.23178e-08
[LatticeStatistics] step=15400; t=0.1925; uMax=0; avEnergy=0; avRho=0.00636286
[Timer] step=15400; percent=1.60417; passedTime=700.105; remTime=42942.8; MLUPs=22.6117
[Timer] step=15400; percent=1.60417; passedTime=700.105; remTime=42942.8; MLUPs=22.6117
[ValueTracer] average=0.00636286; stdDev/average=1.92941e-08
[LatticeStatistics] step=15600; t=0.195; uMax=0; avEnergy=0; avRho=0.00636286
[Timer] step=15600; percent=1.625; passedTime=709.222; remTime=42935.2; MLUPs=22.6018
[Timer] step=15600; percent=1.625; passedTime=709.222; remTime=42935.2; MLUPs=22.6018
[ValueTracer] average=0.00636286; stdDev/average=1.66801e-08
[LatticeStatistics] step=15800; t=0.1975; uMax=0; avEnergy=0; avRho=0.00636286
[Timer] step=15800; percent=1.64583; passedTime=718.342; remTime=42927.8; MLUPs=22.5943
[Timer] step=15800; percent=1.64583; passedTime=718.342; remTime=42927.8; MLUPs=22.5943
[ValueTracer] average=0.00636286; stdDev/average=1.44202e-08
[LatticeStatistics] step=16000; t=0.2; uMax=0; avEnergy=0; avRho=0.00636286
[Timer] step=16000; percent=1.66667; passedTime=727.461; remTime=42920.2; MLUPs=22.5993
[Timer] step=16000; percent=1.66667; passedTime=727.461; remTime=42920.2; MLUPs=22.5993
[ValueTracer] average=0.00636286; stdDev/average=1.24665e-08
[ValueTracer] average=0.00636286; stdDev/average=1.07775e-08
[LatticeStatistics] step=16200; t=0.2025; uMax=0; avEnergy=0; avRho=0.00636286
[Timer] step=16200; percent=1.6875; passedTime=736.575; remTime=42912.3; MLUPs=22.6117
[Timer] step=16200; percent=1.6875; passedTime=736.575; remTime=42912.3; MLUPs=22.6117
[main] Simulation converged. -- 16243
[main] ------16243
[main] Simulation converged. -- 16243
[main] ./100case6_mink/100case6.csv
0.000, 1.000000e+00, 0.000000e+00, 0.000000e+00, 0.000000e+00, 0.000000e+00, 0.000000e+00
0.010, 8.971254e-01, 3.416553e-03, 4.759101e-04, 2.513488e-02, 0.000000e+00, 0.000000e+00
0.020, 7.993033e-01, 6.733186e-03, 9.459137e-04, 2.358272e-02, 0.000000e+00, 0.000000e+00
0.030, 7.082609e-01, 9.854541e-03, 1.403773e-03, 2.179113e-02, 0.000000e+00, 1.387779e-17
0.040, 6.247865e-01, 1.270231e-02, 1.843869e-03, 1.985235e-02, 0.000000e+00, 0.000000e+00
0.050, 5.492708e-01, 1.521789e-02, 2.261098e-03, 1.786274e-02, 0.000000e+00, 0.000000e+00
0.060, 4.817301e-01, 1.736411e-02, 2.651002e-03, 1.590659e-02, 0.000000e+00, 0.000000e+00
0.070, 4.218801e-01, 1.912453e-02, 3.009861e-03, 1.404772e-02, 0.000000e+00, 1.387779e-17
0.080, 3.692264e-01, 2.050088e-02, 3.334751e-03, 1.232779e-02, 1.387779e-17, 1.387779e-17
0.090, 3.231506e-01, 2.150945e-02, 3.623569e-03, 1.076892e-02, 0.000000e+00, 0.000000e+00
0.100, 2.829812e-01, 2.217719e-02, 3.875022e-03, 9.378050e-03, 0.000000e+00, 0.000000e+00
0.110, 2.480444e-01, 2.253795e-02, 4.088587e-03, 8.151584e-03, -2.775558e-17, 0.000000e+00
0.120, 2.176975e-01, 2.262920e-02, 4.264453e-03, 7.079338e-03, 0.000000e+00, 0.000000e+00
0.130, 1.913480e-01, 2.248945e-02, 4.403437e-03, 6.147606e-03, 2.775558e-17, 1.387779e-17
0.140, 1.684629e-01, 2.215634e-02, 4.506897e-03, 5.341289e-03, 0.000000e+00, -2.775558e-17
0.150, 1.485710e-01, 2.166527e-02, 4.576635e-03, 4.645289e-03, 0.000000e+00, 0.000000e+00
0.160, 1.312601e-01, 2.104863e-02, 4.614803e-03, 4.045325e-03, 0.000000e+00, -2.775558e-17
0.170, 1.161731e-01, 2.033530e-02, 4.623808e-03, 3.528365e-03, -2.775558e-17, -1.387779e-17
0.180, 1.030023e-01, 1.955060e-02, 4.606227e-03, 3.082798e-03, -1.387779e-17, 0.000000e+00
0.190, 9.148379e-02, 1.871628e-02, 4.564732e-03, 2.698450e-03, 0.000000e+00, 0.000000e+00
0.200, 8.139120e-02, 1.785080e-02, 4.502018e-03, 2.366504e-03, 0.000000e+00, 2.775558e-17
0.210, 7.253111e-02, 1.696953e-02, 4.420751e-03, 2.079382e-03, -2.775558e-17, 0.000000e+00
0.220, 6.473801e-02, 1.608513e-02, 4.323520e-03, 1.830605e-03, -1.387779e-17, 0.000000e+00
0.230, 5.787031e-02, 1.520782e-02, 4.212799e-03, 1.614650e-03, 1.387779e-17, 1.387779e-17
0.240, 5.180674e-02, 1.434575e-02, 4.090921e-03, 1.426822e-03, 0.000000e+00, 0.000000e+00
0.250, 4.644330e-02, 1.350526e-02, 3.960060e-03, 1.263130e-03, 0.000000e+00, 1.387779e-17
0.260, 4.169069e-02, 1.269118e-02, 3.822215e-03, 1.120185e-03, 0.000000e+00, 1.387779e-17
0.270, 3.747206e-02, 1.190703e-02, 3.679209e-03, 9.951054e-04, 1.387779e-17, -1.387779e-17
0.280, 3.372118e-02, 1.115530e-02, 3.532680e-03, 8.854406e-04, 2.775558e-17, 0.000000e+00
0.290, 3.038083e-02, 1.043759e-02, 3.384094e-03, 7.891024e-04, 1.387779e-17, -1.387779e-17
0.300, 2.740149e-02, 9.754761e-03, 3.234741e-03, 7.043093e-04, 0.000000e+00, 0.000000e+00
0.310, 2.474022e-02, 9.107126e-03, 3.085750e-03, 6.295386e-04, -1.387779e-17, -1.387779e-17
0.320, 2.235970e-02, 8.494521e-03, 2.938093e-03, 5.634865e-04, 0.000000e+00, -1.387779e-17
0.330, 2.022743e-02, 7.916423e-03, 2.792602e-03, 5.050344e-04, 0.000000e+00, 0.000000e+00
0.340, 1.831504e-02, 7.372026e-03, 2.649973e-03, 4.532203e-04, -1.387779e-17, 1.387779e-17
0.350, 1.659772e-02, 6.860314e-03, 2.510786e-03, 4.072158e-04, 2.775558e-17, 7.703720e-32
0.360, 1.505377e-02, 6.380116e-03, 2.375509e-03, 3.663054e-04, 0.000000e+00, -1.387779e-17
0.370, 1.366410e-02, 5.930150e-03, 2.244513e-03, 3.298702e-04, 1.387779e-17, -1.387779e-17
0.380, 1.241194e-02, 5.509064e-03, 2.118083e-03, 2.973737e-04, 1.387779e-17, 0.000000e+00
0.390, 1.128252e-02, 5.115468e-03, 1.996425e-03, 2.683498e-04, 0.000000e+00, -1.387779e-17
0.400, 1.026281e-02, 4.747952e-03, 1.879680e-03, 2.423929e-04, 0.000000e+00, 0.000000e+00
0.410, 9.341272e-03, 4.405114e-03, 1.767931e-03, 2.191491e-04, 0.000000e+00, -1.387779e-17
0.420, 8.507711e-03, 4.085569e-03, 1.661207e-03, 1.983094e-04, 0.000000e+00, -2.775558e-17
0.430, 7.753074e-03, 3.787963e-03, 1.559499e-03, 1.796031e-04, 0.000000e+00, 0.000000e+00
0.440, 7.069325e-03, 3.510983e-03, 1.462758e-03, 1.627929e-04, 0.000000e+00, 0.000000e+00
0.450, 6.449316e-03, 3.253361e-03, 1.370907e-03, 1.476702e-04, -1.387779e-17, 0.000000e+00
0.460, 5.886681e-03, 3.013881e-03, 1.283842e-03, 1.340516e-04, 0.000000e+00, 0.000000e+00
0.470, 5.375740e-03, 2.791380e-03, 1.201440e-03, 1.217752e-04, 0.000000e+00, 0.000000e+00
0.480, 4.911422e-03, 2.584751e-03, 1.123563e-03, 1.106983e-04, 0.000000e+00, 1.387779e-17
0.490, 4.489192e-03, 2.392943e-03, 1.050059e-03, 1.006945e-04, 1.387779e-17, 0.000000e+00
0.500, 4.104991e-03, 2.214962e-03, 9.807680e-04, 9.165199e-05, 0.000000e+00, 1.387779e-17
0.510, 3.755180e-03, 2.049869e-03, 9.155222e-04, 8.347157e-05, 0.000000e+00, -1.387779e-17
0.520, 3.436494e-03, 1.896779e-03, 8.541510e-04, 7.606509e-05, 0.000000e+00, 0.000000e+00
0.530, 3.145999e-03, 1.754861e-03, 7.964813e-04, 6.935419e-05, 0.000000e+00, 1.387779e-17
0.540, 2.881058e-03, 1.623333e-03, 7.423400e-04, 6.326908e-05, 0.000000e+00, 0.000000e+00
0.550, 2.639297e-03, 1.501464e-03, 6.915548e-04, 5.774752e-05, 0.000000e+00, -1.387779e-17
0.560, 2.418577e-03, 1.388568e-03, 6.439558e-04, 5.273396e-05, -1.387779e-17, -1.387779e-17
0.570, 2.216968e-03, 1.284005e-03, 5.993765e-04, 4.817873e-05, -1.387779e-17, 1.387779e-17
0.580, 2.032729e-03, 1.187175e-03, 5.576543e-04, 4.403740e-05, 2.775558e-17, 1.417484e-31
0.590, 1.864287e-03, 1.097520e-03, 5.186313e-04, 4.027016e-05, 1.387779e-17, 0.000000e+00
0.600, 1.710218e-03, 1.014518e-03, 4.821549e-04, 3.684132e-05, 1.387779e-17, 0.000000e+00
0.610, 1.569236e-03, 9.376857e-04, 4.480778e-04, 3.371883e-05, 1.387779e-17, 0.000000e+00
0.620, 1.440175e-03, 8.665695e-04, 4.162585e-04, 3.087390e-05, -2.775558e-17, -1.387779e-17
0.630, 1.321977e-03, 8.007492e-04, 3.865615e-04, 2.828065e-05, 0.000000e+00, -1.387779e-17
0.640, 1.213684e-03, 7.398336e-04, 3.588572e-04, 2.591575e-05, -1.387779e-17, -1.387779e-17
0.650, 1.114426e-03, 6.834590e-04, 3.330220e-04, 2.375822e-05, 1.387779e-17, 0.000000e+00
0.660, 1.023412e-03, 6.312873e-04, 3.089382e-04, 2.178912e-05, -1.387779e-17, -1.387779e-17
0.670, 9.399243e-04, 5.830047e-04, 2.864940e-04, 1.999137e-05, -1.387779e-17, -1.387779e-17
0.680, 8.633081e-04, 5.383195e-04, 2.655834e-04, 1.834953e-05, 0.000000e+00, -1.387779e-17
0.690, 7.929688e-04, 4.969610e-04, 2.461060e-04, 1.684967e-05, 0.000000e+00, 0.000000e+00
0.700, 7.283646e-04, 4.586778e-04, 2.279668e-04, 1.547918e-05, 0.000000e+00, 0.000000e+00
0.710, 6.690011e-04, 4.232367e-04, 2.110761e-04, 1.422665e-05, 0.000000e+00, 0.000000e+00
0.720, 6.144279e-04, 3.904212e-04, 1.953490e-04, 1.308177e-05, 0.000000e+00, 0.000000e+00
0.730, 5.642335e-04, 3.600303e-04, 1.807058e-04, 1.203518e-05, 0.000000e+00, 2.775558e-17
0.740, 5.180421e-04, 3.318775e-04, 1.670713e-04, 1.107841e-05, -1.387779e-17, -1.387779e-17
0.750, 4.755102e-04, 3.057898e-04, 1.543745e-04, 1.020377e-05, 0.000000e+00, 0.000000e+00
0.760, 4.363234e-04, 2.816065e-04, 1.425487e-04, 9.404316e-06, -1.387779e-17, 0.000000e+00
0.770, 4.001941e-04, 2.591784e-04, 1.315314e-04, 8.673722e-06, 1.387779e-17, 0.000000e+00
0.780, 3.668584e-04, 2.383668e-04, 1.212634e-04, 8.006262e-06, 0.000000e+00, 1.387779e-17
0.790, 3.360745e-04, 2.190429e-04, 1.116893e-04, 7.396743e-06, 0.000000e+00, 0.000000e+00
0.800, 3.076203e-04, 2.010871e-04, 1.027570e-04, 6.840454e-06, 2.775558e-17, 1.387779e-17
0.810, 2.812916e-04, 1.843878e-04, 9.441749e-05, 6.333124e-06, 0.000000e+00, 0.000000e+00
0.820, 2.569004e-04, 1.688414e-04, 8.662457e-05, 5.870884e-06, -1.387779e-17, 0.000000e+00
0.830, 2.342736e-04, 1.543511e-04, 7.933486e-05, 5.450227e-06, 2.775558e-17, 0.000000e+00
0.840, 2.132513e-04, 1.408267e-04, 7.250747e-05, 5.067983e-06, 0.000000e+00, 0.000000e+00
0.850, 1.936858e-04, 1.281840e-04, 6.610387e-05, 4.721284e-06, -2.775558e-17, -2.775558e-17
0.860, 1.754401e-04, 1.163441e-04, 6.008770e-05, 4.407545e-06, 0.000000e+00, 0.000000e+00
0.870, 1.583872e-04, 1.052332e-04, 5.442458e-05, 4.124435e-06, 0.000000e+00, -1.387779e-17
0.880, 1.424088e-04, 9.478169e-05, 4.908200e-05, 3.869863e-06, 0.000000e+00, 1.387779e-17
0.890, 1.273947e-04, 8.492438e-05, 4.402912e-05, 3.641954e-06, 1.387779e-17, -1.387779e-17
0.900, 1.132416e-04, 7.559959e-05, 3.923662e-05, 3.439037e-06, 1.387779e-17, 1.387779e-17
0.910, 9.985259e-05, 6.674894e-05, 3.467657e-05, 3.259629e-06, 0.000000e+00, -2.775558e-17
0.920, 8.713631e-05, 5.831702e-05, 3.032229e-05, 3.102425e-06, 0.000000e+00, 1.387779e-17
0.930, 7.500629e-05, 5.025098e-05, 2.614820e-05, 2.966283e-06, 0.000000e+00, -1.387779e-17
0.940, 6.338032e-05, 4.250029e-05, 2.212969e-05, 2.850217e-06, 2.775558e-17, -1.417484e-31
0.950, 5.217984e-05, 3.501632e-05, 1.824299e-05, 2.753388e-06, 1.387779e-17, 1.540744e-31
0.960, 4.132934e-05, 2.775215e-05, 1.446505e-05, 2.675098e-06, 0.000000e+00, -1.387779e-17
0.970, 3.075585e-05, 2.066218e-05, 1.077341e-05, 2.614784e-06, 0.000000e+00, 0.000000e+00
0.980, 2.038839e-05, 1.370192e-05, 7.146090e-06, 2.572012e-06, 0.000000e+00, 0.000000e+00
0.990, 1.015745e-05, 6.827683e-06, 3.561446e-06, 2.546474e-06, 0.000000e+00, -1.387779e-17
1.000, 0.000000e+00, 0.000000e+00, 0.000000e+00, 0.000000e+00, 0.000000e+00, 0.000000e+00
[Timer] 
[Timer] ----------------Summary:Timer----------------
[Timer] measured time (rt) : 739.861s
[Timer] measured time (cpu): 739.520s
[Timer] average MLUPs :       22.559
[Timer] average MLUPps:       22.559
[Timer] ---------------------------------------------
