1
node18
[MpiManager] Sucessfully initialized, numThreads=1
[Directories] Directory ./100case33_mink/ created.
[Directories] Directory ./100case33_mink/imageData/ created.
[Directories] Directory ./100case33_mink/imageData/data/ created.
[Directories] Directory ./100case33_mink/vtkData/ created.
[Directories] Directory ./100case33_mink/vtkData/data/ created.
[Directories] Directory ./100case33_mink/gnuplotData/ created.
[Directories] Directory ./100case33_mink/gnuplotData/data/ created.
[main] case33
[main] omega = .... 1
[main] omega 1
[main] working with diffuse approximation
[main] omega=1
[main] latticeSink=0.010125
[RadiativeUnitConverter] ----------------- UnitConverter information -----------------
[RadiativeUnitConverter] -- Parameters:
[RadiativeUnitConverter] Resolution:                       N=              100
[RadiativeUnitConverter] Lattice relaxation frequency:     omega=          1
[RadiativeUnitConverter] Lattice relaxation time:          tau=            1
[RadiativeUnitConverter] Characteristical length(m):       charL=          1
[RadiativeUnitConverter] Phys. density(kg/m^d):            charRho=        1
[RadiativeUnitConverter] Phys. absorption(1/m):            mu_a=           9
[RadiativeUnitConverter] Phys. scattering(1/m):            mu_s=           21
[RadiativeUnitConverter] Extinction(1/m):                  mu_t=           30
[RadiativeUnitConverter] Effective attenuation(1/m):       mu_eff=         28.4605
[RadiativeUnitConverter] Phys. diffusion(m):               D=              0.0111111
[RadiativeUnitConverter] Single scattering albedo:         albedo=         0.7
[RadiativeUnitConverter] Anisotropy factor:                g=              0
[RadiativeUnitConverter] 
[RadiativeUnitConverter] Lattice diffusion:                D^*=            1.11111
[RadiativeUnitConverter] Lattice absorption:               absorption=     0.09
[RadiativeUnitConverter] Lattice scattering:               scattering=     0.21
[RadiativeUnitConverter] Lattice sink:                     sink=           0.010125
[RadiativeUnitConverter] C_R: 1
[RadiativeUnitConverter] r_F: 1.63265
[RadiativeUnitConverter] 
[RadiativeUnitConverter] -- Conversion factors:
[RadiativeUnitConverter] Voxel length(m):                  physDeltaX=     0.01
[RadiativeUnitConverter] Time step(s):                     physDeltaT=     1.25e-05
[RadiativeUnitConverter] Density factor(kg/m^3):           physDensity=    1
[RadiativeUnitConverter] -------------------------------------------------------------
[prepareGeometryCube] Prepare cubeGeometry ...
[SuperGeometry3D] cleaned 0 outer boundary voxel(s)
[SuperGeometry3D] cleaned 0 inner boundary voxel(s)
[SuperGeometry3D] the model is correct!
[CuboidGeometry3D] ---Cuboid Stucture Statistics---
[CuboidGeometry3D]  Number of Cuboids: 	2
[CuboidGeometry3D]  Delta  (min): 		0.01
[CuboidGeometry3D]         (max): 		0.01
[CuboidGeometry3D]  Ratio  (min): 		0.49505
[CuboidGeometry3D]         (max): 		2.02
[CuboidGeometry3D]  Nodes  (min): 		510050
[CuboidGeometry3D]         (max): 		520251
[CuboidGeometry3D]  Weight (min): 		510050
[CuboidGeometry3D]         (max): 		520251
[CuboidGeometry3D] --------------------------------
[SuperGeometryStatistics3D] materialNumber=1; count=970299; minPhysR=(0.01,-0.49,-0.49); maxPhysR=(0.99,0.49,0.49)
[SuperGeometryStatistics3D] materialNumber=2; count=59561; minPhysR=(0,-0.5,-0.5); maxPhysR=(1,0.5,0.5)
[SuperGeometryStatistics3D] materialNumber=3; count=441; minPhysR=(0,-0.1,-0.1); maxPhysR=(0,0.1,0.1)
[prepareGeometryCube] Prepare cubeGeometry ... OK
[prepareLattice] Prepare Lattice ...
[prepareLattice] Prepare Lattice ... OK
[main] iT convergence criteria: 160
[LatticeStatistics] step=0; t=0; uMax=0; avEnergy=0; avRho=1
[Timer] step=0; percent=0; passedTime=6.94211e-313; remTime=0.001; MLUPs=0
[Timer] step=0; percent=0; passedTime=6.94211e-313; remTime=0.001; MLUPs=0
[ValueTracer] average=0.00132635; stdDev/average=0.215278
[LatticeStatistics] step=200; t=0.0025; uMax=0; avEnergy=0; avRho=0.00166166
[Timer] step=200; percent=0.0208333; passedTime=10.016; remTime=48066.8; MLUPs=20.5731
[Timer] step=200; percent=0.0208333; passedTime=10.016; remTime=48066.8; MLUPs=20.5731
[ValueTracer] average=0.00168019; stdDev/average=0.0150633
[LatticeStatistics] step=400; t=0.005; uMax=0; avEnergy=0; avRho=0.00172089
[Timer] step=400; percent=0.0416667; passedTime=19.836; remTime=47586.6; MLUPs=20.9859
[Timer] step=400; percent=0.0416667; passedTime=19.836; remTime=47586.6; MLUPs=20.9859
[ValueTracer] average=0.00172; stdDev/average=0.00219187
[LatticeStatistics] step=600; t=0.0075; uMax=0; avEnergy=0; avRho=0.0017267
[Timer] step=600; percent=0.0625; passedTime=29.594; remTime=47320.8; MLUPs=21.1149
[Timer] step=600; percent=0.0625; passedTime=29.594; remTime=47320.8; MLUPs=21.1149
[ValueTracer] average=0.00172616; stdDev/average=0.00035944
[LatticeStatistics] step=800; t=0.01; uMax=0; avEnergy=0; avRho=0.00172733
[Timer] step=800; percent=0.0833333; passedTime=39.395; remTime=47234.6; MLUPs=21.0244
[Timer] step=800; percent=0.0833333; passedTime=39.395; remTime=47234.6; MLUPs=21.0244
[ValueTracer] average=0.0017272; stdDev/average=6.18431e-05
[ValueTracer] average=0.00172738; stdDev/average=1.09112e-05
[LatticeStatistics] step=1000; t=0.0125; uMax=0; avEnergy=0; avRho=0.0017274
[Timer] step=1000; percent=0.104167; passedTime=49.163; remTime=47147.3; MLUPs=21.0954
[Timer] step=1000; percent=0.104167; passedTime=49.163; remTime=47147.3; MLUPs=21.0954
[ValueTracer] average=0.00172741; stdDev/average=1.95366e-06
[LatticeStatistics] step=1200; t=0.015; uMax=0; avEnergy=0; avRho=0.00172741
[Timer] step=1200; percent=0.125; passedTime=58.966; remTime=47113.8; MLUPs=21.0201
[Timer] step=1200; percent=0.125; passedTime=58.966; remTime=47113.8; MLUPs=21.0201
[ValueTracer] average=0.00172741; stdDev/average=3.53015e-07
[LatticeStatistics] step=1400; t=0.0175; uMax=0; avEnergy=0; avRho=0.00172741
[Timer] step=1400; percent=0.145833; passedTime=68.749; remTime=47073.4; MLUPs=21.0631
[Timer] step=1400; percent=0.145833; passedTime=68.749; remTime=47073.4; MLUPs=21.0631
[ValueTracer] average=0.00172741; stdDev/average=6.41654e-08
[LatticeStatistics] step=1600; t=0.02; uMax=0; avEnergy=0; avRho=0.00172741
[Timer] step=1600; percent=0.166667; passedTime=78.517; remTime=47031.7; MLUPs=21.0933
[Timer] step=1600; percent=0.166667; passedTime=78.517; remTime=47031.7; MLUPs=21.0933
[ValueTracer] average=0.00172741; stdDev/average=1.17093e-08
[main] Simulation converged. -- 1615
[main] ------1615
[main] Simulation converged. -- 1615
[main] ./100case33_mink/100case33.csv
0.000, 1.000000e+00, 0.000000e+00, 0.000000e+00, 0.000000e+00, 0.000000e+00, 0.000000e+00
0.010, 7.567251e-01, 1.440165e-04, 1.447733e-06, 5.506093e-02, 0.000000e+00, 0.000000e+00
0.020, 5.637221e-01, 2.791558e-04, 2.857606e-06, 4.135452e-02, 0.000000e+00, 0.000000e+00
0.030, 4.188837e-01, 3.950408e-04, 4.165495e-06, 3.100480e-02, -2.775558e-17, 0.000000e+00
0.040, 3.104304e-01, 4.854269e-04, 5.328754e-06, 2.318804e-02, -2.775558e-17, 0.000000e+00
0.050, 2.294484e-01, 5.472769e-04, 6.314077e-06, 1.729111e-02, 1.387779e-17, 1.387779e-17
0.060, 1.691680e-01, 5.806536e-04, 7.099075e-06, 1.285307e-02, 0.000000e+00, -1.387779e-17
0.070, 1.244413e-01, 5.881276e-04, 7.672835e-06, 9.523878e-03, 1.387779e-17, 1.387779e-17
0.080, 9.135816e-02, 5.739384e-04, 8.035487e-06, 7.035851e-03, 0.000000e+00, 0.000000e+00
0.090, 6.695742e-02, 5.431319e-04, 8.196964e-06, 5.183669e-03, -1.387779e-17, -1.387779e-17
0.100, 4.900604e-02, 5.008305e-04, 8.175158e-06, 3.809996e-03, 0.000000e+00, 0.000000e+00
0.110, 3.582808e-02, 4.517116e-04, 7.993751e-06, 2.794706e-03, 0.000000e+00, -1.387779e-17
0.120, 2.617172e-02, 3.997026e-04, 7.679971e-06, 2.046574e-03, 0.000000e+00, 0.000000e+00
0.130, 1.910621e-02, 3.478599e-04, 7.262478e-06, 1.496727e-03, 1.387779e-17, 0.000000e+00
0.140, 1.394233e-02, 2.983806e-04, 6.769543e-06, 1.093482e-03, 0.000000e+00, 0.000000e+00
0.150, 1.017156e-02, 2.526985e-04, 6.227608e-06, 7.982679e-04, -1.387779e-17, 0.000000e+00
0.160, 7.419785e-03, 2.116186e-04, 5.660260e-06, 5.824407e-04, 0.000000e+00, -1.387779e-17
0.170, 5.412486e-03, 1.754626e-04, 5.087614e-06, 4.248186e-04, 0.000000e+00, 0.000000e+00
0.180, 3.948616e-03, 1.442042e-04, 4.526039e-06, 3.097944e-04, 1.387779e-17, 1.387779e-17
0.190, 2.881169e-03, 1.175852e-04, 3.988182e-06, 2.259013e-04, 1.387779e-17, 1.387779e-17
0.200, 2.102784e-03, 9.520793e-05, 3.483204e-06, 1.647350e-04, -1.387779e-17, 1.387779e-17
0.210, 1.535124e-03, 7.660488e-05, 3.017156e-06, 1.201471e-04, 0.000000e+00, 0.000000e+00
0.220, 1.121066e-03, 6.128876e-05, 2.593438e-06, 8.764568e-05, 0.000000e+00, 1.387779e-17
0.230, 8.189741e-04, 4.878546e-05, 2.213281e-06, 6.395318e-05, 0.000000e+00, -1.387779e-17
0.240, 5.985076e-04, 3.865449e-05, 1.876228e-06, 4.667956e-05, 0.000000e+00, 1.387779e-17
0.250, 4.375584e-04, 3.049995e-05, 1.580562e-06, 3.408309e-05, 0.000000e+00, 0.000000e+00
0.260, 3.200174e-04, 2.397484e-05, 1.323699e-06, 2.489484e-05, 0.000000e+00, 0.000000e+00
0.270, 2.341451e-04, 1.878100e-05, 1.102501e-06, 1.819056e-05, 1.387779e-17, 0.000000e+00
0.280, 1.713845e-04, 1.466629e-05, 9.135460e-07, 1.329702e-05, 0.000000e+00, 0.000000e+00
0.290, 1.254969e-04, 1.142033e-05, 7.533224e-07, 9.723845e-06, 0.000000e+00, 0.000000e+00
0.300, 9.193249e-05, 8.869504e-06, 6.183839e-07, 7.113755e-06, 0.000000e+00, 1.387779e-17
0.310, 6.737171e-05, 6.871893e-06, 5.054530e-07, 5.206402e-06, 1.387779e-17, -1.387779e-17
0.320, 4.939202e-05, 5.312448e-06, 4.114895e-07, 3.812009e-06, 0.000000e+00, 0.000000e+00
0.330, 3.622463e-05, 4.098551e-06, 3.337293e-07, 2.792200e-06, 1.387779e-17, -1.387779e-17
0.340, 2.657762e-05, 3.156110e-06, 2.697009e-07, 2.046038e-06, 1.387779e-17, 1.387779e-17
0.350, 1.950699e-05, 2.426173e-06, 2.172258e-07, 1.499867e-06, 7.703720e-32, -7.703720e-32
0.360, 1.432264e-05, 1.862068e-06, 1.744068e-07, 1.099920e-06, -1.387779e-17, 1.387779e-17
0.370, 1.051988e-05, 1.427001e-06, 1.396096e-07, 8.069300e-07, -1.387779e-17, 0.000000e+00
0.380, 7.729470e-06, 1.092079e-06, 1.114394e-07, 5.922070e-07, 0.000000e+00, 0.000000e+00
0.390, 5.681155e-06, 8.346932e-07, 8.871552e-08, 4.347811e-07, 0.000000e+00, -1.387779e-17
0.400, 4.177031e-06, 6.372076e-07, 7.044667e-08, 3.193182e-07, 0.000000e+00, 0.000000e+00
0.410, 3.072127e-06, 4.859048e-07, 5.580579e-08, 2.346006e-07, -1.387779e-17, 7.703720e-32
0.420, 2.260203e-06, 3.701430e-07, 4.410727e-08, 1.724182e-07, -2.775558e-17, -1.387779e-17
0.430, 1.663371e-06, 2.816860e-07, 3.478593e-08, 1.267599e-07, 1.387779e-17, 2.775558e-17
0.440, 1.224504e-06, 2.141731e-07, 2.737833e-08, 9.322273e-08, 0.000000e+00, -1.387779e-17
0.450, 9.016896e-07, 1.627021e-07, 2.150623e-08, 6.858030e-08, -1.387779e-17, 0.000000e+00
0.460, 6.641659e-07, 1.235015e-07, 1.686230e-08, 5.046739e-08, 0.000000e+00, 0.000000e+00
0.470, 4.893450e-07, 9.367495e-08, 1.319786e-08, 3.714947e-08, 0.000000e+00, 1.387779e-17
0.480, 3.606361e-07, 7.100115e-08, 1.031241e-08, 2.735402e-08, 0.000000e+00, 0.000000e+00
0.490, 2.658493e-07, 5.377934e-08, 8.044901e-09, 2.014712e-08, 1.387779e-17, 2.775558e-17
0.500, 1.960245e-07, 4.070895e-08, 6.266377e-09, 1.484311e-08, 0.000000e+00, -1.387779e-17
0.510, 1.445742e-07, 3.079665e-08, 4.873907e-09, 1.093838e-08, 1.387779e-17, 0.000000e+00
0.520, 1.066531e-07, 2.328465e-08, 3.785561e-09, 8.062957e-09, -1.387779e-17, -1.387779e-17
0.530, 7.869636e-08, 1.759547e-08, 2.936306e-09, 5.944913e-09, 0.000000e+00, -1.387779e-17
0.540, 5.808062e-08, 1.328950e-08, 2.274650e-09, 4.384330e-09, 0.000000e+00, 1.387779e-17
0.550, 4.287457e-08, 1.003236e-08, 1.759916e-09, 3.234180e-09, 0.000000e+00, 0.000000e+00
0.560, 3.165606e-08, 7.569963e-09, 1.360049e-09, 2.386301e-09, -1.387779e-17, 1.387779e-17
0.570, 2.337755e-08, 5.709384e-09, 1.049836e-09, 1.761096e-09, -1.387779e-17, 1.417484e-31
0.580, 1.726723e-08, 4.304246e-09, 8.094881e-10, 1.299973e-09, -1.417484e-31, 0.000000e+00
0.590, 1.275628e-08, 3.243577e-09, 6.235022e-10, 9.597894e-10, 0.000000e+00, 0.000000e+00
0.600, 9.425390e-09, 2.443299e-09, 4.797547e-10, 7.087684e-10, 1.387779e-17, 0.000000e+00
0.610, 6.965379e-09, 1.839753e-09, 3.687808e-10, 5.234994e-10, -1.387779e-17, 0.000000e+00
0.620, 5.148208e-09, 1.384770e-09, 2.832026e-10, 3.867302e-10, -2.775558e-17, 0.000000e+00
0.630, 3.805652e-09, 1.041921e-09, 2.172791e-10, 2.857435e-10, 0.000000e+00, -1.387779e-17
0.640, 2.813579e-09, 7.836708e-10, 1.665482e-10, 2.111626e-10, -2.775558e-17, 0.000000e+00
0.650, 2.080375e-09, 5.892189e-10, 1.275481e-10, 1.560726e-10, 0.000000e+00, 0.000000e+00
0.660, 1.538408e-09, 4.428593e-10, 9.759488e-11, 1.153721e-10, 2.775558e-17, 2.775558e-17
0.670, 1.137741e-09, 3.327372e-10, 7.461154e-11, 8.529730e-11, 0.000000e+00, -1.387779e-17
0.680, 8.414949e-10, 2.499101e-10, 5.699247e-11, 6.307041e-11, 0.000000e+00, 0.000000e+00
0.690, 6.224296e-10, 1.876347e-10, 4.349771e-11, 4.664091e-11, 0.000000e+00, -1.387779e-17
0.700, 4.604187e-10, 1.408272e-10, 3.317069e-11, 3.449489e-11, -1.540744e-31, -3.081488e-31
0.710, 3.405908e-10, 1.056584e-10, 2.527489e-11, 2.551426e-11, 1.387779e-17, 2.775558e-17
0.720, 2.519549e-10, 7.924306e-11, 1.924289e-11, 1.887322e-11, 0.000000e+00, -1.387779e-17
0.730, 1.863870e-10, 5.940937e-11, 1.463857e-11, 1.396167e-11, 0.000000e+00, 0.000000e+00
0.740, 1.378804e-10, 4.452283e-11, 1.112688e-11, 1.032882e-11, 0.000000e+00, 1.387779e-17
0.750, 1.019944e-10, 3.335321e-11, 8.450685e-12, 7.641512e-12, 1.387779e-17, 0.000000e+00
0.760, 7.544432e-11, 2.497547e-11, 6.413092e-12, 5.653505e-12, 1.387779e-17, 0.000000e+00
0.770, 5.580114e-11, 1.869427e-11, 4.862610e-12, 4.182751e-12, 1.387779e-17, 2.775558e-17
0.780, 4.126821e-11, 1.398659e-11, 3.683887e-12, 3.094469e-12, 0.000000e+00, 0.000000e+00
0.790, 3.051648e-11, 1.045974e-11, 2.788714e-12, 2.289252e-12, 2.775558e-17, 0.000000e+00
0.800, 2.256284e-11, 7.818413e-12, 2.109202e-12, 1.693520e-12, 0.000000e+00, 0.000000e+00
0.810, 1.667910e-11, 5.841105e-12, 1.593781e-12, 1.252665e-12, 1.387779e-17, 0.000000e+00
0.820, 1.232714e-11, 4.361733e-12, 1.203371e-12, 9.264950e-13, 1.387779e-17, 2.775558e-17
0.830, 9.108492e-12, 3.254952e-12, 9.077183e-13, 6.851603e-13, 3.081488e-31, 1.387779e-17
0.840, 6.728507e-12, 2.427836e-12, 6.838974e-13, 5.065809e-13, -2.775558e-17, -1.387779e-17
0.850, 4.968692e-12, 1.809775e-12, 5.148659e-13, 3.745476e-13, 0.000000e+00, 1.387779e-17
0.860, 3.667955e-12, 1.348255e-12, 3.870793e-13, 2.768480e-13, 0.000000e+00, 0.000000e+00
0.870, 2.706391e-12, 1.003642e-12, 2.906009e-13, 2.045586e-13, 1.387779e-17, 0.000000e+00
0.880, 1.995848e-12, 7.462919e-13, 2.178813e-13, 1.511569e-13, 0.000000e+00, 0.000000e+00
0.890, 1.470934e-12, 5.545564e-13, 1.628697e-13, 1.117162e-13, 0.000000e+00, 0.000000e+00
0.900, 1.083134e-12, 4.115597e-13, 1.214029e-13, 8.253120e-14, -1.387779e-17, 0.000000e+00
0.910, 7.964740e-13, 3.049783e-13, 8.998358e-14, 6.099288e-14, 0.000000e+00, 0.000000e+00
0.920, 5.844214e-13, 2.251532e-13, 6.628031e-14, 4.514444e-14, 0.000000e+00, 0.000000e+00
0.930, 4.276579e-13, 1.654232e-13, 4.835021e-14, 3.347322e-14, 1.387779e-17, 2.775558e-17
0.940, 3.109735e-13, 1.207923e-13, 3.480549e-14, 2.498002e-14, 1.417484e-31, 1.387779e-17
0.950, 2.233769e-13, 8.704149e-14, 2.448042e-14, 1.879052e-14, -1.387779e-17, -1.387779e-17
0.960, 1.573186e-13, 6.117329e-14, 1.676437e-14, 1.436351e-14, 0.000000e+00, 0.000000e+00
0.970, 1.060263e-13, 4.118927e-14, 1.093570e-14, 1.132427e-14, -1.387779e-17, 0.000000e+00
0.980, 6.483702e-14, 2.531308e-14, 6.383782e-15, 9.214851e-15, 0.000000e+00, 0.000000e+00
0.990, 3.064216e-14, 1.176836e-14, 3.053113e-15, 7.965850e-15, 0.000000e+00, 0.000000e+00
1.000, 0.000000e+00, 0.000000e+00, 0.000000e+00, 0.000000e+00, 0.000000e+00, 0.000000e+00
[Timer] 
[Timer] ----------------Summary:Timer----------------
[Timer] measured time (rt) : 80.817s
[Timer] measured time (cpu): 80.630s
[Timer] average MLUPs :       20.398
[Timer] average MLUPps:       20.398
[Timer] ---------------------------------------------
