1
node24
[MpiManager] Sucessfully initialized, numThreads=1
[Directories] Directory ./100case14_mink/ created.
[Directories] Directory ./100case14_mink/imageData/ created.
[Directories] Directory ./100case14_mink/imageData/data/ created.
[Directories] Directory ./100case14_mink/vtkData/ created.
[Directories] Directory ./100case14_mink/vtkData/data/ created.
[Directories] Directory ./100case14_mink/gnuplotData/ created.
[Directories] Directory ./100case14_mink/gnuplotData/data/ created.
[main] case14
[main] omega = .... 1
[main] omega 1
[main] working with diffuse approximation
[main] omega=1
[main] latticeSink=0.000135
[RadiativeUnitConverter] ----------------- UnitConverter information -----------------
[RadiativeUnitConverter] -- Parameters:
[RadiativeUnitConverter] Resolution:                       N=              100
[RadiativeUnitConverter] Lattice relaxation frequency:     omega=          1
[RadiativeUnitConverter] Lattice relaxation time:          tau=            1
[RadiativeUnitConverter] Characteristical length(m):       charL=          1
[RadiativeUnitConverter] Phys. density(kg/m^d):            charRho=        1
[RadiativeUnitConverter] Phys. absorption(1/m):            mu_a=           0.6
[RadiativeUnitConverter] Phys. scattering(1/m):            mu_s=           5.4
[RadiativeUnitConverter] Extinction(1/m):                  mu_t=           6
[RadiativeUnitConverter] Effective attenuation(1/m):       mu_eff=         3.28634
[RadiativeUnitConverter] Phys. diffusion(m):               D=              0.0555556
[RadiativeUnitConverter] Single scattering albedo:         albedo=         0.9
[RadiativeUnitConverter] Anisotropy factor:                g=              0
[RadiativeUnitConverter] 
[RadiativeUnitConverter] Lattice diffusion:                D^*=            5.55556
[RadiativeUnitConverter] Lattice absorption:               absorption=     0.006
[RadiativeUnitConverter] Lattice scattering:               scattering=     0.054
[RadiativeUnitConverter] Lattice sink:                     sink=           0.000135
[RadiativeUnitConverter] C_R: 1
[RadiativeUnitConverter] r_F: 1.91388
[RadiativeUnitConverter] 
[RadiativeUnitConverter] -- Conversion factors:
[RadiativeUnitConverter] Voxel length(m):                  physDeltaX=     0.01
[RadiativeUnitConverter] Time step(s):                     physDeltaT=     1.25e-05
[RadiativeUnitConverter] Density factor(kg/m^3):           physDensity=    1
[RadiativeUnitConverter] -------------------------------------------------------------
[prepareGeometryCube] Prepare cubeGeometry ...
[SuperGeometry3D] cleaned 0 outer boundary voxel(s)
[SuperGeometry3D] cleaned 0 inner boundary voxel(s)
[SuperGeometry3D] the model is correct!
[CuboidGeometry3D] ---Cuboid Stucture Statistics---
[CuboidGeometry3D]  Number of Cuboids: 	2
[CuboidGeometry3D]  Delta  (min): 		0.01
[CuboidGeometry3D]         (max): 		0.01
[CuboidGeometry3D]  Ratio  (min): 		0.49505
[CuboidGeometry3D]         (max): 		2.02
[CuboidGeometry3D]  Nodes  (min): 		510050
[CuboidGeometry3D]         (max): 		520251
[CuboidGeometry3D]  Weight (min): 		510050
[CuboidGeometry3D]         (max): 		520251
[CuboidGeometry3D] --------------------------------
[SuperGeometryStatistics3D] materialNumber=1; count=970299; minPhysR=(0.01,-0.49,-0.49); maxPhysR=(0.99,0.49,0.49)
[SuperGeometryStatistics3D] materialNumber=2; count=59561; minPhysR=(0,-0.5,-0.5); maxPhysR=(1,0.5,0.5)
[SuperGeometryStatistics3D] materialNumber=3; count=441; minPhysR=(0,-0.1,-0.1); maxPhysR=(0,0.1,0.1)
[prepareGeometryCube] Prepare cubeGeometry ... OK
[prepareLattice] Prepare Lattice ...
[prepareLattice] Prepare Lattice ... OK
[main] iT convergence criteria: 160
[LatticeStatistics] step=0; t=0; uMax=0; avEnergy=0; avRho=1
[Timer] step=0; percent=0; passedTime=6.93751e-313; remTime=0.001; MLUPs=0
[Timer] step=0; percent=0; passedTime=6.93751e-313; remTime=0.001; MLUPs=0
[ValueTracer] average=0.001658; stdDev/average=0.301192
[LatticeStatistics] step=200; t=0.0025; uMax=0; avEnergy=0; avRho=0.0026091
[Timer] step=200; percent=0.0208333; passedTime=9.43; remTime=45254.6; MLUPs=21.8516
[Timer] step=200; percent=0.0208333; passedTime=9.43; remTime=45254.6; MLUPs=21.8516
[ValueTracer] average=0.00282258; stdDev/average=0.088325
[LatticeStatistics] step=400; t=0.005; uMax=0; avEnergy=0; avRho=0.00357008
[Timer] step=400; percent=0.0416667; passedTime=18.646; remTime=44731.8; MLUPs=22.359
[Timer] step=400; percent=0.0416667; passedTime=18.646; remTime=44731.8; MLUPs=22.359
[ValueTracer] average=0.0035661; stdDev/average=0.0526897
[LatticeStatistics] step=600; t=0.0075; uMax=0; avEnergy=0; avRho=0.00428755
[Timer] step=600; percent=0.0625; passedTime=27.868; remTime=44560.9; MLUPs=22.3468
[Timer] step=600; percent=0.0625; passedTime=27.868; remTime=44560.9; MLUPs=22.3468
[ValueTracer] average=0.00415448; stdDev/average=0.0373345
[LatticeStatistics] step=800; t=0.01; uMax=0; avEnergy=0; avRho=0.00487516
[Timer] step=800; percent=0.0833333; passedTime=37.083; remTime=44462.5; MLUPs=22.359
[Timer] step=800; percent=0.0833333; passedTime=37.083; remTime=44462.5; MLUPs=22.359
[ValueTracer] average=0.00465104; stdDev/average=0.0287113
[ValueTracer] average=0.00508375; stdDev/average=0.0231445
[LatticeStatistics] step=1000; t=0.0125; uMax=0; avEnergy=0; avRho=0.00537629
[Timer] step=1000; percent=0.104167; passedTime=46.316; remTime=44417; MLUPs=22.3178
[Timer] step=1000; percent=0.104167; passedTime=46.316; remTime=44417; MLUPs=22.3178
[ValueTracer] average=0.00546776; stdDev/average=0.0192232
[LatticeStatistics] step=1200; t=0.015; uMax=0; avEnergy=0; avRho=0.00581268
[Timer] step=1200; percent=0.125; passedTime=55.543; remTime=44378.9; MLUPs=22.3347
[Timer] step=1200; percent=0.125; passedTime=55.543; remTime=44378.9; MLUPs=22.3347
[ValueTracer] average=0.00581232; stdDev/average=0.0162932
[LatticeStatistics] step=1400; t=0.0175; uMax=0; avEnergy=0; avRho=0.00619712
[Timer] step=1400; percent=0.145833; passedTime=64.766; remTime=44346.2; MLUPs=22.3444
[Timer] step=1400; percent=0.145833; passedTime=64.766; remTime=44346.2; MLUPs=22.3444
[ValueTracer] average=0.00612367; stdDev/average=0.0140112
[LatticeStatistics] step=1600; t=0.02; uMax=0; avEnergy=0; avRho=0.00653813
[Timer] step=1600; percent=0.166667; passedTime=73.995; remTime=44323; MLUPs=22.3299
[Timer] step=1600; percent=0.166667; passedTime=73.995; remTime=44323; MLUPs=22.3299
[ValueTracer] average=0.00640629; stdDev/average=0.0121794
[ValueTracer] average=0.00666365; stdDev/average=0.0106759
[LatticeStatistics] step=1800; t=0.0225; uMax=0; avEnergy=0; avRho=0.00684192
[Timer] step=1800; percent=0.1875; passedTime=83.216; remTime=44298.7; MLUPs=22.3444
[Timer] step=1800; percent=0.1875; passedTime=83.216; remTime=44298.7; MLUPs=22.3444
[ValueTracer] average=0.00689853; stdDev/average=0.00942058
[LatticeStatistics] step=2000; t=0.025; uMax=0; avEnergy=0; avRho=0.00711336
[Timer] step=2000; percent=0.208333; passedTime=92.425; remTime=44271.6; MLUPs=22.376
[Timer] step=2000; percent=0.208333; passedTime=92.425; remTime=44271.6; MLUPs=22.376
[ValueTracer] average=0.00711325; stdDev/average=0.00835831
[LatticeStatistics] step=2200; t=0.0275; uMax=0; avEnergy=0; avRho=0.00735641
[Timer] step=2200; percent=0.229167; passedTime=101.637; remTime=44249.1; MLUPs=22.3711
[Timer] step=2200; percent=0.229167; passedTime=101.637; remTime=44249.1; MLUPs=22.3711
[ValueTracer] average=0.00730981; stdDev/average=0.00744971
[LatticeStatistics] step=2400; t=0.03; uMax=0; avEnergy=0; avRho=0.00757438
[Timer] step=2400; percent=0.25; passedTime=110.858; remTime=44232.3; MLUPs=22.3468
[Timer] step=2400; percent=0.25; passedTime=110.858; remTime=44232.3; MLUPs=22.3468
[ValueTracer] average=0.00748993; stdDev/average=0.00666566
[ValueTracer] average=0.00765513; stdDev/average=0.00598403
[LatticeStatistics] step=2600; t=0.0325; uMax=0; avEnergy=0; avRho=0.00777012
[Timer] step=2600; percent=0.270833; passedTime=120.094; remTime=44222.3; MLUPs=22.3105
[Timer] step=2600; percent=0.270833; passedTime=120.094; remTime=44222.3; MLUPs=22.3105
[ValueTracer] average=0.00780676; stdDev/average=0.00538767
[LatticeStatistics] step=2800; t=0.035; uMax=0; avEnergy=0; avRho=0.00794608
[Timer] step=2800; percent=0.291667; passedTime=129.306; remTime=44204.2; MLUPs=22.3687
[Timer] step=2800; percent=0.291667; passedTime=129.306; remTime=44204.2; MLUPs=22.3687
[ValueTracer] average=0.00794602; stdDev/average=0.00486303
[LatticeStatistics] step=3000; t=0.0375; uMax=0; avEnergy=0; avRho=0.00810439
[Timer] step=3000; percent=0.3125; passedTime=138.523; remTime=44188.8; MLUPs=22.359
[Timer] step=3000; percent=0.3125; passedTime=138.523; remTime=44188.8; MLUPs=22.359
[ValueTracer] average=0.008074; stdDev/average=0.00439926
[LatticeStatistics] step=3200; t=0.04; uMax=0; avEnergy=0; avRho=0.00824695
[Timer] step=3200; percent=0.333333; passedTime=147.738; remTime=44173.7; MLUPs=22.3638
[Timer] step=3200; percent=0.333333; passedTime=147.738; remTime=44173.7; MLUPs=22.3638
[ValueTracer] average=0.00819167; stdDev/average=0.00398755
[ValueTracer] average=0.0082999; stdDev/average=0.00362066
[LatticeStatistics] step=3400; t=0.0425; uMax=0; avEnergy=0; avRho=0.00837539
[Timer] step=3400; percent=0.354167; passedTime=156.947; remTime=44157.5; MLUPs=22.376
[Timer] step=3400; percent=0.354167; passedTime=156.947; remTime=44157.5; MLUPs=22.376
[ValueTracer] average=0.00839949; stdDev/average=0.00329262
[LatticeStatistics] step=3600; t=0.045; uMax=0; avEnergy=0; avRho=0.00849118
[Timer] step=3600; percent=0.375; passedTime=166.163; remTime=44144; MLUPs=22.359
[Timer] step=3600; percent=0.375; passedTime=166.163; remTime=44144; MLUPs=22.359
[ValueTracer] average=0.00849115; stdDev/average=0.00299843
[LatticeStatistics] step=3800; t=0.0475; uMax=0; avEnergy=0; avRho=0.00859561
[Timer] step=3800; percent=0.395833; passedTime=175.401; remTime=44136.4; MLUPs=22.3057
[Timer] step=3800; percent=0.395833; passedTime=175.401; remTime=44136.4; MLUPs=22.3057
[ValueTracer] average=0.00857555; stdDev/average=0.00273388
[LatticeStatistics] step=4000; t=0.05; uMax=0; avEnergy=0; avRho=0.00868983
[Timer] step=4000; percent=0.416667; passedTime=184.622; remTime=44124.7; MLUPs=22.3468
[Timer] step=4000; percent=0.416667; passedTime=184.622; remTime=44124.7; MLUPs=22.3468
[ValueTracer] average=0.00865327; stdDev/average=0.00249541
[ValueTracer] average=0.00872487; stdDev/average=0.00227998
[LatticeStatistics] step=4200; t=0.0525; uMax=0; avEnergy=0; avRho=0.00877486
[Timer] step=4200; percent=0.4375; passedTime=193.837; remTime=44111.8; MLUPs=22.3614
[Timer] step=4200; percent=0.4375; passedTime=193.837; remTime=44111.8; MLUPs=22.3614
[ValueTracer] average=0.00879083; stdDev/average=0.00208499
[LatticeStatistics] step=4400; t=0.055; uMax=0; avEnergy=0; avRho=0.00885163
[Timer] step=4400; percent=0.458333; passedTime=203.056; remTime=44100.1; MLUPs=22.3517
[Timer] step=4400; percent=0.458333; passedTime=203.056; remTime=44100.1; MLUPs=22.3517
[ValueTracer] average=0.00885161; stdDev/average=0.00190818
[LatticeStatistics] step=4600; t=0.0575; uMax=0; avEnergy=0; avRho=0.00892094
[Timer] step=4600; percent=0.479167; passedTime=212.267; remTime=44086.9; MLUPs=22.3711
[Timer] step=4600; percent=0.479167; passedTime=212.267; remTime=44086.9; MLUPs=22.3711
[ValueTracer] average=0.00890763; stdDev/average=0.00174761
[LatticeStatistics] step=4800; t=0.06; uMax=0; avEnergy=0; avRho=0.00898355
[Timer] step=4800; percent=0.5; passedTime=221.478; remTime=44074.1; MLUPs=22.3711
[Timer] step=4800; percent=0.5; passedTime=221.478; remTime=44074.1; MLUPs=22.3711
[ValueTracer] average=0.00895926; stdDev/average=0.00160158
[ValueTracer] average=0.00900685; stdDev/average=0.00146859
[LatticeStatistics] step=5000; t=0.0625; uMax=0; avEnergy=0; avRho=0.00904009
[Timer] step=5000; percent=0.520833; passedTime=230.714; remTime=44066.4; MLUPs=22.3105
[Timer] step=5000; percent=0.520833; passedTime=230.714; remTime=44066.4; MLUPs=22.3105
[ValueTracer] average=0.00905072; stdDev/average=0.00134735
[LatticeStatistics] step=5200; t=0.065; uMax=0; avEnergy=0; avRho=0.00909118
[Timer] step=5200; percent=0.541667; passedTime=239.97; remTime=44062.2; MLUPs=22.2647
[Timer] step=5200; percent=0.541667; passedTime=239.97; remTime=44062.2; MLUPs=22.2647
[ValueTracer] average=0.00909117; stdDev/average=0.0012367
[LatticeStatistics] step=5400; t=0.0675; uMax=0; avEnergy=0; avRho=0.00913733
[Timer] step=5400; percent=0.5625; passedTime=249.215; remTime=44055.7; MLUPs=22.2888
[Timer] step=5400; percent=0.5625; passedTime=249.215; remTime=44055.7; MLUPs=22.2888
[ValueTracer] average=0.00912846; stdDev/average=0.00113563
[LatticeStatistics] step=5600; t=0.07; uMax=0; avEnergy=0; avRho=0.00917903
[Timer] step=5600; percent=0.583333; passedTime=258.448; remTime=44046.9; MLUPs=22.3178
[Timer] step=5600; percent=0.583333; passedTime=258.448; remTime=44046.9; MLUPs=22.3178
[ValueTracer] average=0.00916285; stdDev/average=0.00104321
[ValueTracer] average=0.00919456; stdDev/average=0.000958654
[LatticeStatistics] step=5800; t=0.0725; uMax=0; avEnergy=0; avRho=0.00921672
[Timer] step=5800; percent=0.604167; passedTime=267.693; remTime=44040.1; MLUPs=22.2888
[Timer] step=5800; percent=0.604167; passedTime=267.693; remTime=44040.1; MLUPs=22.2888
[ValueTracer] average=0.0092238; stdDev/average=0.00088123
[LatticeStatistics] step=6000; t=0.075; uMax=0; avEnergy=0; avRho=0.00925077
[Timer] step=6000; percent=0.625; passedTime=276.938; remTime=44033.1; MLUPs=22.2912
[Timer] step=6000; percent=0.625; passedTime=276.938; remTime=44033.1; MLUPs=22.2912
[ValueTracer] average=0.00925076; stdDev/average=0.000810293
[LatticeStatistics] step=6200; t=0.0775; uMax=0; avEnergy=0; avRho=0.00928154
[Timer] step=6200; percent=0.645833; passedTime=286.165; remTime=44023.3; MLUPs=22.3299
[Timer] step=6200; percent=0.645833; passedTime=286.165; remTime=44023.3; MLUPs=22.3299
[ValueTracer] average=0.00927563; stdDev/average=0.000745263
[LatticeStatistics] step=6400; t=0.08; uMax=0; avEnergy=0; avRho=0.00930935
[Timer] step=6400; percent=0.666667; passedTime=295.378; remTime=44011.3; MLUPs=22.3687
[Timer] step=6400; percent=0.666667; passedTime=295.378; remTime=44011.3; MLUPs=22.3687
[ValueTracer] average=0.00929856; stdDev/average=0.000685615
[ValueTracer] average=0.00931971; stdDev/average=0.000630879
[LatticeStatistics] step=6600; t=0.0825; uMax=0; avEnergy=0; avRho=0.00933449
[Timer] step=6600; percent=0.6875; passedTime=304.6; remTime=44000.9; MLUPs=22.3444
[Timer] step=6600; percent=0.6875; passedTime=304.6; remTime=44000.9; MLUPs=22.3444
[ValueTracer] average=0.00933922; stdDev/average=0.000580628
[LatticeStatistics] step=6800; t=0.085; uMax=0; avEnergy=0; avRho=0.00935721
[Timer] step=6800; percent=0.708333; passedTime=313.832; remTime=43991.9; MLUPs=22.3202
[Timer] step=6800; percent=0.708333; passedTime=313.832; remTime=43991.9; MLUPs=22.3202
[ValueTracer] average=0.00935721; stdDev/average=0.000534476
[LatticeStatistics] step=7000; t=0.0875; uMax=0; avEnergy=0; avRho=0.00937774
[Timer] step=7000; percent=0.729167; passedTime=323.057; remTime=43981.9; MLUPs=22.3347
[Timer] step=7000; percent=0.729167; passedTime=323.057; remTime=43981.9; MLUPs=22.3347
[ValueTracer] average=0.0093738; stdDev/average=0.000492075
[LatticeStatistics] step=7200; t=0.09; uMax=0; avEnergy=0; avRho=0.0093963
[Timer] step=7200; percent=0.75; passedTime=332.269; remTime=43970.3; MLUPs=22.3711
[Timer] step=7200; percent=0.75; passedTime=332.269; remTime=43970.3; MLUPs=22.3711
[ValueTracer] average=0.0093891; stdDev/average=0.000453106
[ValueTracer] average=0.00940321; stdDev/average=0.000417281
[LatticeStatistics] step=7400; t=0.0925; uMax=0; avEnergy=0; avRho=0.00941308
[Timer] step=7400; percent=0.770833; passedTime=341.484; remTime=43959.1; MLUPs=22.3614
[Timer] step=7400; percent=0.770833; passedTime=341.484; remTime=43959.1; MLUPs=22.3614
[ValueTracer] average=0.00941623; stdDev/average=0.000384337
[LatticeStatistics] step=7600; t=0.095; uMax=0; avEnergy=0; avRho=0.00942824
[Timer] step=7600; percent=0.791667; passedTime=350.725; remTime=43951.4; MLUPs=22.3009
[Timer] step=7600; percent=0.791667; passedTime=350.725; remTime=43951.4; MLUPs=22.3009
[ValueTracer] average=0.00942824; stdDev/average=0.000354035
[LatticeStatistics] step=7800; t=0.0975; uMax=0; avEnergy=0; avRho=0.00944195
[Timer] step=7800; percent=0.8125; passedTime=359.984; remTime=43945.7; MLUPs=22.2551
[Timer] step=7800; percent=0.8125; passedTime=359.984; remTime=43945.7; MLUPs=22.2551
[ValueTracer] average=0.00943931; stdDev/average=0.000326156
[LatticeStatistics] step=8000; t=0.1; uMax=0; avEnergy=0; avRho=0.00945433
[Timer] step=8000; percent=0.833333; passedTime=369.221; remTime=43937.3; MLUPs=22.3081
[Timer] step=8000; percent=0.833333; passedTime=369.221; remTime=43937.3; MLUPs=22.3081
[ValueTracer] average=0.00944953; stdDev/average=0.000300503
[ValueTracer] average=0.00945895; stdDev/average=0.000276891
[LatticeStatistics] step=8200; t=0.1025; uMax=0; avEnergy=0; avRho=0.00946553
[Timer] step=8200; percent=0.854167; passedTime=378.475; remTime=43930.8; MLUPs=22.2671
[Timer] step=8200; percent=0.854167; passedTime=378.475; remTime=43930.8; MLUPs=22.2671
[ValueTracer] average=0.00946764; stdDev/average=0.000255156
[LatticeStatistics] step=8400; t=0.105; uMax=0; avEnergy=0; avRho=0.00947565
[Timer] step=8400; percent=0.875; passedTime=387.733; remTime=43924.6; MLUPs=22.2575
[Timer] step=8400; percent=0.875; passedTime=387.733; remTime=43924.6; MLUPs=22.2575
[ValueTracer] average=0.00947565; stdDev/average=0.000235145
[LatticeStatistics] step=8600; t=0.1075; uMax=0; avEnergy=0; avRho=0.0094848
[Timer] step=8600; percent=0.895833; passedTime=396.988; remTime=43918; MLUPs=22.2671
[Timer] step=8600; percent=0.895833; passedTime=396.988; remTime=43918; MLUPs=22.2671
[ValueTracer] average=0.00948304; stdDev/average=0.000216718
[LatticeStatistics] step=8800; t=0.11; uMax=0; avEnergy=0; avRho=0.00949307
[Timer] step=8800; percent=0.916667; passedTime=406.245; remTime=43911.4; MLUPs=22.2599
[Timer] step=8800; percent=0.916667; passedTime=406.245; remTime=43911.4; MLUPs=22.2599
[ValueTracer] average=0.00948986; stdDev/average=0.000199748
[ValueTracer] average=0.00949615; stdDev/average=0.000184117
[LatticeStatistics] step=9000; t=0.1125; uMax=0; avEnergy=0; avRho=0.00950054
[Timer] step=9000; percent=0.9375; passedTime=415.501; remTime=43904.6; MLUPs=22.2647
[Timer] step=9000; percent=0.9375; passedTime=415.501; remTime=43904.6; MLUPs=22.2647
[ValueTracer] average=0.00950195; stdDev/average=0.000169719
[LatticeStatistics] step=9200; t=0.115; uMax=0; avEnergy=0; avRho=0.0095073
[Timer] step=9200; percent=0.958333; passedTime=424.764; remTime=43898.4; MLUPs=22.2479
[Timer] step=9200; percent=0.958333; passedTime=424.764; remTime=43898.4; MLUPs=22.2479
[ValueTracer] average=0.0095073; stdDev/average=0.000156454
[LatticeStatistics] step=9400; t=0.1175; uMax=0; avEnergy=0; avRho=0.00951341
[Timer] step=9400; percent=0.979167; passedTime=434.019; remTime=43891.3; MLUPs=22.2623
[Timer] step=9400; percent=0.979167; passedTime=434.019; remTime=43891.3; MLUPs=22.2623
[ValueTracer] average=0.00951223; stdDev/average=0.000144232
[LatticeStatistics] step=9600; t=0.12; uMax=0; avEnergy=0; avRho=0.00951893
[Timer] step=9600; percent=1; passedTime=443.283; remTime=43885; MLUPs=22.2455
[Timer] step=9600; percent=1; passedTime=443.283; remTime=43885; MLUPs=22.2455
[ValueTracer] average=0.00951679; stdDev/average=0.000132971
[ValueTracer] average=0.00952098; stdDev/average=0.000122594
[LatticeStatistics] step=9800; t=0.1225; uMax=0; avEnergy=0; avRho=0.00952392
[Timer] step=9800; percent=1.02083; passedTime=452.541; remTime=43878; MLUPs=22.2599
[Timer] step=9800; percent=1.02083; passedTime=452.541; remTime=43878; MLUPs=22.2599
[ValueTracer] average=0.00952486; stdDev/average=0.00011303
[LatticeStatistics] step=10000; t=0.125; uMax=0; avEnergy=0; avRho=0.00952843
[Timer] step=10000; percent=1.04167; passedTime=461.801; remTime=43871.1; MLUPs=22.2527
[Timer] step=10000; percent=1.04167; passedTime=461.801; remTime=43871.1; MLUPs=22.2527
[ValueTracer] average=0.00952843; stdDev/average=0.000104216
[LatticeStatistics] step=10200; t=0.1275; uMax=0; avEnergy=0; avRho=0.00953251
[Timer] step=10200; percent=1.0625; passedTime=471.061; remTime=43864.1; MLUPs=22.2527
[Timer] step=10200; percent=1.0625; passedTime=471.061; remTime=43864.1; MLUPs=22.2527
[ValueTracer] average=0.00953172; stdDev/average=9.60923e-05
[LatticeStatistics] step=10400; t=0.13; uMax=0; avEnergy=0; avRho=0.00953619
[Timer] step=10400; percent=1.08333; passedTime=480.336; remTime=43858.4; MLUPs=22.2167
[Timer] step=10400; percent=1.08333; passedTime=480.336; remTime=43858.4; MLUPs=22.2167
[ValueTracer] average=0.00953476; stdDev/average=8.86041e-05
[ValueTracer] average=0.00953756; stdDev/average=8.17015e-05
[LatticeStatistics] step=10600; t=0.1325; uMax=0; avEnergy=0; avRho=0.00953952
[Timer] step=10600; percent=1.10417; passedTime=489.609; remTime=43852.3; MLUPs=22.2215
[Timer] step=10600; percent=1.10417; passedTime=489.609; remTime=43852.3; MLUPs=22.2215
[ValueTracer] average=0.00954015; stdDev/average=7.53384e-05
[LatticeStatistics] step=10800; t=0.135; uMax=0; avEnergy=0; avRho=0.00954254
[Timer] step=10800; percent=1.125; passedTime=498.877; remTime=43845.7; MLUPs=22.2335
[Timer] step=10800; percent=1.125; passedTime=498.877; remTime=43845.7; MLUPs=22.2335
[ValueTracer] average=0.00954253; stdDev/average=6.94724e-05
[LatticeStatistics] step=11000; t=0.1375; uMax=0; avEnergy=0; avRho=0.00954526
[Timer] step=11000; percent=1.14583; passedTime=508.125; remTime=43837.3; MLUPs=22.2816
[Timer] step=11000; percent=1.14583; passedTime=508.125; remTime=43837.3; MLUPs=22.2816
[ValueTracer] average=0.00954473; stdDev/average=6.40643e-05
[LatticeStatistics] step=11200; t=0.14; uMax=0; avEnergy=0; avRho=0.00954772
[Timer] step=11200; percent=1.16667; passedTime=517.383; remTime=43829.7; MLUPs=22.2575
[Timer] step=11200; percent=1.16667; passedTime=517.383; remTime=43829.7; MLUPs=22.2575
[ValueTracer] average=0.00954676; stdDev/average=5.90784e-05
[ValueTracer] average=0.00954863; stdDev/average=5.44813e-05
[LatticeStatistics] step=11400; t=0.1425; uMax=0; avEnergy=0; avRho=0.00954994
[Timer] step=11400; percent=1.1875; passedTime=526.68; remTime=43825.3; MLUPs=22.1665
[Timer] step=11400; percent=1.1875; passedTime=526.68; remTime=43825.3; MLUPs=22.1665
[ValueTracer] average=0.00955036; stdDev/average=5.02428e-05
[LatticeStatistics] step=11600; t=0.145; uMax=0; avEnergy=0; avRho=0.00955195
[Timer] step=11600; percent=1.20833; passedTime=535.959; remTime=43819.3; MLUPs=22.2072
[Timer] step=11600; percent=1.20833; passedTime=535.959; remTime=43819.3; MLUPs=22.2072
[ValueTracer] average=0.00955195; stdDev/average=4.63346e-05
[LatticeStatistics] step=11800; t=0.1475; uMax=0; avEnergy=0; avRho=0.00955377
[Timer] step=11800; percent=1.22917; passedTime=545.219; remTime=43811.6; MLUPs=22.2527
[Timer] step=11800; percent=1.22917; passedTime=545.219; remTime=43811.6; MLUPs=22.2527
[ValueTracer] average=0.00955342; stdDev/average=4.27311e-05
[LatticeStatistics] step=12000; t=0.15; uMax=0; avEnergy=0; avRho=0.00955541
[Timer] step=12000; percent=1.25; passedTime=554.457; remTime=43802.1; MLUPs=22.3057
[Timer] step=12000; percent=1.25; passedTime=554.457; remTime=43802.1; MLUPs=22.3057
[ValueTracer] average=0.00955477; stdDev/average=3.94082e-05
[ValueTracer] average=0.00955602; stdDev/average=3.63442e-05
[LatticeStatistics] step=12200; t=0.1525; uMax=0; avEnergy=0; avRho=0.0095569
[Timer] step=12200; percent=1.27083; passedTime=563.689; remTime=43792.2; MLUPs=22.3226
[Timer] step=12200; percent=1.27083; passedTime=563.689; remTime=43792.2; MLUPs=22.3226
[ValueTracer] average=0.00955718; stdDev/average=3.35187e-05
[LatticeStatistics] step=12400; t=0.155; uMax=0; avEnergy=0; avRho=0.00955824
[Timer] step=12400; percent=1.29167; passedTime=572.92; remTime=43782.2; MLUPs=22.3226
[Timer] step=12400; percent=1.29167; passedTime=572.92; remTime=43782.2; MLUPs=22.3226
[ValueTracer] average=0.00955824; stdDev/average=3.09132e-05
[LatticeStatistics] step=12600; t=0.1575; uMax=0; avEnergy=0; avRho=0.00955945
[Timer] step=12600; percent=1.3125; passedTime=582.151; remTime=43772.2; MLUPs=22.3202
[Timer] step=12600; percent=1.3125; passedTime=582.151; remTime=43772.2; MLUPs=22.3202
[ValueTracer] average=0.00955922; stdDev/average=2.85104e-05
[LatticeStatistics] step=12800; t=0.16; uMax=0; avEnergy=0; avRho=0.00956055
[Timer] step=12800; percent=1.33333; passedTime=591.367; remTime=43761.2; MLUPs=22.359
[Timer] step=12800; percent=1.33333; passedTime=591.367; remTime=43761.2; MLUPs=22.359
[ValueTracer] average=0.00956012; stdDev/average=2.62946e-05
[ValueTracer] average=0.00956096; stdDev/average=2.42513e-05
[LatticeStatistics] step=13000; t=0.1625; uMax=0; avEnergy=0; avRho=0.00956154
[Timer] step=13000; percent=1.35417; passedTime=600.603; remTime=43751.6; MLUPs=22.313
[Timer] step=13000; percent=1.35417; passedTime=600.603; remTime=43751.6; MLUPs=22.313
[ValueTracer] average=0.00956173; stdDev/average=2.23668e-05
[LatticeStatistics] step=13200; t=0.165; uMax=0; avEnergy=0; avRho=0.00956244
[Timer] step=13200; percent=1.375; passedTime=609.837; remTime=43741.9; MLUPs=22.3178
[Timer] step=13200; percent=1.375; passedTime=609.837; remTime=43741.9; MLUPs=22.3178
[ValueTracer] average=0.00956244; stdDev/average=2.06289e-05
[LatticeStatistics] step=13400; t=0.1675; uMax=0; avEnergy=0; avRho=0.00956325
[Timer] step=13400; percent=1.39583; passedTime=619.08; remTime=43732.9; MLUPs=22.2912
[Timer] step=13400; percent=1.39583; passedTime=619.08; remTime=43732.9; MLUPs=22.2912
[ValueTracer] average=0.00956309; stdDev/average=1.90262e-05
[LatticeStatistics] step=13600; t=0.17; uMax=0; avEnergy=0; avRho=0.00956398
[Timer] step=13600; percent=1.41667; passedTime=628.313; remTime=43723.2; MLUPs=22.3202
[Timer] step=13600; percent=1.41667; passedTime=628.313; remTime=43723.2; MLUPs=22.3202
[ValueTracer] average=0.00956369; stdDev/average=1.75481e-05
[ValueTracer] average=0.00956425; stdDev/average=1.61849e-05
[LatticeStatistics] step=13800; t=0.1725; uMax=0; avEnergy=0; avRho=0.00956464
[Timer] step=13800; percent=1.4375; passedTime=637.544; remTime=43713.3; MLUPs=22.3226
[Timer] step=13800; percent=1.4375; passedTime=637.544; remTime=43713.3; MLUPs=22.3226
[ValueTracer] average=0.00956476; stdDev/average=1.49276e-05
[LatticeStatistics] step=14000; t=0.175; uMax=0; avEnergy=0; avRho=0.00956524
[Timer] step=14000; percent=1.45833; passedTime=646.766; remTime=43702.9; MLUPs=22.3444
[Timer] step=14000; percent=1.45833; passedTime=646.766; remTime=43702.9; MLUPs=22.3444
[ValueTracer] average=0.00956524; stdDev/average=1.37681e-05
[LatticeStatistics] step=14200; t=0.1775; uMax=0; avEnergy=0; avRho=0.00956578
[Timer] step=14200; percent=1.47917; passedTime=655.983; remTime=43692.2; MLUPs=22.359
[Timer] step=14200; percent=1.47917; passedTime=655.983; remTime=43692.2; MLUPs=22.359
[ValueTracer] average=0.00956568; stdDev/average=1.26987e-05
[LatticeStatistics] step=14400; t=0.18; uMax=0; avEnergy=0; avRho=0.00956627
[Timer] step=14400; percent=1.5; passedTime=665.202; remTime=43681.6; MLUPs=22.3493
[Timer] step=14400; percent=1.5; passedTime=665.202; remTime=43681.6; MLUPs=22.3493
[ValueTracer] average=0.00956608; stdDev/average=1.17124e-05
[ValueTracer] average=0.00956645; stdDev/average=1.08027e-05
[LatticeStatistics] step=14600; t=0.1825; uMax=0; avEnergy=0; avRho=0.00956671
[Timer] step=14600; percent=1.52083; passedTime=674.434; remTime=43671.9; MLUPs=22.3226
[Timer] step=14600; percent=1.52083; passedTime=674.434; remTime=43671.9; MLUPs=22.3226
[ValueTracer] average=0.00956679; stdDev/average=9.96374e-06
[LatticeStatistics] step=14800; t=0.185; uMax=0; avEnergy=0; avRho=0.00956711
[Timer] step=14800; percent=1.54167; passedTime=683.662; remTime=43662; MLUPs=22.3299
[Timer] step=14800; percent=1.54167; passedTime=683.662; remTime=43662; MLUPs=22.3299
[ValueTracer] average=0.00956711; stdDev/average=9.18995e-06
[LatticeStatistics] step=15000; t=0.1875; uMax=0; avEnergy=0; avRho=0.00956747
[Timer] step=15000; percent=1.5625; passedTime=692.889; remTime=43652; MLUPs=22.3323
[Timer] step=15000; percent=1.5625; passedTime=692.889; remTime=43652; MLUPs=22.3323
[ValueTracer] average=0.0095674; stdDev/average=8.47627e-06
[LatticeStatistics] step=15200; t=0.19; uMax=0; avEnergy=0; avRho=0.0095678
[Timer] step=15200; percent=1.58333; passedTime=702.13; remTime=43642.9; MLUPs=22.2985
[Timer] step=15200; percent=1.58333; passedTime=702.13; remTime=43642.9; MLUPs=22.2985
[ValueTracer] average=0.00956767; stdDev/average=7.81803e-06
[ValueTracer] average=0.00956792; stdDev/average=7.21092e-06
[LatticeStatistics] step=15400; t=0.1925; uMax=0; avEnergy=0; avRho=0.00956809
[Timer] step=15400; percent=1.60417; passedTime=711.357; remTime=43633; MLUPs=22.3323
[Timer] step=15400; percent=1.60417; passedTime=711.357; remTime=43633; MLUPs=22.3323
[ValueTracer] average=0.00956815; stdDev/average=6.65097e-06
[LatticeStatistics] step=15600; t=0.195; uMax=0; avEnergy=0; avRho=0.00956836
[Timer] step=15600; percent=1.625; passedTime=720.594; remTime=43623.7; MLUPs=22.3105
[Timer] step=15600; percent=1.625; passedTime=720.594; remTime=43623.7; MLUPs=22.3105
[ValueTracer] average=0.00956836; stdDev/average=6.13452e-06
[LatticeStatistics] step=15800; t=0.1975; uMax=0; avEnergy=0; avRho=0.0095686
[Timer] step=15800; percent=1.64583; passedTime=729.814; remTime=43613.3; MLUPs=22.3493
[Timer] step=15800; percent=1.64583; passedTime=729.814; remTime=43613.3; MLUPs=22.3493
[ValueTracer] average=0.00956855; stdDev/average=5.65818e-06
[LatticeStatistics] step=16000; t=0.2; uMax=0; avEnergy=0; avRho=0.00956882
[Timer] step=16000; percent=1.66667; passedTime=739.039; remTime=43603.3; MLUPs=22.3347
[Timer] step=16000; percent=1.66667; passedTime=739.039; remTime=43603.3; MLUPs=22.3347
[ValueTracer] average=0.00956873; stdDev/average=5.21883e-06
[ValueTracer] average=0.0095689; stdDev/average=4.81361e-06
[LatticeStatistics] step=16200; t=0.2025; uMax=0; avEnergy=0; avRho=0.00956901
[Timer] step=16200; percent=1.6875; passedTime=748.265; remTime=43593.4; MLUPs=22.3347
[Timer] step=16200; percent=1.6875; passedTime=748.265; remTime=43593.4; MLUPs=22.3347
[ValueTracer] average=0.00956905; stdDev/average=4.43985e-06
[LatticeStatistics] step=16400; t=0.205; uMax=0; avEnergy=0; avRho=0.00956919
[Timer] step=16400; percent=1.70833; passedTime=757.515; remTime=43584.8; MLUPs=22.2768
[Timer] step=16400; percent=1.70833; passedTime=757.515; remTime=43584.8; MLUPs=22.2768
[ValueTracer] average=0.00956919; stdDev/average=4.09512e-06
[LatticeStatistics] step=16600; t=0.2075; uMax=0; avEnergy=0; avRho=0.00956935
[Timer] step=16600; percent=1.72917; passedTime=766.75; remTime=43575.4; MLUPs=22.313
[Timer] step=16600; percent=1.72917; passedTime=766.75; remTime=43575.4; MLUPs=22.313
[ValueTracer] average=0.00956932; stdDev/average=3.77717e-06
[LatticeStatistics] step=16800; t=0.21; uMax=0; avEnergy=0; avRho=0.0095695
[Timer] step=16800; percent=1.75; passedTime=775.961; remTime=43564.7; MLUPs=22.3735
[Timer] step=16800; percent=1.75; passedTime=775.961; remTime=43564.7; MLUPs=22.3735
[ValueTracer] average=0.00956944; stdDev/average=3.4839e-06
[ValueTracer] average=0.00956955; stdDev/average=3.2134e-06
[LatticeStatistics] step=17000; t=0.2125; uMax=0; avEnergy=0; avRho=0.00956963
[Timer] step=17000; percent=1.77083; passedTime=785.172; remTime=43554; MLUPs=22.3711
[Timer] step=17000; percent=1.77083; passedTime=785.172; remTime=43554; MLUPs=22.3711
[ValueTracer] average=0.00956965; stdDev/average=2.96391e-06
[LatticeStatistics] step=17200; t=0.215; uMax=0; avEnergy=0; avRho=0.00956975
[Timer] step=17200; percent=1.79167; passedTime=794.41; remTime=43544.8; MLUPs=22.3057
[Timer] step=17200; percent=1.79167; passedTime=794.41; remTime=43544.8; MLUPs=22.3057
[ValueTracer] average=0.00956975; stdDev/average=2.7338e-06
[LatticeStatistics] step=17400; t=0.2175; uMax=0; avEnergy=0; avRho=0.00956986
[Timer] step=17400; percent=1.8125; passedTime=803.659; remTime=43536.1; MLUPs=22.2792
[Timer] step=17400; percent=1.8125; passedTime=803.659; remTime=43536.1; MLUPs=22.2792
[ValueTracer] average=0.00956984; stdDev/average=2.52155e-06
[LatticeStatistics] step=17600; t=0.22; uMax=0; avEnergy=0; avRho=0.00956995
[Timer] step=17600; percent=1.83333; passedTime=812.888; remTime=43526.5; MLUPs=22.3299
[Timer] step=17600; percent=1.83333; passedTime=812.888; remTime=43526.5; MLUPs=22.3299
[ValueTracer] average=0.00956992; stdDev/average=2.32578e-06
[ValueTracer] average=0.00956999; stdDev/average=2.14521e-06
[LatticeStatistics] step=17800; t=0.2225; uMax=0; avEnergy=0; avRho=0.00957004
[Timer] step=17800; percent=1.85417; passedTime=822.124; remTime=43517.1; MLUPs=22.3105
[Timer] step=17800; percent=1.85417; passedTime=822.124; remTime=43517.1; MLUPs=22.3105
[ValueTracer] average=0.00957006; stdDev/average=1.97866e-06
[LatticeStatistics] step=18000; t=0.225; uMax=0; avEnergy=0; avRho=0.00957012
[Timer] step=18000; percent=1.875; passedTime=831.352; remTime=43507.4; MLUPs=22.3323
[Timer] step=18000; percent=1.875; passedTime=831.352; remTime=43507.4; MLUPs=22.3323
[ValueTracer] average=0.00957012; stdDev/average=1.82505e-06
[LatticeStatistics] step=18200; t=0.2275; uMax=0; avEnergy=0; avRho=0.00957019
[Timer] step=18200; percent=1.89583; passedTime=840.585; remTime=43498; MLUPs=22.3178
[Timer] step=18200; percent=1.89583; passedTime=840.585; remTime=43498; MLUPs=22.3178
[ValueTracer] average=0.00957018; stdDev/average=1.68336e-06
[LatticeStatistics] step=18400; t=0.23; uMax=0; avEnergy=0; avRho=0.00957026
[Timer] step=18400; percent=1.91667; passedTime=849.814; remTime=43488.3; MLUPs=22.3275
[Timer] step=18400; percent=1.91667; passedTime=849.814; remTime=43488.3; MLUPs=22.3275
[ValueTracer] average=0.00957023; stdDev/average=1.55267e-06
[ValueTracer] average=0.00957028; stdDev/average=1.43213e-06
[LatticeStatistics] step=18600; t=0.2325; uMax=0; avEnergy=0; avRho=0.00957032
[Timer] step=18600; percent=1.9375; passedTime=859.04; remTime=43478.5; MLUPs=22.3347
[Timer] step=18600; percent=1.9375; passedTime=859.04; remTime=43478.5; MLUPs=22.3347
[ValueTracer] average=0.00957033; stdDev/average=1.32094e-06
[LatticeStatistics] step=18800; t=0.235; uMax=0; avEnergy=0; avRho=0.00957037
[Timer] step=18800; percent=1.95833; passedTime=868.264; remTime=43468.6; MLUPs=22.3396
[Timer] step=18800; percent=1.95833; passedTime=868.264; remTime=43468.6; MLUPs=22.3396
[ValueTracer] average=0.00957037; stdDev/average=1.21839e-06
[LatticeStatistics] step=19000; t=0.2375; uMax=0; avEnergy=0; avRho=0.00957042
[Timer] step=19000; percent=1.97917; passedTime=877.479; remTime=43458.3; MLUPs=22.3638
[Timer] step=19000; percent=1.97917; passedTime=877.479; remTime=43458.3; MLUPs=22.3638
[ValueTracer] average=0.00957041; stdDev/average=1.1238e-06
[LatticeStatistics] step=19200; t=0.24; uMax=0; avEnergy=0; avRho=0.00957046
[Timer] step=19200; percent=2; passedTime=886.707; remTime=43448.6; MLUPs=22.3299
[Timer] step=19200; percent=2; passedTime=886.707; remTime=43448.6; MLUPs=22.3299
[ValueTracer] average=0.00957044; stdDev/average=1.03656e-06
[ValueTracer] average=0.00957048; stdDev/average=9.56085e-07
[LatticeStatistics] step=19400; t=0.2425; uMax=0; avEnergy=0; avRho=0.0095705
[Timer] step=19400; percent=2.02083; passedTime=895.92; remTime=43438.3; MLUPs=22.3687
[Timer] step=19400; percent=2.02083; passedTime=895.92; remTime=43438.3; MLUPs=22.3687
[ValueTracer] average=0.00957051; stdDev/average=8.81861e-07
[LatticeStatistics] step=19600; t=0.245; uMax=0; avEnergy=0; avRho=0.00957053
[Timer] step=19600; percent=2.04167; passedTime=905.136; remTime=43428.1; MLUPs=22.3565
[Timer] step=19600; percent=2.04167; passedTime=905.136; remTime=43428.1; MLUPs=22.3565
[ValueTracer] average=0.00957053; stdDev/average=8.13399e-07
[LatticeStatistics] step=19800; t=0.2475; uMax=0; avEnergy=0; avRho=0.00957057
[Timer] step=19800; percent=2.0625; passedTime=914.348; remTime=43417.7; MLUPs=22.3687
[Timer] step=19800; percent=2.0625; passedTime=914.348; remTime=43417.7; MLUPs=22.3687
[ValueTracer] average=0.00957056; stdDev/average=7.50253e-07
[LatticeStatistics] step=20000; t=0.25; uMax=0; avEnergy=0; avRho=0.00957059
[Timer] step=20000; percent=2.08333; passedTime=923.562; remTime=43407.4; MLUPs=22.3662
[Timer] step=20000; percent=2.08333; passedTime=923.562; remTime=43407.4; MLUPs=22.3662
[ValueTracer] average=0.00957058; stdDev/average=6.92008e-07
[ValueTracer] average=0.00957061; stdDev/average=6.38286e-07
[LatticeStatistics] step=20200; t=0.2525; uMax=0; avEnergy=0; avRho=0.00957062
[Timer] step=20200; percent=2.10417; passedTime=932.772; remTime=43397; MLUPs=22.3735
[Timer] step=20200; percent=2.10417; passedTime=932.772; remTime=43397; MLUPs=22.3735
[ValueTracer] average=0.00957063; stdDev/average=5.88734e-07
[LatticeStatistics] step=20400; t=0.255; uMax=0; avEnergy=0; avRho=0.00957064
[Timer] step=20400; percent=2.125; passedTime=941.993; remTime=43387.1; MLUPs=22.3493
[Timer] step=20400; percent=2.125; passedTime=941.993; remTime=43387.1; MLUPs=22.3493
[ValueTracer] average=0.00957064; stdDev/average=5.43029e-07
[LatticeStatistics] step=20600; t=0.2575; uMax=0; avEnergy=0; avRho=0.00957067
[Timer] step=20600; percent=2.14583; passedTime=951.21; remTime=43377; MLUPs=22.3565
[Timer] step=20600; percent=2.14583; passedTime=951.21; remTime=43377; MLUPs=22.3565
[ValueTracer] average=0.00957066; stdDev/average=5.00873e-07
[LatticeStatistics] step=20800; t=0.26; uMax=0; avEnergy=0; avRho=0.00957068
[Timer] step=20800; percent=2.16667; passedTime=960.422; remTime=43366.7; MLUPs=22.3687
[Timer] step=20800; percent=2.16667; passedTime=960.422; remTime=43366.7; MLUPs=22.3687
[ValueTracer] average=0.00957068; stdDev/average=4.61989e-07
[ValueTracer] average=0.00957069; stdDev/average=4.26124e-07
[LatticeStatistics] step=21000; t=0.2625; uMax=0; avEnergy=0; avRho=0.0095707
[Timer] step=21000; percent=2.1875; passedTime=969.637; remTime=43356.6; MLUPs=22.3614
[Timer] step=21000; percent=2.1875; passedTime=969.637; remTime=43356.6; MLUPs=22.3614
[ValueTracer] average=0.00957071; stdDev/average=3.93043e-07
[LatticeStatistics] step=21200; t=0.265; uMax=0; avEnergy=0; avRho=0.00957072
[Timer] step=21200; percent=2.20833; passedTime=978.87; remTime=43347.3; MLUPs=22.3202
[Timer] step=21200; percent=2.20833; passedTime=978.87; remTime=43347.3; MLUPs=22.3202
[ValueTracer] average=0.00957072; stdDev/average=3.6253e-07
[LatticeStatistics] step=21400; t=0.2675; uMax=0; avEnergy=0; avRho=0.00957073
[Timer] step=21400; percent=2.22917; passedTime=988.098; remTime=43337.8; MLUPs=22.3275
[Timer] step=21400; percent=2.22917; passedTime=988.098; remTime=43337.8; MLUPs=22.3275
[ValueTracer] average=0.00957073; stdDev/average=3.34386e-07
[LatticeStatistics] step=21600; t=0.27; uMax=0; avEnergy=0; avRho=0.00957075
[Timer] step=21600; percent=2.25; passedTime=997.323; remTime=43328.1; MLUPs=22.3396
[Timer] step=21600; percent=2.25; passedTime=997.323; remTime=43328.1; MLUPs=22.3396
[ValueTracer] average=0.00957074; stdDev/average=3.08427e-07
[ValueTracer] average=0.00957075; stdDev/average=2.84484e-07
[LatticeStatistics] step=21800; t=0.2725; uMax=0; avEnergy=0; avRho=0.00957076
[Timer] step=21800; percent=2.27083; passedTime=1006.55; remTime=43318.7; MLUPs=22.3275
[Timer] step=21800; percent=2.27083; passedTime=1006.55; remTime=43318.7; MLUPs=22.3275
[ValueTracer] average=0.00957076; stdDev/average=2.62399e-07
[LatticeStatistics] step=22000; t=0.275; uMax=0; avEnergy=0; avRho=0.00957077
[Timer] step=22000; percent=2.29167; passedTime=1015.79; remTime=43309.5; MLUPs=22.3154
[Timer] step=22000; percent=2.29167; passedTime=1015.79; remTime=43309.5; MLUPs=22.3154
[ValueTracer] average=0.00957077; stdDev/average=2.42028e-07
[LatticeStatistics] step=22200; t=0.2775; uMax=0; avEnergy=0; avRho=0.00957078
[Timer] step=22200; percent=2.3125; passedTime=1025.03; remTime=43300.6; MLUPs=22.2912
[Timer] step=22200; percent=2.3125; passedTime=1025.03; remTime=43300.6; MLUPs=22.2912
[ValueTracer] average=0.00957078; stdDev/average=2.23239e-07
[LatticeStatistics] step=22400; t=0.28; uMax=0; avEnergy=0; avRho=0.00957079
[Timer] step=22400; percent=2.33333; passedTime=1034.24; remTime=43290.5; MLUPs=22.3687
[Timer] step=22400; percent=2.33333; passedTime=1034.24; remTime=43290.5; MLUPs=22.3687
[ValueTracer] average=0.00957078; stdDev/average=2.05909e-07
[ValueTracer] average=0.00957079; stdDev/average=1.89924e-07
[LatticeStatistics] step=22600; t=0.2825; uMax=0; avEnergy=0; avRho=0.00957079
[Timer] step=22600; percent=2.35417; passedTime=1043.48; remTime=43281.2; MLUPs=22.3178
[Timer] step=22600; percent=2.35417; passedTime=1043.48; remTime=43281.2; MLUPs=22.3178
[ValueTracer] average=0.00957079; stdDev/average=1.7518e-07
[LatticeStatistics] step=22800; t=0.285; uMax=0; avEnergy=0; avRho=0.0095708
[Timer] step=22800; percent=2.375; passedTime=1052.71; remTime=43272.1; MLUPs=22.3081
[Timer] step=22800; percent=2.375; passedTime=1052.71; remTime=43272.1; MLUPs=22.3081
[ValueTracer] average=0.0095708; stdDev/average=1.61581e-07
[LatticeStatistics] step=23000; t=0.2875; uMax=0; avEnergy=0; avRho=0.00957081
[Timer] step=23000; percent=2.39583; passedTime=1061.97; remTime=43263.9; MLUPs=22.2551
[Timer] step=23000; percent=2.39583; passedTime=1061.97; remTime=43263.9; MLUPs=22.2551
[ValueTracer] average=0.00957081; stdDev/average=1.49037e-07
[LatticeStatistics] step=23200; t=0.29; uMax=0; avEnergy=0; avRho=0.00957081
[Timer] step=23200; percent=2.41667; passedTime=1071.2; remTime=43254.2; MLUPs=22.3396
[Timer] step=23200; percent=2.41667; passedTime=1071.2; remTime=43254.2; MLUPs=22.3396
[ValueTracer] average=0.00957081; stdDev/average=1.37467e-07
[ValueTracer] average=0.00957081; stdDev/average=1.26795e-07
[LatticeStatistics] step=23400; t=0.2925; uMax=0; avEnergy=0; avRho=0.00957082
[Timer] step=23400; percent=2.4375; passedTime=1080.43; remTime=43245; MLUPs=22.3154
[Timer] step=23400; percent=2.4375; passedTime=1080.43; remTime=43245; MLUPs=22.3154
[ValueTracer] average=0.00957082; stdDev/average=1.16952e-07
[LatticeStatistics] step=23600; t=0.295; uMax=0; avEnergy=0; avRho=0.00957082
[Timer] step=23600; percent=2.45833; passedTime=1089.66; remTime=43235.4; MLUPs=22.3371
[Timer] step=23600; percent=2.45833; passedTime=1089.66; remTime=43235.4; MLUPs=22.3371
[ValueTracer] average=0.00957082; stdDev/average=1.07873e-07
[LatticeStatistics] step=23800; t=0.2975; uMax=0; avEnergy=0; avRho=0.00957083
[Timer] step=23800; percent=2.47917; passedTime=1098.88; remTime=43225.7; MLUPs=22.342
[Timer] step=23800; percent=2.47917; passedTime=1098.88; remTime=43225.7; MLUPs=22.342
[ValueTracer] average=0.00957083; stdDev/average=9.94987e-08
[LatticeStatistics] step=24000; t=0.3; uMax=0; avEnergy=0; avRho=0.00957083
[Timer] step=24000; percent=2.5; passedTime=1108.1; remTime=43216; MLUPs=22.3444
[Timer] step=24000; percent=2.5; passedTime=1108.1; remTime=43216; MLUPs=22.3444
[ValueTracer] average=0.00957083; stdDev/average=9.17745e-08
[ValueTracer] average=0.00957083; stdDev/average=8.465e-08
[LatticeStatistics] step=24200; t=0.3025; uMax=0; avEnergy=0; avRho=0.00957083
[Timer] step=24200; percent=2.52083; passedTime=1117.31; remTime=43205.8; MLUPs=22.3735
[Timer] step=24200; percent=2.52083; passedTime=1117.31; remTime=43205.8; MLUPs=22.3735
[ValueTracer] average=0.00957083; stdDev/average=7.80785e-08
[LatticeStatistics] step=24400; t=0.305; uMax=0; avEnergy=0; avRho=0.00957084
[Timer] step=24400; percent=2.54167; passedTime=1126.53; remTime=43195.8; MLUPs=22.3662
[Timer] step=24400; percent=2.54167; passedTime=1126.53; remTime=43195.8; MLUPs=22.3662
[ValueTracer] average=0.00957084; stdDev/average=7.20172e-08
[LatticeStatistics] step=24600; t=0.3075; uMax=0; avEnergy=0; avRho=0.00957084
[Timer] step=24600; percent=2.5625; passedTime=1135.75; remTime=43186.1; MLUPs=22.3493
[Timer] step=24600; percent=2.5625; passedTime=1135.75; remTime=43186.1; MLUPs=22.3493
[ValueTracer] average=0.00957084; stdDev/average=6.64265e-08
[LatticeStatistics] step=24800; t=0.31; uMax=0; avEnergy=0; avRho=0.00957084
[Timer] step=24800; percent=2.58333; passedTime=1144.98; remTime=43176.8; MLUPs=22.3202
[Timer] step=24800; percent=2.58333; passedTime=1144.98; remTime=43176.8; MLUPs=22.3202
[ValueTracer] average=0.00957084; stdDev/average=6.12697e-08
[ValueTracer] average=0.00957084; stdDev/average=5.65133e-08
[LatticeStatistics] step=25000; t=0.3125; uMax=0; avEnergy=0; avRho=0.00957084
[Timer] step=25000; percent=2.60417; passedTime=1154.2; remTime=43167.2; MLUPs=22.342
[Timer] step=25000; percent=2.60417; passedTime=1154.2; remTime=43167.2; MLUPs=22.342
[ValueTracer] average=0.00957085; stdDev/average=5.21261e-08
[LatticeStatistics] step=25200; t=0.315; uMax=0; avEnergy=0; avRho=0.00957085
[Timer] step=25200; percent=2.625; passedTime=1163.43; remTime=43157.8; MLUPs=22.3226
[Timer] step=25200; percent=2.625; passedTime=1163.43; remTime=43157.8; MLUPs=22.3226
[ValueTracer] average=0.00957085; stdDev/average=4.80796e-08
[LatticeStatistics] step=25400; t=0.3175; uMax=0; avEnergy=0; avRho=0.00957085
[Timer] step=25400; percent=2.64583; passedTime=1172.66; remTime=43148.3; MLUPs=22.3347
[Timer] step=25400; percent=2.64583; passedTime=1172.66; remTime=43148.3; MLUPs=22.3347
[ValueTracer] average=0.00957085; stdDev/average=4.43471e-08
[LatticeStatistics] step=25600; t=0.32; uMax=0; avEnergy=0; avRho=0.00957085
[Timer] step=25600; percent=2.66667; passedTime=1181.89; remTime=43139; MLUPs=22.325
[Timer] step=25600; percent=2.66667; passedTime=1181.89; remTime=43139; MLUPs=22.325
[ValueTracer] average=0.00957085; stdDev/average=4.09044e-08
[ValueTracer] average=0.00957085; stdDev/average=3.7729e-08
[LatticeStatistics] step=25800; t=0.3225; uMax=0; avEnergy=0; avRho=0.00957085
[Timer] step=25800; percent=2.6875; passedTime=1191.11; remTime=43129.2; MLUPs=22.3541
[Timer] step=25800; percent=2.6875; passedTime=1191.11; remTime=43129.2; MLUPs=22.3541
[ValueTracer] average=0.00957085; stdDev/average=3.48e-08
[LatticeStatistics] step=26000; t=0.325; uMax=0; avEnergy=0; avRho=0.00957085
[Timer] step=26000; percent=2.70833; passedTime=1200.35; remTime=43120.2; MLUPs=22.3033
[Timer] step=26000; percent=2.70833; passedTime=1200.35; remTime=43120.2; MLUPs=22.3033
[ValueTracer] average=0.00957085; stdDev/average=3.20985e-08
[LatticeStatistics] step=26200; t=0.3275; uMax=0; avEnergy=0; avRho=0.00957085
[Timer] step=26200; percent=2.72917; passedTime=1209.57; remTime=43110.7; MLUPs=22.3347
[Timer] step=26200; percent=2.72917; passedTime=1209.57; remTime=43110.7; MLUPs=22.3347
[ValueTracer] average=0.00957085; stdDev/average=2.96067e-08
[LatticeStatistics] step=26400; t=0.33; uMax=0; avEnergy=0; avRho=0.00957086
[Timer] step=26400; percent=2.75; passedTime=1218.81; remTime=43101.4; MLUPs=22.3202
[Timer] step=26400; percent=2.75; passedTime=1218.81; remTime=43101.4; MLUPs=22.3202
[ValueTracer] average=0.00957086; stdDev/average=2.73083e-08
[ValueTracer] average=0.00957086; stdDev/average=2.51883e-08
[LatticeStatistics] step=26600; t=0.3325; uMax=0; avEnergy=0; avRho=0.00957086
[Timer] step=26600; percent=2.77083; passedTime=1228.04; remTime=43092; MLUPs=22.325
[Timer] step=26600; percent=2.77083; passedTime=1228.04; remTime=43092; MLUPs=22.325
[ValueTracer] average=0.00957086; stdDev/average=2.32329e-08
[LatticeStatistics] step=26800; t=0.335; uMax=0; avEnergy=0; avRho=0.00957086
[Timer] step=26800; percent=2.79167; passedTime=1237.26; remTime=43082.6; MLUPs=22.3275
[Timer] step=26800; percent=2.79167; passedTime=1237.26; remTime=43082.6; MLUPs=22.3275
[ValueTracer] average=0.00957086; stdDev/average=2.14293e-08
[LatticeStatistics] step=27000; t=0.3375; uMax=0; avEnergy=0; avRho=0.00957086
[Timer] step=27000; percent=2.8125; passedTime=1246.5; remTime=43073.5; MLUPs=22.3154
[Timer] step=27000; percent=2.8125; passedTime=1246.5; remTime=43073.5; MLUPs=22.3154
[ValueTracer] average=0.00957086; stdDev/average=1.97658e-08
[LatticeStatistics] step=27200; t=0.34; uMax=0; avEnergy=0; avRho=0.00957086
[Timer] step=27200; percent=2.83333; passedTime=1255.72; remTime=43063.8; MLUPs=22.3468
[Timer] step=27200; percent=2.83333; passedTime=1255.72; remTime=43063.8; MLUPs=22.3468
[ValueTracer] average=0.00957086; stdDev/average=1.82313e-08
[ValueTracer] average=0.00957086; stdDev/average=1.6816e-08
[LatticeStatistics] step=27400; t=0.3425; uMax=0; avEnergy=0; avRho=0.00957086
[Timer] step=27400; percent=2.85417; passedTime=1264.95; remTime=43054.5; MLUPs=22.325
[Timer] step=27400; percent=2.85417; passedTime=1264.95; remTime=43054.5; MLUPs=22.325
[ValueTracer] average=0.00957086; stdDev/average=1.55106e-08
[LatticeStatistics] step=27600; t=0.345; uMax=0; avEnergy=0; avRho=0.00957086
[Timer] step=27600; percent=2.875; passedTime=1274.19; remTime=43045.4; MLUPs=22.3081
[Timer] step=27600; percent=2.875; passedTime=1274.19; remTime=43045.4; MLUPs=22.3081
[ValueTracer] average=0.00957086; stdDev/average=1.43065e-08
[LatticeStatistics] step=27800; t=0.3475; uMax=0; avEnergy=0; avRho=0.00957086
[Timer] step=27800; percent=2.89583; passedTime=1283.43; remTime=43036.6; MLUPs=22.2864
[Timer] step=27800; percent=2.89583; passedTime=1283.43; remTime=43036.6; MLUPs=22.2864
[ValueTracer] average=0.00957086; stdDev/average=1.31959e-08
[LatticeStatistics] step=28000; t=0.35; uMax=0; avEnergy=0; avRho=0.00957086
[Timer] step=28000; percent=2.91667; passedTime=1292.65; remTime=43026.7; MLUPs=22.3638
[Timer] step=28000; percent=2.91667; passedTime=1292.65; remTime=43026.7; MLUPs=22.3638
[ValueTracer] average=0.00957086; stdDev/average=1.21715e-08
[ValueTracer] average=0.00957086; stdDev/average=1.12266e-08
[LatticeStatistics] step=28200; t=0.3525; uMax=0; avEnergy=0; avRho=0.00957086
[Timer] step=28200; percent=2.9375; passedTime=1301.88; remTime=43017.3; MLUPs=22.3299
[Timer] step=28200; percent=2.9375; passedTime=1301.88; remTime=43017.3; MLUPs=22.3299
[ValueTracer] average=0.00957086; stdDev/average=1.03551e-08
[main] Simulation converged. -- 28390
[main] ------28390
[main] Simulation converged. -- 28390
[main] ./100case14_mink/100case14.csv
0.000, 1.000000e+00, 0.000000e+00, 0.000000e+00, 0.000000e+00, 0.000000e+00, 0.000000e+00
0.010, 9.094812e-01, 4.799056e-03, 8.873975e-04, 2.230149e-02, 0.000000e+00, 0.000000e+00
0.020, 8.216878e-01, 9.477398e-03, 1.765590e-03, 2.138737e-02, 1.387779e-17, 0.000000e+00
0.030, 7.383364e-01, 1.392221e-02, 2.625381e-03, 2.012867e-02, 0.000000e+00, 0.000000e+00
0.040, 6.606152e-01, 1.803822e-02, 3.458173e-03, 1.862860e-02, 0.000000e+00, 0.000000e+00
0.050, 5.892676e-01, 2.175217e-02, 4.256060e-03, 1.699551e-02, 0.000000e+00, 0.000000e+00
0.060, 5.246144e-01, 2.501498e-02, 5.012005e-03, 1.532577e-02, 1.387779e-17, 1.387779e-17
0.070, 4.666282e-01, 2.780118e-02, 5.719969e-03, 1.369463e-02, 0.000000e+00, 0.000000e+00
0.080, 4.150277e-01, 3.010631e-02, 6.375003e-03, 1.215408e-02, 0.000000e+00, 2.775558e-17
0.090, 3.693692e-01, 3.194321e-02, 6.973291e-03, 1.073518e-02, 0.000000e+00, 1.387779e-17
0.100, 3.291229e-01, 3.333776e-02, 7.512150e-03, 9.452508e-03, 0.000000e+00, 1.387779e-17
0.110, 2.937286e-01, 3.432476e-02, 7.989996e-03, 8.308764e-03, -2.775558e-17, 0.000000e+00
0.120, 2.626347e-01, 3.494435e-02, 8.406276e-03, 7.298934e-03, 0.000000e+00, 2.775558e-17
0.130, 2.353212e-01, 3.523904e-02, 8.761373e-03, 6.413493e-03, -1.387779e-17, 0.000000e+00
0.140, 2.113128e-01, 3.525141e-02, 9.056499e-03, 5.640701e-03, -1.387779e-17, 0.000000e+00
0.150, 1.901833e-01, 3.502252e-02, 9.293577e-03, 4.968142e-03, 1.387779e-17, 0.000000e+00
0.160, 1.715568e-01, 3.459082e-02, 9.475118e-03, 4.383672e-03, -1.387779e-17, 0.000000e+00
0.170, 1.551044e-01, 3.399150e-02, 9.604097e-03, 3.875960e-03, 0.000000e+00, 0.000000e+00
0.180, 1.405407e-01, 3.325622e-02, 9.683842e-03, 3.434748e-03, 1.387779e-17, 1.387779e-17
0.190, 1.276189e-01, 3.241300e-02, 9.717927e-03, 3.050933e-03, 0.000000e+00, 0.000000e+00
0.200, 1.161266e-01, 3.148636e-02, 9.710073e-03, 2.716556e-03, 0.000000e+00, 0.000000e+00
0.210, 1.058806e-01, 3.049753e-02, 9.664068e-03, 2.424719e-03, -1.387779e-17, -1.387779e-17
0.220, 9.672353e-02, 2.946465e-02, 9.583692e-03, 2.169483e-03, 1.387779e-17, 1.387779e-17
0.230, 8.851998e-02, 2.840315e-02, 9.472662e-03, 1.945760e-03, 0.000000e+00, 0.000000e+00
0.240, 8.115322e-02, 2.732599e-02, 9.334577e-03, 1.749197e-03, 1.387779e-17, 1.387779e-17
0.250, 7.452260e-02, 2.624397e-02, 9.172890e-03, 1.576081e-03, 0.000000e+00, 0.000000e+00
0.260, 6.854115e-02, 2.516601e-02, 8.990869e-03, 1.423241e-03, 0.000000e+00, -1.387779e-17
0.270, 6.313358e-02, 2.409939e-02, 8.791588e-03, 1.287972e-03, -2.775558e-17, -2.775558e-17
0.280, 5.823457e-02, 2.304998e-02, 8.577905e-03, 1.167962e-03, -2.775558e-17, 0.000000e+00
0.290, 5.378734e-02, 2.202245e-02, 8.352464e-03, 1.061233e-03, 1.387779e-17, 2.775558e-17
0.300, 4.974240e-02, 2.102046e-02, 8.117686e-03, 9.660915e-04, 0.000000e+00, 0.000000e+00
0.310, 4.605651e-02, 2.004677e-02, 7.875778e-03, 8.810828e-04, 1.387779e-17, 0.000000e+00
0.320, 4.269183e-02, 1.910345e-02, 7.628732e-03, 8.049568e-04, 2.775558e-17, 1.387779e-17
0.330, 3.961511e-02, 1.819193e-02, 7.378338e-03, 7.366360e-04, 0.000000e+00, 0.000000e+00
0.340, 3.679714e-02, 1.731314e-02, 7.126195e-03, 6.751898e-04, 2.775558e-17, 0.000000e+00
0.350, 3.421213e-02, 1.646759e-02, 6.873715e-03, 6.198127e-04, -1.387779e-17, -7.703720e-32
0.360, 3.183729e-02, 1.565543e-02, 6.622141e-03, 5.698060e-04, 0.000000e+00, 1.387779e-17
0.370, 2.965244e-02, 1.487655e-02, 6.372559e-03, 5.245622e-04, 0.000000e+00, -1.387779e-17
0.380, 2.763966e-02, 1.413059e-02, 6.125904e-03, 4.835517e-04, 0.000000e+00, 0.000000e+00
0.390, 2.578298e-02, 1.341701e-02, 5.882982e-03, 4.463121e-04, 1.387779e-17, 1.387779e-17
0.400, 2.406819e-02, 1.273513e-02, 5.644472e-03, 4.124385e-04, 1.387779e-17, 1.387779e-17
0.410, 2.248258e-02, 1.208415e-02, 5.410944e-03, 3.815758e-04, 1.387779e-17, -7.703720e-32
0.420, 2.101476e-02, 1.146319e-02, 5.182866e-03, 3.534117e-04, 1.387779e-17, 1.387779e-17
0.430, 1.965452e-02, 1.087130e-02, 4.960618e-03, 3.276709e-04, 0.000000e+00, 0.000000e+00
0.440, 1.839268e-02, 1.030749e-02, 4.744498e-03, 3.041105e-04, -1.387779e-17, 1.387779e-17
0.450, 1.722098e-02, 9.770752e-03, 4.534730e-03, 2.825155e-04, 1.387779e-17, 0.000000e+00
0.460, 1.613194e-02, 9.260043e-03, 4.331478e-03, 2.626952e-04, 0.000000e+00, 0.000000e+00
0.470, 1.511884e-02, 8.774328e-03, 4.134848e-03, 2.444804e-04, 0.000000e+00, 0.000000e+00
0.480, 1.417557e-02, 8.312573e-03, 3.944896e-03, 2.277202e-04, -1.387779e-17, -2.775558e-17
0.490, 1.329659e-02, 7.873755e-03, 3.761638e-03, 2.122804e-04, 1.387779e-17, 0.000000e+00
0.500, 1.247687e-02, 7.456867e-03, 3.585051e-03, 1.980407e-04, 1.387779e-17, 0.000000e+00
0.510, 1.171183e-02, 7.060924e-03, 3.415078e-03, 1.848939e-04, 1.387779e-17, -1.387779e-17
0.520, 1.099732e-02, 6.684966e-03, 3.251639e-03, 1.727435e-04, 0.000000e+00, 0.000000e+00
0.530, 1.032951e-02, 6.328056e-03, 3.094628e-03, 1.615030e-04, 0.000000e+00, 1.387779e-17
0.540, 9.704943e-03, 5.989292e-03, 2.943921e-03, 1.510947e-04, 1.387779e-17, 0.000000e+00
0.550, 9.120428e-03, 5.667796e-03, 2.799376e-03, 1.414484e-04, 2.775558e-17, 1.387779e-17
0.560, 8.573050e-03, 5.362726e-03, 2.660840e-03, 1.325010e-04, 0.000000e+00, 0.000000e+00
0.570, 8.060133e-03, 5.073268e-03, 2.528148e-03, 1.241951e-04, -1.387779e-17, 0.000000e+00
0.580, 7.579220e-03, 4.798642e-03, 2.401128e-03, 1.164792e-04, -1.387779e-17, 0.000000e+00
0.590, 7.128048e-03, 4.538097e-03, 2.279602e-03, 1.093063e-04, 1.232595e-32, 0.000000e+00
0.600, 6.704533e-03, 4.290914e-03, 2.163386e-03, 1.026338e-04, -1.387779e-17, 0.000000e+00
0.610, 6.306755e-03, 4.056405e-03, 2.052295e-03, 9.642326e-05, 0.000000e+00, -1.387779e-17
0.620, 5.932938e-03, 3.833912e-03, 1.946141e-03, 9.063936e-05, 0.000000e+00, 0.000000e+00
0.630, 5.581444e-03, 3.622804e-03, 1.844737e-03, 8.525009e-05, -2.775558e-17, 0.000000e+00
0.640, 5.250753e-03, 3.422480e-03, 1.747895e-03, 8.022624e-05, -2.775558e-17, 1.387779e-17
0.650, 4.939460e-03, 3.232365e-03, 1.655430e-03, 7.554115e-05, 0.000000e+00, 0.000000e+00
0.660, 4.646260e-03, 3.051912e-03, 1.567158e-03, 7.117041e-05, -1.387779e-17, 0.000000e+00
0.670, 4.369943e-03, 2.880596e-03, 1.482899e-03, 6.709175e-05, -1.387779e-17, 0.000000e+00
0.680, 4.109381e-03, 2.717918e-03, 1.402473e-03, 6.328472e-05, 0.000000e+00, 0.000000e+00
0.690, 3.863528e-03, 2.563404e-03, 1.325709e-03, 5.973061e-05, -2.775558e-17, 1.540744e-31
0.700, 3.631407e-03, 2.416599e-03, 1.252434e-03, 5.641224e-05, 1.387779e-17, -1.387779e-17
0.710, 3.412108e-03, 2.277071e-03, 1.182483e-03, 5.331386e-05, 2.775558e-17, -1.387779e-17
0.720, 3.204781e-03, 2.144407e-03, 1.115695e-03, 5.042098e-05, 0.000000e+00, 0.000000e+00
0.730, 3.008631e-03, 2.018214e-03, 1.051910e-03, 4.772029e-05, 0.000000e+00, 1.387779e-17
0.740, 2.822915e-03, 1.898117e-03, 9.909772e-04, 4.519955e-05, -1.387779e-17, -2.775558e-17
0.750, 2.646937e-03, 1.783758e-03, 9.327466e-04, 4.284750e-05, 1.387779e-17, -1.387779e-17
0.760, 2.480042e-03, 1.674796e-03, 8.770742e-04, 4.065379e-05, 2.775558e-17, 1.387779e-17
0.770, 2.321618e-03, 1.570904e-03, 8.238201e-04, 3.860886e-05, 1.387779e-17, 1.387779e-17
0.780, 2.171088e-03, 1.471771e-03, 7.728487e-04, 3.670395e-05, -1.387779e-17, 0.000000e+00
0.790, 2.027907e-03, 1.377099e-03, 7.240288e-04, 3.493098e-05, -1.387779e-17, 0.000000e+00
0.800, 1.891564e-03, 1.286604e-03, 6.772329e-04, 3.328251e-05, -1.387779e-17, 0.000000e+00
0.810, 1.761575e-03, 1.200013e-03, 6.323379e-04, 3.175171e-05, -1.387779e-17, 1.387779e-17
0.820, 1.637482e-03, 1.117065e-03, 5.892244e-04, 3.033230e-05, 1.387779e-17, -1.387779e-17
0.830, 1.518851e-03, 1.037510e-03, 5.477765e-04, 2.901849e-05, 1.387779e-17, 0.000000e+00
0.840, 1.405271e-03, 9.611068e-04, 5.078820e-04, 2.780502e-05, 0.000000e+00, 0.000000e+00
0.850, 1.296351e-03, 8.876246e-04, 4.694321e-04, 2.668702e-05, 0.000000e+00, 0.000000e+00
0.860, 1.191717e-03, 8.168409e-04, 4.323209e-04, 2.566008e-05, -2.775558e-17, 0.000000e+00
0.870, 1.091015e-03, 7.485411e-04, 3.964458e-04, 2.472016e-05, -1.387779e-17, 0.000000e+00
0.880, 9.939026e-04, 6.825181e-04, 3.617066e-04, 2.386359e-05, 0.000000e+00, 0.000000e+00
0.890, 9.000544e-04, 6.185717e-04, 3.280061e-04, 2.308705e-05, -1.387779e-17, 0.000000e+00
0.900, 8.091563e-04, 5.565075e-04, 2.952491e-04, 2.238755e-05, 0.000000e+00, -1.387779e-17
0.910, 7.209056e-04, 4.961371e-04, 2.633430e-04, 2.176241e-05, 1.387779e-17, -1.387779e-17
0.920, 6.350099e-04, 4.372770e-04, 2.321969e-04, 2.120924e-05, -2.775558e-17, -2.775558e-17
0.930, 5.511857e-04, 3.797481e-04, 2.017219e-04, 2.072595e-05, 1.387779e-17, -1.387779e-17
0.940, 4.691574e-04, 3.233754e-04, 1.718304e-04, 2.031071e-05, 1.387779e-17, 1.387779e-17
0.950, 3.886561e-04, 2.679875e-04, 1.424367e-04, 1.996196e-05, -2.775558e-17, 1.387779e-17
0.960, 3.094186e-04, 2.134156e-04, 1.134558e-04, 1.967838e-05, -1.387779e-17, 0.000000e+00
0.970, 2.311865e-04, 1.594938e-04, 8.480399e-05, 1.945891e-05, -2.775558e-17, -2.775558e-17
0.980, 1.537052e-04, 1.060577e-04, 5.639831e-05, 1.930273e-05, 0.000000e+00, -2.775558e-17
0.990, 7.672293e-05, 5.294464e-05, 2.815637e-05, 1.920925e-05, 0.000000e+00, 0.000000e+00
1.000, 0.000000e+00, 0.000000e+00, 0.000000e+00, 0.000000e+00, 0.000000e+00, 0.000000e+00
[Timer] 
[Timer] ----------------Summary:Timer----------------
[Timer] measured time (rt) : 1311.937s
[Timer] measured time (cpu): 1311.440s
[Timer] average MLUPs :       22.146
[Timer] average MLUPps:       22.146
[Timer] ---------------------------------------------
