1
node24
[MpiManager] Sucessfully initialized, numThreads=1
[Directories] Directory ./100case31_mink/ created.
[Directories] Directory ./100case31_mink/imageData/ created.
[Directories] Directory ./100case31_mink/imageData/data/ created.
[Directories] Directory ./100case31_mink/vtkData/ created.
[Directories] Directory ./100case31_mink/vtkData/data/ created.
[Directories] Directory ./100case31_mink/gnuplotData/ created.
[Directories] Directory ./100case31_mink/gnuplotData/data/ created.
[main] case31
[main] omega = .... 1
[main] omega 1
[main] working with diffuse approximation
[main] omega=1
[main] latticeSink=0.030375
[RadiativeUnitConverter] ----------------- UnitConverter information -----------------
[RadiativeUnitConverter] -- Parameters:
[RadiativeUnitConverter] Resolution:                       N=              100
[RadiativeUnitConverter] Lattice relaxation frequency:     omega=          1
[RadiativeUnitConverter] Lattice relaxation time:          tau=            1
[RadiativeUnitConverter] Characteristical length(m):       charL=          1
[RadiativeUnitConverter] Phys. density(kg/m^d):            charRho=        1
[RadiativeUnitConverter] Phys. absorption(1/m):            mu_a=           27
[RadiativeUnitConverter] Phys. scattering(1/m):            mu_s=           3
[RadiativeUnitConverter] Extinction(1/m):                  mu_t=           30
[RadiativeUnitConverter] Effective attenuation(1/m):       mu_eff=         49.295
[RadiativeUnitConverter] Phys. diffusion(m):               D=              0.0111111
[RadiativeUnitConverter] Single scattering albedo:         albedo=         0.1
[RadiativeUnitConverter] Anisotropy factor:                g=              0
[RadiativeUnitConverter] 
[RadiativeUnitConverter] Lattice diffusion:                D^*=            1.11111
[RadiativeUnitConverter] Lattice absorption:               absorption=     0.27
[RadiativeUnitConverter] Lattice scattering:               scattering=     0.03
[RadiativeUnitConverter] Lattice sink:                     sink=           0.030375
[RadiativeUnitConverter] C_R: 1
[RadiativeUnitConverter] r_F: 1.63265
[RadiativeUnitConverter] 
[RadiativeUnitConverter] -- Conversion factors:
[RadiativeUnitConverter] Voxel length(m):                  physDeltaX=     0.01
[RadiativeUnitConverter] Time step(s):                     physDeltaT=     1.25e-05
[RadiativeUnitConverter] Density factor(kg/m^3):           physDensity=    1
[RadiativeUnitConverter] -------------------------------------------------------------
[prepareGeometryCube] Prepare cubeGeometry ...
[SuperGeometry3D] cleaned 0 outer boundary voxel(s)
[SuperGeometry3D] cleaned 0 inner boundary voxel(s)
[SuperGeometry3D] the model is correct!
[CuboidGeometry3D] ---Cuboid Stucture Statistics---
[CuboidGeometry3D]  Number of Cuboids: 	2
[CuboidGeometry3D]  Delta  (min): 		0.01
[CuboidGeometry3D]         (max): 		0.01
[CuboidGeometry3D]  Ratio  (min): 		0.49505
[CuboidGeometry3D]         (max): 		2.02
[CuboidGeometry3D]  Nodes  (min): 		510050
[CuboidGeometry3D]         (max): 		520251
[CuboidGeometry3D]  Weight (min): 		510050
[CuboidGeometry3D]         (max): 		520251
[CuboidGeometry3D] --------------------------------
[SuperGeometryStatistics3D] materialNumber=1; count=970299; minPhysR=(0.01,-0.49,-0.49); maxPhysR=(0.99,0.49,0.49)
[SuperGeometryStatistics3D] materialNumber=2; count=59561; minPhysR=(0,-0.5,-0.5); maxPhysR=(1,0.5,0.5)
[SuperGeometryStatistics3D] materialNumber=3; count=441; minPhysR=(0,-0.1,-0.1); maxPhysR=(0,0.1,0.1)
[prepareGeometryCube] Prepare cubeGeometry ... OK
[prepareLattice] Prepare Lattice ...
[prepareLattice] Prepare Lattice ... OK
[main] iT convergence criteria: 160
[LatticeStatistics] step=0; t=0; uMax=0; avEnergy=0; avRho=1
[Timer] step=0; percent=0; passedTime=6.95171e-313; remTime=0.001; MLUPs=0
[Timer] step=0; percent=0; passedTime=6.95171e-313; remTime=0.001; MLUPs=0
[ValueTracer] average=0.00101519; stdDev/average=0.133358
[LatticeStatistics] step=200; t=0.0025; uMax=0; avEnergy=0; avRho=0.00109996
[Timer] step=200; percent=0.0208333; passedTime=9.314; remTime=44697.9; MLUPs=22.1237
[Timer] step=200; percent=0.0208333; passedTime=9.314; remTime=44697.9; MLUPs=22.1237
[ValueTracer] average=0.00110008; stdDev/average=0.000318759
[LatticeStatistics] step=400; t=0.005; uMax=0; avEnergy=0; avRho=0.00110035
[Timer] step=400; percent=0.0416667; passedTime=18.418; remTime=44184.8; MLUPs=22.634
[Timer] step=400; percent=0.0416667; passedTime=18.418; remTime=44184.8; MLUPs=22.634
[ValueTracer] average=0.00110035; stdDev/average=1.69878e-06
[LatticeStatistics] step=600; t=0.0075; uMax=0; avEnergy=0; avRho=0.00110035
[Timer] step=600; percent=0.0625; passedTime=27.525; remTime=44012.5; MLUPs=22.6291
[Timer] step=600; percent=0.0625; passedTime=27.525; remTime=44012.5; MLUPs=22.6291
[ValueTracer] average=0.00110035; stdDev/average=1.01448e-08
[main] Simulation converged. -- 641
[main] ------641
[main] Simulation converged. -- 641
[main] ./100case31_mink/100case31.csv
0.000, 1.000000e+00, 0.000000e+00, 0.000000e+00, 0.000000e+00, 0.000000e+00, 0.000000e+00
0.010, 6.293176e-01, 4.942316e-06, 3.226579e-09, 7.874474e-02, 0.000000e+00, 0.000000e+00
0.020, 3.767672e-01, 9.454188e-06, 6.351577e-09, 4.719226e-02, 0.000000e+00, 0.000000e+00
0.030, 2.254250e-01, 1.291575e-05, 9.093417e-09, 2.827660e-02, 1.387779e-17, 0.000000e+00
0.040, 1.347627e-01, 1.507321e-05, 1.130968e-08, 1.693544e-02, 0.000000e+00, 0.000000e+00
0.050, 8.048218e-02, 1.590777e-05, 1.291159e-08, 1.013618e-02, 0.000000e+00, 0.000000e+00
0.060, 4.801028e-02, 1.559292e-05, 1.386838e-08, 6.061226e-03, -1.387779e-17, 0.000000e+00
0.070, 2.860475e-02, 1.441733e-05, 1.420374e-08, 3.620531e-03, 1.387779e-17, -1.387779e-17
0.080, 1.702155e-02, 1.270426e-05, 1.398596e-08, 2.159991e-03, -1.387779e-17, 0.000000e+00
0.090, 1.011636e-02, 1.074898e-05, 1.331413e-08, 1.286970e-03, 0.000000e+00, 0.000000e+00
0.100, 6.005328e-03, 8.783032e-06, 1.230319e-08, 7.657994e-04, 1.387779e-17, 0.000000e+00
0.110, 3.560990e-03, 6.962928e-06, 1.107010e-08, 4.550994e-04, 1.387779e-17, 0.000000e+00
0.120, 2.109443e-03, 5.376101e-06, 9.722840e-09, 2.701291e-04, 1.387779e-17, 0.000000e+00
0.130, 1.248456e-03, 4.055662e-06, 8.352918e-09, 1.601585e-04, 0.000000e+00, 0.000000e+00
0.140, 7.383001e-04, 2.997481e-06, 7.031559e-09, 9.486112e-05, 0.000000e+00, 0.000000e+00
0.150, 4.363073e-04, 2.175524e-06, 5.808985e-09, 5.613505e-05, 0.000000e+00, 0.000000e+00
0.160, 2.576884e-04, 1.553666e-06, 4.716013e-09, 3.319220e-05, 0.000000e+00, 0.000000e+00
0.170, 1.521179e-04, 1.093693e-06, 3.767087e-09, 1.961286e-05, 0.000000e+00, -1.387779e-17
0.180, 8.976061e-05, 7.600418e-07, 2.963958e-09, 1.158224e-05, 0.000000e+00, -1.387779e-17
0.190, 5.294735e-05, 5.221079e-07, 2.299381e-09, 6.836464e-06, 1.387779e-17, 0.000000e+00
0.200, 3.122378e-05, 3.549522e-07, 1.760447e-09, 4.033619e-06, 0.000000e+00, 0.000000e+00
0.210, 1.840924e-05, 2.390624e-07, 1.331300e-09, 2.379116e-06, 1.387779e-17, 0.000000e+00
0.220, 1.085222e-05, 1.596529e-07, 9.951984e-10, 1.402888e-06, 0.000000e+00, 0.000000e+00
0.230, 6.396675e-06, 1.058067e-07, 7.359319e-10, 8.270728e-07, 0.000000e+00, 0.000000e+00
0.240, 3.770165e-06, 6.963513e-08, 5.387040e-10, 4.875287e-07, 0.000000e+00, 0.000000e+00
0.250, 2.222042e-06, 4.554020e-08, 3.905858e-10, 2.873509e-07, 0.000000e+00, 0.000000e+00
0.260, 1.309614e-06, 2.961121e-08, 2.806637e-10, 1.693551e-07, 0.000000e+00, 0.000000e+00
0.270, 7.718714e-07, 1.915265e-08, 1.999820e-10, 9.980957e-08, 0.000000e+00, 0.000000e+00
0.280, 4.549534e-07, 1.232840e-08, 1.413662e-10, 5.882306e-08, 2.775558e-17, 2.775558e-17
0.290, 2.681745e-07, 7.900656e-09, 9.918610e-11, 3.466854e-08, 1.294225e-31, 1.294225e-31
0.300, 1.580897e-07, 5.042594e-09, 6.910206e-11, 2.043364e-08, 0.000000e+00, 1.387779e-17
0.310, 9.320329e-08, 3.206409e-09, 4.782313e-11, 1.204442e-08, 0.000000e+00, 1.387779e-17
0.320, 5.495473e-08, 2.031812e-09, 3.288930e-11, 7.100082e-09, 0.000000e+00, -1.387779e-17
0.330, 3.240626e-08, 1.283397e-09, 2.248468e-11, 4.185848e-09, 0.000000e+00, 0.000000e+00
0.340, 1.911198e-08, 8.082639e-10, 1.528511e-11, 2.468033e-09, 0.000000e+00, 0.000000e+00
0.350, 1.127295e-08, 5.076352e-10, 1.033551e-11, 1.455358e-09, 1.387779e-17, 1.387779e-17
0.360, 6.650059e-09, 3.180086e-10, 6.953216e-12, 8.583071e-10, -4.163336e-17, 2.775558e-17
0.370, 3.923470e-09, 1.987420e-10, 4.655387e-12, 5.062579e-10, -2.775558e-17, 4.163336e-17
0.380, 2.315111e-09, 1.239281e-10, 3.102518e-12, 2.986472e-10, 1.387779e-17, 1.387779e-17
0.390, 1.366244e-09, 7.711509e-11, 2.058631e-12, 1.761990e-10, 0.000000e+00, 1.387779e-17
0.400, 8.063767e-10, 4.789058e-11, 1.360134e-12, 1.039696e-10, 0.000000e+00, 0.000000e+00
0.410, 4.759898e-10, 2.968592e-11, 8.951728e-13, 6.135724e-11, 7.703720e-32, -4.163336e-17
0.420, 2.809977e-10, 1.836875e-11, 5.866418e-13, 3.621432e-11, -1.387779e-17, -2.775558e-17
0.430, 1.659005e-10, 1.134670e-11, 3.830825e-13, 2.137701e-11, 1.387779e-17, 1.387779e-17
0.440, 9.795487e-11, 6.997736e-12, 2.490230e-13, 1.262006e-11, -1.387779e-17, -1.387779e-17
0.450, 5.783996e-11, 4.308665e-12, 1.613709e-13, 7.451068e-12, 0.000000e+00, 0.000000e+00
0.460, 3.415435e-11, 2.649103e-12, 1.041389e-13, 4.399564e-12, -1.387779e-17, -1.387779e-17
0.470, 2.016798e-11, 1.626144e-12, 6.677991e-14, 2.597922e-12, -1.387779e-17, -6.471125e-32
0.480, 1.190859e-11, 9.966472e-13, 4.246603e-14, 1.534120e-12, 0.000000e+00, 0.000000e+00
0.490, 7.031487e-12, 6.099565e-13, 2.681189e-14, 9.059559e-13, 0.000000e+00, -1.387779e-17
0.500, 4.150902e-12, 3.725908e-13, 1.665335e-14, 5.349887e-13, 1.387779e-17, 0.000000e+00
0.510, 2.450151e-12, 2.271516e-13, 1.015854e-14, 3.159140e-13, 0.000000e+00, 0.000000e+00
0.520, 1.445732e-12, 1.383338e-13, 5.773160e-15, 1.865036e-13, 0.000000e+00, 0.000000e+00
0.530, 8.530954e-13, 8.382184e-14, 3.275158e-15, 1.101341e-13, 0.000000e+00, 0.000000e+00
0.540, 5.029310e-13, 5.051515e-14, 1.609823e-15, 6.505907e-14, 1.387779e-17, 0.000000e+00
0.550, 2.959855e-13, 3.008704e-14, 5.551115e-16, 3.834433e-14, 1.387779e-17, 0.000000e+00
0.560, 1.743050e-13, 1.754152e-14, 5.551115e-17, 2.263467e-14, 0.000000e+00, 0.000000e+00
0.570, 1.021405e-13, 9.992007e-15, 5.669938e-31, 1.337819e-14, 0.000000e+00, 0.000000e+00
0.580, 5.961898e-14, 5.551115e-15, 0.000000e+00, 7.910339e-15, -1.387779e-17, 0.000000e+00
0.590, 3.441691e-14, 2.886580e-15, 0.000000e+00, 4.676814e-15, 1.232595e-32, 1.387779e-17
0.600, 1.965095e-14, 1.221245e-15, 0.000000e+00, 2.733924e-15, 0.000000e+00, 1.387779e-17
0.610, 1.088019e-14, 3.330669e-16, 0.000000e+00, 1.623701e-15, 0.000000e+00, -2.775558e-17
0.620, 5.662137e-15, 0.000000e+00, 0.000000e+00, 1.026956e-15, 0.000000e+00, 0.000000e+00
0.630, 2.109424e-15, 0.000000e+00, 0.000000e+00, 6.106227e-16, 0.000000e+00, 0.000000e+00
0.640, 4.440892e-16, 0.000000e+00, 0.000000e+00, 2.498002e-16, 0.000000e+00, 0.000000e+00
0.650, 0.000000e+00, 0.000000e+00, 0.000000e+00, 4.163336e-17, 0.000000e+00, 0.000000e+00
0.660, 0.000000e+00, 0.000000e+00, 0.000000e+00, 0.000000e+00, 0.000000e+00, 0.000000e+00
0.670, 0.000000e+00, 0.000000e+00, 0.000000e+00, 0.000000e+00, 0.000000e+00, 0.000000e+00
0.680, 0.000000e+00, 0.000000e+00, 0.000000e+00, 0.000000e+00, 0.000000e+00, 0.000000e+00
0.690, 0.000000e+00, 0.000000e+00, 0.000000e+00, 0.000000e+00, 0.000000e+00, 0.000000e+00
0.700, 0.000000e+00, 0.000000e+00, 0.000000e+00, 0.000000e+00, 0.000000e+00, 0.000000e+00
0.710, 0.000000e+00, 0.000000e+00, 0.000000e+00, 0.000000e+00, 0.000000e+00, 0.000000e+00
0.720, 0.000000e+00, 0.000000e+00, 0.000000e+00, 0.000000e+00, 0.000000e+00, 0.000000e+00
0.730, 0.000000e+00, 0.000000e+00, 0.000000e+00, 0.000000e+00, 0.000000e+00, 0.000000e+00
0.740, 0.000000e+00, 0.000000e+00, 0.000000e+00, 0.000000e+00, 0.000000e+00, 0.000000e+00
0.750, 0.000000e+00, 0.000000e+00, 0.000000e+00, 0.000000e+00, 0.000000e+00, 0.000000e+00
0.760, 0.000000e+00, 0.000000e+00, 0.000000e+00, 0.000000e+00, 0.000000e+00, 0.000000e+00
0.770, 0.000000e+00, 0.000000e+00, 0.000000e+00, 0.000000e+00, 0.000000e+00, 0.000000e+00
0.780, 0.000000e+00, 0.000000e+00, 0.000000e+00, 0.000000e+00, 0.000000e+00, 0.000000e+00
0.790, 0.000000e+00, 0.000000e+00, 0.000000e+00, 0.000000e+00, 0.000000e+00, 0.000000e+00
0.800, 0.000000e+00, 0.000000e+00, 0.000000e+00, 0.000000e+00, 0.000000e+00, 0.000000e+00
0.810, 0.000000e+00, 0.000000e+00, 0.000000e+00, 0.000000e+00, 0.000000e+00, 0.000000e+00
0.820, 0.000000e+00, 0.000000e+00, 0.000000e+00, 0.000000e+00, 0.000000e+00, 0.000000e+00
0.830, 0.000000e+00, 0.000000e+00, 0.000000e+00, 0.000000e+00, 0.000000e+00, 0.000000e+00
0.840, 0.000000e+00, 0.000000e+00, 0.000000e+00, 0.000000e+00, 0.000000e+00, 0.000000e+00
0.850, 0.000000e+00, 0.000000e+00, 0.000000e+00, 0.000000e+00, 0.000000e+00, 0.000000e+00
0.860, 0.000000e+00, 0.000000e+00, 0.000000e+00, 0.000000e+00, 0.000000e+00, 0.000000e+00
0.870, 0.000000e+00, 0.000000e+00, 0.000000e+00, 0.000000e+00, 0.000000e+00, 0.000000e+00
0.880, 0.000000e+00, 0.000000e+00, 0.000000e+00, 0.000000e+00, 0.000000e+00, 0.000000e+00
0.890, 0.000000e+00, 0.000000e+00, 0.000000e+00, 0.000000e+00, 0.000000e+00, 0.000000e+00
0.900, 0.000000e+00, 0.000000e+00, 0.000000e+00, 0.000000e+00, 0.000000e+00, 0.000000e+00
0.910, 0.000000e+00, 0.000000e+00, 0.000000e+00, 0.000000e+00, 0.000000e+00, 0.000000e+00
0.920, 0.000000e+00, 0.000000e+00, 0.000000e+00, 0.000000e+00, 0.000000e+00, 0.000000e+00
0.930, 0.000000e+00, 0.000000e+00, 0.000000e+00, 0.000000e+00, 0.000000e+00, 0.000000e+00
0.940, 0.000000e+00, 0.000000e+00, 0.000000e+00, 0.000000e+00, 0.000000e+00, 0.000000e+00
0.950, 0.000000e+00, 0.000000e+00, 0.000000e+00, 0.000000e+00, 0.000000e+00, 0.000000e+00
0.960, 0.000000e+00, 0.000000e+00, 0.000000e+00, 0.000000e+00, 0.000000e+00, 0.000000e+00
0.970, 0.000000e+00, 0.000000e+00, 0.000000e+00, 0.000000e+00, 0.000000e+00, 0.000000e+00
0.980, 0.000000e+00, 0.000000e+00, 0.000000e+00, 0.000000e+00, 0.000000e+00, 0.000000e+00
0.990, 0.000000e+00, 0.000000e+00, 0.000000e+00, 0.000000e+00, 0.000000e+00, 0.000000e+00
1.000, 0.000000e+00, 0.000000e+00, 0.000000e+00, 0.000000e+00, 0.000000e+00, 0.000000e+00
[Timer] 
[Timer] ----------------Summary:Timer----------------
[Timer] measured time (rt) : 30.436s
[Timer] measured time (cpu): 30.340s
[Timer] average MLUPs :       20.311
[Timer] average MLUPps:       20.311
[Timer] ---------------------------------------------
