[MpiManager] Sucessfully initialized, numThreads=1
[Directories] Directory ./50case26_addTemp_mink/ created.
[Directories] Directory ./50case26_addTemp_mink/imageData/ created.
[Directories] Directory ./50case26_addTemp_mink/imageData/data/ created.
[Directories] Directory ./50case26_addTemp_mink/vtkData/ created.
[Directories] Directory ./50case26_addTemp_mink/vtkData/data/ created.
[Directories] Directory ./50case26_addTemp_mink/gnuplotData/ created.
[Directories] Directory ./50case26_addTemp_mink/gnuplotData/data/ created.
[main] case26
[main] omega = .... 1
[main] omega 1
[main] working with diffuse approximation
[main] omega=1
[main] latticeSink=0.054
[RadiativeUnitConverter] ----------------- UnitConverter information -----------------
[RadiativeUnitConverter] -- Parameters:
[RadiativeUnitConverter] Resolution:                       N=              50
[RadiativeUnitConverter] Lattice relaxation frequency:     omega=          1
[RadiativeUnitConverter] Lattice relaxation time:          tau=            1
[RadiativeUnitConverter] Characteristical length(m):       charL=          1
[RadiativeUnitConverter] Phys. density(kg/m^d):            charRho=        1
[RadiativeUnitConverter] Phys. absorption(1/m):            mu_a=           18
[RadiativeUnitConverter] Phys. scattering(1/m):            mu_s=           2
[RadiativeUnitConverter] Extinction(1/m):                  mu_t=           20
[RadiativeUnitConverter] Effective attenuation(1/m):       mu_eff=         32.8634
[RadiativeUnitConverter] Phys. diffusion(m):               D=              0.0166667
[RadiativeUnitConverter] Single scattering albedo:         albedo=         0.1
[RadiativeUnitConverter] Anisotropy factor:                g=              0
[RadiativeUnitConverter] 
[RadiativeUnitConverter] Lattice diffusion:                D^*=            0.833333
[RadiativeUnitConverter] Lattice absorption:               absorption=     0.36
[RadiativeUnitConverter] Lattice scattering:               scattering=     0.04
[RadiativeUnitConverter] Lattice sink:                     sink=           0.054
[RadiativeUnitConverter] C_R: 1
[RadiativeUnitConverter] r_F: 1.53846
[RadiativeUnitConverter] 
[RadiativeUnitConverter] -- Conversion factors:
[RadiativeUnitConverter] Voxel length(m):                  physDeltaX=     0.02
[RadiativeUnitConverter] Time step(s):                     physDeltaT=     5e-05
[RadiativeUnitConverter] Density factor(kg/m^3):           physDensity=    1
[RadiativeUnitConverter] -------------------------------------------------------------
[prepareGeometryCube] Prepare cubeGeometry ...
[SuperGeometry3D] cleaned 0 outer boundary voxel(s)
[SuperGeometry3D] cleaned 0 inner boundary voxel(s)
[SuperGeometry3D] the model is correct!
[CuboidGeometry3D] ---Cuboid Stucture Statistics---
[CuboidGeometry3D]  Number of Cuboids: 	2
[CuboidGeometry3D]  Delta  (min): 		0.02
[CuboidGeometry3D]         (max): 		0.02
[CuboidGeometry3D]  Ratio  (min): 		0.490196
[CuboidGeometry3D]         (max): 		2.04
[CuboidGeometry3D]  Nodes  (min): 		65025
[CuboidGeometry3D]         (max): 		67626
[CuboidGeometry3D]  Weight (min): 		65025
[CuboidGeometry3D]         (max): 		67626
[CuboidGeometry3D] --------------------------------
[SuperGeometryStatistics3D] materialNumber=1; count=117649; minPhysR=(0.02,-0.48,-0.48); maxPhysR=(0.98,0.48,0.48)
[SuperGeometryStatistics3D] materialNumber=2; count=14881; minPhysR=(0,-0.5,-0.5); maxPhysR=(1,0.5,0.5)
[SuperGeometryStatistics3D] materialNumber=3; count=121; minPhysR=(0,-0.1,-0.1); maxPhysR=(0,0.1,0.1)
[prepareGeometryCube] Prepare cubeGeometry ... OK
[prepareLattice] Prepare Lattice ...
[prepareLattice] Prepare Lattice ... OK
[main] iT convergence criteria: 160
[LatticeStatistics] step=0; t=0; uMax=0; avEnergy=0; avRho=1
[Timer] step=0; percent=0; passedTime=0; remTime=0.001; MLUPs=0
[Timer] step=0; percent=0; passedTime=0; remTime=0.001; MLUPs=0
[LatticeStatistics] step=100; t=0.005; uMax=0; avEnergy=0; avRho=0.00189661
[Timer] step=100; percent=0.0416667; passedTime=1.049; remTime=2516.55; MLUPs=12.6455
[Timer] step=100; percent=0.0416667; passedTime=1.049; remTime=2516.55; MLUPs=12.6455
[ValueTracer] average=0.00182354; stdDev/average=0.0930346
[LatticeStatistics] step=200; t=0.01; uMax=0; avEnergy=0; avRho=0.00189782
[Timer] step=200; percent=0.0833333; passedTime=1.948; remTime=2335.65; MLUPs=14.7718
[Timer] step=200; percent=0.0833333; passedTime=1.948; remTime=2335.65; MLUPs=14.7718
[LatticeStatistics] step=300; t=0.015; uMax=0; avEnergy=0; avRho=0.00189782
[Timer] step=300; percent=0.125; passedTime=2.878; remTime=2299.52; MLUPs=14.2635
[Timer] step=300; percent=0.125; passedTime=2.878; remTime=2299.52; MLUPs=14.2635
[ValueTracer] average=0.00189782; stdDev/average=3.69155e-06
[LatticeStatistics] step=400; t=0.02; uMax=0; avEnergy=0; avRho=0.00189782
[Timer] step=400; percent=0.166667; passedTime=3.823; remTime=2289.98; MLUPs=14.0223
[Timer] step=400; percent=0.166667; passedTime=3.823; remTime=2289.98; MLUPs=14.0223
[main] Simulation converged. -- 423
[main] ------423
[main] Simulation converged. -- 423
[main] ./50case26_addTemp_mink/50case26.csv
0.000, 1.000000e+00, 0.000000e+00, 0.000000e+00, 0.000000e+00, 0.000000e+00, 0.000000e+00
0.010, 7.726146e-01, 7.247934e-05, 3.184174e-07, 4.626829e-02, 6.938894e-18, -6.938894e-18
0.020, 5.452291e-01, 1.449587e-04, 6.368348e-07, 9.253658e-02, 1.387779e-17, -1.387779e-17
0.030, 4.058742e-01, 1.965817e-04, 9.162114e-07, 6.908606e-02, 1.387779e-17, -6.938894e-18
0.040, 2.665192e-01, 2.482047e-04, 1.195588e-06, 4.563554e-02, 1.387779e-17, 0.000000e+00
0.050, 1.979753e-01, 2.650117e-04, 1.377516e-06, 3.401343e-02, 6.938894e-18, -6.938894e-18
0.060, 1.294314e-01, 2.818187e-04, 1.559445e-06, 2.239133e-02, 0.000000e+00, -1.387779e-17
0.070, 9.593496e-02, 2.706248e-04, 1.630993e-06, 1.665076e-02, 0.000000e+00, -1.387779e-17
0.080, 6.243851e-02, 2.594310e-04, 1.702542e-06, 1.091019e-02, 0.000000e+00, -1.387779e-17
0.090, 4.619058e-02, 2.338582e-04, 1.677144e-06, 8.093590e-03, 0.000000e+00, -1.387779e-17
0.100, 2.994265e-02, 2.082853e-04, 1.651745e-06, 5.276989e-03, 0.000000e+00, -1.387779e-17
0.110, 2.211682e-02, 1.799764e-04, 1.558784e-06, 3.906214e-03, -6.938894e-18, -6.938894e-18
0.120, 1.429099e-02, 1.516674e-04, 1.465823e-06, 2.535439e-03, -1.387779e-17, 0.000000e+00
0.130, 1.054394e-02, 1.271762e-04, 1.338372e-06, 1.873552e-03, -6.938894e-18, 6.938894e-18
0.140, 6.796890e-03, 1.026849e-04, 1.210920e-06, 1.211664e-03, 0.000000e+00, 1.387779e-17
0.150, 5.010920e-03, 8.421850e-05, 1.076736e-06, 8.941951e-04, 0.000000e+00, 2.542228e-32
0.160, 3.224950e-03, 6.575210e-05, 9.425509e-07, 5.767259e-04, 0.000000e+00, -1.387779e-17
0.170, 2.376440e-03, 5.303149e-05, 8.200725e-07, 4.252382e-04, 0.000000e+00, -6.938894e-18
0.180, 1.527930e-03, 4.031089e-05, 6.975940e-07, 2.737506e-04, 0.000000e+00, 0.000000e+00
0.190, 1.125654e-03, 3.209379e-05, 5.960288e-07, 2.017321e-04, 6.938894e-18, 0.000000e+00
0.200, 7.233778e-04, 2.387669e-05, 4.944635e-07, 1.297136e-04, 1.387779e-17, 0.000000e+00
0.210, 5.328928e-04, 1.881688e-05, 4.160490e-07, 9.555963e-05, 1.387779e-17, 0.000000e+00
0.220, 3.424077e-04, 1.375706e-05, 3.376345e-07, 6.140569e-05, 1.387779e-17, 0.000000e+00
0.230, 2.522588e-04, 1.075389e-05, 2.804079e-07, 4.523251e-05, 1.387779e-17, -6.938894e-18
0.240, 1.621099e-04, 7.750725e-06, 2.231812e-07, 2.905934e-05, 1.387779e-17, -1.387779e-17
0.250, 1.194482e-04, 6.018998e-06, 1.832905e-07, 2.140632e-05, 6.938894e-18, -6.938894e-18
0.260, 7.678643e-05, 4.287272e-06, 1.433998e-07, 1.375331e-05, 0.000000e+00, 0.000000e+00
0.270, 5.659112e-05, 3.311492e-06, 1.166366e-07, 1.013261e-05, 6.938894e-18, 0.000000e+00
0.280, 3.639582e-05, 2.335713e-06, 8.987345e-08, 6.511913e-06, 1.387779e-17, 0.000000e+00
0.290, 2.683040e-05, 1.796088e-06, 7.248970e-08, 4.798558e-06, 2.081668e-17, 0.000000e+00
0.300, 1.726498e-05, 1.256463e-06, 5.510595e-08, 3.085202e-06, 2.775558e-17, 0.000000e+00
0.310, 1.273106e-05, 9.625924e-07, 4.412319e-08, 2.274018e-06, 6.938894e-18, 1.387779e-17
0.320, 8.197143e-06, 6.687219e-07, 3.314044e-08, 1.462834e-06, -1.387779e-17, 2.775558e-17
0.330, 6.046311e-06, 5.107138e-07, 2.636594e-08, 1.078516e-06, -6.938894e-18, 1.387779e-17
0.340, 3.895480e-06, 3.527058e-07, 1.959144e-08, 6.941974e-07, 0.000000e+00, 0.000000e+00
0.350, 2.874229e-06, 2.686515e-07, 1.549893e-08, 5.119685e-07, 6.938894e-18, 0.000000e+00
0.360, 1.852978e-06, 1.845972e-07, 1.140642e-08, 3.297397e-07, 1.387779e-17, 0.000000e+00
0.370, 1.367614e-06, 1.402857e-07, 8.978830e-09, 2.432564e-07, 6.938894e-18, 0.000000e+00
0.380, 8.822505e-07, 9.597423e-08, 6.551243e-09, 1.567731e-07, 0.000000e+00, 0.000000e+00
0.390, 6.513540e-07, 7.279335e-08, 5.134213e-09, 1.156907e-07, -6.938894e-18, 6.938894e-18
0.400, 4.204574e-07, 4.961247e-08, 3.717182e-09, 7.460836e-08, -1.387779e-17, 1.387779e-17
0.410, 3.105107e-07, 3.756558e-08, 2.901710e-09, 5.507413e-08, -2.081668e-17, 6.938894e-18
0.420, 2.005640e-07, 2.551869e-08, 2.086239e-09, 3.553990e-08, -2.775558e-17, 0.000000e+00
0.430, 1.481609e-07, 1.929364e-08, 1.622843e-09, 2.624264e-08, -1.387779e-17, 6.938894e-18
0.440, 9.575787e-08, 1.306860e-08, 1.159447e-09, 1.694538e-08, 0.000000e+00, 1.387779e-17
0.450, 7.075836e-08, 9.867818e-09, 8.990704e-10, 1.251615e-08, 0.000000e+00, 1.387779e-17
0.460, 4.575885e-08, 6.667035e-09, 6.386937e-10, 8.086914e-09, 0.000000e+00, 1.387779e-17
0.470, 3.382182e-08, 5.028379e-09, 4.938597e-10, 5.974846e-09, 0.000000e+00, 6.938894e-18
0.480, 2.188478e-08, 3.389722e-09, 3.490256e-10, 3.862778e-09, 0.000000e+00, 0.000000e+00
0.490, 1.617999e-08, 2.553992e-09, 2.691886e-10, 2.854725e-09, 6.938894e-18, 6.938894e-18
0.500, 1.047521e-08, 1.718262e-09, 1.893516e-10, 1.846671e-09, 1.387779e-17, 1.387779e-17
0.510, 7.746558e-09, 1.293463e-09, 1.457011e-10, 1.365119e-09, 6.938894e-18, 6.938894e-18
0.520, 5.017910e-09, 8.686632e-10, 1.020505e-10, 8.835665e-10, 0.000000e+00, 0.000000e+00
0.530, 3.711717e-09, 6.533815e-10, 7.836032e-11, 6.533294e-10, -6.938894e-18, 6.938894e-18
0.540, 2.405524e-09, 4.380999e-10, 5.467010e-11, 4.230924e-10, -1.387779e-17, 1.387779e-17
0.550, 1.779768e-09, 3.292878e-10, 4.189858e-11, 3.129219e-10, 1.232595e-32, 1.387779e-17
0.560, 1.154011e-09, 2.204758e-10, 2.912706e-11, 2.027515e-10, 1.387779e-17, 1.387779e-17
0.570, 8.540065e-10, 1.656083e-10, 2.228377e-11, 1.499922e-10, 6.938894e-18, 6.938894e-18
0.580, 5.540015e-10, 1.107409e-10, 1.544048e-11, 9.723282e-11, 6.471125e-32, 6.471125e-32
0.590, 4.100676e-10, 8.313328e-11, 1.179391e-11, 7.194766e-11, 6.938894e-18, 0.000000e+00
0.600, 2.661337e-10, 5.552570e-11, 8.147344e-12, 4.666249e-11, 1.387779e-17, 0.000000e+00
0.610, 1.970306e-10, 4.166106e-11, 6.213960e-12, 3.453561e-11, 1.387779e-17, -6.938894e-18
0.620, 1.279276e-10, 2.779643e-11, 4.280576e-12, 2.240873e-11, 1.387779e-17, -1.387779e-17
0.630, 9.472911e-11, 2.084566e-11, 3.260309e-12, 1.658855e-11, 6.938894e-18, 6.938894e-18
0.640, 6.153067e-11, 1.389489e-11, 2.240041e-12, 1.076837e-11, 0.000000e+00, 2.775558e-17
0.650, 4.557138e-11, 1.041572e-11, 1.704026e-12, 7.973129e-12, 6.938894e-18, 1.387779e-17
0.660, 2.961209e-11, 6.936562e-12, 1.168010e-12, 5.177886e-12, 1.387779e-17, 0.000000e+00
0.670, 2.193545e-11, 5.197509e-12, 8.875817e-13, 3.834537e-12, 1.387779e-17, -6.938894e-18
0.680, 1.425882e-11, 3.458456e-12, 6.071532e-13, 2.491188e-12, 1.387779e-17, -1.387779e-17
0.690, 1.056411e-11, 2.590456e-12, 4.607703e-13, 1.845225e-12, 1.387779e-17, -1.387779e-17
0.700, 6.869394e-12, 1.722456e-12, 3.143874e-13, 1.199263e-12, 1.387779e-17, -1.387779e-17
0.710, 5.090040e-12, 1.289691e-12, 2.381983e-13, 8.884352e-13, 6.938894e-18, -6.938894e-18
0.720, 3.310685e-12, 8.569256e-13, 1.620093e-13, 5.776074e-13, 0.000000e+00, 0.000000e+00
0.730, 2.453593e-12, 6.412926e-13, 1.226380e-13, 4.279563e-13, 0.000000e+00, 0.000000e+00
0.740, 1.596501e-12, 4.256595e-13, 8.326673e-14, 2.783052e-13, 0.000000e+00, 0.000000e+00
0.750, 1.183387e-12, 3.184120e-13, 6.292189e-14, 2.062586e-13, 0.000000e+00, 0.000000e+00
0.760, 7.702727e-13, 2.111644e-13, 4.257705e-14, 1.342121e-13, 0.000000e+00, 0.000000e+00
0.770, 5.708767e-13, 1.577904e-13, 3.207157e-14, 9.950374e-14, 6.938894e-18, -2.081668e-17
0.780, 3.714806e-13, 1.044165e-13, 2.156608e-14, 6.479539e-14, 1.387779e-17, -4.163336e-17
0.790, 2.752243e-13, 7.793766e-14, 1.612599e-14, 4.804490e-14, 6.938894e-18, -2.081668e-17
0.800, 1.789680e-13, 5.145884e-14, 1.068590e-14, 3.129441e-14, 0.000000e+00, 0.000000e+00
0.810, 1.323941e-13, 3.827494e-14, 7.951972e-15, 2.321754e-14, -1.387779e-17, -6.938894e-18
0.820, 8.582024e-14, 2.509104e-14, 5.218048e-15, 1.514067e-14, -2.775558e-17, -1.387779e-17
0.830, 6.333822e-14, 1.854072e-14, 3.774758e-15, 1.123407e-14, -2.081668e-17, -6.938894e-18
0.840, 4.085621e-14, 1.199041e-14, 2.331468e-15, 7.327472e-15, -1.387779e-17, 0.000000e+00
0.850, 2.992051e-14, 8.715251e-15, 1.595946e-15, 5.426215e-15, -6.938894e-18, 0.000000e+00
0.860, 1.898481e-14, 5.440093e-15, 8.604228e-16, 3.524958e-15, 0.000000e+00, 0.000000e+00
0.870, 1.382228e-14, 3.913536e-15, 4.857226e-16, 2.588207e-15, 0.000000e+00, 0.000000e+00
0.880, 8.659740e-15, 2.386980e-15, 1.110223e-16, 1.651457e-15, 0.000000e+00, 0.000000e+00
0.890, 6.272760e-15, 1.665335e-15, 5.551115e-17, 1.207368e-15, 0.000000e+00, 0.000000e+00
0.900, 3.885781e-15, 9.436896e-16, 0.000000e+00, 7.632783e-16, 0.000000e+00, 0.000000e+00
0.910, 2.775558e-15, 5.273559e-16, 0.000000e+00, 5.689893e-16, 6.938894e-18, 6.938894e-18
0.920, 1.665335e-15, 1.110223e-16, 0.000000e+00, 3.747003e-16, 1.387779e-17, 1.387779e-17
0.930, 1.054712e-15, 5.551115e-17, 0.000000e+00, 2.775558e-16, 6.938894e-18, 2.081668e-17
0.940, 4.440892e-16, 5.176900e-31, 0.000000e+00, 1.804112e-16, 6.471125e-32, 2.775558e-17
0.950, 2.220446e-16, 0.000000e+00, 0.000000e+00, 1.110223e-16, 0.000000e+00, 1.387779e-17
0.960, 0.000000e+00, 0.000000e+00, 0.000000e+00, 4.163336e-17, 0.000000e+00, 0.000000e+00
0.970, 0.000000e+00, 0.000000e+00, 0.000000e+00, 2.081668e-17, 0.000000e+00, 0.000000e+00
0.980, 0.000000e+00, 0.000000e+00, 0.000000e+00, 0.000000e+00, 0.000000e+00, 0.000000e+00
0.990, 0.000000e+00, 0.000000e+00, 0.000000e+00, 0.000000e+00, 0.000000e+00, 0.000000e+00
1.000, 0.000000e+00, 0.000000e+00, 0.000000e+00, 0.000000e+00, 0.000000e+00, 0.000000e+00
[Timer] 
[Timer] ----------------Summary:Timer----------------
[Timer] measured time (rt) : 4.370s
[Timer] measured time (cpu): 4.210s
[Timer] average MLUPs :       12.142
[Timer] average MLUPps:       12.142
[Timer] ---------------------------------------------
