[MpiManager] Sucessfully initialized, numThreads=1
[Directories] Directory ./50case7_addTemp_mink/ created.
[Directories] Directory ./50case7_addTemp_mink/imageData/ created.
[Directories] Directory ./50case7_addTemp_mink/imageData/data/ created.
[Directories] Directory ./50case7_addTemp_mink/vtkData/ created.
[Directories] Directory ./50case7_addTemp_mink/vtkData/data/ created.
[Directories] Directory ./50case7_addTemp_mink/gnuplotData/ created.
[Directories] Directory ./50case7_addTemp_mink/gnuplotData/data/ created.
[main] case7
[main] omega = .... 1
[main] omega 1
[main] working with diffuse approximation
[main] omega=1
[main] latticeSink=0.00144
[RadiativeUnitConverter] ----------------- UnitConverter information -----------------
[RadiativeUnitConverter] -- Parameters:
[RadiativeUnitConverter] Resolution:                       N=              50
[RadiativeUnitConverter] Lattice relaxation frequency:     omega=          1
[RadiativeUnitConverter] Lattice relaxation time:          tau=            1
[RadiativeUnitConverter] Characteristical length(m):       charL=          1
[RadiativeUnitConverter] Phys. density(kg/m^d):            charRho=        1
[RadiativeUnitConverter] Phys. absorption(1/m):            mu_a=           2.4
[RadiativeUnitConverter] Phys. scattering(1/m):            mu_s=           1.6
[RadiativeUnitConverter] Extinction(1/m):                  mu_t=           4
[RadiativeUnitConverter] Effective attenuation(1/m):       mu_eff=         5.36656
[RadiativeUnitConverter] Phys. diffusion(m):               D=              0.0833333
[RadiativeUnitConverter] Single scattering albedo:         albedo=         0.4
[RadiativeUnitConverter] Anisotropy factor:                g=              0
[RadiativeUnitConverter] 
[RadiativeUnitConverter] Lattice diffusion:                D^*=            4.16667
[RadiativeUnitConverter] Lattice absorption:               absorption=     0.048
[RadiativeUnitConverter] Lattice scattering:               scattering=     0.032
[RadiativeUnitConverter] Lattice sink:                     sink=           0.00144
[RadiativeUnitConverter] C_R: 1
[RadiativeUnitConverter] r_F: 1.88679
[RadiativeUnitConverter] 
[RadiativeUnitConverter] -- Conversion factors:
[RadiativeUnitConverter] Voxel length(m):                  physDeltaX=     0.02
[RadiativeUnitConverter] Time step(s):                     physDeltaT=     5e-05
[RadiativeUnitConverter] Density factor(kg/m^3):           physDensity=    1
[RadiativeUnitConverter] -------------------------------------------------------------
[prepareGeometryCube] Prepare cubeGeometry ...
[SuperGeometry3D] cleaned 0 outer boundary voxel(s)
[SuperGeometry3D] cleaned 0 inner boundary voxel(s)
[SuperGeometry3D] the model is correct!
[CuboidGeometry3D] ---Cuboid Stucture Statistics---
[CuboidGeometry3D]  Number of Cuboids: 	2
[CuboidGeometry3D]  Delta  (min): 		0.02
[CuboidGeometry3D]         (max): 		0.02
[CuboidGeometry3D]  Ratio  (min): 		0.490196
[CuboidGeometry3D]         (max): 		2.04
[CuboidGeometry3D]  Nodes  (min): 		65025
[CuboidGeometry3D]         (max): 		67626
[CuboidGeometry3D]  Weight (min): 		65025
[CuboidGeometry3D]         (max): 		67626
[CuboidGeometry3D] --------------------------------
[SuperGeometryStatistics3D] materialNumber=1; count=117649; minPhysR=(0.02,-0.48,-0.48); maxPhysR=(0.98,0.48,0.48)
[SuperGeometryStatistics3D] materialNumber=2; count=14881; minPhysR=(0,-0.5,-0.5); maxPhysR=(1,0.5,0.5)
[SuperGeometryStatistics3D] materialNumber=3; count=121; minPhysR=(0,-0.1,-0.1); maxPhysR=(0,0.1,0.1)
[prepareGeometryCube] Prepare cubeGeometry ... OK
[prepareLattice] Prepare Lattice ...
[prepareLattice] Prepare Lattice ... OK
[main] iT convergence criteria: 160
[LatticeStatistics] step=0; t=0; uMax=0; avEnergy=0; avRho=1
[Timer] step=0; percent=0; passedTime=6.94732e-313; remTime=0.001; MLUPs=0
[Timer] step=0; percent=0; passedTime=6.94732e-313; remTime=0.001; MLUPs=0
[LatticeStatistics] step=100; t=0.005; uMax=0; avEnergy=0; avRho=0.00393594
[Timer] step=100; percent=0.0416667; passedTime=1.268; remTime=3041.93; MLUPs=10.4614
[Timer] step=100; percent=0.0416667; passedTime=1.268; remTime=3041.93; MLUPs=10.4614
[ValueTracer] average=0.00341367; stdDev/average=0.287035
[LatticeStatistics] step=200; t=0.01; uMax=0; avEnergy=0; avRho=0.00515469
[Timer] step=200; percent=0.0833333; passedTime=2.181; remTime=2615.02; MLUPs=14.5132
[Timer] step=200; percent=0.0833333; passedTime=2.181; remTime=2615.02; MLUPs=14.5132
[LatticeStatistics] step=300; t=0.015; uMax=0; avEnergy=0; avRho=0.00595395
[Timer] step=300; percent=0.125; passedTime=3.103; remTime=2479.3; MLUPs=14.3717
[Timer] step=300; percent=0.125; passedTime=3.103; remTime=2479.3; MLUPs=14.3717
[ValueTracer] average=0.00548117; stdDev/average=0.070548
[LatticeStatistics] step=400; t=0.02; uMax=0; avEnergy=0; avRho=0.00651879
[Timer] step=400; percent=0.166667; passedTime=4.027; remTime=2412.17; MLUPs=14.3562
[Timer] step=400; percent=0.166667; passedTime=4.027; remTime=2412.17; MLUPs=14.3562
[ValueTracer] average=0.00650475; stdDev/average=0.0342885
[LatticeStatistics] step=500; t=0.025; uMax=0; avEnergy=0; avRho=0.00692795
[Timer] step=500; percent=0.208333; passedTime=4.941; remTime=2366.74; MLUPs=14.5132
[Timer] step=500; percent=0.208333; passedTime=4.941; remTime=2366.74; MLUPs=14.5132
[LatticeStatistics] step=600; t=0.03; uMax=0; avEnergy=0; avRho=0.00722757
[Timer] step=600; percent=0.25; passedTime=5.854; remTime=2335.75; MLUPs=14.5132
[Timer] step=600; percent=0.25; passedTime=5.854; remTime=2335.75; MLUPs=14.5132
[ValueTracer] average=0.00711059; stdDev/average=0.0189829
[LatticeStatistics] step=700; t=0.035; uMax=0; avEnergy=0; avRho=0.00744833
[Timer] step=700; percent=0.291667; passedTime=6.775; remTime=2316.08; MLUPs=14.4029
[Timer] step=700; percent=0.291667; passedTime=6.775; remTime=2316.08; MLUPs=14.4029
[LatticeStatistics] step=800; t=0.04; uMax=0; avEnergy=0; avRho=0.00761165
[Timer] step=800; percent=0.333333; passedTime=7.824; remTime=2339.38; MLUPs=12.6575
[Timer] step=800; percent=0.333333; passedTime=7.824; remTime=2339.38; MLUPs=12.6575
[ValueTracer] average=0.0074802; stdDev/average=0.0110972
[LatticeStatistics] step=900; t=0.045; uMax=0; avEnergy=0; avRho=0.00773283
[Timer] step=900; percent=0.375; passedTime=8.931; remTime=2372.67; MLUPs=11.9829
[Timer] step=900; percent=0.375; passedTime=8.931; remTime=2372.67; MLUPs=11.9829
[ValueTracer] average=0.00770843; stdDev/average=0.00667812
[LatticeStatistics] step=1000; t=0.05; uMax=0; avEnergy=0; avRho=0.00782291
[Timer] step=1000; percent=0.416667; passedTime=9.844; remTime=2352.72; MLUPs=14.5132
[Timer] step=1000; percent=0.416667; passedTime=9.844; remTime=2352.72; MLUPs=14.5132
[LatticeStatistics] step=1100; t=0.055; uMax=0; avEnergy=0; avRho=0.00788998
[Timer] step=1100; percent=0.458333; passedTime=10.754; remTime=2335.57; MLUPs=14.561
[Timer] step=1100; percent=0.458333; passedTime=10.754; remTime=2335.57; MLUPs=14.561
[ValueTracer] average=0.00785031; stdDev/average=0.00408628
[LatticeStatistics] step=1200; t=0.06; uMax=0; avEnergy=0; avRho=0.00793997
[Timer] step=1200; percent=0.5; passedTime=11.664; remTime=2321.14; MLUPs=14.577
[Timer] step=1200; percent=0.5; passedTime=11.664; remTime=2321.14; MLUPs=14.577
[ValueTracer] average=0.00793883; stdDev/average=0.00252492
[LatticeStatistics] step=1300; t=0.065; uMax=0; avEnergy=0; avRho=0.00797725
[Timer] step=1300; percent=0.541667; passedTime=12.576; remTime=2309.15; MLUPs=14.5291
[Timer] step=1300; percent=0.541667; passedTime=12.576; remTime=2309.15; MLUPs=14.5291
[LatticeStatistics] step=1400; t=0.07; uMax=0; avEnergy=0; avRho=0.00800506
[Timer] step=1400; percent=0.583333; passedTime=13.496; remTime=2300.1; MLUPs=14.4029
[Timer] step=1400; percent=0.583333; passedTime=13.496; remTime=2300.1; MLUPs=14.4029
[ValueTracer] average=0.00799419; stdDev/average=0.00156922
[LatticeStatistics] step=1500; t=0.075; uMax=0; avEnergy=0; avRho=0.00802582
[Timer] step=1500; percent=0.625; passedTime=14.428; remTime=2294.05; MLUPs=14.2329
[Timer] step=1500; percent=0.625; passedTime=14.428; remTime=2294.05; MLUPs=14.2329
[LatticeStatistics] step=1600; t=0.08; uMax=0; avEnergy=0; avRho=0.00804132
[Timer] step=1600; percent=0.666667; passedTime=15.337; remTime=2285.21; MLUPs=14.577
[Timer] step=1600; percent=0.666667; passedTime=15.337; remTime=2285.21; MLUPs=14.577
[ValueTracer] average=0.00802885; stdDev/average=0.00097864
[LatticeStatistics] step=1700; t=0.085; uMax=0; avEnergy=0; avRho=0.0080529
[Timer] step=1700; percent=0.708333; passedTime=16.251; remTime=2278.01; MLUPs=14.4974
[Timer] step=1700; percent=0.708333; passedTime=16.251; remTime=2278.01; MLUPs=14.4974
[ValueTracer] average=0.00805057; stdDev/average=0.000611593
[LatticeStatistics] step=1800; t=0.09; uMax=0; avEnergy=0; avRho=0.00806154
[Timer] step=1800; percent=0.75; passedTime=17.175; remTime=2272.82; MLUPs=14.3562
[Timer] step=1800; percent=0.75; passedTime=17.175; remTime=2272.82; MLUPs=14.3562
[LatticeStatistics] step=1900; t=0.095; uMax=0; avEnergy=0; avRho=0.008068
[Timer] step=1900; percent=0.791667; passedTime=18.089; remTime=2266.84; MLUPs=14.5132
[Timer] step=1900; percent=0.791667; passedTime=18.089; remTime=2266.84; MLUPs=14.5132
[ValueTracer] average=0.00806418; stdDev/average=0.000382689
[LatticeStatistics] step=2000; t=0.1; uMax=0; avEnergy=0; avRho=0.00807282
[Timer] step=2000; percent=0.833333; passedTime=19.07; remTime=2269.33; MLUPs=13.522
[Timer] step=2000; percent=0.833333; passedTime=19.07; remTime=2269.33; MLUPs=13.522
[ValueTracer] average=0.00807271; stdDev/average=0.000239641
[LatticeStatistics] step=2100; t=0.105; uMax=0; avEnergy=0; avRho=0.00807642
[Timer] step=2100; percent=0.875; passedTime=19.981; remTime=2263.56; MLUPs=14.561
[Timer] step=2100; percent=0.875; passedTime=19.981; remTime=2263.56; MLUPs=14.561
[LatticeStatistics] step=2200; t=0.11; uMax=0; avEnergy=0; avRho=0.00807911
[Timer] step=2200; percent=0.916667; passedTime=20.902; remTime=2259.32; MLUPs=14.4029
[Timer] step=2200; percent=0.916667; passedTime=20.902; remTime=2259.32; MLUPs=14.4029
[ValueTracer] average=0.00807806; stdDev/average=0.000150133
[LatticeStatistics] step=2300; t=0.115; uMax=0; avEnergy=0; avRho=0.00808111
[Timer] step=2300; percent=0.958333; passedTime=21.816; remTime=2254.64; MLUPs=14.4974
[Timer] step=2300; percent=0.958333; passedTime=21.816; remTime=2254.64; MLUPs=14.4974
[LatticeStatistics] step=2400; t=0.12; uMax=0; avEnergy=0; avRho=0.00808261
[Timer] step=2400; percent=1; passedTime=22.732; remTime=2250.47; MLUPs=14.4816
[Timer] step=2400; percent=1; passedTime=22.732; remTime=2250.47; MLUPs=14.4816
[ValueTracer] average=0.00808141; stdDev/average=9.40839e-05
[LatticeStatistics] step=2500; t=0.125; uMax=0; avEnergy=0; avRho=0.00808373
[Timer] step=2500; percent=1.04167; passedTime=23.654; remTime=2247.13; MLUPs=14.3873
[Timer] step=2500; percent=1.04167; passedTime=23.654; remTime=2247.13; MLUPs=14.3873
[ValueTracer] average=0.00808351; stdDev/average=5.89698e-05
[LatticeStatistics] step=2600; t=0.13; uMax=0; avEnergy=0; avRho=0.00808457
[Timer] step=2600; percent=1.08333; passedTime=24.57; remTime=2243.43; MLUPs=14.4816
[Timer] step=2600; percent=1.08333; passedTime=24.57; remTime=2243.43; MLUPs=14.4816
[LatticeStatistics] step=2700; t=0.135; uMax=0; avEnergy=0; avRho=0.0080852
[Timer] step=2700; percent=1.125; passedTime=25.483; remTime=2239.67; MLUPs=14.5132
[Timer] step=2700; percent=1.125; passedTime=25.483; remTime=2239.67; MLUPs=14.5132
[ValueTracer] average=0.00808483; stdDev/average=3.69651e-05
[LatticeStatistics] step=2800; t=0.14; uMax=0; avEnergy=0; avRho=0.00808566
[Timer] step=2800; percent=1.16667; passedTime=26.392; remTime=2235.78; MLUPs=14.577
[Timer] step=2800; percent=1.16667; passedTime=26.392; remTime=2235.78; MLUPs=14.577
[ValueTracer] average=0.00808565; stdDev/average=2.3173e-05
[LatticeStatistics] step=2900; t=0.145; uMax=0; avEnergy=0; avRho=0.00808601
[Timer] step=2900; percent=1.20833; passedTime=27.356; remTime=2236.59; MLUPs=13.7605
[Timer] step=2900; percent=1.20833; passedTime=27.356; remTime=2236.59; MLUPs=13.7605
[LatticeStatistics] step=3000; t=0.15; uMax=0; avEnergy=0; avRho=0.00808627
[Timer] step=3000; percent=1.25; passedTime=28.269; remTime=2233.25; MLUPs=14.5291
[Timer] step=3000; percent=1.25; passedTime=28.269; remTime=2233.25; MLUPs=14.5291
[ValueTracer] average=0.00808617; stdDev/average=1.45275e-05
[LatticeStatistics] step=3100; t=0.155; uMax=0; avEnergy=0; avRho=0.00808647
[Timer] step=3100; percent=1.29167; passedTime=29.181; remTime=2229.99; MLUPs=14.5291
[Timer] step=3100; percent=1.29167; passedTime=29.181; remTime=2229.99; MLUPs=14.5291
[LatticeStatistics] step=3200; t=0.16; uMax=0; avEnergy=0; avRho=0.00808661
[Timer] step=3200; percent=1.33333; passedTime=30.092; remTime=2226.81; MLUPs=14.561
[Timer] step=3200; percent=1.33333; passedTime=30.092; remTime=2226.81; MLUPs=14.561
[ValueTracer] average=0.0080865; stdDev/average=9.10771e-06
[LatticeStatistics] step=3300; t=0.165; uMax=0; avEnergy=0; avRho=0.00808672
[Timer] step=3300; percent=1.375; passedTime=31.005; remTime=2223.9; MLUPs=14.5291
[Timer] step=3300; percent=1.375; passedTime=31.005; remTime=2223.9; MLUPs=14.5291
[ValueTracer] average=0.0080867; stdDev/average=5.70999e-06
[LatticeStatistics] step=3400; t=0.17; uMax=0; avEnergy=0; avRho=0.0080868
[Timer] step=3400; percent=1.41667; passedTime=31.919; remTime=2221.19; MLUPs=14.5291
[Timer] step=3400; percent=1.41667; passedTime=31.919; remTime=2221.19; MLUPs=14.5291
[LatticeStatistics] step=3500; t=0.175; uMax=0; avEnergy=0; avRho=0.00808686
[Timer] step=3500; percent=1.45833; passedTime=32.836; remTime=2218.78; MLUPs=14.45
[Timer] step=3500; percent=1.45833; passedTime=32.836; remTime=2218.78; MLUPs=14.45
[ValueTracer] average=0.00808683; stdDev/average=3.57985e-06
[LatticeStatistics] step=3600; t=0.18; uMax=0; avEnergy=0; avRho=0.00808691
[Timer] step=3600; percent=1.5; passedTime=33.775; remTime=2217.89; MLUPs=14.1268
[Timer] step=3600; percent=1.5; passedTime=33.775; remTime=2217.89; MLUPs=14.1268
[ValueTracer] average=0.00808691; stdDev/average=2.24439e-06
[LatticeStatistics] step=3700; t=0.185; uMax=0; avEnergy=0; avRho=0.00808694
[Timer] step=3700; percent=1.54167; passedTime=34.687; remTime=2215.28; MLUPs=14.5451
[Timer] step=3700; percent=1.54167; passedTime=34.687; remTime=2215.28; MLUPs=14.5451
[LatticeStatistics] step=3800; t=0.19; uMax=0; avEnergy=0; avRho=0.00808697
[Timer] step=3800; percent=1.58333; passedTime=35.859; remTime=2228.92; MLUPs=11.3183
[Timer] step=3800; percent=1.58333; passedTime=35.859; remTime=2228.92; MLUPs=11.3183
[ValueTracer] average=0.00808696; stdDev/average=1.40713e-06
[LatticeStatistics] step=3900; t=0.195; uMax=0; avEnergy=0; avRho=0.00808699
[Timer] step=3900; percent=1.625; passedTime=36.772; remTime=2226.12; MLUPs=14.5132
[Timer] step=3900; percent=1.625; passedTime=36.772; remTime=2226.12; MLUPs=14.5132
[LatticeStatistics] step=4000; t=0.2; uMax=0; avEnergy=0; avRho=0.008087
[Timer] step=4000; percent=1.66667; passedTime=37.687; remTime=2223.53; MLUPs=14.4974
[Timer] step=4000; percent=1.66667; passedTime=37.687; remTime=2223.53; MLUPs=14.4974
[ValueTracer] average=0.00808699; stdDev/average=8.82203e-07
[LatticeStatistics] step=4100; t=0.205; uMax=0; avEnergy=0; avRho=0.00808701
[Timer] step=4100; percent=1.70833; passedTime=38.623; remTime=2222.24; MLUPs=14.157
[Timer] step=4100; percent=1.70833; passedTime=38.623; remTime=2222.24; MLUPs=14.157
[ValueTracer] average=0.00808701; stdDev/average=5.53102e-07
[LatticeStatistics] step=4200; t=0.21; uMax=0; avEnergy=0; avRho=0.00808702
[Timer] step=4200; percent=1.75; passedTime=39.537; remTime=2219.72; MLUPs=14.5132
[Timer] step=4200; percent=1.75; passedTime=39.537; remTime=2219.72; MLUPs=14.5132
[LatticeStatistics] step=4300; t=0.215; uMax=0; avEnergy=0; avRho=0.00808702
[Timer] step=4300; percent=1.79167; passedTime=40.446; remTime=2217.01; MLUPs=14.577
[Timer] step=4300; percent=1.79167; passedTime=40.446; remTime=2217.01; MLUPs=14.577
[ValueTracer] average=0.00808702; stdDev/average=3.4677e-07
[LatticeStatistics] step=4400; t=0.22; uMax=0; avEnergy=0; avRho=0.00808703
[Timer] step=4400; percent=1.83333; passedTime=41.366; remTime=2214.96; MLUPs=14.4186
[Timer] step=4400; percent=1.83333; passedTime=41.366; remTime=2214.96; MLUPs=14.4186
[ValueTracer] average=0.00808703; stdDev/average=2.1741e-07
[LatticeStatistics] step=4500; t=0.225; uMax=0; avEnergy=0; avRho=0.00808703
[Timer] step=4500; percent=1.875; passedTime=42.278; remTime=2212.55; MLUPs=14.5291
[Timer] step=4500; percent=1.875; passedTime=42.278; remTime=2212.55; MLUPs=14.5291
[LatticeStatistics] step=4600; t=0.23; uMax=0; avEnergy=0; avRho=0.00808703
[Timer] step=4600; percent=1.91667; passedTime=43.191; remTime=2210.25; MLUPs=14.5291
[Timer] step=4600; percent=1.91667; passedTime=43.191; remTime=2210.25; MLUPs=14.5291
[ValueTracer] average=0.00808703; stdDev/average=1.36306e-07
[LatticeStatistics] step=4700; t=0.235; uMax=0; avEnergy=0; avRho=0.00808704
[Timer] step=4700; percent=1.95833; passedTime=44.105; remTime=2208.07; MLUPs=14.5132
[Timer] step=4700; percent=1.95833; passedTime=44.105; remTime=2208.07; MLUPs=14.5132
[LatticeStatistics] step=4800; t=0.24; uMax=0; avEnergy=0; avRho=0.00808704
[Timer] step=4800; percent=2; passedTime=45.016; remTime=2205.78; MLUPs=14.5451
[Timer] step=4800; percent=2; passedTime=45.016; remTime=2205.78; MLUPs=14.5451
[ValueTracer] average=0.00808704; stdDev/average=8.54581e-08
[LatticeStatistics] step=4900; t=0.245; uMax=0; avEnergy=0; avRho=0.00808704
[Timer] step=4900; percent=2.04167; passedTime=45.927; remTime=2203.56; MLUPs=14.577
[Timer] step=4900; percent=2.04167; passedTime=45.927; remTime=2203.56; MLUPs=14.577
[ValueTracer] average=0.00808704; stdDev/average=5.35785e-08
[LatticeStatistics] step=5000; t=0.25; uMax=0; avEnergy=0; avRho=0.00808704
[Timer] step=5000; percent=2.08333; passedTime=46.84; remTime=2201.48; MLUPs=14.5132
[Timer] step=5000; percent=2.08333; passedTime=46.84; remTime=2201.48; MLUPs=14.5132
[LatticeStatistics] step=5100; t=0.255; uMax=0; avEnergy=0; avRho=0.00808704
[Timer] step=5100; percent=2.125; passedTime=47.752; remTime=2199.4; MLUPs=14.5291
[Timer] step=5100; percent=2.125; passedTime=47.752; remTime=2199.4; MLUPs=14.5291
[ValueTracer] average=0.00808704; stdDev/average=3.35914e-08
[LatticeStatistics] step=5200; t=0.26; uMax=0; avEnergy=0; avRho=0.00808704
[Timer] step=5200; percent=2.16667; passedTime=48.67; remTime=2197.64; MLUPs=14.45
[Timer] step=5200; percent=2.16667; passedTime=48.67; remTime=2197.64; MLUPs=14.45
[ValueTracer] average=0.00808704; stdDev/average=2.10603e-08
[LatticeStatistics] step=5300; t=0.265; uMax=0; avEnergy=0; avRho=0.00808704
[Timer] step=5300; percent=2.20833; passedTime=49.583; remTime=2195.68; MLUPs=14.5132
[Timer] step=5300; percent=2.20833; passedTime=49.583; remTime=2195.68; MLUPs=14.5132
[LatticeStatistics] step=5400; t=0.27; uMax=0; avEnergy=0; avRho=0.00808704
[Timer] step=5400; percent=2.25; passedTime=50.496; remTime=2193.77; MLUPs=14.5132
[Timer] step=5400; percent=2.25; passedTime=50.496; remTime=2193.77; MLUPs=14.5132
[ValueTracer] average=0.00808704; stdDev/average=1.32039e-08
[LatticeStatistics] step=5500; t=0.275; uMax=0; avEnergy=0; avRho=0.00808704
[Timer] step=5500; percent=2.29167; passedTime=51.409; remTime=2191.89; MLUPs=14.5291
[Timer] step=5500; percent=2.29167; passedTime=51.409; remTime=2191.89; MLUPs=14.5291
[main] Simulation converged. -- 5536
[main] ------5536
[main] Simulation converged. -- 5536
[main] ./50case7_addTemp_mink/50case7.csv
0.000, 1.000000e+00, 0.000000e+00, 0.000000e+00, 0.000000e+00, 0.000000e+00, 0.000000e+00
0.010, 9.079201e-01, 4.491573e-03, 6.883546e-04, 2.181915e-02, 0.000000e+00, 0.000000e+00
0.020, 8.158401e-01, 8.983145e-03, 1.376709e-03, 4.363830e-02, 0.000000e+00, 0.000000e+00
0.030, 7.337367e-01, 1.294645e-02, 2.032187e-03, 4.061470e-02, 0.000000e+00, 0.000000e+00
0.040, 6.516333e-01, 1.690976e-02, 2.687665e-03, 3.759111e-02, 0.000000e+00, 0.000000e+00
0.050, 5.829426e-01, 1.998872e-02, 3.279421e-03, 3.424822e-02, 0.000000e+00, 0.000000e+00
0.060, 5.142519e-01, 2.306768e-02, 3.871177e-03, 3.090533e-02, 0.000000e+00, 0.000000e+00
0.070, 4.589627e-01, 2.514761e-02, 4.376531e-03, 2.775802e-02, 0.000000e+00, 0.000000e+00
0.080, 4.036736e-01, 2.722754e-02, 4.881886e-03, 2.461070e-02, 0.000000e+00, 0.000000e+00
0.090, 3.602309e-01, 2.837337e-02, 5.286917e-03, 2.191976e-02, 1.387779e-17, 6.938894e-18
0.100, 3.167883e-01, 2.951920e-02, 5.691949e-03, 1.922882e-02, 2.775558e-17, 1.387779e-17
0.110, 2.830880e-01, 2.989186e-02, 5.991517e-03, 1.705705e-02, 6.938894e-18, 6.162976e-33
0.120, 2.493877e-01, 3.026452e-02, 6.291084e-03, 1.488528e-02, -1.387779e-17, -1.387779e-17
0.130, 2.233698e-01, 3.005344e-02, 6.487643e-03, 1.318998e-02, -6.938894e-18, -6.938894e-18
0.140, 1.973519e-01, 2.984235e-02, 6.684203e-03, 1.149469e-02, 0.000000e+00, 0.000000e+00
0.150, 1.772540e-01, 2.922522e-02, 6.785957e-03, 1.019451e-02, 0.000000e+00, 0.000000e+00
0.160, 1.571561e-01, 2.860810e-02, 6.887711e-03, 8.894325e-03, 0.000000e+00, 0.000000e+00
0.170, 1.415706e-01, 2.773297e-02, 6.906587e-03, 7.904669e-03, 6.938894e-18, 0.000000e+00
0.180, 1.259851e-01, 2.685784e-02, 6.925463e-03, 6.915012e-03, 1.387779e-17, 0.000000e+00
0.190, 1.138281e-01, 2.583897e-02, 6.875262e-03, 6.162529e-03, 6.938894e-18, 0.000000e+00
0.200, 1.016711e-01, 2.482009e-02, 6.825061e-03, 5.410046e-03, 0.000000e+00, 0.000000e+00
0.210, 9.212346e-02, 2.374078e-02, 6.719977e-03, 4.836203e-03, 0.000000e+00, 0.000000e+00
0.220, 8.257584e-02, 2.266147e-02, 6.614893e-03, 4.262361e-03, 0.000000e+00, 0.000000e+00
0.230, 7.502333e-02, 2.157952e-02, 6.468452e-03, 3.822396e-03, 0.000000e+00, 6.938894e-18
0.240, 6.747083e-02, 2.049757e-02, 6.322010e-03, 3.382431e-03, 0.000000e+00, 1.387779e-17
0.250, 6.145346e-02, 1.945107e-02, 6.146401e-03, 3.042842e-03, 0.000000e+00, 6.938894e-18
0.260, 5.543609e-02, 1.840457e-02, 5.970791e-03, 2.703254e-03, 0.000000e+00, 0.000000e+00
0.270, 5.060841e-02, 1.741701e-02, 5.776518e-03, 2.439213e-03, -6.938894e-18, -6.938894e-18
0.280, 4.578073e-02, 1.642946e-02, 5.582246e-03, 2.175173e-03, -1.387779e-17, -1.387779e-17
0.290, 4.188199e-02, 1.551394e-02, 5.378027e-03, 1.968325e-03, -1.387779e-17, -6.938894e-18
0.300, 3.798324e-02, 1.459842e-02, 5.173807e-03, 1.761477e-03, -1.387779e-17, 0.000000e+00
0.310, 3.481527e-02, 1.376079e-02, 4.966618e-03, 1.598228e-03, 6.938894e-18, -6.938894e-18
0.320, 3.164730e-02, 1.292315e-02, 4.759429e-03, 1.434978e-03, 2.775558e-17, -1.387779e-17
0.330, 2.905843e-02, 1.216439e-02, 4.554659e-03, 1.305213e-03, 1.387779e-17, -6.938894e-18
0.340, 2.646956e-02, 1.140563e-02, 4.349890e-03, 1.175449e-03, 0.000000e+00, 0.000000e+00
0.350, 2.434278e-02, 1.072361e-02, 4.151543e-03, 1.071598e-03, 6.938894e-18, 0.000000e+00
0.360, 2.221601e-02, 1.004158e-02, 3.953196e-03, 9.677467e-04, 1.387779e-17, 0.000000e+00
0.370, 2.046041e-02, 9.432228e-03, 3.764102e-03, 8.841025e-04, 1.387779e-17, 0.000000e+00
0.380, 1.870480e-02, 8.822871e-03, 3.575008e-03, 8.004582e-04, 1.387779e-17, 0.000000e+00
0.390, 1.724916e-02, 8.281037e-03, 3.397038e-03, 7.326864e-04, 1.387779e-17, 0.000000e+00
0.400, 1.579352e-02, 7.739204e-03, 3.219068e-03, 6.649146e-04, 1.387779e-17, 0.000000e+00
0.410, 1.458170e-02, 7.259251e-03, 3.053328e-03, 6.096984e-04, 6.938894e-18, 0.000000e+00
0.420, 1.336987e-02, 6.779298e-03, 2.887588e-03, 5.544822e-04, 0.000000e+00, 0.000000e+00
0.430, 1.235726e-02, 6.355464e-03, 2.734589e-03, 5.092643e-04, 0.000000e+00, 0.000000e+00
0.440, 1.134465e-02, 5.931629e-03, 2.581590e-03, 4.640463e-04, 0.000000e+00, 0.000000e+00
0.450, 1.049563e-02, 5.558283e-03, 2.441392e-03, 4.268405e-04, 6.938894e-18, -6.938894e-18
0.460, 9.646612e-03, 5.184937e-03, 2.301194e-03, 3.896347e-04, 1.387779e-17, -1.387779e-17
0.470, 8.932527e-03, 4.856728e-03, 2.173529e-03, 3.588875e-04, 6.938894e-18, -6.938894e-18
0.480, 8.218442e-03, 4.528519e-03, 2.045864e-03, 3.281402e-04, 0.000000e+00, 0.000000e+00
0.490, 7.616123e-03, 4.240465e-03, 1.930232e-03, 3.026281e-04, -6.938894e-18, 6.938894e-18
0.500, 7.013804e-03, 3.952410e-03, 1.814599e-03, 2.771160e-04, -1.387779e-17, 1.387779e-17
0.510, 6.504415e-03, 3.699932e-03, 1.710343e-03, 2.558694e-04, 1.232595e-32, -1.232595e-32
0.520, 5.995027e-03, 3.447455e-03, 1.606087e-03, 2.346229e-04, 1.387779e-17, -1.387779e-17
0.530, 5.563179e-03, 3.226398e-03, 1.512457e-03, 2.168688e-04, 6.938894e-18, -6.938894e-18
0.540, 5.131331e-03, 3.005341e-03, 1.418828e-03, 1.991147e-04, 0.000000e+00, 0.000000e+00
0.550, 4.764391e-03, 2.811959e-03, 1.335025e-03, 1.842332e-04, 0.000000e+00, -6.938894e-18
0.560, 4.397452e-03, 2.618577e-03, 1.251223e-03, 1.693517e-04, 0.000000e+00, -1.387779e-17
0.570, 4.085005e-03, 2.449516e-03, 1.176433e-03, 1.568429e-04, -1.387779e-17, -1.387779e-17
0.580, 3.772558e-03, 2.280455e-03, 1.101644e-03, 1.443341e-04, -2.775558e-17, -1.387779e-17
0.590, 3.505982e-03, 2.132727e-03, 1.035063e-03, 1.337931e-04, -2.775558e-17, -1.387779e-17
0.600, 3.239405e-03, 1.984998e-03, 9.684814e-04, 1.232520e-04, -2.775558e-17, -1.387779e-17
0.610, 3.011534e-03, 1.855950e-03, 9.093311e-04, 1.143491e-04, -1.387779e-17, -6.938894e-18
0.620, 2.783662e-03, 1.726902e-03, 8.501808e-04, 1.054461e-04, 0.000000e+00, 0.000000e+00
0.630, 2.588518e-03, 1.614188e-03, 7.977224e-04, 9.791166e-05, 0.000000e+00, -6.938894e-18
0.640, 2.393374e-03, 1.501473e-03, 7.452640e-04, 9.037721e-05, 0.000000e+00, -1.387779e-17
0.650, 2.225954e-03, 1.403020e-03, 6.988041e-04, 8.399000e-05, 0.000000e+00, -6.938894e-18
0.660, 2.058534e-03, 1.304567e-03, 6.523442e-04, 7.760279e-05, 0.000000e+00, 0.000000e+00
0.670, 1.914637e-03, 1.218550e-03, 6.112385e-04, 7.218052e-05, -6.938894e-18, 0.000000e+00
0.680, 1.770740e-03, 1.132533e-03, 5.701329e-04, 6.675825e-05, -1.387779e-17, 0.000000e+00
0.690, 1.646825e-03, 1.057344e-03, 5.337879e-04, 6.215023e-05, -6.938894e-18, 0.000000e+00
0.700, 1.522910e-03, 9.821548e-04, 4.974429e-04, 5.754220e-05, -7.703720e-32, 1.540744e-31
0.710, 1.415985e-03, 9.163804e-04, 4.653148e-04, 5.362351e-05, 6.938894e-18, -1.387779e-17
0.720, 1.309060e-03, 8.506060e-04, 4.331868e-04, 4.970482e-05, 1.387779e-17, -2.775558e-17
0.730, 1.216586e-03, 7.930027e-04, 4.047802e-04, 4.637166e-05, 1.387779e-17, 2.465190e-32
0.740, 1.124112e-03, 7.353994e-04, 3.763736e-04, 4.303850e-05, 1.387779e-17, 2.775558e-17
0.750, 1.043930e-03, 6.848733e-04, 3.512386e-04, 4.020445e-05, 6.938894e-18, 2.081668e-17
0.760, 9.637479e-04, 6.343473e-04, 3.261036e-04, 3.737039e-05, 0.000000e+00, 1.387779e-17
0.770, 8.940127e-04, 5.899355e-04, 3.038327e-04, 3.496339e-05, -6.938894e-18, 6.938894e-18
0.780, 8.242776e-04, 5.455237e-04, 2.815617e-04, 3.255640e-05, -1.387779e-17, 0.000000e+00
0.790, 7.634076e-04, 5.063768e-04, 2.617862e-04, 3.051638e-05, -1.387779e-17, 0.000000e+00
0.800, 7.025376e-04, 4.672300e-04, 2.420106e-04, 2.847636e-05, -1.387779e-17, 0.000000e+00
0.810, 6.491702e-04, 4.325973e-04, 2.243971e-04, 2.675322e-05, -6.938894e-18, 6.938894e-18
0.820, 5.958029e-04, 3.979647e-04, 2.067835e-04, 2.503008e-05, -7.703720e-32, 1.387779e-17
0.830, 5.487582e-04, 3.671806e-04, 1.910301e-04, 2.358215e-05, 6.938894e-18, 6.938894e-18
0.840, 5.017135e-04, 3.363966e-04, 1.752767e-04, 2.213422e-05, 1.387779e-17, 0.000000e+00
0.850, 4.599634e-04, 3.088682e-04, 1.611096e-04, 2.092694e-05, 6.938894e-18, 0.000000e+00
0.860, 4.182132e-04, 2.813398e-04, 1.469424e-04, 1.971966e-05, 0.000000e+00, 0.000000e+00
0.870, 3.808550e-04, 2.565360e-04, 1.341119e-04, 1.872456e-05, -6.938894e-18, 0.000000e+00
0.880, 3.434967e-04, 2.317322e-04, 1.212815e-04, 1.772947e-05, -1.387779e-17, 0.000000e+00
0.890, 3.097305e-04, 2.091737e-04, 1.095591e-04, 1.692335e-05, -2.775558e-17, 0.000000e+00
0.900, 2.759643e-04, 1.866153e-04, 9.783666e-05, 1.611723e-05, -4.163336e-17, 0.000000e+00
0.910, 2.450739e-04, 1.658657e-04, 8.701137e-05, 1.548143e-05, -2.775558e-17, 0.000000e+00
0.920, 2.141834e-04, 1.451162e-04, 7.618608e-05, 1.484564e-05, -1.387779e-17, 0.000000e+00
0.930, 1.855184e-04, 1.257738e-04, 6.606141e-05, 1.436558e-05, -2.081668e-17, -6.938894e-18
0.940, 1.568534e-04, 1.064315e-04, 5.593675e-05, 1.388552e-05, -2.775558e-17, -1.387779e-17
0.950, 1.298145e-04, 8.812141e-05, 4.632763e-05, 1.355025e-05, -1.387779e-17, -1.387779e-17
0.960, 1.027757e-04, 6.981133e-05, 3.671852e-05, 1.321498e-05, 0.000000e+00, -1.387779e-17
0.970, 7.680067e-05, 5.217848e-05, 2.744836e-05, 1.301688e-05, 0.000000e+00, -6.938894e-18
0.980, 5.082565e-05, 3.454564e-05, 1.817820e-05, 1.281878e-05, 0.000000e+00, 0.000000e+00
0.990, 2.541283e-05, 1.727282e-05, 9.089102e-06, 6.409391e-06, 0.000000e+00, 0.000000e+00
1.000, 0.000000e+00, 0.000000e+00, 0.000000e+00, 0.000000e+00, 0.000000e+00, 0.000000e+00
[Timer] 
[Timer] ----------------Summary:Timer----------------
[Timer] measured time (rt) : 51.977s
[Timer] measured time (cpu): 49.340s
[Timer] average MLUPs :       14.037
[Timer] average MLUPps:       14.037
[Timer] ---------------------------------------------
