[MpiManager] Sucessfully initialized, numThreads=1
[Directories] Directory ./100case5_addTemp_mink/ created.
[Directories] Directory ./100case5_addTemp_mink/imageData/ created.
[Directories] Directory ./100case5_addTemp_mink/imageData/data/ created.
[Directories] Directory ./100case5_addTemp_mink/vtkData/ created.
[Directories] Directory ./100case5_addTemp_mink/vtkData/data/ created.
[Directories] Directory ./100case5_addTemp_mink/gnuplotData/ created.
[Directories] Directory ./100case5_addTemp_mink/gnuplotData/data/ created.
[main] case5
[main] omega = .... 1
[main] omega 1
[main] working with diffuse approximation
[main] omega=1
[main] latticeSink=0
[RadiativeUnitConverter] ----------------- UnitConverter information -----------------
[RadiativeUnitConverter] -- Parameters:
[RadiativeUnitConverter] Resolution:                       N=              100
[RadiativeUnitConverter] Lattice relaxation frequency:     omega=          1
[RadiativeUnitConverter] Lattice relaxation time:          tau=            1
[RadiativeUnitConverter] Characteristical length(m):       charL=          1
[RadiativeUnitConverter] Phys. density(kg/m^d):            charRho=        1
[RadiativeUnitConverter] Phys. absorption(1/m):            mu_a=           0
[RadiativeUnitConverter] Phys. scattering(1/m):            mu_s=           2
[RadiativeUnitConverter] Extinction(1/m):                  mu_t=           2
[RadiativeUnitConverter] Effective attenuation(1/m):       mu_eff=         0
[RadiativeUnitConverter] Phys. diffusion(m):               D=              0.166667
[RadiativeUnitConverter] Single scattering albedo:         albedo=         1
[RadiativeUnitConverter] Anisotropy factor:                g=              0
[RadiativeUnitConverter] 
[RadiativeUnitConverter] Lattice diffusion:                D^*=            16.6667
[RadiativeUnitConverter] Lattice absorption:               absorption=     0
[RadiativeUnitConverter] Lattice scattering:               scattering=     0.02
[RadiativeUnitConverter] Lattice sink:                     sink=           0
[RadiativeUnitConverter] C_R: 1
[RadiativeUnitConverter] r_F: 1.97044
[RadiativeUnitConverter] 
[RadiativeUnitConverter] -- Conversion factors:
[RadiativeUnitConverter] Voxel length(m):                  physDeltaX=     0.01
[RadiativeUnitConverter] Time step(s):                     physDeltaT=     1.25e-05
[RadiativeUnitConverter] Density factor(kg/m^3):           physDensity=    1
[RadiativeUnitConverter] -------------------------------------------------------------
[prepareGeometryCube] Prepare cubeGeometry ...
[SuperGeometry3D] cleaned 0 outer boundary voxel(s)
[SuperGeometry3D] cleaned 0 inner boundary voxel(s)
[SuperGeometry3D] the model is correct!
[CuboidGeometry3D] ---Cuboid Stucture Statistics---
[CuboidGeometry3D]  Number of Cuboids: 	2
[CuboidGeometry3D]  Delta  (min): 		0.01
[CuboidGeometry3D]         (max): 		0.01
[CuboidGeometry3D]  Ratio  (min): 		0.49505
[CuboidGeometry3D]         (max): 		2.02
[CuboidGeometry3D]  Nodes  (min): 		510050
[CuboidGeometry3D]         (max): 		520251
[CuboidGeometry3D]  Weight (min): 		510050
[CuboidGeometry3D]         (max): 		520251
[CuboidGeometry3D] --------------------------------
[SuperGeometryStatistics3D] materialNumber=1; count=970299; minPhysR=(0.01,-0.49,-0.49); maxPhysR=(0.99,0.49,0.49)
[SuperGeometryStatistics3D] materialNumber=2; count=59561; minPhysR=(0,-0.5,-0.5); maxPhysR=(1,0.5,0.5)
[SuperGeometryStatistics3D] materialNumber=3; count=441; minPhysR=(0,-0.1,-0.1); maxPhysR=(0,0.1,0.1)
[prepareGeometryCube] Prepare cubeGeometry ... OK
[prepareLattice] Prepare Lattice ...
[prepareLattice] Prepare Lattice ... OK
[main] iT convergence criteria: 640
[LatticeStatistics] step=0; t=0; uMax=0; avEnergy=0; avRho=1
[Timer] step=0; percent=0; passedTime=6.9407e-313; remTime=0.001; MLUPs=0
[Timer] step=0; percent=0; passedTime=6.9407e-313; remTime=0.001; MLUPs=0
[LatticeStatistics] step=200; t=0.0025; uMax=0; avEnergy=0; avRho=0.00263043
[Timer] step=200; percent=0.0208333; passedTime=10.49; remTime=50341.5; MLUPs=19.6435
[Timer] step=200; percent=0.0208333; passedTime=10.49; remTime=50341.5; MLUPs=19.6435
[LatticeStatistics] step=400; t=0.005; uMax=0; avEnergy=0; avRho=0.00363027
[Timer] step=400; percent=0.0416667; passedTime=21.249; remTime=50976.4; MLUPs=19.1524
[Timer] step=400; percent=0.0416667; passedTime=21.249; remTime=50976.4; MLUPs=19.1524
[LatticeStatistics] step=600; t=0.0075; uMax=0; avEnergy=0; avRho=0.00439741
[Timer] step=600; percent=0.0625; passedTime=32.524; remTime=52005.9; MLUPs=18.2758
[Timer] step=600; percent=0.0625; passedTime=32.524; remTime=52005.9; MLUPs=18.2758
[ValueTracer] average=0.00309898; stdDev/average=0.327662
[LatticeStatistics] step=800; t=0.01; uMax=0; avEnergy=0; avRho=0.00504298
[Timer] step=800; percent=0.0833333; passedTime=43.757; remTime=52464.6; MLUPs=18.3458
[Timer] step=800; percent=0.0833333; passedTime=43.757; remTime=52464.6; MLUPs=18.3458
[LatticeStatistics] step=1000; t=0.0125; uMax=0; avEnergy=0; avRho=0.00560865
[Timer] step=1000; percent=0.104167; passedTime=54.956; remTime=52702.8; MLUPs=18.4015
[Timer] step=1000; percent=0.104167; passedTime=54.956; remTime=52702.8; MLUPs=18.4015
[LatticeStatistics] step=1200; t=0.015; uMax=0; avEnergy=0; avRho=0.00611473
[Timer] step=1200; percent=0.125; passedTime=66.098; remTime=52812.3; MLUPs=18.4923
[Timer] step=1200; percent=0.125; passedTime=66.098; remTime=52812.3; MLUPs=18.4923
[ValueTracer] average=0.00547519; stdDev/average=0.0929105
[LatticeStatistics] step=1400; t=0.0175; uMax=0; avEnergy=0; avRho=0.00657276
[Timer] step=1400; percent=0.145833; passedTime=77.202; remTime=52861.3; MLUPs=18.559
[Timer] step=1400; percent=0.145833; passedTime=77.202; remTime=52861.3; MLUPs=18.559
[LatticeStatistics] step=1600; t=0.02; uMax=0; avEnergy=0; avRho=0.00699017
[Timer] step=1600; percent=0.166667; passedTime=88.284; remTime=52882.1; MLUPs=18.5941
[Timer] step=1600; percent=0.166667; passedTime=88.284; remTime=52882.1; MLUPs=18.5941
[LatticeStatistics] step=1800; t=0.0225; uMax=0; avEnergy=0; avRho=0.00737221
[Timer] step=1800; percent=0.1875; passedTime=99.404; remTime=52916.1; MLUPs=18.5323
[Timer] step=1800; percent=0.1875; passedTime=99.404; remTime=52916.1; MLUPs=18.5323
[ValueTracer] average=0.00697606; stdDev/average=0.0530504
[LatticeStatistics] step=2000; t=0.025; uMax=0; avEnergy=0; avRho=0.0077229
[Timer] step=2000; percent=0.208333; passedTime=110.696; remTime=53023.4; MLUPs=18.2483
[Timer] step=2000; percent=0.208333; passedTime=110.696; remTime=53023.4; MLUPs=18.2483
[LatticeStatistics] step=2200; t=0.0275; uMax=0; avEnergy=0; avRho=0.00804549
[Timer] step=2200; percent=0.229167; passedTime=121.728; remTime=52995.9; MLUPs=18.6801
[Timer] step=2200; percent=0.229167; passedTime=121.728; remTime=52995.9; MLUPs=18.6801
[LatticeStatistics] step=2400; t=0.03; uMax=0; avEnergy=0; avRho=0.00834272
[Timer] step=2400; percent=0.25; passedTime=132.783; remTime=52980.4; MLUPs=18.6395
[Timer] step=2400; percent=0.25; passedTime=132.783; remTime=52980.4; MLUPs=18.6395
[ValueTracer] average=0.00809703; stdDev/average=0.0348473
[LatticeStatistics] step=2600; t=0.0325; uMax=0; avEnergy=0; avRho=0.00861692
[Timer] step=2600; percent=0.270833; passedTime=143.863; remTime=52974.8; MLUPs=18.5975
[Timer] step=2600; percent=0.270833; passedTime=143.863; remTime=52974.8; MLUPs=18.5975
[LatticeStatistics] step=2800; t=0.035; uMax=0; avEnergy=0; avRho=0.00887016
[Timer] step=2800; percent=0.291667; passedTime=154.955; remTime=52972.5; MLUPs=18.579
[Timer] step=2800; percent=0.291667; passedTime=154.955; remTime=52972.5; MLUPs=18.579
[LatticeStatistics] step=3000; t=0.0375; uMax=0; avEnergy=0; avRho=0.00910425
[Timer] step=3000; percent=0.3125; passedTime=166.143; remTime=52999.6; MLUPs=18.4163
[Timer] step=3000; percent=0.3125; passedTime=166.143; remTime=52999.6; MLUPs=18.4163
[LatticeStatistics] step=3200; t=0.04; uMax=0; avEnergy=0; avRho=0.0093208
[Timer] step=3200; percent=0.333333; passedTime=177.374; remTime=53034.8; MLUPs=18.3474
[Timer] step=3200; percent=0.333333; passedTime=177.374; remTime=53034.8; MLUPs=18.3474
[ValueTracer] average=0.0089587; stdDev/average=0.0243903
[LatticeStatistics] step=3400; t=0.0425; uMax=0; avEnergy=0; avRho=0.00952124
[Timer] step=3400; percent=0.354167; passedTime=188.462; remTime=53024.3; MLUPs=18.5857
[Timer] step=3400; percent=0.354167; passedTime=188.462; remTime=53024.3; MLUPs=18.5857
[LatticeStatistics] step=3600; t=0.045; uMax=0; avEnergy=0; avRho=0.00970688
[Timer] step=3600; percent=0.375; passedTime=199.535; remTime=53009.8; MLUPs=18.6092
[Timer] step=3600; percent=0.375; passedTime=199.535; remTime=53009.8; MLUPs=18.6092
[LatticeStatistics] step=3800; t=0.0475; uMax=0; avEnergy=0; avRho=0.00987888
[Timer] step=3800; percent=0.395833; passedTime=210.579; remTime=52988.3; MLUPs=18.6598
[Timer] step=3800; percent=0.395833; passedTime=210.579; remTime=52988.3; MLUPs=18.6598
[ValueTracer] average=0.00962877; stdDev/average=0.0177172
[LatticeStatistics] step=4000; t=0.05; uMax=0; avEnergy=0; avRho=0.0100383
[Timer] step=4000; percent=0.416667; passedTime=221.694; remTime=52984.9; MLUPs=18.5389
[Timer] step=4000; percent=0.416667; passedTime=221.694; remTime=52984.9; MLUPs=18.5389
[LatticeStatistics] step=4200; t=0.0525; uMax=0; avEnergy=0; avRho=0.0101861
[Timer] step=4200; percent=0.4375; passedTime=232.811; remTime=52981.1; MLUPs=18.5373
[Timer] step=4200; percent=0.4375; passedTime=232.811; remTime=52981.1; MLUPs=18.5373
[LatticeStatistics] step=4400; t=0.055; uMax=0; avEnergy=0; avRho=0.0103233
[Timer] step=4400; percent=0.458333; passedTime=243.892; remTime=52968.9; MLUPs=18.5958
[Timer] step=4400; percent=0.458333; passedTime=243.892; remTime=52968.9; MLUPs=18.5958
[ValueTracer] average=0.0101532; stdDev/average=0.0131799
[LatticeStatistics] step=4600; t=0.0575; uMax=0; avEnergy=0; avRho=0.0104504
[Timer] step=4600; percent=0.479167; passedTime=254.951; remTime=52952.2; MLUPs=18.6345
[Timer] step=4600; percent=0.479167; passedTime=254.951; remTime=52952.2; MLUPs=18.6345
[LatticeStatistics] step=4800; t=0.06; uMax=0; avEnergy=0; avRho=0.0105684
[Timer] step=4800; percent=0.5; passedTime=266.19; remTime=52971.8; MLUPs=18.3328
[Timer] step=4800; percent=0.5; passedTime=266.19; remTime=52971.8; MLUPs=18.3328
[LatticeStatistics] step=5000; t=0.0625; uMax=0; avEnergy=0; avRho=0.010678
[Timer] step=5000; percent=0.520833; passedTime=277.445; remTime=52992; MLUPs=18.31
[Timer] step=5000; percent=0.520833; passedTime=277.445; remTime=52992; MLUPs=18.31
[ValueTracer] average=0.0105651; stdDev/average=0.00996217
[LatticeStatistics] step=5200; t=0.065; uMax=0; avEnergy=0; avRho=0.0107796
[Timer] step=5200; percent=0.541667; passedTime=288.719; remTime=53013.3; MLUPs=18.2775
[Timer] step=5200; percent=0.541667; passedTime=288.719; remTime=53013.3; MLUPs=18.2775
[LatticeStatistics] step=5400; t=0.0675; uMax=0; avEnergy=0; avRho=0.0108739
[Timer] step=5400; percent=0.5625; passedTime=299.946; remTime=53023.8; MLUPs=18.3556
[Timer] step=5400; percent=0.5625; passedTime=299.946; remTime=53023.8; MLUPs=18.3556
[LatticeStatistics] step=5600; t=0.07; uMax=0; avEnergy=0; avRho=0.0109615
[Timer] step=5600; percent=0.583333; passedTime=311.2; remTime=53037.4; MLUPs=18.31
[Timer] step=5600; percent=0.583333; passedTime=311.2; remTime=53037.4; MLUPs=18.31
[ValueTracer] average=0.0108893; stdDev/average=0.00761352
[LatticeStatistics] step=5800; t=0.0725; uMax=0; avEnergy=0; avRho=0.0110428
[Timer] step=5800; percent=0.604167; passedTime=322.395; remTime=53039.5; MLUPs=18.4081
[Timer] step=5800; percent=0.604167; passedTime=322.395; remTime=53039.5; MLUPs=18.4081
[LatticeStatistics] step=6000; t=0.075; uMax=0; avEnergy=0; avRho=0.0111183
[Timer] step=6000; percent=0.625; passedTime=333.5; remTime=53026.5; MLUPs=18.5556
[Timer] step=6000; percent=0.625; passedTime=333.5; remTime=53026.5; MLUPs=18.5556
[LatticeStatistics] step=6200; t=0.0775; uMax=0; avEnergy=0; avRho=0.0111883
[Timer] step=6200; percent=0.645833; passedTime=344.661; remTime=53022.2; MLUPs=18.4642
[Timer] step=6200; percent=0.645833; passedTime=344.661; remTime=53022.2; MLUPs=18.4642
[LatticeStatistics] step=6400; t=0.08; uMax=0; avEnergy=0; avRho=0.0112534
[Timer] step=6400; percent=0.666667; passedTime=355.954; remTime=53037.1; MLUPs=18.2467
[Timer] step=6400; percent=0.666667; passedTime=355.954; remTime=53037.1; MLUPs=18.2467
[ValueTracer] average=0.0111448; stdDev/average=0.0058644
[LatticeStatistics] step=6600; t=0.0825; uMax=0; avEnergy=0; avRho=0.0113138
[Timer] step=6600; percent=0.6875; passedTime=367.112; remTime=53031; MLUPs=18.4675
[Timer] step=6600; percent=0.6875; passedTime=367.112; remTime=53031; MLUPs=18.4675
[LatticeStatistics] step=6800; t=0.085; uMax=0; avEnergy=0; avRho=0.0113699
[Timer] step=6800; percent=0.708333; passedTime=378.208; remTime=53015.9; MLUPs=18.5707
[Timer] step=6800; percent=0.708333; passedTime=378.208; remTime=53015.9; MLUPs=18.5707
[LatticeStatistics] step=7000; t=0.0875; uMax=0; avEnergy=0; avRho=0.011422
[Timer] step=7000; percent=0.729167; passedTime=389.296; remTime=52999.9; MLUPs=18.5857
[Timer] step=7000; percent=0.729167; passedTime=389.296; remTime=52999.9; MLUPs=18.5857
[ValueTracer] average=0.0113463; stdDev/average=0.00454301
[LatticeStatistics] step=7200; t=0.09; uMax=0; avEnergy=0; avRho=0.0114703
[Timer] step=7200; percent=0.75; passedTime=400.393; remTime=52985.3; MLUPs=18.569
[Timer] step=7200; percent=0.75; passedTime=400.393; remTime=52985.3; MLUPs=18.569
[LatticeStatistics] step=7400; t=0.0925; uMax=0; avEnergy=0; avRho=0.0115152
[Timer] step=7400; percent=0.770833; passedTime=411.524; remTime=52975.4; MLUPs=18.5139
[Timer] step=7400; percent=0.770833; passedTime=411.524; remTime=52975.4; MLUPs=18.5139
[LatticeStatistics] step=7600; t=0.095; uMax=0; avEnergy=0; avRho=0.0115569
[Timer] step=7600; percent=0.791667; passedTime=422.641; remTime=52963.6; MLUPs=18.5356
[Timer] step=7600; percent=0.791667; passedTime=422.641; remTime=52963.6; MLUPs=18.5356
[ValueTracer] average=0.0115052; stdDev/average=0.00353431
[LatticeStatistics] step=7800; t=0.0975; uMax=0; avEnergy=0; avRho=0.0115957
[Timer] step=7800; percent=0.8125; passedTime=433.716; remTime=52946.7; MLUPs=18.6076
[Timer] step=7800; percent=0.8125; passedTime=433.716; remTime=52946.7; MLUPs=18.6076
[LatticeStatistics] step=8000; t=0.1; uMax=0; avEnergy=0; avRho=0.0116316
[Timer] step=8000; percent=0.833333; passedTime=444.815; remTime=52933; MLUPs=18.5657
[Timer] step=8000; percent=0.833333; passedTime=444.815; remTime=52933; MLUPs=18.5657
[LatticeStatistics] step=8200; t=0.1025; uMax=0; avEnergy=0; avRho=0.011665
[Timer] step=8200; percent=0.854167; passedTime=455.933; remTime=52921.6; MLUPs=18.5339
[Timer] step=8200; percent=0.854167; passedTime=455.933; remTime=52921.6; MLUPs=18.5339
[ValueTracer] average=0.0116306; stdDev/average=0.00275838
[LatticeStatistics] step=8400; t=0.105; uMax=0; avEnergy=0; avRho=0.011696
[Timer] step=8400; percent=0.875; passedTime=467.051; remTime=52910.2; MLUPs=18.5339
[Timer] step=8400; percent=0.875; passedTime=467.051; remTime=52910.2; MLUPs=18.5339
[LatticeStatistics] step=8600; t=0.1075; uMax=0; avEnergy=0; avRho=0.0117248
[Timer] step=8600; percent=0.895833; passedTime=478.134; remTime=52895; MLUPs=18.5941
[Timer] step=8600; percent=0.895833; passedTime=478.134; remTime=52895; MLUPs=18.5941
[LatticeStatistics] step=8800; t=0.11; uMax=0; avEnergy=0; avRho=0.0117516
[Timer] step=8800; percent=0.916667; passedTime=489.195; remTime=52877.5; MLUPs=18.6294
[Timer] step=8800; percent=0.916667; passedTime=489.195; remTime=52877.5; MLUPs=18.6294
[ValueTracer] average=0.0117295; stdDev/average=0.00215805
[LatticeStatistics] step=9000; t=0.1125; uMax=0; avEnergy=0; avRho=0.0117764
[Timer] step=9000; percent=0.9375; passedTime=500.35; remTime=52870.3; MLUPs=18.4741
[Timer] step=9000; percent=0.9375; passedTime=500.35; remTime=52870.3; MLUPs=18.4741
[LatticeStatistics] step=9200; t=0.115; uMax=0; avEnergy=0; avRho=0.0117994
[Timer] step=9200; percent=0.958333; passedTime=511.45; remTime=52857.2; MLUPs=18.5657
[Timer] step=9200; percent=0.958333; passedTime=511.45; remTime=52857.2; MLUPs=18.5657
[LatticeStatistics] step=9400; t=0.1175; uMax=0; avEnergy=0; avRho=0.0118209
[Timer] step=9400; percent=0.979167; passedTime=522.532; remTime=52842.4; MLUPs=18.5941
[Timer] step=9400; percent=0.979167; passedTime=522.532; remTime=52842.4; MLUPs=18.5941
[LatticeStatistics] step=9600; t=0.12; uMax=0; avEnergy=0; avRho=0.0118407
[Timer] step=9600; percent=1; passedTime=533.708; remTime=52837.1; MLUPs=18.4377
[Timer] step=9600; percent=1; passedTime=533.708; remTime=52837.1; MLUPs=18.4377
[ValueTracer] average=0.0118076; stdDev/average=0.00169154
[LatticeStatistics] step=9800; t=0.1225; uMax=0; avEnergy=0; avRho=0.0118592
[Timer] step=9800; percent=1.02083; passedTime=544.797; remTime=52823.1; MLUPs=18.5841
[Timer] step=9800; percent=1.02083; passedTime=544.797; remTime=52823.1; MLUPs=18.5841
[LatticeStatistics] step=10000; t=0.125; uMax=0; avEnergy=0; avRho=0.0118764
[Timer] step=10000; percent=1.04167; passedTime=555.877; remTime=52808.3; MLUPs=18.5975
[Timer] step=10000; percent=1.04167; passedTime=555.877; remTime=52808.3; MLUPs=18.5975
[LatticeStatistics] step=10200; t=0.1275; uMax=0; avEnergy=0; avRho=0.0118923
[Timer] step=10200; percent=1.0625; passedTime=566.976; remTime=52795.5; MLUPs=18.5673
[Timer] step=10200; percent=1.0625; passedTime=566.976; remTime=52795.5; MLUPs=18.5673
[ValueTracer] average=0.0118692; stdDev/average=0.00132779
[LatticeStatistics] step=10400; t=0.13; uMax=0; avEnergy=0; avRho=0.0119071
[Timer] step=10400; percent=1.08333; passedTime=578.112; remTime=52786.1; MLUPs=18.5023
[Timer] step=10400; percent=1.08333; passedTime=578.112; remTime=52786.1; MLUPs=18.5023
[LatticeStatistics] step=10600; t=0.1325; uMax=0; avEnergy=0; avRho=0.0119208
[Timer] step=10600; percent=1.10417; passedTime=589.322; remTime=52783.2; MLUPs=18.3835
[Timer] step=10600; percent=1.10417; passedTime=589.322; remTime=52783.2; MLUPs=18.3835
[LatticeStatistics] step=10800; t=0.135; uMax=0; avEnergy=0; avRho=0.0119336
[Timer] step=10800; percent=1.125; passedTime=600.488; remTime=52776.2; MLUPs=18.4543
[Timer] step=10800; percent=1.125; passedTime=600.488; remTime=52776.2; MLUPs=18.4543
[ValueTracer] average=0.0119177; stdDev/average=0.00104344
[LatticeStatistics] step=11000; t=0.1375; uMax=0; avEnergy=0; avRho=0.0119454
[Timer] step=11000; percent=1.14583; passedTime=611.664; remTime=52769.9; MLUPs=18.4377
[Timer] step=11000; percent=1.14583; passedTime=611.664; remTime=52769.9; MLUPs=18.4377
[LatticeStatistics] step=11200; t=0.14; uMax=0; avEnergy=0; avRho=0.0119564
[Timer] step=11200; percent=1.16667; passedTime=622.838; remTime=52763.3; MLUPs=18.4427
[Timer] step=11200; percent=1.16667; passedTime=622.838; remTime=52763.3; MLUPs=18.4427
[LatticeStatistics] step=11400; t=0.1425; uMax=0; avEnergy=0; avRho=0.0119666
[Timer] step=11400; percent=1.1875; passedTime=634.059; remTime=52760.4; MLUPs=18.3638
[Timer] step=11400; percent=1.1875; passedTime=634.059; remTime=52760.4; MLUPs=18.3638
[ValueTracer] average=0.0119561; stdDev/average=0.00082071
[LatticeStatistics] step=11600; t=0.145; uMax=0; avEnergy=0; avRho=0.0119761
[Timer] step=11600; percent=1.20833; passedTime=645.223; remTime=52752.5; MLUPs=18.4576
[Timer] step=11600; percent=1.20833; passedTime=645.223; remTime=52752.5; MLUPs=18.4576
[LatticeStatistics] step=11800; t=0.1475; uMax=0; avEnergy=0; avRho=0.0119849
[Timer] step=11800; percent=1.22917; passedTime=656.41; remTime=52746.4; MLUPs=18.4196
[Timer] step=11800; percent=1.22917; passedTime=656.41; remTime=52746.4; MLUPs=18.4196
[LatticeStatistics] step=12000; t=0.15; uMax=0; avEnergy=0; avRho=0.0119931
[Timer] step=12000; percent=1.25; passedTime=667.559; remTime=52737.2; MLUPs=18.4841
[Timer] step=12000; percent=1.25; passedTime=667.559; remTime=52737.2; MLUPs=18.4841
[ValueTracer] average=0.0119863; stdDev/average=0.000645964
[LatticeStatistics] step=12200; t=0.1525; uMax=0; avEnergy=0; avRho=0.0120007
[Timer] step=12200; percent=1.27083; passedTime=678.731; remTime=52729.6; MLUPs=18.4443
[Timer] step=12200; percent=1.27083; passedTime=678.731; remTime=52729.6; MLUPs=18.4443
[LatticeStatistics] step=12400; t=0.155; uMax=0; avEnergy=0; avRho=0.0120077
[Timer] step=12400; percent=1.29167; passedTime=689.888; remTime=52720.8; MLUPs=18.4691
[Timer] step=12400; percent=1.29167; passedTime=689.888; remTime=52720.8; MLUPs=18.4691
[LatticeStatistics] step=12600; t=0.1575; uMax=0; avEnergy=0; avRho=0.0120143
[Timer] step=12600; percent=1.3125; passedTime=701.084; remTime=52714.8; MLUPs=18.4032
[Timer] step=12600; percent=1.3125; passedTime=701.084; remTime=52714.8; MLUPs=18.4032
[LatticeStatistics] step=12800; t=0.16; uMax=0; avEnergy=0; avRho=0.0120204
[Timer] step=12800; percent=1.33333; passedTime=712.409; remTime=52718.3; MLUPs=18.1968
[Timer] step=12800; percent=1.33333; passedTime=712.409; remTime=52718.3; MLUPs=18.1968
[ValueTracer] average=0.0120102; stdDev/average=0.0005087
[LatticeStatistics] step=13000; t=0.1625; uMax=0; avEnergy=0; avRho=0.012026
[Timer] step=13000; percent=1.35417; passedTime=723.661; remTime=52715.9; MLUPs=18.3132
[Timer] step=13000; percent=1.35417; passedTime=723.661; remTime=52715.9; MLUPs=18.3132
[LatticeStatistics] step=13200; t=0.165; uMax=0; avEnergy=0; avRho=0.0120313
[Timer] step=13200; percent=1.375; passedTime=734.864; remTime=52709.8; MLUPs=18.3949
[Timer] step=13200; percent=1.375; passedTime=734.864; remTime=52709.8; MLUPs=18.3949
[LatticeStatistics] step=13400; t=0.1675; uMax=0; avEnergy=0; avRho=0.0120361
[Timer] step=13400; percent=1.39583; passedTime=745.944; remTime=52694.8; MLUPs=18.5975
[Timer] step=13400; percent=1.39583; passedTime=745.944; remTime=52694.8; MLUPs=18.5975
[ValueTracer] average=0.0120291; stdDev/average=0.000400773
[LatticeStatistics] step=13600; t=0.17; uMax=0; avEnergy=0; avRho=0.0120407
[Timer] step=13600; percent=1.41667; passedTime=757.057; remTime=52682.3; MLUPs=18.5423
[Timer] step=13600; percent=1.41667; passedTime=757.057; remTime=52682.3; MLUPs=18.5423
[LatticeStatistics] step=13800; t=0.1725; uMax=0; avEnergy=0; avRho=0.0120449
[Timer] step=13800; percent=1.4375; passedTime=768.197; remTime=52671.6; MLUPs=18.4973
[Timer] step=13800; percent=1.4375; passedTime=768.197; remTime=52671.6; MLUPs=18.4973
[LatticeStatistics] step=14000; t=0.175; uMax=0; avEnergy=0; avRho=0.0120488
[Timer] step=14000; percent=1.45833; passedTime=779.331; remTime=52660.5; MLUPs=18.509
[Timer] step=14000; percent=1.45833; passedTime=779.331; remTime=52660.5; MLUPs=18.509
[ValueTracer] average=0.0120439; stdDev/average=0.000315849
[LatticeStatistics] step=14200; t=0.1775; uMax=0; avEnergy=0; avRho=0.0120524
[Timer] step=14200; percent=1.47917; passedTime=790.497; remTime=52651.6; MLUPs=18.4559
[Timer] step=14200; percent=1.47917; passedTime=790.497; remTime=52651.6; MLUPs=18.4559
[LatticeStatistics] step=14400; t=0.18; uMax=0; avEnergy=0; avRho=0.0120557
[Timer] step=14400; percent=1.5; passedTime=801.617; remTime=52639.5; MLUPs=18.5323
[Timer] step=14400; percent=1.5; passedTime=801.617; remTime=52639.5; MLUPs=18.5323
[LatticeStatistics] step=14600; t=0.1825; uMax=0; avEnergy=0; avRho=0.0120589
[Timer] step=14600; percent=1.52083; passedTime=812.742; remTime=52627.8; MLUPs=18.5223
[Timer] step=14600; percent=1.52083; passedTime=812.742; remTime=52627.8; MLUPs=18.5223
[ValueTracer] average=0.0120557; stdDev/average=0.000248986
[LatticeStatistics] step=14800; t=0.185; uMax=0; avEnergy=0; avRho=0.0120618
[Timer] step=14800; percent=1.54167; passedTime=823.899; remTime=52618.2; MLUPs=18.4691
[Timer] step=14800; percent=1.54167; passedTime=823.899; remTime=52618.2; MLUPs=18.4691
[LatticeStatistics] step=15000; t=0.1875; uMax=0; avEnergy=0; avRho=0.0120645
[Timer] step=15000; percent=1.5625; passedTime=835.08; remTime=52610; MLUPs=18.4295
[Timer] step=15000; percent=1.5625; passedTime=835.08; remTime=52610; MLUPs=18.4295
[LatticeStatistics] step=15200; t=0.19; uMax=0; avEnergy=0; avRho=0.012067
[Timer] step=15200; percent=1.58333; passedTime=846.211; remTime=52598.7; MLUPs=18.5123
[Timer] step=15200; percent=1.58333; passedTime=846.211; remTime=52598.7; MLUPs=18.5123
[ValueTracer] average=0.0120649; stdDev/average=0.000196318
[LatticeStatistics] step=15400; t=0.1925; uMax=0; avEnergy=0; avRho=0.0120693
[Timer] step=15400; percent=1.60417; passedTime=857.348; remTime=52587.7; MLUPs=18.504
[Timer] step=15400; percent=1.60417; passedTime=857.348; remTime=52587.7; MLUPs=18.504
[LatticeStatistics] step=15600; t=0.195; uMax=0; avEnergy=0; avRho=0.0120715
[Timer] step=15600; percent=1.625; passedTime=868.543; remTime=52580.3; MLUPs=18.4064
[Timer] step=15600; percent=1.625; passedTime=868.543; remTime=52580.3; MLUPs=18.4064
[LatticeStatistics] step=15800; t=0.1975; uMax=0; avEnergy=0; avRho=0.0120735
[Timer] step=15800; percent=1.64583; passedTime=879.73; remTime=52572.2; MLUPs=18.4213
[Timer] step=15800; percent=1.64583; passedTime=879.73; remTime=52572.2; MLUPs=18.4213
[LatticeStatistics] step=16000; t=0.2; uMax=0; avEnergy=0; avRho=0.0120753
[Timer] step=16000; percent=1.66667; passedTime=890.926; remTime=52564.6; MLUPs=18.4048
[Timer] step=16000; percent=1.66667; passedTime=890.926; remTime=52564.6; MLUPs=18.4048
[ValueTracer] average=0.0120722; stdDev/average=0.000154815
[LatticeStatistics] step=16200; t=0.2025; uMax=0; avEnergy=0; avRho=0.012077
[Timer] step=16200; percent=1.6875; passedTime=902.131; remTime=52557.5; MLUPs=18.3884
[Timer] step=16200; percent=1.6875; passedTime=902.131; remTime=52557.5; MLUPs=18.3884
[LatticeStatistics] step=16400; t=0.205; uMax=0; avEnergy=0; avRho=0.0120786
[Timer] step=16400; percent=1.70833; passedTime=913.239; remTime=52544.7; MLUPs=18.5523
[Timer] step=16400; percent=1.70833; passedTime=913.239; remTime=52544.7; MLUPs=18.5523
[LatticeStatistics] step=16600; t=0.2075; uMax=0; avEnergy=0; avRho=0.0120801
[Timer] step=16600; percent=1.72917; passedTime=924.399; remTime=52534.8; MLUPs=18.4642
[Timer] step=16600; percent=1.72917; passedTime=924.399; remTime=52534.8; MLUPs=18.4642
[ValueTracer] average=0.012078; stdDev/average=0.000122103
[LatticeStatistics] step=16800; t=0.21; uMax=0; avEnergy=0; avRho=0.0120815
[Timer] step=16800; percent=1.75; passedTime=935.562; remTime=52525.1; MLUPs=18.4609
[Timer] step=16800; percent=1.75; passedTime=935.562; remTime=52525.1; MLUPs=18.4609
[LatticeStatistics] step=17000; t=0.2125; uMax=0; avEnergy=0; avRho=0.0120828
[Timer] step=17000; percent=1.77083; passedTime=946.71; remTime=52514.6; MLUPs=18.4857
[Timer] step=17000; percent=1.77083; passedTime=946.71; remTime=52514.6; MLUPs=18.4857
[LatticeStatistics] step=17200; t=0.215; uMax=0; avEnergy=0; avRho=0.012084
[Timer] step=17200; percent=1.79167; passedTime=957.849; remTime=52503.5; MLUPs=18.499
[Timer] step=17200; percent=1.79167; passedTime=957.849; remTime=52503.5; MLUPs=18.499
[ValueTracer] average=0.0120825; stdDev/average=9.63117e-05
[LatticeStatistics] step=17400; t=0.2175; uMax=0; avEnergy=0; avRho=0.0120851
[Timer] step=17400; percent=1.8125; passedTime=968.959; remTime=52490.8; MLUPs=18.5489
[Timer] step=17400; percent=1.8125; passedTime=968.959; remTime=52490.8; MLUPs=18.5489
[LatticeStatistics] step=17600; t=0.22; uMax=0; avEnergy=0; avRho=0.0120861
[Timer] step=17600; percent=1.83333; passedTime=980.044; remTime=52476.9; MLUPs=18.5891
[Timer] step=17600; percent=1.83333; passedTime=980.044; remTime=52476.9; MLUPs=18.5891
[LatticeStatistics] step=17800; t=0.2225; uMax=0; avEnergy=0; avRho=0.0120871
[Timer] step=17800; percent=1.85417; passedTime=991.151; remTime=52464.2; MLUPs=18.554
[Timer] step=17800; percent=1.85417; passedTime=991.151; remTime=52464.2; MLUPs=18.554
[ValueTracer] average=0.0120861; stdDev/average=7.59745e-05
[LatticeStatistics] step=18000; t=0.225; uMax=0; avEnergy=0; avRho=0.012088
[Timer] step=18000; percent=1.875; passedTime=1002.24; remTime=52450.8; MLUPs=18.5757
[Timer] step=18000; percent=1.875; passedTime=1002.24; remTime=52450.8; MLUPs=18.5757
[LatticeStatistics] step=18200; t=0.2275; uMax=0; avEnergy=0; avRho=0.0120888
[Timer] step=18200; percent=1.89583; passedTime=1013.33; remTime=52436.9; MLUPs=18.5925
[Timer] step=18200; percent=1.89583; passedTime=1013.33; remTime=52436.9; MLUPs=18.5925
[LatticeStatistics] step=18400; t=0.23; uMax=0; avEnergy=0; avRho=0.0120896
[Timer] step=18400; percent=1.91667; passedTime=1024.44; remTime=52424.8; MLUPs=18.5373
[Timer] step=18400; percent=1.91667; passedTime=1024.44; remTime=52424.8; MLUPs=18.5373
[ValueTracer] average=0.0120889; stdDev/average=5.99355e-05
[LatticeStatistics] step=18600; t=0.2325; uMax=0; avEnergy=0; avRho=0.0120903
[Timer] step=18600; percent=1.9375; passedTime=1035.55; remTime=52411.9; MLUPs=18.564
[Timer] step=18600; percent=1.9375; passedTime=1035.55; remTime=52411.9; MLUPs=18.564
[LatticeStatistics] step=18800; t=0.235; uMax=0; avEnergy=0; avRho=0.0120909
[Timer] step=18800; percent=1.95833; passedTime=1046.64; remTime=52398.8; MLUPs=18.574
[Timer] step=18800; percent=1.95833; passedTime=1046.64; remTime=52398.8; MLUPs=18.574
[LatticeStatistics] step=19000; t=0.2375; uMax=0; avEnergy=0; avRho=0.0120916
[Timer] step=19000; percent=1.97917; passedTime=1057.73; remTime=52385.4; MLUPs=18.5807
[Timer] step=19000; percent=1.97917; passedTime=1057.73; remTime=52385.4; MLUPs=18.5807
[LatticeStatistics] step=19200; t=0.24; uMax=0; avEnergy=0; avRho=0.0120921
[Timer] step=19200; percent=2; passedTime=1068.91; remTime=52376.7; MLUPs=18.4262
[Timer] step=19200; percent=2; passedTime=1068.91; remTime=52376.7; MLUPs=18.4262
[ValueTracer] average=0.0120912; stdDev/average=4.72848e-05
[LatticeStatistics] step=19400; t=0.2425; uMax=0; avEnergy=0; avRho=0.0120927
[Timer] step=19400; percent=2.02083; passedTime=1080.08; remTime=52367.1; MLUPs=18.4526
[Timer] step=19400; percent=2.02083; passedTime=1080.08; remTime=52367.1; MLUPs=18.4526
[LatticeStatistics] step=19600; t=0.245; uMax=0; avEnergy=0; avRho=0.0120931
[Timer] step=19600; percent=2.04167; passedTime=1091.23; remTime=52356.9; MLUPs=18.4758
[Timer] step=19600; percent=2.04167; passedTime=1091.23; remTime=52356.9; MLUPs=18.4758
[LatticeStatistics] step=19800; t=0.2475; uMax=0; avEnergy=0; avRho=0.0120936
[Timer] step=19800; percent=2.0625; passedTime=1102.37; remTime=52346.1; MLUPs=18.4957
[Timer] step=19800; percent=2.0625; passedTime=1102.37; remTime=52346.1; MLUPs=18.4957
[ValueTracer] average=0.0120929; stdDev/average=3.73058e-05
[LatticeStatistics] step=20000; t=0.25; uMax=0; avEnergy=0; avRho=0.012094
[Timer] step=20000; percent=2.08333; passedTime=1113.46; remTime=52332.5; MLUPs=18.5941
[Timer] step=20000; percent=2.08333; passedTime=1113.46; remTime=52332.5; MLUPs=18.5941
[LatticeStatistics] step=20200; t=0.2525; uMax=0; avEnergy=0; avRho=0.0120944
[Timer] step=20200; percent=2.10417; passedTime=1124.58; remTime=52320.7; MLUPs=18.5289
[Timer] step=20200; percent=2.10417; passedTime=1124.58; remTime=52320.7; MLUPs=18.5289
[LatticeStatistics] step=20400; t=0.255; uMax=0; avEnergy=0; avRho=0.0120948
[Timer] step=20400; percent=2.125; passedTime=1135.73; remTime=52310.2; MLUPs=18.4857
[Timer] step=20400; percent=2.125; passedTime=1135.73; remTime=52310.2; MLUPs=18.4857
[ValueTracer] average=0.0120943; stdDev/average=2.94337e-05
[LatticeStatistics] step=20600; t=0.2575; uMax=0; avEnergy=0; avRho=0.0120951
[Timer] step=20600; percent=2.14583; passedTime=1146.87; remTime=52299.3; MLUPs=18.4973
[Timer] step=20600; percent=2.14583; passedTime=1146.87; remTime=52299.3; MLUPs=18.4973
[LatticeStatistics] step=20800; t=0.26; uMax=0; avEnergy=0; avRho=0.0120954
[Timer] step=20800; percent=2.16667; passedTime=1158; remTime=52288.2; MLUPs=18.504
[Timer] step=20800; percent=2.16667; passedTime=1158; remTime=52288.2; MLUPs=18.504
[LatticeStatistics] step=21000; t=0.2625; uMax=0; avEnergy=0; avRho=0.0120957
[Timer] step=21000; percent=2.1875; passedTime=1169.13; remTime=52276.7; MLUPs=18.5206
[Timer] step=21000; percent=2.1875; passedTime=1169.13; remTime=52276.7; MLUPs=18.5206
[ValueTracer] average=0.0120954; stdDev/average=2.32232e-05
[LatticeStatistics] step=21200; t=0.265; uMax=0; avEnergy=0; avRho=0.012096
[Timer] step=21200; percent=2.20833; passedTime=1180.3; remTime=52267.3; MLUPs=18.4427
[Timer] step=21200; percent=2.20833; passedTime=1180.3; remTime=52267.3; MLUPs=18.4427
[LatticeStatistics] step=21400; t=0.2675; uMax=0; avEnergy=0; avRho=0.0120963
[Timer] step=21400; percent=2.22917; passedTime=1191.4; remTime=52254.7; MLUPs=18.564
[Timer] step=21400; percent=2.22917; passedTime=1191.4; remTime=52254.7; MLUPs=18.564
[LatticeStatistics] step=21600; t=0.27; uMax=0; avEnergy=0; avRho=0.0120965
[Timer] step=21600; percent=2.25; passedTime=1202.62; remTime=52247.3; MLUPs=18.3638
[Timer] step=21600; percent=2.25; passedTime=1202.62; remTime=52247.3; MLUPs=18.3638
[ValueTracer] average=0.0120963; stdDev/average=1.83235e-05
[LatticeStatistics] step=21800; t=0.2725; uMax=0; avEnergy=0; avRho=0.0120967
[Timer] step=21800; percent=2.27083; passedTime=1213.74; remTime=52235.2; MLUPs=18.5439
[Timer] step=21800; percent=2.27083; passedTime=1213.74; remTime=52235.2; MLUPs=18.5439
[LatticeStatistics] step=22000; t=0.275; uMax=0; avEnergy=0; avRho=0.0120969
[Timer] step=22000; percent=2.29167; passedTime=1225.06; remTime=52232.1; MLUPs=18.1968
[Timer] step=22000; percent=2.29167; passedTime=1225.06; remTime=52232.1; MLUPs=18.1968
[LatticeStatistics] step=22200; t=0.2775; uMax=0; avEnergy=0; avRho=0.0120971
[Timer] step=22200; percent=2.3125; passedTime=1236.22; remTime=52221.9; MLUPs=18.4658
[Timer] step=22200; percent=2.3125; passedTime=1236.22; remTime=52221.9; MLUPs=18.4658
[LatticeStatistics] step=22400; t=0.28; uMax=0; avEnergy=0; avRho=0.0120973
[Timer] step=22400; percent=2.33333; passedTime=1247.35; remTime=52210.4; MLUPs=18.5173
[Timer] step=22400; percent=2.33333; passedTime=1247.35; remTime=52210.4; MLUPs=18.5173
[ValueTracer] average=0.012097; stdDev/average=1.44578e-05
[LatticeStatistics] step=22600; t=0.2825; uMax=0; avEnergy=0; avRho=0.0120974
[Timer] step=22600; percent=2.35417; passedTime=1258.46; remTime=52198.4; MLUPs=18.5389
[Timer] step=22600; percent=2.35417; passedTime=1258.46; remTime=52198.4; MLUPs=18.5389
[LatticeStatistics] step=22800; t=0.285; uMax=0; avEnergy=0; avRho=0.0120976
[Timer] step=22800; percent=2.375; passedTime=1269.63; remTime=52188.7; MLUPs=18.4443
[Timer] step=22800; percent=2.375; passedTime=1269.63; remTime=52188.7; MLUPs=18.4443
[LatticeStatistics] step=23000; t=0.2875; uMax=0; avEnergy=0; avRho=0.0120977
[Timer] step=23000; percent=2.39583; passedTime=1280.75; remTime=52176.6; MLUPs=18.5423
[Timer] step=23000; percent=2.39583; passedTime=1280.75; remTime=52176.6; MLUPs=18.5423
[ValueTracer] average=0.0120975; stdDev/average=1.14078e-05
[LatticeStatistics] step=23200; t=0.29; uMax=0; avEnergy=0; avRho=0.0120978
[Timer] step=23200; percent=2.41667; passedTime=1291.88; remTime=52165.4; MLUPs=18.5056
[Timer] step=23200; percent=2.41667; passedTime=1291.88; remTime=52165.4; MLUPs=18.5056
[LatticeStatistics] step=23400; t=0.2925; uMax=0; avEnergy=0; avRho=0.012098
[Timer] step=23400; percent=2.4375; passedTime=1303.06; remTime=52155.6; MLUPs=18.446
[Timer] step=23400; percent=2.4375; passedTime=1303.06; remTime=52155.6; MLUPs=18.446
[LatticeStatistics] step=23600; t=0.295; uMax=0; avEnergy=0; avRho=0.0120981
[Timer] step=23600; percent=2.45833; passedTime=1314.23; remTime=52146.1; MLUPs=18.4361
[Timer] step=23600; percent=2.45833; passedTime=1314.23; remTime=52146.1; MLUPs=18.4361
[ValueTracer] average=0.0120979; stdDev/average=9.00127e-06
[LatticeStatistics] step=23800; t=0.2975; uMax=0; avEnergy=0; avRho=0.0120982
[Timer] step=23800; percent=2.47917; passedTime=1325.49; remTime=52139.7; MLUPs=18.3002
[Timer] step=23800; percent=2.47917; passedTime=1325.49; remTime=52139.7; MLUPs=18.3002
[LatticeStatistics] step=24000; t=0.3; uMax=0; avEnergy=0; avRho=0.0120983
[Timer] step=24000; percent=2.5; passedTime=1336.74; remTime=52132.7; MLUPs=18.3279
[Timer] step=24000; percent=2.5; passedTime=1336.74; remTime=52132.7; MLUPs=18.3279
[LatticeStatistics] step=24200; t=0.3025; uMax=0; avEnergy=0; avRho=0.0120984
[Timer] step=24200; percent=2.52083; passedTime=1347.82; remTime=52119.5; MLUPs=18.5874
[Timer] step=24200; percent=2.52083; passedTime=1347.82; remTime=52119.5; MLUPs=18.5874
[ValueTracer] average=0.0120983; stdDev/average=7.10248e-06
[LatticeStatistics] step=24400; t=0.305; uMax=0; avEnergy=0; avRho=0.0120985
[Timer] step=24400; percent=2.54167; passedTime=1358.98; remTime=52109.1; MLUPs=18.4658
[Timer] step=24400; percent=2.54167; passedTime=1358.98; remTime=52109.1; MLUPs=18.4658
[LatticeStatistics] step=24600; t=0.3075; uMax=0; avEnergy=0; avRho=0.0120985
[Timer] step=24600; percent=2.5625; passedTime=1370.15; remTime=52099.1; MLUPs=18.4493
[Timer] step=24600; percent=2.5625; passedTime=1370.15; remTime=52099.1; MLUPs=18.4493
[LatticeStatistics] step=24800; t=0.31; uMax=0; avEnergy=0; avRho=0.0120986
[Timer] step=24800; percent=2.58333; passedTime=1381.33; remTime=52089.5; MLUPs=18.4328
[Timer] step=24800; percent=2.58333; passedTime=1381.33; remTime=52089.5; MLUPs=18.4328
[ValueTracer] average=0.0120985; stdDev/average=5.60426e-06
[LatticeStatistics] step=25000; t=0.3125; uMax=0; avEnergy=0; avRho=0.0120987
[Timer] step=25000; percent=2.60417; passedTime=1392.43; remTime=52076.7; MLUPs=18.5707
[Timer] step=25000; percent=2.60417; passedTime=1392.43; remTime=52076.7; MLUPs=18.5707
[LatticeStatistics] step=25200; t=0.315; uMax=0; avEnergy=0; avRho=0.0120987
[Timer] step=25200; percent=2.625; passedTime=1403.52; remTime=52063.9; MLUPs=18.5723
[Timer] step=25200; percent=2.625; passedTime=1403.52; remTime=52063.9; MLUPs=18.5723
[LatticeStatistics] step=25400; t=0.3175; uMax=0; avEnergy=0; avRho=0.0120988
[Timer] step=25400; percent=2.64583; passedTime=1414.69; remTime=52053.9; MLUPs=18.4509
[Timer] step=25400; percent=2.64583; passedTime=1414.69; remTime=52053.9; MLUPs=18.4509
[LatticeStatistics] step=25600; t=0.32; uMax=0; avEnergy=0; avRho=0.0120988
[Timer] step=25600; percent=2.66667; passedTime=1425.84; remTime=52043.1; MLUPs=18.4824
[Timer] step=25600; percent=2.66667; passedTime=1425.84; remTime=52043.1; MLUPs=18.4824
[ValueTracer] average=0.0120988; stdDev/average=4.4221e-06
[LatticeStatistics] step=25800; t=0.3225; uMax=0; avEnergy=0; avRho=0.0120989
[Timer] step=25800; percent=2.6875; passedTime=1437.03; remTime=52034; MLUPs=18.4064
[Timer] step=25800; percent=2.6875; passedTime=1437.03; remTime=52034; MLUPs=18.4064
[LatticeStatistics] step=26000; t=0.325; uMax=0; avEnergy=0; avRho=0.0120989
[Timer] step=26000; percent=2.70833; passedTime=1448.24; remTime=52025.2; MLUPs=18.3917
[Timer] step=26000; percent=2.70833; passedTime=1448.24; remTime=52025.2; MLUPs=18.3917
[LatticeStatistics] step=26200; t=0.3275; uMax=0; avEnergy=0; avRho=0.012099
[Timer] step=26200; percent=2.72917; passedTime=1459.39; remTime=52014.3; MLUPs=18.4841
[Timer] step=26200; percent=2.72917; passedTime=1459.39; remTime=52014.3; MLUPs=18.4841
[ValueTracer] average=0.0120989; stdDev/average=3.48932e-06
[LatticeStatistics] step=26400; t=0.33; uMax=0; avEnergy=0; avRho=0.012099
[Timer] step=26400; percent=2.75; passedTime=1470.61; remTime=52006.1; MLUPs=18.3638
[Timer] step=26400; percent=2.75; passedTime=1470.61; remTime=52006.1; MLUPs=18.3638
[LatticeStatistics] step=26600; t=0.3325; uMax=0; avEnergy=0; avRho=0.0120991
[Timer] step=26600; percent=2.77083; passedTime=1481.8; remTime=51996.5; MLUPs=18.4213
[Timer] step=26600; percent=2.77083; passedTime=1481.8; remTime=51996.5; MLUPs=18.4213
[LatticeStatistics] step=26800; t=0.335; uMax=0; avEnergy=0; avRho=0.0120991
[Timer] step=26800; percent=2.79167; passedTime=1492.92; remTime=51984.9; MLUPs=18.5189
[Timer] step=26800; percent=2.79167; passedTime=1492.92; remTime=51984.9; MLUPs=18.5189
[ValueTracer] average=0.012099; stdDev/average=2.7533e-06
[LatticeStatistics] step=27000; t=0.3375; uMax=0; avEnergy=0; avRho=0.0120991
[Timer] step=27000; percent=2.8125; passedTime=1504.09; remTime=51974.8; MLUPs=18.446
[Timer] step=27000; percent=2.8125; passedTime=1504.09; remTime=51974.8; MLUPs=18.446
[LatticeStatistics] step=27200; t=0.34; uMax=0; avEnergy=0; avRho=0.0120992
[Timer] step=27200; percent=2.83333; passedTime=1515.31; remTime=51966.3; MLUPs=18.3654
[Timer] step=27200; percent=2.83333; passedTime=1515.31; remTime=51966.3; MLUPs=18.3654
[LatticeStatistics] step=27400; t=0.3425; uMax=0; avEnergy=0; avRho=0.0120992
[Timer] step=27400; percent=2.85417; passedTime=1526.45; remTime=51955.1; MLUPs=18.5006
[Timer] step=27400; percent=2.85417; passedTime=1526.45; remTime=51955.1; MLUPs=18.5006
[ValueTracer] average=0.0120992; stdDev/average=2.17254e-06
[LatticeStatistics] step=27600; t=0.345; uMax=0; avEnergy=0; avRho=0.0120992
[Timer] step=27600; percent=2.875; passedTime=1537.63; remTime=51945.3; MLUPs=18.4262
[Timer] step=27600; percent=2.875; passedTime=1537.63; remTime=51945.3; MLUPs=18.4262
[LatticeStatistics] step=27800; t=0.3475; uMax=0; avEnergy=0; avRho=0.0120992
[Timer] step=27800; percent=2.89583; passedTime=1548.75; remTime=51933.4; MLUPs=18.5339
[Timer] step=27800; percent=2.89583; passedTime=1548.75; remTime=51933.4; MLUPs=18.5339
[LatticeStatistics] step=28000; t=0.35; uMax=0; avEnergy=0; avRho=0.0120992
[Timer] step=28000; percent=2.91667; passedTime=1559.85; remTime=51920.6; MLUPs=18.5774
[Timer] step=28000; percent=2.91667; passedTime=1559.85; remTime=51920.6; MLUPs=18.5774
[ValueTracer] average=0.0120992; stdDev/average=1.71428e-06
[LatticeStatistics] step=28200; t=0.3525; uMax=0; avEnergy=0; avRho=0.0120993
[Timer] step=28200; percent=2.9375; passedTime=1571; remTime=51910; MLUPs=18.4658
[Timer] step=28200; percent=2.9375; passedTime=1571; remTime=51910; MLUPs=18.4658
[LatticeStatistics] step=28400; t=0.355; uMax=0; avEnergy=0; avRho=0.0120993
[Timer] step=28400; percent=2.95833; passedTime=1582.11; remTime=51897.6; MLUPs=18.559
[Timer] step=28400; percent=2.95833; passedTime=1582.11; remTime=51897.6; MLUPs=18.559
[LatticeStatistics] step=28600; t=0.3575; uMax=0; avEnergy=0; avRho=0.0120993
[Timer] step=28600; percent=2.97917; passedTime=1593.21; remTime=51885.1; MLUPs=18.5657
[Timer] step=28600; percent=2.97917; passedTime=1593.21; remTime=51885.1; MLUPs=18.5657
[LatticeStatistics] step=28800; t=0.36; uMax=0; avEnergy=0; avRho=0.0120993
[Timer] step=28800; percent=3; passedTime=1604.39; remTime=51875.4; MLUPs=18.418
[Timer] step=28800; percent=3; passedTime=1604.39; remTime=51875.4; MLUPs=18.418
[ValueTracer] average=0.0120993; stdDev/average=1.35269e-06
[LatticeStatistics] step=29000; t=0.3625; uMax=0; avEnergy=0; avRho=0.0120993
[Timer] step=29000; percent=3.02083; passedTime=1615.62; remTime=51866.8; MLUPs=18.3671
[Timer] step=29000; percent=3.02083; passedTime=1615.62; remTime=51866.8; MLUPs=18.3671
[LatticeStatistics] step=29200; t=0.365; uMax=0; avEnergy=0; avRho=0.0120994
[Timer] step=29200; percent=3.04167; passedTime=1626.77; remTime=51856.1; MLUPs=18.4691
[Timer] step=29200; percent=3.04167; passedTime=1626.77; remTime=51856.1; MLUPs=18.4691
[LatticeStatistics] step=29400; t=0.3675; uMax=0; avEnergy=0; avRho=0.0120994
[Timer] step=29400; percent=3.0625; passedTime=1637.91; remTime=51844.8; MLUPs=18.5056
[Timer] step=29400; percent=3.0625; passedTime=1637.91; remTime=51844.8; MLUPs=18.5056
[ValueTracer] average=0.0120993; stdDev/average=1.06737e-06
[LatticeStatistics] step=29600; t=0.37; uMax=0; avEnergy=0; avRho=0.0120994
[Timer] step=29600; percent=3.08333; passedTime=1649.14; remTime=51836.6; MLUPs=18.3344
[Timer] step=29600; percent=3.08333; passedTime=1649.14; remTime=51836.6; MLUPs=18.3344
[LatticeStatistics] step=29800; t=0.3725; uMax=0; avEnergy=0; avRho=0.0120994
[Timer] step=29800; percent=3.10417; passedTime=1660.26; remTime=51824.7; MLUPs=18.5356
[Timer] step=29800; percent=3.10417; passedTime=1660.26; remTime=51824.7; MLUPs=18.5356
[LatticeStatistics] step=30000; t=0.375; uMax=0; avEnergy=0; avRho=0.0120994
[Timer] step=30000; percent=3.125; passedTime=1671.37; remTime=51812.5; MLUPs=18.5489
[Timer] step=30000; percent=3.125; passedTime=1671.37; remTime=51812.5; MLUPs=18.5489
[ValueTracer] average=0.0120994; stdDev/average=8.4223e-07
[LatticeStatistics] step=30200; t=0.3775; uMax=0; avEnergy=0; avRho=0.0120994
[Timer] step=30200; percent=3.14583; passedTime=1682.46; remTime=51799.8; MLUPs=18.5824
[Timer] step=30200; percent=3.14583; passedTime=1682.46; remTime=51799.8; MLUPs=18.5824
[LatticeStatistics] step=30400; t=0.38; uMax=0; avEnergy=0; avRho=0.0120994
[Timer] step=30400; percent=3.16667; passedTime=1693.65; remTime=51789.9; MLUPs=18.4262
[Timer] step=30400; percent=3.16667; passedTime=1693.65; remTime=51789.9; MLUPs=18.4262
[LatticeStatistics] step=30600; t=0.3825; uMax=0; avEnergy=0; avRho=0.0120994
[Timer] step=30600; percent=3.1875; passedTime=1704.79; remTime=51778.8; MLUPs=18.4907
[Timer] step=30600; percent=3.1875; passedTime=1704.79; remTime=51778.8; MLUPs=18.4907
[ValueTracer] average=0.0120994; stdDev/average=6.64581e-07
[LatticeStatistics] step=30800; t=0.385; uMax=0; avEnergy=0; avRho=0.0120994
[Timer] step=30800; percent=3.20833; passedTime=1715.9; remTime=51766.7; MLUPs=18.5523
[Timer] step=30800; percent=3.20833; passedTime=1715.9; remTime=51766.7; MLUPs=18.5523
[LatticeStatistics] step=31000; t=0.3875; uMax=0; avEnergy=0; avRho=0.0120994
[Timer] step=31000; percent=3.22917; passedTime=1727.05; remTime=51755.7; MLUPs=18.4824
[Timer] step=31000; percent=3.22917; passedTime=1727.05; remTime=51755.7; MLUPs=18.4824
[LatticeStatistics] step=31200; t=0.39; uMax=0; avEnergy=0; avRho=0.0120994
[Timer] step=31200; percent=3.25; passedTime=1738.16; remTime=51743.6; MLUPs=18.5489
[Timer] step=31200; percent=3.25; passedTime=1738.16; remTime=51743.6; MLUPs=18.5489
[ValueTracer] average=0.0120994; stdDev/average=5.24402e-07
[LatticeStatistics] step=31400; t=0.3925; uMax=0; avEnergy=0; avRho=0.0120995
[Timer] step=31400; percent=3.27083; passedTime=1749.3; remTime=51732.6; MLUPs=18.4874
[Timer] step=31400; percent=3.27083; passedTime=1749.3; remTime=51732.6; MLUPs=18.4874
[LatticeStatistics] step=31600; t=0.395; uMax=0; avEnergy=0; avRho=0.0120995
[Timer] step=31600; percent=3.29167; passedTime=1760.44; remTime=51721.3; MLUPs=18.504
[Timer] step=31600; percent=3.29167; passedTime=1760.44; remTime=51721.3; MLUPs=18.504
[LatticeStatistics] step=31800; t=0.3975; uMax=0; avEnergy=0; avRho=0.0120995
[Timer] step=31800; percent=3.3125; passedTime=1771.59; remTime=51710.5; MLUPs=18.4758
[Timer] step=31800; percent=3.3125; passedTime=1771.59; remTime=51710.5; MLUPs=18.4758
[LatticeStatistics] step=32000; t=0.4; uMax=0; avEnergy=0; avRho=0.0120995
[Timer] step=32000; percent=3.33333; passedTime=1782.73; remTime=51699.3; MLUPs=18.4957
[Timer] step=32000; percent=3.33333; passedTime=1782.73; remTime=51699.3; MLUPs=18.4957
[ValueTracer] average=0.0120995; stdDev/average=4.13792e-07
[LatticeStatistics] step=32200; t=0.4025; uMax=0; avEnergy=0; avRho=0.0120995
[Timer] step=32200; percent=3.35417; passedTime=1793.86; remTime=51687.7; MLUPs=18.5173
[Timer] step=32200; percent=3.35417; passedTime=1793.86; remTime=51687.7; MLUPs=18.5173
[LatticeStatistics] step=32400; t=0.405; uMax=0; avEnergy=0; avRho=0.0120995
[Timer] step=32400; percent=3.375; passedTime=1805.03; remTime=51677.4; MLUPs=18.446
[Timer] step=32400; percent=3.375; passedTime=1805.03; remTime=51677.4; MLUPs=18.446
[LatticeStatistics] step=32600; t=0.4075; uMax=0; avEnergy=0; avRho=0.0120995
[Timer] step=32600; percent=3.39583; passedTime=1816.2; remTime=51667; MLUPs=18.4509
[Timer] step=32600; percent=3.39583; passedTime=1816.2; remTime=51667; MLUPs=18.4509
[ValueTracer] average=0.0120995; stdDev/average=3.26512e-07
[LatticeStatistics] step=32800; t=0.41; uMax=0; avEnergy=0; avRho=0.0120995
[Timer] step=32800; percent=3.41667; passedTime=1827.38; remTime=51656.9; MLUPs=18.4295
[Timer] step=32800; percent=3.41667; passedTime=1827.38; remTime=51656.9; MLUPs=18.4295
[LatticeStatistics] step=33000; t=0.4125; uMax=0; avEnergy=0; avRho=0.0120995
[Timer] step=33000; percent=3.4375; passedTime=1838.72; remTime=51651.3; MLUPs=18.1775
[Timer] step=33000; percent=3.4375; passedTime=1838.72; remTime=51651.3; MLUPs=18.1775
[LatticeStatistics] step=33200; t=0.415; uMax=0; avEnergy=0; avRho=0.0120995
[Timer] step=33200; percent=3.45833; passedTime=1850.06; remTime=51645.7; MLUPs=18.1663
[Timer] step=33200; percent=3.45833; passedTime=1850.06; remTime=51645.7; MLUPs=18.1663
[ValueTracer] average=0.0120995; stdDev/average=2.57642e-07
[LatticeStatistics] step=33400; t=0.4175; uMax=0; avEnergy=0; avRho=0.0120995
[Timer] step=33400; percent=3.47917; passedTime=1861.31; remTime=51637.4; MLUPs=18.3181
[Timer] step=33400; percent=3.47917; passedTime=1861.31; remTime=51637.4; MLUPs=18.3181
[LatticeStatistics] step=33600; t=0.42; uMax=0; avEnergy=0; avRho=0.0120995
[Timer] step=33600; percent=3.5; passedTime=1872.56; remTime=51629.2; MLUPs=18.3181
[Timer] step=33600; percent=3.5; passedTime=1872.56; remTime=51629.2; MLUPs=18.3181
[LatticeStatistics] step=33800; t=0.4225; uMax=0; avEnergy=0; avRho=0.0120995
[Timer] step=33800; percent=3.52083; passedTime=1883.77; remTime=51619.7; MLUPs=18.3867
[Timer] step=33800; percent=3.52083; passedTime=1883.77; remTime=51619.7; MLUPs=18.3867
[ValueTracer] average=0.0120995; stdDev/average=2.03298e-07
[LatticeStatistics] step=34000; t=0.425; uMax=0; avEnergy=0; avRho=0.0120995
[Timer] step=34000; percent=3.54167; passedTime=1894.93; remTime=51608.9; MLUPs=18.4658
[Timer] step=34000; percent=3.54167; passedTime=1894.93; remTime=51608.9; MLUPs=18.4658
[LatticeStatistics] step=34200; t=0.4275; uMax=0; avEnergy=0; avRho=0.0120995
[Timer] step=34200; percent=3.5625; passedTime=1906.06; remTime=51597.5; MLUPs=18.504
[Timer] step=34200; percent=3.5625; passedTime=1906.06; remTime=51597.5; MLUPs=18.504
[LatticeStatistics] step=34400; t=0.43; uMax=0; avEnergy=0; avRho=0.0120995
[Timer] step=34400; percent=3.58333; passedTime=1917.19; remTime=51585.8; MLUPs=18.5173
[Timer] step=34400; percent=3.58333; passedTime=1917.19; remTime=51585.8; MLUPs=18.5173
[ValueTracer] average=0.0120995; stdDev/average=1.60417e-07
[LatticeStatistics] step=34600; t=0.4325; uMax=0; avEnergy=0; avRho=0.0120995
[Timer] step=34600; percent=3.60417; passedTime=1928.29; remTime=51573.3; MLUPs=18.574
[Timer] step=34600; percent=3.60417; passedTime=1928.29; remTime=51573.3; MLUPs=18.574
[LatticeStatistics] step=34800; t=0.435; uMax=0; avEnergy=0; avRho=0.0120995
[Timer] step=34800; percent=3.625; passedTime=1939.47; remTime=51563.2; MLUPs=18.4229
[Timer] step=34800; percent=3.625; passedTime=1939.47; remTime=51563.2; MLUPs=18.4229
[LatticeStatistics] step=35000; t=0.4375; uMax=0; avEnergy=0; avRho=0.0120995
[Timer] step=35000; percent=3.64583; passedTime=1950.61; remTime=51551.8; MLUPs=18.5056
[Timer] step=35000; percent=3.64583; passedTime=1950.61; remTime=51551.8; MLUPs=18.5056
[LatticeStatistics] step=35200; t=0.44; uMax=0; avEnergy=0; avRho=0.0120995
[Timer] step=35200; percent=3.66667; passedTime=1961.71; remTime=51539.4; MLUPs=18.564
[Timer] step=35200; percent=3.66667; passedTime=1961.71; remTime=51539.4; MLUPs=18.564
[ValueTracer] average=0.0120995; stdDev/average=1.26581e-07
[LatticeStatistics] step=35400; t=0.4425; uMax=0; avEnergy=0; avRho=0.0120995
[Timer] step=35400; percent=3.6875; passedTime=1972.81; remTime=51527.1; MLUPs=18.5573
[Timer] step=35400; percent=3.6875; passedTime=1972.81; remTime=51527.1; MLUPs=18.5573
[LatticeStatistics] step=35600; t=0.445; uMax=0; avEnergy=0; avRho=0.0120995
[Timer] step=35600; percent=3.70833; passedTime=1983.92; remTime=51515; MLUPs=18.5506
[Timer] step=35600; percent=3.70833; passedTime=1983.92; remTime=51515; MLUPs=18.5506
[LatticeStatistics] step=35800; t=0.4475; uMax=0; avEnergy=0; avRho=0.0120995
[Timer] step=35800; percent=3.72917; passedTime=1995.04; remTime=51503.3; MLUPs=18.5256
[Timer] step=35800; percent=3.72917; passedTime=1995.04; remTime=51503.3; MLUPs=18.5256
[ValueTracer] average=0.0120995; stdDev/average=9.98819e-08
[LatticeStatistics] step=36000; t=0.45; uMax=0; avEnergy=0; avRho=0.0120995
[Timer] step=36000; percent=3.75; passedTime=2006.14; remTime=51490.8; MLUPs=18.574
[Timer] step=36000; percent=3.75; passedTime=2006.14; remTime=51490.8; MLUPs=18.574
[LatticeStatistics] step=36200; t=0.4525; uMax=0; avEnergy=0; avRho=0.0120995
[Timer] step=36200; percent=3.77083; passedTime=2017.26; remTime=51479.1; MLUPs=18.5273
[Timer] step=36200; percent=3.77083; passedTime=2017.26; remTime=51479.1; MLUPs=18.5273
[LatticeStatistics] step=36400; t=0.455; uMax=0; avEnergy=0; avRho=0.0120995
[Timer] step=36400; percent=3.79167; passedTime=2028.39; remTime=51467.7; MLUPs=18.5056
[Timer] step=36400; percent=3.79167; passedTime=2028.39; remTime=51467.7; MLUPs=18.5056
[ValueTracer] average=0.0120995; stdDev/average=7.88142e-08
[LatticeStatistics] step=36600; t=0.4575; uMax=0; avEnergy=0; avRho=0.0120995
[Timer] step=36600; percent=3.8125; passedTime=2039.47; remTime=51454.9; MLUPs=18.6008
[Timer] step=36600; percent=3.8125; passedTime=2039.47; remTime=51454.9; MLUPs=18.6008
[LatticeStatistics] step=36800; t=0.46; uMax=0; avEnergy=0; avRho=0.0120995
[Timer] step=36800; percent=3.83333; passedTime=2050.56; remTime=51442.3; MLUPs=18.5874
[Timer] step=36800; percent=3.83333; passedTime=2050.56; remTime=51442.3; MLUPs=18.5874
[LatticeStatistics] step=37000; t=0.4625; uMax=0; avEnergy=0; avRho=0.0120995
[Timer] step=37000; percent=3.85417; passedTime=2061.68; remTime=51430.7; MLUPs=18.5223
[Timer] step=37000; percent=3.85417; passedTime=2061.68; remTime=51430.7; MLUPs=18.5223
[ValueTracer] average=0.0120995; stdDev/average=6.21903e-08
[LatticeStatistics] step=37200; t=0.465; uMax=0; avEnergy=0; avRho=0.0120995
[Timer] step=37200; percent=3.875; passedTime=2073.03; remTime=51424.6; MLUPs=18.1535
[Timer] step=37200; percent=3.875; passedTime=2073.03; remTime=51424.6; MLUPs=18.1535
[LatticeStatistics] step=37400; t=0.4675; uMax=0; avEnergy=0; avRho=0.0120995
[Timer] step=37400; percent=3.89583; passedTime=2084.13; remTime=51412.2; MLUPs=18.5757
[Timer] step=37400; percent=3.89583; passedTime=2084.13; remTime=51412.2; MLUPs=18.5757
[LatticeStatistics] step=37600; t=0.47; uMax=0; avEnergy=0; avRho=0.0120995
[Timer] step=37600; percent=3.91667; passedTime=2095.21; remTime=51399.6; MLUPs=18.5941
[Timer] step=37600; percent=3.91667; passedTime=2095.21; remTime=51399.6; MLUPs=18.5941
[ValueTracer] average=0.0120995; stdDev/average=4.90727e-08
[LatticeStatistics] step=37800; t=0.4725; uMax=0; avEnergy=0; avRho=0.0120995
[Timer] step=37800; percent=3.9375; passedTime=2106.28; remTime=51386.6; MLUPs=18.6143
[Timer] step=37800; percent=3.9375; passedTime=2106.28; remTime=51386.6; MLUPs=18.6143
[LatticeStatistics] step=38000; t=0.475; uMax=0; avEnergy=0; avRho=0.0120995
[Timer] step=38000; percent=3.95833; passedTime=2117.42; remTime=51375.2; MLUPs=18.5073
[Timer] step=38000; percent=3.95833; passedTime=2117.42; remTime=51375.2; MLUPs=18.5073
[LatticeStatistics] step=38200; t=0.4775; uMax=0; avEnergy=0; avRho=0.0120995
[Timer] step=38200; percent=3.97917; passedTime=2128.51; remTime=51362.8; MLUPs=18.5807
[Timer] step=38200; percent=3.97917; passedTime=2128.51; remTime=51362.8; MLUPs=18.5807
[LatticeStatistics] step=38400; t=0.48; uMax=0; avEnergy=0; avRho=0.0120995
[Timer] step=38400; percent=4; passedTime=2139.59; remTime=51350.3; MLUPs=18.5857
[Timer] step=38400; percent=4; passedTime=2139.59; remTime=51350.3; MLUPs=18.5857
[ValueTracer] average=0.0120995; stdDev/average=3.8722e-08
[LatticeStatistics] step=38600; t=0.4825; uMax=0; avEnergy=0; avRho=0.0120995
[Timer] step=38600; percent=4.02083; passedTime=2150.7; remTime=51338.2; MLUPs=18.5573
[Timer] step=38600; percent=4.02083; passedTime=2150.7; remTime=51338.2; MLUPs=18.5573
[LatticeStatistics] step=38800; t=0.485; uMax=0; avEnergy=0; avRho=0.0120995
[Timer] step=38800; percent=4.04167; passedTime=2161.79; remTime=51325.8; MLUPs=18.5824
[Timer] step=38800; percent=4.04167; passedTime=2161.79; remTime=51325.8; MLUPs=18.5824
[LatticeStatistics] step=39000; t=0.4875; uMax=0; avEnergy=0; avRho=0.0120995
[Timer] step=39000; percent=4.0625; passedTime=2172.95; remTime=51315.1; MLUPs=18.4559
[Timer] step=39000; percent=4.0625; passedTime=2172.95; remTime=51315.1; MLUPs=18.4559
[ValueTracer] average=0.0120995; stdDev/average=3.05545e-08
[LatticeStatistics] step=39200; t=0.49; uMax=0; avEnergy=0; avRho=0.0120995
[Timer] step=39200; percent=4.08333; passedTime=2184.18; remTime=51305.9; MLUPs=18.3573
[Timer] step=39200; percent=4.08333; passedTime=2184.18; remTime=51305.9; MLUPs=18.3573
[LatticeStatistics] step=39400; t=0.4925; uMax=0; avEnergy=0; avRho=0.0120995
[Timer] step=39400; percent=4.10417; passedTime=2195.28; remTime=51293.9; MLUPs=18.5556
[Timer] step=39400; percent=4.10417; passedTime=2195.28; remTime=51293.9; MLUPs=18.5556
[LatticeStatistics] step=39600; t=0.495; uMax=0; avEnergy=0; avRho=0.0120995
[Timer] step=39600; percent=4.125; passedTime=2206.44; remTime=51283; MLUPs=18.4708
[Timer] step=39600; percent=4.125; passedTime=2206.44; remTime=51283; MLUPs=18.4708
[ValueTracer] average=0.0120995; stdDev/average=2.41098e-08
[LatticeStatistics] step=39800; t=0.4975; uMax=0; avEnergy=0; avRho=0.0120995
[Timer] step=39800; percent=4.14583; passedTime=2217.51; remTime=51270.2; MLUPs=18.6109
[Timer] step=39800; percent=4.14583; passedTime=2217.51; remTime=51270.2; MLUPs=18.6109
[LatticeStatistics] step=40000; t=0.5; uMax=0; avEnergy=0; avRho=0.0120995
[Timer] step=40000; percent=4.16667; passedTime=2228.61; remTime=51258.1; MLUPs=18.5606
[Timer] step=40000; percent=4.16667; passedTime=2228.61; remTime=51258.1; MLUPs=18.5606
[LatticeStatistics] step=40200; t=0.5025; uMax=0; avEnergy=0; avRho=0.0120995
[Timer] step=40200; percent=4.1875; passedTime=2239.8; remTime=51248; MLUPs=18.4196
[Timer] step=40200; percent=4.1875; passedTime=2239.8; remTime=51248; MLUPs=18.4196
[ValueTracer] average=0.0120995; stdDev/average=1.90244e-08
[LatticeStatistics] step=40400; t=0.505; uMax=0; avEnergy=0; avRho=0.0120995
[Timer] step=40400; percent=4.20833; passedTime=2250.91; remTime=51235.9; MLUPs=18.559
[Timer] step=40400; percent=4.20833; passedTime=2250.91; remTime=51235.9; MLUPs=18.559
[LatticeStatistics] step=40600; t=0.5075; uMax=0; avEnergy=0; avRho=0.0120995
[Timer] step=40600; percent=4.22917; passedTime=2261.99; remTime=51223.5; MLUPs=18.5874
[Timer] step=40600; percent=4.22917; passedTime=2261.99; remTime=51223.5; MLUPs=18.5874
[LatticeStatistics] step=40800; t=0.51; uMax=0; avEnergy=0; avRho=0.0120995
[Timer] step=40800; percent=4.25; passedTime=2273.09; remTime=51211.4; MLUPs=18.5606
[Timer] step=40800; percent=4.25; passedTime=2273.09; remTime=51211.4; MLUPs=18.5606
[ValueTracer] average=0.0120995; stdDev/average=1.50117e-08
[LatticeStatistics] step=41000; t=0.5125; uMax=0; avEnergy=0; avRho=0.0120995
[Timer] step=41000; percent=4.27083; passedTime=2284.18; remTime=51199; MLUPs=18.5891
[Timer] step=41000; percent=4.27083; passedTime=2284.18; remTime=51199; MLUPs=18.5891
[LatticeStatistics] step=41200; t=0.515; uMax=0; avEnergy=0; avRho=0.0120995
[Timer] step=41200; percent=4.29167; passedTime=2295.29; remTime=51187.1; MLUPs=18.5489
[Timer] step=41200; percent=4.29167; passedTime=2295.29; remTime=51187.1; MLUPs=18.5489
[LatticeStatistics] step=41400; t=0.5175; uMax=0; avEnergy=0; avRho=0.0120995
[Timer] step=41400; percent=4.3125; passedTime=2306.41; remTime=51175.6; MLUPs=18.5256
[Timer] step=41400; percent=4.3125; passedTime=2306.41; remTime=51175.6; MLUPs=18.5256
[LatticeStatistics] step=41600; t=0.52; uMax=0; avEnergy=0; avRho=0.0120995
[Timer] step=41600; percent=4.33333; passedTime=2317.5; remTime=51163.3; MLUPs=18.5774
[Timer] step=41600; percent=4.33333; passedTime=2317.5; remTime=51163.3; MLUPs=18.5774
[ValueTracer] average=0.0120995; stdDev/average=1.18453e-08
[LatticeStatistics] step=41800; t=0.5225; uMax=0; avEnergy=0; avRho=0.0120995
[Timer] step=41800; percent=4.35417; passedTime=2328.64; remTime=51152.1; MLUPs=18.5006
[Timer] step=41800; percent=4.35417; passedTime=2328.64; remTime=51152.1; MLUPs=18.5006
[LatticeStatistics] step=42000; t=0.525; uMax=0; avEnergy=0; avRho=0.0120995
[Timer] step=42000; percent=4.375; passedTime=2339.73; remTime=51139.9; MLUPs=18.5807
[Timer] step=42000; percent=4.375; passedTime=2339.73; remTime=51139.9; MLUPs=18.5807
[main] Simulation converged. -- 42058
[main] ------42058
[main] Simulation converged. -- 42058
[main] ./100case5_addTemp_mink/100case5.csv
0.000, 1.000000e+00, 0.000000e+00, 0.000000e+00, 0.000000e+00, 0.000000e+00, 0.000000e+00
0.010, 9.142873e-01, 5.568732e-03, 1.162776e-03, 2.118631e-02, 0.000000e+00, 0.000000e+00
0.020, 8.305095e-01, 1.100775e-02, 2.314583e-03, 2.048941e-02, 0.000000e+00, 0.000000e+00
0.030, 7.503720e-01, 1.619687e-02, 3.444726e-03, 1.941508e-02, 0.000000e+00, 0.000000e+00
0.040, 6.751888e-01, 2.103348e-02, 4.543046e-03, 1.806948e-02, 0.000000e+00, 0.000000e+00
0.050, 6.058162e-01, 2.543784e-02, 5.600154e-03, 1.656443e-02, 0.000000e+00, 0.000000e+00
0.060, 5.426733e-01, 2.935540e-02, 6.607625e-03, 1.499992e-02, 0.000000e+00, 0.000000e+00
0.070, 4.858168e-01, 3.275638e-02, 7.558153e-03, 1.345467e-02, 0.000000e+00, 1.387779e-17
0.080, 4.350360e-01, 3.563312e-02, 8.445655e-03, 1.198389e-02, 1.387779e-17, 0.000000e+00
0.090, 3.899457e-01, 3.799630e-02, 9.265322e-03, 1.062150e-02, -1.387779e-17, 0.000000e+00
0.100, 3.500640e-01, 3.987063e-02, 1.001363e-02, 9.384459e-03, -1.387779e-17, -1.387779e-17
0.110, 3.148701e-01, 4.129060e-02, 1.068831e-02, 8.277520e-03, 0.000000e+00, 0.000000e+00
0.120, 2.838439e-01, 4.229675e-02, 1.128826e-02, 7.297336e-03, 1.387779e-17, 1.387779e-17
0.130, 2.564914e-01, 4.293257e-02, 1.181348e-02, 6.435743e-03, 2.775558e-17, 0.000000e+00
0.140, 2.323579e-01, 4.324211e-02, 1.226493e-02, 5.682106e-03, 0.000000e+00, -1.387779e-17
0.150, 2.110345e-01, 4.326822e-02, 1.264442e-02, 5.024897e-03, 1.387779e-17, -1.387779e-17
0.160, 1.921588e-01, 4.305143e-02, 1.295448e-02, 4.452690e-03, 0.000000e+00, 0.000000e+00
0.170, 1.754130e-01, 4.262916e-02, 1.319818e-02, 3.954726e-03, 0.000000e+00, 0.000000e+00
0.180, 1.605209e-01, 4.203540e-02, 1.337908e-02, 3.521210e-03, 0.000000e+00, -1.387779e-17
0.190, 1.472433e-01, 4.130056e-02, 1.350106e-02, 3.143411e-03, 0.000000e+00, 0.000000e+00
0.200, 1.353737e-01, 4.045156e-02, 1.356821e-02, 2.813670e-03, -1.387779e-17, 0.000000e+00
0.210, 1.247340e-01, 3.951196e-02, 1.358476e-02, 2.525331e-03, -1.387779e-17, -2.775558e-17
0.220, 1.151710e-01, 3.850219e-02, 1.355500e-02, 2.272655e-03, 0.000000e+00, 0.000000e+00
0.230, 1.065527e-01, 3.743990e-02, 1.348315e-02, 2.050713e-03, -1.387779e-17, -4.163336e-17
0.240, 9.876530e-02, 3.634016e-02, 1.337341e-02, 1.855286e-03, 0.000000e+00, 0.000000e+00
0.250, 9.171044e-02, 3.521578e-02, 1.322979e-02, 1.682768e-03, -1.387779e-17, -1.387779e-17
0.260, 8.530316e-02, 3.407759e-02, 1.305616e-02, 1.530078e-03, -1.387779e-17, 0.000000e+00
0.270, 7.946981e-02, 3.293464e-02, 1.285622e-02, 1.394585e-03, 0.000000e+00, 0.000000e+00
0.280, 7.414647e-02, 3.179450e-02, 1.263342e-02, 1.274039e-03, 0.000000e+00, -1.387779e-17
0.290, 6.927750e-02, 3.066341e-02, 1.239101e-02, 1.166514e-03, 0.000000e+00, -1.387779e-17
0.300, 6.481436e-02, 2.954646e-02, 1.213199e-02, 1.070358e-03, 2.775558e-17, -2.775558e-17
0.310, 6.071463e-02, 2.844780e-02, 1.185917e-02, 9.841552e-04, 1.387779e-17, 0.000000e+00
0.320, 5.694112e-02, 2.737074e-02, 1.157508e-02, 9.066849e-04, 0.000000e+00, 0.000000e+00
0.330, 5.346115e-02, 2.631785e-02, 1.128207e-02, 8.368959e-04, -1.387779e-17, 0.000000e+00
0.340, 5.024595e-02, 2.529116e-02, 1.098225e-02, 7.738800e-04, 0.000000e+00, 1.387779e-17
0.350, 4.727011e-02, 2.429213e-02, 1.067754e-02, 7.168507e-04, -2.775558e-17, 2.775558e-17
0.360, 4.451115e-02, 2.332184e-02, 1.036965e-02, 6.651256e-04, 0.000000e+00, 1.387779e-17
0.370, 4.194911e-02, 2.238098e-02, 1.006011e-02, 6.181110e-04, -1.387779e-17, 1.387779e-17
0.380, 3.956626e-02, 2.146994e-02, 9.750300e-03, 5.752896e-04, 0.000000e+00, 0.000000e+00
0.390, 3.734679e-02, 2.058888e-02, 9.441413e-03, 5.362093e-04, 0.000000e+00, -1.387779e-17
0.400, 3.527659e-02, 1.973773e-02, 9.134509e-03, 5.004743e-04, 0.000000e+00, 0.000000e+00
0.410, 3.334300e-02, 1.891627e-02, 8.830509e-03, 4.677373e-04, -1.540744e-31, -1.540744e-31
0.420, 3.153469e-02, 1.812412e-02, 8.530211e-03, 4.376928e-04, 2.775558e-17, 2.775558e-17
0.430, 2.984146e-02, 1.736080e-02, 8.234298e-03, 4.100715e-04, 1.387779e-17, 1.387779e-17
0.440, 2.825412e-02, 1.662573e-02, 7.943351e-03, 3.846357e-04, -1.387779e-17, -1.387779e-17
0.450, 2.676437e-02, 1.591827e-02, 7.657857e-03, 3.611748e-04, -1.387779e-17, -1.387779e-17
0.460, 2.536472e-02, 1.523772e-02, 7.378219e-03, 3.395022e-04, 0.000000e+00, -1.387779e-17
0.470, 2.404835e-02, 1.458334e-02, 7.104763e-03, 3.194521e-04, 1.387779e-17, -6.471125e-32
0.480, 2.280910e-02, 1.395435e-02, 6.837749e-03, 3.008768e-04, 0.000000e+00, 2.775558e-17
0.490, 2.164134e-02, 1.334996e-02, 6.577374e-03, 2.836444e-04, -2.775558e-17, 1.387779e-17
0.500, 2.053995e-02, 1.276938e-02, 6.323782e-03, 2.676374e-04, 0.000000e+00, 1.387779e-17
0.510, 1.950024e-02, 1.221178e-02, 6.077070e-03, 2.527502e-04, 0.000000e+00, 0.000000e+00
0.520, 1.851794e-02, 1.167638e-02, 5.837290e-03, 2.388883e-04, -1.387779e-17, 1.387779e-17
0.530, 1.758913e-02, 1.116235e-02, 5.604459e-03, 2.259668e-04, 0.000000e+00, 0.000000e+00
0.540, 1.671021e-02, 1.066890e-02, 5.378561e-03, 2.139091e-04, 0.000000e+00, 1.387779e-17
0.550, 1.587786e-02, 1.019526e-02, 5.159550e-03, 2.026463e-04, -1.387779e-17, -1.387779e-17
0.560, 1.508904e-02, 9.740646e-03, 4.947357e-03, 1.921162e-04, -1.387779e-17, 0.000000e+00
0.570, 1.434093e-02, 9.304309e-03, 4.741891e-03, 1.822625e-04, -1.417484e-31, 0.000000e+00
0.580, 1.363094e-02, 8.885510e-03, 4.543043e-03, 1.730340e-04, 0.000000e+00, 0.000000e+00
0.590, 1.295666e-02, 8.483531e-03, 4.350688e-03, 1.643847e-04, 0.000000e+00, -1.387779e-17
0.600, 1.231586e-02, 8.097672e-03, 4.164687e-03, 1.562724e-04, -2.775558e-17, 0.000000e+00
0.610, 1.170648e-02, 7.727252e-03, 3.984893e-03, 1.486588e-04, 0.000000e+00, 0.000000e+00
0.620, 1.112659e-02, 7.371611e-03, 3.811148e-03, 1.415092e-04, 0.000000e+00, 0.000000e+00
0.630, 1.057441e-02, 7.030109e-03, 3.643287e-03, 1.347918e-04, -1.387779e-17, 0.000000e+00
0.640, 1.004826e-02, 6.702123e-03, 3.481138e-03, 1.284775e-04, -1.387779e-17, 1.387779e-17
0.650, 9.546586e-03, 6.387053e-03, 3.324528e-03, 1.225397e-04, -1.387779e-17, -2.775558e-17
0.660, 9.067939e-03, 6.084318e-03, 3.173278e-03, 1.169542e-04, 0.000000e+00, 0.000000e+00
0.670, 8.610952e-03, 5.793356e-03, 3.027206e-03, 1.116987e-04, 1.387779e-17, 1.387779e-17
0.680, 8.174349e-03, 5.513621e-03, 2.886133e-03, 1.067527e-04, 0.000000e+00, 0.000000e+00
0.690, 7.756931e-03, 5.244589e-03, 2.749874e-03, 1.020975e-04, -1.540744e-31, -1.387779e-17
0.700, 7.357570e-03, 4.985751e-03, 2.618249e-03, 9.771573e-05, 1.387779e-17, 0.000000e+00
0.710, 6.975205e-03, 4.736618e-03, 2.491075e-03, 9.359163e-05, 0.000000e+00, 0.000000e+00
0.720, 6.608836e-03, 4.496714e-03, 2.368172e-03, 8.971053e-05, 0.000000e+00, 0.000000e+00
0.730, 6.257521e-03, 4.265582e-03, 2.249361e-03, 8.605896e-05, -2.775558e-17, -1.387779e-17
0.740, 5.920365e-03, 4.042778e-03, 2.134465e-03, 8.262451e-05, -2.775558e-17, -1.387779e-17
0.750, 5.596525e-03, 3.827875e-03, 2.023309e-03, 7.939572e-05, 1.387779e-17, 0.000000e+00
0.760, 5.285199e-03, 3.620458e-03, 1.915721e-03, 7.636202e-05, 0.000000e+00, -1.387779e-17
0.770, 4.985628e-03, 3.420126e-03, 1.811530e-03, 7.351367e-05, 1.387779e-17, 0.000000e+00
0.780, 4.697090e-03, 3.226493e-03, 1.710569e-03, 7.084166e-05, 0.000000e+00, 0.000000e+00
0.790, 4.418895e-03, 3.039182e-03, 1.612673e-03, 6.833770e-05, 2.775558e-17, 0.000000e+00
0.800, 4.150388e-03, 2.857830e-03, 1.517680e-03, 6.599412e-05, 1.387779e-17, 0.000000e+00
0.810, 3.890942e-03, 2.682083e-03, 1.425431e-03, 6.380386e-05, 1.387779e-17, 0.000000e+00
0.820, 3.639957e-03, 2.511600e-03, 1.335769e-03, 6.176040e-05, 0.000000e+00, -3.081488e-31
0.830, 3.396859e-03, 2.346048e-03, 1.248540e-03, 5.985775e-05, -1.540744e-31, 2.775558e-17
0.840, 3.161095e-03, 2.185103e-03, 1.163594e-03, 5.809041e-05, 1.387779e-17, 0.000000e+00
0.850, 2.932136e-03, 2.028451e-03, 1.080781e-03, 5.645331e-05, 1.387779e-17, 0.000000e+00
0.860, 2.709469e-03, 1.875785e-03, 9.999547e-04, 5.494182e-05, 0.000000e+00, 0.000000e+00
0.870, 2.492601e-03, 1.726807e-03, 9.209721e-04, 5.355170e-05, 0.000000e+00, 0.000000e+00
0.880, 2.281055e-03, 1.581223e-03, 8.436913e-04, 5.227910e-05, 1.387779e-17, 0.000000e+00
0.890, 2.074368e-03, 1.438749e-03, 7.679728e-04, 5.112051e-05, 1.387779e-17, 2.775558e-17
0.900, 1.872091e-03, 1.299105e-03, 6.936792e-04, 5.007277e-05, -1.387779e-17, 1.387779e-17
0.910, 1.673786e-03, 1.162017e-03, 6.206750e-04, 4.913305e-05, 0.000000e+00, 1.387779e-17
0.920, 1.479027e-03, 1.027215e-03, 5.488263e-04, 4.829882e-05, 0.000000e+00, 1.387779e-17
0.930, 1.287395e-03, 8.944341e-04, 4.780007e-04, 4.756785e-05, -1.387779e-17, 0.000000e+00
0.940, 1.098484e-03, 7.634136e-04, 4.080672e-04, 4.693819e-05, -1.387779e-17, 0.000000e+00
0.950, 9.118900e-04, 6.338958e-04, 3.388961e-04, 4.640817e-05, 1.540744e-31, 1.387779e-17
0.960, 7.272184e-04, 5.056256e-04, 2.703587e-04, 4.597641e-05, -1.387779e-17, -1.387779e-17
0.970, 5.440787e-04, 3.783508e-04, 2.023273e-04, 4.564176e-05, 0.000000e+00, 0.000000e+00
0.980, 3.620844e-04, 2.518208e-04, 1.346747e-04, 4.540334e-05, 0.000000e+00, -1.387779e-17
0.990, 1.808519e-04, 1.257866e-04, 6.727433e-05, 4.526055e-05, 0.000000e+00, -1.387779e-17
1.000, 0.000000e+00, 0.000000e+00, 0.000000e+00, 0.000000e+00, 0.000000e+00, 0.000000e+00
[Timer] 
[Timer] ----------------Summary:Timer----------------
[Timer] measured time (rt) : 2345.530s
[Timer] measured time (cpu): 2304.760s
[Timer] average MLUPs :       18.449
[Timer] average MLUPps:       18.449
[Timer] ---------------------------------------------
