[MpiManager] Sucessfully initialized, numThreads=1
[Directories] Directory ./100case28_addTemp_mink/ created.
[Directories] Directory ./100case28_addTemp_mink/imageData/ created.
[Directories] Directory ./100case28_addTemp_mink/imageData/data/ created.
[Directories] Directory ./100case28_addTemp_mink/vtkData/ created.
[Directories] Directory ./100case28_addTemp_mink/vtkData/data/ created.
[Directories] Directory ./100case28_addTemp_mink/gnuplotData/ created.
[Directories] Directory ./100case28_addTemp_mink/gnuplotData/data/ created.
[main] case28
[main] omega = .... 1
[main] omega 1
[main] working with diffuse approximation
[main] omega=1
[main] latticeSink=0.0045
[RadiativeUnitConverter] ----------------- UnitConverter information -----------------
[RadiativeUnitConverter] -- Parameters:
[RadiativeUnitConverter] Resolution:                       N=              100
[RadiativeUnitConverter] Lattice relaxation frequency:     omega=          1
[RadiativeUnitConverter] Lattice relaxation time:          tau=            1
[RadiativeUnitConverter] Characteristical length(m):       charL=          1
[RadiativeUnitConverter] Phys. density(kg/m^d):            charRho=        1
[RadiativeUnitConverter] Phys. absorption(1/m):            mu_a=           6
[RadiativeUnitConverter] Phys. scattering(1/m):            mu_s=           14
[RadiativeUnitConverter] Extinction(1/m):                  mu_t=           20
[RadiativeUnitConverter] Effective attenuation(1/m):       mu_eff=         18.9737
[RadiativeUnitConverter] Phys. diffusion(m):               D=              0.0166667
[RadiativeUnitConverter] Single scattering albedo:         albedo=         0.7
[RadiativeUnitConverter] Anisotropy factor:                g=              0
[RadiativeUnitConverter] 
[RadiativeUnitConverter] Lattice diffusion:                D^*=            1.66667
[RadiativeUnitConverter] Lattice absorption:               absorption=     0.06
[RadiativeUnitConverter] Lattice scattering:               scattering=     0.14
[RadiativeUnitConverter] Lattice sink:                     sink=           0.0045
[RadiativeUnitConverter] C_R: 1
[RadiativeUnitConverter] r_F: 1.73913
[RadiativeUnitConverter] 
[RadiativeUnitConverter] -- Conversion factors:
[RadiativeUnitConverter] Voxel length(m):                  physDeltaX=     0.01
[RadiativeUnitConverter] Time step(s):                     physDeltaT=     1.25e-05
[RadiativeUnitConverter] Density factor(kg/m^3):           physDensity=    1
[RadiativeUnitConverter] -------------------------------------------------------------
[prepareGeometryCube] Prepare cubeGeometry ...
[SuperGeometry3D] cleaned 0 outer boundary voxel(s)
[SuperGeometry3D] cleaned 0 inner boundary voxel(s)
[SuperGeometry3D] the model is correct!
[CuboidGeometry3D] ---Cuboid Stucture Statistics---
[CuboidGeometry3D]  Number of Cuboids: 	2
[CuboidGeometry3D]  Delta  (min): 		0.01
[CuboidGeometry3D]         (max): 		0.01
[CuboidGeometry3D]  Ratio  (min): 		0.49505
[CuboidGeometry3D]         (max): 		2.02
[CuboidGeometry3D]  Nodes  (min): 		510050
[CuboidGeometry3D]         (max): 		520251
[CuboidGeometry3D]  Weight (min): 		510050
[CuboidGeometry3D]         (max): 		520251
[CuboidGeometry3D] --------------------------------
[SuperGeometryStatistics3D] materialNumber=1; count=970299; minPhysR=(0.01,-0.49,-0.49); maxPhysR=(0.99,0.49,0.49)
[SuperGeometryStatistics3D] materialNumber=2; count=59561; minPhysR=(0,-0.5,-0.5); maxPhysR=(1,0.5,0.5)
[SuperGeometryStatistics3D] materialNumber=3; count=441; minPhysR=(0,-0.1,-0.1); maxPhysR=(0,0.1,0.1)
[prepareGeometryCube] Prepare cubeGeometry ... OK
[prepareLattice] Prepare Lattice ...
[prepareLattice] Prepare Lattice ... OK
[main] iT convergence criteria: 640
[LatticeStatistics] step=0; t=0; uMax=0; avEnergy=0; avRho=1
[Timer] step=0; percent=0; passedTime=0; remTime=0.001; MLUPs=0
[Timer] step=0; percent=0; passedTime=0; remTime=0.001; MLUPs=0
[LatticeStatistics] step=200; t=0.0025; uMax=0; avEnergy=0; avRho=0.00207127
[Timer] step=200; percent=0.0208333; passedTime=9.657; remTime=46343.9; MLUPs=21.3379
[Timer] step=200; percent=0.0208333; passedTime=9.657; remTime=46343.9; MLUPs=21.3379
[LatticeStatistics] step=400; t=0.005; uMax=0; avEnergy=0; avRho=0.00234605
[Timer] step=400; percent=0.0416667; passedTime=19.583; remTime=46979.6; MLUPs=20.7576
[Timer] step=400; percent=0.0416667; passedTime=19.583; remTime=46979.6; MLUPs=20.7576
[LatticeStatistics] step=600; t=0.0075; uMax=0; avEnergy=0; avRho=0.0024307
[Timer] step=600; percent=0.0625; passedTime=29.755; remTime=47578.2; MLUPs=20.2596
[Timer] step=600; percent=0.0625; passedTime=29.755; remTime=47578.2; MLUPs=20.2596
[ValueTracer] average=0.00209826; stdDev/average=0.198463
[LatticeStatistics] step=800; t=0.01; uMax=0; avEnergy=0; avRho=0.00245949
[Timer] step=800; percent=0.0833333; passedTime=40.158; remTime=48149.4; MLUPs=19.8078
[Timer] step=800; percent=0.0833333; passedTime=40.158; remTime=48149.4; MLUPs=19.8078
[LatticeStatistics] step=1000; t=0.0125; uMax=0; avEnergy=0; avRho=0.00246971
[Timer] step=1000; percent=0.104167; passedTime=50.639; remTime=48562.8; MLUPs=19.6622
[Timer] step=1000; percent=0.104167; passedTime=50.639; remTime=48562.8; MLUPs=19.6622
[LatticeStatistics] step=1200; t=0.015; uMax=0; avEnergy=0; avRho=0.00247341
[Timer] step=1200; percent=0.125; passedTime=61.107; remTime=48824.5; MLUPs=19.6829
[Timer] step=1200; percent=0.125; passedTime=61.107; remTime=48824.5; MLUPs=19.6829
[ValueTracer] average=0.00246484; stdDev/average=0.00377985
[LatticeStatistics] step=1400; t=0.0175; uMax=0; avEnergy=0; avRho=0.00247477
[Timer] step=1400; percent=0.145833; passedTime=71.544; remTime=48987.2; MLUPs=19.7451
[Timer] step=1400; percent=0.145833; passedTime=71.544; remTime=48987.2; MLUPs=19.7451
[LatticeStatistics] step=1600; t=0.02; uMax=0; avEnergy=0; avRho=0.00247527
[Timer] step=1600; percent=0.166667; passedTime=81.94; remTime=49082.1; MLUPs=19.8211
[Timer] step=1600; percent=0.166667; passedTime=81.94; remTime=49082.1; MLUPs=19.8211
[LatticeStatistics] step=1800; t=0.0225; uMax=0; avEnergy=0; avRho=0.00247546
[Timer] step=1800; percent=0.1875; passedTime=92.32; remTime=49145; MLUPs=19.8497
[Timer] step=1800; percent=0.1875; passedTime=92.32; remTime=49145; MLUPs=19.8497
[ValueTracer] average=0.00247513; stdDev/average=0.000150473
[LatticeStatistics] step=2000; t=0.025; uMax=0; avEnergy=0; avRho=0.00247553
[Timer] step=2000; percent=0.208333; passedTime=102.708; remTime=49197.1; MLUPs=19.8383
[Timer] step=2000; percent=0.208333; passedTime=102.708; remTime=49197.1; MLUPs=19.8383
[LatticeStatistics] step=2200; t=0.0275; uMax=0; avEnergy=0; avRho=0.00247556
[Timer] step=2200; percent=0.229167; passedTime=113.08; remTime=49230.9; MLUPs=19.867
[Timer] step=2200; percent=0.229167; passedTime=113.08; remTime=49230.9; MLUPs=19.867
[LatticeStatistics] step=2400; t=0.03; uMax=0; avEnergy=0; avRho=0.00247557
[Timer] step=2400; percent=0.25; passedTime=123.486; remTime=49270.9; MLUPs=19.8021
[Timer] step=2400; percent=0.25; passedTime=123.486; remTime=49270.9; MLUPs=19.8021
[ValueTracer] average=0.00247555; stdDev/average=6.38263e-06
[LatticeStatistics] step=2600; t=0.0325; uMax=0; avEnergy=0; avRho=0.00247557
[Timer] step=2600; percent=0.270833; passedTime=133.872; remTime=49295.8; MLUPs=19.8402
[Timer] step=2600; percent=0.270833; passedTime=133.872; remTime=49295.8; MLUPs=19.8402
[LatticeStatistics] step=2800; t=0.035; uMax=0; avEnergy=0; avRho=0.00247557
[Timer] step=2800; percent=0.291667; passedTime=144.245; remTime=49311.2; MLUPs=19.8651
[Timer] step=2800; percent=0.291667; passedTime=144.245; remTime=49311.2; MLUPs=19.8651
[LatticeStatistics] step=3000; t=0.0375; uMax=0; avEnergy=0; avRho=0.00247557
[Timer] step=3000; percent=0.3125; passedTime=154.836; remTime=49392.7; MLUPs=19.458
[Timer] step=3000; percent=0.3125; passedTime=154.836; remTime=49392.7; MLUPs=19.458
[LatticeStatistics] step=3200; t=0.04; uMax=0; avEnergy=0; avRho=0.00247557
[Timer] step=3200; percent=0.333333; passedTime=165.204; remTime=49396; MLUPs=19.8727
[Timer] step=3200; percent=0.333333; passedTime=165.204; remTime=49396; MLUPs=19.8727
[ValueTracer] average=0.00247557; stdDev/average=2.75664e-07
[LatticeStatistics] step=3400; t=0.0425; uMax=0; avEnergy=0; avRho=0.00247557
[Timer] step=3400; percent=0.354167; passedTime=176.09; remTime=49543.4; MLUPs=18.9289
[Timer] step=3400; percent=0.354167; passedTime=176.09; remTime=49543.4; MLUPs=18.9289
[LatticeStatistics] step=3600; t=0.045; uMax=0; avEnergy=0; avRho=0.00247557
[Timer] step=3600; percent=0.375; passedTime=186.463; remTime=49537; MLUPs=19.867
[Timer] step=3600; percent=0.375; passedTime=186.463; remTime=49537; MLUPs=19.867
[LatticeStatistics] step=3800; t=0.0475; uMax=0; avEnergy=0; avRho=0.00247557
[Timer] step=3800; percent=0.395833; passedTime=196.852; remTime=49534.2; MLUPs=19.8364
[Timer] step=3800; percent=0.395833; passedTime=196.852; remTime=49534.2; MLUPs=19.8364
[ValueTracer] average=0.00247557; stdDev/average=1.20133e-08
[main] Simulation converged. -- 3878
[main] ------3878
[main] Simulation converged. -- 3878
[main] ./100case28_addTemp_mink/100case28.csv
0.000, 1.000000e+00, 0.000000e+00, 0.000000e+00, 0.000000e+00, 0.000000e+00, 0.000000e+00
0.010, 8.214221e-01, 6.102545e-04, 2.007941e-05, 4.175643e-02, 1.387779e-17, 0.000000e+00
0.020, 6.683773e-01, 1.191255e-03, 3.973717e-05, 3.465230e-02, 0.000000e+00, 0.000000e+00
0.030, 5.416645e-01, 1.711820e-03, 5.839440e-05, 2.862218e-02, 0.000000e+00, 0.000000e+00
0.040, 4.373013e-01, 2.150169e-03, 7.561221e-05, 2.351328e-02, 0.000000e+00, -2.775558e-17
0.050, 3.518326e-01, 2.492815e-03, 9.102106e-05, 1.920733e-02, 0.000000e+00, 0.000000e+00
0.060, 2.822313e-01, 2.734791e-03, 1.043350e-04, 1.560460e-02, 0.000000e+00, 0.000000e+00
0.070, 2.258476e-01, 2.878700e-03, 1.153600e-04, 1.261500e-02, 0.000000e+00, -1.387779e-17
0.080, 1.803819e-01, 2.933015e-03, 1.239952e-04, 1.015451e-02, 0.000000e+00, -1.387779e-17
0.090, 1.438625e-01, 2.910094e-03, 1.302296e-04, 8.144828e-03, 1.387779e-17, 0.000000e+00
0.100, 1.146218e-01, 2.824279e-03, 1.341326e-04, 6.514269e-03, 0.000000e+00, 0.000000e+00
0.110, 9.126695e-02, 2.690310e-03, 1.358421e-04, 5.198718e-03, 0.000000e+00, 0.000000e+00
0.120, 7.264763e-02, 2.522148e-03, 1.355498e-04, 4.142156e-03, 0.000000e+00, 0.000000e+00
0.130, 5.782319e-02, 2.332224e-03, 1.334859e-04, 3.296651e-03, 1.387779e-17, 1.387779e-17
0.140, 4.603038e-02, 2.131048e-03, 1.299042e-04, 2.621905e-03, 1.387779e-17, -1.387779e-17
0.150, 3.665381e-02, 1.927085e-03, 1.250683e-04, 2.084523e-03, 2.775558e-17, 1.387779e-17
0.160, 2.919981e-02, 1.726842e-03, 1.192399e-04, 1.657150e-03, 0.000000e+00, 0.000000e+00
0.170, 2.327386e-02, 1.535053e-03, 1.126692e-04, 1.317581e-03, 0.000000e+00, -1.387779e-17
0.180, 1.856157e-02, 1.354940e-03, 1.055877e-04, 1.047918e-03, 1.387779e-17, -1.387779e-17
0.190, 1.481290e-02, 1.188483e-03, 9.820298e-05, 8.338136e-04, 1.387779e-17, 1.387779e-17
0.200, 1.182930e-02, 1.036679e-03, 9.069624e-05, 6.638115e-04, 0.000000e+00, 0.000000e+00
0.210, 9.453242e-03, 8.997795e-04, 8.322077e-05, 5.287940e-04, 0.000000e+00, 1.387779e-17
0.220, 7.559790e-03, 7.774936e-04, 7.590234e-05, 4.215184e-04, -2.775558e-17, -1.387779e-17
0.230, 6.049885e-03, 6.691534e-04, 6.884052e-05, 3.362406e-04, -1.387779e-17, 0.000000e+00
0.240, 4.844974e-03, 5.738484e-04, 6.211078e-05, 2.684087e-04, -2.775558e-17, 1.387779e-17
0.250, 3.882748e-03, 4.905292e-04, 5.576705e-05, 2.144178e-04, 0.000000e+00, 0.000000e+00
0.260, 3.113763e-03, 4.180841e-04, 4.984449e-05, 1.714133e-04, 0.000000e+00, -1.387779e-17
0.270, 2.498759e-03, 3.553965e-04, 4.436241e-05, 1.371343e-04, 1.387779e-17, 1.387779e-17
0.280, 2.006543e-03, 3.013832e-04, 3.932700e-05, 1.097898e-04, 0.000000e+00, 0.000000e+00
0.290, 1.612319e-03, 2.550206e-04, 3.473395e-05, 8.796043e-05, 1.387779e-17, 0.000000e+00
0.300, 1.296355e-03, 2.153602e-04, 3.057079e-05, 7.052062e-05, 1.387779e-17, -1.387779e-17
0.310, 1.042939e-03, 1.815367e-04, 2.681896e-05, 5.657719e-05, 1.387779e-17, 0.000000e+00
0.320, 8.395541e-04, 1.527704e-04, 2.345561e-05, 4.542086e-05, 1.387779e-17, 0.000000e+00
0.330, 6.762148e-04, 1.283658e-04, 2.045510e-05, 3.648802e-05, -1.387779e-17, 1.387779e-17
0.340, 5.449530e-04, 1.077082e-04, 1.779019e-05, 2.933040e-05, 0.000000e+00, -2.775558e-17
0.350, 4.394040e-04, 9.025817e-05, 1.543310e-05, 2.359121e-05, 1.387779e-17, 0.000000e+00
0.360, 3.544801e-04, 7.554506e-05, 1.335621e-05, 1.898622e-05, 0.000000e+00, 0.000000e+00
0.370, 2.861115e-04, 6.316074e-05, 1.153269e-05, 1.528885e-05, 1.387779e-17, 1.387779e-17
0.380, 2.310399e-04, 5.275286e-05, 9.936896e-06, 1.231831e-05, 0.000000e+00, 0.000000e+00
0.390, 1.866551e-04, 4.401848e-05, 8.544668e-06, 9.930238e-06, 0.000000e+00, -1.387779e-17
0.400, 1.508645e-04, 3.669815e-05, 7.333515e-06, 8.009261e-06, -1.387779e-17, 1.387779e-17
0.410, 1.219895e-04, 3.057035e-05, 6.282703e-06, 6.463118e-06, 1.387779e-17, 0.000000e+00
0.420, 9.868238e-05, 2.544654e-05, 5.373290e-06, 5.217966e-06, 0.000000e+00, 0.000000e+00
0.430, 7.986055e-05, 2.116662e-05, 4.588096e-06, 4.214665e-06, -1.387779e-17, 0.000000e+00
0.440, 6.465392e-05, 1.759503e-05, 3.911649e-06, 3.405812e-06, 0.000000e+00, 0.000000e+00
0.450, 5.236265e-05, 1.461716e-05, 3.330095e-06, 2.753389e-06, 0.000000e+00, 0.000000e+00
0.460, 4.242358e-05, 1.213634e-05, 2.831097e-06, 2.226883e-06, -1.387779e-17, -2.775558e-17
0.470, 3.438324e-05, 1.007120e-05, 2.403723e-06, 1.801790e-06, -6.471125e-32, -1.294225e-31
0.480, 2.787630e-05, 8.353289e-06, 2.038327e-06, 1.458419e-06, 1.387779e-17, 0.000000e+00
0.490, 2.260827e-05, 6.925175e-06, 1.726431e-06, 1.180934e-06, 1.387779e-17, -1.387779e-17
0.500, 1.834169e-05, 5.738701e-06, 1.460615e-06, 9.565978e-07, 0.000000e+00, 1.387779e-17
0.510, 1.488492e-05, 4.753546e-06, 1.234402e-06, 7.751542e-07, 4.163336e-17, 0.000000e+00
0.520, 1.208327e-05, 3.935992e-06, 1.042159e-06, 6.283432e-07, 1.387779e-17, 0.000000e+00
0.530, 9.811824e-06, 3.257864e-06, 8.789991e-07, 5.095081e-07, 1.387779e-17, -1.387779e-17
0.540, 7.969628e-06, 2.695650e-06, 7.406949e-07, 4.132816e-07, 0.000000e+00, 0.000000e+00
0.550, 6.475090e-06, 2.229741e-06, 6.235987e-07, 3.353339e-07, 1.387779e-17, 0.000000e+00
0.560, 5.262226e-06, 1.843801e-06, 5.245699e-07, 2.721706e-07, 0.000000e+00, 0.000000e+00
0.570, 4.277654e-06, 1.524227e-06, 4.409102e-07, 2.209699e-07, 0.000000e+00, 0.000000e+00
0.580, 3.478172e-06, 1.259704e-06, 3.703062e-07, 1.794525e-07, 1.387779e-17, 2.775558e-17
0.590, 2.828802e-06, 1.040824e-06, 3.107783e-07, 1.457761e-07, -1.387779e-17, -1.387779e-17
0.600, 2.301215e-06, 8.597692e-07, 2.606350e-07, 1.184515e-07, 0.000000e+00, -1.387779e-17
0.610, 1.872457e-06, 7.100487e-07, 2.184342e-07, 9.627387e-08, 0.000000e+00, -1.387779e-17
0.620, 1.523926e-06, 5.862751e-07, 1.829475e-07, 7.826844e-08, 0.000000e+00, -1.387779e-17
0.630, 1.240540e-06, 4.839793e-07, 1.531306e-07, 6.364616e-08, 0.000000e+00, 0.000000e+00
0.640, 1.010065e-06, 3.994559e-07, 1.280968e-07, 5.176807e-08, 1.387779e-17, -1.387779e-17
0.650, 8.225794e-07, 3.296341e-07, 1.070943e-07, 4.211658e-08, 1.387779e-17, -1.387779e-17
0.660, 6.700285e-07, 2.719697e-07, 8.948611e-08, 3.427226e-08, 0.000000e+00, -1.387779e-17
0.670, 5.458753e-07, 2.243562e-07, 7.473359e-08, 2.789512e-08, 0.000000e+00, 1.387779e-17
0.680, 4.448116e-07, 1.850497e-07, 6.238152e-08, 2.270948e-08, -1.387779e-17, 1.387779e-17
0.690, 3.625259e-07, 1.526071e-07, 5.204565e-08, 1.849170e-08, 1.387779e-17, -1.387779e-17
0.700, 2.955154e-07, 1.258346e-07, 4.340195e-08, 1.506034e-08, 1.540744e-31, 2.775558e-17
0.710, 2.409334e-07, 1.037450e-07, 3.617747e-08, 1.226816e-08, -1.387779e-17, 0.000000e+00
0.720, 1.964661e-07, 8.552227e-08, 3.014242e-08, 9.995582e-09, 1.387779e-17, 2.775558e-17
0.730, 1.602322e-07, 7.049169e-08, 2.510358e-08, 8.145528e-09, 1.387779e-17, 0.000000e+00
0.740, 1.307017e-07, 5.809589e-08, 2.089859e-08, 6.639128e-09, 0.000000e+00, 0.000000e+00
0.750, 1.066300e-07, 4.787438e-08, 1.739111e-08, 5.412306e-09, -1.387779e-17, 0.000000e+00
0.760, 8.700449e-08, 3.944683e-08, 1.446676e-08, 4.412980e-09, -2.775558e-17, -2.775558e-17
0.770, 7.100104e-08, 3.249919e-08, 1.202963e-08, 3.598816e-09, 0.000000e+00, 0.000000e+00
0.780, 5.794883e-08, 2.677217e-08, 9.999385e-09, 2.935391e-09, 0.000000e+00, 0.000000e+00
0.790, 4.730167e-08, 2.205176e-08, 8.308725e-09, 2.394706e-09, 0.000000e+00, 0.000000e+00
0.800, 3.861477e-08, 1.816131e-08, 6.901348e-09, 1.953988e-09, 0.000000e+00, 2.775558e-17
0.810, 3.152583e-08, 1.495505e-08, 5.730158e-09, 1.594707e-09, 0.000000e+00, 0.000000e+00
0.820, 2.573964e-08, 1.231273e-08, 4.755787e-09, 1.301784e-09, 1.387779e-17, -1.540744e-31
0.830, 2.101566e-08, 1.013511e-08, 3.945338e-09, 1.062947e-09, -1.540744e-31, 1.387779e-17
0.840, 1.715778e-08, 8.340316e-09, 3.271332e-09, 8.682049e-10, 1.387779e-17, 0.000000e+00
0.850, 1.400607e-08, 6.860819e-09, 2.710825e-09, 7.094261e-10, 0.000000e+00, 1.387779e-17
0.860, 1.143011e-08, 5.640882e-09, 2.244661e-09, 5.799912e-10, 0.000000e+00, -1.387779e-17
0.870, 9.323428e-09, 4.634506e-09, 1.856848e-09, 4.745118e-10, -2.775558e-17, -1.387779e-17
0.880, 7.599071e-09, 3.803713e-09, 1.534033e-09, 3.886041e-10, 0.000000e+00, 0.000000e+00
0.890, 6.185976e-09, 3.117121e-09, 1.265060e-09, 3.187022e-10, -2.775558e-17, -4.163336e-17
0.900, 5.025982e-09, 2.548775e-09, 1.040603e-09, 2.619093e-10, 1.387779e-17, -2.775558e-17
0.910, 4.071413e-09, 2.077170e-09, 8.528527e-10, 2.158746e-10, 1.387779e-17, 0.000000e+00
0.920, 3.283087e-09, 1.684449e-09, 6.952540e-10, 1.786951e-10, 0.000000e+00, 0.000000e+00
0.930, 2.628692e-09, 1.355731e-09, 5.622866e-10, 1.488358e-10, 0.000000e+00, 1.387779e-17
0.940, 2.081440e-09, 1.078549e-09, 4.492782e-10, 1.250653e-10, -1.387779e-17, 1.417484e-31
0.950, 1.618960e-09, 8.423834e-10, 3.522450e-10, 1.064042e-10, 0.000000e+00, 0.000000e+00
0.960, 1.222370e-09, 6.382638e-10, 2.677552e-10, 9.208451e-11, 0.000000e+00, 0.000000e+00
0.970, 8.755020e-10, 4.584326e-10, 1.928121e-10, 8.151721e-11, 0.000000e+00, 0.000000e+00
0.980, 5.642291e-10, 2.960511e-10, 1.247508e-10, 7.426801e-11, 0.000000e+00, 0.000000e+00
0.990, 2.758884e-10, 1.449403e-10, 6.114531e-11, 7.003910e-11, 1.387779e-17, -1.387779e-17
1.000, 0.000000e+00, 0.000000e+00, 0.000000e+00, 0.000000e+00, 0.000000e+00, 0.000000e+00
[Timer] 
[Timer] ----------------Summary:Timer----------------
[Timer] measured time (rt) : 203.143s
[Timer] measured time (cpu): 199.280s
[Timer] average MLUPs :       19.273
[Timer] average MLUPps:       19.273
[Timer] ---------------------------------------------
