[MpiManager] Sucessfully initialized, numThreads=1
[Directories] Directory ./50case28_addTemp_mink/ created.
[Directories] Directory ./50case28_addTemp_mink/imageData/ created.
[Directories] Directory ./50case28_addTemp_mink/imageData/data/ created.
[Directories] Directory ./50case28_addTemp_mink/vtkData/ created.
[Directories] Directory ./50case28_addTemp_mink/vtkData/data/ created.
[Directories] Directory ./50case28_addTemp_mink/gnuplotData/ created.
[Directories] Directory ./50case28_addTemp_mink/gnuplotData/data/ created.
[main] case28
[main] omega = .... 1
[main] omega 1
[main] working with diffuse approximation
[main] omega=1
[main] latticeSink=0.018
[RadiativeUnitConverter] ----------------- UnitConverter information -----------------
[RadiativeUnitConverter] -- Parameters:
[RadiativeUnitConverter] Resolution:                       N=              50
[RadiativeUnitConverter] Lattice relaxation frequency:     omega=          1
[RadiativeUnitConverter] Lattice relaxation time:          tau=            1
[RadiativeUnitConverter] Characteristical length(m):       charL=          1
[RadiativeUnitConverter] Phys. density(kg/m^d):            charRho=        1
[RadiativeUnitConverter] Phys. absorption(1/m):            mu_a=           6
[RadiativeUnitConverter] Phys. scattering(1/m):            mu_s=           14
[RadiativeUnitConverter] Extinction(1/m):                  mu_t=           20
[RadiativeUnitConverter] Effective attenuation(1/m):       mu_eff=         18.9737
[RadiativeUnitConverter] Phys. diffusion(m):               D=              0.0166667
[RadiativeUnitConverter] Single scattering albedo:         albedo=         0.7
[RadiativeUnitConverter] Anisotropy factor:                g=              0
[RadiativeUnitConverter] 
[RadiativeUnitConverter] Lattice diffusion:                D^*=            0.833333
[RadiativeUnitConverter] Lattice absorption:               absorption=     0.12
[RadiativeUnitConverter] Lattice scattering:               scattering=     0.28
[RadiativeUnitConverter] Lattice sink:                     sink=           0.018
[RadiativeUnitConverter] C_R: 1
[RadiativeUnitConverter] r_F: 1.53846
[RadiativeUnitConverter] 
[RadiativeUnitConverter] -- Conversion factors:
[RadiativeUnitConverter] Voxel length(m):                  physDeltaX=     0.02
[RadiativeUnitConverter] Time step(s):                     physDeltaT=     5e-05
[RadiativeUnitConverter] Density factor(kg/m^3):           physDensity=    1
[RadiativeUnitConverter] -------------------------------------------------------------
[prepareGeometryCube] Prepare cubeGeometry ...
[SuperGeometry3D] cleaned 0 outer boundary voxel(s)
[SuperGeometry3D] cleaned 0 inner boundary voxel(s)
[SuperGeometry3D] the model is correct!
[CuboidGeometry3D] ---Cuboid Stucture Statistics---
[CuboidGeometry3D]  Number of Cuboids: 	2
[CuboidGeometry3D]  Delta  (min): 		0.02
[CuboidGeometry3D]         (max): 		0.02
[CuboidGeometry3D]  Ratio  (min): 		0.490196
[CuboidGeometry3D]         (max): 		2.04
[CuboidGeometry3D]  Nodes  (min): 		65025
[CuboidGeometry3D]         (max): 		67626
[CuboidGeometry3D]  Weight (min): 		65025
[CuboidGeometry3D]         (max): 		67626
[CuboidGeometry3D] --------------------------------
[SuperGeometryStatistics3D] materialNumber=1; count=117649; minPhysR=(0.02,-0.48,-0.48); maxPhysR=(0.98,0.48,0.48)
[SuperGeometryStatistics3D] materialNumber=2; count=14881; minPhysR=(0,-0.5,-0.5); maxPhysR=(1,0.5,0.5)
[SuperGeometryStatistics3D] materialNumber=3; count=121; minPhysR=(0,-0.1,-0.1); maxPhysR=(0,0.1,0.1)
[prepareGeometryCube] Prepare cubeGeometry ... OK
[prepareLattice] Prepare Lattice ...
[prepareLattice] Prepare Lattice ... OK
[main] iT convergence criteria: 160
[LatticeStatistics] step=0; t=0; uMax=0; avEnergy=0; avRho=1
[Timer] step=0; percent=0; passedTime=0; remTime=0.001; MLUPs=0
[Timer] step=0; percent=0; passedTime=0; remTime=0.001; MLUPs=0
[LatticeStatistics] step=100; t=0.005; uMax=0; avEnergy=0; avRho=0.00275142
[Timer] step=100; percent=0.0416667; passedTime=1.027; remTime=2463.77; MLUPs=12.9164
[Timer] step=100; percent=0.0416667; passedTime=1.027; remTime=2463.77; MLUPs=12.9164
[ValueTracer] average=0.00249349; stdDev/average=0.173839
[LatticeStatistics] step=200; t=0.01; uMax=0; avEnergy=0; avRho=0.00287104
[Timer] step=200; percent=0.0833333; passedTime=1.935; remTime=2320.07; MLUPs=14.6252
[Timer] step=200; percent=0.0833333; passedTime=1.935; remTime=2320.07; MLUPs=14.6252
[LatticeStatistics] step=300; t=0.015; uMax=0; avEnergy=0; avRho=0.00288556
[Timer] step=300; percent=0.125; passedTime=2.873; remTime=2295.53; MLUPs=14.1419
[Timer] step=300; percent=0.125; passedTime=2.873; remTime=2295.53; MLUPs=14.1419
[ValueTracer] average=0.0028767; stdDev/average=0.003367
[LatticeStatistics] step=400; t=0.02; uMax=0; avEnergy=0; avRho=0.00288748
[Timer] step=400; percent=0.166667; passedTime=3.808; remTime=2280.99; MLUPs=14.1721
[Timer] step=400; percent=0.166667; passedTime=3.808; remTime=2280.99; MLUPs=14.1721
[ValueTracer] average=0.00288734; stdDev/average=0.000131872
[LatticeStatistics] step=500; t=0.025; uMax=0; avEnergy=0; avRho=0.00288774
[Timer] step=500; percent=0.208333; passedTime=4.734; remTime=2267.59; MLUPs=14.3097
[Timer] step=500; percent=0.208333; passedTime=4.734; remTime=2267.59; MLUPs=14.3097
[LatticeStatistics] step=600; t=0.03; uMax=0; avEnergy=0; avRho=0.00288777
[Timer] step=600; percent=0.25; passedTime=5.659; remTime=2257.94; MLUPs=14.3252
[Timer] step=600; percent=0.25; passedTime=5.659; remTime=2257.94; MLUPs=14.3252
[ValueTracer] average=0.00288776; stdDev/average=5.50891e-06
[LatticeStatistics] step=700; t=0.035; uMax=0; avEnergy=0; avRho=0.00288778
[Timer] step=700; percent=0.291667; passedTime=6.585; remTime=2251.13; MLUPs=14.3252
[Timer] step=700; percent=0.291667; passedTime=6.585; remTime=2251.13; MLUPs=14.3252
[LatticeStatistics] step=800; t=0.04; uMax=0; avEnergy=0; avRho=0.00288778
[Timer] step=800; percent=0.333333; passedTime=7.506; remTime=2244.29; MLUPs=14.4029
[Timer] step=800; percent=0.333333; passedTime=7.506; remTime=2244.29; MLUPs=14.4029
[ValueTracer] average=0.00288778; stdDev/average=2.3446e-07
[LatticeStatistics] step=900; t=0.045; uMax=0; avEnergy=0; avRho=0.00288778
[Timer] step=900; percent=0.375; passedTime=8.425; remTime=2238.24; MLUPs=14.4343
[Timer] step=900; percent=0.375; passedTime=8.425; remTime=2238.24; MLUPs=14.4343
[ValueTracer] average=0.00288778; stdDev/average=1.00714e-08
[main] Simulation converged. -- 961
[main] ------961
[main] Simulation converged. -- 961
[main] ./50case28_addTemp_mink/50case28.csv
0.000, 1.000000e+00, 0.000000e+00, 0.000000e+00, 0.000000e+00, 0.000000e+00, 0.000000e+00
0.010, 8.406742e-01, 7.147288e-04, 2.208619e-05, 3.493575e-02, -6.938894e-18, 0.000000e+00
0.020, 6.813484e-01, 1.429458e-03, 4.417238e-05, 6.987150e-02, -1.387779e-17, 0.000000e+00
0.030, 5.637575e-01, 1.996782e-03, 6.429062e-05, 5.855276e-02, -1.387779e-17, -6.938894e-18
0.040, 4.461666e-01, 2.564107e-03, 8.440887e-05, 4.723403e-02, -1.387779e-17, -1.387779e-17
0.050, 3.674698e-01, 2.887308e-03, 1.002572e-04, 3.930901e-02, -2.081668e-17, -2.081668e-17
0.060, 2.887729e-01, 3.210509e-03, 1.161056e-04, 3.138399e-02, -2.775558e-17, -2.775558e-17
0.070, 2.370150e-01, 3.296390e-03, 1.266177e-04, 2.595080e-02, -2.081668e-17, -2.081668e-17
0.080, 1.852571e-01, 3.382272e-03, 1.371298e-04, 2.051761e-02, -1.387779e-17, -1.387779e-17
0.090, 1.517049e-01, 3.291559e-03, 1.421475e-04, 1.688022e-02, -6.938894e-18, -6.162976e-33
0.100, 1.181526e-01, 3.200847e-03, 1.471651e-04, 1.324284e-02, 0.000000e+00, 1.387779e-17
0.110, 9.662917e-02, 3.007154e-03, 1.472785e-04, 1.085700e-02, 0.000000e+00, 6.938894e-18
0.120, 7.510573e-02, 2.813462e-03, 1.473918e-04, 8.471167e-03, 0.000000e+00, 0.000000e+00
0.130, 6.139204e-02, 2.578619e-03, 1.436561e-04, 6.929987e-03, 0.000000e+00, 6.938894e-18
0.140, 4.767835e-02, 2.343776e-03, 1.399203e-04, 5.388808e-03, 0.000000e+00, 1.387779e-17
0.150, 3.897380e-02, 2.109620e-03, 1.335611e-04, 4.403467e-03, 0.000000e+00, 2.542228e-32
0.160, 3.026924e-02, 1.875464e-03, 1.272018e-04, 3.418126e-03, 0.000000e+00, -1.387779e-17
0.170, 2.475292e-02, 1.665267e-03, 1.193839e-04, 2.792097e-03, -6.938894e-18, -6.938894e-18
0.180, 1.923659e-02, 1.455070e-03, 1.115659e-04, 2.166068e-03, -1.387779e-17, 0.000000e+00
0.190, 1.574086e-02, 1.278532e-03, 1.032528e-04, 1.769620e-03, 6.938894e-18, 6.938894e-18
0.200, 1.224514e-02, 1.101995e-03, 9.493981e-05, 1.373172e-03, 2.775558e-17, 1.387779e-17
0.210, 1.002768e-02, 9.603920e-04, 8.683884e-05, 1.122395e-03, 6.938894e-18, 1.387779e-17
0.220, 7.810225e-03, 8.187889e-04, 7.873788e-05, 8.716188e-04, -1.387779e-17, 1.387779e-17
0.230, 6.401302e-03, 7.089460e-04, 7.130479e-05, 7.129385e-04, 1.232595e-32, 1.387779e-17
0.240, 4.992380e-03, 5.991031e-04, 6.387171e-05, 5.542581e-04, 1.387779e-17, 1.387779e-17
0.250, 4.095365e-03, 5.160202e-04, 5.735069e-05, 4.537269e-04, 6.938894e-18, 6.938894e-18
0.260, 3.198350e-03, 4.329374e-04, 5.082967e-05, 3.531957e-04, 0.000000e+00, 0.000000e+00
0.270, 2.625976e-03, 3.713103e-04, 4.530596e-05, 2.893882e-04, 0.000000e+00, 0.000000e+00
0.280, 2.053601e-03, 3.096832e-04, 3.978225e-05, 2.255807e-04, 0.000000e+00, 0.000000e+00
0.290, 1.687533e-03, 2.646701e-04, 3.523389e-05, 1.849945e-04, 0.000000e+00, 1.387779e-17
0.300, 1.321464e-03, 2.196569e-04, 3.068552e-05, 1.444082e-04, 0.000000e+00, 2.775558e-17
0.310, 1.086800e-03, 1.871826e-04, 2.702671e-05, 1.185323e-04, 0.000000e+00, 1.387779e-17
0.320, 8.521354e-04, 1.547084e-04, 2.336790e-05, 9.265648e-05, 0.000000e+00, 0.000000e+00
0.330, 7.013664e-04, 1.315146e-04, 2.048176e-05, 7.612002e-05, 0.000000e+00, 0.000000e+00
0.340, 5.505974e-04, 1.083208e-04, 1.759562e-05, 5.958356e-05, 0.000000e+00, 0.000000e+00
0.350, 4.535190e-04, 9.189175e-05, 1.535656e-05, 4.899066e-05, -6.938894e-18, 0.000000e+00
0.360, 3.564406e-04, 7.546271e-05, 1.311750e-05, 3.839777e-05, -1.387779e-17, 0.000000e+00
0.370, 2.938029e-04, 6.390518e-05, 1.140508e-05, 3.159657e-05, 1.232595e-32, 0.000000e+00
0.380, 2.311651e-04, 5.234764e-05, 9.692666e-06, 2.479537e-05, 1.387779e-17, 0.000000e+00
0.390, 1.906696e-04, 4.426390e-05, 8.399128e-06, 2.041898e-05, 1.387779e-17, 6.938894e-18
0.400, 1.501740e-04, 3.618015e-05, 7.105590e-06, 1.604258e-05, 1.387779e-17, 1.387779e-17
0.410, 1.239445e-04, 3.055362e-05, 6.138952e-06, 1.322054e-05, 6.471125e-32, 1.387779e-17
0.420, 9.771498e-05, 2.492708e-05, 5.172315e-06, 1.039850e-05, -1.387779e-17, 1.387779e-17
0.430, 8.069583e-05, 2.102708e-05, 4.456771e-06, 8.575103e-06, -6.938894e-18, 6.938894e-18
0.440, 6.367669e-05, 1.712708e-05, 3.741227e-06, 6.751710e-06, 0.000000e+00, 0.000000e+00
0.450, 5.261540e-05, 1.443342e-05, 3.215960e-06, 5.571339e-06, 6.938894e-18, -6.938894e-18
0.460, 4.155411e-05, 1.173977e-05, 2.690693e-06, 4.390968e-06, 1.387779e-17, -1.387779e-17
0.470, 3.435379e-05, 9.885026e-06, 2.307950e-06, 3.625493e-06, 6.938894e-18, -6.938894e-18
0.480, 2.715347e-05, 8.030281e-06, 1.925208e-06, 2.860017e-06, 0.000000e+00, 0.000000e+00
0.490, 2.245955e-05, 6.756570e-06, 1.648152e-06, 2.362767e-06, -6.938894e-18, 0.000000e+00
0.500, 1.776563e-05, 5.482860e-06, 1.371096e-06, 1.865518e-06, -1.387779e-17, 0.000000e+00
0.510, 1.470141e-05, 4.610190e-06, 1.171724e-06, 1.541995e-06, -6.938894e-18, -6.938894e-18
0.520, 1.163719e-05, 3.737520e-06, 9.723513e-07, 1.218473e-06, 0.000000e+00, -1.387779e-17
0.530, 9.634250e-06, 3.140830e-06, 8.296390e-07, 1.007668e-06, 6.938894e-18, -6.938894e-18
0.540, 7.631306e-06, 2.544141e-06, 6.869267e-07, 7.968639e-07, 1.387779e-17, 0.000000e+00
0.550, 6.320465e-06, 2.136879e-06, 5.852584e-07, 6.593126e-07, -1.232595e-32, 0.000000e+00
0.560, 5.009624e-06, 1.729617e-06, 4.835901e-07, 5.217614e-07, -1.387779e-17, 0.000000e+00
0.570, 4.150744e-06, 1.452083e-06, 4.114733e-07, 4.318900e-07, -1.417484e-31, 0.000000e+00
0.580, 3.291863e-06, 1.174549e-06, 3.393564e-07, 3.420187e-07, 1.387779e-17, 0.000000e+00
0.590, 2.728500e-06, 9.856820e-07, 2.884010e-07, 2.832267e-07, -1.232595e-32, -6.938894e-18
0.600, 2.165136e-06, 7.968148e-07, 2.374456e-07, 2.244347e-07, -1.387779e-17, -1.387779e-17
0.610, 1.795230e-06, 6.684453e-07, 2.015698e-07, 1.859292e-07, 1.232595e-32, -6.938894e-18
0.620, 1.425324e-06, 5.400759e-07, 1.656940e-07, 1.474237e-07, 1.387779e-17, 0.000000e+00
0.630, 1.182206e-06, 4.529212e-07, 1.405168e-07, 1.221767e-07, 2.081668e-17, 6.938894e-18
0.640, 9.390881e-07, 3.657664e-07, 1.153396e-07, 9.692982e-08, 2.775558e-17, 1.387779e-17
0.650, 7.791538e-07, 3.066516e-07, 9.772277e-08, 8.035888e-08, 1.387779e-17, 6.938894e-18
0.660, 6.192195e-07, 2.475369e-07, 8.010590e-08, 6.378794e-08, 0.000000e+00, 0.000000e+00
0.670, 5.139154e-07, 2.074759e-07, 6.781240e-08, 5.290080e-08, 0.000000e+00, 0.000000e+00
0.680, 4.086114e-07, 1.674148e-07, 5.551890e-08, 4.201365e-08, 0.000000e+00, 0.000000e+00
0.690, 3.392196e-07, 1.402875e-07, 4.696144e-08, 3.485409e-08, -6.938894e-18, 0.000000e+00
0.700, 2.698279e-07, 1.131601e-07, 3.840398e-08, 2.769452e-08, -1.387779e-17, -1.540744e-31
0.710, 2.240652e-07, 9.480355e-08, 3.246072e-08, 2.298213e-08, -6.938894e-18, 1.387779e-17
0.720, 1.783025e-07, 7.644705e-08, 2.651746e-08, 1.826973e-08, 0.000000e+00, 2.775558e-17
0.730, 1.481002e-07, 6.403339e-08, 2.239842e-08, 1.516546e-08, 0.000000e+00, 1.387779e-17
0.740, 1.178979e-07, 5.161973e-08, 1.827939e-08, 1.206119e-08, 0.000000e+00, 0.000000e+00
0.750, 9.795069e-08, 4.322962e-08, 1.543012e-08, 1.001466e-08, 0.000000e+00, 0.000000e+00
0.760, 7.800350e-08, 3.483950e-08, 1.258086e-08, 7.968130e-09, 0.000000e+00, 0.000000e+00
0.770, 6.482014e-08, 2.917155e-08, 1.061339e-08, 6.617945e-09, -6.938894e-18, -6.938894e-18
0.780, 5.163679e-08, 2.350360e-08, 8.645918e-09, 5.267759e-09, -1.387779e-17, -1.387779e-17
0.790, 4.291764e-08, 1.967611e-08, 7.289468e-09, 4.376395e-09, -6.938894e-18, -1.387779e-17
0.800, 3.419849e-08, 1.584863e-08, 5.933019e-09, 3.485030e-09, 0.000000e+00, -1.387779e-17
0.810, 2.842758e-08, 1.326466e-08, 4.999087e-09, 2.896245e-09, 0.000000e+00, -6.938894e-18
0.820, 2.265666e-08, 1.068070e-08, 4.065155e-09, 2.307460e-09, 7.703720e-32, 0.000000e+00
0.830, 1.883370e-08, 8.936283e-09, 3.422780e-09, 1.918407e-09, -6.938894e-18, 0.000000e+00
0.840, 1.501074e-08, 7.191870e-09, 2.780404e-09, 1.529353e-09, -1.387779e-17, 0.000000e+00
0.850, 1.247506e-08, 6.013711e-09, 2.338752e-09, 1.272294e-09, -2.081668e-17, 6.938894e-18
0.860, 9.939384e-09, 4.835551e-09, 1.897099e-09, 1.015235e-09, -2.775558e-17, 1.387779e-17
0.870, 8.254024e-09, 4.038694e-09, 1.593232e-09, 8.455524e-10, -1.387779e-17, -1.232595e-32
0.880, 6.568663e-09, 3.241838e-09, 1.289366e-09, 6.758700e-10, 0.000000e+00, -1.387779e-17
0.890, 5.443982e-09, 2.700965e-09, 1.079665e-09, 5.641994e-10, -6.938894e-18, -6.938894e-18
0.900, 4.319300e-09, 2.160092e-09, 8.699638e-10, 4.525288e-10, -1.387779e-17, 0.000000e+00
0.910, 3.562531e-09, 1.789995e-09, 7.241171e-10, 3.795971e-10, 1.232595e-32, 6.938894e-18
0.920, 2.805762e-09, 1.419897e-09, 5.782703e-10, 3.066653e-10, 1.387779e-17, 1.387779e-17
0.930, 2.287536e-09, 1.162177e-09, 4.750544e-10, 2.599167e-10, 6.938894e-18, 6.938894e-18
0.940, 1.769311e-09, 9.044575e-10, 3.718385e-10, 2.131680e-10, 6.471125e-32, 6.471125e-32
0.950, 1.401272e-09, 7.183850e-10, 2.961356e-10, 1.845720e-10, 0.000000e+00, 0.000000e+00
0.960, 1.033234e-09, 5.323126e-10, 2.204327e-10, 1.559760e-10, 0.000000e+00, 0.000000e+00
0.970, 7.527924e-10, 3.884365e-10, 1.610857e-10, 1.406293e-10, 0.000000e+00, 0.000000e+00
0.980, 4.723510e-10, 2.445604e-10, 1.017386e-10, 1.252826e-10, 0.000000e+00, 0.000000e+00
0.990, 2.361755e-10, 1.222802e-10, 5.086931e-11, 6.264130e-11, 0.000000e+00, 0.000000e+00
1.000, 0.000000e+00, 0.000000e+00, 0.000000e+00, 0.000000e+00, 0.000000e+00, 0.000000e+00
[Timer] 
[Timer] ----------------Summary:Timer----------------
[Timer] measured time (rt) : 9.222s
[Timer] measured time (cpu): 8.880s
[Timer] average MLUPs :       12.946
[Timer] average MLUPps:       12.946
[Timer] ---------------------------------------------
