[MpiManager] Sucessfully initialized, numThreads=1
[Directories] Directory ./100case16_mcHardy/ created.
[Directories] Directory ./100case16_mcHardy/imageData/ created.
[Directories] Directory ./100case16_mcHardy/imageData/data/ created.
[Directories] Directory ./100case16_mcHardy/vtkData/ created.
[Directories] Directory ./100case16_mcHardy/vtkData/data/ created.
[Directories] Directory ./100case16_mcHardy/gnuplotData/ created.
[Directories] Directory ./100case16_mcHardy/gnuplotData/data/ created.
[main] case16
[main] omega = .... 1
[main] omega 1
[main] working with direct discretization
[AnisotropyMatrix] Call AnistorpiyMatrix()
[AnisotropyMatrix] Compute anisotropy matrix ...
[AnisotropyMatrix] Terminate after 0 iterations
[main] 1, 1, 1, 1, 1, 1, 1, 1, 1, 1, 1, 1, 1, 1, 1, 1, 1, 1, 1, 1, 1, 1, 1, 1, 1, 1, 
[main] 1, 1, 1, 1, 1, 1, 1, 1, 1, 1, 1, 1, 1, 1, 1, 1, 1, 1, 1, 1, 1, 1, 1, 1, 1, 1, 
[main] 1, 1, 1, 1, 1, 1, 1, 1, 1, 1, 1, 1, 1, 1, 1, 1, 1, 1, 1, 1, 1, 1, 1, 1, 1, 1, 
[main] 1, 1, 1, 1, 1, 1, 1, 1, 1, 1, 1, 1, 1, 1, 1, 1, 1, 1, 1, 1, 1, 1, 1, 1, 1, 1, 
[main] 1, 1, 1, 1, 1, 1, 1, 1, 1, 1, 1, 1, 1, 1, 1, 1, 1, 1, 1, 1, 1, 1, 1, 1, 1, 1, 
[main] 1, 1, 1, 1, 1, 1, 1, 1, 1, 1, 1, 1, 1, 1, 1, 1, 1, 1, 1, 1, 1, 1, 1, 1, 1, 1, 
[main] 1, 1, 1, 1, 1, 1, 1, 1, 1, 1, 1, 1, 1, 1, 1, 1, 1, 1, 1, 1, 1, 1, 1, 1, 1, 1, 
[main] 1, 1, 1, 1, 1, 1, 1, 1, 1, 1, 1, 1, 1, 1, 1, 1, 1, 1, 1, 1, 1, 1, 1, 1, 1, 1, 
[main] 1, 1, 1, 1, 1, 1, 1, 1, 1, 1, 1, 1, 1, 1, 1, 1, 1, 1, 1, 1, 1, 1, 1, 1, 1, 1, 
[main] 1, 1, 1, 1, 1, 1, 1, 1, 1, 1, 1, 1, 1, 1, 1, 1, 1, 1, 1, 1, 1, 1, 1, 1, 1, 1, 
[main] 1, 1, 1, 1, 1, 1, 1, 1, 1, 1, 1, 1, 1, 1, 1, 1, 1, 1, 1, 1, 1, 1, 1, 1, 1, 1, 
[main] 1, 1, 1, 1, 1, 1, 1, 1, 1, 1, 1, 1, 1, 1, 1, 1, 1, 1, 1, 1, 1, 1, 1, 1, 1, 1, 
[main] 1, 1, 1, 1, 1, 1, 1, 1, 1, 1, 1, 1, 1, 1, 1, 1, 1, 1, 1, 1, 1, 1, 1, 1, 1, 1, 
[main] 1, 1, 1, 1, 1, 1, 1, 1, 1, 1, 1, 1, 1, 1, 1, 1, 1, 1, 1, 1, 1, 1, 1, 1, 1, 1, 
[main] 1, 1, 1, 1, 1, 1, 1, 1, 1, 1, 1, 1, 1, 1, 1, 1, 1, 1, 1, 1, 1, 1, 1, 1, 1, 1, 
[main] 1, 1, 1, 1, 1, 1, 1, 1, 1, 1, 1, 1, 1, 1, 1, 1, 1, 1, 1, 1, 1, 1, 1, 1, 1, 1, 
[main] 1, 1, 1, 1, 1, 1, 1, 1, 1, 1, 1, 1, 1, 1, 1, 1, 1, 1, 1, 1, 1, 1, 1, 1, 1, 1, 
[main] 1, 1, 1, 1, 1, 1, 1, 1, 1, 1, 1, 1, 1, 1, 1, 1, 1, 1, 1, 1, 1, 1, 1, 1, 1, 1, 
[main] 1, 1, 1, 1, 1, 1, 1, 1, 1, 1, 1, 1, 1, 1, 1, 1, 1, 1, 1, 1, 1, 1, 1, 1, 1, 1, 
[main] 1, 1, 1, 1, 1, 1, 1, 1, 1, 1, 1, 1, 1, 1, 1, 1, 1, 1, 1, 1, 1, 1, 1, 1, 1, 1, 
[main] 1, 1, 1, 1, 1, 1, 1, 1, 1, 1, 1, 1, 1, 1, 1, 1, 1, 1, 1, 1, 1, 1, 1, 1, 1, 1, 
[main] 1, 1, 1, 1, 1, 1, 1, 1, 1, 1, 1, 1, 1, 1, 1, 1, 1, 1, 1, 1, 1, 1, 1, 1, 1, 1, 
[main] 1, 1, 1, 1, 1, 1, 1, 1, 1, 1, 1, 1, 1, 1, 1, 1, 1, 1, 1, 1, 1, 1, 1, 1, 1, 1, 
[main] 1, 1, 1, 1, 1, 1, 1, 1, 1, 1, 1, 1, 1, 1, 1, 1, 1, 1, 1, 1, 1, 1, 1, 1, 1, 1, 
[main] 1, 1, 1, 1, 1, 1, 1, 1, 1, 1, 1, 1, 1, 1, 1, 1, 1, 1, 1, 1, 1, 1, 1, 1, 1, 1, 
[main] 1, 1, 1, 1, 1, 1, 1, 1, 1, 1, 1, 1, 1, 1, 1, 1, 1, 1, 1, 1, 1, 1, 1, 1, 1, 1, 
[RadiativeUnitConverter] ----------------- UnitConverter information -----------------
[RadiativeUnitConverter] -- Parameters:
[RadiativeUnitConverter] Resolution:                       N=              100
[RadiativeUnitConverter] Lattice relaxation frequency:     omega=          1
[RadiativeUnitConverter] Lattice relaxation time:          tau=            1
[RadiativeUnitConverter] Characteristical length(m):       charL=          1
[RadiativeUnitConverter] Phys. density(kg/m^d):            charRho=        1
[RadiativeUnitConverter] Phys. absorption(1/m):            mu_a=           7.2
[RadiativeUnitConverter] Phys. scattering(1/m):            mu_s=           0.8
[RadiativeUnitConverter] Extinction(1/m):                  mu_t=           8
[RadiativeUnitConverter] Effective attenuation(1/m):       mu_eff=         13.1453
[RadiativeUnitConverter] Phys. diffusion(m):               D=              0.0416667
[RadiativeUnitConverter] Single scattering albedo:         albedo=         0.1
[RadiativeUnitConverter] Anisotropy factor:                g=              0
[RadiativeUnitConverter] 
[RadiativeUnitConverter] Lattice diffusion:                D^*=            4.16667
[RadiativeUnitConverter] Lattice absorption:               absorption=     0.072
[RadiativeUnitConverter] Lattice scattering:               scattering=     0.008
[RadiativeUnitConverter] Lattice sink:                     sink=           0.00216
[RadiativeUnitConverter] C_R: 1
[RadiativeUnitConverter] r_F: 1.88679
[RadiativeUnitConverter] 
[RadiativeUnitConverter] -- Conversion factors:
[RadiativeUnitConverter] Voxel length(m):                  physDeltaX=     0.01
[RadiativeUnitConverter] Time step(s):                     physDeltaT=     1.66667e-05
[RadiativeUnitConverter] Density factor(kg/m^3):           physDensity=    1
[RadiativeUnitConverter] -------------------------------------------------------------
[prepareGeometryCube] Prepare cubeGeometry ...
[SuperGeometry3D] cleaned 0 outer boundary voxel(s)
[SuperGeometry3D] cleaned 0 inner boundary voxel(s)
[SuperGeometry3D] the model is correct!
[CuboidGeometry3D] ---Cuboid Stucture Statistics---
[CuboidGeometry3D]  Number of Cuboids: 	2
[CuboidGeometry3D]  Delta  (min): 		0.01
[CuboidGeometry3D]         (max): 		0.01
[CuboidGeometry3D]  Ratio  (min): 		0.49505
[CuboidGeometry3D]         (max): 		2.02
[CuboidGeometry3D]  Nodes  (min): 		510050
[CuboidGeometry3D]         (max): 		520251
[CuboidGeometry3D]  Weight (min): 		510050
[CuboidGeometry3D]         (max): 		520251
[CuboidGeometry3D] --------------------------------
[SuperGeometryStatistics3D] materialNumber=1; count=970299; minPhysR=(0.01,-0.49,-0.49); maxPhysR=(0.99,0.49,0.49)
[SuperGeometryStatistics3D] materialNumber=2; count=59561; minPhysR=(0,-0.5,-0.5); maxPhysR=(1,0.5,0.5)
[SuperGeometryStatistics3D] materialNumber=3; count=441; minPhysR=(0,-0.1,-0.1); maxPhysR=(0,0.1,0.1)
[prepareGeometryCube] Prepare cubeGeometry ... OK
[prepareLattice] Prepare Lattice ...
[prepareLattice] Prepare Lattice ... OK
[LatticeStatistics] step=0; t=0; uMax=0; avEnergy=0; avRho=1
[Timer] step=0; percent=0; passedTime=0; remTime=0.001; MLUPs=0
[Timer] step=0; percent=0; passedTime=0; remTime=0.001; MLUPs=0
[ValueTracer] average=0.00159456; stdDev/average=0.613875
[LatticeStatistics] step=20; t=0.000333333; uMax=0; avEnergy=0; avRho=0.00453804
[Timer] step=20; percent=0.00277778; passedTime=44.899; remTime=1.61632e+06; MLUPs=0.458942
[Timer] step=20; percent=0.00277778; passedTime=44.899; remTime=1.61632e+06; MLUPs=0.458942
[ValueTracer] average=0.00390384; stdDev/average=0.121028
[ValueTracer] average=0.00501175; stdDev/average=0.0449008
[LatticeStatistics] step=40; t=0.000666667; uMax=0; avEnergy=0; avRho=0.00567957
[Timer] step=40; percent=0.00555556; passedTime=89.595; remTime=1.61262e+06; MLUPs=0.461016
[Timer] step=40; percent=0.00555556; passedTime=89.595; remTime=1.61262e+06; MLUPs=0.461016
[ValueTracer] average=0.00553733; stdDev/average=0.019185
[ValueTracer] average=0.00578468; stdDev/average=0.00860146
[LatticeStatistics] step=60; t=0.001; uMax=0; avEnergy=0; avRho=0.00593059
[Timer] step=60; percent=0.00833333; passedTime=134.581; remTime=1.61484e+06; MLUPs=0.458054
[Timer] step=60; percent=0.00833333; passedTime=134.581; remTime=1.61484e+06; MLUPs=0.458054
[ValueTracer] average=0.0058999; stdDev/average=0.00389861
[ValueTracer] average=0.00595292; stdDev/average=0.00176818
[LatticeStatistics] step=80; t=0.00133333; uMax=0; avEnergy=0; avRho=0.00598353
[Timer] step=80; percent=0.0111111; passedTime=179.724; remTime=1.61734e+06; MLUPs=0.456461
[Timer] step=80; percent=0.0111111; passedTime=179.724; remTime=1.61734e+06; MLUPs=0.456461
[ValueTracer] average=0.00597714; stdDev/average=0.000803062
[ValueTracer] average=0.00598817; stdDev/average=0.000364922
[LatticeStatistics] step=100; t=0.00166667; uMax=0; avEnergy=0; avRho=0.00599452
[Timer] step=100; percent=0.0138889; passedTime=225.106; remTime=1.62054e+06; MLUPs=0.454047
[Timer] step=100; percent=0.0138889; passedTime=225.106; remTime=1.62054e+06; MLUPs=0.454047
[ValueTracer] average=0.00599319; stdDev/average=0.000165707
[ValueTracer] average=0.0059947; stdDev/average=1.38073e-05
[LatticeStatistics] step=120; t=0.002; uMax=0; avEnergy=0; avRho=0.00599491
[Timer] step=120; percent=0.0166667; passedTime=270.624; remTime=1.62347e+06; MLUPs=0.45271
[Timer] step=120; percent=0.0166667; passedTime=270.624; remTime=1.62347e+06; MLUPs=0.45271
[ValueTracer] average=0.00599487; stdDev/average=4.71902e-06
[ValueTracer] average=0.00599493; stdDev/average=1.55109e-06
[LatticeStatistics] step=140; t=0.00233333; uMax=0; avEnergy=0; avRho=0.00599495
[Timer] step=140; percent=0.0194444; passedTime=316.117; remTime=1.62543e+06; MLUPs=0.452939
[Timer] step=140; percent=0.0194444; passedTime=316.117; remTime=1.62543e+06; MLUPs=0.452939
[ValueTracer] average=0.00599495; stdDev/average=4.7168e-07
[ValueTracer] average=0.00599495; stdDev/average=1.27699e-07
[LatticeStatistics] step=160; t=0.00266667; uMax=0; avEnergy=0; avRho=0.00599495
[Timer] step=160; percent=0.0222222; passedTime=361.659; remTime=1.6271e+06; MLUPs=0.452472
[Timer] step=160; percent=0.0222222; passedTime=361.659; remTime=1.6271e+06; MLUPs=0.452472
[ValueTracer] average=0.00599495; stdDev/average=3.55926e-08
[ValueTracer] average=0.00599495; stdDev/average=1.163e-08
[LatticeStatistics] step=180; t=0.003; uMax=0; avEnergy=0; avRho=0.00599495
[Timer] step=180; percent=0.025; passedTime=407.163; remTime=1.62824e+06; MLUPs=0.45284
[Timer] step=180; percent=0.025; passedTime=407.163; remTime=1.62824e+06; MLUPs=0.45284
[ValueTracer] average=0.00599495; stdDev/average=3.85096e-09
[ValueTracer] average=0.00599495; stdDev/average=1.198e-09
[LatticeStatistics] step=200; t=0.00333333; uMax=0; avEnergy=0; avRho=0.00599495
[Timer] step=200; percent=0.0277778; passedTime=452.67; remTime=1.62916e+06; MLUPs=0.45281
[Timer] step=200; percent=0.0277778; passedTime=452.67; remTime=1.62916e+06; MLUPs=0.45281
[ValueTracer] average=0.00599495; stdDev/average=3.28701e-10
[ValueTracer] average=0.00599495; stdDev/average=9.04802e-11
[LatticeStatistics] step=220; t=0.00366667; uMax=0; avEnergy=0; avRho=0.00599495
[Timer] step=220; percent=0.0305556; passedTime=498.233; remTime=1.63008e+06; MLUPs=0.452253
[Timer] step=220; percent=0.0305556; passedTime=498.233; remTime=1.63008e+06; MLUPs=0.452253
[ValueTracer] average=0.00599495; stdDev/average=2.76392e-11
[ValueTracer] average=0.00599495; stdDev/average=8.21557e-12
[LatticeStatistics] step=240; t=0.004; uMax=0; avEnergy=0; avRho=0.00599495
[Timer] step=240; percent=0.0333333; passedTime=543.766; remTime=1.63075e+06; MLUPs=0.452551
[Timer] step=240; percent=0.0333333; passedTime=543.766; remTime=1.63075e+06; MLUPs=0.452551
[ValueTracer] average=0.00599495; stdDev/average=2.37896e-12
[ValueTracer] average=0.00599495; stdDev/average=6.84057e-13
[LatticeStatistics] step=260; t=0.00433333; uMax=0; avEnergy=0; avRho=0.00599495
[Timer] step=260; percent=0.0361111; passedTime=589.282; remTime=1.63127e+06; MLUPs=0.45271
[Timer] step=260; percent=0.0361111; passedTime=589.282; remTime=1.63127e+06; MLUPs=0.45271
[ValueTracer] average=0.00599495; stdDev/average=2.05974e-13
[ValueTracer] average=0.00599495; stdDev/average=5.90758e-14
[LatticeStatistics] step=280; t=0.00466667; uMax=0; avEnergy=0; avRho=0.00599495
[Timer] step=280; percent=0.0388889; passedTime=634.833; remTime=1.63179e+06; MLUPs=0.452382
[Timer] step=280; percent=0.0388889; passedTime=634.833; remTime=1.63179e+06; MLUPs=0.452382
[ValueTracer] average=0.00599495; stdDev/average=1.73642e-14
[ValueTracer] average=0.00599495; stdDev/average=5.71611e-15
[LatticeStatistics] step=300; t=0.005; uMax=0; avEnergy=0; avRho=0.00599495
[Timer] step=300; percent=0.0416667; passedTime=680.338; remTime=1.63213e+06; MLUPs=0.45283
[Timer] step=300; percent=0.0416667; passedTime=680.338; remTime=1.63213e+06; MLUPs=0.45283
[ValueTracer] average=0.00599495; stdDev/average=1.92426e-15
[ValueTracer] average=0.00599495; stdDev/average=5.5409e-16
[LatticeStatistics] step=320; t=0.00533333; uMax=0; avEnergy=0; avRho=0.00599495
[Timer] step=320; percent=0.0444444; passedTime=725.863; remTime=1.63247e+06; MLUPs=0.452631
[Timer] step=320; percent=0.0444444; passedTime=725.863; remTime=1.63247e+06; MLUPs=0.452631
[ValueTracer] average=0.00599495; stdDev/average=2.45912e-16
[ValueTracer] average=0.00599495; stdDev/average=0
[LatticeStatistics] step=340; t=0.00566667; uMax=0; avEnergy=0; avRho=0.00599495
[Timer] step=340; percent=0.0472222; passedTime=771.422; remTime=1.63283e+06; MLUPs=0.452293
[Timer] step=340; percent=0.0472222; passedTime=771.422; remTime=1.63283e+06; MLUPs=0.452293
[ValueTracer] average=0.00599495; stdDev/average=0
[ValueTracer] average=0.00599495; stdDev/average=0
[LatticeStatistics] step=360; t=0.006; uMax=0; avEnergy=0; avRho=0.00599495
[Timer] step=360; percent=0.05; passedTime=816.932; remTime=1.63305e+06; MLUPs=0.45278
[Timer] step=360; percent=0.05; passedTime=816.932; remTime=1.63305e+06; MLUPs=0.45278
[ValueTracer] average=0.00599495; stdDev/average=0
[ValueTracer] average=0.00599495; stdDev/average=0
[LatticeStatistics] step=380; t=0.00633333; uMax=0; avEnergy=0; avRho=0.00599495
[Timer] step=380; percent=0.0527778; passedTime=862.458; remTime=1.63327e+06; MLUPs=0.452621
[Timer] step=380; percent=0.0527778; passedTime=862.458; remTime=1.63327e+06; MLUPs=0.452621
[ValueTracer] average=0.00599495; stdDev/average=0
[ValueTracer] average=0.00599495; stdDev/average=0
[LatticeStatistics] step=400; t=0.00666667; uMax=0; avEnergy=0; avRho=0.00599495
[Timer] step=400; percent=0.0555556; passedTime=908.094; remTime=1.63366e+06; MLUPs=0.45152
[Timer] step=400; percent=0.0555556; passedTime=908.094; remTime=1.63366e+06; MLUPs=0.45152
[ValueTracer] average=0.00599495; stdDev/average=0
[main] Simulation converged. -- 401
[main] ------401
[main] Simulation converged. -- 401
[main] ./100case16_mcHardy/100case16.csv
0.000, 1.000000e+00, 0.000000e+00, 0.000000e+00, 0.000000e+00, 0.000000e+00, 0.000000e+00
0.010, 1.037574e+00, 1.504608e-03, 5.083965e-04, 9.832304e-01, 0.000000e+00, 0.000000e+00
0.020, 9.615824e-01, 1.400333e-03, 4.730682e-04, 9.112552e-01, -2.775558e-17, -1.387779e-17
0.030, 8.910120e-01, 1.302907e-03, 4.400808e-04, 8.444122e-01, 0.000000e+00, 6.938894e-18
0.040, 8.254914e-01, 1.212484e-03, 4.093057e-04, 7.823536e-01, 1.387779e-17, 0.000000e+00
0.050, 7.646761e-01, 1.128348e-03, 3.806165e-04, 7.247499e-01, 0.000000e+00, 6.938894e-18
0.060, 7.082398e-01, 1.050580e-03, 3.538893e-04, 6.712957e-01, 0.000000e+00, 0.000000e+00
0.070, 6.558805e-01, 9.784587e-04, 3.290041e-04, 6.217014e-01, -1.387779e-17, 0.000000e+00
0.080, 6.073122e-01, 9.117925e-04, 3.058529e-04, 5.757000e-01, -1.387779e-17, -6.938894e-18
0.090, 5.622710e-01, 8.499977e-04, 2.843232e-04, 5.330380e-01, -1.387779e-17, 0.000000e+00
0.100, 5.205069e-01, 7.928935e-04, 2.643553e-04, 4.934822e-01, 2.775558e-17, 1.387779e-17
0.110, 4.817902e-01, 7.399574e-04, 2.458459e-04, 4.568116e-01, 1.387779e-17, 0.000000e+00
0.120, 4.449648e-01, 6.883666e-04, 2.278513e-04, 4.218899e-01, 0.000000e+00, 0.000000e+00
0.130, 4.109510e-01, 6.407403e-04, 2.112215e-04, 3.896357e-01, 2.775558e-17, 6.938894e-18
0.140, 3.795334e-01, 5.967349e-04, 1.958509e-04, 3.598443e-01, -1.387779e-17, -1.387779e-17
0.150, 3.505157e-01, 5.558551e-04, 1.816536e-04, 3.323293e-01, -1.387779e-17, 0.000000e+00
0.160, 3.237139e-01, 6.030202e-04, 1.685369e-04, 3.069161e-01, -1.387779e-17, -6.938894e-18
0.170, 2.989603e-01, 6.373174e-04, 1.564176e-04, 2.834454e-01, 1.387779e-17, 6.938894e-18
0.180, 2.760976e-01, 6.607794e-04, 1.452461e-04, 2.617679e-01, -1.387779e-17, 0.000000e+00
0.190, 2.549825e-01, 6.749658e-04, 1.349713e-04, 2.417478e-01, 1.387779e-17, 6.938894e-18
0.200, 2.354809e-01, 6.814390e-04, 1.255045e-04, 2.232577e-01, 0.000000e+00, -6.938894e-18
0.210, 2.174704e-01, 6.814379e-04, 1.167444e-04, 2.061815e-01, 0.000000e+00, -6.938894e-18
0.220, 2.008364e-01, 6.760868e-04, 1.086469e-04, 1.904106e-01, 1.387779e-17, 0.000000e+00
0.230, 1.854746e-01, 6.663175e-04, 1.011683e-04, 1.758459e-01, -1.387779e-17, 0.000000e+00
0.240, 1.712873e-01, 6.529806e-04, 9.426788e-05, 1.623949e-01, 1.387779e-17, 0.000000e+00
0.250, 1.581852e-01, 6.367851e-04, 8.790584e-05, 1.499728e-01, 0.000000e+00, 0.000000e+00
0.260, 1.460849e-01, 6.183580e-04, 8.204597e-05, 1.385005e-01, 0.000000e+00, 6.938894e-18
0.270, 1.349102e-01, 5.981261e-04, 7.665285e-05, 1.279058e-01, -1.387779e-17, 0.000000e+00
0.280, 1.245900e-01, 5.765823e-04, 8.259380e-05, 1.181213e-01, 0.000000e+00, 6.938894e-18
0.290, 1.150592e-01, 5.541080e-04, 9.667675e-05, 1.090853e-01, 2.775558e-17, 6.938894e-18
0.300, 1.062574e-01, 5.310610e-04, 1.076083e-04, 1.007403e-01, -1.387779e-17, 0.000000e+00
0.310, 9.812882e-02, 5.077071e-04, 1.158509e-04, 9.303377e-02, 1.387779e-17, -6.938894e-18
0.320, 9.062194e-02, 4.843022e-04, 1.217805e-04, 8.591661e-02, -1.387779e-17, -6.938894e-18
0.330, 8.368934e-02, 4.610251e-04, 1.257526e-04, 7.934392e-02, 0.000000e+00, 0.000000e+00
0.340, 7.728703e-02, 4.380545e-04, 1.280570e-04, 7.327400e-02, 1.387779e-17, 6.938894e-18
0.350, 7.137450e-02, 4.155042e-04, 1.289671e-04, 6.766845e-02, 0.000000e+00, -7.703720e-32
0.360, 6.591425e-02, 3.934956e-04, 1.287042e-04, 6.249169e-02, 0.000000e+00, 1.387779e-17
0.370, 6.087171e-02, 3.642033e-04, 1.274766e-04, 5.771097e-02, 1.387779e-17, 6.938894e-18
0.380, 5.621490e-02, 3.370402e-04, 1.254517e-04, 5.329595e-02, 0.000000e+00, -6.938894e-18
0.390, 5.191436e-02, 3.118444e-04, 1.227765e-04, 4.921870e-02, 2.775558e-17, 6.938894e-18
0.400, 4.794278e-02, 2.884977e-04, 1.195703e-04, 4.545334e-02, -1.387779e-17, 0.000000e+00
0.410, 4.427505e-02, 2.668571e-04, 1.159537e-04, 4.197605e-02, 1.387779e-17, 6.938894e-18
0.420, 4.088788e-02, 2.468107e-04, 1.120231e-04, 3.876476e-02, -1.387779e-17, -1.387779e-17
0.430, 3.775985e-02, 2.282405e-04, 1.078671e-04, 3.579915e-02, 1.387779e-17, 6.938894e-18
0.440, 3.487110e-02, 2.110473e-04, 1.035555e-04, 3.306040e-02, -1.387779e-17, -1.387779e-17
0.450, 3.220336e-02, 1.951278e-04, 9.915299e-05, 3.053118e-02, 1.387779e-17, 6.938894e-18
0.460, 2.973969e-02, 1.803950e-04, 9.470708e-05, 2.819544e-02, 1.387779e-17, 0.000000e+00
0.470, 2.746450e-02, 1.667589e-04, 9.026451e-05, 2.603840e-02, 2.775558e-17, 1.387779e-17
0.480, 2.536337e-02, 1.541489e-04, 8.585626e-05, 2.404637e-02, 1.387779e-17, 0.000000e+00
0.490, 2.342298e-02, 1.424856e-04, 8.049573e-05, 2.220674e-02, 0.000000e+00, 0.000000e+00
0.500, 2.163103e-02, 1.317013e-04, 7.449801e-05, 2.050784e-02, 0.000000e+00, -6.938894e-18
0.510, 1.997617e-02, 1.217281e-04, 6.893478e-05, 1.893892e-02, -1.387779e-17, 0.000000e+00
0.520, 1.844790e-02, 1.125076e-04, 6.377512e-05, 1.749002e-02, 0.000000e+00, -6.938894e-18
0.530, 1.703656e-02, 1.039816e-04, 5.899248e-05, 1.615196e-02, 0.000000e+00, 1.387779e-17
0.540, 1.573319e-02, 9.609999e-05, 5.456006e-05, 1.491627e-02, 1.387779e-17, -6.938894e-18
0.550, 1.452953e-02, 8.881277e-05, 5.045447e-05, 1.377512e-02, -2.775558e-17, 6.938894e-18
0.560, 1.341795e-02, 8.207686e-05, 4.665175e-05, 1.272127e-02, 0.000000e+00, -6.938894e-18
0.570, 1.239141e-02, 7.584953e-05, 4.313118e-05, 1.174804e-02, 0.000000e+00, 1.387779e-17
0.580, 1.144341e-02, 7.009374e-05, 3.987183e-05, 1.084927e-02, 1.387779e-17, 1.417484e-31
0.590, 1.056793e-02, 6.477384e-05, 3.685549e-05, 1.001926e-02, -1.232595e-32, 6.938894e-18
0.600, 9.759427e-03, 5.985697e-05, 3.406466e-05, 9.252746e-03, -1.387779e-17, 0.000000e+00
0.610, 9.012779e-03, 5.531262e-05, 3.148383e-05, 8.544876e-03, 1.387779e-17, -6.938894e-18
0.620, 8.323250e-03, 5.111274e-05, 2.909695e-05, 7.891161e-03, 0.000000e+00, -6.938894e-18
0.630, 7.686473e-03, 4.723088e-05, 2.688991e-05, 7.287459e-03, 2.775558e-17, 6.938894e-18
0.640, 7.098411e-03, 4.364340e-05, 2.484887e-05, 6.729942e-03, 0.000000e+00, -6.938894e-18
0.650, 6.555338e-03, 4.032436e-05, 2.296167e-05, 6.215079e-03, 0.000000e+00, -6.938894e-18
0.660, 6.053811e-03, 3.725656e-05, 2.121633e-05, 5.739606e-03, 1.387779e-17, 6.938894e-18
0.670, 5.590652e-03, 3.442084e-05, 1.960254e-05, 5.300510e-03, 0.000000e+00, 0.000000e+00
0.680, 5.162925e-03, 3.179970e-05, 1.810995e-05, 4.895007e-03, -1.387779e-17, -6.938894e-18
0.690, 4.767921e-03, 2.937674e-05, 1.672980e-05, 4.520529e-03, 0.000000e+00, -7.703720e-32
0.700, 4.403135e-03, 2.713699e-05, 1.545323e-05, 4.174700e-03, -1.540744e-31, 6.938894e-18
0.710, 4.066256e-03, 2.506640e-05, 1.427282e-05, 3.855331e-03, 1.387779e-17, 1.387779e-17
0.720, 3.755147e-03, 2.315214e-05, 1.318094e-05, 3.560396e-03, -2.775558e-17, 6.938894e-18
0.730, 3.467839e-03, 2.138220e-05, 1.217520e-05, 3.288026e-03, 1.387779e-17, 1.387779e-17
0.740, 3.202509e-03, 1.974559e-05, 1.124978e-05, 3.036496e-03, -1.387779e-17, 0.000000e+00
0.750, 2.957477e-03, 1.823201e-05, 1.039464e-05, 2.804211e-03, 2.775558e-17, 6.938894e-18
0.760, 2.731188e-03, 1.683205e-05, 9.604290e-06, 2.589699e-03, -1.387779e-17, -2.081668e-17
0.770, 2.522209e-03, 1.553693e-05, 8.873969e-06, 2.391600e-03, 0.000000e+00, 6.938894e-18
0.780, 2.329216e-03, 1.433857e-05, 8.198995e-06, 2.208659e-03, 0.000000e+00, 1.387779e-17
0.790, 2.150985e-03, 1.322938e-05, 7.575285e-06, 2.039716e-03, 0.000000e+00, -1.387779e-17
0.800, 1.986386e-03, 1.220243e-05, 6.998846e-06, 1.883701e-03, -1.387779e-17, -6.938894e-18
0.810, 1.834377e-03, 1.125120e-05, 6.466179e-06, 1.739626e-03, -1.387779e-17, -1.387779e-17
0.820, 1.693993e-03, 1.036972e-05, 5.973910e-06, 1.606576e-03, 1.387779e-17, -6.938894e-18
0.830, 1.564345e-03, 9.552317e-06, 5.519058e-06, 1.483710e-03, 2.775558e-17, 1.387779e-17
0.840, 1.444611e-03, 8.793899e-06, 5.098710e-06, 1.370247e-03, 2.775558e-17, 6.938894e-18
0.850, 1.334033e-03, 8.089516e-06, 4.710282e-06, 1.265470e-03, 1.387779e-17, 0.000000e+00
0.860, 1.231908e-03, 7.470960e-06, 4.351304e-06, 1.168714e-03, -1.387779e-17, -6.938894e-18
0.870, 1.137590e-03, 6.899207e-06, 4.019577e-06, 1.079366e-03, -2.775558e-17, -1.387779e-17
0.880, 1.050480e-03, 6.370812e-06, 3.712943e-06, 9.968610e-04, 4.163336e-17, 2.081668e-17
0.890, 9.700268e-04, 5.882486e-06, 3.429505e-06, 9.206747e-04, 1.387779e-17, 6.938894e-18
0.900, 8.953168e-04, 5.428980e-06, 3.166365e-06, 8.507232e-04, 1.387779e-17, 0.000000e+00
0.910, 8.262599e-04, 5.009600e-06, 2.923031e-06, 7.861830e-04, 0.000000e+00, 0.000000e+00
0.920, 7.624152e-04, 4.621807e-06, 2.697963e-06, 7.266469e-04, -1.387779e-17, -6.938894e-18
0.930, 7.033757e-04, 4.263091e-06, 2.489709e-06, 6.717412e-04, -1.387779e-17, -1.387779e-17
0.940, 6.487631e-04, 3.931294e-06, 2.296948e-06, 6.211205e-04, 1.387779e-17, 6.938894e-18
0.950, 5.982282e-04, 3.624242e-06, 2.118464e-06, 5.744684e-04, 0.000000e+00, 6.938894e-18
0.960, 5.514456e-04, 3.340126e-06, 1.953117e-06, 5.314926e-04, 0.000000e+00, -6.938894e-18
0.970, 5.081146e-04, 3.076858e-06, 1.799859e-06, 4.919261e-04, 0.000000e+00, 6.938894e-18
0.980, 4.679543e-04, 2.832878e-06, 1.657700e-06, 4.555230e-04, 0.000000e+00, 0.000000e+00
0.990, 4.307046e-04, 2.606278e-06, 1.525726e-06, 4.220592e-04, 0.000000e+00, -6.938894e-18
1.000, 0.000000e+00, 0.000000e+00, 0.000000e+00, 0.000000e+00, 0.000000e+00, 0.000000e+00
[Timer] 
[Timer] ----------------Summary:Timer----------------
[Timer] measured time (rt) : 913.94s
[Timer] measured time (cpu): 910.060s
[Timer] average MLUPs :       0.451
[Timer] average MLUPps:       0.451
[Timer] ---------------------------------------------
