[MpiManager] Sucessfully initialized, numThreads=1
[Directories] Directory ./100case27_addTemp_mink/ created.
[Directories] Directory ./100case27_addTemp_mink/imageData/ created.
[Directories] Directory ./100case27_addTemp_mink/imageData/data/ created.
[Directories] Directory ./100case27_addTemp_mink/vtkData/ created.
[Directories] Directory ./100case27_addTemp_mink/vtkData/data/ created.
[Directories] Directory ./100case27_addTemp_mink/gnuplotData/ created.
[Directories] Directory ./100case27_addTemp_mink/gnuplotData/data/ created.
[main] case27
[main] omega = .... 1
[main] omega 1
[main] working with diffuse approximation
[main] omega=1
[main] latticeSink=0.009
[RadiativeUnitConverter] ----------------- UnitConverter information -----------------
[RadiativeUnitConverter] -- Parameters:
[RadiativeUnitConverter] Resolution:                       N=              100
[RadiativeUnitConverter] Lattice relaxation frequency:     omega=          1
[RadiativeUnitConverter] Lattice relaxation time:          tau=            1
[RadiativeUnitConverter] Characteristical length(m):       charL=          1
[RadiativeUnitConverter] Phys. density(kg/m^d):            charRho=        1
[RadiativeUnitConverter] Phys. absorption(1/m):            mu_a=           12
[RadiativeUnitConverter] Phys. scattering(1/m):            mu_s=           8
[RadiativeUnitConverter] Extinction(1/m):                  mu_t=           20
[RadiativeUnitConverter] Effective attenuation(1/m):       mu_eff=         26.8328
[RadiativeUnitConverter] Phys. diffusion(m):               D=              0.0166667
[RadiativeUnitConverter] Single scattering albedo:         albedo=         0.4
[RadiativeUnitConverter] Anisotropy factor:                g=              0
[RadiativeUnitConverter] 
[RadiativeUnitConverter] Lattice diffusion:                D^*=            1.66667
[RadiativeUnitConverter] Lattice absorption:               absorption=     0.12
[RadiativeUnitConverter] Lattice scattering:               scattering=     0.08
[RadiativeUnitConverter] Lattice sink:                     sink=           0.009
[RadiativeUnitConverter] C_R: 1
[RadiativeUnitConverter] r_F: 1.73913
[RadiativeUnitConverter] 
[RadiativeUnitConverter] -- Conversion factors:
[RadiativeUnitConverter] Voxel length(m):                  physDeltaX=     0.01
[RadiativeUnitConverter] Time step(s):                     physDeltaT=     1.25e-05
[RadiativeUnitConverter] Density factor(kg/m^3):           physDensity=    1
[RadiativeUnitConverter] -------------------------------------------------------------
[prepareGeometryCube] Prepare cubeGeometry ...
[SuperGeometry3D] cleaned 0 outer boundary voxel(s)
[SuperGeometry3D] cleaned 0 inner boundary voxel(s)
[SuperGeometry3D] the model is correct!
[CuboidGeometry3D] ---Cuboid Stucture Statistics---
[CuboidGeometry3D]  Number of Cuboids: 	2
[CuboidGeometry3D]  Delta  (min): 		0.01
[CuboidGeometry3D]         (max): 		0.01
[CuboidGeometry3D]  Ratio  (min): 		0.49505
[CuboidGeometry3D]         (max): 		2.02
[CuboidGeometry3D]  Nodes  (min): 		510050
[CuboidGeometry3D]         (max): 		520251
[CuboidGeometry3D]  Weight (min): 		510050
[CuboidGeometry3D]         (max): 		520251
[CuboidGeometry3D] --------------------------------
[SuperGeometryStatistics3D] materialNumber=1; count=970299; minPhysR=(0.01,-0.49,-0.49); maxPhysR=(0.99,0.49,0.49)
[SuperGeometryStatistics3D] materialNumber=2; count=59561; minPhysR=(0,-0.5,-0.5); maxPhysR=(1,0.5,0.5)
[SuperGeometryStatistics3D] materialNumber=3; count=441; minPhysR=(0,-0.1,-0.1); maxPhysR=(0,0.1,0.1)
[prepareGeometryCube] Prepare cubeGeometry ... OK
[prepareLattice] Prepare Lattice ...
[prepareLattice] Prepare Lattice ... OK
[main] iT convergence criteria: 640
[LatticeStatistics] step=0; t=0; uMax=0; avEnergy=0; avRho=1
[Timer] step=0; percent=0; passedTime=0; remTime=0.001; MLUPs=0
[Timer] step=0; percent=0; passedTime=0; remTime=0.001; MLUPs=0
[LatticeStatistics] step=200; t=0.0025; uMax=0; avEnergy=0; avRho=0.00172659
[Timer] step=200; percent=0.0208333; passedTime=9.658; remTime=46348.7; MLUPs=21.3357
[Timer] step=200; percent=0.0208333; passedTime=9.658; remTime=46348.7; MLUPs=21.3357
[LatticeStatistics] step=400; t=0.005; uMax=0; avEnergy=0; avRho=0.00180658
[Timer] step=400; percent=0.0416667; passedTime=19.597; remTime=47013.2; MLUPs=20.7304
[Timer] step=400; percent=0.0416667; passedTime=19.597; remTime=47013.2; MLUPs=20.7304
[LatticeStatistics] step=600; t=0.0075; uMax=0; avEnergy=0; avRho=0.00181644
[Timer] step=600; percent=0.0625; passedTime=29.788; remTime=47631; MLUPs=20.2218
[Timer] step=600; percent=0.0625; passedTime=29.788; remTime=47631; MLUPs=20.2218
[ValueTracer] average=0.00168157; stdDev/average=0.144733
[LatticeStatistics] step=800; t=0.01; uMax=0; avEnergy=0; avRho=0.00181779
[Timer] step=800; percent=0.0833333; passedTime=40.174; remTime=48168.6; MLUPs=19.8383
[Timer] step=800; percent=0.0833333; passedTime=40.174; remTime=48168.6; MLUPs=19.8383
[LatticeStatistics] step=1000; t=0.0125; uMax=0; avEnergy=0; avRho=0.00181798
[Timer] step=1000; percent=0.104167; passedTime=50.665; remTime=48587.7; MLUPs=19.6416
[Timer] step=1000; percent=0.104167; passedTime=50.665; remTime=48587.7; MLUPs=19.6416
[LatticeStatistics] step=1200; t=0.015; uMax=0; avEnergy=0; avRho=0.00181801
[Timer] step=1200; percent=0.125; passedTime=61.246; remTime=48935.6; MLUPs=19.4745
[Timer] step=1200; percent=0.125; passedTime=61.246; remTime=48935.6; MLUPs=19.4745
[ValueTracer] average=0.00181785; stdDev/average=0.00013648
[LatticeStatistics] step=1400; t=0.0175; uMax=0; avEnergy=0; avRho=0.00181802
[Timer] step=1400; percent=0.145833; passedTime=71.861; remTime=49204.3; MLUPs=19.414
[Timer] step=1400; percent=0.145833; passedTime=71.861; remTime=49204.3; MLUPs=19.414
[LatticeStatistics] step=1600; t=0.02; uMax=0; avEnergy=0; avRho=0.00181802
[Timer] step=1600; percent=0.166667; passedTime=82.451; remTime=49388.1; MLUPs=19.458
[Timer] step=1600; percent=0.166667; passedTime=82.451; remTime=49388.1; MLUPs=19.458
[LatticeStatistics] step=1800; t=0.0225; uMax=0; avEnergy=0; avRho=0.00181802
[Timer] step=1800; percent=0.1875; passedTime=93.022; remTime=49518.7; MLUPs=19.4911
[Timer] step=1800; percent=0.1875; passedTime=93.022; remTime=49518.7; MLUPs=19.4911
[ValueTracer] average=0.00181802; stdDev/average=2.97181e-07
[LatticeStatistics] step=2000; t=0.025; uMax=0; avEnergy=0; avRho=0.00181802
[Timer] step=2000; percent=0.208333; passedTime=103.654; remTime=49650.3; MLUPs=19.3811
[Timer] step=2000; percent=0.208333; passedTime=103.654; remTime=49650.3; MLUPs=19.3811
[LatticeStatistics] step=2200; t=0.0275; uMax=0; avEnergy=0; avRho=0.00181802
[Timer] step=2200; percent=0.229167; passedTime=114.254; remTime=49742; MLUPs=19.4396
[Timer] step=2200; percent=0.229167; passedTime=114.254; remTime=49742; MLUPs=19.4396
[main] Simulation converged. -- 2278
[main] ------2278
[main] Simulation converged. -- 2278
[main] ./100case27_addTemp_mink/100case27.csv
0.000, 1.000000e+00, 0.000000e+00, 0.000000e+00, 0.000000e+00, 0.000000e+00, 0.000000e+00
0.010, 7.676837e-01, 1.852488e-04, 2.287296e-06, 5.286596e-02, 0.000000e+00, 0.000000e+00
0.020, 5.809921e-01, 3.594989e-04, 4.516529e-06, 4.039325e-02, 0.000000e+00, 1.387779e-17
0.030, 4.384877e-01, 5.100975e-04, 6.592881e-06, 3.079842e-02, 0.000000e+00, 0.000000e+00
0.040, 3.299905e-01, 6.292242e-04, 8.451878e-06, 2.341651e-02, 0.000000e+00, 0.000000e+00
0.050, 2.476453e-01, 7.128818e-04, 1.004246e-05, 1.774546e-02, 0.000000e+00, -1.387779e-17
0.060, 1.853645e-01, 7.608095e-04, 1.132933e-05, 1.340113e-02, 0.000000e+00, 0.000000e+00
0.070, 1.384238e-01, 7.758234e-04, 1.229391e-05, 1.008572e-02, -2.775558e-17, 0.000000e+00
0.080, 1.031626e-01, 7.628509e-04, 1.293385e-05, 7.566280e-03, 0.000000e+00, 0.000000e+00
0.090, 7.675492e-02, 7.279166e-04, 1.326144e-05, 5.659989e-03, 0.000000e+00, 0.000000e+00
0.100, 5.703011e-02, 6.772647e-04, 1.330107e-05, 4.223547e-03, -1.387779e-17, 1.387779e-17
0.110, 4.232984e-02, 6.167124e-04, 1.308624e-05, 3.145169e-03, 2.775558e-17, 2.775558e-17
0.120, 3.139427e-02, 5.512516e-04, 1.265638e-05, 2.338219e-03, 1.387779e-17, 1.387779e-17
0.130, 2.327112e-02, 4.848684e-04, 1.205375e-05, 1.736028e-03, 1.387779e-17, 0.000000e+00
0.140, 1.724386e-02, 4.205251e-04, 1.132079e-05, 1.287647e-03, 0.000000e+00, 0.000000e+00
0.150, 1.277540e-02, 3.602487e-04, 1.049789e-05, 9.543880e-04, 1.387779e-17, 1.387779e-17
0.160, 9.464517e-03, 3.052757e-04, 9.621750e-06, 7.070392e-04, -1.387779e-17, 0.000000e+00
0.170, 7.012214e-03, 2.562166e-04, 8.724368e-06, 5.236457e-04, 0.000000e+00, 0.000000e+00
0.180, 5.196186e-03, 2.132147e-04, 7.832435e-06, 3.877731e-04, 0.000000e+00, -1.387779e-17
0.190, 3.851401e-03, 1.760877e-04, 6.967236e-06, 2.871584e-04, -1.387779e-17, 0.000000e+00
0.200, 2.855500e-03, 1.444428e-04, 6.144859e-06, 2.126747e-04, 1.387779e-17, -1.387779e-17
0.210, 2.117847e-03, 1.177677e-04, 5.376644e-06, 1.575425e-04, -1.387779e-17, -1.387779e-17
0.220, 1.571341e-03, 9.549676e-05, 4.669770e-06, 1.167339e-04, 0.000000e+00, 0.000000e+00
0.230, 1.166328e-03, 7.705840e-05, 4.027927e-06, 8.652395e-05, 1.387779e-17, 0.000000e+00
0.240, 8.660692e-04, 6.190533e-05, 3.451982e-06, 6.415546e-05, 0.000000e+00, 0.000000e+00
0.250, 6.433862e-04, 4.953317e-05, 2.940621e-06, 4.758850e-05, -2.775558e-17, 0.000000e+00
0.260, 4.781686e-04, 3.948992e-05, 2.490932e-06, 3.531435e-05, -1.387779e-17, 0.000000e+00
0.270, 3.555345e-04, 3.137924e-05, 2.098903e-06, 2.621729e-05, -1.387779e-17, 0.000000e+00
0.280, 2.644686e-04, 2.485948e-05, 1.759846e-06, 1.947225e-05, -1.387779e-17, 0.000000e+00
0.290, 1.968145e-04, 1.964035e-05, 1.468728e-06, 1.446901e-05, 1.387779e-17, 0.000000e+00
0.300, 1.465308e-04, 1.547802e-05, 1.220438e-06, 1.075614e-05, 0.000000e+00, -1.387779e-17
0.310, 1.091407e-04, 1.216975e-05, 1.009979e-06, 7.999606e-06, 0.000000e+00, 1.387779e-17
0.320, 8.132574e-05, 9.548376e-06, 8.326010e-07, 5.952154e-06, 0.000000e+00, 0.000000e+00
0.330, 6.062464e-05, 7.477086e-06, 6.838928e-07, 4.430686e-06, 0.000000e+00, 0.000000e+00
0.340, 4.521125e-05, 5.844620e-06, 5.598313e-07, 3.299561e-06, 0.000000e+00, -1.387779e-17
0.350, 3.373000e-05, 4.561010e-06, 4.568036e-07, 2.458254e-06, 7.703720e-32, -2.775558e-17
0.360, 2.517414e-05, 3.553861e-06, 3.716073e-07, 1.832226e-06, -1.387779e-17, 0.000000e+00
0.370, 1.879565e-05, 2.765181e-06, 3.014360e-07, 1.366184e-06, 1.387779e-17, 0.000000e+00
0.380, 1.403849e-05, 2.148695e-06, 2.438547e-07, 1.019092e-06, 0.000000e+00, 0.000000e+00
0.390, 1.048913e-05, 1.667610e-06, 1.967687e-07, 7.604801e-07, 0.000000e+00, 0.000000e+00
0.400, 7.839904e-06, 1.292765e-06, 1.583909e-07, 5.677118e-07, 1.387779e-17, 0.000000e+00
0.410, 5.861788e-06, 1.001115e-06, 1.272065e-07, 4.239646e-07, 7.703720e-32, -1.387779e-17
0.420, 4.384232e-06, 7.744943e-07, 1.019403e-07, 3.167298e-07, -1.387779e-17, 0.000000e+00
0.430, 3.280176e-06, 5.986192e-07, 8.152460e-08, 2.367017e-07, -1.387779e-17, -1.387779e-17
0.440, 2.454919e-06, 4.622822e-07, 6.507039e-08, 1.769552e-07, -2.775558e-17, 2.775558e-17
0.450, 1.837850e-06, 3.567070e-07, 5.184097e-08, 1.323337e-07, 0.000000e+00, 0.000000e+00
0.460, 1.376295e-06, 2.750337e-07, 4.122853e-08, 9.899631e-08, -1.387779e-17, -1.387779e-17
0.470, 1.030953e-06, 2.119095e-07, 3.273372e-08, 7.408069e-08, 1.387779e-17, -6.471125e-32
0.480, 7.724816e-07, 1.631637e-07, 2.594784e-08, 5.545296e-08, 0.000000e+00, 0.000000e+00
0.490, 5.789701e-07, 1.255518e-07, 2.053753e-08, 4.152164e-08, 0.000000e+00, 0.000000e+00
0.500, 4.340498e-07, 9.655274e-08, 1.623185e-08, 3.109931e-08, 0.000000e+00, -1.387779e-17
0.510, 3.254883e-07, 7.421012e-08, 1.281120e-08, 2.329969e-08, 0.000000e+00, -1.387779e-17
0.520, 2.441408e-07, 5.700756e-08, 1.009813e-08, 1.746100e-08, -1.387779e-17, -2.775558e-17
0.530, 1.831690e-07, 4.377089e-08, 7.949651e-09, 1.308894e-08, -1.387779e-17, 1.387779e-17
0.540, 1.374570e-07, 3.359184e-08, 6.250794e-09, 9.814163e-09, 1.387779e-17, 0.000000e+00
0.550, 1.031769e-07, 2.576848e-08, 4.909368e-09, 7.360583e-09, 0.000000e+00, -1.387779e-17
0.560, 7.746338e-08, 1.975882e-08, 3.851599e-09, 5.521771e-09, 1.387779e-17, 1.387779e-17
0.570, 5.817090e-08, 1.514467e-08, 3.018577e-09, 4.143325e-09, 1.417484e-31, 4.163336e-17
0.580, 4.369263e-08, 1.160364e-08, 2.363353e-09, 3.109719e-09, 0.000000e+00, 4.252453e-31
0.590, 3.282473e-08, 8.887362e-09, 1.848580e-09, 2.334492e-09, 0.000000e+00, 0.000000e+00
0.600, 2.466507e-08, 6.804616e-09, 1.444604e-09, 1.752911e-09, 0.000000e+00, 0.000000e+00
0.610, 1.853744e-08, 5.208275e-09, 1.127916e-09, 1.316501e-09, 0.000000e+00, 0.000000e+00
0.620, 1.393480e-08, 3.985204e-09, 8.799083e-10, 9.889490e-10, 0.000000e+00, -1.387779e-17
0.630, 1.047692e-08, 3.048458e-09, 6.858762e-10, 7.430461e-10, -1.387779e-17, 0.000000e+00
0.640, 7.878541e-09, 2.331251e-09, 5.342141e-10, 5.583986e-10, 0.000000e+00, 0.000000e+00
0.650, 5.925646e-09, 1.782307e-09, 4.157765e-10, 4.197180e-10, 0.000000e+00, 0.000000e+00
0.660, 4.457601e-09, 1.362280e-09, 3.233639e-10, 3.155391e-10, 1.387779e-17, 1.387779e-17
0.670, 3.353826e-09, 1.040987e-09, 2.513174e-10, 2.372625e-10, 0.000000e+00, 0.000000e+00
0.680, 2.523781e-09, 7.952872e-10, 1.951929e-10, 1.784365e-10, -1.387779e-17, 1.387779e-17
0.690, 1.899471e-09, 6.074453e-10, 1.515048e-10, 1.342191e-10, 1.387779e-17, 1.387779e-17
0.700, 1.429823e-09, 4.638729e-10, 1.175221e-10, 1.009763e-10, 0.000000e+00, 1.387779e-17
0.710, 1.076461e-09, 3.541629e-10, 9.110745e-11, 7.597971e-11, 0.000000e+00, 1.387779e-17
0.720, 8.105487e-10, 2.703484e-10, 7.058915e-11, 5.718032e-11, 1.387779e-17, 0.000000e+00
0.730, 6.104121e-10, 2.063305e-10, 5.466133e-11, 4.303924e-11, 0.000000e+00, 0.000000e+00
0.740, 4.597571e-10, 1.574441e-10, 4.230466e-11, 3.240033e-11, -1.387779e-17, -1.387779e-17
0.750, 3.463327e-10, 1.201197e-10, 3.272432e-11, 2.439497e-11, 0.000000e+00, 0.000000e+00
0.760, 2.609257e-10, 9.162848e-11, 2.530082e-11, 1.837031e-11, 0.000000e+00, 0.000000e+00
0.770, 1.966058e-10, 6.988388e-11, 1.955169e-11, 1.383549e-11, 1.387779e-17, 1.387779e-17
0.780, 1.481598e-10, 5.329137e-11, 1.510164e-11, 1.042155e-11, -1.387779e-17, 0.000000e+00
0.790, 1.116652e-10, 4.063239e-11, 1.165906e-11, 7.851067e-12, 0.000000e+00, 0.000000e+00
0.800, 8.416967e-11, 3.097567e-11, 8.997081e-12, 5.915463e-12, -1.387779e-17, -2.775558e-17
0.810, 6.345136e-11, 2.361056e-11, 6.939838e-12, 4.457629e-12, -1.387779e-17, -2.775558e-17
0.820, 4.783796e-11, 1.799394e-11, 5.350442e-12, 3.359507e-12, 1.387779e-17, 1.387779e-17
0.830, 3.606970e-11, 1.371125e-11, 4.123146e-12, 2.532266e-12, 1.540744e-31, 0.000000e+00
0.840, 2.719869e-11, 1.044631e-11, 3.175904e-12, 1.909015e-12, -1.387779e-17, 0.000000e+00
0.850, 2.051070e-11, 7.957301e-12, 2.445211e-12, 1.439349e-12, 0.000000e+00, -1.387779e-17
0.860, 1.546741e-11, 6.059819e-12, 1.881495e-12, 1.085396e-12, 0.000000e+00, 0.000000e+00
0.870, 1.166378e-11, 4.613421e-12, 1.446898e-12, 8.187478e-13, 1.387779e-17, 0.000000e+00
0.880, 8.794299e-12, 3.510858e-12, 1.111666e-12, 6.177697e-13, 0.000000e+00, 0.000000e+00
0.890, 6.628698e-12, 2.670308e-12, 8.530954e-13, 4.664047e-13, -2.775558e-17, -1.387779e-17
0.900, 4.992895e-12, 2.028933e-12, 6.538103e-13, 3.523570e-13, -2.775558e-17, 1.387779e-17
0.910, 3.756773e-12, 1.539324e-12, 5.002110e-13, 2.664674e-13, 0.000000e+00, 0.000000e+00
0.920, 2.821077e-12, 1.165068e-12, 3.813616e-13, 2.020051e-13, 0.000000e+00, 1.387779e-17
0.930, 2.110423e-12, 8.780754e-13, 2.893796e-13, 1.537381e-13, 0.000000e+00, 1.387779e-17
0.940, 1.568079e-12, 6.570300e-13, 2.177702e-13, 1.176698e-13, -1.387779e-17, 1.417484e-31
0.950, 1.151301e-12, 4.853895e-13, 1.616485e-13, 9.099665e-14, 0.000000e+00, 0.000000e+00
0.960, 8.264500e-13, 3.501643e-13, 1.170730e-13, 7.158163e-14, 0.000000e+00, 0.000000e+00
0.970, 5.678791e-13, 2.413625e-13, 8.076873e-14, 5.791201e-14, -1.387779e-17, -1.387779e-17
0.980, 3.544942e-13, 1.508793e-13, 5.040413e-14, 4.886369e-14, -1.387779e-17, 0.000000e+00
0.990, 1.696421e-13, 7.216450e-14, 2.398082e-14, 4.368728e-14, 0.000000e+00, 0.000000e+00
1.000, 0.000000e+00, 0.000000e+00, 0.000000e+00, 0.000000e+00, 0.000000e+00, 0.000000e+00
[Timer] 
[Timer] ----------------Summary:Timer----------------
[Timer] measured time (rt) : 120.858s
[Timer] measured time (cpu): 119.040s
[Timer] average MLUPs :       18.755
[Timer] average MLUPps:       18.755
[Timer] ---------------------------------------------
