[MpiManager] Sucessfully initialized, numThreads=1
[main] case34
[main] omega = .... 1
[main] omega 1
[main] working with diffuse approximation
[main] omega=1
[main] latticeSink=0.0135
[RadiativeUnitConverter] ----------------- UnitConverter information -----------------
[RadiativeUnitConverter] -- Parameters:
[RadiativeUnitConverter] Resolution:                       N=              50
[RadiativeUnitConverter] Lattice relaxation frequency:     omega=          1
[RadiativeUnitConverter] Lattice relaxation time:          tau=            1
[RadiativeUnitConverter] Characteristical length(m):       charL=          1
[RadiativeUnitConverter] Phys. density(kg/m^d):            charRho=        1
[RadiativeUnitConverter] Phys. absorption(1/m):            mu_a=           3
[RadiativeUnitConverter] Phys. scattering(1/m):            mu_s=           27
[RadiativeUnitConverter] Extinction(1/m):                  mu_t=           30
[RadiativeUnitConverter] Effective attenuation(1/m):       mu_eff=         16.4317
[RadiativeUnitConverter] Phys. diffusion(m):               D=              0.0111111
[RadiativeUnitConverter] Single scattering albedo:         albedo=         0.9
[RadiativeUnitConverter] Anisotropy factor:                g=              0
[RadiativeUnitConverter] 
[RadiativeUnitConverter] Lattice diffusion:                D^*=            0.555556
[RadiativeUnitConverter] Lattice absorption:               absorption=     0.06
[RadiativeUnitConverter] Lattice scattering:               scattering=     0.54
[RadiativeUnitConverter] Lattice sink:                     sink=           0.0135
[RadiativeUnitConverter] C_R: 1
[RadiativeUnitConverter] r_F: 1.37931
[RadiativeUnitConverter] 
[RadiativeUnitConverter] -- Conversion factors:
[RadiativeUnitConverter] Voxel length(m):                  physDeltaX=     0.02
[RadiativeUnitConverter] Time step(s):                     physDeltaT=     5e-05
[RadiativeUnitConverter] Density factor(kg/m^3):           physDensity=    1
[RadiativeUnitConverter] -------------------------------------------------------------
[prepareGeometryCube] Prepare cubeGeometry ...
[SuperGeometry3D] cleaned 0 outer boundary voxel(s)
[SuperGeometry3D] cleaned 0 inner boundary voxel(s)
[SuperGeometry3D] the model is correct!
[CuboidGeometry3D] ---Cuboid Stucture Statistics---
[CuboidGeometry3D]  Number of Cuboids: 	2
[CuboidGeometry3D]  Delta  (min): 		0.02
[CuboidGeometry3D]         (max): 		0.02
[CuboidGeometry3D]  Ratio  (min): 		0.490196
[CuboidGeometry3D]         (max): 		2.04
[CuboidGeometry3D]  Nodes  (min): 		65025
[CuboidGeometry3D]         (max): 		67626
[CuboidGeometry3D]  Weight (min): 		65025
[CuboidGeometry3D]         (max): 		67626
[CuboidGeometry3D] --------------------------------
[SuperGeometryStatistics3D] materialNumber=1; count=117649; minPhysR=(0.02,-0.48,-0.48); maxPhysR=(0.98,0.48,0.48)
[SuperGeometryStatistics3D] materialNumber=2; count=14881; minPhysR=(0,-0.5,-0.5); maxPhysR=(1,0.5,0.5)
[SuperGeometryStatistics3D] materialNumber=3; count=121; minPhysR=(0,-0.1,-0.1); maxPhysR=(0,0.1,0.1)
[prepareGeometryCube] Prepare cubeGeometry ... OK
[prepareLattice] Prepare Lattice ...
[prepareLattice] Prepare Lattice ... OK
[main] iT convergence criteria: 160
[LatticeStatistics] step=0; t=0; uMax=0; avEnergy=0; avRho=1
[Timer] step=0; percent=0; passedTime=6.91044e-313; remTime=0.001; MLUPs=0
[Timer] step=0; percent=0; passedTime=6.91044e-313; remTime=0.001; MLUPs=0
[LatticeStatistics] step=100; t=0.005; uMax=0; avEnergy=0; avRho=0.00297953
[Timer] step=100; percent=0.0416667; passedTime=0.997; remTime=2391.8; MLUPs=13.305
[Timer] step=100; percent=0.0416667; passedTime=0.997; remTime=2391.8; MLUPs=13.305
[ValueTracer] average=0.00266715; stdDev/average=0.19543
[LatticeStatistics] step=200; t=0.01; uMax=0; avEnergy=0; avRho=0.00320052
[Timer] step=200; percent=0.0833333; passedTime=1.902; remTime=2280.5; MLUPs=14.6576
[Timer] step=200; percent=0.0833333; passedTime=1.902; remTime=2280.5; MLUPs=14.6576
[LatticeStatistics] step=300; t=0.015; uMax=0; avEnergy=0; avRho=0.00324303
[Timer] step=300; percent=0.125; passedTime=2.837; remTime=2266.76; MLUPs=14.1873
[Timer] step=300; percent=0.125; passedTime=2.837; remTime=2266.76; MLUPs=14.1873
[ValueTracer] average=0.00321762; stdDev/average=0.00792545
[LatticeStatistics] step=400; t=0.02; uMax=0; avEnergy=0; avRho=0.00325193
[Timer] step=400; percent=0.166667; passedTime=3.766; remTime=2255.83; MLUPs=14.2635
[Timer] step=400; percent=0.166667; passedTime=3.766; remTime=2255.83; MLUPs=14.2635
[ValueTracer] average=0.00325129; stdDev/average=0.000642459
[LatticeStatistics] step=500; t=0.025; uMax=0; avEnergy=0; avRho=0.00325384
[Timer] step=500; percent=0.208333; passedTime=4.683; remTime=2243.16; MLUPs=14.4658
[Timer] step=500; percent=0.208333; passedTime=4.683; remTime=2243.16; MLUPs=14.4658
[LatticeStatistics] step=600; t=0.03; uMax=0; avEnergy=0; avRho=0.00325426
[Timer] step=600; percent=0.25; passedTime=5.599; remTime=2234; MLUPs=14.4658
[Timer] step=600; percent=0.25; passedTime=5.599; remTime=2234; MLUPs=14.4658
[ValueTracer] average=0.00325411; stdDev/average=5.56943e-05
[LatticeStatistics] step=700; t=0.035; uMax=0; avEnergy=0; avRho=0.00325435
[Timer] step=700; percent=0.291667; passedTime=6.531; remTime=2232.67; MLUPs=14.2177
[Timer] step=700; percent=0.291667; passedTime=6.531; remTime=2232.67; MLUPs=14.2177
[LatticeStatistics] step=800; t=0.04; uMax=0; avEnergy=0; avRho=0.00325437
[Timer] step=800; percent=0.333333; passedTime=7.447; remTime=2226.65; MLUPs=14.4816
[Timer] step=800; percent=0.333333; passedTime=7.447; remTime=2226.65; MLUPs=14.4816
[ValueTracer] average=0.00325435; stdDev/average=4.91891e-06
[LatticeStatistics] step=900; t=0.045; uMax=0; avEnergy=0; avRho=0.00325438
[Timer] step=900; percent=0.375; passedTime=8.362; remTime=2221.5; MLUPs=14.4816
[Timer] step=900; percent=0.375; passedTime=8.362; remTime=2221.5; MLUPs=14.4816
[ValueTracer] average=0.00325438; stdDev/average=4.38407e-07
[LatticeStatistics] step=1000; t=0.05; uMax=0; avEnergy=0; avRho=0.00325438
[Timer] step=1000; percent=0.416667; passedTime=9.275; remTime=2216.72; MLUPs=14.5132
[Timer] step=1000; percent=0.416667; passedTime=9.275; remTime=2216.72; MLUPs=14.5132
[LatticeStatistics] step=1100; t=0.055; uMax=0; avEnergy=0; avRho=0.00325438
[Timer] step=1100; percent=0.458333; passedTime=10.191; remTime=2213.3; MLUPs=14.4816
[Timer] step=1100; percent=0.458333; passedTime=10.191; remTime=2213.3; MLUPs=14.4816
[ValueTracer] average=0.00325438; stdDev/average=3.92802e-08
[LatticeStatistics] step=1200; t=0.06; uMax=0; avEnergy=0; avRho=0.00325438
[Timer] step=1200; percent=0.5; passedTime=11.119; remTime=2212.68; MLUPs=14.2789
[Timer] step=1200; percent=0.5; passedTime=11.119; remTime=2212.68; MLUPs=14.2789
[main] Simulation converged. -- 1211
[main] ------1211
[main] Simulation converged. -- 1211
[main] ./50case34_addTemp_mink/50case34.csv
0.000, 1.000000e+00, 0.000000e+00, 0.000000e+00, 0.000000e+00, 0.000000e+00, 0.000000e+00
0.010, 8.542685e-01, 1.043082e-03, 4.468807e-05, 3.244291e-02, -6.938894e-18, 0.000000e+00
0.020, 7.085370e-01, 2.086164e-03, 8.937615e-05, 6.488582e-02, -1.387779e-17, 0.000000e+00
0.030, 5.969215e-01, 2.931726e-03, 1.304200e-04, 5.554686e-02, -6.938894e-18, 0.000000e+00
0.040, 4.853060e-01, 3.777289e-03, 1.714639e-04, 4.620790e-02, 0.000000e+00, 0.000000e+00
0.050, 4.068127e-01, 4.295077e-03, 2.047771e-04, 3.921159e-02, 0.000000e+00, 0.000000e+00
0.060, 3.283195e-01, 4.812865e-03, 2.380903e-04, 3.221528e-02, 0.000000e+00, 0.000000e+00
0.070, 2.742425e-01, 5.001430e-03, 2.615734e-04, 2.712994e-02, -1.387779e-17, 0.000000e+00
0.080, 2.201655e-01, 5.189995e-03, 2.850565e-04, 2.204459e-02, -2.775558e-17, 0.000000e+00
0.090, 1.835051e-01, 5.120339e-03, 2.981500e-04, 1.845995e-02, -2.775558e-17, 0.000000e+00
0.100, 1.468448e-01, 5.050682e-03, 3.112434e-04, 1.487531e-02, -2.775558e-17, 0.000000e+00
0.110, 1.222656e-01, 4.816318e-03, 3.147155e-04, 1.241022e-02, -2.081668e-17, -6.938894e-18
0.120, 9.768642e-02, 4.581953e-03, 3.181875e-04, 9.945126e-03, -1.387779e-17, -1.387779e-17
0.130, 8.131744e-02, 4.266628e-03, 3.137063e-04, 8.279426e-03, -6.938894e-18, -6.938894e-18
0.140, 6.494846e-02, 3.951302e-03, 3.092251e-04, 6.613727e-03, 0.000000e+00, 0.000000e+00
0.150, 5.408373e-02, 3.616121e-03, 2.988824e-04, 5.500824e-03, -6.938894e-18, -6.938894e-18
0.160, 4.321899e-02, 3.280939e-03, 2.885397e-04, 4.387920e-03, -1.387779e-17, -1.387779e-17
0.170, 3.601454e-02, 2.963811e-03, 2.744493e-04, 3.649145e-03, -1.387779e-17, -6.938894e-18
0.180, 2.881010e-02, 2.646683e-03, 2.603588e-04, 2.910370e-03, -1.387779e-17, 0.000000e+00
0.190, 2.402964e-02, 2.367127e-03, 2.443850e-04, 2.421417e-03, -6.938894e-18, 1.387779e-17
0.200, 1.924919e-02, 2.087570e-03, 2.284112e-04, 1.932464e-03, 0.000000e+00, 2.775558e-17
0.210, 1.607179e-02, 1.852589e-03, 2.120309e-04, 1.609056e-03, -6.938894e-18, 1.387779e-17
0.220, 1.289439e-02, 1.617608e-03, 1.956506e-04, 1.285648e-03, -1.387779e-17, 0.000000e+00
0.230, 1.077761e-02, 1.426698e-03, 1.799204e-04, 1.071538e-03, -1.387779e-17, -6.938894e-18
0.240, 8.660822e-03, 1.235788e-03, 1.641902e-04, 8.574268e-04, -1.387779e-17, -1.387779e-17
0.250, 7.246888e-03, 1.084557e-03, 1.497816e-04, 7.154058e-04, -6.938894e-18, 1.232595e-32
0.260, 5.832954e-03, 9.333267e-04, 1.353730e-04, 5.733848e-04, 0.000000e+00, 1.387779e-17
0.270, 4.885866e-03, 8.158236e-04, 1.226427e-04, 4.789484e-04, 6.938894e-18, 6.938894e-18
0.280, 3.938778e-03, 6.983205e-04, 1.099124e-04, 3.845119e-04, 1.387779e-17, 0.000000e+00
0.290, 3.302613e-03, 6.083943e-04, 9.898228e-05, 3.215424e-04, 6.471125e-32, 6.938894e-18
0.300, 2.666447e-03, 5.184681e-04, 8.805215e-05, 2.585730e-04, -1.387779e-17, 1.387779e-17
0.310, 2.237953e-03, 4.504707e-04, 7.888379e-05, 2.164640e-04, -6.938894e-18, 6.938894e-18
0.320, 1.809459e-03, 3.824732e-04, 6.971544e-05, 1.743550e-04, 0.000000e+00, 0.000000e+00
0.330, 1.520078e-03, 3.315549e-04, 6.217226e-05, 1.461142e-04, -6.938894e-18, -6.938894e-18
0.340, 1.230697e-03, 2.806365e-04, 5.462909e-05, 1.178734e-04, -1.387779e-17, -1.387779e-17
0.350, 1.034770e-03, 2.428094e-04, 4.852338e-05, 9.887965e-05, -1.387779e-17, -6.471125e-32
0.360, 8.388427e-04, 2.049823e-04, 4.241767e-05, 7.988594e-05, -1.387779e-17, 1.387779e-17
0.370, 7.058720e-04, 1.770647e-04, 3.754373e-05, 6.707664e-05, -6.938894e-18, 6.938894e-18
0.380, 5.729014e-04, 1.491471e-04, 3.266978e-05, 5.426734e-05, 0.000000e+00, 0.000000e+00
0.390, 4.824542e-04, 1.286557e-04, 2.882537e-05, 4.560635e-05, 0.000000e+00, 0.000000e+00
0.400, 3.920070e-04, 1.081643e-04, 2.498096e-05, 3.694536e-05, 0.000000e+00, 0.000000e+00
0.410, 3.303544e-04, 9.319278e-05, 2.197994e-05, 3.107486e-05, 6.938894e-18, 6.938894e-18
0.420, 2.687017e-04, 7.822131e-05, 1.897891e-05, 2.520435e-05, 1.387779e-17, 1.387779e-17
0.430, 2.265932e-04, 6.732545e-05, 1.665740e-05, 2.121605e-05, 6.938894e-18, 2.081668e-17
0.440, 1.844848e-04, 5.642959e-05, 1.433589e-05, 1.722776e-05, 0.000000e+00, 2.775558e-17
0.450, 1.556716e-04, 4.852622e-05, 1.255428e-05, 1.451231e-05, 0.000000e+00, 1.387779e-17
0.460, 1.268584e-04, 4.062285e-05, 1.077268e-05, 1.179686e-05, 0.000000e+00, 0.000000e+00
0.470, 1.071083e-04, 3.490643e-05, 9.415018e-06, 9.944272e-06, -6.938894e-18, 0.000000e+00
0.480, 8.735820e-05, 2.919002e-05, 8.057354e-06, 8.091681e-06, -1.387779e-17, 0.000000e+00
0.490, 7.379843e-05, 2.506557e-05, 7.029199e-06, 6.825354e-06, -6.938894e-18, 0.000000e+00
0.500, 6.023867e-05, 2.094112e-05, 6.001044e-06, 5.559028e-06, 0.000000e+00, 0.000000e+00
0.510, 5.091478e-05, 1.797163e-05, 5.226753e-06, 4.691892e-06, 0.000000e+00, 1.387779e-17
0.520, 4.159089e-05, 1.500213e-05, 4.452461e-06, 3.824756e-06, 0.000000e+00, 2.775558e-17
0.530, 3.517048e-05, 1.286814e-05, 3.872253e-06, 3.229977e-06, 6.938894e-18, 1.387779e-17
0.540, 2.875007e-05, 1.073415e-05, 3.292045e-06, 2.635199e-06, 1.387779e-17, 0.000000e+00
0.550, 2.432306e-05, 9.203057e-06, 2.859214e-06, 2.226593e-06, 6.938894e-18, 0.000000e+00
0.560, 1.989604e-05, 7.671968e-06, 2.426384e-06, 1.817987e-06, 0.000000e+00, 0.000000e+00
0.570, 1.683967e-05, 6.575007e-06, 2.104798e-06, 1.536867e-06, 0.000000e+00, 0.000000e+00
0.580, 1.378330e-05, 5.478047e-06, 1.783211e-06, 1.255747e-06, 0.000000e+00, 0.000000e+00
0.590, 1.167071e-05, 4.693101e-06, 1.545147e-06, 1.062069e-06, 0.000000e+00, 0.000000e+00
0.600, 9.558111e-06, 3.908155e-06, 1.307083e-06, 8.683910e-07, 0.000000e+00, 0.000000e+00
0.610, 8.096235e-06, 3.347094e-06, 1.131432e-06, 7.347835e-07, 0.000000e+00, 1.387779e-17
0.620, 6.634359e-06, 2.786033e-06, 9.557797e-07, 6.011760e-07, 0.000000e+00, 2.775558e-17
0.630, 5.621702e-06, 2.385390e-06, 8.265664e-07, 5.088951e-07, 0.000000e+00, 1.387779e-17
0.640, 4.609046e-06, 1.984746e-06, 6.973531e-07, 4.166142e-07, 0.000000e+00, 0.000000e+00
0.650, 3.906873e-06, 1.698901e-06, 6.025607e-07, 3.528039e-07, -6.938894e-18, 6.938894e-18
0.660, 3.204699e-06, 1.413056e-06, 5.077683e-07, 2.889935e-07, -1.387779e-17, 1.387779e-17
0.670, 2.717356e-06, 1.209271e-06, 4.384009e-07, 2.448222e-07, -1.387779e-17, 6.938894e-18
0.680, 2.230012e-06, 1.005486e-06, 3.690334e-07, 2.006509e-07, -1.387779e-17, 0.000000e+00
0.690, 1.891471e-06, 8.603017e-07, 3.183870e-07, 1.700431e-07, 6.938894e-18, 6.938894e-18
0.700, 1.552929e-06, 7.151176e-07, 2.677406e-07, 1.394353e-07, 2.775558e-17, 1.387779e-17
0.710, 1.317556e-06, 6.117451e-07, 2.308397e-07, 1.182058e-07, 2.081668e-17, 6.938894e-18
0.720, 1.082183e-06, 5.083725e-07, 1.939388e-07, 9.697638e-08, 1.387779e-17, 0.000000e+00
0.730, 9.184051e-07, 4.348087e-07, 1.671037e-07, 8.223849e-08, 6.938894e-18, 0.000000e+00
0.740, 7.546274e-07, 3.612448e-07, 1.402687e-07, 6.750061e-08, 0.000000e+00, 0.000000e+00
0.750, 6.405775e-07, 3.089172e-07, 1.207872e-07, 5.726080e-08, 0.000000e+00, 2.081668e-17
0.760, 5.265276e-07, 2.565896e-07, 1.013057e-07, 4.702100e-08, 0.000000e+00, 4.163336e-17
0.770, 4.470440e-07, 2.193808e-07, 8.718411e-08, 3.990113e-08, 0.000000e+00, 2.775558e-17
0.780, 3.675604e-07, 1.821720e-07, 7.306256e-08, 3.278126e-08, 0.000000e+00, 1.387779e-17
0.790, 3.121207e-07, 1.557194e-07, 6.283950e-08, 2.782761e-08, 0.000000e+00, 6.938894e-18
0.800, 2.566810e-07, 1.292668e-07, 5.261644e-08, 2.287395e-08, 0.000000e+00, 0.000000e+00
0.810, 2.179752e-07, 1.104610e-07, 4.522283e-08, 1.942594e-08, 6.938894e-18, 6.938894e-18
0.820, 1.792694e-07, 9.165516e-08, 3.782923e-08, 1.597793e-08, 1.387779e-17, 1.387779e-17
0.830, 1.522130e-07, 7.828033e-08, 3.248451e-08, 1.357773e-08, 6.938894e-18, 6.938894e-18
0.840, 1.251567e-07, 6.490549e-08, 2.713979e-08, 1.117753e-08, 0.000000e+00, 0.000000e+00
0.850, 1.062087e-07, 5.538244e-08, 2.327469e-08, 9.507716e-09, -6.938894e-18, 0.000000e+00
0.860, 8.726067e-08, 4.585940e-08, 1.940959e-08, 7.837902e-09, -1.387779e-17, 0.000000e+00
0.870, 7.394972e-08, 3.906156e-08, 1.660903e-08, 6.678484e-09, -6.938894e-18, 0.000000e+00
0.880, 6.063877e-08, 3.226373e-08, 1.380848e-08, 5.519065e-09, 0.000000e+00, 0.000000e+00
0.890, 5.123467e-08, 2.738550e-08, 1.176940e-08, 4.717834e-09, 0.000000e+00, 0.000000e+00
0.900, 4.183058e-08, 2.250727e-08, 9.730309e-09, 3.916603e-09, 0.000000e+00, 0.000000e+00
0.910, 3.511503e-08, 1.896959e-08, 8.230390e-09, 3.368719e-09, -6.938894e-18, 6.938894e-18
0.920, 2.839948e-08, 1.543191e-08, 6.730472e-09, 2.820835e-09, -1.387779e-17, 1.387779e-17
0.930, 2.350532e-08, 1.281419e-08, 5.605050e-09, 2.454819e-09, 1.232595e-32, 6.938894e-18
0.940, 1.861116e-08, 1.019648e-08, 4.479628e-09, 2.088802e-09, 1.387779e-17, 6.471125e-32
0.950, 1.490848e-08, 8.187065e-09, 3.604310e-09, 1.857021e-09, 1.387779e-17, 0.000000e+00
0.960, 1.120581e-08, 6.177654e-09, 2.728991e-09, 1.625240e-09, 1.387779e-17, 0.000000e+00
0.970, 8.219547e-09, 4.536994e-09, 2.006423e-09, 1.497595e-09, -1.232595e-32, 0.000000e+00
0.980, 5.233287e-09, 2.896334e-09, 1.283855e-09, 1.369950e-09, -1.387779e-17, 0.000000e+00
0.990, 2.616644e-09, 1.448167e-09, 6.419275e-10, 6.849748e-10, -6.938894e-18, 0.000000e+00
1.000, 0.000000e+00, 0.000000e+00, 0.000000e+00, 0.000000e+00, 0.000000e+00, 0.000000e+00
[Timer] 
[Timer] ----------------Summary:Timer----------------
[Timer] measured time (rt) : 11.504s
[Timer] measured time (cpu): 11.090s
[Timer] average MLUPs :       13.837
[Timer] average MLUPps:       13.837
[Timer] ---------------------------------------------
