[MpiManager] Sucessfully initialized, numThreads=1
[Directories] Directory ./50case21_addTemp_mink/ created.
[Directories] Directory ./50case21_addTemp_mink/imageData/ created.
[Directories] Directory ./50case21_addTemp_mink/imageData/data/ created.
[Directories] Directory ./50case21_addTemp_mink/vtkData/ created.
[Directories] Directory ./50case21_addTemp_mink/vtkData/data/ created.
[Directories] Directory ./50case21_addTemp_mink/gnuplotData/ created.
[Directories] Directory ./50case21_addTemp_mink/gnuplotData/data/ created.
[main] case21
[main] omega = .... 1
[main] omega 1
[main] working with diffuse approximation
[main] omega=1
[main] latticeSink=0.01944
[RadiativeUnitConverter] ----------------- UnitConverter information -----------------
[RadiativeUnitConverter] -- Parameters:
[RadiativeUnitConverter] Resolution:                       N=              50
[RadiativeUnitConverter] Lattice relaxation frequency:     omega=          1
[RadiativeUnitConverter] Lattice relaxation time:          tau=            1
[RadiativeUnitConverter] Characteristical length(m):       charL=          1
[RadiativeUnitConverter] Phys. density(kg/m^d):            charRho=        1
[RadiativeUnitConverter] Phys. absorption(1/m):            mu_a=           10.8
[RadiativeUnitConverter] Phys. scattering(1/m):            mu_s=           1.2
[RadiativeUnitConverter] Extinction(1/m):                  mu_t=           12
[RadiativeUnitConverter] Effective attenuation(1/m):       mu_eff=         19.718
[RadiativeUnitConverter] Phys. diffusion(m):               D=              0.0277778
[RadiativeUnitConverter] Single scattering albedo:         albedo=         0.1
[RadiativeUnitConverter] Anisotropy factor:                g=              0
[RadiativeUnitConverter] 
[RadiativeUnitConverter] Lattice diffusion:                D^*=            1.38889
[RadiativeUnitConverter] Lattice absorption:               absorption=     0.216
[RadiativeUnitConverter] Lattice scattering:               scattering=     0.024
[RadiativeUnitConverter] Lattice sink:                     sink=           0.01944
[RadiativeUnitConverter] C_R: 1
[RadiativeUnitConverter] r_F: 1.69492
[RadiativeUnitConverter] 
[RadiativeUnitConverter] -- Conversion factors:
[RadiativeUnitConverter] Voxel length(m):                  physDeltaX=     0.02
[RadiativeUnitConverter] Time step(s):                     physDeltaT=     5e-05
[RadiativeUnitConverter] Density factor(kg/m^3):           physDensity=    1
[RadiativeUnitConverter] -------------------------------------------------------------
[prepareGeometryCube] Prepare cubeGeometry ...
[SuperGeometry3D] cleaned 0 outer boundary voxel(s)
[SuperGeometry3D] cleaned 0 inner boundary voxel(s)
[SuperGeometry3D] the model is correct!
[CuboidGeometry3D] ---Cuboid Stucture Statistics---
[CuboidGeometry3D]  Number of Cuboids: 	2
[CuboidGeometry3D]  Delta  (min): 		0.02
[CuboidGeometry3D]         (max): 		0.02
[CuboidGeometry3D]  Ratio  (min): 		0.490196
[CuboidGeometry3D]         (max): 		2.04
[CuboidGeometry3D]  Nodes  (min): 		65025
[CuboidGeometry3D]         (max): 		67626
[CuboidGeometry3D]  Weight (min): 		65025
[CuboidGeometry3D]         (max): 		67626
[CuboidGeometry3D] --------------------------------
[SuperGeometryStatistics3D] materialNumber=1; count=117649; minPhysR=(0.02,-0.48,-0.48); maxPhysR=(0.98,0.48,0.48)
[SuperGeometryStatistics3D] materialNumber=2; count=14881; minPhysR=(0,-0.5,-0.5); maxPhysR=(1,0.5,0.5)
[SuperGeometryStatistics3D] materialNumber=3; count=121; minPhysR=(0,-0.1,-0.1); maxPhysR=(0,0.1,0.1)
[prepareGeometryCube] Prepare cubeGeometry ... OK
[prepareLattice] Prepare Lattice ...
[prepareLattice] Prepare Lattice ... OK
[main] iT convergence criteria: 160
[LatticeStatistics] step=0; t=0; uMax=0; avEnergy=0; avRho=1
[Timer] step=0; percent=0; passedTime=6.9328e-313; remTime=0.001; MLUPs=0
[Timer] step=0; percent=0; passedTime=6.9328e-313; remTime=0.001; MLUPs=0
[LatticeStatistics] step=100; t=0.005; uMax=0; avEnergy=0; avRho=0.00268826
[Timer] step=100; percent=0.0416667; passedTime=1.048; remTime=2514.15; MLUPs=12.6575
[Timer] step=100; percent=0.0416667; passedTime=1.048; remTime=2514.15; MLUPs=12.6575
[ValueTracer] average=0.00244543; stdDev/average=0.167887
[LatticeStatistics] step=200; t=0.01; uMax=0; avEnergy=0; avRho=0.0027868
[Timer] step=200; percent=0.0833333; passedTime=1.934; remTime=2318.87; MLUPs=14.9888
[Timer] step=200; percent=0.0833333; passedTime=1.934; remTime=2318.87; MLUPs=14.9888
[LatticeStatistics] step=300; t=0.015; uMax=0; avEnergy=0; avRho=0.00279711
[Timer] step=300; percent=0.125; passedTime=2.859; remTime=2284.34; MLUPs=14.3252
[Timer] step=300; percent=0.125; passedTime=2.859; remTime=2284.34; MLUPs=14.3252
[ValueTracer] average=0.00279076; stdDev/average=0.0025576
[LatticeStatistics] step=400; t=0.02; uMax=0; avEnergy=0; avRho=0.00279829
[Timer] step=400; percent=0.166667; passedTime=3.777; remTime=2262.42; MLUPs=14.45
[Timer] step=400; percent=0.166667; passedTime=3.777; remTime=2262.42; MLUPs=14.45
[ValueTracer] average=0.0027982; stdDev/average=7.9228e-05
[LatticeStatistics] step=500; t=0.025; uMax=0; avEnergy=0; avRho=0.00279843
[Timer] step=500; percent=0.208333; passedTime=4.684; remTime=2243.64; MLUPs=14.6091
[Timer] step=500; percent=0.208333; passedTime=4.684; remTime=2243.64; MLUPs=14.6091
[LatticeStatistics] step=600; t=0.03; uMax=0; avEnergy=0; avRho=0.00279844
[Timer] step=600; percent=0.25; passedTime=5.591; remTime=2230.81; MLUPs=14.6252
[Timer] step=600; percent=0.25; passedTime=5.591; remTime=2230.81; MLUPs=14.6252
[ValueTracer] average=0.00279844; stdDev/average=2.61796e-06
[LatticeStatistics] step=700; t=0.035; uMax=0; avEnergy=0; avRho=0.00279845
[Timer] step=700; percent=0.291667; passedTime=6.496; remTime=2220.7; MLUPs=14.6414
[Timer] step=700; percent=0.291667; passedTime=6.496; remTime=2220.7; MLUPs=14.6414
[LatticeStatistics] step=800; t=0.04; uMax=0; avEnergy=0; avRho=0.00279845
[Timer] step=800; percent=0.333333; passedTime=7.402; remTime=2213.2; MLUPs=14.6414
[Timer] step=800; percent=0.333333; passedTime=7.402; remTime=2213.2; MLUPs=14.6414
[ValueTracer] average=0.00279845; stdDev/average=8.81448e-08
[LatticeStatistics] step=900; t=0.045; uMax=0; avEnergy=0; avRho=0.00279845
[Timer] step=900; percent=0.375; passedTime=8.317; remTime=2209.55; MLUPs=14.4974
[Timer] step=900; percent=0.375; passedTime=8.317; remTime=2209.55; MLUPs=14.4974
[main] Simulation converged. -- 903
[main] ------903
[main] Simulation converged. -- 903
[main] ./50case21_addTemp_mink/50case21.csv
0.000, 1.000000e+00, 0.000000e+00, 0.000000e+00, 0.000000e+00, 0.000000e+00, 0.000000e+00
0.010, 8.367219e-01, 6.384685e-04, 1.790256e-05, 3.564612e-02, 0.000000e+00, 0.000000e+00
0.020, 6.734437e-01, 1.276937e-03, 3.580511e-05, 7.129224e-02, 0.000000e+00, 0.000000e+00
0.030, 5.542201e-01, 1.780611e-03, 5.207392e-05, 5.937104e-02, 0.000000e+00, 0.000000e+00
0.040, 4.349965e-01, 2.284285e-03, 6.834274e-05, 4.744984e-02, 0.000000e+00, 0.000000e+00
0.050, 3.563891e-01, 2.564830e-03, 8.104294e-05, 3.926101e-02, 0.000000e+00, 0.000000e+00
0.060, 2.777818e-01, 2.845374e-03, 9.374315e-05, 3.107217e-02, 0.000000e+00, 0.000000e+00
0.070, 2.268060e-01, 2.911123e-03, 1.020065e-04, 2.555302e-02, 0.000000e+00, 0.000000e+00
0.080, 1.758302e-01, 2.976872e-03, 1.102698e-04, 2.003387e-02, 0.000000e+00, 0.000000e+00
0.090, 1.432321e-01, 2.885357e-03, 1.140006e-04, 1.639531e-02, 0.000000e+00, 1.387779e-17
0.100, 1.106340e-01, 2.793842e-03, 1.177314e-04, 1.275675e-02, 0.000000e+00, 2.775558e-17
0.110, 9.000189e-02, 2.613257e-03, 1.174617e-04, 1.040403e-02, 0.000000e+00, 1.387779e-17
0.120, 6.936980e-02, 2.432673e-03, 1.171921e-04, 8.051310e-03, 0.000000e+00, 0.000000e+00
0.130, 5.639959e-02, 2.219214e-03, 1.138334e-04, 6.552215e-03, 0.000000e+00, 0.000000e+00
0.140, 4.342938e-02, 2.005756e-03, 1.104747e-04, 5.053121e-03, 0.000000e+00, 0.000000e+00
0.150, 3.530753e-02, 1.796558e-03, 1.050641e-04, 4.107491e-03, 0.000000e+00, 0.000000e+00
0.160, 2.718568e-02, 1.587360e-03, 9.965357e-05, 3.161860e-03, 0.000000e+00, 0.000000e+00
0.170, 2.210870e-02, 1.402330e-03, 9.315949e-05, 2.569054e-03, -6.938894e-18, 0.000000e+00
0.180, 1.703173e-02, 1.217299e-03, 8.666541e-05, 1.976247e-03, -1.387779e-17, 0.000000e+00
0.190, 1.385879e-02, 1.064054e-03, 7.987354e-05, 1.605856e-03, -6.938894e-18, -6.938894e-18
0.200, 1.068586e-02, 9.108090e-04, 7.308168e-05, 1.235464e-03, 0.000000e+00, -1.387779e-17
0.210, 8.701270e-03, 7.895581e-04, 6.655457e-05, 1.004331e-03, -6.938894e-18, -1.387779e-17
0.220, 6.716685e-03, 6.683073e-04, 6.002747e-05, 7.731970e-04, -1.387779e-17, -1.387779e-17
0.230, 5.473555e-03, 5.755239e-04, 5.411489e-05, 6.289416e-04, -6.938894e-18, -6.938894e-18
0.240, 4.230424e-03, 4.827404e-04, 4.820232e-05, 4.846863e-04, 0.000000e+00, 0.000000e+00
0.250, 3.450281e-03, 4.135132e-04, 4.307913e-05, 3.945561e-04, 0.000000e+00, 0.000000e+00
0.260, 2.670138e-03, 3.442859e-04, 3.795594e-05, 3.044260e-04, 0.000000e+00, 0.000000e+00
0.270, 2.179528e-03, 2.936375e-04, 3.366912e-05, 2.480195e-04, 6.938894e-18, -6.938894e-18
0.280, 1.688918e-03, 2.429891e-04, 2.938229e-05, 1.916131e-04, 1.387779e-17, -1.387779e-17
0.290, 1.379715e-03, 2.065040e-04, 2.589539e-05, 1.562414e-04, 6.938894e-18, -6.938894e-18
0.300, 1.070512e-03, 1.700189e-04, 2.240848e-05, 1.208696e-04, 0.000000e+00, 0.000000e+00
0.310, 8.752118e-04, 1.440622e-04, 1.963789e-05, 9.864022e-05, 0.000000e+00, 1.387779e-17
0.320, 6.799119e-04, 1.181055e-04, 1.686730e-05, 7.641081e-05, 0.000000e+00, 2.775558e-17
0.330, 5.562900e-04, 9.982574e-05, 1.470883e-05, 6.240933e-05, 0.000000e+00, 1.387779e-17
0.340, 4.326682e-04, 8.154602e-05, 1.255036e-05, 4.840786e-05, 0.000000e+00, 0.000000e+00
0.350, 3.542541e-04, 6.878009e-05, 1.089675e-05, 3.956911e-05, 0.000000e+00, 6.938894e-18
0.360, 2.758401e-04, 5.601416e-05, 9.243136e-06, 3.073035e-05, 0.000000e+00, 1.387779e-17
0.370, 2.260021e-04, 4.716083e-05, 7.994440e-06, 2.513845e-05, 0.000000e+00, -1.232595e-32
0.380, 1.761642e-04, 3.830751e-05, 6.745744e-06, 1.954655e-05, 0.000000e+00, -1.387779e-17
0.390, 1.444282e-04, 3.220348e-05, 5.814538e-06, 1.600132e-05, -6.938894e-18, 1.232595e-32
0.400, 1.126922e-04, 2.609945e-05, 4.883331e-06, 1.245609e-05, -1.387779e-17, 1.387779e-17
0.410, 9.244676e-05, 2.191178e-05, 4.196435e-06, 1.020388e-05, -2.775558e-17, 6.938894e-18
0.420, 7.220132e-05, 1.772411e-05, 3.509538e-06, 7.951673e-06, -4.163336e-17, 0.000000e+00
0.430, 5.926408e-05, 1.486329e-05, 3.007694e-06, 6.518146e-06, -2.081668e-17, 0.000000e+00
0.440, 4.632683e-05, 1.200247e-05, 2.505850e-06, 5.084619e-06, 0.000000e+00, 0.000000e+00
0.450, 3.804637e-05, 1.005518e-05, 2.142299e-06, 4.170518e-06, 6.938894e-18, 0.000000e+00
0.460, 2.976592e-05, 8.107885e-06, 1.778749e-06, 3.256417e-06, 1.387779e-17, 0.000000e+00
0.470, 2.445799e-05, 6.786558e-06, 1.517356e-06, 2.672529e-06, 6.471125e-32, 0.000000e+00
0.480, 1.915007e-05, 5.465231e-06, 1.255963e-06, 2.088641e-06, -1.387779e-17, 0.000000e+00
0.490, 1.574273e-05, 4.571088e-06, 1.069278e-06, 1.715074e-06, -6.938894e-18, 6.938894e-18
0.500, 1.233540e-05, 3.676944e-06, 8.825924e-07, 1.341507e-06, 0.000000e+00, 1.387779e-17
0.510, 1.014518e-05, 3.073310e-06, 7.500609e-07, 1.102135e-06, 0.000000e+00, 6.938894e-18
0.520, 7.954956e-06, 2.469676e-06, 6.175293e-07, 8.627639e-07, 0.000000e+00, 0.000000e+00
0.530, 6.545303e-06, 2.063011e-06, 5.239486e-07, 7.091603e-07, 0.000000e+00, 0.000000e+00
0.540, 5.135651e-06, 1.656346e-06, 4.303678e-07, 5.555568e-07, 0.000000e+00, 0.000000e+00
0.550, 4.227298e-06, 1.382878e-06, 3.646107e-07, 4.568562e-07, 0.000000e+00, 6.938894e-18
0.560, 3.318945e-06, 1.109410e-06, 2.988536e-07, 3.581556e-07, 0.000000e+00, 1.387779e-17
0.570, 2.732960e-06, 9.258092e-07, 2.528501e-07, 2.946526e-07, 0.000000e+00, 2.081668e-17
0.580, 2.146975e-06, 7.422083e-07, 2.068467e-07, 2.311497e-07, 0.000000e+00, 2.775558e-17
0.590, 1.768549e-06, 6.191184e-07, 1.747909e-07, 1.902432e-07, -6.938894e-18, 1.387779e-17
0.600, 1.390124e-06, 4.960284e-07, 1.427351e-07, 1.493367e-07, -1.387779e-17, 0.000000e+00
0.610, 1.145493e-06, 4.136110e-07, 1.204790e-07, 1.229561e-07, -2.081668e-17, 6.938894e-18
0.620, 9.008617e-07, 3.311935e-07, 9.822288e-08, 9.657552e-08, -2.775558e-17, 1.387779e-17
0.630, 7.425711e-07, 2.760716e-07, 8.282165e-08, 7.954436e-08, -1.387779e-17, 6.938894e-18
0.640, 5.842804e-07, 2.209496e-07, 6.742042e-08, 6.251320e-08, 0.000000e+00, 0.000000e+00
0.650, 4.817647e-07, 1.841205e-07, 5.679489e-08, 5.150680e-08, -6.938894e-18, 0.000000e+00
0.660, 3.792490e-07, 1.472914e-07, 4.616937e-08, 4.050039e-08, -1.387779e-17, 0.000000e+00
0.670, 3.127989e-07, 1.227067e-07, 3.885893e-08, 3.338065e-08, -6.938894e-18, -6.938894e-18
0.680, 2.463487e-07, 9.812199e-08, 3.154849e-08, 2.626091e-08, 0.000000e+00, -1.387779e-17
0.690, 2.032411e-07, 8.172416e-08, 2.653160e-08, 2.165115e-08, 0.000000e+00, -6.938894e-18
0.700, 1.601335e-07, 6.532632e-08, 2.151472e-08, 1.704139e-08, 0.000000e+00, 0.000000e+00
0.710, 1.321471e-07, 5.439704e-08, 1.807984e-08, 1.405417e-08, 0.000000e+00, 0.000000e+00
0.720, 1.041608e-07, 4.346776e-08, 1.464497e-08, 1.106695e-08, 0.000000e+00, 0.000000e+00
0.730, 8.597818e-08, 3.618808e-08, 1.229828e-08, 9.129593e-09, -6.938894e-18, 0.000000e+00
0.740, 6.779555e-08, 2.890840e-08, 9.951595e-09, 7.192236e-09, -1.387779e-17, 0.000000e+00
0.750, 5.597407e-08, 2.406244e-08, 8.351517e-09, 5.934797e-09, -6.938894e-18, 6.938894e-18
0.760, 4.415259e-08, 1.921649e-08, 6.751439e-09, 4.677358e-09, 0.000000e+00, 1.387779e-17
0.770, 3.646160e-08, 1.599229e-08, 5.662403e-09, 3.860632e-09, -6.938894e-18, 1.387779e-17
0.780, 2.877060e-08, 1.276808e-08, 4.573368e-09, 3.043905e-09, -1.387779e-17, 1.387779e-17
0.790, 2.376351e-08, 1.062382e-08, 3.833366e-09, 2.513078e-09, 1.232595e-32, 6.938894e-18
0.800, 1.875643e-08, 8.479566e-09, 3.093365e-09, 1.982251e-09, 1.387779e-17, 0.000000e+00
0.810, 1.549436e-08, 7.053977e-09, 2.591250e-09, 1.637048e-09, 6.938894e-18, -6.938894e-18
0.820, 1.223229e-08, 5.628389e-09, 2.089135e-09, 1.291845e-09, 1.540744e-31, -1.387779e-17
0.830, 1.010535e-08, 4.680709e-09, 1.748818e-09, 1.067267e-09, -1.387779e-17, -1.387779e-17
0.840, 7.978409e-09, 3.733030e-09, 1.408500e-09, 8.426891e-10, -2.775558e-17, -1.387779e-17
0.850, 6.590053e-09, 3.102862e-09, 1.177983e-09, 6.965801e-10, -6.938894e-18, -6.938894e-18
0.860, 5.201697e-09, 2.472695e-09, 9.474660e-10, 5.504710e-10, 1.387779e-17, 0.000000e+00
0.870, 4.293771e-09, 2.053170e-09, 7.912575e-10, 4.554851e-10, 1.387779e-17, 0.000000e+00
0.880, 3.385845e-09, 1.633645e-09, 6.350490e-10, 3.604993e-10, 1.387779e-17, 0.000000e+00
0.890, 2.789965e-09, 1.353483e-09, 5.289248e-10, 2.989084e-10, 6.938894e-18, 0.000000e+00
0.900, 2.194085e-09, 1.073322e-09, 4.228006e-10, 2.373176e-10, 0.000000e+00, 0.000000e+00
0.910, 1.800014e-09, 8.848410e-10, 3.501902e-10, 1.976560e-10, -6.938894e-18, -6.938894e-18
0.920, 1.405942e-09, 6.963603e-10, 2.775797e-10, 1.579945e-10, -1.387779e-17, -1.387779e-17
0.930, 1.140957e-09, 5.674289e-10, 2.270700e-10, 1.328965e-10, -2.081668e-17, -6.938894e-18
0.940, 8.759710e-10, 4.384975e-10, 1.765604e-10, 1.077985e-10, -2.775558e-17, -6.471125e-32
0.950, 6.912895e-10, 3.471001e-10, 1.401613e-10, 9.261274e-11, -1.387779e-17, 0.000000e+00
0.960, 5.066081e-10, 2.557026e-10, 1.037622e-10, 7.742700e-11, 0.000000e+00, 0.000000e+00
0.970, 3.683150e-10, 1.862085e-10, 7.567939e-11, 6.934404e-11, 6.938894e-18, 6.938894e-18
0.980, 2.300220e-10, 1.167144e-10, 4.759662e-11, 6.126108e-11, 1.387779e-17, 1.387779e-17
0.990, 1.150110e-10, 5.835721e-11, 2.379831e-11, 3.063054e-11, 6.938894e-18, 6.938894e-18
1.000, 0.000000e+00, 0.000000e+00, 0.000000e+00, 0.000000e+00, 0.000000e+00, 0.000000e+00
[Timer] 
[Timer] ----------------Summary:Timer----------------
[Timer] measured time (rt) : 8.647s
[Timer] measured time (cpu): 8.330s
[Timer] average MLUPs :       13.807
[Timer] average MLUPps:       13.807
[Timer] ---------------------------------------------
