[MpiManager] Sucessfully initialized, numThreads=1
[Directories] Directory ./50case22_addTemp_mink/ created.
[Directories] Directory ./50case22_addTemp_mink/imageData/ created.
[Directories] Directory ./50case22_addTemp_mink/imageData/data/ created.
[Directories] Directory ./50case22_addTemp_mink/vtkData/ created.
[Directories] Directory ./50case22_addTemp_mink/vtkData/data/ created.
[Directories] Directory ./50case22_addTemp_mink/gnuplotData/ created.
[Directories] Directory ./50case22_addTemp_mink/gnuplotData/data/ created.
[main] case22
[main] omega = .... 1
[main] omega 1
[main] working with diffuse approximation
[main] omega=1
[main] latticeSink=0.01296
[RadiativeUnitConverter] ----------------- UnitConverter information -----------------
[RadiativeUnitConverter] -- Parameters:
[RadiativeUnitConverter] Resolution:                       N=              50
[RadiativeUnitConverter] Lattice relaxation frequency:     omega=          1
[RadiativeUnitConverter] Lattice relaxation time:          tau=            1
[RadiativeUnitConverter] Characteristical length(m):       charL=          1
[RadiativeUnitConverter] Phys. density(kg/m^d):            charRho=        1
[RadiativeUnitConverter] Phys. absorption(1/m):            mu_a=           7.2
[RadiativeUnitConverter] Phys. scattering(1/m):            mu_s=           4.8
[RadiativeUnitConverter] Extinction(1/m):                  mu_t=           12
[RadiativeUnitConverter] Effective attenuation(1/m):       mu_eff=         16.0997
[RadiativeUnitConverter] Phys. diffusion(m):               D=              0.0277778
[RadiativeUnitConverter] Single scattering albedo:         albedo=         0.4
[RadiativeUnitConverter] Anisotropy factor:                g=              0
[RadiativeUnitConverter] 
[RadiativeUnitConverter] Lattice diffusion:                D^*=            1.38889
[RadiativeUnitConverter] Lattice absorption:               absorption=     0.144
[RadiativeUnitConverter] Lattice scattering:               scattering=     0.096
[RadiativeUnitConverter] Lattice sink:                     sink=           0.01296
[RadiativeUnitConverter] C_R: 1
[RadiativeUnitConverter] r_F: 1.69492
[RadiativeUnitConverter] 
[RadiativeUnitConverter] -- Conversion factors:
[RadiativeUnitConverter] Voxel length(m):                  physDeltaX=     0.02
[RadiativeUnitConverter] Time step(s):                     physDeltaT=     5e-05
[RadiativeUnitConverter] Density factor(kg/m^3):           physDensity=    1
[RadiativeUnitConverter] -------------------------------------------------------------
[prepareGeometryCube] Prepare cubeGeometry ...
[SuperGeometry3D] cleaned 0 outer boundary voxel(s)
[SuperGeometry3D] cleaned 0 inner boundary voxel(s)
[SuperGeometry3D] the model is correct!
[CuboidGeometry3D] ---Cuboid Stucture Statistics---
[CuboidGeometry3D]  Number of Cuboids: 	2
[CuboidGeometry3D]  Delta  (min): 		0.02
[CuboidGeometry3D]         (max): 		0.02
[CuboidGeometry3D]  Ratio  (min): 		0.490196
[CuboidGeometry3D]         (max): 		2.04
[CuboidGeometry3D]  Nodes  (min): 		65025
[CuboidGeometry3D]         (max): 		67626
[CuboidGeometry3D]  Weight (min): 		65025
[CuboidGeometry3D]         (max): 		67626
[CuboidGeometry3D] --------------------------------
[SuperGeometryStatistics3D] materialNumber=1; count=117649; minPhysR=(0.02,-0.48,-0.48); maxPhysR=(0.98,0.48,0.48)
[SuperGeometryStatistics3D] materialNumber=2; count=14881; minPhysR=(0,-0.5,-0.5); maxPhysR=(1,0.5,0.5)
[SuperGeometryStatistics3D] materialNumber=3; count=121; minPhysR=(0,-0.1,-0.1); maxPhysR=(0,0.1,0.1)
[prepareGeometryCube] Prepare cubeGeometry ... OK
[prepareLattice] Prepare Lattice ...
[prepareLattice] Prepare Lattice ... OK
[main] iT convergence criteria: 160
[LatticeStatistics] step=0; t=0; uMax=0; avEnergy=0; avRho=1
[Timer] step=0; percent=0; passedTime=0; remTime=0.001; MLUPs=0
[Timer] step=0; percent=0; passedTime=0; remTime=0.001; MLUPs=0
[LatticeStatistics] step=100; t=0.005; uMax=0; avEnergy=0; avRho=0.00301049
[Timer] step=100; percent=0.0416667; passedTime=0.887; remTime=2127.91; MLUPs=14.955
[Timer] step=100; percent=0.0416667; passedTime=0.887; remTime=2127.91; MLUPs=14.955
[ValueTracer] average=0.00269076; stdDev/average=0.198371
[LatticeStatistics] step=200; t=0.01; uMax=0; avEnergy=0; avRho=0.00324855
[Timer] step=200; percent=0.0833333; passedTime=1.77; remTime=2122.23; MLUPs=15.0228
[Timer] step=200; percent=0.0833333; passedTime=1.77; remTime=2122.23; MLUPs=15.0228
[LatticeStatistics] step=300; t=0.015; uMax=0; avEnergy=0; avRho=0.00329695
[Timer] step=300; percent=0.125; passedTime=2.68; remTime=2141.32; MLUPs=14.577
[Timer] step=300; percent=0.125; passedTime=2.68; remTime=2141.32; MLUPs=14.577
[ValueTracer] average=0.00326808; stdDev/average=0.00877775
[LatticeStatistics] step=400; t=0.02; uMax=0; avEnergy=0; avRho=0.00330766
[Timer] step=400; percent=0.166667; passedTime=3.585; remTime=2147.41; MLUPs=14.6414
[Timer] step=400; percent=0.166667; passedTime=3.585; remTime=2147.41; MLUPs=14.6414
[ValueTracer] average=0.0033069; stdDev/average=0.000775831
[LatticeStatistics] step=500; t=0.025; uMax=0; avEnergy=0; avRho=0.00331009
[Timer] step=500; percent=0.208333; passedTime=4.483; remTime=2147.36; MLUPs=14.7718
[Timer] step=500; percent=0.208333; passedTime=4.483; remTime=2147.36; MLUPs=14.7718
[LatticeStatistics] step=600; t=0.03; uMax=0; avEnergy=0; avRho=0.00331065
[Timer] step=600; percent=0.25; passedTime=5.377; remTime=2145.42; MLUPs=14.8379
[Timer] step=600; percent=0.25; passedTime=5.377; remTime=2145.42; MLUPs=14.8379
[ValueTracer] average=0.00331044; stdDev/average=7.3389e-05
[LatticeStatistics] step=700; t=0.035; uMax=0; avEnergy=0; avRho=0.00331078
[Timer] step=700; percent=0.291667; passedTime=6.275; remTime=2145.15; MLUPs=14.7718
[Timer] step=700; percent=0.291667; passedTime=6.275; remTime=2145.15; MLUPs=14.7718
[LatticeStatistics] step=800; t=0.04; uMax=0; avEnergy=0; avRho=0.00331081
[Timer] step=800; percent=0.333333; passedTime=7.172; remTime=2144.43; MLUPs=14.7883
[Timer] step=800; percent=0.333333; passedTime=7.172; remTime=2144.43; MLUPs=14.7883
[ValueTracer] average=0.00331078; stdDev/average=7.07346e-06
[LatticeStatistics] step=900; t=0.045; uMax=0; avEnergy=0; avRho=0.00331081
[Timer] step=900; percent=0.375; passedTime=8.073; remTime=2144.73; MLUPs=14.7063
[Timer] step=900; percent=0.375; passedTime=8.073; remTime=2144.73; MLUPs=14.7063
[ValueTracer] average=0.00331081; stdDev/average=6.87988e-07
[LatticeStatistics] step=1000; t=0.05; uMax=0; avEnergy=0; avRho=0.00331082
[Timer] step=1000; percent=0.416667; passedTime=8.975; remTime=2145.03; MLUPs=14.7226
[Timer] step=1000; percent=0.416667; passedTime=8.975; remTime=2145.03; MLUPs=14.7226
[LatticeStatistics] step=1100; t=0.055; uMax=0; avEnergy=0; avRho=0.00331082
[Timer] step=1100; percent=0.458333; passedTime=9.878; remTime=2145.32; MLUPs=14.69
[Timer] step=1100; percent=0.458333; passedTime=9.878; remTime=2145.32; MLUPs=14.69
[ValueTracer] average=0.00331082; stdDev/average=6.72684e-08
[LatticeStatistics] step=1200; t=0.06; uMax=0; avEnergy=0; avRho=0.00331082
[Timer] step=1200; percent=0.5; passedTime=10.775; remTime=2144.22; MLUPs=14.7883
[Timer] step=1200; percent=0.5; passedTime=10.775; remTime=2144.22; MLUPs=14.7883
[main] Simulation converged. -- 1252
[main] ------1252
[main] Simulation converged. -- 1252
[main] ./50case22_addTemp_mink/50case22.csv
0.000, 1.000000e+00, 0.000000e+00, 0.000000e+00, 0.000000e+00, 0.000000e+00, 0.000000e+00
0.010, 8.560476e-01, 1.094947e-03, 4.892584e-05, 3.211096e-02, 0.000000e+00, 0.000000e+00
0.020, 7.120952e-01, 2.189893e-03, 9.785167e-05, 6.422193e-02, 0.000000e+00, 0.000000e+00
0.030, 6.013035e-01, 3.079932e-03, 1.428370e-04, 5.513142e-02, 6.938894e-18, 6.938894e-18
0.040, 4.905118e-01, 3.969970e-03, 1.878223e-04, 4.604092e-02, 1.387779e-17, 1.387779e-17
0.050, 4.121055e-01, 4.519874e-03, 2.244726e-04, 3.916796e-02, -3.081488e-33, 1.387779e-17
0.060, 3.336992e-01, 5.069779e-03, 2.611228e-04, 3.229501e-02, -1.387779e-17, 1.387779e-17
0.070, 2.793648e-01, 5.276619e-03, 2.871509e-04, 2.726079e-02, -6.938894e-18, 6.938894e-18
0.080, 2.250304e-01, 5.483459e-03, 3.131791e-04, 2.222657e-02, 0.000000e+00, 0.000000e+00
0.090, 1.879875e-01, 5.419450e-03, 3.279430e-04, 1.865440e-02, 6.938894e-18, 0.000000e+00
0.100, 1.509447e-01, 5.355442e-03, 3.427069e-04, 1.508222e-02, 1.387779e-17, 0.000000e+00
0.110, 1.259706e-01, 5.116811e-03, 3.469914e-04, 1.261096e-02, 1.387779e-17, -6.938894e-18
0.120, 1.009966e-01, 4.878180e-03, 3.512759e-04, 1.013969e-02, 1.387779e-17, -1.387779e-17
0.130, 8.427168e-02, 4.551823e-03, 3.468423e-04, 8.460344e-03, 6.938894e-18, 1.232595e-32
0.140, 6.754675e-02, 4.225466e-03, 3.424087e-04, 6.780999e-03, 0.000000e+00, 1.387779e-17
0.150, 5.638293e-02, 3.875377e-03, 3.314904e-04, 5.652768e-03, 0.000000e+00, 2.081668e-17
0.160, 4.521911e-02, 3.525288e-03, 3.205720e-04, 4.524536e-03, 0.000000e+00, 2.775558e-17
0.170, 3.777375e-02, 3.191674e-03, 3.054442e-04, 3.771459e-03, -1.387779e-17, 2.775558e-17
0.180, 3.032838e-02, 2.858060e-03, 2.903164e-04, 3.018381e-03, -2.775558e-17, 2.775558e-17
0.190, 2.535913e-02, 2.562072e-03, 2.730025e-04, 2.517195e-03, -1.387779e-17, 1.387779e-17
0.200, 2.038989e-02, 2.266083e-03, 2.556886e-04, 2.016009e-03, 0.000000e+00, 0.000000e+00
0.210, 1.706733e-02, 2.015756e-03, 2.378063e-04, 1.682643e-03, -6.938894e-18, 0.000000e+00
0.220, 1.374476e-02, 1.765428e-03, 2.199240e-04, 1.349278e-03, -1.387779e-17, 0.000000e+00
0.230, 1.151786e-02, 1.560821e-03, 2.026444e-04, 1.127312e-03, -1.387779e-17, 0.000000e+00
0.240, 9.290967e-03, 1.356213e-03, 1.853648e-04, 9.053466e-04, -1.387779e-17, 0.000000e+00
0.250, 7.794344e-03, 1.193157e-03, 1.694454e-04, 7.572590e-04, -2.081668e-17, 0.000000e+00
0.260, 6.297721e-03, 1.030100e-03, 1.535261e-04, 6.091714e-04, -2.775558e-17, 0.000000e+00
0.270, 5.289006e-03, 9.026467e-04, 1.393826e-04, 5.101189e-04, -2.081668e-17, 6.938894e-18
0.280, 4.280291e-03, 7.751929e-04, 1.252391e-04, 4.110663e-04, -1.387779e-17, 1.387779e-17
0.290, 3.598464e-03, 6.770619e-04, 1.130289e-04, 3.446224e-04, -1.387779e-17, 2.081668e-17
0.300, 2.916638e-03, 5.789309e-04, 1.008187e-04, 2.781785e-04, -1.387779e-17, 2.775558e-17
0.310, 2.454468e-03, 5.042785e-04, 9.052065e-05, 2.334757e-04, -6.938894e-18, 6.938894e-18
0.320, 1.992298e-03, 4.296261e-04, 8.022257e-05, 1.887729e-04, 0.000000e+00, -1.387779e-17
0.330, 1.678170e-03, 3.733824e-04, 7.170353e-05, 1.586077e-04, 0.000000e+00, -6.938894e-18
0.340, 1.364043e-03, 3.171388e-04, 6.318448e-05, 1.284425e-04, 0.000000e+00, 0.000000e+00
0.350, 1.149986e-03, 2.750984e-04, 5.625090e-05, 1.080281e-04, 0.000000e+00, 0.000000e+00
0.360, 9.359291e-04, 2.330581e-04, 4.931731e-05, 8.761373e-05, 0.000000e+00, 0.000000e+00
0.370, 7.897081e-04, 2.018389e-04, 4.375181e-05, 7.375967e-05, 0.000000e+00, 0.000000e+00
0.380, 6.434872e-04, 1.706197e-04, 3.818630e-05, 5.990561e-05, 0.000000e+00, 0.000000e+00
0.390, 5.433754e-04, 1.475623e-04, 3.377186e-05, 5.047871e-05, 0.000000e+00, -6.938894e-18
0.400, 4.432637e-04, 1.245048e-04, 2.935743e-05, 4.105181e-05, 0.000000e+00, -1.387779e-17
0.410, 3.745737e-04, 1.075531e-04, 2.589200e-05, 3.462125e-05, 0.000000e+00, -6.938894e-18
0.420, 3.058837e-04, 9.060129e-05, 2.242657e-05, 2.819069e-05, 0.000000e+00, 0.000000e+00
0.430, 2.586583e-04, 7.818659e-05, 1.973056e-05, 2.379374e-05, 6.938894e-18, 6.938894e-18
0.440, 2.114329e-04, 6.577188e-05, 1.703455e-05, 1.939679e-05, 1.387779e-17, 1.387779e-17
0.450, 1.789036e-04, 5.670986e-05, 1.495369e-05, 1.638369e-05, 6.938894e-18, -1.232595e-32
0.460, 1.463742e-04, 4.764783e-05, 1.287282e-05, 1.337058e-05, 0.000000e+00, -1.387779e-17
0.470, 1.239282e-04, 4.105174e-05, 1.127795e-05, 1.130150e-05, 0.000000e+00, -6.938894e-18
0.480, 1.014821e-04, 3.445566e-05, 9.683071e-06, 9.232413e-06, 0.000000e+00, 0.000000e+00
0.490, 8.596816e-05, 2.966616e-05, 8.468246e-06, 7.808829e-06, 0.000000e+00, -6.938894e-18
0.500, 7.045424e-05, 2.487667e-05, 7.253420e-06, 6.385245e-06, 0.000000e+00, -1.387779e-17
0.510, 5.971500e-05, 2.140628e-05, 6.333187e-06, 5.404001e-06, -6.938894e-18, -2.081668e-17
0.520, 4.897577e-05, 1.793589e-05, 5.412953e-06, 4.422756e-06, -1.387779e-17, -2.775558e-17
0.530, 4.153096e-05, 1.542591e-05, 4.719315e-06, 3.745256e-06, 1.232595e-32, -1.387779e-17
0.540, 3.408616e-05, 1.291593e-05, 4.025678e-06, 3.067756e-06, 1.387779e-17, 0.000000e+00
0.550, 2.891815e-05, 1.110347e-05, 3.505157e-06, 2.599231e-06, 6.938894e-18, 0.000000e+00
0.560, 2.375014e-05, 9.291009e-06, 2.984636e-06, 2.130705e-06, 0.000000e+00, 0.000000e+00
0.570, 2.015805e-05, 7.984060e-06, 2.595587e-06, 1.806212e-06, 0.000000e+00, 6.938894e-18
0.580, 1.656596e-05, 6.677111e-06, 2.206538e-06, 1.481718e-06, 0.000000e+00, 1.387779e-17
0.590, 1.406625e-05, 5.735840e-06, 1.916802e-06, 1.256664e-06, 1.387779e-17, 1.387779e-17
0.600, 1.156653e-05, 4.794569e-06, 1.627067e-06, 1.031611e-06, 2.775558e-17, 1.387779e-17
0.610, 9.825025e-06, 4.117395e-06, 1.411999e-06, 8.753179e-07, 6.938894e-18, 6.938894e-18
0.620, 8.083520e-06, 3.440222e-06, 1.196931e-06, 7.190251e-07, -1.387779e-17, 0.000000e+00
0.630, 6.868955e-06, 2.953512e-06, 1.037762e-06, 6.103505e-07, -1.387779e-17, 0.000000e+00
0.640, 5.654391e-06, 2.466803e-06, 8.785934e-07, 5.016759e-07, -1.387779e-17, 0.000000e+00
0.650, 4.806477e-06, 2.117283e-06, 7.611132e-07, 4.260235e-07, -6.938894e-18, 0.000000e+00
0.660, 3.958563e-06, 1.767763e-06, 6.436330e-07, 3.503710e-07, 0.000000e+00, 0.000000e+00
0.670, 3.366054e-06, 1.516952e-06, 5.571363e-07, 2.976489e-07, 6.938894e-18, 0.000000e+00
0.680, 2.773545e-06, 1.266140e-06, 4.706395e-07, 2.449268e-07, 1.387779e-17, 0.000000e+00
0.690, 2.359135e-06, 1.086280e-06, 4.070981e-07, 2.081468e-07, 1.387779e-17, 0.000000e+00
0.700, 1.944726e-06, 9.064194e-07, 3.435568e-07, 1.713669e-07, 1.387779e-17, -7.703720e-32
0.710, 1.654635e-06, 7.775147e-07, 2.969744e-07, 1.456838e-07, 6.938894e-18, 6.938894e-18
0.720, 1.364543e-06, 6.486099e-07, 2.503921e-07, 1.200006e-07, 0.000000e+00, 1.387779e-17
0.730, 1.161308e-06, 5.562716e-07, 2.163062e-07, 1.020500e-07, 0.000000e+00, 6.938894e-18
0.740, 9.580734e-07, 4.639333e-07, 1.822204e-07, 8.409942e-08, 0.000000e+00, 0.000000e+00
0.750, 8.155754e-07, 3.978168e-07, 1.573205e-07, 7.154285e-08, -6.938894e-18, -6.938894e-18
0.760, 6.730773e-07, 3.317003e-07, 1.324207e-07, 5.898627e-08, -1.387779e-17, -1.387779e-17
0.770, 5.730844e-07, 2.843747e-07, 1.142584e-07, 5.019631e-08, -6.938894e-18, -6.938894e-18
0.780, 4.730915e-07, 2.370491e-07, 9.609599e-08, 4.140635e-08, 0.000000e+00, 0.000000e+00
0.790, 4.028652e-07, 2.031801e-07, 8.286456e-08, 3.524931e-08, 0.000000e+00, 0.000000e+00
0.800, 3.326389e-07, 1.693110e-07, 6.963313e-08, 2.909227e-08, 0.000000e+00, 0.000000e+00
0.810, 2.832692e-07, 1.450711e-07, 6.000273e-08, 2.477772e-08, 0.000000e+00, -6.938894e-18
0.820, 2.338996e-07, 1.208311e-07, 5.037233e-08, 2.046318e-08, 7.703720e-32, -1.387779e-17
0.830, 1.991473e-07, 1.034746e-07, 4.336564e-08, 1.743966e-08, -6.938894e-18, -6.938894e-18
0.840, 1.643949e-07, 8.611804e-08, 3.635895e-08, 1.441615e-08, -1.387779e-17, 0.000000e+00
0.850, 1.398843e-07, 7.367473e-08, 3.125855e-08, 1.229881e-08, -6.938894e-18, 6.938894e-18
0.860, 1.153737e-07, 6.123141e-08, 2.615815e-08, 1.018147e-08, 0.000000e+00, 1.387779e-17
0.870, 9.802985e-08, 5.228618e-08, 2.243745e-08, 8.701853e-09, 6.938894e-18, 1.387779e-17
0.880, 8.068597e-08, 4.334095e-08, 1.871675e-08, 7.222235e-09, 1.387779e-17, 1.387779e-17
0.890, 6.834049e-08, 3.687469e-08, 1.598862e-08, 6.193419e-09, 1.387779e-17, -1.232595e-32
0.900, 5.599502e-08, 3.040843e-08, 1.326048e-08, 5.164602e-09, 1.387779e-17, -1.387779e-17
0.910, 4.710982e-08, 2.568325e-08, 1.123894e-08, 4.457054e-09, 6.938894e-18, -6.938894e-18
0.920, 3.822462e-08, 2.095807e-08, 9.217391e-09, 3.749506e-09, 0.000000e+00, 0.000000e+00
0.930, 3.169641e-08, 1.743394e-08, 7.689029e-09, 3.274411e-09, 0.000000e+00, -6.938894e-18
0.940, 2.516819e-08, 1.390981e-08, 6.160667e-09, 2.799315e-09, 0.000000e+00, -1.387779e-17
0.950, 2.018908e-08, 1.118338e-08, 4.963047e-09, 2.497189e-09, 0.000000e+00, -6.938894e-18
0.960, 1.520996e-08, 8.456951e-09, 3.765426e-09, 2.195063e-09, 0.000000e+00, 0.000000e+00
0.970, 1.116573e-08, 6.215770e-09, 2.770463e-09, 2.028159e-09, 0.000000e+00, -6.938894e-18
0.980, 7.121489e-09, 3.974589e-09, 1.775501e-09, 1.861255e-09, 0.000000e+00, -1.387779e-17
0.990, 3.560744e-09, 1.987295e-09, 8.877504e-10, 9.306277e-10, 0.000000e+00, -6.938894e-18
1.000, 0.000000e+00, 0.000000e+00, 0.000000e+00, 0.000000e+00, 0.000000e+00, 0.000000e+00
[Timer] 
[Timer] ----------------Summary:Timer----------------
[Timer] measured time (rt) : 11.455s
[Timer] measured time (cpu): 11.050s
[Timer] average MLUPs :       13.896
[Timer] average MLUPps:       13.896
[Timer] ---------------------------------------------
