[MpiManager] Sucessfully initialized, numThreads=1
[Directories] Directory ./100case4_mcHardy/ created.
[Directories] Directory ./100case4_mcHardy/imageData/ created.
[Directories] Directory ./100case4_mcHardy/imageData/data/ created.
[Directories] Directory ./100case4_mcHardy/vtkData/ created.
[Directories] Directory ./100case4_mcHardy/vtkData/data/ created.
[Directories] Directory ./100case4_mcHardy/gnuplotData/ created.
[Directories] Directory ./100case4_mcHardy/gnuplotData/data/ created.
[main] case4
[main] omega = .... 1
[main] omega 1
[main] working with direct discretization
[AnisotropyMatrix] Call AnistorpiyMatrix()
[AnisotropyMatrix] Compute anisotropy matrix ...
[AnisotropyMatrix] Terminate after 0 iterations
[main] 1, 1, 1, 1, 1, 1, 1, 1, 1, 1, 1, 1, 1, 1, 1, 1, 1, 1, 1, 1, 1, 1, 1, 1, 1, 1, 
[main] 1, 1, 1, 1, 1, 1, 1, 1, 1, 1, 1, 1, 1, 1, 1, 1, 1, 1, 1, 1, 1, 1, 1, 1, 1, 1, 
[main] 1, 1, 1, 1, 1, 1, 1, 1, 1, 1, 1, 1, 1, 1, 1, 1, 1, 1, 1, 1, 1, 1, 1, 1, 1, 1, 
[main] 1, 1, 1, 1, 1, 1, 1, 1, 1, 1, 1, 1, 1, 1, 1, 1, 1, 1, 1, 1, 1, 1, 1, 1, 1, 1, 
[main] 1, 1, 1, 1, 1, 1, 1, 1, 1, 1, 1, 1, 1, 1, 1, 1, 1, 1, 1, 1, 1, 1, 1, 1, 1, 1, 
[main] 1, 1, 1, 1, 1, 1, 1, 1, 1, 1, 1, 1, 1, 1, 1, 1, 1, 1, 1, 1, 1, 1, 1, 1, 1, 1, 
[main] 1, 1, 1, 1, 1, 1, 1, 1, 1, 1, 1, 1, 1, 1, 1, 1, 1, 1, 1, 1, 1, 1, 1, 1, 1, 1, 
[main] 1, 1, 1, 1, 1, 1, 1, 1, 1, 1, 1, 1, 1, 1, 1, 1, 1, 1, 1, 1, 1, 1, 1, 1, 1, 1, 
[main] 1, 1, 1, 1, 1, 1, 1, 1, 1, 1, 1, 1, 1, 1, 1, 1, 1, 1, 1, 1, 1, 1, 1, 1, 1, 1, 
[main] 1, 1, 1, 1, 1, 1, 1, 1, 1, 1, 1, 1, 1, 1, 1, 1, 1, 1, 1, 1, 1, 1, 1, 1, 1, 1, 
[main] 1, 1, 1, 1, 1, 1, 1, 1, 1, 1, 1, 1, 1, 1, 1, 1, 1, 1, 1, 1, 1, 1, 1, 1, 1, 1, 
[main] 1, 1, 1, 1, 1, 1, 1, 1, 1, 1, 1, 1, 1, 1, 1, 1, 1, 1, 1, 1, 1, 1, 1, 1, 1, 1, 
[main] 1, 1, 1, 1, 1, 1, 1, 1, 1, 1, 1, 1, 1, 1, 1, 1, 1, 1, 1, 1, 1, 1, 1, 1, 1, 1, 
[main] 1, 1, 1, 1, 1, 1, 1, 1, 1, 1, 1, 1, 1, 1, 1, 1, 1, 1, 1, 1, 1, 1, 1, 1, 1, 1, 
[main] 1, 1, 1, 1, 1, 1, 1, 1, 1, 1, 1, 1, 1, 1, 1, 1, 1, 1, 1, 1, 1, 1, 1, 1, 1, 1, 
[main] 1, 1, 1, 1, 1, 1, 1, 1, 1, 1, 1, 1, 1, 1, 1, 1, 1, 1, 1, 1, 1, 1, 1, 1, 1, 1, 
[main] 1, 1, 1, 1, 1, 1, 1, 1, 1, 1, 1, 1, 1, 1, 1, 1, 1, 1, 1, 1, 1, 1, 1, 1, 1, 1, 
[main] 1, 1, 1, 1, 1, 1, 1, 1, 1, 1, 1, 1, 1, 1, 1, 1, 1, 1, 1, 1, 1, 1, 1, 1, 1, 1, 
[main] 1, 1, 1, 1, 1, 1, 1, 1, 1, 1, 1, 1, 1, 1, 1, 1, 1, 1, 1, 1, 1, 1, 1, 1, 1, 1, 
[main] 1, 1, 1, 1, 1, 1, 1, 1, 1, 1, 1, 1, 1, 1, 1, 1, 1, 1, 1, 1, 1, 1, 1, 1, 1, 1, 
[main] 1, 1, 1, 1, 1, 1, 1, 1, 1, 1, 1, 1, 1, 1, 1, 1, 1, 1, 1, 1, 1, 1, 1, 1, 1, 1, 
[main] 1, 1, 1, 1, 1, 1, 1, 1, 1, 1, 1, 1, 1, 1, 1, 1, 1, 1, 1, 1, 1, 1, 1, 1, 1, 1, 
[main] 1, 1, 1, 1, 1, 1, 1, 1, 1, 1, 1, 1, 1, 1, 1, 1, 1, 1, 1, 1, 1, 1, 1, 1, 1, 1, 
[main] 1, 1, 1, 1, 1, 1, 1, 1, 1, 1, 1, 1, 1, 1, 1, 1, 1, 1, 1, 1, 1, 1, 1, 1, 1, 1, 
[main] 1, 1, 1, 1, 1, 1, 1, 1, 1, 1, 1, 1, 1, 1, 1, 1, 1, 1, 1, 1, 1, 1, 1, 1, 1, 1, 
[main] 1, 1, 1, 1, 1, 1, 1, 1, 1, 1, 1, 1, 1, 1, 1, 1, 1, 1, 1, 1, 1, 1, 1, 1, 1, 1, 
[RadiativeUnitConverter] ----------------- UnitConverter information -----------------
[RadiativeUnitConverter] -- Parameters:
[RadiativeUnitConverter] Resolution:                       N=              100
[RadiativeUnitConverter] Lattice relaxation frequency:     omega=          1
[RadiativeUnitConverter] Lattice relaxation time:          tau=            1
[RadiativeUnitConverter] Characteristical length(m):       charL=          1
[RadiativeUnitConverter] Phys. density(kg/m^d):            charRho=        1
[RadiativeUnitConverter] Phys. absorption(1/m):            mu_a=           0.2
[RadiativeUnitConverter] Phys. scattering(1/m):            mu_s=           1.8
[RadiativeUnitConverter] Extinction(1/m):                  mu_t=           2
[RadiativeUnitConverter] Effective attenuation(1/m):       mu_eff=         1.09545
[RadiativeUnitConverter] Phys. diffusion(m):               D=              0.166667
[RadiativeUnitConverter] Single scattering albedo:         albedo=         0.9
[RadiativeUnitConverter] Anisotropy factor:                g=              0
[RadiativeUnitConverter] 
[RadiativeUnitConverter] Lattice diffusion:                D^*=            16.6667
[RadiativeUnitConverter] Lattice absorption:               absorption=     0.002
[RadiativeUnitConverter] Lattice scattering:               scattering=     0.018
[RadiativeUnitConverter] Lattice sink:                     sink=           1.5e-05
[RadiativeUnitConverter] C_R: 1
[RadiativeUnitConverter] r_F: 1.97044
[RadiativeUnitConverter] 
[RadiativeUnitConverter] -- Conversion factors:
[RadiativeUnitConverter] Voxel length(m):                  physDeltaX=     0.01
[RadiativeUnitConverter] Time step(s):                     physDeltaT=     1.66667e-05
[RadiativeUnitConverter] Density factor(kg/m^3):           physDensity=    1
[RadiativeUnitConverter] -------------------------------------------------------------
[prepareGeometryCube] Prepare cubeGeometry ...
[SuperGeometry3D] cleaned 0 outer boundary voxel(s)
[SuperGeometry3D] cleaned 0 inner boundary voxel(s)
[SuperGeometry3D] the model is correct!
[CuboidGeometry3D] ---Cuboid Stucture Statistics---
[CuboidGeometry3D]  Number of Cuboids: 	2
[CuboidGeometry3D]  Delta  (min): 		0.01
[CuboidGeometry3D]         (max): 		0.01
[CuboidGeometry3D]  Ratio  (min): 		0.49505
[CuboidGeometry3D]         (max): 		2.02
[CuboidGeometry3D]  Nodes  (min): 		510050
[CuboidGeometry3D]         (max): 		520251
[CuboidGeometry3D]  Weight (min): 		510050
[CuboidGeometry3D]         (max): 		520251
[CuboidGeometry3D] --------------------------------
[SuperGeometryStatistics3D] materialNumber=1; count=970299; minPhysR=(0.01,-0.49,-0.49); maxPhysR=(0.99,0.49,0.49)
[SuperGeometryStatistics3D] materialNumber=2; count=59561; minPhysR=(0,-0.5,-0.5); maxPhysR=(1,0.5,0.5)
[SuperGeometryStatistics3D] materialNumber=3; count=441; minPhysR=(0,-0.1,-0.1); maxPhysR=(0,0.1,0.1)
[prepareGeometryCube] Prepare cubeGeometry ... OK
[prepareLattice] Prepare Lattice ...
[prepareLattice] Prepare Lattice ... OK
[LatticeStatistics] step=0; t=0; uMax=0; avEnergy=0; avRho=1
[Timer] step=0; percent=0; passedTime=0; remTime=0.001; MLUPs=0
[Timer] step=0; percent=0; passedTime=0; remTime=0.001; MLUPs=0
[ValueTracer] average=0.00205103; stdDev/average=0.672603
[LatticeStatistics] step=20; t=0.000333333; uMax=0; avEnergy=0; avRho=0.00862875
[Timer] step=20; percent=0.00277778; passedTime=44.814; remTime=1.61326e+06; MLUPs=0.459812
[Timer] step=20; percent=0.00277778; passedTime=44.814; remTime=1.61326e+06; MLUPs=0.459812
[ValueTracer] average=0.0065949; stdDev/average=0.207792
[ValueTracer] average=0.0110895; stdDev/average=0.121752
[LatticeStatistics] step=40; t=0.000666667; uMax=0; avEnergy=0; avRho=0.0174626
[Timer] step=40; percent=0.00555556; passedTime=89.428; remTime=1.60961e+06; MLUPs=0.461863
[Timer] step=40; percent=0.00555556; passedTime=89.428; remTime=1.60961e+06; MLUPs=0.461863
[ValueTracer] average=0.0155038; stdDev/average=0.0852718
[ValueTracer] average=0.0198063; stdDev/average=0.0645596
[LatticeStatistics] step=60; t=0.001; uMax=0; avEnergy=0; avRho=0.0256493
[Timer] step=60; percent=0.00833333; passedTime=134.313; remTime=1.61162e+06; MLUPs=0.459085
[Timer] step=60; percent=0.00833333; passedTime=134.313; remTime=1.61162e+06; MLUPs=0.459085
[ValueTracer] average=0.0238963; stdDev/average=0.0499346
[ValueTracer] average=0.0276582; stdDev/average=0.0391795
[LatticeStatistics] step=80; t=0.00133333; uMax=0; avEnergy=0; avRho=0.0324836
[Timer] step=80; percent=0.0111111; passedTime=179.622; remTime=1.61642e+06; MLUPs=0.454799
[Timer] step=80; percent=0.0111111; passedTime=179.622; remTime=1.61642e+06; MLUPs=0.454799
[ValueTracer] average=0.0310559; stdDev/average=0.0313862
[ValueTracer] average=0.0341027; stdDev/average=0.0255425
[LatticeStatistics] step=100; t=0.00166667; uMax=0; avEnergy=0; avRho=0.0379442
[Timer] step=100; percent=0.0138889; passedTime=224.911; remTime=1.61913e+06; MLUPs=0.45499
[Timer] step=100; percent=0.0138889; passedTime=224.911; remTime=1.61913e+06; MLUPs=0.45499
[ValueTracer] average=0.0368152; stdDev/average=0.0209798
[ValueTracer] average=0.03868; stdDev/average=0.00998516
[LatticeStatistics] step=120; t=0.002; uMax=0; avEnergy=0; avRho=0.0402372
[Timer] step=120; percent=0.0166667; passedTime=270.387; remTime=1.62205e+06; MLUPs=0.453119
[Timer] step=120; percent=0.0166667; passedTime=270.387; remTime=1.62205e+06; MLUPs=0.453119
[ValueTracer] average=0.0398084; stdDev/average=0.00751653
[ValueTracer] average=0.0406709; stdDev/average=0.00553471
[LatticeStatistics] step=140; t=0.00233333; uMax=0; avEnergy=0; avRho=0.0415403
[Timer] step=140; percent=0.0194444; passedTime=316.034; remTime=1.625e+06; MLUPs=0.451411
[Timer] step=140; percent=0.0194444; passedTime=316.034; remTime=1.625e+06; MLUPs=0.451411
[ValueTracer] average=0.041309; stdDev/average=0.00394907
[ValueTracer] average=0.0417631; stdDev/average=0.00273898
[LatticeStatistics] step=160; t=0.00266667; uMax=0; avEnergy=0; avRho=0.0422013
[Timer] step=160; percent=0.0222222; passedTime=361.635; remTime=1.627e+06; MLUPs=0.451886
[Timer] step=160; percent=0.0222222; passedTime=361.635; remTime=1.627e+06; MLUPs=0.451886
[ValueTracer] average=0.0420842; stdDev/average=0.00195122
[ValueTracer] average=0.0423186; stdDev/average=0.00143922
[LatticeStatistics] step=180; t=0.003; uMax=0; avEnergy=0; avRho=0.0425567
[Timer] step=180; percent=0.025; passedTime=407.295; remTime=1.62877e+06; MLUPs=0.451283
[Timer] step=180; percent=0.025; passedTime=407.295; remTime=1.62877e+06; MLUPs=0.451283
[ValueTracer] average=0.0424925; stdDev/average=0.00106
[ValueTracer] average=0.0426205; stdDev/average=0.000774107
[LatticeStatistics] step=200; t=0.00333333; uMax=0; avEnergy=0; avRho=0.042748
[Timer] step=200; percent=0.0277778; passedTime=452.77; remTime=1.62952e+06; MLUPs=0.453138
[Timer] step=200; percent=0.0277778; passedTime=452.77; remTime=1.62952e+06; MLUPs=0.453138
[ValueTracer] average=0.0427139; stdDev/average=0.000561103
[ValueTracer] average=0.0427818; stdDev/average=0.000408544
[LatticeStatistics] step=220; t=0.00366667; uMax=0; avEnergy=0; avRho=0.0428496
[Timer] step=220; percent=0.0305556; passedTime=498.28; remTime=1.63024e+06; MLUPs=0.45277
[Timer] step=220; percent=0.0305556; passedTime=498.28; remTime=1.63024e+06; MLUPs=0.45277
[ValueTracer] average=0.0428314; stdDev/average=0.000298466
[ValueTracer] average=0.0428676; stdDev/average=0.000217401
[LatticeStatistics] step=240; t=0.004; uMax=0; avEnergy=0; avRho=0.0429037
[Timer] step=240; percent=0.0333333; passedTime=543.769; remTime=1.63076e+06; MLUPs=0.452999
[Timer] step=240; percent=0.0333333; passedTime=543.769; remTime=1.63076e+06; MLUPs=0.452999
[ValueTracer] average=0.042894; stdDev/average=0.000158184
[ValueTracer] average=0.0429133; stdDev/average=0.000115344
[LatticeStatistics] step=260; t=0.00433333; uMax=0; avEnergy=0; avRho=0.0429325
[Timer] step=260; percent=0.0361111; passedTime=589.356; remTime=1.63147e+06; MLUPs=0.452005
[Timer] step=260; percent=0.0361111; passedTime=589.356; remTime=1.63147e+06; MLUPs=0.452005
[ValueTracer] average=0.0429273; stdDev/average=8.43005e-05
[ValueTracer] average=0.0429376; stdDev/average=6.16116e-05
[LatticeStatistics] step=280; t=0.00466667; uMax=0; avEnergy=0; avRho=0.0429479
[Timer] step=280; percent=0.0388889; passedTime=634.838; remTime=1.63181e+06; MLUPs=0.453059
[Timer] step=280; percent=0.0388889; passedTime=634.838; remTime=1.63181e+06; MLUPs=0.453059
[ValueTracer] average=0.0429451; stdDev/average=4.49926e-05
[ValueTracer] average=0.0429506; stdDev/average=3.28501e-05
[LatticeStatistics] step=300; t=0.005; uMax=0; avEnergy=0; avRho=0.0429561
[Timer] step=300; percent=0.0416667; passedTime=680.357; remTime=1.63218e+06; MLUPs=0.452691
[Timer] step=300; percent=0.0416667; passedTime=680.357; remTime=1.63218e+06; MLUPs=0.452691
[ValueTracer] average=0.0429546; stdDev/average=2.39888e-05
[ValueTracer] average=0.0429575; stdDev/average=1.75199e-05
[LatticeStatistics] step=320; t=0.00533333; uMax=0; avEnergy=0; avRho=0.0429604
[Timer] step=320; percent=0.0444444; passedTime=725.869; remTime=1.63248e+06; MLUPs=0.45276
[Timer] step=320; percent=0.0444444; passedTime=725.869; remTime=1.63248e+06; MLUPs=0.45276
[ValueTracer] average=0.0429596; stdDev/average=1.27936e-05
[ValueTracer] average=0.0429612; stdDev/average=9.34259e-06
[LatticeStatistics] step=340; t=0.00566667; uMax=0; avEnergy=0; avRho=0.0429628
[Timer] step=340; percent=0.0472222; passedTime=771.354; remTime=1.63268e+06; MLUPs=0.453019
[Timer] step=340; percent=0.0472222; passedTime=771.354; remTime=1.63268e+06; MLUPs=0.453019
[ValueTracer] average=0.0429623; stdDev/average=6.82372e-06
[ValueTracer] average=0.0429632; stdDev/average=4.98461e-06
[LatticeStatistics] step=360; t=0.006; uMax=0; avEnergy=0; avRho=0.042964
[Timer] step=360; percent=0.05; passedTime=816.952; remTime=1.63309e+06; MLUPs=0.451906
[Timer] step=360; percent=0.05; passedTime=816.952; remTime=1.63309e+06; MLUPs=0.451906
[ValueTracer] average=0.0429638; stdDev/average=3.6411e-06
[ValueTracer] average=0.0429642; stdDev/average=2.65953e-06
[LatticeStatistics] step=380; t=0.00633333; uMax=0; avEnergy=0; avRho=0.0429647
[Timer] step=380; percent=0.0527778; passedTime=862.543; remTime=1.63343e+06; MLUPs=0.451976
[Timer] step=380; percent=0.0527778; passedTime=862.543; remTime=1.63343e+06; MLUPs=0.451976
[ValueTracer] average=0.0429645; stdDev/average=1.94256e-06
[ValueTracer] average=0.0429648; stdDev/average=1.4189e-06
[LatticeStatistics] step=400; t=0.00666667; uMax=0; avEnergy=0; avRho=0.042965
[Timer] step=400; percent=0.0555556; passedTime=908.125; remTime=1.63372e+06; MLUPs=0.452055
[Timer] step=400; percent=0.0555556; passedTime=908.125; remTime=1.63372e+06; MLUPs=0.452055
[ValueTracer] average=0.042965; stdDev/average=1.03642e-06
[ValueTracer] average=0.0429651; stdDev/average=7.57037e-07
[LatticeStatistics] step=420; t=0.007; uMax=0; avEnergy=0; avRho=0.0429652
[Timer] step=420; percent=0.0583333; passedTime=953.709; remTime=1.63398e+06; MLUPs=0.452055
[Timer] step=420; percent=0.0583333; passedTime=953.709; remTime=1.63398e+06; MLUPs=0.452055
[ValueTracer] average=0.0429652; stdDev/average=5.52973e-07
[ValueTracer] average=0.0429652; stdDev/average=4.03922e-07
[LatticeStatistics] step=440; t=0.00733333; uMax=0; avEnergy=0; avRho=0.0429653
[Timer] step=440; percent=0.0611111; passedTime=999.244; remTime=1.63413e+06; MLUPs=0.452522
[Timer] step=440; percent=0.0611111; passedTime=999.244; remTime=1.63413e+06; MLUPs=0.452522
[ValueTracer] average=0.0429653; stdDev/average=2.95049e-07
[ValueTracer] average=0.0429653; stdDev/average=2.1552e-07
[LatticeStatistics] step=460; t=0.00766667; uMax=0; avEnergy=0; avRho=0.0429654
[Timer] step=460; percent=0.0638889; passedTime=1044.9; remTime=1.63446e+06; MLUPs=0.451312
[Timer] step=460; percent=0.0638889; passedTime=1044.9; remTime=1.63446e+06; MLUPs=0.451312
[ValueTracer] average=0.0429654; stdDev/average=1.57428e-07
[ValueTracer] average=0.0429654; stdDev/average=1.14994e-07
[LatticeStatistics] step=480; t=0.008; uMax=0; avEnergy=0; avRho=0.0429654
[Timer] step=480; percent=0.0666667; passedTime=1090.57; remTime=1.63476e+06; MLUPs=0.451243
[Timer] step=480; percent=0.0666667; passedTime=1090.57; remTime=1.63476e+06; MLUPs=0.451243
[ValueTracer] average=0.0429654; stdDev/average=8.39977e-08
[ValueTracer] average=0.0429654; stdDev/average=6.13568e-08
[LatticeStatistics] step=500; t=0.00833333; uMax=0; avEnergy=0; avRho=0.0429654
[Timer] step=500; percent=0.0694444; passedTime=1136.22; remTime=1.63503e+06; MLUPs=0.451322
[Timer] step=500; percent=0.0694444; passedTime=1136.22; remTime=1.63503e+06; MLUPs=0.451322
[ValueTracer] average=0.0429654; stdDev/average=4.48186e-08
[ValueTracer] average=0.0429654; stdDev/average=3.27382e-08
[LatticeStatistics] step=520; t=0.00866667; uMax=0; avEnergy=0; avRho=0.0429654
[Timer] step=520; percent=0.0722222; passedTime=1181.87; remTime=1.63525e+06; MLUPs=0.451431
[Timer] step=520; percent=0.0722222; passedTime=1181.87; remTime=1.63525e+06; MLUPs=0.451431
[ValueTracer] average=0.0429654; stdDev/average=2.3914e-08
[ValueTracer] average=0.0429654; stdDev/average=1.74682e-08
[LatticeStatistics] step=540; t=0.009; uMax=0; avEnergy=0; avRho=0.0429654
[Timer] step=540; percent=0.075; passedTime=1227.38; remTime=1.63528e+06; MLUPs=0.45278
[Timer] step=540; percent=0.075; passedTime=1227.38; remTime=1.63528e+06; MLUPs=0.45278
[ValueTracer] average=0.0429654; stdDev/average=1.27598e-08
[main] Simulation converged. -- 548
[main] ------548
[main] Simulation converged. -- 548
[main] ./100case4_mcHardy/100case4.csv
0.000, 1.000000e+00, 0.000000e+00, 0.000000e+00, 0.000000e+00, 0.000000e+00, 0.000000e+00
0.010, 1.187446e+00, 3.302902e-02, 2.271341e-02, 8.931470e-01, 0.000000e+00, 1.387779e-17
0.020, 1.175721e+00, 3.305193e-02, 2.272382e-02, 8.849401e-01, 0.000000e+00, 0.000000e+00
0.030, 1.163929e+00, 3.306245e-02, 2.272746e-02, 8.767005e-01, -1.387779e-17, -6.938894e-18
0.040, 1.152043e+00, 3.307506e-02, 2.272373e-02, 8.684581e-01, 0.000000e+00, -1.387779e-17
0.050, 1.140099e+00, 3.308339e-02, 2.271369e-02, 8.601866e-01, -1.387779e-17, 0.000000e+00
0.060, 1.128069e+00, 3.310207e-02, 2.269684e-02, 8.519156e-01, 6.938894e-18, -3.469447e-18
0.070, 1.115990e+00, 3.312417e-02, 2.267423e-02, 8.436192e-01, -6.938894e-18, -3.469447e-18
0.080, 1.103835e+00, 3.315522e-02, 2.264579e-02, 8.353267e-01, 0.000000e+00, -6.938894e-18
0.090, 1.091639e+00, 3.318955e-02, 2.261254e-02, 8.270124e-01, 0.000000e+00, -1.387779e-17
0.100, 1.079376e+00, 3.323143e-02, 2.257786e-02, 8.187055e-01, -1.387779e-17, -6.938894e-18
0.110, 1.067081e+00, 3.327526e-02, 2.254372e-02, 8.103806e-01, -6.938894e-18, -6.938894e-18
0.120, 1.048199e+00, 3.313147e-02, 2.237358e-02, 7.958949e-01, -1.387779e-17, -6.938894e-18
0.130, 1.029611e+00, 3.299614e-02, 2.219881e-02, 7.816500e-01, 1.387779e-17, -6.938894e-18
0.140, 1.011286e+00, 3.286464e-02, 2.201875e-02, 7.676178e-01, -1.387779e-17, -6.938894e-18
0.150, 9.932528e-01, 3.272879e-02, 2.184475e-02, 7.538218e-01, 6.938894e-18, 6.938894e-18
0.160, 9.754790e-01, 3.340410e-02, 2.167517e-02, 7.402350e-01, 1.387779e-17, 0.000000e+00
0.170, 9.579924e-01, 3.403827e-02, 2.151107e-02, 7.268794e-01, 0.000000e+00, 0.000000e+00
0.180, 9.407624e-01, 3.463513e-02, 2.135361e-02, 7.137293e-01, 6.938894e-18, 6.938894e-18
0.190, 9.238147e-01, 3.519265e-02, 2.120634e-02, 7.008054e-01, 1.387779e-17, -2.775558e-17
0.200, 9.071202e-01, 3.571459e-02, 2.106538e-02, 6.880829e-01, 1.387779e-17, 0.000000e+00
0.210, 8.907026e-01, 3.620124e-02, 2.092581e-02, 6.755812e-01, 1.387779e-17, 1.040834e-17
0.220, 8.745340e-01, 3.665390e-02, 2.078643e-02, 6.632768e-01, 1.387779e-17, 0.000000e+00
0.230, 8.586518e-01, 3.707282e-02, 2.064855e-02, 6.511983e-01, 6.938894e-18, 0.000000e+00
0.240, 8.430279e-01, 3.745936e-02, 2.051110e-02, 6.393225e-01, 6.938894e-18, 2.081668e-17
0.250, 8.276818e-01, 3.781769e-02, 2.037548e-02, 6.276656e-01, -3.469447e-17, -2.081668e-17
0.260, 8.125871e-01, 3.813529e-02, 2.024051e-02, 6.162054e-01, -6.938894e-18, 6.938894e-18
0.270, 7.977619e-01, 3.841595e-02, 2.010747e-02, 6.049571e-01, -1.040834e-17, -3.469447e-18
0.280, 7.831810e-01, 3.866155e-02, 2.026132e-02, 5.938997e-01, -1.387779e-17, 6.938894e-18
0.290, 7.688614e-01, 3.887262e-02, 2.068251e-02, 5.830474e-01, -1.387779e-17, 6.938894e-18
0.300, 7.547791e-01, 3.905099e-02, 2.107868e-02, 5.723802e-01, -1.387779e-17, -1.387779e-17
0.310, 7.409501e-01, 3.919708e-02, 2.145506e-02, 5.619114e-01, -6.938894e-18, 0.000000e+00
0.320, 7.273515e-01, 3.931271e-02, 2.180970e-02, 5.516223e-01, 0.000000e+00, 1.387779e-17
0.330, 7.139982e-01, 3.939818e-02, 2.214561e-02, 5.415250e-01, -1.387779e-17, -1.387779e-17
0.340, 7.008749e-01, 3.945528e-02, 2.246033e-02, 5.316080e-01, -1.387779e-17, -1.387779e-17
0.350, 6.879888e-01, 3.948421e-02, 2.275678e-02, 5.218762e-01, 1.387779e-17, 2.081668e-17
0.360, 6.753252e-01, 3.948677e-02, 2.303271e-02, 5.123186e-01, 0.000000e+00, 0.000000e+00
0.370, 6.628909e-01, 3.901676e-02, 2.329086e-02, 5.029397e-01, 6.245005e-17, 0.000000e+00
0.380, 6.506717e-01, 3.854202e-02, 2.352919e-02, 4.937292e-01, -1.387779e-17, -6.938894e-18
0.390, 6.386740e-01, 3.806118e-02, 2.374680e-02, 4.846913e-01, -1.387779e-17, -1.387779e-17
0.400, 6.268843e-01, 3.757690e-02, 2.393862e-02, 4.758160e-01, 0.000000e+00, 6.938894e-18
0.410, 6.153073e-01, 3.708737e-02, 2.410683e-02, 4.671071e-01, 7.703720e-32, -6.938894e-18
0.420, 6.039303e-01, 3.659377e-02, 2.424995e-02, 4.585553e-01, -1.387779e-17, 6.938894e-18
0.430, 5.927587e-01, 3.609626e-02, 2.437070e-02, 4.501641e-01, 1.387779e-17, 0.000000e+00
0.440, 5.817805e-01, 3.559595e-02, 2.446780e-02, 4.419245e-01, 0.000000e+00, 6.938894e-18
0.450, 5.710008e-01, 3.509283e-02, 2.454454e-02, 4.338398e-01, 1.387779e-17, 0.000000e+00
0.460, 5.604080e-01, 3.458800e-02, 2.459911e-02, 4.259016e-01, 1.387779e-17, 0.000000e+00
0.470, 5.500068e-01, 3.408141e-02, 2.463517e-02, 4.181127e-01, -6.938894e-18, -1.387779e-17
0.480, 5.397862e-01, 3.357721e-02, 2.465044e-02, 4.104652e-01, 3.122502e-17, 0.000000e+00
0.490, 5.297506e-01, 3.307502e-02, 2.449053e-02, 4.029618e-01, 0.000000e+00, 2.081668e-17
0.500, 5.198893e-01, 3.257551e-02, 2.416493e-02, 3.955949e-01, 0.000000e+00, 0.000000e+00
0.510, 5.101683e-01, 3.207088e-02, 2.382623e-02, 3.883526e-01, -6.938894e-18, -1.040834e-17
0.520, 5.006172e-01, 3.156943e-02, 2.345938e-02, 3.812441e-01, 0.000000e+00, -6.938894e-18
0.530, 4.912399e-01, 3.107080e-02, 2.306561e-02, 3.742708e-01, 0.000000e+00, 0.000000e+00
0.540, 4.820265e-01, 3.057552e-02, 2.266789e-02, 3.674266e-01, -1.387779e-17, -6.938894e-18
0.550, 4.729806e-01, 3.008262e-02, 2.226842e-02, 3.607127e-01, -1.387779e-17, -6.938894e-18
0.560, 4.640928e-01, 2.959256e-02, 2.186568e-02, 3.541234e-01, 2.775558e-17, 6.938894e-18
0.570, 4.553664e-01, 2.910494e-02, 2.146170e-02, 3.476598e-01, 2.775558e-17, -6.938894e-18
0.580, 4.467924e-01, 2.862016e-02, 2.105507e-02, 3.413164e-01, 3.469447e-18, -1.040834e-17
0.590, 4.383740e-01, 2.813865e-02, 2.064762e-02, 3.350941e-01, -3.081488e-33, -6.938894e-18
0.600, 4.301024e-01, 2.765992e-02, 2.023901e-02, 3.289878e-01, 1.387779e-17, 1.387779e-17
0.610, 4.219807e-01, 2.718435e-02, 1.983188e-02, 3.229982e-01, 1.387779e-17, 0.000000e+00
0.620, 4.140013e-01, 2.671205e-02, 1.942515e-02, 3.171208e-01, -2.775558e-17, -6.938894e-18
0.630, 4.061671e-01, 2.624246e-02, 1.902101e-02, 3.113559e-01, 0.000000e+00, 6.938894e-18
0.640, 3.984697e-01, 2.577606e-02, 1.861872e-02, 3.056993e-01, 0.000000e+00, 1.387779e-17
0.650, 3.909121e-01, 2.524278e-02, 1.821977e-02, 3.001513e-01, 0.000000e+00, 0.000000e+00
0.660, 3.834862e-01, 2.471190e-02, 1.782249e-02, 2.947078e-01, -1.387779e-17, 0.000000e+00
0.670, 3.761949e-01, 2.418337e-02, 1.742865e-02, 2.893689e-01, 0.000000e+00, 1.387779e-17
0.680, 3.690301e-01, 2.365717e-02, 1.703633e-02, 2.841311e-01, 3.469447e-17, 6.938894e-18
0.690, 3.619948e-01, 2.313326e-02, 1.664753e-02, 2.789940e-01, 3.081488e-31, 6.938894e-18
0.700, 3.550802e-01, 2.261162e-02, 1.626041e-02, 2.739555e-01, -2.775558e-17, -6.938894e-18
0.710, 3.482900e-01, 2.209219e-02, 1.587705e-02, 2.690143e-01, 0.000000e+00, 0.000000e+00
0.720, 3.416157e-01, 2.157493e-02, 1.549523e-02, 2.641684e-01, -1.387779e-17, 0.000000e+00
0.730, 3.350610e-01, 2.105979e-02, 1.516005e-02, 2.594163e-01, 1.387779e-17, 0.000000e+00
0.740, 3.286174e-01, 2.054671e-02, 1.487159e-02, 2.547564e-01, -2.775558e-17, 0.000000e+00
0.750, 3.222889e-01, 2.003560e-02, 1.458685e-02, 2.501870e-01, -6.938894e-18, 0.000000e+00
0.760, 3.160669e-01, 1.952026e-02, 1.430438e-02, 2.457069e-01, -1.387779e-17, 1.387779e-17
0.770, 3.099554e-01, 1.900886e-02, 1.402555e-02, 2.413140e-01, 0.000000e+00, 6.938894e-18
0.780, 3.039461e-01, 1.850063e-02, 1.374892e-02, 2.370076e-01, -1.387779e-17, 6.938894e-18
0.790, 2.980429e-01, 1.799551e-02, 1.347576e-02, 2.327853e-01, -1.734723e-17, -1.734723e-17
0.800, 2.922347e-01, 1.749348e-02, 1.320474e-02, 2.286488e-01, 0.000000e+00, 0.000000e+00
0.810, 2.865257e-01, 1.699450e-02, 1.293711e-02, 2.245956e-01, -6.938894e-18, -6.938894e-18
0.820, 2.809072e-01, 1.649854e-02, 1.267279e-02, 2.206255e-01, 6.938894e-18, -3.469447e-18
0.830, 2.753835e-01, 1.600518e-02, 1.241344e-02, 2.167361e-01, -1.387779e-17, -6.938894e-18
0.840, 2.699460e-01, 1.551509e-02, 1.215738e-02, 2.129276e-01, -1.387779e-17, 0.000000e+00
0.850, 2.645990e-01, 1.502749e-02, 1.190524e-02, 2.091971e-01, -1.387779e-17, 0.000000e+00
0.860, 2.593340e-01, 1.466968e-02, 1.165589e-02, 2.055453e-01, 1.387779e-17, -6.938894e-18
0.870, 2.541552e-01, 1.431526e-02, 1.141031e-02, 2.019691e-01, 0.000000e+00, 6.938894e-18
0.880, 2.490541e-01, 1.396570e-02, 1.116238e-02, 1.984696e-01, 1.387779e-17, 0.000000e+00
0.890, 2.440352e-01, 1.362173e-02, 1.091272e-02, 1.950434e-01, 0.000000e+00, 6.938894e-18
0.900, 2.380838e-01, 1.324455e-02, 1.063461e-02, 1.926267e-01, -2.775558e-17, -6.938894e-18
0.910, 2.322006e-01, 1.287273e-02, 1.035961e-02, 1.902826e-01, 1.387779e-17, 0.000000e+00
0.920, 2.263782e-01, 1.250722e-02, 1.008704e-02, 1.880054e-01, -2.775558e-17, -1.387779e-17
0.930, 2.206203e-01, 1.214714e-02, 9.816495e-03, 1.857989e-01, 0.000000e+00, 1.387779e-17
0.940, 2.149197e-01, 1.179347e-02, 9.547543e-03, 1.836575e-01, -6.938894e-18, -1.387779e-17
0.950, 2.092801e-01, 1.144514e-02, 9.280482e-03, 1.815852e-01, -1.387779e-17, -6.938894e-18
0.960, 2.036944e-01, 1.110329e-02, 9.014905e-03, 1.795762e-01, -1.387779e-17, 1.387779e-17
0.970, 1.981663e-01, 1.076522e-02, 8.751162e-03, 1.776347e-01, 2.775558e-17, -6.938894e-18
0.980, 1.926889e-01, 1.043200e-02, 8.488864e-03, 1.757549e-01, 2.775558e-17, 6.938894e-18
0.990, 1.872659e-01, 1.010099e-02, 8.228448e-03, 1.739408e-01, 1.387779e-17, -6.938894e-18
1.000, 0.000000e+00, 0.000000e+00, 0.000000e+00, 0.000000e+00, 0.000000e+00, 0.000000e+00
[Timer] 
[Timer] ----------------Summary:Timer----------------
[Timer] measured time (rt) : 1248.36s
[Timer] measured time (cpu): 1242.590s
[Timer] average MLUPs :       0.446
[Timer] average MLUPps:       0.446
[Timer] ---------------------------------------------
