[MpiManager] Sucessfully initialized, numThreads=1
[Directories] Directory ./100case9_mcHardy/ created.
[Directories] Directory ./100case9_mcHardy/imageData/ created.
[Directories] Directory ./100case9_mcHardy/imageData/data/ created.
[Directories] Directory ./100case9_mcHardy/vtkData/ created.
[Directories] Directory ./100case9_mcHardy/vtkData/data/ created.
[Directories] Directory ./100case9_mcHardy/gnuplotData/ created.
[Directories] Directory ./100case9_mcHardy/gnuplotData/data/ created.
[main] case9
[main] omega = .... 1
[main] omega 1
[main] working with direct discretization
[AnisotropyMatrix] Call AnistorpiyMatrix()
[AnisotropyMatrix] Compute anisotropy matrix ...
[AnisotropyMatrix] Terminate after 0 iterations
[main] 1, 1, 1, 1, 1, 1, 1, 1, 1, 1, 1, 1, 1, 1, 1, 1, 1, 1, 1, 1, 1, 1, 1, 1, 1, 1, 
[main] 1, 1, 1, 1, 1, 1, 1, 1, 1, 1, 1, 1, 1, 1, 1, 1, 1, 1, 1, 1, 1, 1, 1, 1, 1, 1, 
[main] 1, 1, 1, 1, 1, 1, 1, 1, 1, 1, 1, 1, 1, 1, 1, 1, 1, 1, 1, 1, 1, 1, 1, 1, 1, 1, 
[main] 1, 1, 1, 1, 1, 1, 1, 1, 1, 1, 1, 1, 1, 1, 1, 1, 1, 1, 1, 1, 1, 1, 1, 1, 1, 1, 
[main] 1, 1, 1, 1, 1, 1, 1, 1, 1, 1, 1, 1, 1, 1, 1, 1, 1, 1, 1, 1, 1, 1, 1, 1, 1, 1, 
[main] 1, 1, 1, 1, 1, 1, 1, 1, 1, 1, 1, 1, 1, 1, 1, 1, 1, 1, 1, 1, 1, 1, 1, 1, 1, 1, 
[main] 1, 1, 1, 1, 1, 1, 1, 1, 1, 1, 1, 1, 1, 1, 1, 1, 1, 1, 1, 1, 1, 1, 1, 1, 1, 1, 
[main] 1, 1, 1, 1, 1, 1, 1, 1, 1, 1, 1, 1, 1, 1, 1, 1, 1, 1, 1, 1, 1, 1, 1, 1, 1, 1, 
[main] 1, 1, 1, 1, 1, 1, 1, 1, 1, 1, 1, 1, 1, 1, 1, 1, 1, 1, 1, 1, 1, 1, 1, 1, 1, 1, 
[main] 1, 1, 1, 1, 1, 1, 1, 1, 1, 1, 1, 1, 1, 1, 1, 1, 1, 1, 1, 1, 1, 1, 1, 1, 1, 1, 
[main] 1, 1, 1, 1, 1, 1, 1, 1, 1, 1, 1, 1, 1, 1, 1, 1, 1, 1, 1, 1, 1, 1, 1, 1, 1, 1, 
[main] 1, 1, 1, 1, 1, 1, 1, 1, 1, 1, 1, 1, 1, 1, 1, 1, 1, 1, 1, 1, 1, 1, 1, 1, 1, 1, 
[main] 1, 1, 1, 1, 1, 1, 1, 1, 1, 1, 1, 1, 1, 1, 1, 1, 1, 1, 1, 1, 1, 1, 1, 1, 1, 1, 
[main] 1, 1, 1, 1, 1, 1, 1, 1, 1, 1, 1, 1, 1, 1, 1, 1, 1, 1, 1, 1, 1, 1, 1, 1, 1, 1, 
[main] 1, 1, 1, 1, 1, 1, 1, 1, 1, 1, 1, 1, 1, 1, 1, 1, 1, 1, 1, 1, 1, 1, 1, 1, 1, 1, 
[main] 1, 1, 1, 1, 1, 1, 1, 1, 1, 1, 1, 1, 1, 1, 1, 1, 1, 1, 1, 1, 1, 1, 1, 1, 1, 1, 
[main] 1, 1, 1, 1, 1, 1, 1, 1, 1, 1, 1, 1, 1, 1, 1, 1, 1, 1, 1, 1, 1, 1, 1, 1, 1, 1, 
[main] 1, 1, 1, 1, 1, 1, 1, 1, 1, 1, 1, 1, 1, 1, 1, 1, 1, 1, 1, 1, 1, 1, 1, 1, 1, 1, 
[main] 1, 1, 1, 1, 1, 1, 1, 1, 1, 1, 1, 1, 1, 1, 1, 1, 1, 1, 1, 1, 1, 1, 1, 1, 1, 1, 
[main] 1, 1, 1, 1, 1, 1, 1, 1, 1, 1, 1, 1, 1, 1, 1, 1, 1, 1, 1, 1, 1, 1, 1, 1, 1, 1, 
[main] 1, 1, 1, 1, 1, 1, 1, 1, 1, 1, 1, 1, 1, 1, 1, 1, 1, 1, 1, 1, 1, 1, 1, 1, 1, 1, 
[main] 1, 1, 1, 1, 1, 1, 1, 1, 1, 1, 1, 1, 1, 1, 1, 1, 1, 1, 1, 1, 1, 1, 1, 1, 1, 1, 
[main] 1, 1, 1, 1, 1, 1, 1, 1, 1, 1, 1, 1, 1, 1, 1, 1, 1, 1, 1, 1, 1, 1, 1, 1, 1, 1, 
[main] 1, 1, 1, 1, 1, 1, 1, 1, 1, 1, 1, 1, 1, 1, 1, 1, 1, 1, 1, 1, 1, 1, 1, 1, 1, 1, 
[main] 1, 1, 1, 1, 1, 1, 1, 1, 1, 1, 1, 1, 1, 1, 1, 1, 1, 1, 1, 1, 1, 1, 1, 1, 1, 1, 
[main] 1, 1, 1, 1, 1, 1, 1, 1, 1, 1, 1, 1, 1, 1, 1, 1, 1, 1, 1, 1, 1, 1, 1, 1, 1, 1, 
[RadiativeUnitConverter] ----------------- UnitConverter information -----------------
[RadiativeUnitConverter] -- Parameters:
[RadiativeUnitConverter] Resolution:                       N=              100
[RadiativeUnitConverter] Lattice relaxation frequency:     omega=          1
[RadiativeUnitConverter] Lattice relaxation time:          tau=            1
[RadiativeUnitConverter] Characteristical length(m):       charL=          1
[RadiativeUnitConverter] Phys. density(kg/m^d):            charRho=        1
[RadiativeUnitConverter] Phys. absorption(1/m):            mu_a=           0.4
[RadiativeUnitConverter] Phys. scattering(1/m):            mu_s=           3.6
[RadiativeUnitConverter] Extinction(1/m):                  mu_t=           4
[RadiativeUnitConverter] Effective attenuation(1/m):       mu_eff=         2.19089
[RadiativeUnitConverter] Phys. diffusion(m):               D=              0.0833333
[RadiativeUnitConverter] Single scattering albedo:         albedo=         0.9
[RadiativeUnitConverter] Anisotropy factor:                g=              0
[RadiativeUnitConverter] 
[RadiativeUnitConverter] Lattice diffusion:                D^*=            8.33333
[RadiativeUnitConverter] Lattice absorption:               absorption=     0.004
[RadiativeUnitConverter] Lattice scattering:               scattering=     0.036
[RadiativeUnitConverter] Lattice sink:                     sink=           6e-05
[RadiativeUnitConverter] C_R: 1
[RadiativeUnitConverter] r_F: 1.94175
[RadiativeUnitConverter] 
[RadiativeUnitConverter] -- Conversion factors:
[RadiativeUnitConverter] Voxel length(m):                  physDeltaX=     0.01
[RadiativeUnitConverter] Time step(s):                     physDeltaT=     1.66667e-05
[RadiativeUnitConverter] Density factor(kg/m^3):           physDensity=    1
[RadiativeUnitConverter] -------------------------------------------------------------
[prepareGeometryCube] Prepare cubeGeometry ...
[SuperGeometry3D] cleaned 0 outer boundary voxel(s)
[SuperGeometry3D] cleaned 0 inner boundary voxel(s)
[SuperGeometry3D] the model is correct!
[CuboidGeometry3D] ---Cuboid Stucture Statistics---
[CuboidGeometry3D]  Number of Cuboids: 	2
[CuboidGeometry3D]  Delta  (min): 		0.01
[CuboidGeometry3D]         (max): 		0.01
[CuboidGeometry3D]  Ratio  (min): 		0.49505
[CuboidGeometry3D]         (max): 		2.02
[CuboidGeometry3D]  Nodes  (min): 		510050
[CuboidGeometry3D]         (max): 		520251
[CuboidGeometry3D]  Weight (min): 		510050
[CuboidGeometry3D]         (max): 		520251
[CuboidGeometry3D] --------------------------------
[SuperGeometryStatistics3D] materialNumber=1; count=970299; minPhysR=(0.01,-0.49,-0.49); maxPhysR=(0.99,0.49,0.49)
[SuperGeometryStatistics3D] materialNumber=2; count=59561; minPhysR=(0,-0.5,-0.5); maxPhysR=(1,0.5,0.5)
[SuperGeometryStatistics3D] materialNumber=3; count=441; minPhysR=(0,-0.1,-0.1); maxPhysR=(0,0.1,0.1)
[prepareGeometryCube] Prepare cubeGeometry ... OK
[prepareLattice] Prepare Lattice ...
[prepareLattice] Prepare Lattice ... OK
[LatticeStatistics] step=0; t=0; uMax=0; avEnergy=0; avRho=1
[Timer] step=0; percent=0; passedTime=0; remTime=0.001; MLUPs=0
[Timer] step=0; percent=0; passedTime=0; remTime=0.001; MLUPs=0
[ValueTracer] average=0.00205261; stdDev/average=0.671588
[LatticeStatistics] step=20; t=0.000333333; uMax=0; avEnergy=0; avRho=0.00852671
[Timer] step=20; percent=0.00277778; passedTime=44.79; remTime=1.6124e+06; MLUPs=0.460058
[Timer] step=20; percent=0.00277778; passedTime=44.79; remTime=1.6124e+06; MLUPs=0.460058
[ValueTracer] average=0.006548; stdDev/average=0.20447
[ValueTracer] average=0.010863; stdDev/average=0.117078
[LatticeStatistics] step=40; t=0.000666667; uMax=0; avEnergy=0; avRho=0.0166896
[Timer] step=40; percent=0.00555556; passedTime=89.398; remTime=1.60907e+06; MLUPs=0.461936
[Timer] step=40; percent=0.00555556; passedTime=89.398; remTime=1.60907e+06; MLUPs=0.461936
[ValueTracer] average=0.0149337; stdDev/average=0.0798425
[ValueTracer] average=0.0187265; stdDev/average=0.0587955
[LatticeStatistics] step=60; t=0.001; uMax=0; avEnergy=0; avRho=0.0235995
[Timer] step=60; percent=0.00833333; passedTime=134.27; remTime=1.61111e+06; MLUPs=0.459208
[Timer] step=60; percent=0.00833333; passedTime=134.27; remTime=1.61111e+06; MLUPs=0.459208
[ValueTracer] average=0.0221684; stdDev/average=0.0442259
[ValueTracer] average=0.0251876; stdDev/average=0.0336773
[LatticeStatistics] step=80; t=0.00133333; uMax=0; avEnergy=0; avRho=0.0288357
[Timer] step=80; percent=0.0111111; passedTime=179.32; remTime=1.6137e+06; MLUPs=0.457413
[Timer] step=80; percent=0.0111111; passedTime=179.32; remTime=1.6137e+06; MLUPs=0.457413
[ValueTracer] average=0.0277819; stdDev/average=0.0260843
[ValueTracer] average=0.0299892; stdDev/average=0.0204733
[LatticeStatistics] step=100; t=0.00166667; uMax=0; avEnergy=0; avRho=0.0326019
[Timer] step=100; percent=0.0138889; passedTime=224.597; remTime=1.61687e+06; MLUPs=0.45512
[Timer] step=100; percent=0.0138889; passedTime=224.597; remTime=1.61687e+06; MLUPs=0.45512
[ValueTracer] average=0.0318525; stdDev/average=0.0162104
[ValueTracer] average=0.033305; stdDev/average=0.0110994
[LatticeStatistics] step=120; t=0.002; uMax=0; avEnergy=0; avRho=0.0348131
[Timer] step=120; percent=0.0166667; passedTime=270.05; remTime=1.62003e+06; MLUPs=0.453338
[Timer] step=120; percent=0.0166667; passedTime=270.05; remTime=1.62003e+06; MLUPs=0.453338
[ValueTracer] average=0.0343934; stdDev/average=0.00848289
[ValueTracer] average=0.0352488; stdDev/average=0.00647506
[LatticeStatistics] step=140; t=0.00233333; uMax=0; avEnergy=0; avRho=0.0361693
[Timer] step=140; percent=0.0194444; passedTime=315.531; remTime=1.62242e+06; MLUPs=0.453069
[Timer] step=140; percent=0.0194444; passedTime=315.531; remTime=1.62242e+06; MLUPs=0.453069
[ValueTracer] average=0.0359152; stdDev/average=0.00492926
[ValueTracer] average=0.0364305; stdDev/average=0.00374811
[LatticeStatistics] step=160; t=0.00266667; uMax=0; avEnergy=0; avRho=0.0369801
[Timer] step=160; percent=0.0222222; passedTime=360.998; remTime=1.62413e+06; MLUPs=0.453208
[Timer] step=160; percent=0.0222222; passedTime=360.998; remTime=1.62413e+06; MLUPs=0.453208
[ValueTracer] average=0.0368284; stdDev/average=0.00286841
[ValueTracer] average=0.0371368; stdDev/average=0.00220894
[LatticeStatistics] step=180; t=0.003; uMax=0; avEnergy=0; avRho=0.0374678
[Timer] step=180; percent=0.025; passedTime=406.537; remTime=1.62574e+06; MLUPs=0.452492
[Timer] step=180; percent=0.025; passedTime=406.537; remTime=1.62574e+06; MLUPs=0.452492
[ValueTracer] average=0.0373764; stdDev/average=0.00170406
[ValueTracer] average=0.0375623; stdDev/average=0.00131547
[LatticeStatistics] step=200; t=0.00333333; uMax=0; avEnergy=0; avRho=0.0377614
[Timer] step=200; percent=0.0277778; passedTime=452.031; remTime=1.62686e+06; MLUPs=0.452939
[Timer] step=200; percent=0.0277778; passedTime=452.031; remTime=1.62686e+06; MLUPs=0.452939
[ValueTracer] average=0.0377064; stdDev/average=0.00101596
[ValueTracer] average=0.0378182; stdDev/average=0.000785343
[LatticeStatistics] step=220; t=0.00366667; uMax=0; avEnergy=0; avRho=0.0379379
[Timer] step=220; percent=0.0305556; passedTime=497.523; remTime=1.62776e+06; MLUPs=0.452969
[Timer] step=220; percent=0.0305556; passedTime=497.523; remTime=1.62776e+06; MLUPs=0.452969
[ValueTracer] average=0.0379049; stdDev/average=0.000607513
[ValueTracer] average=0.037972; stdDev/average=0.000470079
[LatticeStatistics] step=240; t=0.004; uMax=0; avEnergy=0; avRho=0.038044
[Timer] step=240; percent=0.0333333; passedTime=543.031; remTime=1.62855e+06; MLUPs=0.45279
[Timer] step=240; percent=0.0333333; passedTime=543.031; remTime=1.62855e+06; MLUPs=0.45279
[ValueTracer] average=0.0380241; stdDev/average=0.000363839
[ValueTracer] average=0.0380645; stdDev/average=0.000281707
[LatticeStatistics] step=260; t=0.00433333; uMax=0; avEnergy=0; avRho=0.0381077
[Timer] step=260; percent=0.0361111; passedTime=588.519; remTime=1.62916e+06; MLUPs=0.453009
[Timer] step=260; percent=0.0361111; passedTime=588.519; remTime=1.62916e+06; MLUPs=0.453009
[ValueTracer] average=0.0380958; stdDev/average=0.000218178
[ValueTracer] average=0.03812; stdDev/average=0.000169006
[LatticeStatistics] step=280; t=0.00466667; uMax=0; avEnergy=0; avRho=0.038146
[Timer] step=280; percent=0.0388889; passedTime=634.038; remTime=1.62975e+06; MLUPs=0.452681
[Timer] step=280; percent=0.0388889; passedTime=634.038; remTime=1.62975e+06; MLUPs=0.452681
[ValueTracer] average=0.0381388; stdDev/average=0.000130931
[ValueTracer] average=0.0381534; stdDev/average=0.000101445
[LatticeStatistics] step=300; t=0.005; uMax=0; avEnergy=0; avRho=0.038169
[Timer] step=300; percent=0.0416667; passedTime=679.506; remTime=1.63013e+06; MLUPs=0.453208
[Timer] step=300; percent=0.0416667; passedTime=679.506; remTime=1.63013e+06; MLUPs=0.453208
[ValueTracer] average=0.0381647; stdDev/average=7.86047e-05
[ValueTracer] average=0.0381734; stdDev/average=6.0911e-05
[LatticeStatistics] step=320; t=0.00533333; uMax=0; avEnergy=0; avRho=0.0381828
[Timer] step=320; percent=0.0444444; passedTime=724.976; remTime=1.63047e+06; MLUPs=0.453178
[Timer] step=320; percent=0.0444444; passedTime=724.976; remTime=1.63047e+06; MLUPs=0.453178
[ValueTracer] average=0.0381802; stdDev/average=4.72021e-05
[ValueTracer] average=0.0381855; stdDev/average=3.658e-05
[LatticeStatistics] step=340; t=0.00566667; uMax=0; avEnergy=0; avRho=0.0381911
[Timer] step=340; percent=0.0472222; passedTime=770.449; remTime=1.63077e+06; MLUPs=0.453148
[Timer] step=340; percent=0.0472222; passedTime=770.449; remTime=1.63077e+06; MLUPs=0.453148
[ValueTracer] average=0.0381895; stdDev/average=2.83491e-05
[ValueTracer] average=0.0381927; stdDev/average=2.19707e-05
[LatticeStatistics] step=360; t=0.006; uMax=0; avEnergy=0; avRho=0.0381961
[Timer] step=360; percent=0.05; passedTime=815.989; remTime=1.63116e+06; MLUPs=0.452482
[Timer] step=360; percent=0.05; passedTime=815.989; remTime=1.63116e+06; MLUPs=0.452482
[ValueTracer] average=0.0381951; stdDev/average=1.70278e-05
[ValueTracer] average=0.038197; stdDev/average=1.3197e-05
[LatticeStatistics] step=380; t=0.00633333; uMax=0; avEnergy=0; avRho=0.0381991
[Timer] step=380; percent=0.0527778; passedTime=861.46; remTime=1.63138e+06; MLUPs=0.453168
[Timer] step=380; percent=0.0527778; passedTime=861.46; remTime=1.63138e+06; MLUPs=0.453168
[ValueTracer] average=0.0381985; stdDev/average=1.02282e-05
[ValueTracer] average=0.0381997; stdDev/average=7.92732e-06
[LatticeStatistics] step=400; t=0.00666667; uMax=0; avEnergy=0; avRho=0.0382009
[Timer] step=400; percent=0.0555556; passedTime=906.986; remTime=1.63167e+06; MLUPs=0.452621
[Timer] step=400; percent=0.0555556; passedTime=906.986; remTime=1.63167e+06; MLUPs=0.452621
[ValueTracer] average=0.0382005; stdDev/average=6.14406e-06
[ValueTracer] average=0.0382012; stdDev/average=4.76198e-06
[LatticeStatistics] step=420; t=0.007; uMax=0; avEnergy=0; avRho=0.038202
[Timer] step=420; percent=0.0583333; passedTime=952.435; remTime=1.63179e+06; MLUPs=0.453378
[Timer] step=420; percent=0.0583333; passedTime=952.435; remTime=1.63179e+06; MLUPs=0.453378
[ValueTracer] average=0.0382018; stdDev/average=3.6908e-06
[ValueTracer] average=0.0382022; stdDev/average=2.86059e-06
[LatticeStatistics] step=440; t=0.00733333; uMax=0; avEnergy=0; avRho=0.0382026
[Timer] step=440; percent=0.0611111; passedTime=997.917; remTime=1.63196e+06; MLUPs=0.453069
[Timer] step=440; percent=0.0611111; passedTime=997.917; remTime=1.63196e+06; MLUPs=0.453069
[ValueTracer] average=0.0382025; stdDev/average=2.21713e-06
[ValueTracer] average=0.0382027; stdDev/average=1.71841e-06
[LatticeStatistics] step=460; t=0.00766667; uMax=0; avEnergy=0; avRho=0.038203
[Timer] step=460; percent=0.0638889; passedTime=1043.38; remTime=1.63207e+06; MLUPs=0.453238
[Timer] step=460; percent=0.0638889; passedTime=1043.38; remTime=1.63207e+06; MLUPs=0.453238
[ValueTracer] average=0.0382029; stdDev/average=1.33188e-06
[ValueTracer] average=0.0382031; stdDev/average=1.03229e-06
[LatticeStatistics] step=480; t=0.008; uMax=0; avEnergy=0; avRho=0.0382032
[Timer] step=480; percent=0.0666667; passedTime=1088.89; remTime=1.63225e+06; MLUPs=0.45275
[Timer] step=480; percent=0.0666667; passedTime=1088.89; remTime=1.63225e+06; MLUPs=0.45275
[ValueTracer] average=0.0382032; stdDev/average=8.00092e-07
[ValueTracer] average=0.0382033; stdDev/average=6.20124e-07
[LatticeStatistics] step=500; t=0.00833333; uMax=0; avEnergy=0; avRho=0.0382034
[Timer] step=500; percent=0.0694444; passedTime=1134.37; remTime=1.63236e+06; MLUPs=0.453138
[Timer] step=500; percent=0.0694444; passedTime=1134.37; remTime=1.63236e+06; MLUPs=0.453138
[ValueTracer] average=0.0382033; stdDev/average=4.80636e-07
[ValueTracer] average=0.0382034; stdDev/average=3.72525e-07
[LatticeStatistics] step=520; t=0.00866667; uMax=0; avEnergy=0; avRho=0.0382035
[Timer] step=520; percent=0.0722222; passedTime=1179.87; remTime=1.63249e+06; MLUPs=0.45282
[Timer] step=520; percent=0.0722222; passedTime=1179.87; remTime=1.63249e+06; MLUPs=0.45282
[ValueTracer] average=0.0382034; stdDev/average=2.88731e-07
[ValueTracer] average=0.0382035; stdDev/average=2.23786e-07
[LatticeStatistics] step=540; t=0.009; uMax=0; avEnergy=0; avRho=0.0382035
[Timer] step=540; percent=0.075; passedTime=1225.37; remTime=1.63261e+06; MLUPs=0.45288
[Timer] step=540; percent=0.075; passedTime=1225.37; remTime=1.63261e+06; MLUPs=0.45288
[ValueTracer] average=0.0382035; stdDev/average=1.73449e-07
[ValueTracer] average=0.0382035; stdDev/average=1.34434e-07
[LatticeStatistics] step=560; t=0.00933333; uMax=0; avEnergy=0; avRho=0.0382035
[Timer] step=560; percent=0.0777778; passedTime=1270.98; remTime=1.63285e+06; MLUPs=0.451797
[Timer] step=560; percent=0.0777778; passedTime=1270.98; remTime=1.63285e+06; MLUPs=0.451797
[ValueTracer] average=0.0382035; stdDev/average=1.04196e-07
[ValueTracer] average=0.0382035; stdDev/average=8.07585e-08
[LatticeStatistics] step=580; t=0.00966667; uMax=0; avEnergy=0; avRho=0.0382036
[Timer] step=580; percent=0.0805556; passedTime=1316.63; remTime=1.63312e+06; MLUPs=0.451401
[Timer] step=580; percent=0.0805556; passedTime=1316.63; remTime=1.63312e+06; MLUPs=0.451401
[ValueTracer] average=0.0382035; stdDev/average=6.25933e-08
[ValueTracer] average=0.0382036; stdDev/average=4.85139e-08
[LatticeStatistics] step=600; t=0.01; uMax=0; avEnergy=0; avRho=0.0382036
[Timer] step=600; percent=0.0833333; passedTime=1362.42; remTime=1.63354e+06; MLUPs=0.450061
[Timer] step=600; percent=0.0833333; passedTime=1362.42; remTime=1.63354e+06; MLUPs=0.450061
[ValueTracer] average=0.0382036; stdDev/average=3.76015e-08
[ValueTracer] average=0.0382036; stdDev/average=2.91437e-08
[LatticeStatistics] step=620; t=0.0103333; uMax=0; avEnergy=0; avRho=0.0382036
[Timer] step=620; percent=0.0861111; passedTime=1408.07; remTime=1.63377e+06; MLUPs=0.451382
[Timer] step=620; percent=0.0861111; passedTime=1408.07; remTime=1.63377e+06; MLUPs=0.451382
[ValueTracer] average=0.0382036; stdDev/average=2.25883e-08
[ValueTracer] average=0.0382036; stdDev/average=1.75075e-08
[LatticeStatistics] step=640; t=0.0106667; uMax=0; avEnergy=0; avRho=0.0382036
[Timer] step=640; percent=0.0888889; passedTime=1453.62; remTime=1.63387e+06; MLUPs=0.452313
[Timer] step=640; percent=0.0888889; passedTime=1453.62; remTime=1.63387e+06; MLUPs=0.452313
[ValueTracer] average=0.0382036; stdDev/average=1.35695e-08
[ValueTracer] average=0.0382036; stdDev/average=1.05172e-08
[main] Simulation converged. -- 652
[main] ------652
[main] Simulation converged. -- 652
[main] ./100case9_mcHardy/100case9.csv
0.000, 1.000000e+00, 0.000000e+00, 0.000000e+00, 0.000000e+00, 0.000000e+00, 0.000000e+00
0.010, 1.340285e+00, 5.021920e-02, 2.709048e-02, 8.200344e-01, -1.387779e-17, -6.938894e-18
0.020, 1.316982e+00, 5.059373e-02, 2.731857e-02, 8.076974e-01, -1.387779e-17, 0.000000e+00
0.030, 1.293296e+00, 5.089968e-02, 2.751131e-02, 7.950873e-01, -2.081668e-17, 0.000000e+00
0.040, 1.269174e+00, 5.117685e-02, 2.766881e-02, 7.823165e-01, 1.387779e-17, 0.000000e+00
0.050, 1.244758e+00, 5.141094e-02, 2.779550e-02, 7.693170e-01, -6.938894e-18, 0.000000e+00
0.060, 1.219991e+00, 5.163949e-02, 2.789126e-02, 7.561984e-01, -1.387779e-17, 3.469447e-18
0.070, 1.195017e+00, 5.184528e-02, 2.796028e-02, 7.428938e-01, 6.938894e-18, -1.387779e-17
0.080, 1.169776e+00, 5.204293e-02, 2.800295e-02, 7.295092e-01, 0.000000e+00, -3.469447e-18
0.090, 1.144410e+00, 5.221858e-02, 2.802316e-02, 7.159784e-01, 0.000000e+00, -3.469447e-18
0.100, 1.118856e+00, 5.238354e-02, 2.802678e-02, 7.024045e-01, -2.775558e-17, 6.938894e-18
0.110, 1.093256e+00, 5.252397e-02, 2.801856e-02, 6.887213e-01, 0.000000e+00, -6.938894e-18
0.120, 1.057417e+00, 5.230203e-02, 2.780719e-02, 6.655611e-01, -1.387779e-17, -6.938894e-18
0.130, 1.022596e+00, 5.207884e-02, 2.758274e-02, 6.431071e-01, 1.387779e-17, 0.000000e+00
0.140, 9.886765e-01, 5.184643e-02, 2.734400e-02, 6.212649e-01, 0.000000e+00, 3.469447e-18
0.150, 9.557573e-01, 5.158820e-02, 2.711055e-02, 6.001082e-01, -6.938894e-18, 1.040834e-17
0.160, 9.237302e-01, 5.253252e-02, 2.687844e-02, 5.795491e-01, -1.734723e-17, -3.469447e-18
0.170, 8.926770e-01, 5.334372e-02, 2.665076e-02, 5.596503e-01, 0.000000e+00, 0.000000e+00
0.180, 8.624971e-01, 5.403607e-02, 2.642831e-02, 5.403305e-01, 0.000000e+00, 6.938894e-18
0.190, 8.332590e-01, 5.460722e-02, 2.621769e-02, 5.216435e-01, 0.000000e+00, 0.000000e+00
0.200, 8.048689e-01, 5.507066e-02, 2.601179e-02, 5.035141e-01, -2.081668e-17, -6.938894e-18
0.210, 7.773840e-01, 5.542944e-02, 2.580506e-02, 4.859880e-01, 0.000000e+00, 3.469447e-18
0.220, 7.507173e-01, 5.569091e-02, 2.559515e-02, 4.689962e-01, -2.428613e-17, 0.000000e+00
0.230, 7.249440e-01, 5.585800e-02, 2.538535e-02, 4.525978e-01, 1.387779e-17, 1.387779e-17
0.240, 6.999788e-01, 5.593792e-02, 2.517356e-02, 4.367260e-01, 6.938894e-18, 0.000000e+00
0.250, 6.758573e-01, 5.593825e-02, 2.496296e-02, 4.214119e-01, -6.938894e-18, -1.387779e-17
0.260, 6.525017e-01, 5.585169e-02, 2.475136e-02, 4.065948e-01, 6.938894e-18, 0.000000e+00
0.270, 6.299415e-01, 5.567953e-02, 2.454161e-02, 3.923011e-01, -2.081668e-17, 0.000000e+00
0.280, 6.081052e-01, 5.542993e-02, 2.463655e-02, 3.784755e-01, 0.000000e+00, 0.000000e+00
0.290, 5.870175e-01, 5.510624e-02, 2.499503e-02, 3.651406e-01, -1.387779e-17, 0.000000e+00
0.300, 5.666129e-01, 5.471606e-02, 2.530038e-02, 3.522460e-01, 1.387779e-17, -6.938894e-18
0.310, 5.469115e-01, 5.426211e-02, 2.556097e-02, 3.398109e-01, 2.081668e-17, 0.000000e+00
0.320, 5.278538e-01, 5.375158e-02, 2.577409e-02, 3.277894e-01, 6.938894e-18, 6.938894e-18
0.330, 5.094559e-01, 5.318662e-02, 2.594584e-02, 3.161979e-01, 3.469447e-18, -3.469447e-18
0.340, 4.916734e-01, 5.257397e-02, 2.607346e-02, 3.050041e-01, -6.938894e-18, 0.000000e+00
0.350, 4.745085e-01, 5.191526e-02, 2.616275e-02, 2.942113e-01, 1.387779e-17, -3.851860e-32
0.360, 4.579204e-01, 5.121688e-02, 2.621142e-02, 2.837901e-01, -1.387779e-17, 6.938894e-18
0.370, 4.419098e-01, 5.010902e-02, 2.622490e-02, 2.737429e-01, -6.938894e-18, -6.938894e-18
0.380, 4.264393e-01, 4.900131e-02, 2.620127e-02, 2.640427e-01, 0.000000e+00, 6.938894e-18
0.390, 4.115084e-01, 4.789216e-02, 2.614196e-02, 2.546909e-01, -1.387779e-17, -6.938894e-18
0.400, 3.970830e-01, 4.678785e-02, 2.604240e-02, 2.456631e-01, -2.775558e-17, 1.040834e-17
0.410, 3.831609e-01, 4.568630e-02, 2.590757e-02, 2.369599e-01, -7.703720e-32, -3.851860e-32
0.420, 3.697110e-01, 4.459141e-02, 2.573705e-02, 2.285589e-01, 1.387779e-17, 6.938894e-18
0.430, 3.567311e-01, 4.350327e-02, 2.553607e-02, 2.204602e-01, 0.000000e+00, 6.938894e-18
0.440, 3.441926e-01, 4.242519e-02, 2.530430e-02, 2.126434e-01, 1.387779e-17, 1.387779e-17
0.450, 3.320928e-01, 4.135703e-02, 2.504706e-02, 2.051081e-01, -6.938894e-18, 0.000000e+00
0.460, 3.204053e-01, 4.030153e-02, 2.476344e-02, 1.978355e-01, 0.000000e+00, -1.387779e-17
0.470, 3.091271e-01, 3.925842e-02, 2.445874e-02, 1.908251e-01, -3.469447e-18, -3.469447e-18
0.480, 2.982340e-01, 3.823281e-02, 2.413160e-02, 1.840596e-01, 0.000000e+00, -6.938894e-18
0.490, 2.877226e-01, 3.722382e-02, 2.369197e-02, 1.775380e-01, -1.387779e-17, -6.938894e-18
0.500, 2.775706e-01, 3.623291e-02, 2.315222e-02, 1.712448e-01, 0.000000e+00, 6.938894e-18
0.510, 2.677601e-01, 3.525526e-02, 2.260898e-02, 1.651700e-01, -2.775558e-17, -6.938894e-18
0.520, 2.582862e-01, 3.429633e-02, 2.206370e-02, 1.593092e-01, -1.387779e-17, 6.938894e-18
0.530, 2.491451e-01, 3.335519e-02, 2.151889e-02, 1.536606e-01, 1.387779e-17, -6.938894e-18
0.540, 2.403179e-01, 3.243280e-02, 2.097601e-02, 1.482114e-01, -1.387779e-17, -6.938894e-18
0.550, 2.318006e-01, 3.152818e-02, 2.043761e-02, 1.429595e-01, 0.000000e+00, -1.387779e-17
0.560, 2.235759e-01, 3.064206e-02, 1.990277e-02, 1.378934e-01, 1.387779e-17, -6.938894e-18
0.570, 2.156398e-01, 2.977356e-02, 1.937370e-02, 1.330109e-01, 1.387779e-17, 1.040834e-17
0.580, 2.079763e-01, 2.892326e-02, 1.884944e-02, 1.283015e-01, 1.417484e-31, -6.938894e-18
0.590, 2.005814e-01, 2.809094e-02, 1.833191e-02, 1.237630e-01, 0.000000e+00, 6.938894e-18
0.600, 1.934404e-01, 2.727633e-02, 1.782087e-02, 1.193856e-01, -1.387779e-17, -1.387779e-17
0.610, 1.865494e-01, 2.647918e-02, 1.731850e-02, 1.151673e-01, 0.000000e+00, -1.387779e-17
0.620, 1.798950e-01, 2.569936e-02, 1.682386e-02, 1.110992e-01, 1.387779e-17, 2.775558e-17
0.630, 1.734734e-01, 2.493611e-02, 1.633828e-02, 1.071792e-01, -1.387779e-17, -6.938894e-18
0.640, 1.672720e-01, 2.418957e-02, 1.586080e-02, 1.033992e-01, 1.387779e-17, 6.938894e-18
0.650, 1.612870e-01, 2.344968e-02, 1.539249e-02, 9.975695e-02, -1.387779e-17, -6.938894e-18
0.660, 1.555067e-01, 2.272547e-02, 1.493213e-02, 9.624522e-02, -1.387779e-17, -6.938894e-18
0.670, 1.499277e-01, 2.201653e-02, 1.448087e-02, 9.286170e-02, -1.387779e-17, 6.938894e-18
0.680, 1.445389e-01, 2.132264e-02, 1.403738e-02, 8.959985e-02, 0.000000e+00, 0.000000e+00
0.690, 1.393371e-01, 2.064337e-02, 1.360287e-02, 8.645736e-02, 1.387779e-17, 1.387779e-17
0.700, 1.343119e-01, 1.997849e-02, 1.317609e-02, 8.342857e-02, 6.938894e-18, -6.938894e-18
0.710, 1.294603e-01, 1.932755e-02, 1.275827e-02, 8.051093e-02, 0.000000e+00, 0.000000e+00
0.720, 1.247726e-01, 1.869029e-02, 1.234815e-02, 7.769943e-02, 0.000000e+00, -6.938894e-18
0.730, 1.202460e-01, 1.806629e-02, 1.195391e-02, 7.499145e-02, -1.387779e-17, -6.938894e-18
0.740, 1.158714e-01, 1.745525e-02, 1.157509e-02, 7.238259e-02, -1.387779e-17, -3.469447e-18
0.750, 1.116463e-01, 1.685675e-02, 1.120474e-02, 6.987020e-02, 1.387779e-17, 0.000000e+00
0.760, 1.075621e-01, 1.626730e-02, 1.084187e-02, 6.745042e-02, 2.428613e-17, 1.040834e-17
0.770, 1.036164e-01, 1.569016e-02, 1.048711e-02, 6.512059e-02, -2.775558e-17, -6.938894e-18
0.780, 9.980107e-02, 1.512485e-02, 1.013952e-02, 6.287737e-02, 2.775558e-17, 6.938894e-18
0.790, 9.611414e-02, 1.457097e-02, 9.799633e-03, 6.071805e-02, 0.000000e+00, -6.938894e-18
0.800, 9.254668e-02, 1.402824e-02, 9.466590e-03, 5.864052e-02, 0.000000e+00, 0.000000e+00
0.810, 8.909703e-02, 1.349625e-02, 9.140883e-03, 5.664204e-02, 0.000000e+00, -1.387779e-17
0.820, 8.575738e-02, 1.297472e-02, 8.822026e-03, 5.472036e-02, 0.000000e+00, -1.387779e-17
0.830, 8.252632e-02, 1.246314e-02, 8.510594e-03, 5.287267e-02, 0.000000e+00, 1.387779e-17
0.840, 7.939622e-02, 1.196149e-02, 8.205702e-03, 5.109725e-02, 0.000000e+00, 6.938894e-18
0.850, 7.636599e-02, 1.146911e-02, 7.907592e-03, 4.939121e-02, -1.387779e-17, 6.938894e-18
0.860, 7.342809e-02, 1.101707e-02, 7.615563e-03, 4.775332e-02, -1.387779e-17, -6.938894e-18
0.870, 7.058177e-02, 1.057415e-02, 7.329941e-03, 4.618060e-02, -2.775558e-17, -1.387779e-17
0.880, 6.781953e-02, 1.014053e-02, 7.046609e-03, 4.467234e-02, -2.081668e-17, -1.734723e-17
0.890, 6.514092e-02, 9.716236e-03, 6.765432e-03, 4.322543e-02, 0.000000e+00, 6.938894e-18
0.900, 6.228763e-02, 9.286810e-03, 6.479578e-03, 4.206621e-02, 0.000000e+00, 6.938894e-18
0.910, 5.950541e-02, 8.866051e-03, 6.198900e-03, 4.096585e-02, -1.387779e-17, -6.938894e-18
0.920, 5.678793e-02, 8.454068e-03, 5.922925e-03, 3.992046e-02, -1.387779e-17, 6.938894e-18
0.930, 5.413469e-02, 8.050302e-03, 5.651420e-03, 3.893088e-02, 0.000000e+00, -6.938894e-18
0.940, 5.153971e-02, 7.654881e-03, 5.383997e-03, 3.799333e-02, -1.387779e-17, -7.087422e-32
0.950, 4.900266e-02, 7.267197e-03, 5.120668e-03, 3.710873e-02, 2.081668e-17, 2.081668e-17
0.960, 4.651791e-02, 6.887445e-03, 4.861066e-03, 3.627339e-02, -2.775558e-17, -2.081668e-17
0.970, 4.408530e-02, 6.514276e-03, 4.605210e-03, 3.548831e-02, 2.775558e-17, 1.387779e-17
0.980, 4.169955e-02, 6.147849e-03, 4.352755e-03, 3.474984e-02, 0.000000e+00, -1.387779e-17
0.990, 3.936072e-02, 5.786777e-03, 4.103744e-03, 3.405907e-02, -1.387779e-17, 0.000000e+00
1.000, 0.000000e+00, 0.000000e+00, 0.000000e+00, 0.000000e+00, 0.000000e+00, 0.000000e+00
[Timer] 
[Timer] ----------------Summary:Timer----------------
[Timer] measured time (rt) : 1482.961s
[Timer] measured time (cpu): 1478.030s
[Timer] average MLUPs :       0.445
[Timer] average MLUPps:       0.445
[Timer] ---------------------------------------------
