[MpiManager] Sucessfully initialized, numThreads=1
[Directories] Directory ./50case16_addTemp_mink/ created.
[Directories] Directory ./50case16_addTemp_mink/imageData/ created.
[Directories] Directory ./50case16_addTemp_mink/imageData/data/ created.
[Directories] Directory ./50case16_addTemp_mink/vtkData/ created.
[Directories] Directory ./50case16_addTemp_mink/vtkData/data/ created.
[Directories] Directory ./50case16_addTemp_mink/gnuplotData/ created.
[Directories] Directory ./50case16_addTemp_mink/gnuplotData/data/ created.
[main] case16
[main] omega = .... 1
[main] omega 1
[main] working with diffuse approximation
[main] omega=1
[main] latticeSink=0.00864
[RadiativeUnitConverter] ----------------- UnitConverter information -----------------
[RadiativeUnitConverter] -- Parameters:
[RadiativeUnitConverter] Resolution:                       N=              50
[RadiativeUnitConverter] Lattice relaxation frequency:     omega=          1
[RadiativeUnitConverter] Lattice relaxation time:          tau=            1
[RadiativeUnitConverter] Characteristical length(m):       charL=          1
[RadiativeUnitConverter] Phys. density(kg/m^d):            charRho=        1
[RadiativeUnitConverter] Phys. absorption(1/m):            mu_a=           7.2
[RadiativeUnitConverter] Phys. scattering(1/m):            mu_s=           0.8
[RadiativeUnitConverter] Extinction(1/m):                  mu_t=           8
[RadiativeUnitConverter] Effective attenuation(1/m):       mu_eff=         13.1453
[RadiativeUnitConverter] Phys. diffusion(m):               D=              0.0416667
[RadiativeUnitConverter] Single scattering albedo:         albedo=         0.1
[RadiativeUnitConverter] Anisotropy factor:                g=              0
[RadiativeUnitConverter] 
[RadiativeUnitConverter] Lattice diffusion:                D^*=            2.08333
[RadiativeUnitConverter] Lattice absorption:               absorption=     0.144
[RadiativeUnitConverter] Lattice scattering:               scattering=     0.016
[RadiativeUnitConverter] Lattice sink:                     sink=           0.00864
[RadiativeUnitConverter] C_R: 1
[RadiativeUnitConverter] r_F: 1.78571
[RadiativeUnitConverter] 
[RadiativeUnitConverter] -- Conversion factors:
[RadiativeUnitConverter] Voxel length(m):                  physDeltaX=     0.02
[RadiativeUnitConverter] Time step(s):                     physDeltaT=     5e-05
[RadiativeUnitConverter] Density factor(kg/m^3):           physDensity=    1
[RadiativeUnitConverter] -------------------------------------------------------------
[prepareGeometryCube] Prepare cubeGeometry ...
[SuperGeometry3D] cleaned 0 outer boundary voxel(s)
[SuperGeometry3D] cleaned 0 inner boundary voxel(s)
[SuperGeometry3D] the model is correct!
[CuboidGeometry3D] ---Cuboid Stucture Statistics---
[CuboidGeometry3D]  Number of Cuboids: 	2
[CuboidGeometry3D]  Delta  (min): 		0.02
[CuboidGeometry3D]         (max): 		0.02
[CuboidGeometry3D]  Ratio  (min): 		0.490196
[CuboidGeometry3D]         (max): 		2.04
[CuboidGeometry3D]  Nodes  (min): 		65025
[CuboidGeometry3D]         (max): 		67626
[CuboidGeometry3D]  Weight (min): 		65025
[CuboidGeometry3D]         (max): 		67626
[CuboidGeometry3D] --------------------------------
[SuperGeometryStatistics3D] materialNumber=1; count=117649; minPhysR=(0.02,-0.48,-0.48); maxPhysR=(0.98,0.48,0.48)
[SuperGeometryStatistics3D] materialNumber=2; count=14881; minPhysR=(0,-0.5,-0.5); maxPhysR=(1,0.5,0.5)
[SuperGeometryStatistics3D] materialNumber=3; count=121; minPhysR=(0,-0.1,-0.1); maxPhysR=(0,0.1,0.1)
[prepareGeometryCube] Prepare cubeGeometry ... OK
[prepareLattice] Prepare Lattice ...
[prepareLattice] Prepare Lattice ... OK
[main] iT convergence criteria: 160
[LatticeStatistics] step=0; t=0; uMax=0; avEnergy=0; avRho=1
[Timer] step=0; percent=0; passedTime=6.94816e-313; remTime=0.001; MLUPs=0
[Timer] step=0; percent=0; passedTime=6.94816e-313; remTime=0.001; MLUPs=0
[LatticeStatistics] step=100; t=0.005; uMax=0; avEnergy=0; avRho=0.00329185
[Timer] step=100; percent=0.0416667; passedTime=0.999; remTime=2396.6; MLUPs=13.2784
[Timer] step=100; percent=0.0416667; passedTime=0.999; remTime=2396.6; MLUPs=13.2784
[ValueTracer] average=0.00290661; stdDev/average=0.225219
[LatticeStatistics] step=200; t=0.01; uMax=0; avEnergy=0; avRho=0.00372659
[Timer] step=200; percent=0.0833333; passedTime=1.9; remTime=2278.1; MLUPs=14.7063
[Timer] step=200; percent=0.0833333; passedTime=1.9; remTime=2278.1; MLUPs=14.7063
[LatticeStatistics] step=300; t=0.015; uMax=0; avEnergy=0; avRho=0.00386392
[Timer] step=300; percent=0.125; passedTime=2.833; remTime=2263.57; MLUPs=14.2177
[Timer] step=300; percent=0.125; passedTime=2.833; remTime=2263.57; MLUPs=14.2177
[ValueTracer] average=0.00378277; stdDev/average=0.0196978
[LatticeStatistics] step=400; t=0.02; uMax=0; avEnergy=0; avRho=0.00391094
[Timer] step=400; percent=0.166667; passedTime=3.786; remTime=2267.81; MLUPs=13.9193
[Timer] step=400; percent=0.166667; passedTime=3.786; remTime=2267.81; MLUPs=13.9193
[ValueTracer] average=0.00390802; stdDev/average=0.00343896
[LatticeStatistics] step=500; t=0.025; uMax=0; avEnergy=0; avRho=0.00392748
[Timer] step=500; percent=0.208333; passedTime=4.704; remTime=2253.22; MLUPs=14.4343
[Timer] step=500; percent=0.208333; passedTime=4.704; remTime=2253.22; MLUPs=14.4343
[LatticeStatistics] step=600; t=0.03; uMax=0; avEnergy=0; avRho=0.00393336
[Timer] step=600; percent=0.25; passedTime=5.624; remTime=2243.98; MLUPs=14.4186
[Timer] step=600; percent=0.25; passedTime=5.624; remTime=2243.98; MLUPs=14.4186
[ValueTracer] average=0.00393114; stdDev/average=0.000650678
[LatticeStatistics] step=700; t=0.035; uMax=0; avEnergy=0; avRho=0.00393546
[Timer] step=700; percent=0.291667; passedTime=6.551; remTime=2239.51; MLUPs=14.3097
[Timer] step=700; percent=0.291667; passedTime=6.551; remTime=2239.51; MLUPs=14.3097
[LatticeStatistics] step=800; t=0.04; uMax=0; avEnergy=0; avRho=0.00393622
[Timer] step=800; percent=0.333333; passedTime=7.467; remTime=2232.63; MLUPs=14.4658
[Timer] step=800; percent=0.333333; passedTime=7.467; remTime=2232.63; MLUPs=14.4658
[ValueTracer] average=0.00393557; stdDev/average=0.000125839
[LatticeStatistics] step=900; t=0.045; uMax=0; avEnergy=0; avRho=0.00393649
[Timer] step=900; percent=0.375; passedTime=8.383; remTime=2227.08; MLUPs=14.4816
[Timer] step=900; percent=0.375; passedTime=8.383; remTime=2227.08; MLUPs=14.4816
[ValueTracer] average=0.00393643; stdDev/average=2.45737e-05
[LatticeStatistics] step=1000; t=0.05; uMax=0; avEnergy=0; avRho=0.00393659
[Timer] step=1000; percent=0.416667; passedTime=9.297; remTime=2221.98; MLUPs=14.4974
[Timer] step=1000; percent=0.416667; passedTime=9.297; remTime=2221.98; MLUPs=14.4974
[LatticeStatistics] step=1100; t=0.055; uMax=0; avEnergy=0; avRho=0.00393662
[Timer] step=1100; percent=0.458333; passedTime=10.21; remTime=2217.43; MLUPs=14.5132
[Timer] step=1100; percent=0.458333; passedTime=10.21; remTime=2217.43; MLUPs=14.5132
[ValueTracer] average=0.0039366; stdDev/average=4.82409e-06
[LatticeStatistics] step=1200; t=0.06; uMax=0; avEnergy=0; avRho=0.00393663
[Timer] step=1200; percent=0.5; passedTime=11.13; remTime=2214.87; MLUPs=14.4029
[Timer] step=1200; percent=0.5; passedTime=11.13; remTime=2214.87; MLUPs=14.4029
[ValueTracer] average=0.00393663; stdDev/average=9.4984e-07
[LatticeStatistics] step=1300; t=0.065; uMax=0; avEnergy=0; avRho=0.00393664
[Timer] step=1300; percent=0.541667; passedTime=12.051; remTime=2212.75; MLUPs=14.3873
[Timer] step=1300; percent=0.541667; passedTime=12.051; remTime=2212.75; MLUPs=14.3873
[LatticeStatistics] step=1400; t=0.07; uMax=0; avEnergy=0; avRho=0.00393664
[Timer] step=1400; percent=0.583333; passedTime=12.98; remTime=2212.16; MLUPs=14.2943
[Timer] step=1400; percent=0.583333; passedTime=12.98; remTime=2212.16; MLUPs=14.2943
[ValueTracer] average=0.00393664; stdDev/average=1.87329e-07
[LatticeStatistics] step=1500; t=0.075; uMax=0; avEnergy=0; avRho=0.00393664
[Timer] step=1500; percent=0.625; passedTime=13.928; remTime=2214.55; MLUPs=13.9927
[Timer] step=1500; percent=0.625; passedTime=13.928; remTime=2214.55; MLUPs=13.9927
[LatticeStatistics] step=1600; t=0.08; uMax=0; avEnergy=0; avRho=0.00393664
[Timer] step=1600; percent=0.666667; passedTime=14.846; remTime=2212.05; MLUPs=14.4343
[Timer] step=1600; percent=0.666667; passedTime=14.846; remTime=2212.05; MLUPs=14.4343
[ValueTracer] average=0.00393664; stdDev/average=3.6979e-08
[LatticeStatistics] step=1700; t=0.085; uMax=0; avEnergy=0; avRho=0.00393664
[Timer] step=1700; percent=0.708333; passedTime=15.76; remTime=2209.18; MLUPs=14.5132
[Timer] step=1700; percent=0.708333; passedTime=15.76; remTime=2209.18; MLUPs=14.5132
[main] Simulation converged. -- 1729
[main] ------1729
[main] Simulation converged. -- 1729
[main] ./50case16_addTemp_mink/50case16.csv
0.000, 1.000000e+00, 0.000000e+00, 0.000000e+00, 0.000000e+00, 0.000000e+00, 0.000000e+00
0.010, 8.717634e-01, 1.670771e-03, 1.078323e-04, 2.912069e-02, -1.387779e-17, 1.387779e-17
0.020, 7.435268e-01, 3.341541e-03, 2.156646e-04, 5.824137e-02, -2.775558e-17, 2.775558e-17
0.030, 6.404440e-01, 4.732775e-03, 3.157941e-04, 5.123646e-02, -1.387779e-17, 1.387779e-17
0.040, 5.373612e-01, 6.124009e-03, 4.159237e-04, 4.423154e-02, 0.000000e+00, 0.000000e+00
0.050, 4.603623e-01, 7.049994e-03, 5.001698e-04, 3.845615e-02, 0.000000e+00, -1.387779e-17
0.060, 3.833635e-01, 7.975978e-03, 5.844160e-04, 3.268077e-02, 0.000000e+00, -2.775558e-17
0.070, 3.272847e-01, 8.415588e-03, 6.480284e-04, 2.814775e-02, 1.387779e-17, -1.387779e-17
0.080, 2.712059e-01, 8.855197e-03, 7.116409e-04, 2.361472e-02, 2.775558e-17, 0.000000e+00
0.090, 2.311087e-01, 8.889001e-03, 7.527395e-04, 2.020757e-02, 2.081668e-17, 6.938894e-18
0.100, 1.910115e-01, 8.922806e-03, 7.938381e-04, 1.680042e-02, 1.387779e-17, 1.387779e-17
0.110, 1.626767e-01, 8.671323e-03, 8.131548e-04, 1.431996e-02, 6.938894e-18, 6.938894e-18
0.120, 1.343420e-01, 8.419840e-03, 8.324715e-04, 1.183950e-02, 0.000000e+00, 0.000000e+00
0.130, 1.144476e-01, 8.000203e-03, 8.326804e-04, 1.007156e-02, 0.000000e+00, 0.000000e+00
0.140, 9.455323e-02, 7.580566e-03, 8.328894e-04, 8.303621e-03, 0.000000e+00, 0.000000e+00
0.150, 8.062049e-02, 7.086013e-03, 8.177923e-04, 7.059526e-03, 0.000000e+00, 0.000000e+00
0.160, 6.668776e-02, 6.591460e-03, 8.026951e-04, 5.815431e-03, 0.000000e+00, 0.000000e+00
0.170, 5.692919e-02, 6.086737e-03, 7.764714e-04, 4.945800e-03, 6.938894e-18, 0.000000e+00
0.180, 4.717062e-02, 5.582014e-03, 7.502476e-04, 4.076169e-03, 1.387779e-17, 0.000000e+00
0.190, 4.032335e-02, 5.106836e-03, 7.168873e-04, 3.469816e-03, -1.232595e-32, 6.938894e-18
0.200, 3.347609e-02, 4.631658e-03, 6.835271e-04, 2.863464e-03, -1.387779e-17, 1.387779e-17
0.210, 2.865804e-02, 4.206865e-03, 6.464776e-04, 2.440586e-03, -1.387779e-17, 6.938894e-18
0.220, 2.383999e-02, 3.782071e-03, 6.094281e-04, 2.017707e-03, -1.387779e-17, 0.000000e+00
0.230, 2.043834e-02, 3.415682e-03, 5.714306e-04, 1.722208e-03, 1.232595e-32, 6.938894e-18
0.240, 1.703669e-02, 3.049292e-03, 5.334331e-04, 1.426709e-03, 1.387779e-17, 1.387779e-17
0.250, 1.462635e-02, 2.741391e-03, 4.965005e-04, 1.219603e-03, 6.938894e-18, 6.938894e-18
0.260, 1.221601e-02, 2.433489e-03, 4.595678e-04, 1.012498e-03, 0.000000e+00, 0.000000e+00
0.270, 1.050183e-02, 2.179744e-03, 4.250507e-04, 8.668305e-04, -6.938894e-18, 6.938894e-18
0.280, 8.787640e-03, 1.925999e-03, 3.905336e-04, 7.211631e-04, -1.387779e-17, 1.387779e-17
0.290, 7.564152e-03, 1.720008e-03, 3.592316e-04, 6.183203e-04, 6.938894e-18, 1.387779e-17
0.300, 6.340664e-03, 1.514016e-03, 3.279297e-04, 5.154775e-04, 2.775558e-17, 1.387779e-17
0.310, 5.464388e-03, 1.348754e-03, 3.002157e-04, 4.425908e-04, 2.081668e-17, 1.387779e-17
0.320, 4.588112e-03, 1.183493e-03, 2.725017e-04, 3.697041e-04, 1.387779e-17, 1.387779e-17
0.330, 3.958453e-03, 1.052152e-03, 2.484390e-04, 3.178536e-04, -1.232595e-32, -1.232595e-32
0.340, 3.328795e-03, 9.208112e-04, 2.243763e-04, 2.660030e-04, -1.387779e-17, -1.387779e-17
0.350, 2.874950e-03, 8.172213e-04, 2.038198e-04, 2.289837e-04, -6.471125e-32, -6.471125e-32
0.360, 2.421106e-03, 7.136314e-04, 1.832634e-04, 1.919645e-04, 1.387779e-17, 1.387779e-17
0.370, 2.093041e-03, 6.324368e-04, 1.659405e-04, 1.654433e-04, 1.387779e-17, 6.938894e-18
0.380, 1.764976e-03, 5.512421e-04, 1.486177e-04, 1.389221e-04, 1.387779e-17, 0.000000e+00
0.390, 1.527193e-03, 4.879278e-04, 1.341885e-04, 1.198605e-04, 6.938894e-18, 0.000000e+00
0.400, 1.289410e-03, 4.246135e-04, 1.197593e-04, 1.007988e-04, 0.000000e+00, 0.000000e+00
0.410, 1.116633e-03, 3.754532e-04, 1.078601e-04, 8.705705e-05, -6.938894e-18, 6.938894e-18
0.420, 9.438551e-04, 3.262930e-04, 9.596080e-05, 7.331525e-05, -1.387779e-17, 1.387779e-17
0.430, 8.180191e-04, 2.882597e-04, 8.623256e-05, 6.338054e-05, -6.938894e-18, 1.387779e-17
0.440, 6.921831e-04, 2.502265e-04, 7.650433e-05, 5.344584e-05, 0.000000e+00, 1.387779e-17
0.450, 6.003367e-04, 2.208910e-04, 6.861093e-05, 4.624454e-05, 6.938894e-18, 1.387779e-17
0.460, 5.084902e-04, 1.915555e-04, 6.071752e-05, 3.904323e-05, 1.387779e-17, 1.387779e-17
0.470, 4.413173e-04, 1.689870e-04, 5.435525e-05, 3.381045e-05, 6.938894e-18, 6.471125e-32
0.480, 3.741444e-04, 1.464186e-04, 4.799298e-05, 2.857766e-05, 0.000000e+00, -1.387779e-17
0.490, 3.249246e-04, 1.290944e-04, 4.289478e-05, 2.476659e-05, 0.000000e+00, -6.938894e-18
0.500, 2.757048e-04, 1.117702e-04, 3.779658e-05, 2.095551e-05, 0.000000e+00, 0.000000e+00
0.510, 2.395767e-04, 9.849677e-05, 3.373244e-05, 1.817397e-05, 0.000000e+00, 0.000000e+00
0.520, 2.034486e-04, 8.522336e-05, 2.966831e-05, 1.539242e-05, 0.000000e+00, 0.000000e+00
0.530, 1.768868e-04, 7.507014e-05, 2.644343e-05, 1.335826e-05, 1.387779e-17, 0.000000e+00
0.540, 1.503250e-04, 6.491691e-05, 2.321855e-05, 1.132410e-05, 2.775558e-17, 0.000000e+00
0.550, 1.307667e-04, 5.716135e-05, 2.067016e-05, 9.833748e-06, 6.938894e-18, -1.387779e-17
0.560, 1.112085e-04, 4.940578e-05, 1.812177e-05, 8.343400e-06, -1.387779e-17, -2.775558e-17
0.570, 9.678655e-05, 4.348892e-05, 1.611538e-05, 7.249597e-06, -1.417484e-31, -1.387779e-17
0.580, 8.236465e-05, 3.757205e-05, 1.410900e-05, 6.155794e-06, 1.387779e-17, -1.294225e-31
0.590, 7.171602e-05, 3.306277e-05, 1.253459e-05, 5.351731e-06, 6.938894e-18, 0.000000e+00
0.600, 6.106740e-05, 2.855349e-05, 1.096018e-05, 4.547669e-06, 0.000000e+00, 0.000000e+00
0.610, 5.319500e-05, 2.512012e-05, 9.728427e-06, 3.955706e-06, 0.000000e+00, -6.938894e-18
0.620, 4.532259e-05, 2.168674e-05, 8.496679e-06, 3.363743e-06, 0.000000e+00, -1.387779e-17
0.630, 3.949577e-05, 1.907469e-05, 7.535618e-06, 2.927317e-06, 0.000000e+00, -2.081668e-17
0.640, 3.366894e-05, 1.646263e-05, 6.574556e-06, 2.490891e-06, 0.000000e+00, -2.775558e-17
0.650, 2.935139e-05, 1.447682e-05, 5.826526e-06, 2.168712e-06, 0.000000e+00, -2.081668e-17
0.660, 2.503384e-05, 1.249101e-05, 5.078496e-06, 1.846532e-06, 0.000000e+00, -1.387779e-17
0.670, 2.183127e-05, 1.098223e-05, 4.497561e-06, 1.608399e-06, -1.387779e-17, -2.081668e-17
0.680, 1.862870e-05, 9.473444e-06, 3.916627e-06, 1.370267e-06, -2.775558e-17, -2.775558e-17
0.690, 1.625080e-05, 8.327694e-06, 3.466359e-06, 1.194054e-06, -6.938894e-18, -6.938894e-18
0.700, 1.387290e-05, 7.181944e-06, 3.016092e-06, 1.017842e-06, 1.387779e-17, 1.387779e-17
0.710, 1.210562e-05, 6.312256e-06, 2.667724e-06, 8.873115e-07, 1.387779e-17, 6.938894e-18
0.720, 1.033834e-05, 5.442568e-06, 2.319356e-06, 7.567812e-07, 1.387779e-17, 0.000000e+00
0.730, 9.023627e-06, 4.782649e-06, 2.050251e-06, 6.599976e-07, 2.081668e-17, -6.938894e-18
0.740, 7.708918e-06, 4.122729e-06, 1.781147e-06, 5.632141e-07, 2.775558e-17, -1.387779e-17
0.750, 6.729948e-06, 3.622089e-06, 1.573551e-06, 4.913928e-07, 1.387779e-17, -6.938894e-18
0.760, 5.750977e-06, 3.121449e-06, 1.365956e-06, 4.195714e-07, 0.000000e+00, 0.000000e+00
0.770, 5.021258e-06, 2.741660e-06, 1.205983e-06, 3.662384e-07, 0.000000e+00, 0.000000e+00
0.780, 4.291539e-06, 2.361872e-06, 1.046010e-06, 3.129054e-07, 0.000000e+00, 0.000000e+00
0.790, 3.746967e-06, 2.073700e-06, 9.228240e-07, 2.732848e-07, 6.938894e-18, 0.000000e+00
0.800, 3.202395e-06, 1.785528e-06, 7.996378e-07, 2.336641e-07, 1.387779e-17, 0.000000e+00
0.810, 2.795386e-06, 1.566732e-06, 7.047971e-07, 2.042297e-07, 1.387779e-17, 0.000000e+00
0.820, 2.388376e-06, 1.347936e-06, 6.099565e-07, 1.747953e-07, 1.387779e-17, 7.703720e-32
0.830, 2.083546e-06, 1.181591e-06, 5.368941e-07, 1.529427e-07, 6.938894e-18, -6.938894e-18
0.840, 1.778716e-06, 1.015246e-06, 4.638317e-07, 1.310900e-07, 0.000000e+00, -1.387779e-17
0.850, 1.549695e-06, 8.884592e-07, 4.074388e-07, 1.148961e-07, 0.000000e+00, -6.938894e-18
0.860, 1.320673e-06, 7.616721e-07, 3.510458e-07, 9.870211e-08, 0.000000e+00, 0.000000e+00
0.870, 1.147741e-06, 6.645967e-07, 3.073432e-07, 8.674886e-08, 0.000000e+00, 0.000000e+00
0.880, 9.748095e-07, 5.675213e-07, 2.636406e-07, 7.479561e-08, 0.000000e+00, 0.000000e+00
0.890, 8.431456e-07, 4.926062e-07, 2.295185e-07, 6.604133e-08, -6.938894e-18, 0.000000e+00
0.900, 7.114817e-07, 4.176912e-07, 1.953963e-07, 5.728704e-08, -1.387779e-17, 0.000000e+00
0.910, 6.098520e-07, 3.590998e-07, 1.684069e-07, 5.097194e-08, -1.387779e-17, 0.000000e+00
0.920, 5.082223e-07, 3.005085e-07, 1.414174e-07, 4.465684e-08, -1.387779e-17, 0.000000e+00
0.930, 4.279937e-07, 2.536697e-07, 1.196100e-07, 4.023487e-08, 1.232595e-32, -6.938894e-18
0.940, 3.477651e-07, 2.068309e-07, 9.780265e-08, 3.581290e-08, 1.387779e-17, -1.387779e-17
0.950, 2.821514e-07, 1.680854e-07, 7.959003e-08, 3.290289e-08, 6.938894e-18, -6.938894e-18
0.960, 2.165378e-07, 1.293400e-07, 6.137741e-08, 2.999288e-08, 0.000000e+00, 0.000000e+00
0.970, 1.600106e-07, 9.565779e-08, 4.542577e-08, 2.834459e-08, 0.000000e+00, 0.000000e+00
0.980, 1.034834e-07, 6.197556e-08, 2.947414e-08, 2.669630e-08, 0.000000e+00, 0.000000e+00
0.990, 5.174170e-08, 3.098778e-08, 1.473707e-08, 1.334815e-08, 0.000000e+00, 0.000000e+00
1.000, 0.000000e+00, 0.000000e+00, 0.000000e+00, 0.000000e+00, 0.000000e+00, 0.000000e+00
[Timer] 
[Timer] ----------------Summary:Timer----------------
[Timer] measured time (rt) : 16.286s
[Timer] measured time (cpu): 15.700s
[Timer] average MLUPs :       13.847
[Timer] average MLUPps:       13.847
[Timer] ---------------------------------------------
