[MpiManager] Sucessfully initialized, numThreads=1
[Directories] Directory ./100case15_addTemp_mink/ created.
[Directories] Directory ./100case15_addTemp_mink/imageData/ created.
[Directories] Directory ./100case15_addTemp_mink/imageData/data/ created.
[Directories] Directory ./100case15_addTemp_mink/vtkData/ created.
[Directories] Directory ./100case15_addTemp_mink/vtkData/data/ created.
[Directories] Directory ./100case15_addTemp_mink/gnuplotData/ created.
[Directories] Directory ./100case15_addTemp_mink/gnuplotData/data/ created.
[main] case15
[main] omega = .... 1
[main] omega 1
[main] working with diffuse approximation
[main] omega=1
[main] latticeSink=0
[RadiativeUnitConverter] ----------------- UnitConverter information -----------------
[RadiativeUnitConverter] -- Parameters:
[RadiativeUnitConverter] Resolution:                       N=              100
[RadiativeUnitConverter] Lattice relaxation frequency:     omega=          1
[RadiativeUnitConverter] Lattice relaxation time:          tau=            1
[RadiativeUnitConverter] Characteristical length(m):       charL=          1
[RadiativeUnitConverter] Phys. density(kg/m^d):            charRho=        1
[RadiativeUnitConverter] Phys. absorption(1/m):            mu_a=           0
[RadiativeUnitConverter] Phys. scattering(1/m):            mu_s=           6
[RadiativeUnitConverter] Extinction(1/m):                  mu_t=           6
[RadiativeUnitConverter] Effective attenuation(1/m):       mu_eff=         0
[RadiativeUnitConverter] Phys. diffusion(m):               D=              0.0555556
[RadiativeUnitConverter] Single scattering albedo:         albedo=         1
[RadiativeUnitConverter] Anisotropy factor:                g=              0
[RadiativeUnitConverter] 
[RadiativeUnitConverter] Lattice diffusion:                D^*=            5.55556
[RadiativeUnitConverter] Lattice absorption:               absorption=     0
[RadiativeUnitConverter] Lattice scattering:               scattering=     0.06
[RadiativeUnitConverter] Lattice sink:                     sink=           0
[RadiativeUnitConverter] C_R: 1
[RadiativeUnitConverter] r_F: 1.91388
[RadiativeUnitConverter] 
[RadiativeUnitConverter] -- Conversion factors:
[RadiativeUnitConverter] Voxel length(m):                  physDeltaX=     0.01
[RadiativeUnitConverter] Time step(s):                     physDeltaT=     1.25e-05
[RadiativeUnitConverter] Density factor(kg/m^3):           physDensity=    1
[RadiativeUnitConverter] -------------------------------------------------------------
[prepareGeometryCube] Prepare cubeGeometry ...
[SuperGeometry3D] cleaned 0 outer boundary voxel(s)
[SuperGeometry3D] cleaned 0 inner boundary voxel(s)
[SuperGeometry3D] the model is correct!
[CuboidGeometry3D] ---Cuboid Stucture Statistics---
[CuboidGeometry3D]  Number of Cuboids: 	2
[CuboidGeometry3D]  Delta  (min): 		0.01
[CuboidGeometry3D]         (max): 		0.01
[CuboidGeometry3D]  Ratio  (min): 		0.49505
[CuboidGeometry3D]         (max): 		2.02
[CuboidGeometry3D]  Nodes  (min): 		510050
[CuboidGeometry3D]         (max): 		520251
[CuboidGeometry3D]  Weight (min): 		510050
[CuboidGeometry3D]         (max): 		520251
[CuboidGeometry3D] --------------------------------
[SuperGeometryStatistics3D] materialNumber=1; count=970299; minPhysR=(0.01,-0.49,-0.49); maxPhysR=(0.99,0.49,0.49)
[SuperGeometryStatistics3D] materialNumber=2; count=59561; minPhysR=(0,-0.5,-0.5); maxPhysR=(1,0.5,0.5)
[SuperGeometryStatistics3D] materialNumber=3; count=441; minPhysR=(0,-0.1,-0.1); maxPhysR=(0,0.1,0.1)
[prepareGeometryCube] Prepare cubeGeometry ... OK
[prepareLattice] Prepare Lattice ...
[prepareLattice] Prepare Lattice ... OK
[main] iT convergence criteria: 640
[LatticeStatistics] step=0; t=0; uMax=0; avEnergy=0; avRho=1
[Timer] step=0; percent=0; passedTime=0; remTime=0.001; MLUPs=0
[Timer] step=0; percent=0; passedTime=0; remTime=0.001; MLUPs=0
[LatticeStatistics] step=200; t=0.0025; uMax=0; avEnergy=0; avRho=0.00263043
[Timer] step=200; percent=0.0208333; passedTime=10.458; remTime=50187.9; MLUPs=19.7036
[Timer] step=200; percent=0.0208333; passedTime=10.458; remTime=50187.9; MLUPs=19.7036
[LatticeStatistics] step=400; t=0.005; uMax=0; avEnergy=0; avRho=0.00363027
[Timer] step=400; percent=0.0416667; passedTime=21.105; remTime=50630.9; MLUPs=19.352
[Timer] step=400; percent=0.0416667; passedTime=21.105; remTime=50630.9; MLUPs=19.352
[LatticeStatistics] step=600; t=0.0075; uMax=0; avEnergy=0; avRho=0.00439741
[Timer] step=600; percent=0.0625; passedTime=32.26; remTime=51583.7; MLUPs=18.4741
[Timer] step=600; percent=0.0625; passedTime=32.26; remTime=51583.7; MLUPs=18.4741
[ValueTracer] average=0.00309898; stdDev/average=0.327662
[LatticeStatistics] step=800; t=0.01; uMax=0; avEnergy=0; avRho=0.00504298
[Timer] step=800; percent=0.0833333; passedTime=43.696; remTime=52391.5; MLUPs=18.0201
[Timer] step=800; percent=0.0833333; passedTime=43.696; remTime=52391.5; MLUPs=18.0201
[LatticeStatistics] step=1000; t=0.0125; uMax=0; avEnergy=0; avRho=0.00560865
[Timer] step=1000; percent=0.104167; passedTime=54.83; remTime=52582; MLUPs=18.5073
[Timer] step=1000; percent=0.104167; passedTime=54.83; remTime=52582; MLUPs=18.5073
[LatticeStatistics] step=1200; t=0.015; uMax=0; avEnergy=0; avRho=0.00611473
[Timer] step=1200; percent=0.125; passedTime=65.947; remTime=52691.7; MLUPs=18.5373
[Timer] step=1200; percent=0.125; passedTime=65.947; remTime=52691.7; MLUPs=18.5373
[ValueTracer] average=0.00547519; stdDev/average=0.0929105
[LatticeStatistics] step=1400; t=0.0175; uMax=0; avEnergy=0; avRho=0.00657276
[Timer] step=1400; percent=0.145833; passedTime=77.085; remTime=52781.2; MLUPs=18.5006
[Timer] step=1400; percent=0.145833; passedTime=77.085; remTime=52781.2; MLUPs=18.5006
[LatticeStatistics] step=1600; t=0.02; uMax=0; avEnergy=0; avRho=0.00699017
[Timer] step=1600; percent=0.166667; passedTime=88.161; remTime=52808.4; MLUPs=18.6059
[Timer] step=1600; percent=0.166667; passedTime=88.161; remTime=52808.4; MLUPs=18.6059
[LatticeStatistics] step=1800; t=0.0225; uMax=0; avEnergy=0; avRho=0.00737221
[Timer] step=1800; percent=0.1875; passedTime=99.22; remTime=52818.1; MLUPs=18.6328
[Timer] step=1800; percent=0.1875; passedTime=99.22; remTime=52818.1; MLUPs=18.6328
[ValueTracer] average=0.00697606; stdDev/average=0.0530504
[LatticeStatistics] step=2000; t=0.025; uMax=0; avEnergy=0; avRho=0.0077229
[Timer] step=2000; percent=0.208333; passedTime=110.245; remTime=52807.4; MLUPs=18.6903
[Timer] step=2000; percent=0.208333; passedTime=110.245; remTime=52807.4; MLUPs=18.6903
[LatticeStatistics] step=2200; t=0.0275; uMax=0; avEnergy=0; avRho=0.00804549
[Timer] step=2200; percent=0.229167; passedTime=121.346; remTime=52829.6; MLUPs=18.564
[Timer] step=2200; percent=0.229167; passedTime=121.346; remTime=52829.6; MLUPs=18.564
[LatticeStatistics] step=2400; t=0.03; uMax=0; avEnergy=0; avRho=0.00834272
[Timer] step=2400; percent=0.25; passedTime=132.476; remTime=52857.9; MLUPs=18.5139
[Timer] step=2400; percent=0.25; passedTime=132.476; remTime=52857.9; MLUPs=18.5139
[ValueTracer] average=0.00809703; stdDev/average=0.0348473
[LatticeStatistics] step=2600; t=0.0325; uMax=0; avEnergy=0; avRho=0.00861692
[Timer] step=2600; percent=0.270833; passedTime=143.519; remTime=52848.1; MLUPs=18.6615
[Timer] step=2600; percent=0.270833; passedTime=143.519; remTime=52848.1; MLUPs=18.6615
[LatticeStatistics] step=2800; t=0.035; uMax=0; avEnergy=0; avRho=0.00887016
[Timer] step=2800; percent=0.291667; passedTime=154.58; remTime=52844.3; MLUPs=18.6294
[Timer] step=2800; percent=0.291667; passedTime=154.58; remTime=52844.3; MLUPs=18.6294
[LatticeStatistics] step=3000; t=0.0375; uMax=0; avEnergy=0; avRho=0.00910425
[Timer] step=3000; percent=0.3125; passedTime=165.655; remTime=52843.9; MLUPs=18.6076
[Timer] step=3000; percent=0.3125; passedTime=165.655; remTime=52843.9; MLUPs=18.6076
[LatticeStatistics] step=3200; t=0.04; uMax=0; avEnergy=0; avRho=0.0093208
[Timer] step=3200; percent=0.333333; passedTime=176.685; remTime=52828.8; MLUPs=18.6835
[Timer] step=3200; percent=0.333333; passedTime=176.685; remTime=52828.8; MLUPs=18.6835
[ValueTracer] average=0.0089587; stdDev/average=0.0243903
[LatticeStatistics] step=3400; t=0.0425; uMax=0; avEnergy=0; avRho=0.00952124
[Timer] step=3400; percent=0.354167; passedTime=187.805; remTime=52839.5; MLUPs=18.5306
[Timer] step=3400; percent=0.354167; passedTime=187.805; remTime=52839.5; MLUPs=18.5306
[LatticeStatistics] step=3600; t=0.045; uMax=0; avEnergy=0; avRho=0.00970688
[Timer] step=3600; percent=0.375; passedTime=198.887; remTime=52837.6; MLUPs=18.5958
[Timer] step=3600; percent=0.375; passedTime=198.887; remTime=52837.6; MLUPs=18.5958
[LatticeStatistics] step=3800; t=0.0475; uMax=0; avEnergy=0; avRho=0.00987888
[Timer] step=3800; percent=0.395833; passedTime=209.945; remTime=52828.8; MLUPs=18.6362
[Timer] step=3800; percent=0.395833; passedTime=209.945; remTime=52828.8; MLUPs=18.6362
[ValueTracer] average=0.00962877; stdDev/average=0.0177172
[LatticeStatistics] step=4000; t=0.05; uMax=0; avEnergy=0; avRho=0.0100383
[Timer] step=4000; percent=0.416667; passedTime=221.018; remTime=52823.3; MLUPs=18.6092
[Timer] step=4000; percent=0.416667; passedTime=221.018; remTime=52823.3; MLUPs=18.6092
[LatticeStatistics] step=4200; t=0.0525; uMax=0; avEnergy=0; avRho=0.0101861
[Timer] step=4200; percent=0.4375; passedTime=232.075; remTime=52813.6; MLUPs=18.6362
[Timer] step=4200; percent=0.4375; passedTime=232.075; remTime=52813.6; MLUPs=18.6362
[LatticeStatistics] step=4400; t=0.055; uMax=0; avEnergy=0; avRho=0.0103233
[Timer] step=4400; percent=0.458333; passedTime=243.177; remTime=52813.6; MLUPs=18.5623
[Timer] step=4400; percent=0.458333; passedTime=243.177; remTime=52813.6; MLUPs=18.5623
[ValueTracer] average=0.0101532; stdDev/average=0.0131799
[LatticeStatistics] step=4600; t=0.0575; uMax=0; avEnergy=0; avRho=0.0104504
[Timer] step=4600; percent=0.479167; passedTime=254.238; remTime=52804.1; MLUPs=18.6294
[Timer] step=4600; percent=0.479167; passedTime=254.238; remTime=52804.1; MLUPs=18.6294
[LatticeStatistics] step=4800; t=0.06; uMax=0; avEnergy=0; avRho=0.0105684
[Timer] step=4800; percent=0.5; passedTime=265.322; remTime=52799.1; MLUPs=18.5925
[Timer] step=4800; percent=0.5; passedTime=265.322; remTime=52799.1; MLUPs=18.5925
[LatticeStatistics] step=5000; t=0.0625; uMax=0; avEnergy=0; avRho=0.010678
[Timer] step=5000; percent=0.520833; passedTime=276.376; remTime=52787.8; MLUPs=18.6429
[Timer] step=5000; percent=0.520833; passedTime=276.376; remTime=52787.8; MLUPs=18.6429
[ValueTracer] average=0.0105651; stdDev/average=0.00996217
[LatticeStatistics] step=5200; t=0.065; uMax=0; avEnergy=0; avRho=0.0107796
[Timer] step=5200; percent=0.541667; passedTime=287.435; remTime=52777.5; MLUPs=18.6328
[Timer] step=5200; percent=0.541667; passedTime=287.435; remTime=52777.5; MLUPs=18.6328
[LatticeStatistics] step=5400; t=0.0675; uMax=0; avEnergy=0; avRho=0.0108739
[Timer] step=5400; percent=0.5625; passedTime=298.532; remTime=52773.8; MLUPs=18.5707
[Timer] step=5400; percent=0.5625; passedTime=298.532; remTime=52773.8; MLUPs=18.5707
[LatticeStatistics] step=5600; t=0.07; uMax=0; avEnergy=0; avRho=0.0109615
[Timer] step=5600; percent=0.583333; passedTime=309.62; remTime=52768.1; MLUPs=18.5841
[Timer] step=5600; percent=0.583333; passedTime=309.62; remTime=52768.1; MLUPs=18.5841
[ValueTracer] average=0.0108893; stdDev/average=0.00761352
[LatticeStatistics] step=5800; t=0.0725; uMax=0; avEnergy=0; avRho=0.0110428
[Timer] step=5800; percent=0.604167; passedTime=320.729; remTime=52765.5; MLUPs=18.5506
[Timer] step=5800; percent=0.604167; passedTime=320.729; remTime=52765.5; MLUPs=18.5506
[LatticeStatistics] step=6000; t=0.075; uMax=0; avEnergy=0; avRho=0.0111183
[Timer] step=6000; percent=0.625; passedTime=331.798; remTime=52755.9; MLUPs=18.616
[Timer] step=6000; percent=0.625; passedTime=331.798; remTime=52755.9; MLUPs=18.616
[LatticeStatistics] step=6200; t=0.0775; uMax=0; avEnergy=0; avRho=0.0111883
[Timer] step=6200; percent=0.645833; passedTime=342.859; remTime=52745; MLUPs=18.6294
[Timer] step=6200; percent=0.645833; passedTime=342.859; remTime=52745; MLUPs=18.6294
[LatticeStatistics] step=6400; t=0.08; uMax=0; avEnergy=0; avRho=0.0112534
[Timer] step=6400; percent=0.666667; passedTime=353.957; remTime=52739.6; MLUPs=18.569
[Timer] step=6400; percent=0.666667; passedTime=353.957; remTime=52739.6; MLUPs=18.569
[ValueTracer] average=0.0111448; stdDev/average=0.0058644
[LatticeStatistics] step=6600; t=0.0825; uMax=0; avEnergy=0; avRho=0.0113138
[Timer] step=6600; percent=0.6875; passedTime=365.093; remTime=52739.3; MLUPs=18.5023
[Timer] step=6600; percent=0.6875; passedTime=365.093; remTime=52739.3; MLUPs=18.5023
[LatticeStatistics] step=6800; t=0.085; uMax=0; avEnergy=0; avRho=0.0113699
[Timer] step=6800; percent=0.708333; passedTime=376.163; remTime=52729.2; MLUPs=18.616
[Timer] step=6800; percent=0.708333; passedTime=376.163; remTime=52729.2; MLUPs=18.616
[LatticeStatistics] step=7000; t=0.0875; uMax=0; avEnergy=0; avRho=0.011422
[Timer] step=7000; percent=0.729167; passedTime=387.224; remTime=52717.8; MLUPs=18.6311
[Timer] step=7000; percent=0.729167; passedTime=387.224; remTime=52717.8; MLUPs=18.6311
[ValueTracer] average=0.0113463; stdDev/average=0.00454301
[LatticeStatistics] step=7200; t=0.09; uMax=0; avEnergy=0; avRho=0.0114703
[Timer] step=7200; percent=0.75; passedTime=398.367; remTime=52717.2; MLUPs=18.494
[Timer] step=7200; percent=0.75; passedTime=398.367; remTime=52717.2; MLUPs=18.494
[LatticeStatistics] step=7400; t=0.0925; uMax=0; avEnergy=0; avRho=0.0115152
[Timer] step=7400; percent=0.770833; passedTime=409.435; remTime=52706.5; MLUPs=18.6177
[Timer] step=7400; percent=0.770833; passedTime=409.435; remTime=52706.5; MLUPs=18.6177
[LatticeStatistics] step=7600; t=0.095; uMax=0; avEnergy=0; avRho=0.0115569
[Timer] step=7600; percent=0.791667; passedTime=420.575; remTime=52704.7; MLUPs=18.499
[Timer] step=7600; percent=0.791667; passedTime=420.575; remTime=52704.7; MLUPs=18.499
[ValueTracer] average=0.0115052; stdDev/average=0.00353431
[LatticeStatistics] step=7800; t=0.0975; uMax=0; avEnergy=0; avRho=0.0115957
[Timer] step=7800; percent=0.8125; passedTime=431.673; remTime=52697.3; MLUPs=18.569
[Timer] step=7800; percent=0.8125; passedTime=431.673; remTime=52697.3; MLUPs=18.569
[LatticeStatistics] step=8000; t=0.1; uMax=0; avEnergy=0; avRho=0.0116316
[Timer] step=8000; percent=0.833333; passedTime=442.766; remTime=52689.2; MLUPs=18.5757
[Timer] step=8000; percent=0.833333; passedTime=442.766; remTime=52689.2; MLUPs=18.5757
[LatticeStatistics] step=8200; t=0.1025; uMax=0; avEnergy=0; avRho=0.011665
[Timer] step=8200; percent=0.854167; passedTime=453.826; remTime=52677; MLUPs=18.6328
[Timer] step=8200; percent=0.854167; passedTime=453.826; remTime=52677; MLUPs=18.6328
[ValueTracer] average=0.0116306; stdDev/average=0.00275838
[LatticeStatistics] step=8400; t=0.105; uMax=0; avEnergy=0; avRho=0.011696
[Timer] step=8400; percent=0.875; passedTime=464.887; remTime=52665.1; MLUPs=18.6311
[Timer] step=8400; percent=0.875; passedTime=464.887; remTime=52665.1; MLUPs=18.6311
[LatticeStatistics] step=8600; t=0.1075; uMax=0; avEnergy=0; avRho=0.0117248
[Timer] step=8600; percent=0.895833; passedTime=476.069; remTime=52666.5; MLUPs=18.4262
[Timer] step=8600; percent=0.895833; passedTime=476.069; remTime=52666.5; MLUPs=18.4262
[LatticeStatistics] step=8800; t=0.11; uMax=0; avEnergy=0; avRho=0.0117516
[Timer] step=8800; percent=0.916667; passedTime=487.202; remTime=52662.1; MLUPs=18.509
[Timer] step=8800; percent=0.916667; passedTime=487.202; remTime=52662.1; MLUPs=18.509
[ValueTracer] average=0.0117295; stdDev/average=0.00215805
[LatticeStatistics] step=9000; t=0.1125; uMax=0; avEnergy=0; avRho=0.0117764
[Timer] step=9000; percent=0.9375; passedTime=498.271; remTime=52650.6; MLUPs=18.6177
[Timer] step=9000; percent=0.9375; passedTime=498.271; remTime=52650.6; MLUPs=18.6177
[LatticeStatistics] step=9200; t=0.115; uMax=0; avEnergy=0; avRho=0.0117994
[Timer] step=9200; percent=0.958333; passedTime=509.355; remTime=52640.7; MLUPs=18.5925
[Timer] step=9200; percent=0.958333; passedTime=509.355; remTime=52640.7; MLUPs=18.5925
[LatticeStatistics] step=9400; t=0.1175; uMax=0; avEnergy=0; avRho=0.0118209
[Timer] step=9400; percent=0.979167; passedTime=520.443; remTime=52631.2; MLUPs=18.5841
[Timer] step=9400; percent=0.979167; passedTime=520.443; remTime=52631.2; MLUPs=18.5841
[LatticeStatistics] step=9600; t=0.12; uMax=0; avEnergy=0; avRho=0.0118407
[Timer] step=9600; percent=1; passedTime=531.508; remTime=52619.3; MLUPs=18.6244
[Timer] step=9600; percent=1; passedTime=531.508; remTime=52619.3; MLUPs=18.6244
[ValueTracer] average=0.0118076; stdDev/average=0.00169154
[LatticeStatistics] step=9800; t=0.1225; uMax=0; avEnergy=0; avRho=0.0118592
[Timer] step=9800; percent=1.02083; passedTime=542.586; remTime=52608.7; MLUPs=18.6008
[Timer] step=9800; percent=1.02083; passedTime=542.586; remTime=52608.7; MLUPs=18.6008
[LatticeStatistics] step=10000; t=0.125; uMax=0; avEnergy=0; avRho=0.0118764
[Timer] step=10000; percent=1.04167; passedTime=553.715; remTime=52602.9; MLUPs=18.5173
[Timer] step=10000; percent=1.04167; passedTime=553.715; remTime=52602.9; MLUPs=18.5173
[LatticeStatistics] step=10200; t=0.1275; uMax=0; avEnergy=0; avRho=0.0118923
[Timer] step=10200; percent=1.0625; passedTime=564.793; remTime=52592.2; MLUPs=18.6025
[Timer] step=10200; percent=1.0625; passedTime=564.793; remTime=52592.2; MLUPs=18.6025
[ValueTracer] average=0.0118692; stdDev/average=0.00132779
[LatticeStatistics] step=10400; t=0.13; uMax=0; avEnergy=0; avRho=0.0119071
[Timer] step=10400; percent=1.08333; passedTime=575.879; remTime=52582.2; MLUPs=18.5874
[Timer] step=10400; percent=1.08333; passedTime=575.879; remTime=52582.2; MLUPs=18.5874
[LatticeStatistics] step=10600; t=0.1325; uMax=0; avEnergy=0; avRho=0.0119208
[Timer] step=10600; percent=1.10417; passedTime=586.948; remTime=52570.6; MLUPs=18.6177
[Timer] step=10600; percent=1.10417; passedTime=586.948; remTime=52570.6; MLUPs=18.6177
[LatticeStatistics] step=10800; t=0.135; uMax=0; avEnergy=0; avRho=0.0119336
[Timer] step=10800; percent=1.125; passedTime=598.013; remTime=52558.7; MLUPs=18.6227
[Timer] step=10800; percent=1.125; passedTime=598.013; remTime=52558.7; MLUPs=18.6227
[ValueTracer] average=0.0119177; stdDev/average=0.00104344
[LatticeStatistics] step=11000; t=0.1375; uMax=0; avEnergy=0; avRho=0.0119454
[Timer] step=11000; percent=1.14583; passedTime=609.149; remTime=52552.9; MLUPs=18.504
[Timer] step=11000; percent=1.14583; passedTime=609.149; remTime=52552.9; MLUPs=18.504
[LatticeStatistics] step=11200; t=0.14; uMax=0; avEnergy=0; avRho=0.0119564
[Timer] step=11200; percent=1.16667; passedTime=620.24; remTime=52543.2; MLUPs=18.5807
[Timer] step=11200; percent=1.16667; passedTime=620.24; remTime=52543.2; MLUPs=18.5807
[LatticeStatistics] step=11400; t=0.1425; uMax=0; avEnergy=0; avRho=0.0119666
[Timer] step=11400; percent=1.1875; passedTime=631.314; remTime=52532; MLUPs=18.6076
[Timer] step=11400; percent=1.1875; passedTime=631.314; remTime=52532; MLUPs=18.6076
[ValueTracer] average=0.0119561; stdDev/average=0.00082071
[LatticeStatistics] step=11600; t=0.145; uMax=0; avEnergy=0; avRho=0.0119761
[Timer] step=11600; percent=1.20833; passedTime=642.373; remTime=52519.5; MLUPs=18.6345
[Timer] step=11600; percent=1.20833; passedTime=642.373; remTime=52519.5; MLUPs=18.6345
[LatticeStatistics] step=11800; t=0.1475; uMax=0; avEnergy=0; avRho=0.0119849
[Timer] step=11800; percent=1.22917; passedTime=653.509; remTime=52513.3; MLUPs=18.504
[Timer] step=11800; percent=1.22917; passedTime=653.509; remTime=52513.3; MLUPs=18.504
[LatticeStatistics] step=12000; t=0.15; uMax=0; avEnergy=0; avRho=0.0119931
[Timer] step=12000; percent=1.25; passedTime=664.632; remTime=52505.9; MLUPs=18.5273
[Timer] step=12000; percent=1.25; passedTime=664.632; remTime=52505.9; MLUPs=18.5273
[ValueTracer] average=0.0119863; stdDev/average=0.000645964
[LatticeStatistics] step=12200; t=0.1525; uMax=0; avEnergy=0; avRho=0.0120007
[Timer] step=12200; percent=1.27083; passedTime=675.763; remTime=52499; MLUPs=18.5123
[Timer] step=12200; percent=1.27083; passedTime=675.763; remTime=52499; MLUPs=18.5123
[LatticeStatistics] step=12400; t=0.155; uMax=0; avEnergy=0; avRho=0.0120077
[Timer] step=12400; percent=1.29167; passedTime=686.919; remTime=52493.9; MLUPs=18.4725
[Timer] step=12400; percent=1.29167; passedTime=686.919; remTime=52493.9; MLUPs=18.4725
[LatticeStatistics] step=12600; t=0.1575; uMax=0; avEnergy=0; avRho=0.0120143
[Timer] step=12600; percent=1.3125; passedTime=697.973; remTime=52480.9; MLUPs=18.6412
[Timer] step=12600; percent=1.3125; passedTime=697.973; remTime=52480.9; MLUPs=18.6412
[LatticeStatistics] step=12800; t=0.16; uMax=0; avEnergy=0; avRho=0.0120204
[Timer] step=12800; percent=1.33333; passedTime=709.036; remTime=52468.7; MLUPs=18.6261
[Timer] step=12800; percent=1.33333; passedTime=709.036; remTime=52468.7; MLUPs=18.6261
[ValueTracer] average=0.0120102; stdDev/average=0.0005087
[LatticeStatistics] step=13000; t=0.1625; uMax=0; avEnergy=0; avRho=0.012026
[Timer] step=13000; percent=1.35417; passedTime=720.109; remTime=52457.2; MLUPs=18.6092
[Timer] step=13000; percent=1.35417; passedTime=720.109; remTime=52457.2; MLUPs=18.6092
[LatticeStatistics] step=13200; t=0.165; uMax=0; avEnergy=0; avRho=0.0120313
[Timer] step=13200; percent=1.375; passedTime=731.236; remTime=52449.6; MLUPs=18.5206
[Timer] step=13200; percent=1.375; passedTime=731.236; remTime=52449.6; MLUPs=18.5206
[LatticeStatistics] step=13400; t=0.1675; uMax=0; avEnergy=0; avRho=0.0120361
[Timer] step=13400; percent=1.39583; passedTime=742.318; remTime=52438.7; MLUPs=18.5941
[Timer] step=13400; percent=1.39583; passedTime=742.318; remTime=52438.7; MLUPs=18.5941
[ValueTracer] average=0.0120291; stdDev/average=0.000400773
[LatticeStatistics] step=13600; t=0.17; uMax=0; avEnergy=0; avRho=0.0120407
[Timer] step=13600; percent=1.41667; passedTime=753.398; remTime=52427.6; MLUPs=18.5992
[Timer] step=13600; percent=1.41667; passedTime=753.398; remTime=52427.6; MLUPs=18.5992
[LatticeStatistics] step=13800; t=0.1725; uMax=0; avEnergy=0; avRho=0.0120449
[Timer] step=13800; percent=1.4375; passedTime=764.473; remTime=52416.3; MLUPs=18.6059
[Timer] step=13800; percent=1.4375; passedTime=764.473; remTime=52416.3; MLUPs=18.6059
[LatticeStatistics] step=14000; t=0.175; uMax=0; avEnergy=0; avRho=0.0120488
[Timer] step=14000; percent=1.45833; passedTime=775.559; remTime=52405.6; MLUPs=18.5874
[Timer] step=14000; percent=1.45833; passedTime=775.559; remTime=52405.6; MLUPs=18.5874
[ValueTracer] average=0.0120439; stdDev/average=0.000315849
[LatticeStatistics] step=14200; t=0.1775; uMax=0; avEnergy=0; avRho=0.0120524
[Timer] step=14200; percent=1.47917; passedTime=786.649; remTime=52395.3; MLUPs=18.5824
[Timer] step=14200; percent=1.47917; passedTime=786.649; remTime=52395.3; MLUPs=18.5824
[LatticeStatistics] step=14400; t=0.18; uMax=0; avEnergy=0; avRho=0.0120557
[Timer] step=14400; percent=1.5; passedTime=797.753; remTime=52385.8; MLUPs=18.5573
[Timer] step=14400; percent=1.5; passedTime=797.753; remTime=52385.8; MLUPs=18.5573
[LatticeStatistics] step=14600; t=0.1825; uMax=0; avEnergy=0; avRho=0.0120589
[Timer] step=14600; percent=1.52083; passedTime=808.834; remTime=52374.8; MLUPs=18.5975
[Timer] step=14600; percent=1.52083; passedTime=808.834; remTime=52374.8; MLUPs=18.5975
[ValueTracer] average=0.0120557; stdDev/average=0.000248986
[LatticeStatistics] step=14800; t=0.185; uMax=0; avEnergy=0; avRho=0.0120618
[Timer] step=14800; percent=1.54167; passedTime=819.923; remTime=52364.3; MLUPs=18.5824
[Timer] step=14800; percent=1.54167; passedTime=819.923; remTime=52364.3; MLUPs=18.5824
[LatticeStatistics] step=15000; t=0.1875; uMax=0; avEnergy=0; avRho=0.0120645
[Timer] step=15000; percent=1.5625; passedTime=830.993; remTime=52352.6; MLUPs=18.6143
[Timer] step=15000; percent=1.5625; passedTime=830.993; remTime=52352.6; MLUPs=18.6143
[LatticeStatistics] step=15200; t=0.19; uMax=0; avEnergy=0; avRho=0.012067
[Timer] step=15200; percent=1.58333; passedTime=842.091; remTime=52342.6; MLUPs=18.5657
[Timer] step=15200; percent=1.58333; passedTime=842.091; remTime=52342.6; MLUPs=18.5657
[ValueTracer] average=0.0120649; stdDev/average=0.000196318
[LatticeStatistics] step=15400; t=0.1925; uMax=0; avEnergy=0; avRho=0.0120693
[Timer] step=15400; percent=1.60417; passedTime=853.236; remTime=52335.5; MLUPs=18.489
[Timer] step=15400; percent=1.60417; passedTime=853.236; remTime=52335.5; MLUPs=18.489
[LatticeStatistics] step=15600; t=0.195; uMax=0; avEnergy=0; avRho=0.0120715
[Timer] step=15600; percent=1.625; passedTime=864.365; remTime=52327.3; MLUPs=18.5173
[Timer] step=15600; percent=1.625; passedTime=864.365; remTime=52327.3; MLUPs=18.5173
[LatticeStatistics] step=15800; t=0.1975; uMax=0; avEnergy=0; avRho=0.0120735
[Timer] step=15800; percent=1.64583; passedTime=875.47; remTime=52317.6; MLUPs=18.5556
[Timer] step=15800; percent=1.64583; passedTime=875.47; remTime=52317.6; MLUPs=18.5556
[LatticeStatistics] step=16000; t=0.2; uMax=0; avEnergy=0; avRho=0.0120753
[Timer] step=16000; percent=1.66667; passedTime=886.559; remTime=52307; MLUPs=18.5841
[Timer] step=16000; percent=1.66667; passedTime=886.559; remTime=52307; MLUPs=18.5841
[ValueTracer] average=0.0120722; stdDev/average=0.000154815
[LatticeStatistics] step=16200; t=0.2025; uMax=0; avEnergy=0; avRho=0.012077
[Timer] step=16200; percent=1.6875; passedTime=897.62; remTime=52294.7; MLUPs=18.6311
[Timer] step=16200; percent=1.6875; passedTime=897.62; remTime=52294.7; MLUPs=18.6311
[LatticeStatistics] step=16400; t=0.205; uMax=0; avEnergy=0; avRho=0.0120786
[Timer] step=16400; percent=1.70833; passedTime=908.703; remTime=52283.7; MLUPs=18.5941
[Timer] step=16400; percent=1.70833; passedTime=908.703; remTime=52283.7; MLUPs=18.5941
[LatticeStatistics] step=16600; t=0.2075; uMax=0; avEnergy=0; avRho=0.0120801
[Timer] step=16600; percent=1.72917; passedTime=919.828; remTime=52275; MLUPs=18.5223
[Timer] step=16600; percent=1.72917; passedTime=919.828; remTime=52275; MLUPs=18.5223
[ValueTracer] average=0.012078; stdDev/average=0.000122103
[LatticeStatistics] step=16800; t=0.21; uMax=0; avEnergy=0; avRho=0.0120815
[Timer] step=16800; percent=1.75; passedTime=930.901; remTime=52263.4; MLUPs=18.6092
[Timer] step=16800; percent=1.75; passedTime=930.901; remTime=52263.4; MLUPs=18.6092
[LatticeStatistics] step=17000; t=0.2125; uMax=0; avEnergy=0; avRho=0.0120828
[Timer] step=17000; percent=1.77083; passedTime=941.978; remTime=52252.1; MLUPs=18.6042
[Timer] step=17000; percent=1.77083; passedTime=941.978; remTime=52252.1; MLUPs=18.6042
[LatticeStatistics] step=17200; t=0.215; uMax=0; avEnergy=0; avRho=0.012084
[Timer] step=17200; percent=1.79167; passedTime=953.038; remTime=52239.8; MLUPs=18.6294
[Timer] step=17200; percent=1.79167; passedTime=953.038; remTime=52239.8; MLUPs=18.6294
[ValueTracer] average=0.0120825; stdDev/average=9.63117e-05
[LatticeStatistics] step=17400; t=0.2175; uMax=0; avEnergy=0; avRho=0.0120851
[Timer] step=17400; percent=1.8125; passedTime=964.119; remTime=52228.7; MLUPs=18.5975
[Timer] step=17400; percent=1.8125; passedTime=964.119; remTime=52228.7; MLUPs=18.5975
[LatticeStatistics] step=17600; t=0.22; uMax=0; avEnergy=0; avRho=0.0120861
[Timer] step=17600; percent=1.83333; passedTime=975.515; remTime=52234.4; MLUPs=18.0834
[Timer] step=17600; percent=1.83333; passedTime=975.515; remTime=52234.4; MLUPs=18.0834
[LatticeStatistics] step=17800; t=0.2225; uMax=0; avEnergy=0; avRho=0.0120871
[Timer] step=17800; percent=1.85417; passedTime=986.613; remTime=52224; MLUPs=18.5673
[Timer] step=17800; percent=1.85417; passedTime=986.613; remTime=52224; MLUPs=18.5673
[ValueTracer] average=0.0120861; stdDev/average=7.59745e-05
[LatticeStatistics] step=18000; t=0.225; uMax=0; avEnergy=0; avRho=0.012088
[Timer] step=18000; percent=1.875; passedTime=997.668; remTime=52211.3; MLUPs=18.6412
[Timer] step=18000; percent=1.875; passedTime=997.668; remTime=52211.3; MLUPs=18.6412
[LatticeStatistics] step=18200; t=0.2275; uMax=0; avEnergy=0; avRho=0.0120888
[Timer] step=18200; percent=1.89583; passedTime=1008.85; remTime=52205.2; MLUPs=18.4295
[Timer] step=18200; percent=1.89583; passedTime=1008.85; remTime=52205.2; MLUPs=18.4295
[LatticeStatistics] step=18400; t=0.23; uMax=0; avEnergy=0; avRho=0.0120896
[Timer] step=18400; percent=1.91667; passedTime=1019.9; remTime=52192.5; MLUPs=18.6379
[Timer] step=18400; percent=1.91667; passedTime=1019.9; remTime=52192.5; MLUPs=18.6379
[ValueTracer] average=0.0120889; stdDev/average=5.99355e-05
[LatticeStatistics] step=18600; t=0.2325; uMax=0; avEnergy=0; avRho=0.0120903
[Timer] step=18600; percent=1.9375; passedTime=1031.12; remTime=52188.2; MLUPs=18.3638
[Timer] step=18600; percent=1.9375; passedTime=1031.12; remTime=52188.2; MLUPs=18.3638
[LatticeStatistics] step=18800; t=0.235; uMax=0; avEnergy=0; avRho=0.0120909
[Timer] step=18800; percent=1.95833; passedTime=1042.27; remTime=52180.1; MLUPs=18.4874
[Timer] step=18800; percent=1.95833; passedTime=1042.27; remTime=52180.1; MLUPs=18.4874
[LatticeStatistics] step=19000; t=0.2375; uMax=0; avEnergy=0; avRho=0.0120916
[Timer] step=19000; percent=1.97917; passedTime=1053.32; remTime=52167.2; MLUPs=18.648
[Timer] step=19000; percent=1.97917; passedTime=1053.32; remTime=52167.2; MLUPs=18.648
[LatticeStatistics] step=19200; t=0.24; uMax=0; avEnergy=0; avRho=0.0120921
[Timer] step=19200; percent=2; passedTime=1064.4; remTime=52155.5; MLUPs=18.6042
[Timer] step=19200; percent=2; passedTime=1064.4; remTime=52155.5; MLUPs=18.6042
[ValueTracer] average=0.0120912; stdDev/average=4.72848e-05
[LatticeStatistics] step=19400; t=0.2425; uMax=0; avEnergy=0; avRho=0.0120927
[Timer] step=19400; percent=2.02083; passedTime=1075.48; remTime=52144.1; MLUPs=18.5992
[Timer] step=19400; percent=2.02083; passedTime=1075.48; remTime=52144.1; MLUPs=18.5992
[LatticeStatistics] step=19600; t=0.245; uMax=0; avEnergy=0; avRho=0.0120931
[Timer] step=19600; percent=2.04167; passedTime=1086.59; remTime=52134.2; MLUPs=18.5423
[Timer] step=19600; percent=2.04167; passedTime=1086.59; remTime=52134.2; MLUPs=18.5423
[LatticeStatistics] step=19800; t=0.2475; uMax=0; avEnergy=0; avRho=0.0120936
[Timer] step=19800; percent=2.0625; passedTime=1097.71; remTime=52124.4; MLUPs=18.5406
[Timer] step=19800; percent=2.0625; passedTime=1097.71; remTime=52124.4; MLUPs=18.5406
[ValueTracer] average=0.0120929; stdDev/average=3.73058e-05
[LatticeStatistics] step=20000; t=0.25; uMax=0; avEnergy=0; avRho=0.012094
[Timer] step=20000; percent=2.08333; passedTime=1108.82; remTime=52114.4; MLUPs=18.5489
[Timer] step=20000; percent=2.08333; passedTime=1108.82; remTime=52114.4; MLUPs=18.5489
[LatticeStatistics] step=20200; t=0.2525; uMax=0; avEnergy=0; avRho=0.0120944
[Timer] step=20200; percent=2.10417; passedTime=1119.9; remTime=52103.3; MLUPs=18.5841
[Timer] step=20200; percent=2.10417; passedTime=1119.9; remTime=52103.3; MLUPs=18.5841
[LatticeStatistics] step=20400; t=0.255; uMax=0; avEnergy=0; avRho=0.0120948
[Timer] step=20400; percent=2.125; passedTime=1131.01; remTime=52093.2; MLUPs=18.5456
[Timer] step=20400; percent=2.125; passedTime=1131.01; remTime=52093.2; MLUPs=18.5456
[ValueTracer] average=0.0120943; stdDev/average=2.94337e-05
[LatticeStatistics] step=20600; t=0.2575; uMax=0; avEnergy=0; avRho=0.0120951
[Timer] step=20600; percent=2.14583; passedTime=1142.12; remTime=52083; MLUPs=18.5523
[Timer] step=20600; percent=2.14583; passedTime=1142.12; remTime=52083; MLUPs=18.5523
[LatticeStatistics] step=20800; t=0.26; uMax=0; avEnergy=0; avRho=0.0120954
[Timer] step=20800; percent=2.16667; passedTime=1153.25; remTime=52073.7; MLUPs=18.5173
[Timer] step=20800; percent=2.16667; passedTime=1153.25; remTime=52073.7; MLUPs=18.5173
[LatticeStatistics] step=21000; t=0.2625; uMax=0; avEnergy=0; avRho=0.0120957
[Timer] step=21000; percent=2.1875; passedTime=1164.35; remTime=52063.2; MLUPs=18.5623
[Timer] step=21000; percent=2.1875; passedTime=1164.35; remTime=52063.2; MLUPs=18.5623
[ValueTracer] average=0.0120954; stdDev/average=2.32232e-05
[LatticeStatistics] step=21200; t=0.265; uMax=0; avEnergy=0; avRho=0.012096
[Timer] step=21200; percent=2.20833; passedTime=1175.44; remTime=52052.1; MLUPs=18.5824
[Timer] step=21200; percent=2.20833; passedTime=1175.44; remTime=52052.1; MLUPs=18.5824
[LatticeStatistics] step=21400; t=0.2675; uMax=0; avEnergy=0; avRho=0.0120963
[Timer] step=21400; percent=2.22917; passedTime=1186.54; remTime=52041.5; MLUPs=18.5623
[Timer] step=21400; percent=2.22917; passedTime=1186.54; remTime=52041.5; MLUPs=18.5623
[LatticeStatistics] step=21600; t=0.27; uMax=0; avEnergy=0; avRho=0.0120965
[Timer] step=21600; percent=2.25; passedTime=1197.63; remTime=52030.3; MLUPs=18.5874
[Timer] step=21600; percent=2.25; passedTime=1197.63; remTime=52030.3; MLUPs=18.5874
[ValueTracer] average=0.0120963; stdDev/average=1.83235e-05
[LatticeStatistics] step=21800; t=0.2725; uMax=0; avEnergy=0; avRho=0.0120967
[Timer] step=21800; percent=2.27083; passedTime=1208.74; remTime=52020; MLUPs=18.5523
[Timer] step=21800; percent=2.27083; passedTime=1208.74; remTime=52020; MLUPs=18.5523
[LatticeStatistics] step=22000; t=0.275; uMax=0; avEnergy=0; avRho=0.0120969
[Timer] step=22000; percent=2.29167; passedTime=1219.88; remTime=52011.2; MLUPs=18.4923
[Timer] step=22000; percent=2.29167; passedTime=1219.88; remTime=52011.2; MLUPs=18.4923
[LatticeStatistics] step=22200; t=0.2775; uMax=0; avEnergy=0; avRho=0.0120971
[Timer] step=22200; percent=2.3125; passedTime=1230.98; remTime=52000.4; MLUPs=18.5707
[Timer] step=22200; percent=2.3125; passedTime=1230.98; remTime=52000.4; MLUPs=18.5707
[LatticeStatistics] step=22400; t=0.28; uMax=0; avEnergy=0; avRho=0.0120973
[Timer] step=22400; percent=2.33333; passedTime=1242.07; remTime=51989.4; MLUPs=18.579
[Timer] step=22400; percent=2.33333; passedTime=1242.07; remTime=51989.4; MLUPs=18.579
[ValueTracer] average=0.012097; stdDev/average=1.44578e-05
[LatticeStatistics] step=22600; t=0.2825; uMax=0; avEnergy=0; avRho=0.0120974
[Timer] step=22600; percent=2.35417; passedTime=1253.16; remTime=51978.5; MLUPs=18.574
[Timer] step=22600; percent=2.35417; passedTime=1253.16; remTime=51978.5; MLUPs=18.574
[LatticeStatistics] step=22800; t=0.285; uMax=0; avEnergy=0; avRho=0.0120976
[Timer] step=22800; percent=2.375; passedTime=1264.38; remTime=51972.8; MLUPs=18.3622
[Timer] step=22800; percent=2.375; passedTime=1264.38; remTime=51972.8; MLUPs=18.3622
[LatticeStatistics] step=23000; t=0.2875; uMax=0; avEnergy=0; avRho=0.0120977
[Timer] step=23000; percent=2.39583; passedTime=1275.53; remTime=51964; MLUPs=18.4857
[Timer] step=23000; percent=2.39583; passedTime=1275.53; remTime=51964; MLUPs=18.4857
[ValueTracer] average=0.0120975; stdDev/average=1.14078e-05
[LatticeStatistics] step=23200; t=0.29; uMax=0; avEnergy=0; avRho=0.0120978
[Timer] step=23200; percent=2.41667; passedTime=1286.66; remTime=51954.6; MLUPs=18.5106
[Timer] step=23200; percent=2.41667; passedTime=1286.66; remTime=51954.6; MLUPs=18.5106
[LatticeStatistics] step=23400; t=0.2925; uMax=0; avEnergy=0; avRho=0.012098
[Timer] step=23400; percent=2.4375; passedTime=1297.8; remTime=51945.3; MLUPs=18.504
[Timer] step=23400; percent=2.4375; passedTime=1297.8; remTime=51945.3; MLUPs=18.504
[LatticeStatistics] step=23600; t=0.295; uMax=0; avEnergy=0; avRho=0.0120981
[Timer] step=23600; percent=2.45833; passedTime=1308.87; remTime=51933.1; MLUPs=18.6227
[Timer] step=23600; percent=2.45833; passedTime=1308.87; remTime=51933.1; MLUPs=18.6227
[ValueTracer] average=0.0120979; stdDev/average=9.00127e-06
[LatticeStatistics] step=23800; t=0.2975; uMax=0; avEnergy=0; avRho=0.0120982
[Timer] step=23800; percent=2.47917; passedTime=1319.94; remTime=51921.2; MLUPs=18.6143
[Timer] step=23800; percent=2.47917; passedTime=1319.94; remTime=51921.2; MLUPs=18.6143
[LatticeStatistics] step=24000; t=0.3; uMax=0; avEnergy=0; avRho=0.0120983
[Timer] step=24000; percent=2.5; passedTime=1331.02; remTime=51909.9; MLUPs=18.5841
[Timer] step=24000; percent=2.5; passedTime=1331.02; remTime=51909.9; MLUPs=18.5841
[LatticeStatistics] step=24200; t=0.3025; uMax=0; avEnergy=0; avRho=0.0120984
[Timer] step=24200; percent=2.52083; passedTime=1342.14; remTime=51899.9; MLUPs=18.5339
[Timer] step=24200; percent=2.52083; passedTime=1342.14; remTime=51899.9; MLUPs=18.5339
[ValueTracer] average=0.0120983; stdDev/average=7.10248e-06
[LatticeStatistics] step=24400; t=0.305; uMax=0; avEnergy=0; avRho=0.0120985
[Timer] step=24400; percent=2.54167; passedTime=1353.24; remTime=51889; MLUPs=18.569
[Timer] step=24400; percent=2.54167; passedTime=1353.24; remTime=51889; MLUPs=18.569
[LatticeStatistics] step=24600; t=0.3075; uMax=0; avEnergy=0; avRho=0.0120985
[Timer] step=24600; percent=2.5625; passedTime=1364.31; remTime=51877.1; MLUPs=18.6126
[Timer] step=24600; percent=2.5625; passedTime=1364.31; remTime=51877.1; MLUPs=18.6126
[LatticeStatistics] step=24800; t=0.31; uMax=0; avEnergy=0; avRho=0.0120986
[Timer] step=24800; percent=2.58333; passedTime=1375.37; remTime=51864.7; MLUPs=18.6379
[Timer] step=24800; percent=2.58333; passedTime=1375.37; remTime=51864.7; MLUPs=18.6379
[ValueTracer] average=0.0120985; stdDev/average=5.60426e-06
[LatticeStatistics] step=25000; t=0.3125; uMax=0; avEnergy=0; avRho=0.0120987
[Timer] step=25000; percent=2.60417; passedTime=1386.43; remTime=51852.7; MLUPs=18.621
[Timer] step=25000; percent=2.60417; passedTime=1386.43; remTime=51852.7; MLUPs=18.621
[LatticeStatistics] step=25200; t=0.315; uMax=0; avEnergy=0; avRho=0.0120987
[Timer] step=25200; percent=2.625; passedTime=1397.54; remTime=51841.9; MLUPs=18.5623
[Timer] step=25200; percent=2.625; passedTime=1397.54; remTime=51841.9; MLUPs=18.5623
[LatticeStatistics] step=25400; t=0.3175; uMax=0; avEnergy=0; avRho=0.0120988
[Timer] step=25400; percent=2.64583; passedTime=1408.64; remTime=51831.4; MLUPs=18.5523
[Timer] step=25400; percent=2.64583; passedTime=1408.64; remTime=51831.4; MLUPs=18.5523
[LatticeStatistics] step=25600; t=0.32; uMax=0; avEnergy=0; avRho=0.0120988
[Timer] step=25600; percent=2.66667; passedTime=1420.03; remTime=51831; MLUPs=18.1009
[Timer] step=25600; percent=2.66667; passedTime=1420.03; remTime=51831; MLUPs=18.1009
[ValueTracer] average=0.0120988; stdDev/average=4.4221e-06
[LatticeStatistics] step=25800; t=0.3225; uMax=0; avEnergy=0; avRho=0.0120989
[Timer] step=25800; percent=2.6875; passedTime=1431.11; remTime=51819.5; MLUPs=18.5941
[Timer] step=25800; percent=2.6875; passedTime=1431.11; remTime=51819.5; MLUPs=18.5941
[LatticeStatistics] step=26000; t=0.325; uMax=0; avEnergy=0; avRho=0.0120989
[Timer] step=26000; percent=2.70833; passedTime=1442.21; remTime=51808.8; MLUPs=18.5556
[Timer] step=26000; percent=2.70833; passedTime=1442.21; remTime=51808.8; MLUPs=18.5556
[LatticeStatistics] step=26200; t=0.3275; uMax=0; avEnergy=0; avRho=0.012099
[Timer] step=26200; percent=2.72917; passedTime=1453.28; remTime=51796.6; MLUPs=18.6261
[Timer] step=26200; percent=2.72917; passedTime=1453.28; remTime=51796.6; MLUPs=18.6261
[ValueTracer] average=0.0120989; stdDev/average=3.48932e-06
[LatticeStatistics] step=26400; t=0.33; uMax=0; avEnergy=0; avRho=0.012099
[Timer] step=26400; percent=2.75; passedTime=1464.41; remTime=51787; MLUPs=18.504
[Timer] step=26400; percent=2.75; passedTime=1464.41; remTime=51787; MLUPs=18.504
[LatticeStatistics] step=26600; t=0.3325; uMax=0; avEnergy=0; avRho=0.0120991
[Timer] step=26600; percent=2.77083; passedTime=1475.49; remTime=51775.5; MLUPs=18.5992
[Timer] step=26600; percent=2.77083; passedTime=1475.49; remTime=51775.5; MLUPs=18.5992
[LatticeStatistics] step=26800; t=0.335; uMax=0; avEnergy=0; avRho=0.0120991
[Timer] step=26800; percent=2.79167; passedTime=1486.59; remTime=51764.5; MLUPs=18.569
[Timer] step=26800; percent=2.79167; passedTime=1486.59; remTime=51764.5; MLUPs=18.569
[ValueTracer] average=0.012099; stdDev/average=2.7533e-06
[LatticeStatistics] step=27000; t=0.3375; uMax=0; avEnergy=0; avRho=0.0120991
[Timer] step=27000; percent=2.8125; passedTime=1497.65; remTime=51752; MLUPs=18.6395
[Timer] step=27000; percent=2.8125; passedTime=1497.65; remTime=51752; MLUPs=18.6395
[LatticeStatistics] step=27200; t=0.34; uMax=0; avEnergy=0; avRho=0.0120992
[Timer] step=27200; percent=2.83333; passedTime=1508.72; remTime=51740.4; MLUPs=18.6042
[Timer] step=27200; percent=2.83333; passedTime=1508.72; remTime=51740.4; MLUPs=18.6042
[LatticeStatistics] step=27400; t=0.3425; uMax=0; avEnergy=0; avRho=0.0120992
[Timer] step=27400; percent=2.85417; passedTime=1519.82; remTime=51729.2; MLUPs=18.5774
[Timer] step=27400; percent=2.85417; passedTime=1519.82; remTime=51729.2; MLUPs=18.5774
[ValueTracer] average=0.0120992; stdDev/average=2.17254e-06
[LatticeStatistics] step=27600; t=0.345; uMax=0; avEnergy=0; avRho=0.0120992
[Timer] step=27600; percent=2.875; passedTime=1531.06; remTime=51723.2; MLUPs=18.3262
[Timer] step=27600; percent=2.875; passedTime=1531.06; remTime=51723.2; MLUPs=18.3262
[LatticeStatistics] step=27800; t=0.3475; uMax=0; avEnergy=0; avRho=0.0120992
[Timer] step=27800; percent=2.89583; passedTime=1542.13; remTime=51711.2; MLUPs=18.6193
[Timer] step=27800; percent=2.89583; passedTime=1542.13; remTime=51711.2; MLUPs=18.6193
[LatticeStatistics] step=28000; t=0.35; uMax=0; avEnergy=0; avRho=0.0120992
[Timer] step=28000; percent=2.91667; passedTime=1553.2; remTime=51699.4; MLUPs=18.6109
[Timer] step=28000; percent=2.91667; passedTime=1553.2; remTime=51699.4; MLUPs=18.6109
[ValueTracer] average=0.0120992; stdDev/average=1.71428e-06
[LatticeStatistics] step=28200; t=0.3525; uMax=0; avEnergy=0; avRho=0.0120993
[Timer] step=28200; percent=2.9375; passedTime=1564.27; remTime=51687.6; MLUPs=18.6109
[Timer] step=28200; percent=2.9375; passedTime=1564.27; remTime=51687.6; MLUPs=18.6109
[LatticeStatistics] step=28400; t=0.355; uMax=0; avEnergy=0; avRho=0.0120993
[Timer] step=28400; percent=2.95833; passedTime=1575.34; remTime=51675.5; MLUPs=18.6261
[Timer] step=28400; percent=2.95833; passedTime=1575.34; remTime=51675.5; MLUPs=18.6261
[LatticeStatistics] step=28600; t=0.3575; uMax=0; avEnergy=0; avRho=0.0120993
[Timer] step=28600; percent=2.97917; passedTime=1586.49; remTime=51666.3; MLUPs=18.4758
[Timer] step=28600; percent=2.97917; passedTime=1586.49; remTime=51666.3; MLUPs=18.4758
[LatticeStatistics] step=28800; t=0.36; uMax=0; avEnergy=0; avRho=0.0120993
[Timer] step=28800; percent=3; passedTime=1597.56; remTime=51654.5; MLUPs=18.6143
[Timer] step=28800; percent=3; passedTime=1597.56; remTime=51654.5; MLUPs=18.6143
[ValueTracer] average=0.0120993; stdDev/average=1.35269e-06
[LatticeStatistics] step=29000; t=0.3625; uMax=0; avEnergy=0; avRho=0.0120993
[Timer] step=29000; percent=3.02083; passedTime=1608.66; remTime=51643.7; MLUPs=18.5573
[Timer] step=29000; percent=3.02083; passedTime=1608.66; remTime=51643.7; MLUPs=18.5573
[LatticeStatistics] step=29200; t=0.365; uMax=0; avEnergy=0; avRho=0.0120994
[Timer] step=29200; percent=3.04167; passedTime=1619.73; remTime=51631.7; MLUPs=18.621
[Timer] step=29200; percent=3.04167; passedTime=1619.73; remTime=51631.7; MLUPs=18.621
[LatticeStatistics] step=29400; t=0.3675; uMax=0; avEnergy=0; avRho=0.0120994
[Timer] step=29400; percent=3.0625; passedTime=1630.83; remTime=51620.7; MLUPs=18.5723
[Timer] step=29400; percent=3.0625; passedTime=1630.83; remTime=51620.7; MLUPs=18.5723
[ValueTracer] average=0.0120993; stdDev/average=1.06737e-06
[LatticeStatistics] step=29600; t=0.37; uMax=0; avEnergy=0; avRho=0.0120994
[Timer] step=29600; percent=3.08333; passedTime=1641.93; remTime=51609.8; MLUPs=18.564
[Timer] step=29600; percent=3.08333; passedTime=1641.93; remTime=51609.8; MLUPs=18.564
[LatticeStatistics] step=29800; t=0.3725; uMax=0; avEnergy=0; avRho=0.0120994
[Timer] step=29800; percent=3.10417; passedTime=1653.03; remTime=51598.8; MLUPs=18.5673
[Timer] step=29800; percent=3.10417; passedTime=1653.03; remTime=51598.8; MLUPs=18.5673
[LatticeStatistics] step=30000; t=0.375; uMax=0; avEnergy=0; avRho=0.0120994
[Timer] step=30000; percent=3.125; passedTime=1664.18; remTime=51589.5; MLUPs=18.4807
[Timer] step=30000; percent=3.125; passedTime=1664.18; remTime=51589.5; MLUPs=18.4807
[ValueTracer] average=0.0120994; stdDev/average=8.4223e-07
[LatticeStatistics] step=30200; t=0.3775; uMax=0; avEnergy=0; avRho=0.0120994
[Timer] step=30200; percent=3.14583; passedTime=1675.25; remTime=51577.8; MLUPs=18.6042
[Timer] step=30200; percent=3.14583; passedTime=1675.25; remTime=51577.8; MLUPs=18.6042
[LatticeStatistics] step=30400; t=0.38; uMax=0; avEnergy=0; avRho=0.0120994
[Timer] step=30400; percent=3.16667; passedTime=1686.33; remTime=51566.2; MLUPs=18.6025
[Timer] step=30400; percent=3.16667; passedTime=1686.33; remTime=51566.2; MLUPs=18.6025
[LatticeStatistics] step=30600; t=0.3825; uMax=0; avEnergy=0; avRho=0.0120994
[Timer] step=30600; percent=3.1875; passedTime=1697.42; remTime=51554.9; MLUPs=18.5824
[Timer] step=30600; percent=3.1875; passedTime=1697.42; remTime=51554.9; MLUPs=18.5824
[ValueTracer] average=0.0120994; stdDev/average=6.64581e-07
[LatticeStatistics] step=30800; t=0.385; uMax=0; avEnergy=0; avRho=0.0120994
[Timer] step=30800; percent=3.20833; passedTime=1708.53; remTime=51544.3; MLUPs=18.5506
[Timer] step=30800; percent=3.20833; passedTime=1708.53; remTime=51544.3; MLUPs=18.5506
[LatticeStatistics] step=31000; t=0.3875; uMax=0; avEnergy=0; avRho=0.0120994
[Timer] step=31000; percent=3.22917; passedTime=1719.6; remTime=51532.6; MLUPs=18.6076
[Timer] step=31000; percent=3.22917; passedTime=1719.6; remTime=51532.6; MLUPs=18.6076
[LatticeStatistics] step=31200; t=0.39; uMax=0; avEnergy=0; avRho=0.0120994
[Timer] step=31200; percent=3.25; passedTime=1730.67; remTime=51520.7; MLUPs=18.6193
[Timer] step=31200; percent=3.25; passedTime=1730.67; remTime=51520.7; MLUPs=18.6193
[ValueTracer] average=0.0120994; stdDev/average=5.24402e-07
[LatticeStatistics] step=31400; t=0.3925; uMax=0; avEnergy=0; avRho=0.0120995
[Timer] step=31400; percent=3.27083; passedTime=1741.73; remTime=51508.7; MLUPs=18.6278
[Timer] step=31400; percent=3.27083; passedTime=1741.73; remTime=51508.7; MLUPs=18.6278
[LatticeStatistics] step=31600; t=0.395; uMax=0; avEnergy=0; avRho=0.0120995
[Timer] step=31600; percent=3.29167; passedTime=1752.84; remTime=51498; MLUPs=18.5523
[Timer] step=31600; percent=3.29167; passedTime=1752.84; remTime=51498; MLUPs=18.5523
[LatticeStatistics] step=31800; t=0.3975; uMax=0; avEnergy=0; avRho=0.0120995
[Timer] step=31800; percent=3.3125; passedTime=1763.93; remTime=51486.9; MLUPs=18.5757
[Timer] step=31800; percent=3.3125; passedTime=1763.93; remTime=51486.9; MLUPs=18.5757
[LatticeStatistics] step=32000; t=0.4; uMax=0; avEnergy=0; avRho=0.0120995
[Timer] step=32000; percent=3.33333; passedTime=1775; remTime=51475; MLUPs=18.6244
[Timer] step=32000; percent=3.33333; passedTime=1775; remTime=51475; MLUPs=18.6244
[ValueTracer] average=0.0120995; stdDev/average=4.13792e-07
[LatticeStatistics] step=32200; t=0.4025; uMax=0; avEnergy=0; avRho=0.0120995
[Timer] step=32200; percent=3.35417; passedTime=1786.08; remTime=51463.5; MLUPs=18.5975
[Timer] step=32200; percent=3.35417; passedTime=1786.08; remTime=51463.5; MLUPs=18.5975
[LatticeStatistics] step=32400; t=0.405; uMax=0; avEnergy=0; avRho=0.0120995
[Timer] step=32400; percent=3.375; passedTime=1797.2; remTime=51453.3; MLUPs=18.5206
[Timer] step=32400; percent=3.375; passedTime=1797.2; remTime=51453.3; MLUPs=18.5206
[LatticeStatistics] step=32600; t=0.4075; uMax=0; avEnergy=0; avRho=0.0120995
[Timer] step=32600; percent=3.39583; passedTime=1808.53; remTime=51448.7; MLUPs=18.1984
[Timer] step=32600; percent=3.39583; passedTime=1808.53; remTime=51448.7; MLUPs=18.1984
[ValueTracer] average=0.0120995; stdDev/average=3.26512e-07
[LatticeStatistics] step=32800; t=0.41; uMax=0; avEnergy=0; avRho=0.0120995
[Timer] step=32800; percent=3.41667; passedTime=1819.68; remTime=51439.2; MLUPs=18.4791
[Timer] step=32800; percent=3.41667; passedTime=1819.68; remTime=51439.2; MLUPs=18.4791
[LatticeStatistics] step=33000; t=0.4125; uMax=0; avEnergy=0; avRho=0.0120995
[Timer] step=33000; percent=3.4375; passedTime=1830.82; remTime=51429.5; MLUPs=18.4923
[Timer] step=33000; percent=3.4375; passedTime=1830.82; remTime=51429.5; MLUPs=18.4923
[LatticeStatistics] step=33200; t=0.415; uMax=0; avEnergy=0; avRho=0.0120995
[Timer] step=33200; percent=3.45833; passedTime=1841.9; remTime=51418; MLUPs=18.5958
[Timer] step=33200; percent=3.45833; passedTime=1841.9; remTime=51418; MLUPs=18.5958
[ValueTracer] average=0.0120995; stdDev/average=2.57642e-07
[LatticeStatistics] step=33400; t=0.4175; uMax=0; avEnergy=0; avRho=0.0120995
[Timer] step=33400; percent=3.47917; passedTime=1853.01; remTime=51407.2; MLUPs=18.5523
[Timer] step=33400; percent=3.47917; passedTime=1853.01; remTime=51407.2; MLUPs=18.5523
[LatticeStatistics] step=33600; t=0.42; uMax=0; avEnergy=0; avRho=0.0120995
[Timer] step=33600; percent=3.5; passedTime=1864.11; remTime=51396.1; MLUPs=18.5723
[Timer] step=33600; percent=3.5; passedTime=1864.11; remTime=51396.1; MLUPs=18.5723
[LatticeStatistics] step=33800; t=0.4225; uMax=0; avEnergy=0; avRho=0.0120995
[Timer] step=33800; percent=3.52083; passedTime=1875.17; remTime=51384.1; MLUPs=18.6261
[Timer] step=33800; percent=3.52083; passedTime=1875.17; remTime=51384.1; MLUPs=18.6261
[ValueTracer] average=0.0120995; stdDev/average=2.03298e-07
[LatticeStatistics] step=34000; t=0.425; uMax=0; avEnergy=0; avRho=0.0120995
[Timer] step=34000; percent=3.54167; passedTime=1886.33; remTime=51374.7; MLUPs=18.4708
[Timer] step=34000; percent=3.54167; passedTime=1886.33; remTime=51374.7; MLUPs=18.4708
[LatticeStatistics] step=34200; t=0.4275; uMax=0; avEnergy=0; avRho=0.0120995
[Timer] step=34200; percent=3.5625; passedTime=1897.4; remTime=51362.9; MLUPs=18.616
[Timer] step=34200; percent=3.5625; passedTime=1897.4; remTime=51362.9; MLUPs=18.616
[LatticeStatistics] step=34400; t=0.43; uMax=0; avEnergy=0; avRho=0.0120995
[Timer] step=34400; percent=3.58333; passedTime=1908.47; remTime=51351.2; MLUPs=18.6042
[Timer] step=34400; percent=3.58333; passedTime=1908.47; remTime=51351.2; MLUPs=18.6042
[ValueTracer] average=0.0120995; stdDev/average=1.60417e-07
[LatticeStatistics] step=34600; t=0.4325; uMax=0; avEnergy=0; avRho=0.0120995
[Timer] step=34600; percent=3.60417; passedTime=1919.54; remTime=51339.3; MLUPs=18.6261
[Timer] step=34600; percent=3.60417; passedTime=1919.54; remTime=51339.3; MLUPs=18.6261
[LatticeStatistics] step=34800; t=0.435; uMax=0; avEnergy=0; avRho=0.0120995
[Timer] step=34800; percent=3.625; passedTime=1930.63; remTime=51328.2; MLUPs=18.5707
[Timer] step=34800; percent=3.625; passedTime=1930.63; remTime=51328.2; MLUPs=18.5707
[LatticeStatistics] step=35000; t=0.4375; uMax=0; avEnergy=0; avRho=0.0120995
[Timer] step=35000; percent=3.64583; passedTime=1941.71; remTime=51316.7; MLUPs=18.5992
[Timer] step=35000; percent=3.64583; passedTime=1941.71; remTime=51316.7; MLUPs=18.5992
[LatticeStatistics] step=35200; t=0.44; uMax=0; avEnergy=0; avRho=0.0120995
[Timer] step=35200; percent=3.66667; passedTime=1952.81; remTime=51305.7; MLUPs=18.564
[Timer] step=35200; percent=3.66667; passedTime=1952.81; remTime=51305.7; MLUPs=18.564
[ValueTracer] average=0.0120995; stdDev/average=1.26581e-07
[LatticeStatistics] step=35400; t=0.4425; uMax=0; avEnergy=0; avRho=0.0120995
[Timer] step=35400; percent=3.6875; passedTime=1963.9; remTime=51294.5; MLUPs=18.5841
[Timer] step=35400; percent=3.6875; passedTime=1963.9; remTime=51294.5; MLUPs=18.5841
[LatticeStatistics] step=35600; t=0.445; uMax=0; avEnergy=0; avRho=0.0120995
[Timer] step=35600; percent=3.70833; passedTime=1974.97; remTime=51282.8; MLUPs=18.6126
[Timer] step=35600; percent=3.70833; passedTime=1974.97; remTime=51282.8; MLUPs=18.6126
[LatticeStatistics] step=35800; t=0.4475; uMax=0; avEnergy=0; avRho=0.0120995
[Timer] step=35800; percent=3.72917; passedTime=1986.04; remTime=51270.9; MLUPs=18.621
[Timer] step=35800; percent=3.72917; passedTime=1986.04; remTime=51270.9; MLUPs=18.621
[ValueTracer] average=0.0120995; stdDev/average=9.98819e-08
[LatticeStatistics] step=36000; t=0.45; uMax=0; avEnergy=0; avRho=0.0120995
[Timer] step=36000; percent=3.75; passedTime=1997.11; remTime=51259.2; MLUPs=18.6143
[Timer] step=36000; percent=3.75; passedTime=1997.11; remTime=51259.2; MLUPs=18.6143
[LatticeStatistics] step=36200; t=0.4525; uMax=0; avEnergy=0; avRho=0.0120995
[Timer] step=36200; percent=3.77083; passedTime=2008.2; remTime=51248.1; MLUPs=18.5723
[Timer] step=36200; percent=3.77083; passedTime=2008.2; remTime=51248.1; MLUPs=18.5723
[LatticeStatistics] step=36400; t=0.455; uMax=0; avEnergy=0; avRho=0.0120995
[Timer] step=36400; percent=3.79167; passedTime=2019.27; remTime=51236.3; MLUPs=18.621
[Timer] step=36400; percent=3.79167; passedTime=2019.27; remTime=51236.3; MLUPs=18.621
[ValueTracer] average=0.0120995; stdDev/average=7.88142e-08
[LatticeStatistics] step=36600; t=0.4575; uMax=0; avEnergy=0; avRho=0.0120995
[Timer] step=36600; percent=3.8125; passedTime=2030.33; remTime=51224.3; MLUPs=18.6278
[Timer] step=36600; percent=3.8125; passedTime=2030.33; remTime=51224.3; MLUPs=18.6278
[LatticeStatistics] step=36800; t=0.46; uMax=0; avEnergy=0; avRho=0.0120995
[Timer] step=36800; percent=3.83333; passedTime=2041.41; remTime=51212.7; MLUPs=18.6109
[Timer] step=36800; percent=3.83333; passedTime=2041.41; remTime=51212.7; MLUPs=18.6109
[LatticeStatistics] step=37000; t=0.4625; uMax=0; avEnergy=0; avRho=0.0120995
[Timer] step=37000; percent=3.85417; passedTime=2052.53; remTime=51202.3; MLUPs=18.5289
[Timer] step=37000; percent=3.85417; passedTime=2052.53; remTime=51202.3; MLUPs=18.5289
[ValueTracer] average=0.0120995; stdDev/average=6.21903e-08
[LatticeStatistics] step=37200; t=0.465; uMax=0; avEnergy=0; avRho=0.0120995
[Timer] step=37200; percent=3.875; passedTime=2063.6; remTime=51190.5; MLUPs=18.6143
[Timer] step=37200; percent=3.875; passedTime=2063.6; remTime=51190.5; MLUPs=18.6143
[LatticeStatistics] step=37400; t=0.4675; uMax=0; avEnergy=0; avRho=0.0120995
[Timer] step=37400; percent=3.89583; passedTime=2074.7; remTime=51179.8; MLUPs=18.554
[Timer] step=37400; percent=3.89583; passedTime=2074.7; remTime=51179.8; MLUPs=18.554
[LatticeStatistics] step=37600; t=0.47; uMax=0; avEnergy=0; avRho=0.0120995
[Timer] step=37600; percent=3.91667; passedTime=2085.78; remTime=51168.3; MLUPs=18.6025
[Timer] step=37600; percent=3.91667; passedTime=2085.78; remTime=51168.3; MLUPs=18.6025
[ValueTracer] average=0.0120995; stdDev/average=4.90727e-08
[LatticeStatistics] step=37800; t=0.4725; uMax=0; avEnergy=0; avRho=0.0120995
[Timer] step=37800; percent=3.9375; passedTime=2096.86; remTime=51156.8; MLUPs=18.6025
[Timer] step=37800; percent=3.9375; passedTime=2096.86; remTime=51156.8; MLUPs=18.6025
[LatticeStatistics] step=38000; t=0.475; uMax=0; avEnergy=0; avRho=0.0120995
[Timer] step=38000; percent=3.95833; passedTime=2107.93; remTime=51145.1; MLUPs=18.6143
[Timer] step=38000; percent=3.95833; passedTime=2107.93; remTime=51145.1; MLUPs=18.6143
[LatticeStatistics] step=38200; t=0.4775; uMax=0; avEnergy=0; avRho=0.0120995
[Timer] step=38200; percent=3.97917; passedTime=2118.99; remTime=51133.1; MLUPs=18.6328
[Timer] step=38200; percent=3.97917; passedTime=2118.99; remTime=51133.1; MLUPs=18.6328
[LatticeStatistics] step=38400; t=0.48; uMax=0; avEnergy=0; avRho=0.0120995
[Timer] step=38400; percent=4; passedTime=2130.09; remTime=51122.1; MLUPs=18.569
[Timer] step=38400; percent=4; passedTime=2130.09; remTime=51122.1; MLUPs=18.569
[ValueTracer] average=0.0120995; stdDev/average=3.8722e-08
[LatticeStatistics] step=38600; t=0.4825; uMax=0; avEnergy=0; avRho=0.0120995
[Timer] step=38600; percent=4.02083; passedTime=2141.23; remTime=51112.2; MLUPs=18.4907
[Timer] step=38600; percent=4.02083; passedTime=2141.23; remTime=51112.2; MLUPs=18.4907
[LatticeStatistics] step=38800; t=0.485; uMax=0; avEnergy=0; avRho=0.0120995
[Timer] step=38800; percent=4.04167; passedTime=2152.4; remTime=51102.9; MLUPs=18.4509
[Timer] step=38800; percent=4.04167; passedTime=2152.4; remTime=51102.9; MLUPs=18.4509
[LatticeStatistics] step=39000; t=0.4875; uMax=0; avEnergy=0; avRho=0.0120995
[Timer] step=39000; percent=4.0625; passedTime=2163.52; remTime=51092.3; MLUPs=18.5373
[Timer] step=39000; percent=4.0625; passedTime=2163.52; remTime=51092.3; MLUPs=18.5373
[ValueTracer] average=0.0120995; stdDev/average=3.05545e-08
[LatticeStatistics] step=39200; t=0.49; uMax=0; avEnergy=0; avRho=0.0120995
[Timer] step=39200; percent=4.08333; passedTime=2174.59; remTime=51080.6; MLUPs=18.6143
[Timer] step=39200; percent=4.08333; passedTime=2174.59; remTime=51080.6; MLUPs=18.6143
[LatticeStatistics] step=39400; t=0.4925; uMax=0; avEnergy=0; avRho=0.0120995
[Timer] step=39400; percent=4.10417; passedTime=2185.66; remTime=51069.1; MLUPs=18.6042
[Timer] step=39400; percent=4.10417; passedTime=2185.66; remTime=51069.1; MLUPs=18.6042
[LatticeStatistics] step=39600; t=0.495; uMax=0; avEnergy=0; avRho=0.0120995
[Timer] step=39600; percent=4.125; passedTime=2196.79; remTime=51058.8; MLUPs=18.5156
[Timer] step=39600; percent=4.125; passedTime=2196.79; remTime=51058.8; MLUPs=18.5156
[ValueTracer] average=0.0120995; stdDev/average=2.41098e-08
[LatticeStatistics] step=39800; t=0.4975; uMax=0; avEnergy=0; avRho=0.0120995
[Timer] step=39800; percent=4.14583; passedTime=2207.92; remTime=51048.5; MLUPs=18.5139
[Timer] step=39800; percent=4.14583; passedTime=2207.92; remTime=51048.5; MLUPs=18.5139
[LatticeStatistics] step=40000; t=0.5; uMax=0; avEnergy=0; avRho=0.0120995
[Timer] step=40000; percent=4.16667; passedTime=2219.11; remTime=51039.5; MLUPs=18.4213
[Timer] step=40000; percent=4.16667; passedTime=2219.11; remTime=51039.5; MLUPs=18.4213
[LatticeStatistics] step=40200; t=0.5025; uMax=0; avEnergy=0; avRho=0.0120995
[Timer] step=40200; percent=4.1875; passedTime=2230.24; remTime=51029.2; MLUPs=18.5123
[Timer] step=40200; percent=4.1875; passedTime=2230.24; remTime=51029.2; MLUPs=18.5123
[ValueTracer] average=0.0120995; stdDev/average=1.90244e-08
[LatticeStatistics] step=40400; t=0.505; uMax=0; avEnergy=0; avRho=0.0120995
[Timer] step=40400; percent=4.20833; passedTime=2241.32; remTime=51017.7; MLUPs=18.6092
[Timer] step=40400; percent=4.20833; passedTime=2241.32; remTime=51017.7; MLUPs=18.6092
[LatticeStatistics] step=40600; t=0.5075; uMax=0; avEnergy=0; avRho=0.0120995
[Timer] step=40600; percent=4.22917; passedTime=2252.41; remTime=51006.6; MLUPs=18.5673
[Timer] step=40600; percent=4.22917; passedTime=2252.41; remTime=51006.6; MLUPs=18.5673
[LatticeStatistics] step=40800; t=0.51; uMax=0; avEnergy=0; avRho=0.0120995
[Timer] step=40800; percent=4.25; passedTime=2263.49; remTime=50995.2; MLUPs=18.5975
[Timer] step=40800; percent=4.25; passedTime=2263.49; remTime=50995.2; MLUPs=18.5975
[ValueTracer] average=0.0120995; stdDev/average=1.50117e-08
[LatticeStatistics] step=41000; t=0.5125; uMax=0; avEnergy=0; avRho=0.0120995
[Timer] step=41000; percent=4.27083; passedTime=2274.57; remTime=50983.6; MLUPs=18.6092
[Timer] step=41000; percent=4.27083; passedTime=2274.57; remTime=50983.6; MLUPs=18.6092
[LatticeStatistics] step=41200; t=0.515; uMax=0; avEnergy=0; avRho=0.0120995
[Timer] step=41200; percent=4.29167; passedTime=2285.64; remTime=50971.9; MLUPs=18.6177
[Timer] step=41200; percent=4.29167; passedTime=2285.64; remTime=50971.9; MLUPs=18.6177
[LatticeStatistics] step=41400; t=0.5175; uMax=0; avEnergy=0; avRho=0.0120995
[Timer] step=41400; percent=4.3125; passedTime=2296.7; remTime=50960; MLUPs=18.6311
[Timer] step=41400; percent=4.3125; passedTime=2296.7; remTime=50960; MLUPs=18.6311
[LatticeStatistics] step=41600; t=0.52; uMax=0; avEnergy=0; avRho=0.0120995
[Timer] step=41600; percent=4.33333; passedTime=2307.81; remTime=50949.3; MLUPs=18.5456
[Timer] step=41600; percent=4.33333; passedTime=2307.81; remTime=50949.3; MLUPs=18.5456
[ValueTracer] average=0.0120995; stdDev/average=1.18453e-08
[LatticeStatistics] step=41800; t=0.5225; uMax=0; avEnergy=0; avRho=0.0120995
[Timer] step=41800; percent=4.35417; passedTime=2318.91; remTime=50938.3; MLUPs=18.5623
[Timer] step=41800; percent=4.35417; passedTime=2318.91; remTime=50938.3; MLUPs=18.5623
[LatticeStatistics] step=42000; t=0.525; uMax=0; avEnergy=0; avRho=0.0120995
[Timer] step=42000; percent=4.375; passedTime=2330.01; remTime=50927.3; MLUPs=18.5673
[Timer] step=42000; percent=4.375; passedTime=2330.01; remTime=50927.3; MLUPs=18.5673
[main] Simulation converged. -- 42058
[main] ------42058
[main] Simulation converged. -- 42058
[main] ./100case15_addTemp_mink/100case15.csv
0.000, 1.000000e+00, 0.000000e+00, 0.000000e+00, 0.000000e+00, 0.000000e+00, 0.000000e+00
0.010, 9.142873e-01, 5.568732e-03, 1.162776e-03, 2.118631e-02, 0.000000e+00, 0.000000e+00
0.020, 8.305095e-01, 1.100775e-02, 2.314583e-03, 2.048941e-02, 0.000000e+00, 0.000000e+00
0.030, 7.503720e-01, 1.619687e-02, 3.444726e-03, 1.941508e-02, 0.000000e+00, 0.000000e+00
0.040, 6.751888e-01, 2.103348e-02, 4.543046e-03, 1.806948e-02, 0.000000e+00, 0.000000e+00
0.050, 6.058162e-01, 2.543784e-02, 5.600154e-03, 1.656443e-02, 0.000000e+00, 0.000000e+00
0.060, 5.426733e-01, 2.935540e-02, 6.607625e-03, 1.499992e-02, 0.000000e+00, 0.000000e+00
0.070, 4.858168e-01, 3.275638e-02, 7.558153e-03, 1.345467e-02, 0.000000e+00, 1.387779e-17
0.080, 4.350360e-01, 3.563312e-02, 8.445655e-03, 1.198389e-02, 1.387779e-17, 0.000000e+00
0.090, 3.899457e-01, 3.799630e-02, 9.265322e-03, 1.062150e-02, -1.387779e-17, 0.000000e+00
0.100, 3.500640e-01, 3.987063e-02, 1.001363e-02, 9.384459e-03, -1.387779e-17, -1.387779e-17
0.110, 3.148701e-01, 4.129060e-02, 1.068831e-02, 8.277520e-03, 0.000000e+00, 0.000000e+00
0.120, 2.838439e-01, 4.229675e-02, 1.128826e-02, 7.297336e-03, 1.387779e-17, 1.387779e-17
0.130, 2.564914e-01, 4.293257e-02, 1.181348e-02, 6.435743e-03, 2.775558e-17, 0.000000e+00
0.140, 2.323579e-01, 4.324211e-02, 1.226493e-02, 5.682106e-03, 0.000000e+00, -1.387779e-17
0.150, 2.110345e-01, 4.326822e-02, 1.264442e-02, 5.024897e-03, 1.387779e-17, -1.387779e-17
0.160, 1.921588e-01, 4.305143e-02, 1.295448e-02, 4.452690e-03, 0.000000e+00, 0.000000e+00
0.170, 1.754130e-01, 4.262916e-02, 1.319818e-02, 3.954726e-03, 0.000000e+00, 0.000000e+00
0.180, 1.605209e-01, 4.203540e-02, 1.337908e-02, 3.521210e-03, 0.000000e+00, -1.387779e-17
0.190, 1.472433e-01, 4.130056e-02, 1.350106e-02, 3.143411e-03, 0.000000e+00, 0.000000e+00
0.200, 1.353737e-01, 4.045156e-02, 1.356821e-02, 2.813670e-03, -1.387779e-17, 0.000000e+00
0.210, 1.247340e-01, 3.951196e-02, 1.358476e-02, 2.525331e-03, -1.387779e-17, -2.775558e-17
0.220, 1.151710e-01, 3.850219e-02, 1.355500e-02, 2.272655e-03, 0.000000e+00, 0.000000e+00
0.230, 1.065527e-01, 3.743990e-02, 1.348315e-02, 2.050713e-03, -1.387779e-17, -4.163336e-17
0.240, 9.876530e-02, 3.634016e-02, 1.337341e-02, 1.855286e-03, 0.000000e+00, 0.000000e+00
0.250, 9.171044e-02, 3.521578e-02, 1.322979e-02, 1.682768e-03, -1.387779e-17, -1.387779e-17
0.260, 8.530316e-02, 3.407759e-02, 1.305616e-02, 1.530078e-03, -1.387779e-17, 0.000000e+00
0.270, 7.946981e-02, 3.293464e-02, 1.285622e-02, 1.394585e-03, 0.000000e+00, 0.000000e+00
0.280, 7.414647e-02, 3.179450e-02, 1.263342e-02, 1.274039e-03, 0.000000e+00, -1.387779e-17
0.290, 6.927750e-02, 3.066341e-02, 1.239101e-02, 1.166514e-03, 0.000000e+00, -1.387779e-17
0.300, 6.481436e-02, 2.954646e-02, 1.213199e-02, 1.070358e-03, 2.775558e-17, -2.775558e-17
0.310, 6.071463e-02, 2.844780e-02, 1.185917e-02, 9.841552e-04, 1.387779e-17, 0.000000e+00
0.320, 5.694112e-02, 2.737074e-02, 1.157508e-02, 9.066849e-04, 0.000000e+00, 0.000000e+00
0.330, 5.346115e-02, 2.631785e-02, 1.128207e-02, 8.368959e-04, -1.387779e-17, 0.000000e+00
0.340, 5.024595e-02, 2.529116e-02, 1.098225e-02, 7.738800e-04, 0.000000e+00, 1.387779e-17
0.350, 4.727011e-02, 2.429213e-02, 1.067754e-02, 7.168507e-04, -2.775558e-17, 2.775558e-17
0.360, 4.451115e-02, 2.332184e-02, 1.036965e-02, 6.651256e-04, 0.000000e+00, 1.387779e-17
0.370, 4.194911e-02, 2.238098e-02, 1.006011e-02, 6.181110e-04, -1.387779e-17, 1.387779e-17
0.380, 3.956626e-02, 2.146994e-02, 9.750300e-03, 5.752896e-04, 0.000000e+00, 0.000000e+00
0.390, 3.734679e-02, 2.058888e-02, 9.441413e-03, 5.362093e-04, 0.000000e+00, -1.387779e-17
0.400, 3.527659e-02, 1.973773e-02, 9.134509e-03, 5.004743e-04, 0.000000e+00, 0.000000e+00
0.410, 3.334300e-02, 1.891627e-02, 8.830509e-03, 4.677373e-04, -1.540744e-31, -1.540744e-31
0.420, 3.153469e-02, 1.812412e-02, 8.530211e-03, 4.376928e-04, 2.775558e-17, 2.775558e-17
0.430, 2.984146e-02, 1.736080e-02, 8.234298e-03, 4.100715e-04, 1.387779e-17, 1.387779e-17
0.440, 2.825412e-02, 1.662573e-02, 7.943351e-03, 3.846357e-04, -1.387779e-17, -1.387779e-17
0.450, 2.676437e-02, 1.591827e-02, 7.657857e-03, 3.611748e-04, -1.387779e-17, -1.387779e-17
0.460, 2.536472e-02, 1.523772e-02, 7.378219e-03, 3.395022e-04, 0.000000e+00, -1.387779e-17
0.470, 2.404835e-02, 1.458334e-02, 7.104763e-03, 3.194521e-04, 1.387779e-17, -6.471125e-32
0.480, 2.280910e-02, 1.395435e-02, 6.837749e-03, 3.008768e-04, 0.000000e+00, 2.775558e-17
0.490, 2.164134e-02, 1.334996e-02, 6.577374e-03, 2.836444e-04, -2.775558e-17, 1.387779e-17
0.500, 2.053995e-02, 1.276938e-02, 6.323782e-03, 2.676374e-04, 0.000000e+00, 1.387779e-17
0.510, 1.950024e-02, 1.221178e-02, 6.077070e-03, 2.527502e-04, 0.000000e+00, 0.000000e+00
0.520, 1.851794e-02, 1.167638e-02, 5.837290e-03, 2.388883e-04, -1.387779e-17, 1.387779e-17
0.530, 1.758913e-02, 1.116235e-02, 5.604459e-03, 2.259668e-04, 0.000000e+00, 0.000000e+00
0.540, 1.671021e-02, 1.066890e-02, 5.378561e-03, 2.139091e-04, 0.000000e+00, 1.387779e-17
0.550, 1.587786e-02, 1.019526e-02, 5.159550e-03, 2.026463e-04, -1.387779e-17, -1.387779e-17
0.560, 1.508904e-02, 9.740646e-03, 4.947357e-03, 1.921162e-04, -1.387779e-17, 0.000000e+00
0.570, 1.434093e-02, 9.304309e-03, 4.741891e-03, 1.822625e-04, -1.417484e-31, 0.000000e+00
0.580, 1.363094e-02, 8.885510e-03, 4.543043e-03, 1.730340e-04, 0.000000e+00, 0.000000e+00
0.590, 1.295666e-02, 8.483531e-03, 4.350688e-03, 1.643847e-04, 0.000000e+00, -1.387779e-17
0.600, 1.231586e-02, 8.097672e-03, 4.164687e-03, 1.562724e-04, -2.775558e-17, 0.000000e+00
0.610, 1.170648e-02, 7.727252e-03, 3.984893e-03, 1.486588e-04, 0.000000e+00, 0.000000e+00
0.620, 1.112659e-02, 7.371611e-03, 3.811148e-03, 1.415092e-04, 0.000000e+00, 0.000000e+00
0.630, 1.057441e-02, 7.030109e-03, 3.643287e-03, 1.347918e-04, -1.387779e-17, 0.000000e+00
0.640, 1.004826e-02, 6.702123e-03, 3.481138e-03, 1.284775e-04, -1.387779e-17, 1.387779e-17
0.650, 9.546586e-03, 6.387053e-03, 3.324528e-03, 1.225397e-04, -1.387779e-17, -2.775558e-17
0.660, 9.067939e-03, 6.084318e-03, 3.173278e-03, 1.169542e-04, 0.000000e+00, 0.000000e+00
0.670, 8.610952e-03, 5.793356e-03, 3.027206e-03, 1.116987e-04, 1.387779e-17, 1.387779e-17
0.680, 8.174349e-03, 5.513621e-03, 2.886133e-03, 1.067527e-04, 0.000000e+00, 0.000000e+00
0.690, 7.756931e-03, 5.244589e-03, 2.749874e-03, 1.020975e-04, -1.540744e-31, -1.387779e-17
0.700, 7.357570e-03, 4.985751e-03, 2.618249e-03, 9.771573e-05, 1.387779e-17, 0.000000e+00
0.710, 6.975205e-03, 4.736618e-03, 2.491075e-03, 9.359163e-05, 0.000000e+00, 0.000000e+00
0.720, 6.608836e-03, 4.496714e-03, 2.368172e-03, 8.971053e-05, 0.000000e+00, 0.000000e+00
0.730, 6.257521e-03, 4.265582e-03, 2.249361e-03, 8.605896e-05, -2.775558e-17, -1.387779e-17
0.740, 5.920365e-03, 4.042778e-03, 2.134465e-03, 8.262451e-05, -2.775558e-17, -1.387779e-17
0.750, 5.596525e-03, 3.827875e-03, 2.023309e-03, 7.939572e-05, 1.387779e-17, 0.000000e+00
0.760, 5.285199e-03, 3.620458e-03, 1.915721e-03, 7.636202e-05, 0.000000e+00, -1.387779e-17
0.770, 4.985628e-03, 3.420126e-03, 1.811530e-03, 7.351367e-05, 1.387779e-17, 0.000000e+00
0.780, 4.697090e-03, 3.226493e-03, 1.710569e-03, 7.084166e-05, 0.000000e+00, 0.000000e+00
0.790, 4.418895e-03, 3.039182e-03, 1.612673e-03, 6.833770e-05, 2.775558e-17, 0.000000e+00
0.800, 4.150388e-03, 2.857830e-03, 1.517680e-03, 6.599412e-05, 1.387779e-17, 0.000000e+00
0.810, 3.890942e-03, 2.682083e-03, 1.425431e-03, 6.380386e-05, 1.387779e-17, 0.000000e+00
0.820, 3.639957e-03, 2.511600e-03, 1.335769e-03, 6.176040e-05, 0.000000e+00, -3.081488e-31
0.830, 3.396859e-03, 2.346048e-03, 1.248540e-03, 5.985775e-05, -1.540744e-31, 2.775558e-17
0.840, 3.161095e-03, 2.185103e-03, 1.163594e-03, 5.809041e-05, 1.387779e-17, 0.000000e+00
0.850, 2.932136e-03, 2.028451e-03, 1.080781e-03, 5.645331e-05, 1.387779e-17, 0.000000e+00
0.860, 2.709469e-03, 1.875785e-03, 9.999547e-04, 5.494182e-05, 0.000000e+00, 0.000000e+00
0.870, 2.492601e-03, 1.726807e-03, 9.209721e-04, 5.355170e-05, 0.000000e+00, 0.000000e+00
0.880, 2.281055e-03, 1.581223e-03, 8.436913e-04, 5.227910e-05, 1.387779e-17, 0.000000e+00
0.890, 2.074368e-03, 1.438749e-03, 7.679728e-04, 5.112051e-05, 1.387779e-17, 2.775558e-17
0.900, 1.872091e-03, 1.299105e-03, 6.936792e-04, 5.007277e-05, -1.387779e-17, 1.387779e-17
0.910, 1.673786e-03, 1.162017e-03, 6.206750e-04, 4.913305e-05, 0.000000e+00, 1.387779e-17
0.920, 1.479027e-03, 1.027215e-03, 5.488263e-04, 4.829882e-05, 0.000000e+00, 1.387779e-17
0.930, 1.287395e-03, 8.944341e-04, 4.780007e-04, 4.756785e-05, -1.387779e-17, 0.000000e+00
0.940, 1.098484e-03, 7.634136e-04, 4.080672e-04, 4.693819e-05, -1.387779e-17, 0.000000e+00
0.950, 9.118900e-04, 6.338958e-04, 3.388961e-04, 4.640817e-05, 1.540744e-31, 1.387779e-17
0.960, 7.272184e-04, 5.056256e-04, 2.703587e-04, 4.597641e-05, -1.387779e-17, -1.387779e-17
0.970, 5.440787e-04, 3.783508e-04, 2.023273e-04, 4.564176e-05, 0.000000e+00, 0.000000e+00
0.980, 3.620844e-04, 2.518208e-04, 1.346747e-04, 4.540334e-05, 0.000000e+00, -1.387779e-17
0.990, 1.808519e-04, 1.257866e-04, 6.727433e-05, 4.526055e-05, 0.000000e+00, -1.387779e-17
1.000, 0.000000e+00, 0.000000e+00, 0.000000e+00, 0.000000e+00, 0.000000e+00, 0.000000e+00
[Timer] 
[Timer] ----------------Summary:Timer----------------
[Timer] measured time (rt) : 2335.533s
[Timer] measured time (cpu): 2299.730s
[Timer] average MLUPs :       18.528
[Timer] average MLUPps:       18.528
[Timer] ---------------------------------------------
