[MpiManager] Sucessfully initialized, numThreads=1
[Directories] Directory ./50case32_addTemp_mink/ created.
[Directories] Directory ./50case32_addTemp_mink/imageData/ created.
[Directories] Directory ./50case32_addTemp_mink/imageData/data/ created.
[Directories] Directory ./50case32_addTemp_mink/vtkData/ created.
[Directories] Directory ./50case32_addTemp_mink/vtkData/data/ created.
[Directories] Directory ./50case32_addTemp_mink/gnuplotData/ created.
[Directories] Directory ./50case32_addTemp_mink/gnuplotData/data/ created.
[main] case32
[main] omega = .... 1
[main] omega 1
[main] working with diffuse approximation
[main] omega=1
[main] latticeSink=0.081
[RadiativeUnitConverter] ----------------- UnitConverter information -----------------
[RadiativeUnitConverter] -- Parameters:
[RadiativeUnitConverter] Resolution:                       N=              50
[RadiativeUnitConverter] Lattice relaxation frequency:     omega=          1
[RadiativeUnitConverter] Lattice relaxation time:          tau=            1
[RadiativeUnitConverter] Characteristical length(m):       charL=          1
[RadiativeUnitConverter] Phys. density(kg/m^d):            charRho=        1
[RadiativeUnitConverter] Phys. absorption(1/m):            mu_a=           18
[RadiativeUnitConverter] Phys. scattering(1/m):            mu_s=           12
[RadiativeUnitConverter] Extinction(1/m):                  mu_t=           30
[RadiativeUnitConverter] Effective attenuation(1/m):       mu_eff=         40.2492
[RadiativeUnitConverter] Phys. diffusion(m):               D=              0.0111111
[RadiativeUnitConverter] Single scattering albedo:         albedo=         0.4
[RadiativeUnitConverter] Anisotropy factor:                g=              0
[RadiativeUnitConverter] 
[RadiativeUnitConverter] Lattice diffusion:                D^*=            0.555556
[RadiativeUnitConverter] Lattice absorption:               absorption=     0.36
[RadiativeUnitConverter] Lattice scattering:               scattering=     0.24
[RadiativeUnitConverter] Lattice sink:                     sink=           0.081
[RadiativeUnitConverter] C_R: 1
[RadiativeUnitConverter] r_F: 1.37931
[RadiativeUnitConverter] 
[RadiativeUnitConverter] -- Conversion factors:
[RadiativeUnitConverter] Voxel length(m):                  physDeltaX=     0.02
[RadiativeUnitConverter] Time step(s):                     physDeltaT=     5e-05
[RadiativeUnitConverter] Density factor(kg/m^3):           physDensity=    1
[RadiativeUnitConverter] -------------------------------------------------------------
[prepareGeometryCube] Prepare cubeGeometry ...
[SuperGeometry3D] cleaned 0 outer boundary voxel(s)
[SuperGeometry3D] cleaned 0 inner boundary voxel(s)
[SuperGeometry3D] the model is correct!
[CuboidGeometry3D] ---Cuboid Stucture Statistics---
[CuboidGeometry3D]  Number of Cuboids: 	2
[CuboidGeometry3D]  Delta  (min): 		0.02
[CuboidGeometry3D]         (max): 		0.02
[CuboidGeometry3D]  Ratio  (min): 		0.490196
[CuboidGeometry3D]         (max): 		2.04
[CuboidGeometry3D]  Nodes  (min): 		65025
[CuboidGeometry3D]         (max): 		67626
[CuboidGeometry3D]  Weight (min): 		65025
[CuboidGeometry3D]         (max): 		67626
[CuboidGeometry3D] --------------------------------
[SuperGeometryStatistics3D] materialNumber=1; count=117649; minPhysR=(0.02,-0.48,-0.48); maxPhysR=(0.98,0.48,0.48)
[SuperGeometryStatistics3D] materialNumber=2; count=14881; minPhysR=(0,-0.5,-0.5); maxPhysR=(1,0.5,0.5)
[SuperGeometryStatistics3D] materialNumber=3; count=121; minPhysR=(0,-0.1,-0.1); maxPhysR=(0,0.1,0.1)
[prepareGeometryCube] Prepare cubeGeometry ... OK
[prepareLattice] Prepare Lattice ...
[prepareLattice] Prepare Lattice ... OK
[main] iT convergence criteria: 160
[LatticeStatistics] step=0; t=0; uMax=0; avEnergy=0; avRho=1
[Timer] step=0; percent=0; passedTime=6.90256e-313; remTime=0.001; MLUPs=0
[Timer] step=0; percent=0; passedTime=6.90256e-313; remTime=0.001; MLUPs=0
[LatticeStatistics] step=100; t=0.005; uMax=0; avEnergy=0; avRho=0.00165733
[Timer] step=100; percent=0.0416667; passedTime=1.031; remTime=2473.37; MLUPs=12.8662
[Timer] step=100; percent=0.0416667; passedTime=1.031; remTime=2473.37; MLUPs=12.8662
[ValueTracer] average=0.0016184; stdDev/average=0.0695215
[LatticeStatistics] step=200; t=0.01; uMax=0; avEnergy=0; avRho=0.00165737
[Timer] step=200; percent=0.0833333; passedTime=1.928; remTime=2311.67; MLUPs=14.7883
[Timer] step=200; percent=0.0833333; passedTime=1.928; remTime=2311.67; MLUPs=14.7883
[LatticeStatistics] step=300; t=0.015; uMax=0; avEnergy=0; avRho=0.00165737
[Timer] step=300; percent=0.125; passedTime=2.843; remTime=2271.56; MLUPs=14.4974
[Timer] step=300; percent=0.125; passedTime=2.843; remTime=2271.56; MLUPs=14.4974
[ValueTracer] average=0.00165737; stdDev/average=2.33782e-08
[main] Simulation converged. -- 330
[main] ------330
[main] Simulation converged. -- 330
[main] ./50case32_addTemp_mink/50case32.csv
0.000, 1.000000e+00, 0.000000e+00, 0.000000e+00, 0.000000e+00, 0.000000e+00, 0.000000e+00
0.010, 7.426998e-01, 1.719441e-05, 2.240648e-08, 5.064657e-02, 0.000000e+00, 0.000000e+00
0.020, 4.853996e-01, 3.438883e-05, 4.481296e-08, 1.012931e-01, 0.000000e+00, 0.000000e+00
0.030, 3.406139e-01, 4.615354e-05, 6.428072e-08, 7.115814e-02, 6.938894e-18, -6.938894e-18
0.040, 1.958282e-01, 5.791825e-05, 8.374847e-08, 4.102313e-02, 1.387779e-17, -1.387779e-17
0.050, 1.372557e-01, 6.030833e-05, 9.509046e-08, 2.879885e-02, 6.938894e-18, -6.938894e-18
0.060, 7.868308e-02, 6.269841e-05, 1.064324e-07, 1.657456e-02, 0.000000e+00, 0.000000e+00
0.070, 5.507023e-02, 5.820341e-05, 1.089925e-07, 1.162169e-02, 0.000000e+00, -6.938894e-18
0.080, 3.145738e-02, 5.370841e-05, 1.115526e-07, 6.668822e-03, 0.000000e+00, -1.387779e-17
0.090, 2.198496e-02, 4.650082e-05, 1.070383e-07, 4.668989e-03, 0.000000e+00, -6.938894e-18
0.100, 1.251254e-02, 3.929322e-05, 1.025241e-07, 2.669156e-03, 0.000000e+00, 0.000000e+00
0.110, 8.733330e-03, 3.245515e-05, 9.382451e-08, 1.865849e-03, 6.938894e-18, -6.938894e-18
0.120, 4.954118e-03, 2.561708e-05, 8.512494e-08, 1.062542e-03, 1.387779e-17, -1.387779e-17
0.130, 3.454091e-03, 2.046110e-05, 7.507729e-08, 7.417316e-04, -1.232595e-32, -1.387779e-17
0.140, 1.954065e-03, 1.530512e-05, 6.502965e-08, 4.209210e-04, -1.387779e-17, -1.387779e-17
0.150, 1.361287e-03, 1.192648e-05, 5.566605e-08, 2.935007e-04, -6.938894e-18, -6.938894e-18
0.160, 7.685092e-04, 8.547842e-06, 4.630246e-08, 1.660804e-04, 0.000000e+00, 0.000000e+00
0.170, 5.350616e-04, 6.537954e-06, 3.866907e-08, 1.157050e-04, 0.000000e+00, 0.000000e+00
0.180, 3.016141e-04, 4.528066e-06, 3.103568e-08, 6.532953e-05, 0.000000e+00, 0.000000e+00
0.190, 2.099110e-04, 3.414064e-06, 2.538878e-08, 4.548564e-05, 6.938894e-18, 6.938894e-18
0.200, 1.182079e-04, 2.300062e-06, 1.974187e-08, 2.564175e-05, 1.387779e-17, 1.387779e-17
0.210, 8.224825e-05, 1.714840e-06, 1.586992e-08, 1.784564e-05, 2.542228e-32, 2.542228e-32
0.220, 4.628858e-05, 1.129617e-06, 1.199796e-08, 1.004953e-05, -1.387779e-17, -1.387779e-17
0.230, 3.220349e-05, 8.347198e-07, 9.502179e-09, 6.992308e-06, 1.232595e-32, 1.232595e-32
0.240, 1.811839e-05, 5.398224e-07, 7.006397e-09, 3.935082e-06, 1.387779e-17, 1.387779e-17
0.250, 1.260483e-05, 3.960399e-07, 5.478519e-09, 2.737618e-06, -1.232595e-32, 6.938894e-18
0.260, 7.091267e-06, 2.522575e-07, 3.950641e-09, 1.540153e-06, -1.387779e-17, 0.000000e+00
0.270, 4.933544e-06, 1.839870e-07, 3.055304e-09, 1.071441e-06, -6.938894e-18, -6.938894e-18
0.280, 2.775820e-06, 1.157165e-07, 2.159967e-09, 6.027283e-07, 0.000000e+00, -1.387779e-17
0.290, 1.931370e-06, 8.399249e-08, 1.654597e-09, 4.193159e-07, 0.000000e+00, -6.938894e-18
0.300, 1.086920e-06, 5.226844e-08, 1.149226e-09, 2.359036e-07, 0.000000e+00, 0.000000e+00
0.310, 7.563564e-07, 3.778657e-08, 8.730635e-10, 1.641315e-07, -1.387779e-17, -1.387779e-17
0.320, 4.257923e-07, 2.330471e-08, 5.969010e-10, 9.235946e-08, -2.775558e-17, -2.775558e-17
0.330, 2.963410e-07, 1.679089e-08, 4.501863e-10, 6.426764e-08, -2.081668e-17, -2.081668e-17
0.340, 1.668896e-07, 1.027706e-08, 3.034716e-10, 3.617582e-08, -1.387779e-17, -1.387779e-17
0.350, 1.161704e-07, 7.383377e-09, 2.274274e-10, 2.517642e-08, -1.387779e-17, -6.471125e-32
0.360, 6.545127e-08, 4.489690e-09, 1.513833e-10, 1.417702e-08, -1.387779e-17, 1.387779e-17
0.370, 4.556816e-08, 3.217659e-09, 1.128147e-10, 9.868085e-09, 1.232595e-32, 1.387779e-17
0.380, 2.568505e-08, 1.945628e-09, 7.424611e-11, 5.559145e-09, 1.387779e-17, 1.387779e-17
0.390, 1.788561e-08, 1.391457e-09, 5.505617e-11, 3.870195e-09, 1.387779e-17, 1.387779e-17
0.400, 1.008616e-08, 8.372866e-10, 3.586623e-11, 2.181245e-09, 1.387779e-17, 1.387779e-17
0.410, 7.024740e-09, 5.977137e-10, 2.647906e-11, 1.518830e-09, 6.471125e-32, 6.938894e-18
0.420, 3.963318e-09, 3.581408e-10, 1.709188e-11, 8.564155e-10, -1.387779e-17, 0.000000e+00
0.430, 2.760861e-09, 2.552606e-10, 1.256893e-11, 5.964453e-10, -2.081668e-17, 0.000000e+00
0.440, 1.558404e-09, 1.523805e-10, 8.045981e-12, 3.364751e-10, -2.775558e-17, 0.000000e+00
0.450, 1.085791e-09, 1.084566e-10, 5.895937e-12, 2.343800e-10, -1.387779e-17, -6.938894e-18
0.460, 6.131786e-10, 6.453266e-11, 3.745892e-12, 1.322850e-10, 0.000000e+00, -1.387779e-17
0.470, 4.273001e-10, 4.587478e-11, 2.736297e-12, 9.216357e-11, -6.938894e-18, -6.938894e-18
0.480, 2.414217e-10, 2.721690e-11, 1.726702e-12, 5.204218e-11, -1.387779e-17, 0.000000e+00
0.490, 1.682675e-10, 1.932693e-11, 1.257744e-12, 3.626474e-11, -6.938894e-18, 6.938894e-18
0.500, 9.511325e-11, 1.143696e-11, 7.887857e-13, 2.048731e-11, 0.000000e+00, 1.387779e-17
0.510, 6.630407e-11, 8.113621e-12, 5.730555e-13, 1.427884e-11, 0.000000e+00, 6.938894e-18
0.520, 3.749490e-11, 4.790279e-12, 3.573253e-13, 8.070364e-12, 0.000000e+00, 0.000000e+00
0.530, 2.614231e-11, 3.395284e-12, 2.589456e-13, 5.625694e-12, 0.000000e+00, 0.000000e+00
0.540, 1.478973e-11, 2.000289e-12, 1.605660e-13, 3.181025e-12, 0.000000e+00, 0.000000e+00
0.550, 1.031342e-11, 1.416617e-12, 1.159628e-13, 2.217823e-12, 0.000000e+00, 0.000000e+00
0.560, 5.837109e-12, 8.329448e-13, 7.135958e-14, 1.254621e-12, 0.000000e+00, 0.000000e+00
0.570, 4.070966e-12, 5.895007e-13, 5.134781e-14, 8.748627e-13, 2.081668e-17, 0.000000e+00
0.580, 2.304823e-12, 3.460565e-13, 3.133604e-14, 4.951040e-13, 4.163336e-17, 0.000000e+00
0.590, 1.607714e-12, 2.447209e-13, 2.249589e-14, 3.452932e-13, 2.081668e-17, 0.000000e+00
0.600, 9.106049e-13, 1.433853e-13, 1.365574e-14, 1.954825e-13, 0.000000e+00, 0.000000e+00
0.610, 6.351586e-13, 1.012801e-13, 9.700574e-15, 1.363701e-13, -6.938894e-18, 0.000000e+00
0.620, 3.597123e-13, 5.917489e-14, 5.745404e-15, 7.725764e-14, -1.387779e-17, 0.000000e+00
0.630, 2.509104e-13, 4.168887e-14, 4.010681e-15, 5.388745e-14, -6.938894e-18, 0.000000e+00
0.640, 1.421085e-13, 2.420286e-14, 2.275957e-15, 3.051726e-14, 0.000000e+00, 0.000000e+00
0.650, 9.914292e-14, 1.690315e-14, 1.582068e-15, 2.128159e-14, 6.938894e-18, 0.000000e+00
0.660, 5.617729e-14, 9.603429e-15, 8.881784e-16, 1.204592e-14, 1.387779e-17, 0.000000e+00
0.670, 3.919087e-14, 6.605827e-15, 5.273559e-16, 8.409939e-15, -6.938894e-18, -1.387779e-17
0.680, 2.220446e-14, 3.608225e-15, 1.665335e-16, 4.773959e-15, -2.775558e-17, -2.775558e-17
0.690, 1.543210e-14, 2.386980e-15, 8.326673e-17, 3.351486e-15, -2.081668e-17, -2.081668e-17
0.700, 8.659740e-15, 1.165734e-15, 0.000000e+00, 1.929013e-15, -1.387779e-17, -1.387779e-17
0.710, 5.884182e-15, 6.938894e-16, 0.000000e+00, 1.353084e-15, -3.469447e-17, -3.469447e-17
0.720, 3.108624e-15, 2.220446e-16, 0.000000e+00, 7.771561e-16, -5.551115e-17, -5.551115e-17
0.730, 2.053913e-15, 1.110223e-16, 0.000000e+00, 5.412337e-16, -4.163336e-17, -4.163336e-17
0.740, 9.992007e-16, 0.000000e+00, 0.000000e+00, 3.053113e-16, -2.775558e-17, -2.775558e-17
0.750, 5.551115e-16, 0.000000e+00, 0.000000e+00, 2.012279e-16, -2.081668e-17, -2.081668e-17
0.760, 1.110223e-16, 0.000000e+00, 0.000000e+00, 9.714451e-17, -1.387779e-17, -1.387779e-17
0.770, 5.551115e-17, 0.000000e+00, 0.000000e+00, 4.857226e-17, -6.938894e-18, -6.938894e-18
0.780, 0.000000e+00, 0.000000e+00, 0.000000e+00, 0.000000e+00, 0.000000e+00, 0.000000e+00
0.790, 0.000000e+00, 0.000000e+00, 0.000000e+00, 0.000000e+00, 0.000000e+00, 0.000000e+00
0.800, 0.000000e+00, 0.000000e+00, 0.000000e+00, 0.000000e+00, 0.000000e+00, 0.000000e+00
0.810, 0.000000e+00, 0.000000e+00, 0.000000e+00, 0.000000e+00, 0.000000e+00, 0.000000e+00
0.820, 0.000000e+00, 0.000000e+00, 0.000000e+00, 0.000000e+00, 0.000000e+00, 0.000000e+00
0.830, 0.000000e+00, 0.000000e+00, 0.000000e+00, 0.000000e+00, 0.000000e+00, 0.000000e+00
0.840, 0.000000e+00, 0.000000e+00, 0.000000e+00, 0.000000e+00, 0.000000e+00, 0.000000e+00
0.850, 0.000000e+00, 0.000000e+00, 0.000000e+00, 0.000000e+00, 0.000000e+00, 0.000000e+00
0.860, 0.000000e+00, 0.000000e+00, 0.000000e+00, 0.000000e+00, 0.000000e+00, 0.000000e+00
0.870, 0.000000e+00, 0.000000e+00, 0.000000e+00, 0.000000e+00, 0.000000e+00, 0.000000e+00
0.880, 0.000000e+00, 0.000000e+00, 0.000000e+00, 0.000000e+00, 0.000000e+00, 0.000000e+00
0.890, 0.000000e+00, 0.000000e+00, 0.000000e+00, 0.000000e+00, 0.000000e+00, 0.000000e+00
0.900, 0.000000e+00, 0.000000e+00, 0.000000e+00, 0.000000e+00, 0.000000e+00, 0.000000e+00
0.910, 0.000000e+00, 0.000000e+00, 0.000000e+00, 0.000000e+00, 0.000000e+00, 0.000000e+00
0.920, 0.000000e+00, 0.000000e+00, 0.000000e+00, 0.000000e+00, 0.000000e+00, 0.000000e+00
0.930, 0.000000e+00, 0.000000e+00, 0.000000e+00, 0.000000e+00, 0.000000e+00, 0.000000e+00
0.940, 0.000000e+00, 0.000000e+00, 0.000000e+00, 0.000000e+00, 0.000000e+00, 0.000000e+00
0.950, 0.000000e+00, 0.000000e+00, 0.000000e+00, 0.000000e+00, 0.000000e+00, 0.000000e+00
0.960, 0.000000e+00, 0.000000e+00, 0.000000e+00, 0.000000e+00, 0.000000e+00, 0.000000e+00
0.970, 0.000000e+00, 0.000000e+00, 0.000000e+00, 0.000000e+00, 0.000000e+00, 0.000000e+00
0.980, 0.000000e+00, 0.000000e+00, 0.000000e+00, 0.000000e+00, 0.000000e+00, 0.000000e+00
0.990, 0.000000e+00, 0.000000e+00, 0.000000e+00, 0.000000e+00, 0.000000e+00, 0.000000e+00
1.000, 0.000000e+00, 0.000000e+00, 0.000000e+00, 0.000000e+00, 0.000000e+00, 0.000000e+00
[Timer] 
[Timer] ----------------Summary:Timer----------------
[Timer] measured time (rt) : 3.398s
[Timer] measured time (cpu): 3.260s
[Timer] average MLUPs :       11.711
[Timer] average MLUPps:       11.711
[Timer] ---------------------------------------------
