[MpiManager] Sucessfully initialized, numThreads=1
[Directories] Directory ./50case3_addTemp_mink/ created.
[Directories] Directory ./50case3_addTemp_mink/imageData/ created.
[Directories] Directory ./50case3_addTemp_mink/imageData/data/ created.
[Directories] Directory ./50case3_addTemp_mink/vtkData/ created.
[Directories] Directory ./50case3_addTemp_mink/vtkData/data/ created.
[Directories] Directory ./50case3_addTemp_mink/gnuplotData/ created.
[Directories] Directory ./50case3_addTemp_mink/gnuplotData/data/ created.
[main] case3
[main] omega = .... 1
[main] omega 1
[main] working with diffuse approximation
[main] omega=1
[main] latticeSink=0.00018
[RadiativeUnitConverter] ----------------- UnitConverter information -----------------
[RadiativeUnitConverter] -- Parameters:
[RadiativeUnitConverter] Resolution:                       N=              50
[RadiativeUnitConverter] Lattice relaxation frequency:     omega=          1
[RadiativeUnitConverter] Lattice relaxation time:          tau=            1
[RadiativeUnitConverter] Characteristical length(m):       charL=          1
[RadiativeUnitConverter] Phys. density(kg/m^d):            charRho=        1
[RadiativeUnitConverter] Phys. absorption(1/m):            mu_a=           0.6
[RadiativeUnitConverter] Phys. scattering(1/m):            mu_s=           1.4
[RadiativeUnitConverter] Extinction(1/m):                  mu_t=           2
[RadiativeUnitConverter] Effective attenuation(1/m):       mu_eff=         1.89737
[RadiativeUnitConverter] Phys. diffusion(m):               D=              0.166667
[RadiativeUnitConverter] Single scattering albedo:         albedo=         0.7
[RadiativeUnitConverter] Anisotropy factor:                g=              0
[RadiativeUnitConverter] 
[RadiativeUnitConverter] Lattice diffusion:                D^*=            8.33333
[RadiativeUnitConverter] Lattice absorption:               absorption=     0.012
[RadiativeUnitConverter] Lattice scattering:               scattering=     0.028
[RadiativeUnitConverter] Lattice sink:                     sink=           0.00018
[RadiativeUnitConverter] C_R: 1
[RadiativeUnitConverter] r_F: 1.94175
[RadiativeUnitConverter] 
[RadiativeUnitConverter] -- Conversion factors:
[RadiativeUnitConverter] Voxel length(m):                  physDeltaX=     0.02
[RadiativeUnitConverter] Time step(s):                     physDeltaT=     5e-05
[RadiativeUnitConverter] Density factor(kg/m^3):           physDensity=    1
[RadiativeUnitConverter] -------------------------------------------------------------
[prepareGeometryCube] Prepare cubeGeometry ...
[SuperGeometry3D] cleaned 0 outer boundary voxel(s)
[SuperGeometry3D] cleaned 0 inner boundary voxel(s)
[SuperGeometry3D] the model is correct!
[CuboidGeometry3D] ---Cuboid Stucture Statistics---
[CuboidGeometry3D]  Number of Cuboids: 	2
[CuboidGeometry3D]  Delta  (min): 		0.02
[CuboidGeometry3D]         (max): 		0.02
[CuboidGeometry3D]  Ratio  (min): 		0.490196
[CuboidGeometry3D]         (max): 		2.04
[CuboidGeometry3D]  Nodes  (min): 		65025
[CuboidGeometry3D]         (max): 		67626
[CuboidGeometry3D]  Weight (min): 		65025
[CuboidGeometry3D]         (max): 		67626
[CuboidGeometry3D] --------------------------------
[SuperGeometryStatistics3D] materialNumber=1; count=117649; minPhysR=(0.02,-0.48,-0.48); maxPhysR=(0.98,0.48,0.48)
[SuperGeometryStatistics3D] materialNumber=2; count=14881; minPhysR=(0,-0.5,-0.5); maxPhysR=(1,0.5,0.5)
[SuperGeometryStatistics3D] materialNumber=3; count=121; minPhysR=(0,-0.1,-0.1); maxPhysR=(0,0.1,0.1)
[prepareGeometryCube] Prepare cubeGeometry ... OK
[prepareLattice] Prepare Lattice ...
[prepareLattice] Prepare Lattice ... OK
[main] iT convergence criteria: 160
[LatticeStatistics] step=0; t=0; uMax=0; avEnergy=0; avRho=1
[Timer] step=0; percent=0; passedTime=6.9264e-313; remTime=0.001; MLUPs=0
[Timer] step=0; percent=0; passedTime=6.9264e-313; remTime=0.001; MLUPs=0
[LatticeStatistics] step=100; t=0.005; uMax=0; avEnergy=0; avRho=0.00407846
[Timer] step=100; percent=0.0416667; passedTime=1.057; remTime=2535.74; MLUPs=12.5498
[Timer] step=100; percent=0.0416667; passedTime=1.057; remTime=2535.74; MLUPs=12.5498
[ValueTracer] average=0.00352899; stdDev/average=0.300674
[LatticeStatistics] step=200; t=0.01; uMax=0; avEnergy=0; avRho=0.00554343
[Timer] step=200; percent=0.0833333; passedTime=1.97; remTime=2362.03; MLUPs=14.5451
[Timer] step=200; percent=0.0833333; passedTime=1.97; remTime=2362.03; MLUPs=14.5451
[LatticeStatistics] step=300; t=0.015; uMax=0; avEnergy=0; avRho=0.00663458
[Timer] step=300; percent=0.125; passedTime=2.909; remTime=2324.29; MLUPs=14.1118
[Timer] step=300; percent=0.125; passedTime=2.909; remTime=2324.29; MLUPs=14.1118
[ValueTracer] average=0.0059879; stdDev/average=0.086805
[LatticeStatistics] step=400; t=0.02; uMax=0; avEnergy=0; avRho=0.00750946
[Timer] step=400; percent=0.166667; passedTime=3.827; remTime=2292.37; MLUPs=14.45
[Timer] step=400; percent=0.166667; passedTime=3.827; remTime=2292.37; MLUPs=14.45
[ValueTracer] average=0.0074969; stdDev/average=0.0489697
[LatticeStatistics] step=500; t=0.025; uMax=0; avEnergy=0; avRho=0.00822829
[Timer] step=500; percent=0.208333; passedTime=4.739; remTime=2269.98; MLUPs=14.5291
[Timer] step=500; percent=0.208333; passedTime=4.739; remTime=2269.98; MLUPs=14.5291
[LatticeStatistics] step=600; t=0.03; uMax=0; avEnergy=0; avRho=0.00882529
[Timer] step=600; percent=0.25; passedTime=5.655; remTime=2256.34; MLUPs=14.4658
[Timer] step=600; percent=0.25; passedTime=5.655; remTime=2256.34; MLUPs=14.4658
[ValueTracer] average=0.00859102; stdDev/average=0.0316372
[LatticeStatistics] step=700; t=0.035; uMax=0; avEnergy=0; avRho=0.00932414
[Timer] step=700; percent=0.291667; passedTime=6.575; remTime=2247.71; MLUPs=14.4186
[Timer] step=700; percent=0.291667; passedTime=6.575; remTime=2247.71; MLUPs=14.4186
[LatticeStatistics] step=800; t=0.04; uMax=0; avEnergy=0; avRho=0.00974268
[Timer] step=800; percent=0.333333; passedTime=7.496; remTime=2241.3; MLUPs=14.4029
[Timer] step=800; percent=0.333333; passedTime=7.496; remTime=2241.3; MLUPs=14.4029
[ValueTracer] average=0.00940777; stdDev/average=0.0217309
[LatticeStatistics] step=900; t=0.045; uMax=0; avEnergy=0; avRho=0.0100948
[Timer] step=900; percent=0.375; passedTime=8.417; remTime=2236.12; MLUPs=14.3873
[Timer] step=900; percent=0.375; passedTime=8.417; remTime=2236.12; MLUPs=14.3873
[ValueTracer] average=0.0100247; stdDev/average=0.0154675
[LatticeStatistics] step=1000; t=0.05; uMax=0; avEnergy=0; avRho=0.0103917
[Timer] step=1000; percent=0.416667; passedTime=9.333; remTime=2230.59; MLUPs=14.4816
[Timer] step=1000; percent=0.416667; passedTime=9.333; remTime=2230.59; MLUPs=14.4816
[LatticeStatistics] step=1100; t=0.055; uMax=0; avEnergy=0; avRho=0.0106424
[Timer] step=1100; percent=0.458333; passedTime=10.249; remTime=2225.9; MLUPs=14.4816
[Timer] step=1100; percent=0.458333; passedTime=10.249; remTime=2225.9; MLUPs=14.4816
[ValueTracer] average=0.0104938; stdDev/average=0.0112607
[LatticeStatistics] step=1200; t=0.06; uMax=0; avEnergy=0; avRho=0.0108542
[Timer] step=1200; percent=0.5; passedTime=11.166; remTime=2222.03; MLUPs=14.4658
[Timer] step=1200; percent=0.5; passedTime=11.166; remTime=2222.03; MLUPs=14.4658
[ValueTracer] average=0.0108517; stdDev/average=0.00832123
[LatticeStatistics] step=1300; t=0.065; uMax=0; avEnergy=0; avRho=0.0110334
[Timer] step=1300; percent=0.541667; passedTime=12.085; remTime=2218.99; MLUPs=14.4186
[Timer] step=1300; percent=0.541667; passedTime=12.085; remTime=2218.99; MLUPs=14.4186
[LatticeStatistics] step=1400; t=0.07; uMax=0; avEnergy=0; avRho=0.011185
[Timer] step=1400; percent=0.583333; passedTime=13.003; remTime=2216.08; MLUPs=14.4343
[Timer] step=1400; percent=0.583333; passedTime=13.003; remTime=2216.08; MLUPs=14.4343
[ValueTracer] average=0.0111255; stdDev/average=0.00621171
[LatticeStatistics] step=1500; t=0.075; uMax=0; avEnergy=0; avRho=0.0113134
[Timer] step=1500; percent=0.625; passedTime=13.916; remTime=2212.64; MLUPs=14.5451
[Timer] step=1500; percent=0.625; passedTime=13.916; remTime=2212.64; MLUPs=14.5451
[LatticeStatistics] step=1600; t=0.08; uMax=0; avEnergy=0; avRho=0.011422
[Timer] step=1600; percent=0.666667; passedTime=14.829; remTime=2209.52; MLUPs=14.5291
[Timer] step=1600; percent=0.666667; passedTime=14.829; remTime=2209.52; MLUPs=14.5291
[ValueTracer] average=0.0113351; stdDev/average=0.00466988
[LatticeStatistics] step=1700; t=0.085; uMax=0; avEnergy=0; avRho=0.011514
[Timer] step=1700; percent=0.708333; passedTime=15.746; remTime=2207.22; MLUPs=14.45
[Timer] step=1700; percent=0.708333; passedTime=15.746; remTime=2207.22; MLUPs=14.45
[ValueTracer] average=0.0114957; stdDev/average=0.00352849
[LatticeStatistics] step=1800; t=0.09; uMax=0; avEnergy=0; avRho=0.0115919
[Timer] step=1800; percent=0.75; passedTime=16.657; remTime=2204.28; MLUPs=14.5451
[Timer] step=1800; percent=0.75; passedTime=16.657; remTime=2204.28; MLUPs=14.5451
[LatticeStatistics] step=1900; t=0.095; uMax=0; avEnergy=0; avRho=0.0116579
[Timer] step=1900; percent=0.791667; passedTime=17.571; remTime=2201.92; MLUPs=14.4974
[Timer] step=1900; percent=0.791667; passedTime=17.571; remTime=2201.92; MLUPs=14.4974
[ValueTracer] average=0.0116188; stdDev/average=0.00267584
[LatticeStatistics] step=2000; t=0.1; uMax=0; avEnergy=0; avRho=0.0117137
[Timer] step=2000; percent=0.833333; passedTime=18.481; remTime=2199.24; MLUPs=14.577
[Timer] step=2000; percent=0.833333; passedTime=18.481; remTime=2199.24; MLUPs=14.577
[ValueTracer] average=0.0117131; stdDev/average=0.00203469
[LatticeStatistics] step=2100; t=0.105; uMax=0; avEnergy=0; avRho=0.0117611
[Timer] step=2100; percent=0.875; passedTime=19.393; remTime=2196.95; MLUPs=14.5291
[Timer] step=2100; percent=0.875; passedTime=19.393; remTime=2196.95; MLUPs=14.5291
[LatticeStatistics] step=2200; t=0.11; uMax=0; avEnergy=0; avRho=0.0118011
[Timer] step=2200; percent=0.916667; passedTime=20.305; remTime=2194.79; MLUPs=14.5451
[Timer] step=2200; percent=0.916667; passedTime=20.305; remTime=2194.79; MLUPs=14.5451
[ValueTracer] average=0.0117854; stdDev/average=0.00155026
[LatticeStatistics] step=2300; t=0.115; uMax=0; avEnergy=0; avRho=0.0118351
[Timer] step=2300; percent=0.958333; passedTime=21.216; remTime=2192.63; MLUPs=14.5451
[Timer] step=2300; percent=0.958333; passedTime=21.216; remTime=2192.63; MLUPs=14.5451
[LatticeStatistics] step=2400; t=0.12; uMax=0; avEnergy=0; avRho=0.0118638
[Timer] step=2400; percent=1; passedTime=22.128; remTime=2190.67; MLUPs=14.5451
[Timer] step=2400; percent=1; passedTime=22.128; remTime=2190.67; MLUPs=14.5451
[ValueTracer] average=0.0118408; stdDev/average=0.00118294
[LatticeStatistics] step=2500; t=0.125; uMax=0; avEnergy=0; avRho=0.0118882
[Timer] step=2500; percent=1.04167; passedTime=23.049; remTime=2189.66; MLUPs=14.4029
[Timer] step=2500; percent=1.04167; passedTime=23.049; remTime=2189.66; MLUPs=14.4029
[ValueTracer] average=0.0118833; stdDev/average=0.00090367
[LatticeStatistics] step=2600; t=0.13; uMax=0; avEnergy=0; avRho=0.0119088
[Timer] step=2600; percent=1.08333; passedTime=23.974; remTime=2189.01; MLUPs=14.3406
[Timer] step=2600; percent=1.08333; passedTime=23.974; remTime=2189.01; MLUPs=14.3406
[LatticeStatistics] step=2700; t=0.135; uMax=0; avEnergy=0; avRho=0.0119263
[Timer] step=2700; percent=1.125; passedTime=24.889; remTime=2187.47; MLUPs=14.4974
[Timer] step=2700; percent=1.125; passedTime=24.889; remTime=2187.47; MLUPs=14.4974
[ValueTracer] average=0.0119159; stdDev/average=0.000690921
[LatticeStatistics] step=2800; t=0.14; uMax=0; avEnergy=0; avRho=0.0119411
[Timer] step=2800; percent=1.16667; passedTime=25.8; remTime=2185.63; MLUPs=14.561
[Timer] step=2800; percent=1.16667; passedTime=25.8; remTime=2185.63; MLUPs=14.561
[ValueTracer] average=0.0119409; stdDev/average=0.000528602
[LatticeStatistics] step=2900; t=0.145; uMax=0; avEnergy=0; avRho=0.0119536
[Timer] step=2900; percent=1.20833; passedTime=26.803; remTime=2191.38; MLUPs=13.2254
[Timer] step=2900; percent=1.20833; passedTime=26.803; remTime=2191.38; MLUPs=13.2254
[LatticeStatistics] step=3000; t=0.15; uMax=0; avEnergy=0; avRho=0.0119642
[Timer] step=3000; percent=1.25; passedTime=27.716; remTime=2189.56; MLUPs=14.5291
[Timer] step=3000; percent=1.25; passedTime=27.716; remTime=2189.56; MLUPs=14.5291
[ValueTracer] average=0.0119601; stdDev/average=0.000404617
[LatticeStatistics] step=3100; t=0.155; uMax=0; avEnergy=0; avRho=0.0119732
[Timer] step=3100; percent=1.29167; passedTime=28.63; remTime=2187.89; MLUPs=14.4974
[Timer] step=3100; percent=1.29167; passedTime=28.63; remTime=2187.89; MLUPs=14.4974
[LatticeStatistics] step=3200; t=0.16; uMax=0; avEnergy=0; avRho=0.0119808
[Timer] step=3200; percent=1.33333; passedTime=29.543; remTime=2186.18; MLUPs=14.5132
[Timer] step=3200; percent=1.33333; passedTime=29.543; remTime=2186.18; MLUPs=14.5132
[ValueTracer] average=0.0119747; stdDev/average=0.00030983
[LatticeStatistics] step=3300; t=0.165; uMax=0; avEnergy=0; avRho=0.0119873
[Timer] step=3300; percent=1.375; passedTime=30.454; remTime=2184.38; MLUPs=14.561
[Timer] step=3300; percent=1.375; passedTime=30.454; remTime=2184.38; MLUPs=14.561
[ValueTracer] average=0.011986; stdDev/average=0.000237317
[LatticeStatistics] step=3400; t=0.17; uMax=0; avEnergy=0; avRho=0.0119928
[Timer] step=3400; percent=1.41667; passedTime=31.369; remTime=2182.91; MLUPs=14.4816
[Timer] step=3400; percent=1.41667; passedTime=31.369; remTime=2182.91; MLUPs=14.4816
[LatticeStatistics] step=3500; t=0.175; uMax=0; avEnergy=0; avRho=0.0119974
[Timer] step=3500; percent=1.45833; passedTime=32.281; remTime=2181.27; MLUPs=14.5291
[Timer] step=3500; percent=1.45833; passedTime=32.281; remTime=2181.27; MLUPs=14.5291
[ValueTracer] average=0.0119946; stdDev/average=0.000181814
[LatticeStatistics] step=3600; t=0.18; uMax=0; avEnergy=0; avRho=0.0120013
[Timer] step=3600; percent=1.5; passedTime=33.203; remTime=2180.33; MLUPs=14.3873
[Timer] step=3600; percent=1.5; passedTime=33.203; remTime=2180.33; MLUPs=14.3873
[ValueTracer] average=0.0120013; stdDev/average=0.000139316
[LatticeStatistics] step=3700; t=0.185; uMax=0; avEnergy=0; avRho=0.0120046
[Timer] step=3700; percent=1.54167; passedTime=34.116; remTime=2178.81; MLUPs=14.5132
[Timer] step=3700; percent=1.54167; passedTime=34.116; remTime=2178.81; MLUPs=14.5132
[LatticeStatistics] step=3800; t=0.19; uMax=0; avEnergy=0; avRho=0.0120074
[Timer] step=3800; percent=1.58333; passedTime=35.03; remTime=2177.39; MLUPs=14.4974
[Timer] step=3800; percent=1.58333; passedTime=35.03; remTime=2177.39; MLUPs=14.4974
[ValueTracer] average=0.0120063; stdDev/average=0.000106765
[LatticeStatistics] step=3900; t=0.195; uMax=0; avEnergy=0; avRho=0.0120098
[Timer] step=3900; percent=1.625; passedTime=35.943; remTime=2175.93; MLUPs=14.5291
[Timer] step=3900; percent=1.625; passedTime=35.943; remTime=2175.93; MLUPs=14.5291
[LatticeStatistics] step=4000; t=0.2; uMax=0; avEnergy=0; avRho=0.0120118
[Timer] step=4000; percent=1.66667; passedTime=36.856; remTime=2174.5; MLUPs=14.5132
[Timer] step=4000; percent=1.66667; passedTime=36.856; remTime=2174.5; MLUPs=14.5132
[ValueTracer] average=0.0120102; stdDev/average=8.18282e-05
[LatticeStatistics] step=4100; t=0.205; uMax=0; avEnergy=0; avRho=0.0120135
[Timer] step=4100; percent=1.70833; passedTime=37.767; remTime=2172.98; MLUPs=14.561
[Timer] step=4100; percent=1.70833; passedTime=37.767; remTime=2172.98; MLUPs=14.561
[ValueTracer] average=0.0120132; stdDev/average=6.27203e-05
[LatticeStatistics] step=4200; t=0.21; uMax=0; avEnergy=0; avRho=0.012015
[Timer] step=4200; percent=1.75; passedTime=38.68; remTime=2171.61; MLUPs=14.5132
[Timer] step=4200; percent=1.75; passedTime=38.68; remTime=2171.61; MLUPs=14.5132
[LatticeStatistics] step=4300; t=0.215; uMax=0; avEnergy=0; avRho=0.0120162
[Timer] step=4300; percent=1.79167; passedTime=39.596; remTime=2170.41; MLUPs=14.4816
[Timer] step=4300; percent=1.79167; passedTime=39.596; remTime=2170.41; MLUPs=14.4816
[ValueTracer] average=0.0120155; stdDev/average=4.80771e-05
[LatticeStatistics] step=4400; t=0.22; uMax=0; avEnergy=0; avRho=0.0120172
[Timer] step=4400; percent=1.83333; passedTime=40.632; remTime=2175.66; MLUPs=12.8042
[Timer] step=4400; percent=1.83333; passedTime=40.632; remTime=2175.66; MLUPs=12.8042
[ValueTracer] average=0.0120172; stdDev/average=3.68543e-05
[LatticeStatistics] step=4500; t=0.225; uMax=0; avEnergy=0; avRho=0.0120181
[Timer] step=4500; percent=1.875; passedTime=41.547; remTime=2174.29; MLUPs=14.4974
[Timer] step=4500; percent=1.875; passedTime=41.547; remTime=2174.29; MLUPs=14.4974
[LatticeStatistics] step=4600; t=0.23; uMax=0; avEnergy=0; avRho=0.0120189
[Timer] step=4600; percent=1.91667; passedTime=42.462; remTime=2172.95; MLUPs=14.4974
[Timer] step=4600; percent=1.91667; passedTime=42.462; remTime=2172.95; MLUPs=14.4974
[ValueTracer] average=0.0120186; stdDev/average=2.82522e-05
[LatticeStatistics] step=4700; t=0.235; uMax=0; avEnergy=0; avRho=0.0120195
[Timer] step=4700; percent=1.95833; passedTime=43.382; remTime=2171.87; MLUPs=14.4029
[Timer] step=4700; percent=1.95833; passedTime=43.382; remTime=2171.87; MLUPs=14.4029
[LatticeStatistics] step=4800; t=0.24; uMax=0; avEnergy=0; avRho=0.01202
[Timer] step=4800; percent=2; passedTime=44.3; remTime=2170.7; MLUPs=14.45
[Timer] step=4800; percent=2; passedTime=44.3; remTime=2170.7; MLUPs=14.45
[ValueTracer] average=0.0120196; stdDev/average=2.16585e-05
[LatticeStatistics] step=4900; t=0.245; uMax=0; avEnergy=0; avRho=0.0120205
[Timer] step=4900; percent=2.04167; passedTime=45.213; remTime=2169.3; MLUPs=14.5132
[Timer] step=4900; percent=2.04167; passedTime=45.213; remTime=2169.3; MLUPs=14.5132
[ValueTracer] average=0.0120204; stdDev/average=1.6604e-05
[LatticeStatistics] step=5000; t=0.25; uMax=0; avEnergy=0; avRho=0.0120209
[Timer] step=5000; percent=2.08333; passedTime=46.129; remTime=2168.06; MLUPs=14.4816
[Timer] step=5000; percent=2.08333; passedTime=46.129; remTime=2168.06; MLUPs=14.4816
[LatticeStatistics] step=5100; t=0.255; uMax=0; avEnergy=0; avRho=0.0120212
[Timer] step=5100; percent=2.125; passedTime=47.049; remTime=2167.02; MLUPs=14.4029
[Timer] step=5100; percent=2.125; passedTime=47.049; remTime=2167.02; MLUPs=14.4029
[ValueTracer] average=0.012021; stdDev/average=1.27293e-05
[LatticeStatistics] step=5200; t=0.26; uMax=0; avEnergy=0; avRho=0.0120215
[Timer] step=5200; percent=2.16667; passedTime=47.973; remTime=2166.17; MLUPs=14.3717
[Timer] step=5200; percent=2.16667; passedTime=47.973; remTime=2166.17; MLUPs=14.3717
[ValueTracer] average=0.0120215; stdDev/average=9.75887e-06
[LatticeStatistics] step=5300; t=0.265; uMax=0; avEnergy=0; avRho=0.0120217
[Timer] step=5300; percent=2.20833; passedTime=48.892; remTime=2165.09; MLUPs=14.4186
[Timer] step=5300; percent=2.20833; passedTime=48.892; remTime=2165.09; MLUPs=14.4186
[LatticeStatistics] step=5400; t=0.27; uMax=0; avEnergy=0; avRho=0.0120219
[Timer] step=5400; percent=2.25; passedTime=49.808; remTime=2163.88; MLUPs=14.4816
[Timer] step=5400; percent=2.25; passedTime=49.808; remTime=2163.88; MLUPs=14.4816
[ValueTracer] average=0.0120218; stdDev/average=7.48169e-06
[LatticeStatistics] step=5500; t=0.275; uMax=0; avEnergy=0; avRho=0.0120221
[Timer] step=5500; percent=2.29167; passedTime=50.772; remTime=2164.73; MLUPs=13.7605
[Timer] step=5500; percent=2.29167; passedTime=50.772; remTime=2164.73; MLUPs=13.7605
[LatticeStatistics] step=5600; t=0.28; uMax=0; avEnergy=0; avRho=0.0120222
[Timer] step=5600; percent=2.33333; passedTime=51.685; remTime=2163.39; MLUPs=14.5132
[Timer] step=5600; percent=2.33333; passedTime=51.685; remTime=2163.39; MLUPs=14.5132
[ValueTracer] average=0.0120221; stdDev/average=5.73591e-06
[LatticeStatistics] step=5700; t=0.285; uMax=0; avEnergy=0; avRho=0.0120223
[Timer] step=5700; percent=2.375; passedTime=52.594; remTime=2161.89; MLUPs=14.577
[Timer] step=5700; percent=2.375; passedTime=52.594; remTime=2161.89; MLUPs=14.577
[ValueTracer] average=0.0120223; stdDev/average=4.39752e-06
[LatticeStatistics] step=5800; t=0.29; uMax=0; avEnergy=0; avRho=0.0120224
[Timer] step=5800; percent=2.41667; passedTime=53.511; remTime=2160.74; MLUPs=14.4658
[Timer] step=5800; percent=2.41667; passedTime=53.511; remTime=2160.74; MLUPs=14.4658
[LatticeStatistics] step=5900; t=0.295; uMax=0; avEnergy=0; avRho=0.0120225
[Timer] step=5900; percent=2.45833; passedTime=54.424; remTime=2159.43; MLUPs=14.5291
[Timer] step=5900; percent=2.45833; passedTime=54.424; remTime=2159.43; MLUPs=14.5291
[ValueTracer] average=0.0120225; stdDev/average=3.37144e-06
[LatticeStatistics] step=6000; t=0.3; uMax=0; avEnergy=0; avRho=0.0120226
[Timer] step=6000; percent=2.5; passedTime=55.336; remTime=2158.1; MLUPs=14.5451
[Timer] step=6000; percent=2.5; passedTime=55.336; remTime=2158.1; MLUPs=14.5451
[ValueTracer] average=0.0120226; stdDev/average=2.58478e-06
[LatticeStatistics] step=6100; t=0.305; uMax=0; avEnergy=0; avRho=0.0120227
[Timer] step=6100; percent=2.54167; passedTime=56.249; remTime=2156.83; MLUPs=14.5291
[Timer] step=6100; percent=2.54167; passedTime=56.249; remTime=2156.83; MLUPs=14.5291
[LatticeStatistics] step=6200; t=0.31; uMax=0; avEnergy=0; avRho=0.0120227
[Timer] step=6200; percent=2.58333; passedTime=57.162; remTime=2155.56; MLUPs=14.5291
[Timer] step=6200; percent=2.58333; passedTime=57.162; remTime=2155.56; MLUPs=14.5291
[ValueTracer] average=0.0120227; stdDev/average=1.98168e-06
[LatticeStatistics] step=6300; t=0.315; uMax=0; avEnergy=0; avRho=0.0120228
[Timer] step=6300; percent=2.625; passedTime=58.074; remTime=2154.27; MLUPs=14.5291
[Timer] step=6300; percent=2.625; passedTime=58.074; remTime=2154.27; MLUPs=14.5291
[LatticeStatistics] step=6400; t=0.32; uMax=0; avEnergy=0; avRho=0.0120228
[Timer] step=6400; percent=2.66667; passedTime=58.99; remTime=2153.14; MLUPs=14.4974
[Timer] step=6400; percent=2.66667; passedTime=58.99; remTime=2153.14; MLUPs=14.4974
[ValueTracer] average=0.0120228; stdDev/average=1.5193e-06
[LatticeStatistics] step=6500; t=0.325; uMax=0; avEnergy=0; avRho=0.0120228
[Timer] step=6500; percent=2.70833; passedTime=59.899; remTime=2151.76; MLUPs=14.5931
[Timer] step=6500; percent=2.70833; passedTime=59.899; remTime=2151.76; MLUPs=14.5931
[ValueTracer] average=0.0120228; stdDev/average=1.16481e-06
[LatticeStatistics] step=6600; t=0.33; uMax=0; avEnergy=0; avRho=0.0120228
[Timer] step=6600; percent=2.75; passedTime=60.813; remTime=2150.57; MLUPs=14.4974
[Timer] step=6600; percent=2.75; passedTime=60.813; remTime=2150.57; MLUPs=14.4974
[LatticeStatistics] step=6700; t=0.335; uMax=0; avEnergy=0; avRho=0.0120229
[Timer] step=6700; percent=2.79167; passedTime=61.727; remTime=2149.39; MLUPs=14.5132
[Timer] step=6700; percent=2.79167; passedTime=61.727; remTime=2149.39; MLUPs=14.5132
[ValueTracer] average=0.0120229; stdDev/average=8.93029e-07
[LatticeStatistics] step=6800; t=0.34; uMax=0; avEnergy=0; avRho=0.0120229
[Timer] step=6800; percent=2.83333; passedTime=62.64; remTime=2148.18; MLUPs=14.5132
[Timer] step=6800; percent=2.83333; passedTime=62.64; remTime=2148.18; MLUPs=14.5132
[ValueTracer] average=0.0120229; stdDev/average=6.84664e-07
[LatticeStatistics] step=6900; t=0.345; uMax=0; avEnergy=0; avRho=0.0120229
[Timer] step=6900; percent=2.875; passedTime=63.807; remTime=2155.57; MLUPs=11.3668
[Timer] step=6900; percent=2.875; passedTime=63.807; remTime=2155.57; MLUPs=11.3668
[LatticeStatistics] step=7000; t=0.35; uMax=0; avEnergy=0; avRho=0.0120229
[Timer] step=7000; percent=2.91667; passedTime=64.719; remTime=2154.22; MLUPs=14.5451
[Timer] step=7000; percent=2.91667; passedTime=64.719; remTime=2154.22; MLUPs=14.5451
[ValueTracer] average=0.0120229; stdDev/average=5.24915e-07
[LatticeStatistics] step=7100; t=0.355; uMax=0; avEnergy=0; avRho=0.0120229
[Timer] step=7100; percent=2.95833; passedTime=65.631; remTime=2152.88; MLUPs=14.5291
[Timer] step=7100; percent=2.95833; passedTime=65.631; remTime=2152.88; MLUPs=14.5291
[LatticeStatistics] step=7200; t=0.36; uMax=0; avEnergy=0; avRho=0.0120229
[Timer] step=7200; percent=3; passedTime=66.543; remTime=2151.56; MLUPs=14.5451
[Timer] step=7200; percent=3; passedTime=66.543; remTime=2151.56; MLUPs=14.5451
[ValueTracer] average=0.0120229; stdDev/average=4.0244e-07
[LatticeStatistics] step=7300; t=0.365; uMax=0; avEnergy=0; avRho=0.012023
[Timer] step=7300; percent=3.04167; passedTime=67.452; remTime=2150.15; MLUPs=14.577
[Timer] step=7300; percent=3.04167; passedTime=67.452; remTime=2150.15; MLUPs=14.577
[ValueTracer] average=0.0120229; stdDev/average=3.08542e-07
[LatticeStatistics] step=7400; t=0.37; uMax=0; avEnergy=0; avRho=0.012023
[Timer] step=7400; percent=3.08333; passedTime=68.366; remTime=2148.91; MLUPs=14.5132
[Timer] step=7400; percent=3.08333; passedTime=68.366; remTime=2148.91; MLUPs=14.5132
[LatticeStatistics] step=7500; t=0.375; uMax=0; avEnergy=0; avRho=0.012023
[Timer] step=7500; percent=3.125; passedTime=69.281; remTime=2147.71; MLUPs=14.4974
[Timer] step=7500; percent=3.125; passedTime=69.281; remTime=2147.71; MLUPs=14.4974
[ValueTracer] average=0.012023; stdDev/average=2.36552e-07
[LatticeStatistics] step=7600; t=0.38; uMax=0; avEnergy=0; avRho=0.012023
[Timer] step=7600; percent=3.16667; passedTime=70.201; remTime=2146.67; MLUPs=14.4029
[Timer] step=7600; percent=3.16667; passedTime=70.201; remTime=2146.67; MLUPs=14.4029
[ValueTracer] average=0.012023; stdDev/average=1.81359e-07
[LatticeStatistics] step=7700; t=0.385; uMax=0; avEnergy=0; avRho=0.012023
[Timer] step=7700; percent=3.20833; passedTime=71.117; remTime=2145.52; MLUPs=14.4816
[Timer] step=7700; percent=3.20833; passedTime=71.117; remTime=2145.52; MLUPs=14.4816
[LatticeStatistics] step=7800; t=0.39; uMax=0; avEnergy=0; avRho=0.012023
[Timer] step=7800; percent=3.25; passedTime=72.031; remTime=2144.31; MLUPs=14.5132
[Timer] step=7800; percent=3.25; passedTime=72.031; remTime=2144.31; MLUPs=14.5132
[ValueTracer] average=0.012023; stdDev/average=1.39044e-07
[LatticeStatistics] step=7900; t=0.395; uMax=0; avEnergy=0; avRho=0.012023
[Timer] step=7900; percent=3.29167; passedTime=72.947; remTime=2143.16; MLUPs=14.4816
[Timer] step=7900; percent=3.29167; passedTime=72.947; remTime=2143.16; MLUPs=14.4816
[LatticeStatistics] step=8000; t=0.4; uMax=0; avEnergy=0; avRho=0.012023
[Timer] step=8000; percent=3.33333; passedTime=73.863; remTime=2142.03; MLUPs=14.4816
[Timer] step=8000; percent=3.33333; passedTime=73.863; remTime=2142.03; MLUPs=14.4816
[ValueTracer] average=0.012023; stdDev/average=1.06602e-07
[LatticeStatistics] step=8100; t=0.405; uMax=0; avEnergy=0; avRho=0.012023
[Timer] step=8100; percent=3.375; passedTime=74.783; remTime=2141.01; MLUPs=14.4029
[Timer] step=8100; percent=3.375; passedTime=74.783; remTime=2141.01; MLUPs=14.4029
[ValueTracer] average=0.012023; stdDev/average=8.17292e-08
[LatticeStatistics] step=8200; t=0.41; uMax=0; avEnergy=0; avRho=0.012023
[Timer] step=8200; percent=3.41667; passedTime=75.697; remTime=2139.82; MLUPs=14.5132
[Timer] step=8200; percent=3.41667; passedTime=75.697; remTime=2139.82; MLUPs=14.5132
[LatticeStatistics] step=8300; t=0.415; uMax=0; avEnergy=0; avRho=0.012023
[Timer] step=8300; percent=3.45833; passedTime=76.611; remTime=2138.65; MLUPs=14.4974
[Timer] step=8300; percent=3.45833; passedTime=76.611; remTime=2138.65; MLUPs=14.4974
[ValueTracer] average=0.012023; stdDev/average=6.26599e-08
[LatticeStatistics] step=8400; t=0.42; uMax=0; avEnergy=0; avRho=0.012023
[Timer] step=8400; percent=3.5; passedTime=77.525; remTime=2137.47; MLUPs=14.5132
[Timer] step=8400; percent=3.5; passedTime=77.525; remTime=2137.47; MLUPs=14.5132
[ValueTracer] average=0.012023; stdDev/average=4.804e-08
[LatticeStatistics] step=8500; t=0.425; uMax=0; avEnergy=0; avRho=0.012023
[Timer] step=8500; percent=3.54167; passedTime=78.438; remTime=2136.28; MLUPs=14.5291
[Timer] step=8500; percent=3.54167; passedTime=78.438; remTime=2136.28; MLUPs=14.5291
[LatticeStatistics] step=8600; t=0.43; uMax=0; avEnergy=0; avRho=0.012023
[Timer] step=8600; percent=3.58333; passedTime=79.351; remTime=2135.1; MLUPs=14.5132
[Timer] step=8600; percent=3.58333; passedTime=79.351; remTime=2135.1; MLUPs=14.5132
[ValueTracer] average=0.012023; stdDev/average=3.68312e-08
[LatticeStatistics] step=8700; t=0.435; uMax=0; avEnergy=0; avRho=0.012023
[Timer] step=8700; percent=3.625; passedTime=80.264; remTime=2133.92; MLUPs=14.5291
[Timer] step=8700; percent=3.625; passedTime=80.264; remTime=2133.92; MLUPs=14.5291
[LatticeStatistics] step=8800; t=0.44; uMax=0; avEnergy=0; avRho=0.012023
[Timer] step=8800; percent=3.66667; passedTime=81.178; remTime=2132.77; MLUPs=14.4974
[Timer] step=8800; percent=3.66667; passedTime=81.178; remTime=2132.77; MLUPs=14.4974
[ValueTracer] average=0.012023; stdDev/average=2.82376e-08
[LatticeStatistics] step=8900; t=0.445; uMax=0; avEnergy=0; avRho=0.012023
[Timer] step=8900; percent=3.70833; passedTime=82.09; remTime=2131.57; MLUPs=14.5451
[Timer] step=8900; percent=3.70833; passedTime=82.09; remTime=2131.57; MLUPs=14.5451
[ValueTracer] average=0.012023; stdDev/average=2.16492e-08
[LatticeStatistics] step=9000; t=0.45; uMax=0; avEnergy=0; avRho=0.012023
[Timer] step=9000; percent=3.75; passedTime=83.004; remTime=2130.44; MLUPs=14.4974
[Timer] step=9000; percent=3.75; passedTime=83.004; remTime=2130.44; MLUPs=14.4974
[LatticeStatistics] step=9100; t=0.455; uMax=0; avEnergy=0; avRho=0.012023
[Timer] step=9100; percent=3.79167; passedTime=83.925; remTime=2129.48; MLUPs=14.4186
[Timer] step=9100; percent=3.79167; passedTime=83.925; remTime=2129.48; MLUPs=14.4186
[ValueTracer] average=0.012023; stdDev/average=1.65979e-08
[LatticeStatistics] step=9200; t=0.46; uMax=0; avEnergy=0; avRho=0.012023
[Timer] step=9200; percent=3.83333; passedTime=84.839; remTime=2128.35; MLUPs=14.4974
[Timer] step=9200; percent=3.83333; passedTime=84.839; remTime=2128.35; MLUPs=14.4974
[ValueTracer] average=0.012023; stdDev/average=1.27253e-08
[LatticeStatistics] step=9300; t=0.465; uMax=0; avEnergy=0; avRho=0.012023
[Timer] step=9300; percent=3.875; passedTime=85.755; remTime=2127.28; MLUPs=14.4816
[Timer] step=9300; percent=3.875; passedTime=85.755; remTime=2127.28; MLUPs=14.4816
[LatticeStatistics] step=9400; t=0.47; uMax=0; avEnergy=0; avRho=0.012023
[Timer] step=9400; percent=3.91667; passedTime=86.668; remTime=2126.13; MLUPs=14.5132
[Timer] step=9400; percent=3.91667; passedTime=86.668; remTime=2126.13; MLUPs=14.5132
[main] Simulation converged. -- 9426
[main] ------9426
[main] Simulation converged. -- 9426
[main] ./50case3_addTemp_mink/50case3.csv
0.000, 1.000000e+00, 0.000000e+00, 0.000000e+00, 0.000000e+00, 0.000000e+00, 0.000000e+00
0.010, 9.172388e-01, 5.999070e-03, 1.178561e-03, 1.982288e-02, 0.000000e+00, 0.000000e+00
0.020, 8.344776e-01, 1.199814e-02, 2.357122e-03, 3.964575e-02, 0.000000e+00, 0.000000e+00
0.030, 7.587055e-01, 1.738513e-02, 3.488400e-03, 3.741296e-02, 0.000000e+00, 0.000000e+00
0.040, 6.829335e-01, 2.277212e-02, 4.619679e-03, 3.518017e-02, 0.000000e+00, 0.000000e+00
0.050, 6.179350e-01, 2.713349e-02, 5.661039e-03, 3.238335e-02, 0.000000e+00, 0.000000e+00
0.060, 5.529365e-01, 3.149487e-02, 6.702399e-03, 2.958653e-02, 0.000000e+00, 0.000000e+00
0.070, 4.995463e-01, 3.467503e-02, 7.620454e-03, 2.680366e-02, 0.000000e+00, 0.000000e+00
0.080, 4.461560e-01, 3.785519e-02, 8.538508e-03, 2.402079e-02, 0.000000e+00, 0.000000e+00
0.090, 4.034280e-01, 3.990000e-02, 9.311064e-03, 2.156648e-02, 0.000000e+00, 0.000000e+00
0.100, 3.607001e-01, 4.194481e-02, 1.008362e-02, 1.911216e-02, 0.000000e+00, 0.000000e+00
0.110, 3.269513e-01, 4.301391e-02, 1.069995e-02, 1.709015e-02, 0.000000e+00, 0.000000e+00
0.120, 2.932024e-01, 4.408301e-02, 1.131629e-02, 1.506814e-02, 0.000000e+00, 0.000000e+00
0.130, 2.666564e-01, 4.437698e-02, 1.177593e-02, 1.346482e-02, 0.000000e+00, 0.000000e+00
0.140, 2.401104e-01, 4.467094e-02, 1.223557e-02, 1.186151e-02, 0.000000e+00, 0.000000e+00
0.150, 2.191928e-01, 4.438612e-02, 1.254620e-02, 1.061533e-02, -6.938894e-18, 0.000000e+00
0.160, 1.982752e-01, 4.410129e-02, 1.285682e-02, 9.369155e-03, -1.387779e-17, 0.000000e+00
0.170, 1.817023e-01, 4.340794e-02, 1.303185e-02, 8.408697e-03, -6.938894e-18, -6.938894e-18
0.180, 1.651293e-01, 4.271458e-02, 1.320687e-02, 7.448240e-03, 0.000000e+00, -1.387779e-17
0.190, 1.518983e-01, 4.175009e-02, 1.326313e-02, 6.708811e-03, 1.387779e-17, -2.081668e-17
0.200, 1.386672e-01, 4.078559e-02, 1.331939e-02, 5.969381e-03, 2.775558e-17, -2.775558e-17
0.210, 1.280119e-01, 3.965553e-02, 1.327521e-02, 5.398128e-03, 1.387779e-17, -2.081668e-17
0.220, 1.173566e-01, 3.852547e-02, 1.323103e-02, 4.826876e-03, 0.000000e+00, -1.387779e-17
0.230, 1.086973e-01, 3.730813e-02, 1.310476e-02, 4.382776e-03, 6.938894e-18, -6.938894e-18
0.240, 1.000379e-01, 3.609078e-02, 1.297849e-02, 3.938676e-03, 1.387779e-17, 0.000000e+00
0.250, 9.293674e-02, 3.484243e-02, 1.278747e-02, 3.590701e-03, 2.081668e-17, 0.000000e+00
0.260, 8.583556e-02, 3.359408e-02, 1.259645e-02, 3.242727e-03, 2.775558e-17, 0.000000e+00
0.270, 7.996106e-02, 3.235402e-02, 1.235639e-02, 2.967696e-03, 1.387779e-17, 0.000000e+00
0.280, 7.408656e-02, 3.111395e-02, 1.211633e-02, 2.692665e-03, 0.000000e+00, 0.000000e+00
0.290, 6.918644e-02, 2.990869e-02, 1.184101e-02, 2.473326e-03, -6.938894e-18, 0.000000e+00
0.300, 6.428633e-02, 2.870343e-02, 1.156568e-02, 2.253987e-03, -1.387779e-17, 0.000000e+00
0.310, 6.016719e-02, 2.755008e-02, 1.126682e-02, 2.077487e-03, -6.938894e-18, 6.938894e-18
0.320, 5.604805e-02, 2.639673e-02, 1.096795e-02, 1.900988e-03, 0.000000e+00, 1.387779e-17
0.330, 5.256045e-02, 2.530559e-02, 1.065530e-02, 1.757715e-03, 6.938894e-18, -1.232595e-32
0.340, 4.907285e-02, 2.421445e-02, 1.034264e-02, 1.614442e-03, 1.387779e-17, -1.387779e-17
0.350, 4.610032e-02, 2.319097e-02, 1.002410e-02, 1.497160e-03, 1.387779e-17, -1.387779e-17
0.360, 4.312779e-02, 2.216749e-02, 9.705567e-03, 1.379878e-03, 1.387779e-17, -1.387779e-17
0.370, 4.057879e-02, 2.121370e-02, 9.387423e-03, 1.283104e-03, 6.938894e-18, -2.081668e-17
0.380, 3.802979e-02, 2.025992e-02, 9.069279e-03, 1.186329e-03, 0.000000e+00, -2.775558e-17
0.390, 3.583174e-02, 1.937553e-02, 8.756378e-03, 1.105874e-03, 0.000000e+00, -1.387779e-17
0.400, 3.363369e-02, 1.849114e-02, 8.443477e-03, 1.025418e-03, 0.000000e+00, 0.000000e+00
0.410, 3.172857e-02, 1.767428e-02, 8.139462e-03, 9.580573e-04, 0.000000e+00, 0.000000e+00
0.420, 2.982345e-02, 1.685742e-02, 7.835448e-03, 8.906962e-04, 0.000000e+00, 0.000000e+00
0.430, 2.816449e-02, 1.610522e-02, 7.542954e-03, 8.339270e-04, -1.387779e-17, 1.387779e-17
0.440, 2.650553e-02, 1.535301e-02, 7.250461e-03, 7.771579e-04, -2.775558e-17, 2.775558e-17
0.450, 2.505472e-02, 1.466197e-02, 6.971301e-03, 7.290229e-04, -1.387779e-17, -2.465190e-32
0.460, 2.360392e-02, 1.397093e-02, 6.692140e-03, 6.808879e-04, 0.000000e+00, -2.775558e-17
0.470, 2.233018e-02, 1.333724e-02, 6.427456e-03, 6.398438e-04, 0.000000e+00, -2.081668e-17
0.480, 2.105644e-02, 1.270355e-02, 6.162772e-03, 5.987996e-04, 0.000000e+00, -1.387779e-17
0.490, 1.993411e-02, 1.212325e-02, 5.913183e-03, 5.636206e-04, 0.000000e+00, -6.938894e-18
0.500, 1.881179e-02, 1.154296e-02, 5.663593e-03, 5.284415e-04, 0.000000e+00, 0.000000e+00
0.510, 1.781958e-02, 1.101212e-02, 5.429301e-03, 4.981467e-04, 0.000000e+00, -1.387779e-17
0.520, 1.682737e-02, 1.048127e-02, 5.195009e-03, 4.678519e-04, 0.000000e+00, -2.775558e-17
0.530, 1.594749e-02, 9.996020e-03, 4.975901e-03, 4.416513e-04, 0.000000e+00, -2.081668e-17
0.540, 1.506761e-02, 9.510768e-03, 4.756793e-03, 4.154506e-04, 0.000000e+00, -1.387779e-17
0.550, 1.428509e-02, 9.067402e-03, 4.552520e-03, 3.927033e-04, 6.938894e-18, -1.387779e-17
0.560, 1.350256e-02, 8.624036e-03, 4.348246e-03, 3.699559e-04, 1.387779e-17, -1.387779e-17
0.570, 1.280473e-02, 8.219034e-03, 4.158281e-03, 3.501388e-04, 6.938894e-18, -1.387779e-17
0.580, 1.210689e-02, 7.814032e-03, 3.968316e-03, 3.303217e-04, 6.471125e-32, -1.387779e-17
0.590, 1.148296e-02, 7.444078e-03, 3.792012e-03, 3.130053e-04, 0.000000e+00, 1.232595e-32
0.600, 1.085903e-02, 7.074124e-03, 3.615708e-03, 2.956889e-04, 0.000000e+00, 1.387779e-17
0.610, 1.029978e-02, 6.736113e-03, 3.452336e-03, 2.805185e-04, 6.938894e-18, 2.081668e-17
0.620, 9.740521e-03, 6.398102e-03, 3.288963e-03, 2.653481e-04, 1.387779e-17, 2.775558e-17
0.630, 9.237998e-03, 6.089141e-03, 3.137742e-03, 2.520291e-04, 6.938894e-18, 1.387779e-17
0.640, 8.735476e-03, 5.780180e-03, 2.986520e-03, 2.387102e-04, 0.000000e+00, 0.000000e+00
0.650, 8.282811e-03, 5.497583e-03, 2.846641e-03, 2.269971e-04, -1.387779e-17, -6.938894e-18
0.660, 7.830147e-03, 5.214986e-03, 2.706763e-03, 2.152839e-04, -2.775558e-17, -1.387779e-17
0.670, 7.421363e-03, 4.956264e-03, 2.577413e-03, 2.049705e-04, -1.387779e-17, -6.938894e-18
0.680, 7.012580e-03, 4.697542e-03, 2.448063e-03, 1.946571e-04, 0.000000e+00, 0.000000e+00
0.690, 6.642453e-03, 4.460394e-03, 2.328434e-03, 1.855701e-04, -6.938894e-18, 0.000000e+00
0.700, 6.272326e-03, 4.223245e-03, 2.208804e-03, 1.764830e-04, -1.387779e-17, 0.000000e+00
0.710, 5.936265e-03, 4.005540e-03, 2.098100e-03, 1.684759e-04, -1.387779e-17, 0.000000e+00
0.720, 5.600205e-03, 3.787836e-03, 1.987397e-03, 1.604688e-04, -1.387779e-17, 0.000000e+00
0.730, 5.294158e-03, 3.587608e-03, 1.884849e-03, 1.534174e-04, -1.387779e-17, 0.000000e+00
0.740, 4.988111e-03, 3.387380e-03, 1.782301e-03, 1.463661e-04, -1.387779e-17, 0.000000e+00
0.750, 4.708481e-03, 3.202808e-03, 1.687164e-03, 1.401653e-04, -6.938894e-18, -6.938894e-18
0.760, 4.428851e-03, 3.018237e-03, 1.592027e-03, 1.339644e-04, 0.000000e+00, -1.387779e-17
0.770, 4.172430e-03, 2.847636e-03, 1.503587e-03, 1.285243e-04, 1.387779e-17, -1.387779e-17
0.780, 3.916008e-03, 2.677035e-03, 1.415146e-03, 1.230842e-04, 2.775558e-17, -1.387779e-17
0.790, 3.679914e-03, 2.518840e-03, 1.332717e-03, 1.183287e-04, 2.081668e-17, -6.938894e-18
0.800, 3.443821e-03, 2.360645e-03, 1.250287e-03, 1.135732e-04, 1.387779e-17, 0.000000e+00
0.810, 3.225457e-03, 2.213400e-03, 1.173215e-03, 1.094374e-04, 1.387779e-17, 0.000000e+00
0.820, 3.007093e-03, 2.066156e-03, 1.096142e-03, 1.053015e-04, 1.387779e-17, 0.000000e+00
0.830, 2.804098e-03, 1.928504e-03, 1.023799e-03, 1.017304e-04, 1.387779e-17, 0.000000e+00
0.840, 2.601104e-03, 1.790852e-03, 9.514567e-04, 9.815930e-05, 1.387779e-17, 0.000000e+00
0.850, 2.411319e-03, 1.661520e-03, 8.832459e-04, 9.510643e-05, 1.387779e-17, 0.000000e+00
0.860, 2.221535e-03, 1.532188e-03, 8.150351e-04, 9.205355e-05, 1.387779e-17, 0.000000e+00
0.870, 2.042972e-03, 1.409979e-03, 7.503823e-04, 8.947999e-05, 1.387779e-17, 0.000000e+00
0.880, 1.864409e-03, 1.287769e-03, 6.857294e-04, 8.690644e-05, 1.387779e-17, 0.000000e+00
0.890, 1.695220e-03, 1.171547e-03, 6.240833e-04, 8.477992e-05, 1.387779e-17, 6.938894e-18
0.900, 1.526032e-03, 1.055326e-03, 5.624371e-04, 8.265341e-05, 1.387779e-17, 1.387779e-17
0.910, 1.364487e-03, 9.440144e-04, 5.032659e-04, 8.094766e-05, 2.081668e-17, -1.232595e-32
0.920, 1.202942e-03, 8.327026e-04, 4.440947e-04, 7.924191e-05, 2.775558e-17, -1.387779e-17
0.930, 1.047405e-03, 7.252656e-04, 3.868834e-04, 7.793610e-05, 2.081668e-17, 1.232595e-32
0.940, 8.918669e-04, 6.178286e-04, 3.296720e-04, 7.663028e-05, 1.387779e-17, 1.387779e-17
0.950, 7.407725e-04, 5.132671e-04, 2.739187e-04, 7.570860e-05, 6.938894e-18, 6.938894e-18
0.960, 5.896781e-04, 4.087056e-04, 2.181654e-04, 7.478692e-05, 0.000000e+00, 0.000000e+00
0.970, 4.415166e-04, 3.060467e-04, 1.633784e-04, 7.423831e-05, 6.938894e-18, 1.387779e-17
0.980, 2.933550e-04, 2.033877e-04, 1.085915e-04, 7.368970e-05, 1.387779e-17, 2.775558e-17
0.990, 1.466775e-04, 1.016938e-04, 5.429574e-05, 3.684485e-05, 6.938894e-18, 1.387779e-17
1.000, 0.000000e+00, 0.000000e+00, 0.000000e+00, 0.000000e+00, 0.000000e+00, 0.000000e+00
[Timer] 
[Timer] ----------------Summary:Timer----------------
[Timer] measured time (rt) : 87.166s
[Timer] measured time (cpu): 83.970s
[Timer] average MLUPs :       14.305
[Timer] average MLUPps:       14.305
[Timer] ---------------------------------------------
