[MpiManager] Sucessfully initialized, numThreads=1
[Directories] Directory ./50case11_addTemp_mink/ created.
[Directories] Directory ./50case11_addTemp_mink/imageData/ created.
[Directories] Directory ./50case11_addTemp_mink/imageData/data/ created.
[Directories] Directory ./50case11_addTemp_mink/vtkData/ created.
[Directories] Directory ./50case11_addTemp_mink/vtkData/data/ created.
[Directories] Directory ./50case11_addTemp_mink/gnuplotData/ created.
[Directories] Directory ./50case11_addTemp_mink/gnuplotData/data/ created.
[main] case11
[main] omega = .... 1
[main] omega 1
[main] working with diffuse approximation
[main] omega=1
[main] latticeSink=0.00486
[RadiativeUnitConverter] ----------------- UnitConverter information -----------------
[RadiativeUnitConverter] -- Parameters:
[RadiativeUnitConverter] Resolution:                       N=              50
[RadiativeUnitConverter] Lattice relaxation frequency:     omega=          1
[RadiativeUnitConverter] Lattice relaxation time:          tau=            1
[RadiativeUnitConverter] Characteristical length(m):       charL=          1
[RadiativeUnitConverter] Phys. density(kg/m^d):            charRho=        1
[RadiativeUnitConverter] Phys. absorption(1/m):            mu_a=           5.4
[RadiativeUnitConverter] Phys. scattering(1/m):            mu_s=           0.6
[RadiativeUnitConverter] Extinction(1/m):                  mu_t=           6
[RadiativeUnitConverter] Effective attenuation(1/m):       mu_eff=         9.85901
[RadiativeUnitConverter] Phys. diffusion(m):               D=              0.0555556
[RadiativeUnitConverter] Single scattering albedo:         albedo=         0.1
[RadiativeUnitConverter] Anisotropy factor:                g=              0
[RadiativeUnitConverter] 
[RadiativeUnitConverter] Lattice diffusion:                D^*=            2.77778
[RadiativeUnitConverter] Lattice absorption:               absorption=     0.108
[RadiativeUnitConverter] Lattice scattering:               scattering=     0.012
[RadiativeUnitConverter] Lattice sink:                     sink=           0.00486
[RadiativeUnitConverter] C_R: 1
[RadiativeUnitConverter] r_F: 1.83486
[RadiativeUnitConverter] 
[RadiativeUnitConverter] -- Conversion factors:
[RadiativeUnitConverter] Voxel length(m):                  physDeltaX=     0.02
[RadiativeUnitConverter] Time step(s):                     physDeltaT=     5e-05
[RadiativeUnitConverter] Density factor(kg/m^3):           physDensity=    1
[RadiativeUnitConverter] -------------------------------------------------------------
[prepareGeometryCube] Prepare cubeGeometry ...
[SuperGeometry3D] cleaned 0 outer boundary voxel(s)
[SuperGeometry3D] cleaned 0 inner boundary voxel(s)
[SuperGeometry3D] the model is correct!
[CuboidGeometry3D] ---Cuboid Stucture Statistics---
[CuboidGeometry3D]  Number of Cuboids: 	2
[CuboidGeometry3D]  Delta  (min): 		0.02
[CuboidGeometry3D]         (max): 		0.02
[CuboidGeometry3D]  Ratio  (min): 		0.490196
[CuboidGeometry3D]         (max): 		2.04
[CuboidGeometry3D]  Nodes  (min): 		65025
[CuboidGeometry3D]         (max): 		67626
[CuboidGeometry3D]  Weight (min): 		65025
[CuboidGeometry3D]         (max): 		67626
[CuboidGeometry3D] --------------------------------
[SuperGeometryStatistics3D] materialNumber=1; count=117649; minPhysR=(0.02,-0.48,-0.48); maxPhysR=(0.98,0.48,0.48)
[SuperGeometryStatistics3D] materialNumber=2; count=14881; minPhysR=(0,-0.5,-0.5); maxPhysR=(1,0.5,0.5)
[SuperGeometryStatistics3D] materialNumber=3; count=121; minPhysR=(0,-0.1,-0.1); maxPhysR=(0,0.1,0.1)
[prepareGeometryCube] Prepare cubeGeometry ... OK
[prepareLattice] Prepare Lattice ...
[prepareLattice] Prepare Lattice ... OK
[main] iT convergence criteria: 160
[LatticeStatistics] step=0; t=0; uMax=0; avEnergy=0; avRho=1
[Timer] step=0; percent=0; passedTime=6.94828e-313; remTime=0.001; MLUPs=0
[Timer] step=0; percent=0; passedTime=6.94828e-313; remTime=0.001; MLUPs=0
[LatticeStatistics] step=100; t=0.005; uMax=0; avEnergy=0; avRho=0.00359757
[Timer] step=100; percent=0.0416667; passedTime=1.054; remTime=2528.55; MLUPs=12.5855
[Timer] step=100; percent=0.0416667; passedTime=1.054; remTime=2528.55; MLUPs=12.5855
[ValueTracer] average=0.00314464; stdDev/average=0.254551
[LatticeStatistics] step=200; t=0.01; uMax=0; avEnergy=0; avRho=0.00434124
[Timer] step=200; percent=0.0833333; passedTime=1.954; remTime=2342.85; MLUPs=14.7554
[Timer] step=200; percent=0.0833333; passedTime=1.954; remTime=2342.85; MLUPs=14.7554
[LatticeStatistics] step=300; t=0.015; uMax=0; avEnergy=0; avRho=0.00468619
[Timer] step=300; percent=0.125; passedTime=2.885; remTime=2305.11; MLUPs=14.2482
[Timer] step=300; percent=0.125; passedTime=2.885; remTime=2305.11; MLUPs=14.2482
[ValueTracer] average=0.00448272; stdDev/average=0.0391001
[LatticeStatistics] step=400; t=0.02; uMax=0; avEnergy=0; avRho=0.00485908
[Timer] step=400; percent=0.166667; passedTime=3.801; remTime=2276.8; MLUPs=14.4658
[Timer] step=400; percent=0.166667; passedTime=3.801; remTime=2276.8; MLUPs=14.4658
[ValueTracer] average=0.00485099; stdDev/average=0.0120104
[LatticeStatistics] step=500; t=0.025; uMax=0; avEnergy=0; avRho=0.00494799
[Timer] step=500; percent=0.208333; passedTime=4.711; remTime=2256.57; MLUPs=14.577
[Timer] step=500; percent=0.208333; passedTime=4.711; remTime=2256.57; MLUPs=14.577
[LatticeStatistics] step=600; t=0.03; uMax=0; avEnergy=0; avRho=0.00499421
[Timer] step=600; percent=0.25; passedTime=5.619; remTime=2241.98; MLUPs=14.5931
[Timer] step=600; percent=0.25; passedTime=5.619; remTime=2241.98; MLUPs=14.5931
[ValueTracer] average=0.00497645; stdDev/average=0.00409425
[LatticeStatistics] step=700; t=0.035; uMax=0; avEnergy=0; avRho=0.0050184
[Timer] step=700; percent=0.291667; passedTime=6.538; remTime=2235.06; MLUPs=14.4343
[Timer] step=700; percent=0.291667; passedTime=6.538; remTime=2235.06; MLUPs=14.4343
[LatticeStatistics] step=800; t=0.04; uMax=0; avEnergy=0; avRho=0.0050311
[Timer] step=800; percent=0.333333; passedTime=7.447; remTime=2226.65; MLUPs=14.577
[Timer] step=800; percent=0.333333; passedTime=7.447; remTime=2226.65; MLUPs=14.577
[ValueTracer] average=0.00502066; stdDev/average=0.00144289
[LatticeStatistics] step=900; t=0.045; uMax=0; avEnergy=0; avRho=0.0050378
[Timer] step=900; percent=0.375; passedTime=8.361; remTime=2221.24; MLUPs=14.5132
[Timer] step=900; percent=0.375; passedTime=8.361; remTime=2221.24; MLUPs=14.5132
[ValueTracer] average=0.00503643; stdDev/average=0.000515807
[LatticeStatistics] step=1000; t=0.05; uMax=0; avEnergy=0; avRho=0.00504133
[Timer] step=1000; percent=0.416667; passedTime=9.276; remTime=2216.96; MLUPs=14.4816
[Timer] step=1000; percent=0.416667; passedTime=9.276; remTime=2216.96; MLUPs=14.4816
[LatticeStatistics] step=1100; t=0.055; uMax=0; avEnergy=0; avRho=0.0050432
[Timer] step=1100; percent=0.458333; passedTime=10.186; remTime=2212.21; MLUPs=14.577
[Timer] step=1100; percent=0.458333; passedTime=10.186; remTime=2212.21; MLUPs=14.577
[ValueTracer] average=0.0050421; stdDev/average=0.000185683
[LatticeStatistics] step=1200; t=0.06; uMax=0; avEnergy=0; avRho=0.00504419
[Timer] step=1200; percent=0.5; passedTime=11.091; remTime=2207.11; MLUPs=14.6576
[Timer] step=1200; percent=0.5; passedTime=11.091; remTime=2207.11; MLUPs=14.6576
[ValueTracer] average=0.00504415; stdDev/average=6.70815e-05
[LatticeStatistics] step=1300; t=0.065; uMax=0; avEnergy=0; avRho=0.00504472
[Timer] step=1300; percent=0.541667; passedTime=12; remTime=2203.38; MLUPs=14.577
[Timer] step=1300; percent=0.541667; passedTime=12; remTime=2203.38; MLUPs=14.577
[LatticeStatistics] step=1400; t=0.07; uMax=0; avEnergy=0; avRho=0.00504499
[Timer] step=1400; percent=0.583333; passedTime=12.915; remTime=2201.09; MLUPs=14.5132
[Timer] step=1400; percent=0.583333; passedTime=12.915; remTime=2201.09; MLUPs=14.5132
[ValueTracer] average=0.00504489; stdDev/average=2.42793e-05
[LatticeStatistics] step=1500; t=0.075; uMax=0; avEnergy=0; avRho=0.00504514
[Timer] step=1500; percent=0.625; passedTime=13.823; remTime=2197.86; MLUPs=14.6091
[Timer] step=1500; percent=0.625; passedTime=13.823; remTime=2197.86; MLUPs=14.6091
[LatticeStatistics] step=1600; t=0.08; uMax=0; avEnergy=0; avRho=0.00504522
[Timer] step=1600; percent=0.666667; passedTime=14.737; remTime=2195.81; MLUPs=14.4974
[Timer] step=1600; percent=0.666667; passedTime=14.737; remTime=2195.81; MLUPs=14.4974
[ValueTracer] average=0.00504515; stdDev/average=8.79603e-06
[LatticeStatistics] step=1700; t=0.085; uMax=0; avEnergy=0; avRho=0.00504526
[Timer] step=1700; percent=0.708333; passedTime=15.639; remTime=2192.22; MLUPs=14.7063
[Timer] step=1700; percent=0.708333; passedTime=15.639; remTime=2192.22; MLUPs=14.7063
[ValueTracer] average=0.00504525; stdDev/average=3.18829e-06
[LatticeStatistics] step=1800; t=0.09; uMax=0; avEnergy=0; avRho=0.00504528
[Timer] step=1800; percent=0.75; passedTime=16.545; remTime=2189.45; MLUPs=14.6414
[Timer] step=1800; percent=0.75; passedTime=16.545; remTime=2189.45; MLUPs=14.6414
[LatticeStatistics] step=1900; t=0.095; uMax=0; avEnergy=0; avRho=0.00504529
[Timer] step=1900; percent=0.791667; passedTime=17.453; remTime=2187.14; MLUPs=14.5931
[Timer] step=1900; percent=0.791667; passedTime=17.453; remTime=2187.14; MLUPs=14.5931
[ValueTracer] average=0.00504529; stdDev/average=1.15596e-06
[LatticeStatistics] step=2000; t=0.1; uMax=0; avEnergy=0; avRho=0.0050453
[Timer] step=2000; percent=0.833333; passedTime=18.36; remTime=2184.84; MLUPs=14.6091
[Timer] step=2000; percent=0.833333; passedTime=18.36; remTime=2184.84; MLUPs=14.6091
[ValueTracer] average=0.0050453; stdDev/average=4.19171e-07
[LatticeStatistics] step=2100; t=0.105; uMax=0; avEnergy=0; avRho=0.0050453
[Timer] step=2100; percent=0.875; passedTime=19.273; remTime=2183.36; MLUPs=14.5291
[Timer] step=2100; percent=0.875; passedTime=19.273; remTime=2183.36; MLUPs=14.5291
[LatticeStatistics] step=2200; t=0.11; uMax=0; avEnergy=0; avRho=0.0050453
[Timer] step=2200; percent=0.916667; passedTime=20.47; remTime=2212.62; MLUPs=11.082
[Timer] step=2200; percent=0.916667; passedTime=20.47; remTime=2212.62; MLUPs=11.082
[ValueTracer] average=0.0050453; stdDev/average=1.5201e-07
[LatticeStatistics] step=2300; t=0.115; uMax=0; avEnergy=0; avRho=0.00504531
[Timer] step=2300; percent=0.958333; passedTime=21.385; remTime=2210.09; MLUPs=14.4974
[Timer] step=2300; percent=0.958333; passedTime=21.385; remTime=2210.09; MLUPs=14.4974
[LatticeStatistics] step=2400; t=0.12; uMax=0; avEnergy=0; avRho=0.00504531
[Timer] step=2400; percent=1; passedTime=22.292; remTime=2206.91; MLUPs=14.6091
[Timer] step=2400; percent=1; passedTime=22.292; remTime=2206.91; MLUPs=14.6091
[ValueTracer] average=0.00504531; stdDev/average=5.51276e-08
[LatticeStatistics] step=2500; t=0.125; uMax=0; avEnergy=0; avRho=0.00504531
[Timer] step=2500; percent=1.04167; passedTime=23.259; remTime=2209.61; MLUPs=13.7178
[Timer] step=2500; percent=1.04167; passedTime=23.259; remTime=2209.61; MLUPs=13.7178
[ValueTracer] average=0.00504531; stdDev/average=1.99929e-08
[LatticeStatistics] step=2600; t=0.13; uMax=0; avEnergy=0; avRho=0.00504531
[Timer] step=2600; percent=1.08333; passedTime=24.168; remTime=2206.72; MLUPs=14.5931
[Timer] step=2600; percent=1.08333; passedTime=24.168; remTime=2206.72; MLUPs=14.5931
[main] Simulation converged. -- 2670
[main] ------2670
[main] Simulation converged. -- 2670
[main] ./50case11_addTemp_mink/50case11.csv
0.000, 1.000000e+00, 0.000000e+00, 0.000000e+00, 0.000000e+00, 0.000000e+00, 0.000000e+00
0.010, 8.884873e-01, 2.611483e-03, 2.491381e-04, 2.582074e-02, 0.000000e+00, 0.000000e+00
0.020, 7.769746e-01, 5.222966e-03, 4.982762e-04, 5.164149e-02, 0.000000e+00, 0.000000e+00
0.030, 6.829884e-01, 7.454616e-03, 7.321774e-04, 4.663130e-02, 6.938894e-18, -6.938894e-18
0.040, 5.890023e-01, 9.686266e-03, 9.660786e-04, 4.162111e-02, 1.387779e-17, -1.387779e-17
0.050, 5.148665e-01, 1.128391e-02, 1.169412e-03, 3.700477e-02, 6.938894e-18, -6.938894e-18
0.060, 4.407308e-01, 1.288156e-02, 1.372746e-03, 3.238843e-02, 0.000000e+00, 0.000000e+00
0.070, 3.840234e-01, 1.379178e-02, 1.535573e-03, 2.846936e-02, 0.000000e+00, 0.000000e+00
0.080, 3.273160e-01, 1.470200e-02, 1.698400e-03, 2.455028e-02, 0.000000e+00, 0.000000e+00
0.090, 2.848347e-01, 1.500658e-02, 1.815726e-03, 2.142196e-02, 0.000000e+00, 0.000000e+00
0.100, 2.423534e-01, 1.531115e-02, 1.933053e-03, 1.829363e-02, 0.000000e+00, 0.000000e+00
0.110, 2.109187e-01, 1.515445e-02, 2.004599e-03, 1.589793e-02, 1.387779e-17, 0.000000e+00
0.120, 1.794840e-01, 1.499775e-02, 2.076146e-03, 1.350223e-02, 2.775558e-17, 0.000000e+00
0.130, 1.563599e-01, 1.453201e-02, 2.105414e-03, 1.171428e-02, 1.387779e-17, 0.000000e+00
0.140, 1.332358e-01, 1.406628e-02, 2.134683e-03, 9.926327e-03, 0.000000e+00, 0.000000e+00
0.150, 1.162493e-01, 1.342242e-02, 2.127703e-03, 8.611280e-03, 0.000000e+00, 0.000000e+00
0.160, 9.926286e-02, 1.277855e-02, 2.120723e-03, 7.296232e-03, 0.000000e+00, 0.000000e+00
0.170, 8.676627e-02, 1.205603e-02, 2.084800e-03, 6.335689e-03, 0.000000e+00, 0.000000e+00
0.180, 7.426968e-02, 1.133350e-02, 2.048877e-03, 5.375145e-03, 0.000000e+00, 0.000000e+00
0.190, 6.504607e-02, 1.060112e-02, 1.991558e-03, 4.674859e-03, 6.938894e-18, -6.938894e-18
0.200, 5.582247e-02, 9.868744e-03, 1.934239e-03, 3.974573e-03, 1.387779e-17, -1.387779e-17
0.210, 4.898552e-02, 9.170001e-03, 1.862571e-03, 3.463346e-03, 2.542228e-32, -1.387779e-17
0.220, 4.214858e-02, 8.471257e-03, 1.790904e-03, 2.952119e-03, -1.387779e-17, -1.387779e-17
0.230, 3.705667e-02, 7.830712e-03, 1.710996e-03, 2.577682e-03, -1.387779e-17, -6.938894e-18
0.240, 3.196476e-02, 7.190166e-03, 1.631088e-03, 2.203244e-03, -1.387779e-17, 0.000000e+00
0.250, 2.815397e-02, 6.619205e-03, 1.547910e-03, 1.927790e-03, -6.938894e-18, 6.938894e-18
0.260, 2.434318e-02, 6.048244e-03, 1.464731e-03, 1.652335e-03, 0.000000e+00, 1.387779e-17
0.270, 2.147744e-02, 5.549638e-03, 1.382096e-03, 1.448694e-03, 0.000000e+00, 6.938894e-18
0.280, 1.861170e-02, 5.051031e-03, 1.299460e-03, 1.245053e-03, 0.000000e+00, 0.000000e+00
0.290, 1.644667e-02, 4.622287e-03, 1.220115e-03, 1.093731e-03, 6.938894e-18, 0.000000e+00
0.300, 1.428164e-02, 4.193543e-03, 1.140770e-03, 9.424087e-04, 1.387779e-17, 0.000000e+00
0.310, 1.263881e-02, 3.829238e-03, 1.066549e-03, 8.293896e-04, -1.232595e-32, 6.938894e-18
0.320, 1.099599e-02, 3.464933e-03, 9.923282e-04, 7.163706e-04, -1.387779e-17, 1.387779e-17
0.330, 9.744316e-03, 3.158263e-03, 9.243227e-04, 6.315427e-04, -1.387779e-17, 1.387779e-17
0.340, 8.492638e-03, 2.851593e-03, 8.563172e-04, 5.467149e-04, -1.387779e-17, 1.387779e-17
0.350, 7.535338e-03, 2.595354e-03, 7.950447e-04, 4.827475e-04, -6.938894e-18, 6.471125e-32
0.360, 6.578037e-03, 2.339115e-03, 7.337723e-04, 4.187801e-04, 0.000000e+00, -1.387779e-17
0.370, 5.843292e-03, 2.126296e-03, 6.793276e-04, 3.703301e-04, 0.000000e+00, -6.938894e-18
0.380, 5.108548e-03, 1.913477e-03, 6.248830e-04, 3.218801e-04, 0.000000e+00, 0.000000e+00
0.390, 4.542776e-03, 1.737582e-03, 5.770655e-04, 2.850319e-04, -6.938894e-18, 0.000000e+00
0.400, 3.977004e-03, 1.561687e-03, 5.292479e-04, 2.481836e-04, -1.387779e-17, 0.000000e+00
0.410, 3.540030e-03, 1.416892e-03, 4.876635e-04, 2.200513e-04, -1.387779e-17, 0.000000e+00
0.420, 3.103056e-03, 1.272098e-03, 4.460792e-04, 1.919190e-04, -1.387779e-17, 0.000000e+00
0.430, 2.764618e-03, 1.153301e-03, 4.102200e-04, 1.703645e-04, -6.938894e-18, 0.000000e+00
0.440, 2.426180e-03, 1.034504e-03, 3.743609e-04, 1.488100e-04, 0.000000e+00, 0.000000e+00
0.450, 2.163384e-03, 9.373059e-04, 3.436636e-04, 1.322408e-04, 0.000000e+00, -6.938894e-18
0.460, 1.900588e-03, 8.401083e-04, 3.129664e-04, 1.156716e-04, 0.000000e+00, -1.387779e-17
0.470, 1.696042e-03, 7.607675e-04, 2.868541e-04, 1.028957e-04, 0.000000e+00, -6.938894e-18
0.480, 1.491496e-03, 6.814268e-04, 2.607417e-04, 9.011984e-05, 0.000000e+00, 0.000000e+00
0.490, 1.331938e-03, 6.167890e-04, 2.386523e-04, 8.024098e-05, -6.938894e-18, 0.000000e+00
0.500, 1.172380e-03, 5.521512e-04, 2.165629e-04, 7.036213e-05, -1.387779e-17, 0.000000e+00
0.510, 1.047661e-03, 4.995789e-04, 1.979673e-04, 6.270338e-05, -6.938894e-18, 0.000000e+00
0.520, 9.229418e-04, 4.470066e-04, 1.793717e-04, 5.504462e-05, 0.000000e+00, 0.000000e+00
0.530, 8.252706e-04, 4.043076e-04, 1.637844e-04, 4.909264e-05, -1.387779e-17, 0.000000e+00
0.540, 7.275993e-04, 3.616087e-04, 1.481971e-04, 4.314065e-05, -2.775558e-17, 0.000000e+00
0.550, 6.509754e-04, 3.269704e-04, 1.351810e-04, 3.850467e-05, -2.081668e-17, 0.000000e+00
0.560, 5.743515e-04, 2.923320e-04, 1.221648e-04, 3.386870e-05, -1.387779e-17, 0.000000e+00
0.570, 5.141411e-04, 2.642613e-04, 1.113323e-04, 3.025023e-05, -6.938894e-18, 0.000000e+00
0.580, 4.539306e-04, 2.361906e-04, 1.004998e-04, 2.663177e-05, -6.471125e-32, 0.000000e+00
0.590, 4.065454e-04, 2.134620e-04, 9.151154e-05, 2.380204e-05, -6.938894e-18, 0.000000e+00
0.600, 3.591601e-04, 1.907334e-04, 8.252332e-05, 2.097231e-05, -1.387779e-17, 0.000000e+00
0.610, 3.218149e-04, 1.723439e-04, 7.508529e-05, 1.875543e-05, -6.938894e-18, -6.938894e-18
0.620, 2.844697e-04, 1.539543e-04, 6.764726e-05, 1.653855e-05, 0.000000e+00, -1.387779e-17
0.630, 2.549976e-04, 1.390847e-04, 6.150667e-05, 1.479893e-05, 0.000000e+00, -6.938894e-18
0.640, 2.255255e-04, 1.242150e-04, 5.536608e-05, 1.305931e-05, 0.000000e+00, 0.000000e+00
0.650, 2.022369e-04, 1.121976e-04, 5.030728e-05, 1.169212e-05, 0.000000e+00, 0.000000e+00
0.660, 1.789483e-04, 1.001802e-04, 4.524848e-05, 1.032493e-05, 0.000000e+00, 0.000000e+00
0.670, 1.605234e-04, 9.047179e-05, 4.108860e-05, 9.248960e-06, 0.000000e+00, 6.938894e-18
0.680, 1.420985e-04, 8.076340e-05, 3.692873e-05, 8.172986e-06, 0.000000e+00, 1.387779e-17
0.690, 1.275041e-04, 7.292258e-05, 3.351353e-05, 7.325143e-06, 0.000000e+00, 6.938894e-18
0.700, 1.129096e-04, 6.508177e-05, 3.009834e-05, 6.477299e-06, -7.703720e-32, -7.703720e-32
0.710, 1.013355e-04, 5.875018e-05, 2.729828e-05, 5.808493e-06, 6.938894e-18, 6.938894e-18
0.720, 8.976130e-05, 5.241859e-05, 2.449823e-05, 5.139688e-06, 1.387779e-17, 1.387779e-17
0.730, 8.057093e-05, 4.730560e-05, 2.220496e-05, 4.611642e-06, 6.938894e-18, -1.232595e-32
0.740, 7.138055e-05, 4.219260e-05, 1.991170e-05, 4.083597e-06, 0.000000e+00, -1.387779e-17
0.750, 6.407307e-05, 3.806258e-05, 1.803485e-05, 3.666421e-06, 6.938894e-18, -1.387779e-17
0.760, 5.676559e-05, 3.393256e-05, 1.615800e-05, 3.249244e-06, 1.387779e-17, -1.387779e-17
0.770, 5.094606e-05, 3.059458e-05, 1.462241e-05, 2.919561e-06, 6.938894e-18, -6.938894e-18
0.780, 4.512652e-05, 2.725660e-05, 1.308682e-05, 2.589878e-06, 0.000000e+00, 0.000000e+00
0.790, 4.048292e-05, 2.455588e-05, 1.183008e-05, 2.329391e-06, 6.938894e-18, 6.938894e-18
0.800, 3.583931e-05, 2.185515e-05, 1.057334e-05, 2.068904e-06, 1.387779e-17, 1.387779e-17
0.810, 3.212453e-05, 1.966613e-05, 9.543707e-06, 1.863287e-06, 6.938894e-18, 1.387779e-17
0.820, 2.840975e-05, 1.747711e-05, 8.514069e-06, 1.657669e-06, 0.000000e+00, 1.387779e-17
0.830, 2.542755e-05, 1.569779e-05, 7.668610e-06, 1.495704e-06, 0.000000e+00, 6.938894e-18
0.840, 2.244535e-05, 1.391848e-05, 6.823151e-06, 1.333738e-06, 0.000000e+00, 0.000000e+00
0.850, 2.003926e-05, 1.246580e-05, 6.126234e-06, 1.206657e-06, 0.000000e+00, 0.000000e+00
0.860, 1.763317e-05, 1.101313e-05, 5.429316e-06, 1.079575e-06, 0.000000e+00, 0.000000e+00
0.870, 1.567779e-05, 9.819139e-06, 4.851259e-06, 9.805464e-07, 0.000000e+00, 6.938894e-18
0.880, 1.372241e-05, 8.625154e-06, 4.273202e-06, 8.815175e-07, 0.000000e+00, 1.387779e-17
0.890, 1.211648e-05, 7.633927e-06, 3.789153e-06, 8.052504e-07, 0.000000e+00, 6.938894e-18
0.900, 1.051055e-05, 6.642700e-06, 3.305103e-06, 7.289833e-07, 0.000000e+00, 0.000000e+00
0.910, 9.171406e-06, 5.807730e-06, 2.894065e-06, 6.714262e-07, 6.938894e-18, 0.000000e+00
0.920, 7.832266e-06, 4.972759e-06, 2.483027e-06, 6.138690e-07, 1.387779e-17, 0.000000e+00
0.930, 6.691396e-06, 4.254826e-06, 2.127028e-06, 5.719785e-07, 1.387779e-17, -1.387779e-17
0.940, 5.550525e-06, 3.536892e-06, 1.771029e-06, 5.300879e-07, 1.387779e-17, -2.775558e-17
0.950, 4.549861e-06, 2.902234e-06, 1.454392e-06, 5.016575e-07, 2.081668e-17, -1.387779e-17
0.960, 3.549196e-06, 2.267576e-06, 1.137755e-06, 4.732270e-07, 2.775558e-17, 0.000000e+00
0.970, 2.638043e-06, 1.686324e-06, 8.464533e-07, 4.567638e-07, 1.387779e-17, -6.938894e-18
0.980, 1.726891e-06, 1.105072e-06, 5.551518e-07, 4.403005e-07, 0.000000e+00, -1.387779e-17
0.990, 8.634453e-07, 5.525360e-07, 2.775759e-07, 2.201503e-07, 0.000000e+00, -6.938894e-18
1.000, 0.000000e+00, 0.000000e+00, 0.000000e+00, 0.000000e+00, 0.000000e+00, 0.000000e+00
[Timer] 
[Timer] ----------------Summary:Timer----------------
[Timer] measured time (rt) : 24.997s
[Timer] measured time (cpu): 23.920s
[Timer] average MLUPs :       13.797
[Timer] average MLUPps:       13.797
[Timer] ---------------------------------------------
