[MpiManager] Sucessfully initialized, numThreads=1
[Directories] Directory ./100case34_mcHardy/ created.
[Directories] Directory ./100case34_mcHardy/imageData/ created.
[Directories] Directory ./100case34_mcHardy/imageData/data/ created.
[Directories] Directory ./100case34_mcHardy/vtkData/ created.
[Directories] Directory ./100case34_mcHardy/vtkData/data/ created.
[Directories] Directory ./100case34_mcHardy/gnuplotData/ created.
[Directories] Directory ./100case34_mcHardy/gnuplotData/data/ created.
[main] case34
[main] omega = .... 1
[main] omega 1
[main] working with direct discretization
[AnisotropyMatrix] Call AnistorpiyMatrix()
[AnisotropyMatrix] Compute anisotropy matrix ...
[AnisotropyMatrix] Terminate after 0 iterations
[main] 1, 1, 1, 1, 1, 1, 1, 1, 1, 1, 1, 1, 1, 1, 1, 1, 1, 1, 1, 1, 1, 1, 1, 1, 1, 1, 
[main] 1, 1, 1, 1, 1, 1, 1, 1, 1, 1, 1, 1, 1, 1, 1, 1, 1, 1, 1, 1, 1, 1, 1, 1, 1, 1, 
[main] 1, 1, 1, 1, 1, 1, 1, 1, 1, 1, 1, 1, 1, 1, 1, 1, 1, 1, 1, 1, 1, 1, 1, 1, 1, 1, 
[main] 1, 1, 1, 1, 1, 1, 1, 1, 1, 1, 1, 1, 1, 1, 1, 1, 1, 1, 1, 1, 1, 1, 1, 1, 1, 1, 
[main] 1, 1, 1, 1, 1, 1, 1, 1, 1, 1, 1, 1, 1, 1, 1, 1, 1, 1, 1, 1, 1, 1, 1, 1, 1, 1, 
[main] 1, 1, 1, 1, 1, 1, 1, 1, 1, 1, 1, 1, 1, 1, 1, 1, 1, 1, 1, 1, 1, 1, 1, 1, 1, 1, 
[main] 1, 1, 1, 1, 1, 1, 1, 1, 1, 1, 1, 1, 1, 1, 1, 1, 1, 1, 1, 1, 1, 1, 1, 1, 1, 1, 
[main] 1, 1, 1, 1, 1, 1, 1, 1, 1, 1, 1, 1, 1, 1, 1, 1, 1, 1, 1, 1, 1, 1, 1, 1, 1, 1, 
[main] 1, 1, 1, 1, 1, 1, 1, 1, 1, 1, 1, 1, 1, 1, 1, 1, 1, 1, 1, 1, 1, 1, 1, 1, 1, 1, 
[main] 1, 1, 1, 1, 1, 1, 1, 1, 1, 1, 1, 1, 1, 1, 1, 1, 1, 1, 1, 1, 1, 1, 1, 1, 1, 1, 
[main] 1, 1, 1, 1, 1, 1, 1, 1, 1, 1, 1, 1, 1, 1, 1, 1, 1, 1, 1, 1, 1, 1, 1, 1, 1, 1, 
[main] 1, 1, 1, 1, 1, 1, 1, 1, 1, 1, 1, 1, 1, 1, 1, 1, 1, 1, 1, 1, 1, 1, 1, 1, 1, 1, 
[main] 1, 1, 1, 1, 1, 1, 1, 1, 1, 1, 1, 1, 1, 1, 1, 1, 1, 1, 1, 1, 1, 1, 1, 1, 1, 1, 
[main] 1, 1, 1, 1, 1, 1, 1, 1, 1, 1, 1, 1, 1, 1, 1, 1, 1, 1, 1, 1, 1, 1, 1, 1, 1, 1, 
[main] 1, 1, 1, 1, 1, 1, 1, 1, 1, 1, 1, 1, 1, 1, 1, 1, 1, 1, 1, 1, 1, 1, 1, 1, 1, 1, 
[main] 1, 1, 1, 1, 1, 1, 1, 1, 1, 1, 1, 1, 1, 1, 1, 1, 1, 1, 1, 1, 1, 1, 1, 1, 1, 1, 
[main] 1, 1, 1, 1, 1, 1, 1, 1, 1, 1, 1, 1, 1, 1, 1, 1, 1, 1, 1, 1, 1, 1, 1, 1, 1, 1, 
[main] 1, 1, 1, 1, 1, 1, 1, 1, 1, 1, 1, 1, 1, 1, 1, 1, 1, 1, 1, 1, 1, 1, 1, 1, 1, 1, 
[main] 1, 1, 1, 1, 1, 1, 1, 1, 1, 1, 1, 1, 1, 1, 1, 1, 1, 1, 1, 1, 1, 1, 1, 1, 1, 1, 
[main] 1, 1, 1, 1, 1, 1, 1, 1, 1, 1, 1, 1, 1, 1, 1, 1, 1, 1, 1, 1, 1, 1, 1, 1, 1, 1, 
[main] 1, 1, 1, 1, 1, 1, 1, 1, 1, 1, 1, 1, 1, 1, 1, 1, 1, 1, 1, 1, 1, 1, 1, 1, 1, 1, 
[main] 1, 1, 1, 1, 1, 1, 1, 1, 1, 1, 1, 1, 1, 1, 1, 1, 1, 1, 1, 1, 1, 1, 1, 1, 1, 1, 
[main] 1, 1, 1, 1, 1, 1, 1, 1, 1, 1, 1, 1, 1, 1, 1, 1, 1, 1, 1, 1, 1, 1, 1, 1, 1, 1, 
[main] 1, 1, 1, 1, 1, 1, 1, 1, 1, 1, 1, 1, 1, 1, 1, 1, 1, 1, 1, 1, 1, 1, 1, 1, 1, 1, 
[main] 1, 1, 1, 1, 1, 1, 1, 1, 1, 1, 1, 1, 1, 1, 1, 1, 1, 1, 1, 1, 1, 1, 1, 1, 1, 1, 
[main] 1, 1, 1, 1, 1, 1, 1, 1, 1, 1, 1, 1, 1, 1, 1, 1, 1, 1, 1, 1, 1, 1, 1, 1, 1, 1, 
[RadiativeUnitConverter] ----------------- UnitConverter information -----------------
[RadiativeUnitConverter] -- Parameters:
[RadiativeUnitConverter] Resolution:                       N=              100
[RadiativeUnitConverter] Lattice relaxation frequency:     omega=          1
[RadiativeUnitConverter] Lattice relaxation time:          tau=            1
[RadiativeUnitConverter] Characteristical length(m):       charL=          1
[RadiativeUnitConverter] Phys. density(kg/m^d):            charRho=        1
[RadiativeUnitConverter] Phys. absorption(1/m):            mu_a=           3
[RadiativeUnitConverter] Phys. scattering(1/m):            mu_s=           27
[RadiativeUnitConverter] Extinction(1/m):                  mu_t=           30
[RadiativeUnitConverter] Effective attenuation(1/m):       mu_eff=         16.4317
[RadiativeUnitConverter] Phys. diffusion(m):               D=              0.0111111
[RadiativeUnitConverter] Single scattering albedo:         albedo=         0.9
[RadiativeUnitConverter] Anisotropy factor:                g=              0
[RadiativeUnitConverter] 
[RadiativeUnitConverter] Lattice diffusion:                D^*=            1.11111
[RadiativeUnitConverter] Lattice absorption:               absorption=     0.03
[RadiativeUnitConverter] Lattice scattering:               scattering=     0.27
[RadiativeUnitConverter] Lattice sink:                     sink=           0.003375
[RadiativeUnitConverter] C_R: 1
[RadiativeUnitConverter] r_F: 1.63265
[RadiativeUnitConverter] 
[RadiativeUnitConverter] -- Conversion factors:
[RadiativeUnitConverter] Voxel length(m):                  physDeltaX=     0.01
[RadiativeUnitConverter] Time step(s):                     physDeltaT=     1.66667e-05
[RadiativeUnitConverter] Density factor(kg/m^3):           physDensity=    1
[RadiativeUnitConverter] -------------------------------------------------------------
[prepareGeometryCube] Prepare cubeGeometry ...
[SuperGeometry3D] cleaned 0 outer boundary voxel(s)
[SuperGeometry3D] cleaned 0 inner boundary voxel(s)
[SuperGeometry3D] the model is correct!
[CuboidGeometry3D] ---Cuboid Stucture Statistics---
[CuboidGeometry3D]  Number of Cuboids: 	2
[CuboidGeometry3D]  Delta  (min): 		0.01
[CuboidGeometry3D]         (max): 		0.01
[CuboidGeometry3D]  Ratio  (min): 		0.49505
[CuboidGeometry3D]         (max): 		2.02
[CuboidGeometry3D]  Nodes  (min): 		510050
[CuboidGeometry3D]         (max): 		520251
[CuboidGeometry3D]  Weight (min): 		510050
[CuboidGeometry3D]         (max): 		520251
[CuboidGeometry3D] --------------------------------
[SuperGeometryStatistics3D] materialNumber=1; count=970299; minPhysR=(0.01,-0.49,-0.49); maxPhysR=(0.99,0.49,0.49)
[SuperGeometryStatistics3D] materialNumber=2; count=59561; minPhysR=(0,-0.5,-0.5); maxPhysR=(1,0.5,0.5)
[SuperGeometryStatistics3D] materialNumber=3; count=441; minPhysR=(0,-0.1,-0.1); maxPhysR=(0,0.1,0.1)
[prepareGeometryCube] Prepare cubeGeometry ... OK
[prepareLattice] Prepare Lattice ...
[prepareLattice] Prepare Lattice ... OK
[LatticeStatistics] step=0; t=0; uMax=0; avEnergy=0; avRho=1
[Timer] step=0; percent=0; passedTime=0; remTime=0.001; MLUPs=0
[Timer] step=0; percent=0; passedTime=0; remTime=0.001; MLUPs=0
[ValueTracer] average=0.00189254; stdDev/average=0.630826
[LatticeStatistics] step=20; t=0.000333333; uMax=0; avEnergy=0; avRho=0.00580444
[Timer] step=20; percent=0.00277778; passedTime=44.78; remTime=1.61204e+06; MLUPs=0.460161
[Timer] step=20; percent=0.00277778; passedTime=44.78; remTime=1.61204e+06; MLUPs=0.460161
[ValueTracer] average=0.00489733; stdDev/average=0.135297
[ValueTracer] average=0.00655915; stdDev/average=0.0567028
[LatticeStatistics] step=40; t=0.000666667; uMax=0; avEnergy=0; avRho=0.00781315
[Timer] step=40; percent=0.00555556; passedTime=89.404; remTime=1.60918e+06; MLUPs=0.46176
[Timer] step=40; percent=0.00555556; passedTime=89.404; remTime=1.60918e+06; MLUPs=0.46176
[ValueTracer] average=0.00751109; stdDev/average=0.0290323
[ValueTracer] average=0.00807708; stdDev/average=0.0162997
[LatticeStatistics] step=60; t=0.001; uMax=0; avEnergy=0; avRho=0.00853476
[Timer] step=60; percent=0.00833333; passedTime=134.261; remTime=1.611e+06; MLUPs=0.459361
[Timer] step=60; percent=0.00833333; passedTime=134.261; remTime=1.611e+06; MLUPs=0.459361
[ValueTracer] average=0.00842193; stdDev/average=0.00962085
[ValueTracer] average=0.00863548; stdDev/average=0.00584975
[LatticeStatistics] step=80; t=0.00133333; uMax=0; avEnergy=0; avRho=0.00881353
[Timer] step=80; percent=0.0111111; passedTime=179.356; remTime=1.61402e+06; MLUPs=0.456947
[Timer] step=80; percent=0.0111111; passedTime=179.356; remTime=1.61402e+06; MLUPs=0.456947
[ValueTracer] average=0.00876918; stdDev/average=0.00362336
[ValueTracer] average=0.00885353; stdDev/average=0.0022713
[LatticeStatistics] step=100; t=0.00166667; uMax=0; avEnergy=0; avRho=0.00892488
[Timer] step=100; percent=0.0138889; passedTime=224.54; remTime=1.61646e+06; MLUPs=0.456057
[Timer] step=100; percent=0.0138889; passedTime=224.54; remTime=1.61646e+06; MLUPs=0.456057
[ValueTracer] average=0.00890702; stdDev/average=0.00143502
[ValueTracer] average=0.00894107; stdDev/average=0.000911454
[LatticeStatistics] step=120; t=0.002; uMax=0; avEnergy=0; avRho=0.00897008
[Timer] step=120; percent=0.0166667; passedTime=269.952; remTime=1.61944e+06; MLUPs=0.453757
[Timer] step=120; percent=0.0166667; passedTime=269.952; remTime=1.61944e+06; MLUPs=0.453757
[ValueTracer] average=0.0089628; stdDev/average=0.000580998
[ValueTracer] average=0.0089767; stdDev/average=0.000371278
[LatticeStatistics] step=140; t=0.00233333; uMax=0; avEnergy=0; avRho=0.00898858
[Timer] step=140; percent=0.0194444; passedTime=315.388; remTime=1.62168e+06; MLUPs=0.453517
[Timer] step=140; percent=0.0194444; passedTime=315.388; remTime=1.62168e+06; MLUPs=0.453517
[ValueTracer] average=0.0089856; stdDev/average=0.000237679
[ValueTracer] average=0.0089913; stdDev/average=0.000152349
[LatticeStatistics] step=160; t=0.00266667; uMax=0; avEnergy=0; avRho=0.00899619
[Timer] step=160; percent=0.0222222; passedTime=360.841; remTime=1.62342e+06; MLUPs=0.453348
[Timer] step=160; percent=0.0222222; passedTime=360.841; remTime=1.62342e+06; MLUPs=0.453348
[ValueTracer] average=0.00899496; stdDev/average=9.77463e-05
[ValueTracer] average=0.00899731; stdDev/average=6.27595e-05
[LatticeStatistics] step=180; t=0.003; uMax=0; avEnergy=0; avRho=0.00899933
[Timer] step=180; percent=0.025; passedTime=406.241; remTime=1.62456e+06; MLUPs=0.453877
[Timer] step=180; percent=0.025; passedTime=406.241; remTime=1.62456e+06; MLUPs=0.453877
[ValueTracer] average=0.00899882; stdDev/average=4.0319e-05
[ValueTracer] average=0.00899979; stdDev/average=2.59147e-05
[LatticeStatistics] step=200; t=0.00333333; uMax=0; avEnergy=0; avRho=0.00900063
[Timer] step=200; percent=0.0277778; passedTime=451.701; remTime=1.62567e+06; MLUPs=0.453278
[Timer] step=200; percent=0.0277778; passedTime=451.701; remTime=1.62567e+06; MLUPs=0.453278
[ValueTracer] average=0.00900042; stdDev/average=1.6663e-05
[ValueTracer] average=0.00900082; stdDev/average=1.07178e-05
[LatticeStatistics] step=220; t=0.00366667; uMax=0; avEnergy=0; avRho=0.00900116
[Timer] step=220; percent=0.0305556; passedTime=497.061; remTime=1.62625e+06; MLUPs=0.454267
[Timer] step=220; percent=0.0305556; passedTime=497.061; remTime=1.62625e+06; MLUPs=0.454267
[ValueTracer] average=0.00900108; stdDev/average=6.89585e-06
[ValueTracer] average=0.00900124; stdDev/average=4.43796e-06
[LatticeStatistics] step=240; t=0.004; uMax=0; avEnergy=0; avRho=0.00900138
[Timer] step=240; percent=0.0333333; passedTime=542.45; remTime=1.62681e+06; MLUPs=0.453997
[Timer] step=240; percent=0.0333333; passedTime=542.45; remTime=1.62681e+06; MLUPs=0.453997
[ValueTracer] average=0.00900135; stdDev/average=2.8568e-06
[ValueTracer] average=0.00900142; stdDev/average=1.83936e-06
[LatticeStatistics] step=260; t=0.00433333; uMax=0; avEnergy=0; avRho=0.00900148
[Timer] step=260; percent=0.0361111; passedTime=587.868; remTime=1.62735e+06; MLUPs=0.453707
[Timer] step=260; percent=0.0361111; passedTime=587.868; remTime=1.62735e+06; MLUPs=0.453707
[ValueTracer] average=0.00900146; stdDev/average=1.1845e-06
[ValueTracer] average=0.00900149; stdDev/average=7.62922e-07
[LatticeStatistics] step=280; t=0.00466667; uMax=0; avEnergy=0; avRho=0.00900152
[Timer] step=280; percent=0.0388889; passedTime=633.24; remTime=1.6277e+06; MLUPs=0.454147
[Timer] step=280; percent=0.0388889; passedTime=633.24; remTime=1.6277e+06; MLUPs=0.454147
[ValueTracer] average=0.00900151; stdDev/average=4.91464e-07
[ValueTracer] average=0.00900152; stdDev/average=3.16638e-07
[LatticeStatistics] step=300; t=0.005; uMax=0; avEnergy=0; avRho=0.00900153
[Timer] step=300; percent=0.0416667; passedTime=678.598; remTime=1.62796e+06; MLUPs=0.454307
[Timer] step=300; percent=0.0416667; passedTime=678.598; remTime=1.62796e+06; MLUPs=0.454307
[ValueTracer] average=0.00900153; stdDev/average=2.04028e-07
[ValueTracer] average=0.00900153; stdDev/average=1.31482e-07
[LatticeStatistics] step=320; t=0.00533333; uMax=0; avEnergy=0; avRho=0.00900154
[Timer] step=320; percent=0.0444444; passedTime=724.037; remTime=1.62836e+06; MLUPs=0.453478
[Timer] step=320; percent=0.0444444; passedTime=724.037; remTime=1.62836e+06; MLUPs=0.453478
[ValueTracer] average=0.00900154; stdDev/average=8.474e-08
[ValueTracer] average=0.00900154; stdDev/average=5.46199e-08
[LatticeStatistics] step=340; t=0.00566667; uMax=0; avEnergy=0; avRho=0.00900154
[Timer] step=340; percent=0.0472222; passedTime=769.417; remTime=1.62858e+06; MLUPs=0.454077
[Timer] step=340; percent=0.0472222; passedTime=769.417; remTime=1.62858e+06; MLUPs=0.454077
[ValueTracer] average=0.00900154; stdDev/average=3.52086e-08
[ValueTracer] average=0.00900154; stdDev/average=2.26976e-08
[LatticeStatistics] step=360; t=0.006; uMax=0; avEnergy=0; avRho=0.00900154
[Timer] step=360; percent=0.05; passedTime=814.795; remTime=1.62878e+06; MLUPs=0.454097
[Timer] step=360; percent=0.05; passedTime=814.795; remTime=1.62878e+06; MLUPs=0.454097
[ValueTracer] average=0.00900154; stdDev/average=1.46332e-08
[ValueTracer] average=0.00900154; stdDev/average=9.43474e-09
[LatticeStatistics] step=380; t=0.00633333; uMax=0; avEnergy=0; avRho=0.00900154
[Timer] step=380; percent=0.0527778; passedTime=860.253; remTime=1.62909e+06; MLUPs=0.453298
[Timer] step=380; percent=0.0527778; passedTime=860.253; remTime=1.62909e+06; MLUPs=0.453298
[ValueTracer] average=0.00900154; stdDev/average=6.08332e-09
[ValueTracer] average=0.00900154; stdDev/average=3.92255e-09
[LatticeStatistics] step=400; t=0.00666667; uMax=0; avEnergy=0; avRho=0.00900154
[Timer] step=400; percent=0.0555556; passedTime=905.656; remTime=1.62928e+06; MLUPs=0.453857
[Timer] step=400; percent=0.0555556; passedTime=905.656; remTime=1.62928e+06; MLUPs=0.453857
[ValueTracer] average=0.00900154; stdDev/average=2.52948e-09
[main] Simulation converged. -- 401
[main] ------401
[main] Simulation converged. -- 401
[main] ./100case34_mcHardy/100case34.csv
0.000, 1.000000e+00, 0.000000e+00, 0.000000e+00, 0.000000e+00, 0.000000e+00, 0.000000e+00
0.010, 2.083124e+00, 1.099255e-02, 6.810528e-04, 5.302716e-01, 0.000000e+00, 0.000000e+00
0.020, 1.946942e+00, 1.301247e-02, 8.432696e-04, 5.442219e-01, 2.081668e-17, 1.387779e-17
0.030, 1.773092e+00, 1.452310e-02, 9.790882e-04, 5.277862e-01, 2.081668e-17, -6.938894e-18
0.040, 1.584358e+00, 1.562715e-02, 1.091557e-03, 4.938177e-01, 6.938894e-18, -6.938894e-18
0.050, 1.395479e+00, 1.637495e-02, 1.182739e-03, 4.505867e-01, -3.469447e-18, 1.040834e-17
0.060, 1.215041e+00, 1.682479e-02, 1.254179e-03, 4.037147e-01, 0.000000e+00, 2.428613e-17
0.070, 1.048216e+00, 1.700477e-02, 1.307320e-03, 3.565663e-01, -1.387779e-17, 1.387779e-17
0.080, 8.971698e-01, 1.695854e-02, 1.343507e-03, 3.113950e-01, 1.387779e-17, 1.040834e-17
0.090, 7.628924e-01, 1.670976e-02, 1.364180e-03, 2.693208e-01, 6.938894e-18, -3.469447e-18
0.100, 6.448453e-01, 1.629838e-02, 1.370741e-03, 2.310615e-01, 6.938894e-18, -1.040834e-17
0.110, 5.423725e-01, 1.574425e-02, 1.364684e-03, 1.967527e-01, -2.081668e-17, 0.000000e+00
0.120, 4.523110e-01, 1.507459e-02, 1.347128e-03, 1.645839e-01, 0.000000e+00, -6.938894e-18
0.130, 3.764284e-01, 1.432113e-02, 1.320053e-03, 1.372978e-01, 6.938894e-18, 0.000000e+00
0.140, 3.126786e-01, 1.351556e-02, 1.284826e-03, 1.141930e-01, -6.938894e-18, 3.469447e-18
0.150, 2.594538e-01, 1.266863e-02, 1.242832e-03, 9.483799e-02, 0.000000e+00, 1.387779e-17
0.160, 2.150674e-01, 1.187832e-02, 1.195300e-03, 7.862551e-02, 3.469447e-18, -1.387779e-17
0.170, 1.781867e-01, 1.102899e-02, 1.143419e-03, 6.513367e-02, 0.000000e+00, 0.000000e+00
0.180, 1.475567e-01, 1.015716e-02, 1.088272e-03, 5.390300e-02, -1.387779e-17, -6.938894e-18
0.190, 1.221738e-01, 9.281302e-03, 1.030847e-03, 4.459291e-02, -1.387779e-17, 6.938894e-18
0.200, 1.011414e-01, 8.425606e-03, 9.720201e-04, 3.687223e-02, -1.387779e-17, 0.000000e+00
0.210, 8.373634e-02, 7.602429e-03, 9.125699e-04, 3.048619e-02, -1.387779e-17, -6.938894e-18
0.220, 6.933138e-02, 6.824162e-03, 8.532002e-04, 2.520196e-02, 0.000000e+00, -6.938894e-18
0.230, 5.741805e-02, 6.096412e-03, 7.945077e-04, 2.083678e-02, 3.469447e-18, 6.938894e-18
0.240, 4.756256e-02, 5.423787e-03, 7.370201e-04, 1.722896e-02, 0.000000e+00, -6.938894e-18
0.250, 3.941167e-02, 4.807122e-03, 6.811591e-04, 1.424967e-02, 0.000000e+00, -1.387779e-17
0.260, 3.266806e-02, 4.246400e-03, 6.272936e-04, 1.178815e-02, -1.387779e-17, -6.938894e-18
0.270, 2.708882e-02, 3.739623e-03, 5.756924e-04, 9.755255e-03, 1.387779e-17, 0.000000e+00
0.280, 2.247096e-02, 3.284404e-03, 5.268535e-04, 8.075472e-03, -2.775558e-17, -1.387779e-17
0.290, 1.864819e-02, 2.877454e-03, 4.806225e-04, 6.687626e-03, 1.387779e-17, 2.081668e-17
0.300, 1.548217e-02, 2.515336e-03, 4.368449e-04, 5.540380e-03, -1.387779e-17, -1.387779e-17
0.310, 1.285936e-02, 2.194321e-03, 3.956697e-04, 4.591937e-03, 1.387779e-17, -6.938894e-18
0.320, 1.068552e-02, 1.910765e-03, 3.571927e-04, 3.807439e-03, 0.000000e+00, -6.938894e-18
0.330, 8.883166e-03, 1.661048e-03, 3.214583e-04, 3.158398e-03, 1.387779e-17, 0.000000e+00
0.340, 7.388097e-03, 1.441757e-03, 2.884585e-04, 2.621150e-03, 1.387779e-17, 0.000000e+00
0.350, 6.147429e-03, 1.249651e-03, 2.581438e-04, 2.176294e-03, 1.387779e-17, 2.081668e-17
0.360, 5.117375e-03, 1.081749e-03, 2.304283e-04, 1.807753e-03, -2.775558e-17, -1.387779e-17
0.370, 4.261819e-03, 9.352766e-04, 2.052006e-04, 1.502318e-03, 0.000000e+00, 6.938894e-18
0.380, 3.550859e-03, 8.077635e-04, 1.823293e-04, 1.249056e-03, -1.387779e-17, 0.000000e+00
0.390, 2.959797e-03, 6.969376e-04, 1.616707e-04, 1.038967e-03, 0.000000e+00, -6.938894e-18
0.400, 2.468183e-03, 6.007648e-04, 1.430739e-04, 8.646039e-04, -1.387779e-17, 0.000000e+00
0.410, 2.059103e-03, 5.174217e-04, 1.263855e-04, 7.198292e-04, -1.387779e-17, 0.000000e+00
0.420, 1.718544e-03, 4.452900e-04, 1.114528e-04, 5.995626e-04, 1.387779e-17, 0.000000e+00
0.430, 1.434903e-03, 3.829332e-04, 9.812663e-05, 4.996110e-04, 0.000000e+00, -6.938894e-18
0.440, 1.198562e-03, 3.290851e-04, 8.626344e-05, 4.165028e-04, -1.387779e-17, 0.000000e+00
0.450, 1.001548e-03, 2.826301e-04, 7.572673e-05, 3.473688e-04, -1.387779e-17, -2.081668e-17
0.460, 8.372459e-04, 2.425899e-04, 6.638802e-05, 2.898325e-04, 0.000000e+00, 6.938894e-18
0.470, 7.001657e-04, 2.081075e-04, 5.812745e-05, 2.419271e-04, 1.387779e-17, 6.938894e-18
0.480, 5.857492e-04, 1.784349e-04, 5.083400e-05, 2.020223e-04, 0.000000e+00, 6.938894e-18
0.490, 4.902105e-04, 1.529196e-04, 4.440547e-05, 1.687676e-04, -1.387779e-17, 0.000000e+00
0.500, 4.104023e-04, 1.309939e-04, 3.874847e-05, 1.410424e-04, -1.387779e-17, 0.000000e+00
0.510, 3.437084e-04, 1.121645e-04, 3.377799e-05, 1.179176e-04, 0.000000e+00, -1.387779e-17
0.520, 2.879521e-04, 9.600378e-05, 2.941689e-05, 9.862162e-05, 1.387779e-17, 0.000000e+00
0.530, 2.413218e-04, 8.214096e-05, 2.559557e-05, 8.251389e-05, 0.000000e+00, 1.387779e-17
0.540, 2.023093e-04, 7.025539e-05, 2.225141e-05, 6.906211e-05, 1.387779e-17, 6.938894e-18
0.550, 1.696581e-04, 6.006992e-05, 1.932828e-05, 5.782389e-05, -1.387779e-17, -6.938894e-18
0.560, 1.423213e-04, 5.134526e-05, 1.677604e-05, 4.843128e-05, 1.387779e-17, -6.938894e-18
0.570, 1.194258e-04, 4.387503e-05, 1.454996e-05, 4.057817e-05, 1.417484e-31, 6.938894e-18
0.580, 1.002435e-04, 3.748139e-05, 1.261030e-05, 3.400976e-05, 0.000000e+00, 7.087422e-32
0.590, 8.416689e-05, 3.201118e-05, 1.092181e-05, 2.851385e-05, 1.387779e-17, 6.938894e-18
0.600, 7.068868e-05, 2.733267e-05, 9.453283e-06, 2.391366e-05, 2.775558e-17, -6.938894e-18
0.610, 5.938532e-05, 2.333258e-05, 8.177149e-06, 2.006186e-05, -1.387779e-17, -6.938894e-18
0.620, 4.990293e-05, 1.991357e-05, 7.069100e-06, 1.683557e-05, 1.387779e-17, -6.938894e-18
0.630, 4.194572e-05, 1.699208e-05, 6.107737e-06, 1.413230e-05, -2.775558e-17, -6.938894e-18
0.640, 3.526639e-05, 1.449639e-05, 5.274252e-06, 1.186652e-05, -1.387779e-17, 0.000000e+00
0.650, 2.965811e-05, 1.236499e-05, 4.552141e-06, 9.966816e-06, 1.387779e-17, 0.000000e+00
0.660, 2.494780e-05, 1.054513e-05, 3.926938e-06, 8.373538e-06, 1.387779e-17, 2.081668e-17
0.670, 2.099058e-05, 8.991646e-06, 3.385981e-06, 7.036849e-06, 0.000000e+00, -6.938894e-18
0.680, 1.766515e-05, 7.665820e-06, 2.918203e-06, 5.915090e-06, 0.000000e+00, 0.000000e+00
0.690, 1.486992e-05, 6.534520e-06, 2.513937e-06, 4.973428e-06, 0.000000e+00, 0.000000e+00
0.700, 1.251973e-05, 5.569390e-06, 2.164754e-06, 4.182722e-06, 0.000000e+00, 7.703720e-32
0.710, 1.054325e-05, 4.746168e-06, 1.863309e-06, 3.518590e-06, 0.000000e+00, -6.938894e-18
0.720, 8.880628e-06, 4.044108e-06, 1.603205e-06, 2.960618e-06, 0.000000e+00, 0.000000e+00
0.730, 7.481697e-06, 3.445471e-06, 1.378882e-06, 2.491715e-06, 1.387779e-17, 2.081668e-17
0.740, 6.304355e-06, 2.935096e-06, 1.185507e-06, 2.097561e-06, -1.387779e-17, 6.938894e-18
0.750, 5.313272e-06, 2.500028e-06, 1.018882e-06, 1.766160e-06, -1.387779e-17, 0.000000e+00
0.760, 4.478789e-06, 2.129203e-06, 8.753663e-07, 1.487455e-06, 1.387779e-17, 6.938894e-18
0.770, 3.776002e-06, 1.813170e-06, 7.518038e-07, 1.253013e-06, -2.775558e-17, -1.387779e-17
0.780, 3.183990e-06, 1.543858e-06, 6.454590e-07, 1.055762e-06, 1.387779e-17, -6.938894e-18
0.790, 2.685177e-06, 1.314380e-06, 5.539640e-07, 8.897688e-07, -1.387779e-17, 6.938894e-18
0.800, 2.264791e-06, 1.118856e-06, 4.752694e-07, 7.500543e-07, -1.387779e-17, -1.387779e-17
0.810, 1.910413e-06, 9.522686e-07, 4.076030e-07, 6.324390e-07, 0.000000e+00, -6.938894e-18
0.820, 1.611599e-06, 8.103355e-07, 3.494328e-07, 5.334139e-07, -1.387779e-17, -2.081668e-17
0.830, 1.359562e-06, 6.894041e-07, 2.994350e-07, 4.500325e-07, 1.387779e-17, 6.938894e-18
0.840, 1.146909e-06, 5.863575e-07, 2.564662e-07, 3.798199e-07, 0.000000e+00, 0.000000e+00
0.850, 9.674167e-07, 4.985363e-07, 2.195391e-07, 3.206973e-07, 0.000000e+00, 6.938894e-18
0.860, 8.158417e-07, 4.236712e-07, 1.878013e-07, 2.709185e-07, 0.000000e+00, -6.938894e-18
0.870, 6.877666e-07, 3.598252e-07, 1.605170e-07, 2.290172e-07, 0.000000e+00, 6.938894e-18
0.880, 5.794661e-07, 3.053445e-07, 1.370505e-07, 1.937615e-07, 0.000000e+00, 0.000000e+00
0.890, 4.877962e-07, 2.588159e-07, 1.168525e-07, 1.641181e-07, 1.387779e-17, 2.081668e-17
0.900, 4.101003e-07, 2.190308e-07, 9.944889e-08, 1.392199e-07, -1.387779e-17, -6.938894e-18
0.910, 3.441301e-07, 1.849544e-07, 8.442891e-08, 1.183409e-07, 1.387779e-17, -6.938894e-18
0.920, 2.879789e-07, 1.556984e-07, 7.143632e-08, 1.008743e-07, -1.387779e-17, 0.000000e+00
0.930, 2.400246e-07, 1.304984e-07, 6.016122e-08, 8.631426e-08, -1.387779e-17, -6.938894e-18
0.940, 1.988817e-07, 1.086936e-07, 5.033287e-08, 7.424175e-08, -1.417484e-31, 6.938894e-18
0.950, 1.633590e-07, 8.970917e-08, 4.171323e-08, 6.431192e-08, -1.387779e-17, -6.938894e-18
0.960, 1.324240e-07, 7.304064e-08, 3.409100e-08, 5.624477e-08, -1.387779e-17, 6.938894e-18
0.970, 1.051708e-07, 5.823955e-08, 2.727610e-08, 4.981756e-08, 1.387779e-17, 0.000000e+00
0.980, 8.079127e-08, 4.490003e-08, 2.109418e-08, 4.485930e-08, 0.000000e+00, 6.938894e-18
0.990, 5.854843e-08, 3.264554e-08, 1.538091e-08, 4.124719e-08, 1.387779e-17, 6.938894e-18
1.000, 0.000000e+00, 0.000000e+00, 0.000000e+00, 0.000000e+00, 0.000000e+00, 0.000000e+00
[Timer] 
[Timer] ----------------Summary:Timer----------------
[Timer] measured time (rt) : 910.617s
[Timer] measured time (cpu): 907.310s
[Timer] average MLUPs :       0.453
[Timer] average MLUPps:       0.453
[Timer] ---------------------------------------------
