[MpiManager] Sucessfully initialized, numThreads=1
[Directories] Directory ./100case11_addTemp_mink/ created.
[Directories] Directory ./100case11_addTemp_mink/imageData/ created.
[Directories] Directory ./100case11_addTemp_mink/imageData/data/ created.
[Directories] Directory ./100case11_addTemp_mink/vtkData/ created.
[Directories] Directory ./100case11_addTemp_mink/vtkData/data/ created.
[Directories] Directory ./100case11_addTemp_mink/gnuplotData/ created.
[Directories] Directory ./100case11_addTemp_mink/gnuplotData/data/ created.
[main] case11
[main] omega = .... 1
[main] omega 1
[main] working with diffuse approximation
[main] omega=1
[main] latticeSink=0.001215
[RadiativeUnitConverter] ----------------- UnitConverter information -----------------
[RadiativeUnitConverter] -- Parameters:
[RadiativeUnitConverter] Resolution:                       N=              100
[RadiativeUnitConverter] Lattice relaxation frequency:     omega=          1
[RadiativeUnitConverter] Lattice relaxation time:          tau=            1
[RadiativeUnitConverter] Characteristical length(m):       charL=          1
[RadiativeUnitConverter] Phys. density(kg/m^d):            charRho=        1
[RadiativeUnitConverter] Phys. absorption(1/m):            mu_a=           5.4
[RadiativeUnitConverter] Phys. scattering(1/m):            mu_s=           0.6
[RadiativeUnitConverter] Extinction(1/m):                  mu_t=           6
[RadiativeUnitConverter] Effective attenuation(1/m):       mu_eff=         9.85901
[RadiativeUnitConverter] Phys. diffusion(m):               D=              0.0555556
[RadiativeUnitConverter] Single scattering albedo:         albedo=         0.1
[RadiativeUnitConverter] Anisotropy factor:                g=              0
[RadiativeUnitConverter] 
[RadiativeUnitConverter] Lattice diffusion:                D^*=            5.55556
[RadiativeUnitConverter] Lattice absorption:               absorption=     0.054
[RadiativeUnitConverter] Lattice scattering:               scattering=     0.006
[RadiativeUnitConverter] Lattice sink:                     sink=           0.001215
[RadiativeUnitConverter] C_R: 1
[RadiativeUnitConverter] r_F: 1.91388
[RadiativeUnitConverter] 
[RadiativeUnitConverter] -- Conversion factors:
[RadiativeUnitConverter] Voxel length(m):                  physDeltaX=     0.01
[RadiativeUnitConverter] Time step(s):                     physDeltaT=     1.25e-05
[RadiativeUnitConverter] Density factor(kg/m^3):           physDensity=    1
[RadiativeUnitConverter] -------------------------------------------------------------
[prepareGeometryCube] Prepare cubeGeometry ...
[SuperGeometry3D] cleaned 0 outer boundary voxel(s)
[SuperGeometry3D] cleaned 0 inner boundary voxel(s)
[SuperGeometry3D] the model is correct!
[CuboidGeometry3D] ---Cuboid Stucture Statistics---
[CuboidGeometry3D]  Number of Cuboids: 	2
[CuboidGeometry3D]  Delta  (min): 		0.01
[CuboidGeometry3D]         (max): 		0.01
[CuboidGeometry3D]  Ratio  (min): 		0.49505
[CuboidGeometry3D]         (max): 		2.02
[CuboidGeometry3D]  Nodes  (min): 		510050
[CuboidGeometry3D]         (max): 		520251
[CuboidGeometry3D]  Weight (min): 		510050
[CuboidGeometry3D]         (max): 		520251
[CuboidGeometry3D] --------------------------------
[SuperGeometryStatistics3D] materialNumber=1; count=970299; minPhysR=(0.01,-0.49,-0.49); maxPhysR=(0.99,0.49,0.49)
[SuperGeometryStatistics3D] materialNumber=2; count=59561; minPhysR=(0,-0.5,-0.5); maxPhysR=(1,0.5,0.5)
[SuperGeometryStatistics3D] materialNumber=3; count=441; minPhysR=(0,-0.1,-0.1); maxPhysR=(0,0.1,0.1)
[prepareGeometryCube] Prepare cubeGeometry ... OK
[prepareLattice] Prepare Lattice ...
[prepareLattice] Prepare Lattice ... OK
[main] iT convergence criteria: 640
[LatticeStatistics] step=0; t=0; uMax=0; avEnergy=0; avRho=1
[Timer] step=0; percent=0; passedTime=6.90144e-313; remTime=0.001; MLUPs=0
[Timer] step=0; percent=0; passedTime=6.90144e-313; remTime=0.001; MLUPs=0
[LatticeStatistics] step=200; t=0.0025; uMax=0; avEnergy=0; avRho=0.00245015
[Timer] step=200; percent=0.0208333; passedTime=9.667; remTime=46391.9; MLUPs=21.3158
[Timer] step=200; percent=0.0208333; passedTime=9.667; remTime=46391.9; MLUPs=21.3158
[LatticeStatistics] step=400; t=0.005; uMax=0; avEnergy=0; avRho=0.00315141
[Timer] step=400; percent=0.0416667; passedTime=19.632; remTime=47097.2; MLUPs=20.6784
[Timer] step=400; percent=0.0416667; passedTime=19.632; remTime=47097.2; MLUPs=20.6784
[LatticeStatistics] step=600; t=0.0075; uMax=0; avEnergy=0; avRho=0.00357214
[Timer] step=600; percent=0.0625; passedTime=29.872; remTime=47765.3; MLUPs=20.1231
[Timer] step=600; percent=0.0625; passedTime=29.872; remTime=47765.3; MLUPs=20.1231
[ValueTracer] average=0.00271745; stdDev/average=0.279494
[LatticeStatistics] step=800; t=0.01; uMax=0; avEnergy=0; avRho=0.00384946
[Timer] step=800; percent=0.0833333; passedTime=40.388; remTime=48425.2; MLUPs=19.5931
[Timer] step=800; percent=0.0833333; passedTime=40.388; remTime=48425.2; MLUPs=19.5931
[LatticeStatistics] step=1000; t=0.0125; uMax=0; avEnergy=0; avRho=0.00403992
[Timer] step=1000; percent=0.104167; passedTime=50.992; remTime=48901.3; MLUPs=19.4341
[Timer] step=1000; percent=0.104167; passedTime=50.992; remTime=48901.3; MLUPs=19.4341
[LatticeStatistics] step=1200; t=0.015; uMax=0; avEnergy=0; avRho=0.0041735
[Timer] step=1200; percent=0.125; passedTime=61.429; remTime=49081.8; MLUPs=19.7432
[Timer] step=1200; percent=0.125; passedTime=61.429; remTime=49081.8; MLUPs=19.7432
[ValueTracer] average=0.00398101; stdDev/average=0.0413697
[LatticeStatistics] step=1400; t=0.0175; uMax=0; avEnergy=0; avRho=0.0042683
[Timer] step=1400; percent=0.145833; passedTime=71.853; remTime=49198.8; MLUPs=19.7679
[Timer] step=1400; percent=0.145833; passedTime=71.853; remTime=49198.8; MLUPs=19.7679
[LatticeStatistics] step=1600; t=0.02; uMax=0; avEnergy=0; avRho=0.00433605
[Timer] step=1600; percent=0.166667; passedTime=82.308; remTime=49302.5; MLUPs=19.7092
[Timer] step=1600; percent=0.166667; passedTime=82.308; remTime=49302.5; MLUPs=19.7092
[LatticeStatistics] step=1800; t=0.0225; uMax=0; avEnergy=0; avRho=0.00438467
[Timer] step=1800; percent=0.1875; passedTime=92.739; remTime=49368.1; MLUPs=19.7546
[Timer] step=1800; percent=0.1875; passedTime=92.739; remTime=49368.1; MLUPs=19.7546
[ValueTracer] average=0.00432799; stdDev/average=0.0126616
[LatticeStatistics] step=2000; t=0.025; uMax=0; avEnergy=0; avRho=0.00441968
[Timer] step=2000; percent=0.208333; passedTime=103.236; remTime=49450; MLUPs=19.6285
[Timer] step=2000; percent=0.208333; passedTime=103.236; remTime=49450; MLUPs=19.6285
[LatticeStatistics] step=2200; t=0.0275; uMax=0; avEnergy=0; avRho=0.00444493
[Timer] step=2200; percent=0.229167; passedTime=113.631; remTime=49470.8; MLUPs=19.8249
[Timer] step=2200; percent=0.229167; passedTime=113.631; remTime=49470.8; MLUPs=19.8249
[LatticeStatistics] step=2400; t=0.03; uMax=0; avEnergy=0; avRho=0.00446318
[Timer] step=2400; percent=0.25; passedTime=124.022; remTime=49484.8; MLUPs=19.8306
[Timer] step=2400; percent=0.25; passedTime=124.022; remTime=49484.8; MLUPs=19.8306
[ValueTracer] average=0.00444631; stdDev/average=0.00431283
[LatticeStatistics] step=2600; t=0.0325; uMax=0; avEnergy=0; avRho=0.00447638
[Timer] step=2600; percent=0.270833; passedTime=134.415; remTime=49495.7; MLUPs=19.8268
[Timer] step=2600; percent=0.270833; passedTime=134.415; remTime=49495.7; MLUPs=19.8268
[LatticeStatistics] step=2800; t=0.035; uMax=0; avEnergy=0; avRho=0.00448594
[Timer] step=2800; percent=0.291667; passedTime=144.811; remTime=49504.7; MLUPs=19.823
[Timer] step=2800; percent=0.291667; passedTime=144.811; remTime=49504.7; MLUPs=19.823
[LatticeStatistics] step=3000; t=0.0375; uMax=0; avEnergy=0; avRho=0.00449288
[Timer] step=3000; percent=0.3125; passedTime=155.216; remTime=49513.9; MLUPs=19.8021
[Timer] step=3000; percent=0.3125; passedTime=155.216; remTime=49513.9; MLUPs=19.8021
[LatticeStatistics] step=3200; t=0.04; uMax=0; avEnergy=0; avRho=0.00449791
[Timer] step=3200; percent=0.333333; passedTime=165.631; remTime=49523.7; MLUPs=19.7868
[Timer] step=3200; percent=0.333333; passedTime=165.631; remTime=49523.7; MLUPs=19.7868
[ValueTracer] average=0.00448801; stdDev/average=0.00151966
[LatticeStatistics] step=3400; t=0.0425; uMax=0; avEnergy=0; avRho=0.00450156
[Timer] step=3400; percent=0.354167; passedTime=176.063; remTime=49535.8; MLUPs=19.7508
[Timer] step=3400; percent=0.354167; passedTime=176.063; remTime=49535.8; MLUPs=19.7508
[LatticeStatistics] step=3600; t=0.045; uMax=0; avEnergy=0; avRho=0.00450421
[Timer] step=3600; percent=0.375; passedTime=186.504; remTime=49547.9; MLUPs=19.7357
[Timer] step=3600; percent=0.375; passedTime=186.504; remTime=49547.9; MLUPs=19.7357
[LatticeStatistics] step=3800; t=0.0475; uMax=0; avEnergy=0; avRho=0.00450614
[Timer] step=3800; percent=0.395833; passedTime=197.189; remTime=49619; MLUPs=19.285
[Timer] step=3800; percent=0.395833; passedTime=197.189; remTime=49619; MLUPs=19.285
[ValueTracer] average=0.0045029; stdDev/average=0.000543234
[LatticeStatistics] step=4000; t=0.05; uMax=0; avEnergy=0; avRho=0.00450754
[Timer] step=4000; percent=0.416667; passedTime=207.704; remTime=49641.3; MLUPs=19.5968
[Timer] step=4000; percent=0.416667; passedTime=207.704; remTime=49641.3; MLUPs=19.5968
[LatticeStatistics] step=4200; t=0.0525; uMax=0; avEnergy=0; avRho=0.00450856
[Timer] step=4200; percent=0.4375; passedTime=218.172; remTime=49649.7; MLUPs=19.6829
[Timer] step=4200; percent=0.4375; passedTime=218.172; remTime=49649.7; MLUPs=19.6829
[LatticeStatistics] step=4400; t=0.055; uMax=0; avEnergy=0; avRho=0.0045093
[Timer] step=4400; percent=0.458333; passedTime=228.66; remTime=49660.8; MLUPs=19.6491
[Timer] step=4400; percent=0.458333; passedTime=228.66; remTime=49660.8; MLUPs=19.6491
[ValueTracer] average=0.00450825; stdDev/average=0.00019555
[LatticeStatistics] step=4600; t=0.0575; uMax=0; avEnergy=0; avRho=0.00450984
[Timer] step=4600; percent=0.479167; passedTime=239.15; remTime=49670.4; MLUPs=19.6416
[Timer] step=4600; percent=0.479167; passedTime=239.15; remTime=49670.4; MLUPs=19.6416
[LatticeStatistics] step=4800; t=0.06; uMax=0; avEnergy=0; avRho=0.00451023
[Timer] step=4800; percent=0.5; passedTime=249.678; remTime=49685.9; MLUPs=19.5744
[Timer] step=4800; percent=0.5; passedTime=249.678; remTime=49685.9; MLUPs=19.5744
[LatticeStatistics] step=5000; t=0.0625; uMax=0; avEnergy=0; avRho=0.00451051
[Timer] step=5000; percent=0.520833; passedTime=260.199; remTime=49698; MLUPs=19.5837
[Timer] step=5000; percent=0.520833; passedTime=260.199; remTime=49698; MLUPs=19.5837
[ValueTracer] average=0.00451018; stdDev/average=7.06421e-05
[LatticeStatistics] step=5200; t=0.065; uMax=0; avEnergy=0; avRho=0.00451072
[Timer] step=5200; percent=0.541667; passedTime=270.653; remTime=49696.1; MLUPs=19.713
[Timer] step=5200; percent=0.541667; passedTime=270.653; remTime=49696.1; MLUPs=19.713
[LatticeStatistics] step=5400; t=0.0675; uMax=0; avEnergy=0; avRho=0.00451087
[Timer] step=5400; percent=0.5625; passedTime=281.099; remTime=49692.1; MLUPs=19.7262
[Timer] step=5400; percent=0.5625; passedTime=281.099; remTime=49692.1; MLUPs=19.7262
[LatticeStatistics] step=5600; t=0.07; uMax=0; avEnergy=0; avRho=0.00451098
[Timer] step=5600; percent=0.583333; passedTime=291.539; remTime=49686.6; MLUPs=19.7395
[Timer] step=5600; percent=0.583333; passedTime=291.539; remTime=49686.6; MLUPs=19.7395
[ValueTracer] average=0.00451088; stdDev/average=2.55656e-05
[LatticeStatistics] step=5800; t=0.0725; uMax=0; avEnergy=0; avRho=0.00451106
[Timer] step=5800; percent=0.604167; passedTime=301.986; remTime=49681.9; MLUPs=19.7243
[Timer] step=5800; percent=0.604167; passedTime=301.986; remTime=49681.9; MLUPs=19.7243
[LatticeStatistics] step=6000; t=0.075; uMax=0; avEnergy=0; avRho=0.00451112
[Timer] step=6000; percent=0.625; passedTime=312.402; remTime=49671.9; MLUPs=19.783
[Timer] step=6000; percent=0.625; passedTime=312.402; remTime=49671.9; MLUPs=19.783
[LatticeStatistics] step=6200; t=0.0775; uMax=0; avEnergy=0; avRho=0.00451116
[Timer] step=6200; percent=0.645833; passedTime=322.838; remTime=49665; MLUPs=19.747
[Timer] step=6200; percent=0.645833; passedTime=322.838; remTime=49665; MLUPs=19.747
[LatticeStatistics] step=6400; t=0.08; uMax=0; avEnergy=0; avRho=0.0045112
[Timer] step=6400; percent=0.666667; passedTime=333.268; remTime=49656.9; MLUPs=19.7546
[Timer] step=6400; percent=0.666667; passedTime=333.268; remTime=49656.9; MLUPs=19.7546
[ValueTracer] average=0.00451113; stdDev/average=9.261e-06
[LatticeStatistics] step=6600; t=0.0825; uMax=0; avEnergy=0; avRho=0.00451122
[Timer] step=6600; percent=0.6875; passedTime=343.7; remTime=49649; MLUPs=19.7546
[Timer] step=6600; percent=0.6875; passedTime=343.7; remTime=49649; MLUPs=19.7546
[LatticeStatistics] step=6800; t=0.085; uMax=0; avEnergy=0; avRho=0.00451123
[Timer] step=6800; percent=0.708333; passedTime=354.127; remTime=49640.3; MLUPs=19.7622
[Timer] step=6800; percent=0.708333; passedTime=354.127; remTime=49640.3; MLUPs=19.7622
[LatticeStatistics] step=7000; t=0.0875; uMax=0; avEnergy=0; avRho=0.00451125
[Timer] step=7000; percent=0.729167; passedTime=364.575; remTime=49634.3; MLUPs=19.7243
[Timer] step=7000; percent=0.729167; passedTime=364.575; remTime=49634.3; MLUPs=19.7243
[ValueTracer] average=0.00451123; stdDev/average=3.35639e-06
[LatticeStatistics] step=7200; t=0.09; uMax=0; avEnergy=0; avRho=0.00451125
[Timer] step=7200; percent=0.75; passedTime=375.026; remTime=49628.4; MLUPs=19.7149
[Timer] step=7200; percent=0.75; passedTime=375.026; remTime=49628.4; MLUPs=19.7149
[LatticeStatistics] step=7400; t=0.0925; uMax=0; avEnergy=0; avRho=0.00451126
[Timer] step=7400; percent=0.770833; passedTime=385.554; remTime=49632.3; MLUPs=19.5744
[Timer] step=7400; percent=0.770833; passedTime=385.554; remTime=49632.3; MLUPs=19.5744
[LatticeStatistics] step=7600; t=0.095; uMax=0; avEnergy=0; avRho=0.00451127
[Timer] step=7600; percent=0.791667; passedTime=396.097; remTime=49637.2; MLUPs=19.5447
[Timer] step=7600; percent=0.791667; passedTime=396.097; remTime=49637.2; MLUPs=19.5447
[ValueTracer] average=0.00451126; stdDev/average=1.21674e-06
[LatticeStatistics] step=7800; t=0.0975; uMax=0; avEnergy=0; avRho=0.00451127
[Timer] step=7800; percent=0.8125; passedTime=406.496; remTime=49623.8; MLUPs=19.8154
[Timer] step=7800; percent=0.8125; passedTime=406.496; remTime=49623.8; MLUPs=19.8154
[LatticeStatistics] step=8000; t=0.1; uMax=0; avEnergy=0; avRho=0.00451127
[Timer] step=8000; percent=0.833333; passedTime=416.923; remTime=49613.8; MLUPs=19.7641
[Timer] step=8000; percent=0.833333; passedTime=416.923; remTime=49613.8; MLUPs=19.7641
[LatticeStatistics] step=8200; t=0.1025; uMax=0; avEnergy=0; avRho=0.00451127
[Timer] step=8200; percent=0.854167; passedTime=427.353; remTime=49604.2; MLUPs=19.7546
[Timer] step=8200; percent=0.854167; passedTime=427.353; remTime=49604.2; MLUPs=19.7546
[ValueTracer] average=0.00451127; stdDev/average=4.41146e-07
[LatticeStatistics] step=8400; t=0.105; uMax=0; avEnergy=0; avRho=0.00451127
[Timer] step=8400; percent=0.875; passedTime=437.816; remTime=49598.3; MLUPs=19.6942
[Timer] step=8400; percent=0.875; passedTime=437.816; remTime=49598.3; MLUPs=19.6942
[LatticeStatistics] step=8600; t=0.1075; uMax=0; avEnergy=0; avRho=0.00451128
[Timer] step=8600; percent=0.895833; passedTime=448.243; remTime=49588.2; MLUPs=19.7622
[Timer] step=8600; percent=0.895833; passedTime=448.243; remTime=49588.2; MLUPs=19.7622
[LatticeStatistics] step=8800; t=0.11; uMax=0; avEnergy=0; avRho=0.00451128
[Timer] step=8800; percent=0.916667; passedTime=458.691; remTime=49580.3; MLUPs=19.7243
[Timer] step=8800; percent=0.916667; passedTime=458.691; remTime=49580.3; MLUPs=19.7243
[ValueTracer] average=0.00451128; stdDev/average=1.59955e-07
[LatticeStatistics] step=9000; t=0.1125; uMax=0; avEnergy=0; avRho=0.00451128
[Timer] step=9000; percent=0.9375; passedTime=469.118; remTime=49570.1; MLUPs=19.7622
[Timer] step=9000; percent=0.9375; passedTime=469.118; remTime=49570.1; MLUPs=19.7622
[LatticeStatistics] step=9200; t=0.115; uMax=0; avEnergy=0; avRho=0.00451128
[Timer] step=9200; percent=0.958333; passedTime=479.558; remTime=49561.3; MLUPs=19.7376
[Timer] step=9200; percent=0.958333; passedTime=479.558; remTime=49561.3; MLUPs=19.7376
[LatticeStatistics] step=9400; t=0.1175; uMax=0; avEnergy=0; avRho=0.00451128
[Timer] step=9400; percent=0.979167; passedTime=490.017; remTime=49554.3; MLUPs=19.7017
[Timer] step=9400; percent=0.979167; passedTime=490.017; remTime=49554.3; MLUPs=19.7017
[LatticeStatistics] step=9600; t=0.12; uMax=0; avEnergy=0; avRho=0.00451128
[Timer] step=9600; percent=1; passedTime=500.475; remTime=49547; MLUPs=19.7036
[Timer] step=9600; percent=1; passedTime=500.475; remTime=49547; MLUPs=19.7036
[ValueTracer] average=0.00451128; stdDev/average=5.80002e-08
[LatticeStatistics] step=9800; t=0.1225; uMax=0; avEnergy=0; avRho=0.00451128
[Timer] step=9800; percent=1.02083; passedTime=510.873; remTime=49533.8; MLUPs=19.8173
[Timer] step=9800; percent=1.02083; passedTime=510.873; remTime=49533.8; MLUPs=19.8173
[LatticeStatistics] step=10000; t=0.125; uMax=0; avEnergy=0; avRho=0.00451128
[Timer] step=10000; percent=1.04167; passedTime=521.354; remTime=49528.6; MLUPs=19.6585
[Timer] step=10000; percent=1.04167; passedTime=521.354; remTime=49528.6; MLUPs=19.6585
[LatticeStatistics] step=10200; t=0.1275; uMax=0; avEnergy=0; avRho=0.00451128
[Timer] step=10200; percent=1.0625; passedTime=531.782; remTime=49518.3; MLUPs=19.7622
[Timer] step=10200; percent=1.0625; passedTime=531.782; remTime=49518.3; MLUPs=19.7622
[ValueTracer] average=0.00451128; stdDev/average=2.10315e-08
[LatticeStatistics] step=10400; t=0.13; uMax=0; avEnergy=0; avRho=0.00451128
[Timer] step=10400; percent=1.08333; passedTime=542.485; remTime=49533.1; MLUPs=19.2508
[Timer] step=10400; percent=1.08333; passedTime=542.485; remTime=49533.1; MLUPs=19.2508
[LatticeStatistics] step=10600; t=0.1325; uMax=0; avEnergy=0; avRho=0.00451128
[Timer] step=10600; percent=1.10417; passedTime=552.91; remTime=49522; MLUPs=19.7679
[Timer] step=10600; percent=1.10417; passedTime=552.91; remTime=49522; MLUPs=19.7679
[main] Simulation converged. -- 10710
[main] ------10710
[main] Simulation converged. -- 10710
[main] ./100case11_addTemp_mink/100case11.csv
0.000, 1.000000e+00, 0.000000e+00, 0.000000e+00, 0.000000e+00, 0.000000e+00, 0.000000e+00
0.010, 8.800568e-01, 2.248191e-03, 2.201081e-04, 2.898620e-02, 0.000000e+00, 0.000000e+00
0.020, 7.689215e-01, 4.419809e-03, 4.369697e-04, 2.640810e-02, 0.000000e+00, 0.000000e+00
0.030, 6.682788e-01, 6.439815e-03, 6.469220e-04, 2.378286e-02, 0.000000e+00, 0.000000e+00
0.040, 5.781959e-01, 8.248821e-03, 8.468072e-04, 2.117790e-02, 0.000000e+00, 0.000000e+00
0.050, 4.984428e-01, 9.804045e-03, 1.033806e-03, 1.866464e-02, 1.387779e-17, 0.000000e+00
0.060, 4.285142e-01, 1.108057e-02, 1.205516e-03, 1.630363e-02, 0.000000e+00, 0.000000e+00
0.070, 3.676948e-01, 1.207045e-02, 1.360012e-03, 1.413704e-02, 0.000000e+00, -1.387779e-17
0.080, 3.151408e-01, 1.278027e-02, 1.495874e-03, 1.218761e-02, 0.000000e+00, 0.000000e+00
0.090, 2.699546e-01, 1.322787e-02, 1.612196e-03, 1.046136e-02, 1.387779e-17, -1.387779e-17
0.100, 2.312443e-01, 1.343886e-02, 1.708568e-03, 8.951863e-03, 0.000000e+00, 0.000000e+00
0.110, 1.981636e-01, 1.344341e-02, 1.785043e-03, 7.644622e-03, 0.000000e+00, -1.387779e-17
0.120, 1.699368e-01, 1.327353e-02, 1.842088e-03, 6.520716e-03, 0.000000e+00, -1.387779e-17
0.130, 1.458695e-01, 1.296097e-02, 1.880523e-03, 5.559498e-03, 0.000000e+00, 0.000000e+00
0.140, 1.253513e-01, 1.253573e-02, 1.901457e-03, 4.740408e-03, 1.387779e-17, -1.387779e-17
0.150, 1.078528e-01, 1.202516e-02, 1.906221e-03, 4.044078e-03, 0.000000e+00, -1.387779e-17
0.160, 9.291898e-02, 1.145340e-02, 1.896303e-03, 3.452911e-03, 1.387779e-17, 0.000000e+00
0.170, 8.016148e-02, 1.084125e-02, 1.873290e-03, 2.951308e-03, -1.387779e-17, 0.000000e+00
0.180, 6.925037e-02, 1.020616e-02, 1.838811e-03, 2.525685e-03, 2.775558e-17, -1.387779e-17
0.190, 5.990625e-02, 9.562516e-03, 1.794495e-03, 2.164353e-03, 0.000000e+00, 0.000000e+00
0.200, 5.189292e-02, 8.921842e-03, 1.741929e-03, 1.857341e-03, 1.387779e-17, -1.387779e-17
0.210, 4.501094e-02, 8.293188e-03, 1.682627e-03, 1.596198e-03, 1.387779e-17, 1.387779e-17
0.220, 3.909191e-02, 7.683451e-03, 1.618011e-03, 1.373787e-03, 0.000000e+00, 2.775558e-17
0.230, 3.399361e-02, 7.097698e-03, 1.549391e-03, 1.184097e-03, 2.775558e-17, 1.387779e-17
0.240, 2.959583e-02, 6.539482e-03, 1.477958e-03, 1.022074e-03, 0.000000e+00, 0.000000e+00
0.250, 2.579691e-02, 6.011105e-03, 1.404777e-03, 8.834709e-04, 0.000000e+00, -1.387779e-17
0.260, 2.251069e-02, 5.513862e-03, 1.330787e-03, 7.647183e-04, 0.000000e+00, 0.000000e+00
0.270, 1.966412e-02, 5.048249e-03, 1.256803e-03, 6.628150e-04, 0.000000e+00, -1.387779e-17
0.280, 1.719514e-02, 4.614139e-03, 1.183521e-03, 5.752358e-04, 0.000000e+00, 0.000000e+00
0.290, 1.505093e-02, 4.210927e-03, 1.111529e-03, 4.998530e-04, 0.000000e+00, -1.387779e-17
0.300, 1.318649e-02, 3.837652e-03, 1.041307e-03, 4.348720e-04, 1.387779e-17, 1.387779e-17
0.310, 1.156341e-02, 3.493102e-03, 9.732463e-04, 3.787766e-04, 1.387779e-17, -1.387779e-17
0.320, 1.014883e-02, 3.175886e-03, 9.076496e-04, 3.302840e-04, 1.387779e-17, 0.000000e+00
0.330, 8.914647e-03, 2.884508e-03, 8.447463e-04, 2.883068e-04, -1.387779e-17, 1.387779e-17
0.340, 7.836717e-03, 2.617412e-03, 7.846991e-04, 2.519221e-04, -2.775558e-17, -1.387779e-17
0.350, 6.894322e-03, 2.373021e-03, 7.276138e-04, 2.203451e-04, -2.775558e-17, 1.387779e-17
0.360, 6.069631e-03, 2.149775e-03, 6.735466e-04, 1.929071e-04, 0.000000e+00, -1.387779e-17
0.370, 5.347279e-03, 1.946146e-03, 6.225123e-04, 1.690377e-04, 0.000000e+00, 0.000000e+00
0.380, 4.714011e-03, 1.760657e-03, 5.744909e-04, 1.482496e-04, 0.000000e+00, 0.000000e+00
0.390, 4.158372e-03, 1.591898e-03, 5.294338e-04, 1.301254e-04, -1.387779e-17, 1.387779e-17
0.400, 3.670454e-03, 1.438526e-03, 4.872694e-04, 1.143074e-04, -1.387779e-17, 0.000000e+00
0.410, 3.241670e-03, 1.299278e-03, 4.479080e-04, 1.004884e-04, -1.387779e-17, -1.387779e-17
0.420, 2.864575e-03, 1.172966e-03, 4.112459e-04, 8.840434e-05, 0.000000e+00, -1.387779e-17
0.430, 2.532701e-03, 1.058484e-03, 3.771692e-04, 7.782766e-05, 0.000000e+00, 0.000000e+00
0.440, 2.240427e-03, 9.548011e-04, 3.455570e-04, 6.856222e-05, 0.000000e+00, 1.387779e-17
0.450, 1.982858e-03, 8.609632e-04, 3.162837e-04, 6.043863e-05, 0.000000e+00, 0.000000e+00
0.460, 1.755732e-03, 7.760887e-04, 2.892220e-04, 5.331039e-05, -1.387779e-17, 0.000000e+00
0.470, 1.555330e-03, 6.993657e-04, 2.642439e-04, 4.705070e-05, -6.471125e-32, 1.387779e-17
0.480, 1.378404e-03, 6.300478e-04, 2.412227e-04, 4.154963e-05, 1.387779e-17, 0.000000e+00
0.490, 1.222118e-03, 5.674507e-04, 2.200343e-04, 3.671178e-05, -1.387779e-17, -1.387779e-17
0.500, 1.083990e-03, 5.109479e-04, 2.005576e-04, 3.245427e-05, 0.000000e+00, 0.000000e+00
0.510, 9.618478e-04, 4.599670e-04, 1.826760e-04, 2.870501e-05, 0.000000e+00, 1.387779e-17
0.520, 8.537875e-04, 4.139856e-04, 1.662775e-04, 2.540121e-05, 0.000000e+00, 0.000000e+00
0.530, 7.581402e-04, 3.725280e-04, 1.512549e-04, 2.248819e-05, 1.387779e-17, 0.000000e+00
0.540, 6.734412e-04, 3.351611e-04, 1.375065e-04, 1.991821e-05, 0.000000e+00, 1.387779e-17
0.550, 5.984041e-04, 3.014911e-04, 1.249362e-04, 1.764960e-05, 0.000000e+00, 0.000000e+00
0.560, 5.318985e-04, 2.711607e-04, 1.134531e-04, 1.564592e-05, 0.000000e+00, 1.387779e-17
0.570, 4.729302e-04, 2.438454e-04, 1.029720e-04, 1.387532e-05, 0.000000e+00, -1.387779e-17
0.580, 4.206241e-04, 2.192513e-04, 9.341286e-05, 1.230989e-05, 0.000000e+00, -1.387779e-17
0.590, 3.742098e-04, 1.971119e-04, 8.470118e-05, 1.092520e-05, -1.387779e-17, 1.232595e-32
0.600, 3.330084e-04, 1.771863e-04, 7.676734e-05, 9.699809e-06, 0.000000e+00, 0.000000e+00
0.610, 2.964213e-04, 1.592562e-04, 6.954666e-05, 8.614904e-06, -1.387779e-17, 0.000000e+00
0.620, 2.639204e-04, 1.431246e-04, 6.297911e-05, 7.653969e-06, 0.000000e+00, 0.000000e+00
0.630, 2.350396e-04, 1.286132e-04, 5.700914e-05, 6.802488e-06, 1.387779e-17, 1.387779e-17
0.640, 2.093672e-04, 1.155611e-04, 5.158535e-05, 6.047696e-06, 2.775558e-17, 0.000000e+00
0.650, 1.865396e-04, 1.038230e-04, 4.666035e-05, 5.378362e-06, 1.387779e-17, 0.000000e+00
0.660, 1.662350e-04, 9.326769e-05, 4.219043e-05, 4.784596e-06, 1.387779e-17, 1.387779e-17
0.670, 1.481691e-04, 8.377698e-05, 3.813538e-05, 4.257685e-06, 0.000000e+00, -1.387779e-17
0.680, 1.320901e-04, 7.524414e-05, 3.445827e-05, 3.789951e-06, 0.000000e+00, 2.775558e-17
0.690, 1.177752e-04, 6.757299e-05, 3.112517e-05, 3.374620e-06, -1.387779e-17, -1.387779e-17
0.700, 1.050271e-04, 6.067685e-05, 2.810499e-05, 3.005716e-06, 0.000000e+00, 0.000000e+00
0.710, 9.367065e-05, 5.447757e-05, 2.536923e-05, 2.677962e-06, 0.000000e+00, 0.000000e+00
0.720, 8.355091e-05, 4.890479e-05, 2.289183e-05, 2.386700e-06, -1.387779e-17, 0.000000e+00
0.730, 7.453031e-05, 4.389510e-05, 2.064896e-05, 2.127810e-06, 1.387779e-17, 0.000000e+00
0.740, 6.648676e-05, 3.939138e-05, 1.861882e-05, 1.897654e-06, 2.775558e-17, 1.387779e-17
0.750, 5.931191e-05, 3.534221e-05, 1.678155e-05, 1.693013e-06, 0.000000e+00, -1.387779e-17
0.760, 5.290951e-05, 3.170126e-05, 1.511899e-05, 1.511040e-06, -2.775558e-17, -1.387779e-17
0.770, 4.719401e-05, 2.842682e-05, 1.361461e-05, 1.349215e-06, 1.387779e-17, -1.387779e-17
0.780, 4.208937e-05, 2.548131e-05, 1.225332e-05, 1.205310e-06, 0.000000e+00, 0.000000e+00
0.790, 3.752793e-05, 2.283088e-05, 1.102136e-05, 1.077351e-06, 1.387779e-17, 0.000000e+00
0.800, 3.344946e-05, 2.044505e-05, 9.906231e-06, 9.635924e-07, -1.387779e-17, 0.000000e+00
0.810, 2.980032e-05, 1.829632e-05, 8.896510e-06, 8.624870e-07, 1.387779e-17, 0.000000e+00
0.820, 2.653268e-05, 1.635992e-05, 7.981806e-06, 7.726667e-07, 1.540744e-31, 1.387779e-17
0.830, 2.360386e-05, 1.461348e-05, 7.152649e-06, 6.929208e-07, -1.387779e-17, -3.081488e-31
0.840, 2.097575e-05, 1.303683e-05, 6.400405e-06, 6.221784e-07, 1.387779e-17, 2.775558e-17
0.850, 1.861425e-05, 1.161172e-05, 5.717199e-06, 5.594929e-07, -1.387779e-17, -1.387779e-17
0.860, 1.648885e-05, 1.032166e-05, 5.095841e-06, 5.040286e-07, 0.000000e+00, 1.387779e-17
0.870, 1.457215e-05, 9.151700e-06, 4.529760e-06, 4.550486e-07, -1.387779e-17, 1.387779e-17
0.880, 1.283955e-05, 8.088261e-06, 4.012939e-06, 4.119039e-07, 0.000000e+00, 0.000000e+00
0.890, 1.126886e-05, 7.119006e-06, 3.539863e-06, 3.740249e-07, 0.000000e+00, -1.387779e-17
0.900, 9.840032e-06, 6.232675e-06, 3.105457e-06, 3.409125e-07, 1.387779e-17, 1.387779e-17
0.910, 8.534886e-06, 5.418968e-06, 2.705044e-06, 3.121320e-07, 0.000000e+00, 1.387779e-17
0.920, 7.336866e-06, 4.668421e-06, 2.334294e-06, 2.873060e-07, -1.387779e-17, 0.000000e+00
0.930, 6.230814e-06, 3.972299e-06, 1.989183e-06, 2.661100e-07, 0.000000e+00, 0.000000e+00
0.940, 5.202777e-06, 3.322496e-06, 1.665952e-06, 2.482673e-07, 1.387779e-17, -1.387779e-17
0.950, 4.239816e-06, 2.711444e-06, 1.361069e-06, 2.335456e-07, -1.387779e-17, 0.000000e+00
0.960, 3.329841e-06, 2.132021e-06, 1.071191e-06, 2.217532e-07, -1.387779e-17, 0.000000e+00
0.970, 2.461450e-06, 1.577470e-06, 7.931331e-07, 2.127369e-07, 0.000000e+00, 1.387779e-17
0.980, 1.623781e-06, 1.041325e-06, 5.238331e-07, 2.063798e-07, 1.387779e-17, 0.000000e+00
0.990, 8.063718e-07, 5.173298e-07, 2.603201e-07, 2.025995e-07, 0.000000e+00, 0.000000e+00
1.000, 0.000000e+00, 0.000000e+00, 0.000000e+00, 0.000000e+00, 0.000000e+00, 0.000000e+00
[Timer] 
[Timer] ----------------Summary:Timer----------------
[Timer] measured time (rt) : 560.528s
[Timer] measured time (cpu): 550.300s
[Timer] average MLUPs :       19.484
[Timer] average MLUPps:       19.484
[Timer] ---------------------------------------------
