[MpiManager] Sucessfully initialized, numThreads=1
[Directories] Directory ./50case27_addTemp_mink/ created.
[Directories] Directory ./50case27_addTemp_mink/imageData/ created.
[Directories] Directory ./50case27_addTemp_mink/imageData/data/ created.
[Directories] Directory ./50case27_addTemp_mink/vtkData/ created.
[Directories] Directory ./50case27_addTemp_mink/vtkData/data/ created.
[Directories] Directory ./50case27_addTemp_mink/gnuplotData/ created.
[Directories] Directory ./50case27_addTemp_mink/gnuplotData/data/ created.
[main] case27
[main] omega = .... 1
[main] omega 1
[main] working with diffuse approximation
[main] omega=1
[main] latticeSink=0.036
[RadiativeUnitConverter] ----------------- UnitConverter information -----------------
[RadiativeUnitConverter] -- Parameters:
[RadiativeUnitConverter] Resolution:                       N=              50
[RadiativeUnitConverter] Lattice relaxation frequency:     omega=          1
[RadiativeUnitConverter] Lattice relaxation time:          tau=            1
[RadiativeUnitConverter] Characteristical length(m):       charL=          1
[RadiativeUnitConverter] Phys. density(kg/m^d):            charRho=        1
[RadiativeUnitConverter] Phys. absorption(1/m):            mu_a=           12
[RadiativeUnitConverter] Phys. scattering(1/m):            mu_s=           8
[RadiativeUnitConverter] Extinction(1/m):                  mu_t=           20
[RadiativeUnitConverter] Effective attenuation(1/m):       mu_eff=         26.8328
[RadiativeUnitConverter] Phys. diffusion(m):               D=              0.0166667
[RadiativeUnitConverter] Single scattering albedo:         albedo=         0.4
[RadiativeUnitConverter] Anisotropy factor:                g=              0
[RadiativeUnitConverter] 
[RadiativeUnitConverter] Lattice diffusion:                D^*=            0.833333
[RadiativeUnitConverter] Lattice absorption:               absorption=     0.24
[RadiativeUnitConverter] Lattice scattering:               scattering=     0.16
[RadiativeUnitConverter] Lattice sink:                     sink=           0.036
[RadiativeUnitConverter] C_R: 1
[RadiativeUnitConverter] r_F: 1.53846
[RadiativeUnitConverter] 
[RadiativeUnitConverter] -- Conversion factors:
[RadiativeUnitConverter] Voxel length(m):                  physDeltaX=     0.02
[RadiativeUnitConverter] Time step(s):                     physDeltaT=     5e-05
[RadiativeUnitConverter] Density factor(kg/m^3):           physDensity=    1
[RadiativeUnitConverter] -------------------------------------------------------------
[prepareGeometryCube] Prepare cubeGeometry ...
[SuperGeometry3D] cleaned 0 outer boundary voxel(s)
[SuperGeometry3D] cleaned 0 inner boundary voxel(s)
[SuperGeometry3D] the model is correct!
[CuboidGeometry3D] ---Cuboid Stucture Statistics---
[CuboidGeometry3D]  Number of Cuboids: 	2
[CuboidGeometry3D]  Delta  (min): 		0.02
[CuboidGeometry3D]         (max): 		0.02
[CuboidGeometry3D]  Ratio  (min): 		0.490196
[CuboidGeometry3D]         (max): 		2.04
[CuboidGeometry3D]  Nodes  (min): 		65025
[CuboidGeometry3D]         (max): 		67626
[CuboidGeometry3D]  Weight (min): 		65025
[CuboidGeometry3D]         (max): 		67626
[CuboidGeometry3D] --------------------------------
[SuperGeometryStatistics3D] materialNumber=1; count=117649; minPhysR=(0.02,-0.48,-0.48); maxPhysR=(0.98,0.48,0.48)
[SuperGeometryStatistics3D] materialNumber=2; count=14881; minPhysR=(0,-0.5,-0.5); maxPhysR=(1,0.5,0.5)
[SuperGeometryStatistics3D] materialNumber=3; count=121; minPhysR=(0,-0.1,-0.1); maxPhysR=(0,0.1,0.1)
[prepareGeometryCube] Prepare cubeGeometry ... OK
[prepareLattice] Prepare Lattice ...
[prepareLattice] Prepare Lattice ... OK
[main] iT convergence criteria: 160
[LatticeStatistics] step=0; t=0; uMax=0; avEnergy=0; avRho=1
[Timer] step=0; percent=0; passedTime=6.92187e-313; remTime=0.001; MLUPs=0
[Timer] step=0; percent=0; passedTime=6.92187e-313; remTime=0.001; MLUPs=0
[LatticeStatistics] step=100; t=0.005; uMax=0; avEnergy=0; avRho=0.0021867
[Timer] step=100; percent=0.0416667; passedTime=0.859; remTime=2060.74; MLUPs=15.4425
[Timer] step=100; percent=0.0416667; passedTime=0.859; remTime=2060.74; MLUPs=15.4425
[ValueTracer] average=0.00205849; stdDev/average=0.120735
[LatticeStatistics] step=200; t=0.01; uMax=0; avEnergy=0; avRho=0.00219807
[Timer] step=200; percent=0.0833333; passedTime=1.767; remTime=2118.63; MLUPs=14.5931
[Timer] step=200; percent=0.0833333; passedTime=1.767; remTime=2118.63; MLUPs=14.5931
[LatticeStatistics] step=300; t=0.015; uMax=0; avEnergy=0; avRho=0.00219829
[Timer] step=300; percent=0.125; passedTime=2.704; remTime=2160.5; MLUPs=14.1419
[Timer] step=300; percent=0.125; passedTime=2.704; remTime=2160.5; MLUPs=14.1419
[ValueTracer] average=0.00219813; stdDev/average=0.000109291
[LatticeStatistics] step=400; t=0.02; uMax=0; avEnergy=0; avRho=0.00219829
[Timer] step=400; percent=0.166667; passedTime=3.66; remTime=2192.34; MLUPs=13.8611
[Timer] step=400; percent=0.166667; passedTime=3.66; remTime=2192.34; MLUPs=13.8611
[ValueTracer] average=0.00219829; stdDev/average=2.20926e-07
[LatticeStatistics] step=500; t=0.025; uMax=0; avEnergy=0; avRho=0.00219829
[Timer] step=500; percent=0.208333; passedTime=4.611; remTime=2208.67; MLUPs=13.9339
[Timer] step=500; percent=0.208333; passedTime=4.611; remTime=2208.67; MLUPs=13.9339
[main] Simulation converged. -- 561
[main] ------561
[main] Simulation converged. -- 561
[main] ./50case27_addTemp_mink/50case27.csv
0.000, 1.000000e+00, 0.000000e+00, 0.000000e+00, 0.000000e+00, 0.000000e+00, 0.000000e+00
0.010, 8.004344e-01, 2.062457e-04, 2.200091e-06, 4.186697e-02, 0.000000e+00, 0.000000e+00
0.020, 6.008689e-01, 4.124913e-04, 4.400182e-06, 8.373393e-02, 0.000000e+00, 0.000000e+00
0.030, 4.688001e-01, 5.660446e-04, 6.358067e-06, 6.570825e-02, 0.000000e+00, 0.000000e+00
0.040, 3.367312e-01, 7.195978e-04, 8.315953e-06, 4.768258e-02, 0.000000e+00, 0.000000e+00
0.050, 2.618893e-01, 7.859938e-04, 9.707770e-06, 3.729805e-02, -6.938894e-18, 0.000000e+00
0.060, 1.870474e-01, 8.523897e-04, 1.109959e-05, 2.691353e-02, -1.387779e-17, 0.000000e+00
0.070, 1.450641e-01, 8.426390e-04, 1.182230e-05, 2.097508e-02, -6.938894e-18, 0.000000e+00
0.080, 1.030808e-01, 8.328884e-04, 1.254502e-05, 1.503662e-02, 0.000000e+00, 0.000000e+00
0.090, 7.976585e-02, 7.763224e-04, 1.263649e-05, 1.167909e-02, 0.000000e+00, 6.938894e-18
0.100, 5.645089e-02, 7.197565e-04, 1.272796e-05, 8.321566e-03, 0.000000e+00, 1.387779e-17
0.110, 4.361311e-02, 6.451527e-04, 1.232468e-05, 6.445740e-03, 0.000000e+00, 6.938894e-18
0.120, 3.077533e-02, 5.705489e-04, 1.192141e-05, 4.569914e-03, 0.000000e+00, 0.000000e+00
0.130, 2.375211e-02, 4.974590e-04, 1.120129e-05, 3.532681e-03, 6.938894e-18, -6.938894e-18
0.140, 1.672890e-02, 4.243691e-04, 1.048118e-05, 2.495448e-03, 1.387779e-17, -1.387779e-17
0.150, 1.290384e-02, 3.625514e-04, 9.614702e-06, 1.926475e-03, 6.938894e-18, -6.938894e-18
0.160, 9.078777e-03, 3.007336e-04, 8.748225e-06, 1.357503e-03, 0.000000e+00, 0.000000e+00
0.170, 7.001345e-03, 2.530006e-04, 7.869166e-06, 1.047153e-03, 0.000000e+00, -6.938894e-18
0.180, 4.923913e-03, 2.052675e-04, 6.990108e-06, 7.368027e-04, 0.000000e+00, -1.387779e-17
0.190, 3.797310e-03, 1.706445e-04, 6.185928e-06, 5.681389e-04, 0.000000e+00, -6.938894e-18
0.200, 2.670707e-03, 1.360215e-04, 5.381748e-06, 3.994750e-04, 0.000000e+00, 0.000000e+00
0.210, 2.060058e-03, 1.120252e-04, 4.697550e-06, 3.080050e-04, -6.938894e-18, 0.000000e+00
0.220, 1.449410e-03, 8.802885e-05, 4.013352e-06, 2.165349e-04, -1.387779e-17, 0.000000e+00
0.230, 1.118364e-03, 7.195965e-05, 3.462370e-06, 1.669755e-04, 1.232595e-32, -1.387779e-17
0.240, 7.873181e-04, 5.589045e-05, 2.911388e-06, 1.174161e-04, 1.387779e-17, -2.775558e-17
0.250, 6.077341e-04, 4.541279e-05, 2.486616e-06, 9.056745e-05, 1.387779e-17, 2.465190e-32
0.260, 4.281502e-04, 3.493514e-05, 2.061845e-06, 6.371875e-05, 1.387779e-17, 2.775558e-17
0.270, 3.306363e-04, 2.824600e-05, 1.745837e-06, 4.916679e-05, 6.938894e-18, 1.387779e-17
0.280, 2.331225e-04, 2.155686e-05, 1.429829e-06, 3.461484e-05, 0.000000e+00, 0.000000e+00
0.290, 1.801109e-04, 1.735825e-05, 1.201620e-06, 2.672099e-05, 0.000000e+00, 0.000000e+00
0.300, 1.270994e-04, 1.315964e-05, 9.734103e-07, 1.882715e-05, 0.000000e+00, 0.000000e+00
0.310, 9.824368e-05, 1.056049e-05, 8.126994e-07, 1.454036e-05, 1.387779e-17, 1.387779e-17
0.320, 6.938799e-05, 7.961333e-06, 6.519884e-07, 1.025356e-05, 2.775558e-17, 2.775558e-17
0.330, 5.365996e-05, 6.370588e-06, 5.412228e-07, 7.922673e-06, 1.387779e-17, 1.387779e-17
0.340, 3.793194e-05, 4.779842e-06, 4.304571e-07, 5.591787e-06, 0.000000e+00, 0.000000e+00
0.350, 2.934759e-05, 3.815487e-06, 3.555220e-07, 4.322707e-06, 0.000000e+00, 0.000000e+00
0.360, 2.076325e-05, 2.851131e-06, 2.805868e-07, 3.053626e-06, 0.000000e+00, 0.000000e+00
0.370, 1.607159e-05, 2.271171e-06, 2.307059e-07, 2.361711e-06, -1.387779e-17, -6.938894e-18
0.380, 1.137993e-05, 1.691211e-06, 1.808249e-07, 1.669796e-06, -2.775558e-17, -1.387779e-17
0.390, 8.812371e-06, 1.344785e-06, 1.480890e-07, 1.292039e-06, -1.387779e-17, 1.232595e-32
0.400, 6.244809e-06, 9.983592e-07, 1.153532e-07, 9.142818e-07, 0.000000e+00, 1.387779e-17
0.410, 4.837875e-06, 7.926269e-07, 9.413594e-08, 7.077621e-07, -6.938894e-18, 1.387779e-17
0.420, 3.430940e-06, 5.868946e-07, 7.291872e-08, 5.012424e-07, -1.387779e-17, 1.387779e-17
0.430, 2.659030e-06, 4.653245e-07, 5.931837e-08, 3.881889e-07, -2.081668e-17, 1.387779e-17
0.440, 1.887121e-06, 3.437545e-07, 4.571801e-08, 2.751354e-07, -2.775558e-17, 1.387779e-17
0.450, 1.463110e-06, 2.722271e-07, 3.708541e-08, 2.131682e-07, -6.938894e-18, 6.938894e-18
0.460, 1.039100e-06, 2.006996e-07, 2.845280e-08, 1.512010e-07, 1.387779e-17, 0.000000e+00
0.470, 8.059244e-07, 1.587736e-07, 2.302129e-08, 1.171935e-07, 6.938894e-18, -6.938894e-18
0.480, 5.727489e-07, 1.168475e-07, 1.758978e-08, 8.318597e-08, 0.000000e+00, -1.387779e-17
0.490, 4.443789e-07, 9.235336e-08, 1.419914e-08, 6.450065e-08, -6.938894e-18, -6.938894e-18
0.500, 3.160090e-07, 6.785918e-08, 1.080849e-08, 4.581534e-08, -1.387779e-17, 0.000000e+00
0.510, 2.452640e-07, 5.359053e-08, 8.706790e-09, 3.553715e-08, 6.938894e-18, 1.387779e-17
0.520, 1.745190e-07, 3.932189e-08, 6.605090e-09, 2.525896e-08, 2.775558e-17, 2.775558e-17
0.530, 1.354925e-07, 3.103123e-08, 5.310640e-09, 1.959917e-08, 2.775558e-17, 2.081668e-17
0.540, 9.646605e-08, 2.274057e-08, 4.016190e-09, 1.393937e-08, 2.775558e-17, 1.387779e-17
0.550, 7.491674e-08, 1.793430e-08, 3.223526e-09, 1.081953e-08, 2.081668e-17, -6.938894e-18
0.560, 5.336743e-08, 1.312803e-08, 2.430862e-09, 7.699694e-09, 1.387779e-17, -2.775558e-17
0.570, 4.145779e-08, 1.034737e-08, 1.948011e-09, 5.978268e-09, 1.417484e-31, -1.387779e-17
0.580, 2.954816e-08, 7.566718e-09, 1.465160e-09, 4.256841e-09, -1.387779e-17, -1.294225e-31
0.590, 2.296042e-08, 5.960888e-09, 1.172434e-09, 3.306127e-09, -6.938894e-18, 0.000000e+00
0.600, 1.637269e-08, 4.355059e-09, 8.797074e-10, 2.355412e-09, 0.000000e+00, 0.000000e+00
0.610, 1.272575e-08, 3.429196e-09, 7.030162e-10, 1.829881e-09, 0.000000e+00, 0.000000e+00
0.620, 9.078813e-09, 2.503334e-09, 5.263250e-10, 1.304350e-09, 0.000000e+00, 0.000000e+00
0.630, 7.058316e-09, 1.970296e-09, 4.200985e-10, 1.013604e-09, 0.000000e+00, 6.938894e-18
0.640, 5.037818e-09, 1.437257e-09, 3.138720e-10, 7.228580e-10, 0.000000e+00, 1.387779e-17
0.650, 3.917580e-09, 1.130780e-09, 2.502423e-10, 5.618751e-10, -6.938894e-18, 2.081668e-17
0.660, 2.797342e-09, 8.243036e-10, 1.866126e-10, 4.008922e-10, -1.387779e-17, 2.775558e-17
0.670, 2.175802e-09, 6.483015e-10, 1.486268e-10, 3.116892e-10, 1.232595e-32, 2.081668e-17
0.680, 1.554263e-09, 4.722994e-10, 1.106409e-10, 2.224863e-10, 1.387779e-17, 1.387779e-17
0.690, 1.209183e-09, 3.713354e-10, 8.803445e-11, 1.730213e-10, 6.938894e-18, 6.938894e-18
0.700, 8.641026e-10, 2.703714e-10, 6.542797e-11, 1.235564e-10, 7.703720e-32, -1.540744e-31
0.710, 6.723908e-10, 2.125103e-10, 5.201285e-11, 9.610790e-11, -6.938894e-18, 1.387779e-17
0.720, 4.806791e-10, 1.546492e-10, 3.859774e-11, 6.865941e-11, -1.387779e-17, 2.775558e-17
0.730, 3.741071e-10, 1.215199e-10, 3.065811e-11, 5.341791e-11, -1.387779e-17, 6.938894e-18
0.740, 2.675351e-10, 8.839057e-11, 2.271849e-11, 3.817641e-11, -1.387779e-17, -1.387779e-17
0.750, 2.082576e-10, 6.943746e-11, 1.803109e-11, 2.970776e-11, -6.938894e-18, -6.938894e-18
0.760, 1.489802e-10, 5.048434e-11, 1.334369e-11, 2.123912e-11, 0.000000e+00, 0.000000e+00
0.770, 1.159907e-10, 3.964976e-11, 1.058272e-11, 1.653087e-11, -6.938894e-18, 0.000000e+00
0.780, 8.300127e-11, 2.881517e-11, 7.821743e-12, 1.182261e-11, -1.387779e-17, 0.000000e+00
0.790, 6.463213e-11, 2.262585e-11, 6.198958e-12, 9.203478e-12, -6.938894e-18, 6.938894e-18
0.800, 4.626299e-11, 1.643652e-11, 4.576173e-12, 6.584344e-12, 0.000000e+00, 1.387779e-17
0.810, 3.602962e-11, 1.290318e-11, 3.624351e-12, 5.126566e-12, 6.938894e-18, 1.387779e-17
0.820, 2.579625e-11, 9.369838e-12, 2.672529e-12, 3.668787e-12, 1.387779e-17, 1.387779e-17
0.830, 2.009259e-11, 7.353868e-12, 2.115336e-12, 2.857020e-12, 1.387779e-17, 1.387779e-17
0.840, 1.438893e-11, 5.337897e-12, 1.558143e-12, 2.045253e-12, 1.387779e-17, 1.387779e-17
0.850, 1.120837e-11, 4.188289e-12, 1.232375e-12, 1.593031e-12, 1.387779e-17, 1.387779e-17
0.860, 8.027801e-12, 3.038680e-12, 9.066081e-13, 1.140810e-12, 1.387779e-17, 1.387779e-17
0.870, 6.252887e-12, 2.383344e-12, 7.163992e-13, 8.888515e-13, 2.081668e-17, -1.232595e-32
0.880, 4.477974e-12, 1.728007e-12, 5.261902e-13, 6.368933e-13, 2.775558e-17, -1.387779e-17
0.890, 3.486322e-12, 1.354167e-12, 4.153622e-13, 4.965403e-13, 2.081668e-17, 1.232595e-32
0.900, 2.494671e-12, 9.803269e-13, 3.045342e-13, 3.561873e-13, 1.387779e-17, 1.387779e-17
0.910, 1.939227e-12, 7.666368e-13, 2.396139e-13, 2.781733e-13, 6.938894e-18, 1.387779e-17
0.920, 1.383782e-12, 5.529466e-13, 1.746936e-13, 2.001593e-13, 0.000000e+00, 1.387779e-17
0.930, 1.069755e-12, 4.297673e-13, 1.365019e-13, 1.571868e-13, 6.938894e-18, 6.938894e-18
0.940, 7.557288e-13, 3.065881e-13, 9.831025e-14, 1.142142e-13, 1.387779e-17, 6.471125e-32
0.950, 5.735412e-13, 2.336187e-13, 7.521761e-14, 9.116319e-14, 1.417484e-31, 0.000000e+00
0.960, 3.913536e-13, 1.606493e-13, 5.212497e-14, 6.811218e-14, -1.387779e-17, 0.000000e+00
0.970, 2.776668e-13, 1.142975e-13, 3.715084e-14, 5.691975e-14, -1.387779e-17, 0.000000e+00
0.980, 1.639799e-13, 6.794565e-14, 2.217670e-14, 4.572731e-14, -1.387779e-17, 0.000000e+00
0.990, 8.198997e-14, 3.397282e-14, 1.108835e-14, 2.286366e-14, -6.938894e-18, 0.000000e+00
1.000, 0.000000e+00, 0.000000e+00, 0.000000e+00, 0.000000e+00, 0.000000e+00, 0.000000e+00
[Timer] 
[Timer] ----------------Summary:Timer----------------
[Timer] measured time (rt) : 5.452s
[Timer] measured time (cpu): 5.250s
[Timer] average MLUPs :       12.165
[Timer] average MLUPps:       12.165
[Timer] ---------------------------------------------
